<?xml version="1.0" encoding="utf-8"?>
<TestRun id="e19a9da3-35df-4c38-9896-1086463fab37" name="josequ@JOSEQU10 2022-06-13 12:30:01" runUser="REDMOND\josequ" xmlns="http://microsoft.com/schemas/VisualStudio/TeamTest/2010">
  <Times creation="2022-06-13T12:30:01.5119203-07:00" queuing="2022-06-13T12:30:01.5119205-07:00" start="2022-06-13T12:29:53.5092995-07:00" finish="2022-06-13T12:30:02.9171722-07:00" />
  <TestSettings name="default" id="2517a017-0c67-4769-873c-233e0035e9a0">
    <Deployment runDeploymentRoot="josequ_JOSEQU10_2022-06-13_12_30_01" />
  </TestSettings>
  <Results>
    <UnitTestResult executionId="bcb1cd99-29dc-4c85-8b7f-48339572e9bf" testId="e3eb007f-9887-7251-eccb-7afdb3abb0dc" testName="System.CommandLine.Tests.DirectiveTests.Directive_count_is_based_on_distinct_instances_of_directive_name" computerName="JOSEQU10" duration="00:00:00.0020000" startTime="2022-06-13T12:30:02.0666077-07:00" endTime="2022-06-13T12:30:02.0666077-07:00" testType="13cdc9d9-ddb5-4fa4-a97d-d965ccfc6d4b" outcome="Passed" testListId="8c84fa94-04c1-424b-9868-57a2d4851a1d" relativeResultsDirectory="bcb1cd99-29dc-4c85-8b7f-48339572e9bf" />
    <UnitTestResult executionId="934d5925-0c11-48dc-8daf-a5e3e36a3acd" testId="5a0c8629-a1df-8f60-4a61-6ec9954f7f20" testName="System.CommandLine.Tests.GlobalOptionTests.Subcommands_added_after_a_global_option_is_added_to_parent_will_recognize_the_global_option" computerName="JOSEQU10" duration="00:00:00.0050000" startTime="2022-06-13T12:30:01.7136062-07:00" endTime="2022-06-13T12:30:01.7136062-07:00" testType="13cdc9d9-ddb5-4fa4-a97d-d965ccfc6d4b" outcome="Passed" testListId="8c84fa94-04c1-424b-9868-57a2d4851a1d" relativeResultsDirectory="934d5925-0c11-48dc-8daf-a5e3e36a3acd" />
    <UnitTestResult executionId="082d4544-264d-41f8-a8cf-bf7829c5c994" testId="c3dba931-c736-9f6a-b322-a68554fbf891" testName="System.CommandLine.Tests.CommandLineConfigurationTests.ThrowIfInvalid_does_not_throw_if_global_option_alias_is_the_same_as_local_option_alias" computerName="JOSEQU10" duration="00:00:00.0010000" startTime="2022-06-13T12:30:01.5096073-07:00" endTime="2022-06-13T12:30:01.5096073-07:00" testType="13cdc9d9-ddb5-4fa4-a97d-d965ccfc6d4b" outcome="Passed" testListId="8c84fa94-04c1-424b-9868-57a2d4851a1d" relativeResultsDirectory="082d4544-264d-41f8-a8cf-bf7829c5c994" />
    <UnitTestResult executionId="6f9fd4c9-cd53-4d56-8887-55719edf4f73" testId="2b6fff24-58d3-ff66-327a-2cc6c8107d92" testName="System.CommandLine.Tests.ParserTests.Option_argument_arity_can_be_a_range_with_a_lower_bound_greater_than_1" computerName="JOSEQU10" duration="00:00:00.0010000" startTime="2022-06-13T12:30:02.5386065-07:00" endTime="2022-06-13T12:30:02.5386065-07:00" testType="13cdc9d9-ddb5-4fa4-a97d-d965ccfc6d4b" outcome="Passed" testListId="8c84fa94-04c1-424b-9868-57a2d4851a1d" relativeResultsDirectory="6f9fd4c9-cd53-4d56-8887-55719edf4f73" />
    <UnitTestResult executionId="afa22fac-4ac5-4e4c-bdf1-6036f95f169d" testId="472d13fc-641c-287a-f50b-c2a802534522" testName="System.CommandLine.Tests.ParserTests+MultiplePositions.When_an_option_is_shared_between_an_outer_and_inner_command_then_specifying_in_one_does_not_result_in_error_on_other(commandLine: &quot;outer --the-option xyz inner&quot;)" computerName="JOSEQU10" duration="00:00:00.0010000" startTime="2022-06-13T12:30:01.7466065-07:00" endTime="2022-06-13T12:30:01.7466065-07:00" testType="13cdc9d9-ddb5-4fa4-a97d-d965ccfc6d4b" outcome="Passed" testListId="8c84fa94-04c1-424b-9868-57a2d4851a1d" relativeResultsDirectory="afa22fac-4ac5-4e4c-bdf1-6036f95f169d" />
    <UnitTestResult executionId="6987f4c5-f4c2-438d-a40c-e453f1ec8d25" testId="7fff435c-a4e3-d6fa-5607-bba259abff91" testName="System.CommandLine.Tests.UseHelpTests.UseHelp_writes_help_for_the_specified_command" computerName="JOSEQU10" duration="00:00:00.0010000" startTime="2022-06-13T12:30:02.4316069-07:00" endTime="2022-06-13T12:30:02.4316069-07:00" testType="13cdc9d9-ddb5-4fa4-a97d-d965ccfc6d4b" outcome="Passed" testListId="8c84fa94-04c1-424b-9868-57a2d4851a1d" relativeResultsDirectory="6987f4c5-f4c2-438d-a40c-e453f1ec8d25" />
    <UnitTestResult executionId="a64a41b2-aa9a-45f2-bd5f-59e4d0b12a02" testId="62ac9d11-d9a5-de45-2781-253dce2f4ed4" testName="System.CommandLine.Tests.VersionOptionTests.Version_not_added_if_it_exists" computerName="JOSEQU10" duration="00:00:00.0020000" startTime="2022-06-13T12:30:02.3316079-07:00" endTime="2022-06-13T12:30:02.3316079-07:00" testType="13cdc9d9-ddb5-4fa4-a97d-d965ccfc6d4b" outcome="Passed" testListId="8c84fa94-04c1-424b-9868-57a2d4851a1d" relativeResultsDirectory="a64a41b2-aa9a-45f2-bd5f-59e4d0b12a02" />
    <UnitTestResult executionId="e4f1f37a-5fcd-45f3-957c-f554c8dda6bd" testId="dd4fd515-3caa-0886-107a-7c83768d50b5" testName="System.CommandLine.Tests.CommandExtensionsTests.When_CommandLineBuilder_is_used_then_Command_Invoke_does_not_use_its_configuration" computerName="JOSEQU10" duration="00:00:00.0010000" startTime="2022-06-13T12:30:02.1726081-07:00" endTime="2022-06-13T12:30:02.1726081-07:00" testType="13cdc9d9-ddb5-4fa4-a97d-d965ccfc6d4b" outcome="Passed" testListId="8c84fa94-04c1-424b-9868-57a2d4851a1d" relativeResultsDirectory="e4f1f37a-5fcd-45f3-957c-f554c8dda6bd" />
    <UnitTestResult executionId="b3bb8c5c-9429-4e71-aad6-57c8816ccefd" testId="74593b2c-226c-db2d-8d09-2283969d25de" testName="System.CommandLine.Tests.CompletionTests.When_one_option_has_been_specified_then_it_and_its_siblings_will_still_be_suggested" computerName="JOSEQU10" duration="00:00:00.0010000" startTime="2022-06-13T12:30:02.1906094-07:00" endTime="2022-06-13T12:30:02.1906094-07:00" testType="13cdc9d9-ddb5-4fa4-a97d-d965ccfc6d4b" outcome="Passed" testListId="8c84fa94-04c1-424b-9868-57a2d4851a1d" relativeResultsDirectory="b3bb8c5c-9429-4e71-aad6-57c8816ccefd" />
    <UnitTestResult executionId="b29d85e7-d2fd-4fd0-b176-e0867f87d947" testId="29c55c05-30d6-3e6a-d771-741ed8d392c8" testName="System.CommandLine.Tests.Help.HelpBuilderTests.Constructor_ignores_non_positive_max_width(maxWidth: -1)" computerName="JOSEQU10" duration="00:00:00.0010000" startTime="2022-06-13T12:30:02.6286069-07:00" endTime="2022-06-13T12:30:02.6286069-07:00" testType="13cdc9d9-ddb5-4fa4-a97d-d965ccfc6d4b" outcome="Passed" testListId="8c84fa94-04c1-424b-9868-57a2d4851a1d" relativeResultsDirectory="b29d85e7-d2fd-4fd0-b176-e0867f87d947" />
    <UnitTestResult executionId="cc713d83-e805-4d9e-8102-0eefbb63ea99" testId="ed8df1d3-1a03-7315-b855-c9ce25581fe8" testName="System.CommandLine.Tests.Binding.SetHandlerTests.Binding_is_correct_for_Action_overload_having_arity_(arity: 2)" computerName="JOSEQU10" duration="00:00:00.0030000" startTime="2022-06-13T12:30:02.1326089-07:00" endTime="2022-06-13T12:30:02.1326089-07:00" testType="13cdc9d9-ddb5-4fa4-a97d-d965ccfc6d4b" outcome="Passed" testListId="8c84fa94-04c1-424b-9868-57a2d4851a1d" relativeResultsDirectory="cc713d83-e805-4d9e-8102-0eefbb63ea99" />
    <UnitTestResult executionId="68b04f4c-5d12-4c9b-8e44-b012aa948101" testId="c96a686d-315c-899f-040f-f6fd1ccc9028" testName="System.CommandLine.Tests.SuggestDirectiveTests.It_writes_suggestions_for_option_aliases_under_root_command(input: &quot;[suggest]&quot;)" computerName="JOSEQU10" duration="00:00:00.0010000" startTime="2022-06-13T12:30:01.9176078-07:00" endTime="2022-06-13T12:30:01.9176078-07:00" testType="13cdc9d9-ddb5-4fa4-a97d-d965ccfc6d4b" outcome="Passed" testListId="8c84fa94-04c1-424b-9868-57a2d4851a1d" relativeResultsDirectory="68b04f4c-5d12-4c9b-8e44-b012aa948101" />
    <UnitTestResult executionId="b6e8d7a3-f0a1-4ad7-b360-73c0d62e66df" testId="f58285b2-4245-e646-51e4-f6225cf7e3e0" testName="System.CommandLine.Tests.ParsingValidationTests+FileExistence.An_option_argument_with_multiple_files_can_be_invalid_based_on_file_existence" computerName="JOSEQU10" duration="00:00:00.0020000" startTime="2022-06-13T12:30:02.3466083-07:00" endTime="2022-06-13T12:30:02.3466083-07:00" testType="13cdc9d9-ddb5-4fa4-a97d-d965ccfc6d4b" outcome="Passed" testListId="8c84fa94-04c1-424b-9868-57a2d4851a1d" relativeResultsDirectory="b6e8d7a3-f0a1-4ad7-b360-73c0d62e66df" />
    <UnitTestResult executionId="f5a8b004-e029-4a34-b132-070be39ad635" testId="34c445de-8663-19ab-63b1-97f4ea0730d0" testName="System.CommandLine.Tests.UseExceptionHandlerTests.UseExceptionHandler_set_custom_result_code" computerName="JOSEQU10" duration="00:00:00.3510000" startTime="2022-06-13T12:30:02.2466075-07:00" endTime="2022-06-13T12:30:02.2466075-07:00" testType="13cdc9d9-ddb5-4fa4-a97d-d965ccfc6d4b" outcome="Passed" testListId="8c84fa94-04c1-424b-9868-57a2d4851a1d" relativeResultsDirectory="f5a8b004-e029-4a34-b132-070be39ad635" />
    <UnitTestResult executionId="26322307-e23e-4f1b-a539-0ff6d80dfac4" testId="4262e7d9-138f-c86b-f60b-a6e003110daa" testName="System.CommandLine.Tests.ParseDiagramTests.Parse_result_diagram_helps_explain_parse_operation" computerName="JOSEQU10" duration="00:00:00.0010000" startTime="2022-06-13T12:30:01.8016066-07:00" endTime="2022-06-13T12:30:01.8016066-07:00" testType="13cdc9d9-ddb5-4fa4-a97d-d965ccfc6d4b" outcome="Passed" testListId="8c84fa94-04c1-424b-9868-57a2d4851a1d" relativeResultsDirectory="26322307-e23e-4f1b-a539-0ff6d80dfac4" />
    <UnitTestResult executionId="7fa421c2-ab72-45d4-9281-8f670bdd9dfc" testId="41c38d66-4d89-e6d1-ccb6-18a830402dee" testName="System.CommandLine.Tests.ParsingValidationTests.A_custom_validator_added_to_a_global_option_is_checked(commandLine: &quot;--value=123 child grandchild&quot;)" computerName="JOSEQU10" duration="00:00:00.0570000" startTime="2022-06-13T12:30:02.4676091-07:00" endTime="2022-06-13T12:30:02.4676091-07:00" testType="13cdc9d9-ddb5-4fa4-a97d-d965ccfc6d4b" outcome="Passed" testListId="8c84fa94-04c1-424b-9868-57a2d4851a1d" relativeResultsDirectory="7fa421c2-ab72-45d4-9281-8f670bdd9dfc" />
    <UnitTestResult executionId="10cc87d6-7075-4fad-8d0f-3676ebdac372" testId="4511fa79-d3c5-b890-7779-82532a34cb5b" testName="System.CommandLine.Tests.ParsingValidationTests.A_custom_validator_added_to_a_global_option_is_checked(commandLine: &quot;child grandchild --value=123 &quot;)" computerName="JOSEQU10" duration="00:00:00.0020000" startTime="2022-06-13T12:30:02.4956082-07:00" endTime="2022-06-13T12:30:02.4956082-07:00" testType="13cdc9d9-ddb5-4fa4-a97d-d965ccfc6d4b" outcome="Passed" testListId="8c84fa94-04c1-424b-9868-57a2d4851a1d" relativeResultsDirectory="10cc87d6-7075-4fad-8d0f-3676ebdac372" />
    <UnitTestResult executionId="9364c96b-e8f5-4af9-873d-1a5f0329ba42" testId="f4024ec0-56d0-177d-eae8-27c8c705c0bd" testName="System.CommandLine.Tests.ParserTests.Unmatched_tokens_that_look_like_options_are_not_split_into_smaller_tokens" computerName="JOSEQU10" duration="00:00:00.0010000" startTime="2022-06-13T12:30:02.3816102-07:00" endTime="2022-06-13T12:30:02.3816102-07:00" testType="13cdc9d9-ddb5-4fa4-a97d-d965ccfc6d4b" outcome="Passed" testListId="8c84fa94-04c1-424b-9868-57a2d4851a1d" relativeResultsDirectory="9364c96b-e8f5-4af9-873d-1a5f0329ba42" />
    <UnitTestResult executionId="460c8357-b1e5-401e-afb7-c96fb4bbd9a0" testId="c81b6f09-3844-b1f8-ba20-98df57001e8a" testName="System.CommandLine.Tests.Invocation.InvocationPipelineTests.When_middleware_throws_then_Invoke_does_not_handle_the_exception" computerName="JOSEQU10" duration="00:00:00.0010000" startTime="2022-06-13T12:30:02.3216086-07:00" endTime="2022-06-13T12:30:02.3216086-07:00" testType="13cdc9d9-ddb5-4fa4-a97d-d965ccfc6d4b" outcome="Passed" testListId="8c84fa94-04c1-424b-9868-57a2d4851a1d" relativeResultsDirectory="460c8357-b1e5-401e-afb7-c96fb4bbd9a0" />
    <UnitTestResult executionId="897a5c95-e73c-421e-9eb1-c456ac5c6384" testId="9731ed4c-289b-f9a7-6968-4968965e5e9e" testName="System.CommandLine.Tests.ParsingValidationTests.Validators_on_global_options_are_executed_when_invoking_a_subcommand(commandLine: &quot;--file \&quot;Foo\&quot; subcommand&quot;)" computerName="JOSEQU10" duration="00:00:00.0010000" startTime="2022-06-13T12:30:02.5296069-07:00" endTime="2022-06-13T12:30:02.5296069-07:00" testType="13cdc9d9-ddb5-4fa4-a97d-d965ccfc6d4b" outcome="Passed" testListId="8c84fa94-04c1-424b-9868-57a2d4851a1d" relativeResultsDirectory="897a5c95-e73c-421e-9eb1-c456ac5c6384" />
    <UnitTestResult executionId="73483573-8493-464b-8ce3-a7e3c335ad16" testId="2d85f8e9-ef79-0be5-2d84-116ff57aa6a5" testName="System.CommandLine.Tests.Help.HelpBuilderTests.Subcommand_help_does_not_include_names_of_sibling_commands" computerName="JOSEQU10" duration="00:00:00.0010000" startTime="2022-06-13T12:30:02.3326089-07:00" endTime="2022-06-13T12:30:02.3326089-07:00" testType="13cdc9d9-ddb5-4fa4-a97d-d965ccfc6d4b" outcome="Passed" testListId="8c84fa94-04c1-424b-9868-57a2d4851a1d" relativeResultsDirectory="73483573-8493-464b-8ce3-a7e3c335ad16" />
    <UnitTestResult executionId="919922a3-1ee3-4412-8458-b437bd23c476" testId="813a7cca-7a39-a4a4-a2af-ef648198cdfa" testName="System.CommandLine.Tests.Help.HelpBuilderTests.Subcommand_help_does_not_contain_hidden_command" computerName="JOSEQU10" duration="00:00:00.0010000" startTime="2022-06-13T12:30:02.8256114-07:00" endTime="2022-06-13T12:30:02.8256114-07:00" testType="13cdc9d9-ddb5-4fa4-a97d-d965ccfc6d4b" outcome="Passed" testListId="8c84fa94-04c1-424b-9868-57a2d4851a1d" relativeResultsDirectory="919922a3-1ee3-4412-8458-b437bd23c476" />
    <UnitTestResult executionId="49b02df0-5a9e-4329-8371-9a6f7b7eed98" testId="db751158-a590-075d-6ca3-23d1ce2a3528" testName="System.CommandLine.Tests.Binding.TypeConversionTests.Max_arity_greater_than_1_converts_to_enumerable_types(minArity: 1, maxArity: 3, argumentType: typeof(System.Collections.Generic.IList&lt;string&gt;))" computerName="JOSEQU10" duration="00:00:00.0010000" startTime="2022-06-13T12:30:02.7266070-07:00" endTime="2022-06-13T12:30:02.7266070-07:00" testType="13cdc9d9-ddb5-4fa4-a97d-d965ccfc6d4b" outcome="Passed" testListId="8c84fa94-04c1-424b-9868-57a2d4851a1d" relativeResultsDirectory="49b02df0-5a9e-4329-8371-9a6f7b7eed98" />
    <UnitTestResult executionId="4c35a437-6609-4552-946e-619d767d52b6" testId="63bbe5c5-69e9-d388-1e1f-2c8d4e104c49" testName="System.CommandLine.Tests.Binding.TypeConversionTests.Values_can_be_correctly_converted_to_Uri_without_the_parser_specifying_a_custom_converter" computerName="JOSEQU10" duration="00:00:00.0120000" startTime="2022-06-13T12:30:02.7976111-07:00" endTime="2022-06-13T12:30:02.7976111-07:00" testType="13cdc9d9-ddb5-4fa4-a97d-d965ccfc6d4b" outcome="Passed" testListId="8c84fa94-04c1-424b-9868-57a2d4851a1d" relativeResultsDirectory="4c35a437-6609-4552-946e-619d767d52b6" />
    <UnitTestResult executionId="82d8aaf0-7ad3-40c0-bdf4-11908968bc08" testId="dc63a283-10d4-0e0c-d622-3c0d87694860" testName="System.CommandLine.Tests.CommandLineConfigurationTests.ThrowIfInvalid_throws_if_sibling_command_and_option_aliases_collide_on_the_root_command" computerName="JOSEQU10" duration="00:00:00.0010000" startTime="2022-06-13T12:30:01.5046067-07:00" endTime="2022-06-13T12:30:01.5046067-07:00" testType="13cdc9d9-ddb5-4fa4-a97d-d965ccfc6d4b" outcome="Passed" testListId="8c84fa94-04c1-424b-9868-57a2d4851a1d" relativeResultsDirectory="82d8aaf0-7ad3-40c0-bdf4-11908968bc08" />
    <UnitTestResult executionId="0279facb-3f39-4bc7-b913-2b62624fb3e0" testId="751fcab5-4dbd-df37-e88c-23461ab647dd" testName="System.CommandLine.Tests.Help.HelpBuilderTests+Customization.Option_can_customize_second_column_text_based_on_parse_result" computerName="JOSEQU10" duration="00:00:00.0100000" startTime="2022-06-13T12:30:02.4166081-07:00" endTime="2022-06-13T12:30:02.4166081-07:00" testType="13cdc9d9-ddb5-4fa4-a97d-d965ccfc6d4b" outcome="Passed" testListId="8c84fa94-04c1-424b-9868-57a2d4851a1d" relativeResultsDirectory="0279facb-3f39-4bc7-b913-2b62624fb3e0" />
    <UnitTestResult executionId="45bc9c50-fa7a-4f9f-a0c7-42cb6df162ef" testId="ae6da703-53bc-446d-b32c-48b689684606" testName="System.CommandLine.Tests.EnvironmentVariableDirectiveTests.Trims_environment_variable_value" computerName="JOSEQU10" duration="00:00:00.2380000" startTime="2022-06-13T12:30:01.7186072-07:00" endTime="2022-06-13T12:30:01.7186072-07:00" testType="13cdc9d9-ddb5-4fa4-a97d-d965ccfc6d4b" outcome="Passed" testListId="8c84fa94-04c1-424b-9868-57a2d4851a1d" relativeResultsDirectory="45bc9c50-fa7a-4f9f-a0c7-42cb6df162ef" />
    <UnitTestResult executionId="1f607897-1c25-454f-a99e-d104ee282cbe" testId="aa30ed8f-2999-9380-18e0-e2ecbf1e7426" testName="System.CommandLine.Tests.Help.HelpBuilderTests.Help_describes_default_values_for_subcommand_with_multiple_defaultable_arguments" computerName="JOSEQU10" duration="00:00:00.0010000" startTime="2022-06-13T12:30:02.6306067-07:00" endTime="2022-06-13T12:30:02.6306067-07:00" testType="13cdc9d9-ddb5-4fa4-a97d-d965ccfc6d4b" outcome="Passed" testListId="8c84fa94-04c1-424b-9868-57a2d4851a1d" relativeResultsDirectory="1f607897-1c25-454f-a99e-d104ee282cbe" />
    <UnitTestResult executionId="108031ac-98c9-4a2b-8739-325915bc478e" testId="a1ac72ca-e944-f1f2-fd7f-14624d33fe2f" testName="System.CommandLine.Tests.ParseDiagramTests.Parse_diagram_indicates_which_tokens_were_applied_to_which_command_argument" computerName="JOSEQU10" duration="00:00:00.2410000" startTime="2022-06-13T12:30:01.7266062-07:00" endTime="2022-06-13T12:30:01.7266062-07:00" testType="13cdc9d9-ddb5-4fa4-a97d-d965ccfc6d4b" outcome="Passed" testListId="8c84fa94-04c1-424b-9868-57a2d4851a1d" relativeResultsDirectory="108031ac-98c9-4a2b-8739-325915bc478e" />
    <UnitTestResult executionId="64631db7-31c1-41a6-befd-b32721dc73fd" testId="bf3affe5-b07d-7187-f934-242bf7d7f2b2" testName="System.CommandLine.Tests.ArgumentTests+CustomParsing.Parse_delegate_is_called_when_Option_Arity_allows_zero_tokens(commandLine: &quot;&quot;, expectedValue: &quot;option-is-implicit&quot;)" computerName="JOSEQU10" duration="00:00:00.0010000" startTime="2022-06-13T12:30:02.3456090-07:00" endTime="2022-06-13T12:30:02.3456090-07:00" testType="13cdc9d9-ddb5-4fa4-a97d-d965ccfc6d4b" outcome="Passed" testListId="8c84fa94-04c1-424b-9868-57a2d4851a1d" relativeResultsDirectory="64631db7-31c1-41a6-befd-b32721dc73fd" />
    <UnitTestResult executionId="96ebaf59-0b6c-4b13-a343-0d109c33eb6a" testId="d84d9360-1328-aa6a-dd6a-91e08a367e25" testName="System.CommandLine.Tests.SuggestDirectiveTests.It_writes_suggestions_for_partial_option_and_subcommand_aliases_under_root_command_with_an_argument" computerName="JOSEQU10" duration="00:00:00.0010000" startTime="2022-06-13T12:30:01.9556065-07:00" endTime="2022-06-13T12:30:01.9556065-07:00" testType="13cdc9d9-ddb5-4fa4-a97d-d965ccfc6d4b" outcome="Passed" testListId="8c84fa94-04c1-424b-9868-57a2d4851a1d" relativeResultsDirectory="96ebaf59-0b6c-4b13-a343-0d109c33eb6a" />
    <UnitTestResult executionId="a33dce6f-27f0-49b6-b02e-b8d77a9fd4e5" testId="b38dc1b6-f225-93e6-3272-c624f0363b03" testName="System.CommandLine.Tests.ParserTests.Original_order_of_tokens_is_preserved_in_ParseResult_Tokens(commandLine: &quot;--many 2 --many 1 --one 1&quot;)" computerName="JOSEQU10" duration="00:00:00.0010000" startTime="2022-06-13T12:30:02.3046109-07:00" endTime="2022-06-13T12:30:02.3046109-07:00" testType="13cdc9d9-ddb5-4fa4-a97d-d965ccfc6d4b" outcome="Passed" testListId="8c84fa94-04c1-424b-9868-57a2d4851a1d" relativeResultsDirectory="a33dce6f-27f0-49b6-b02e-b8d77a9fd4e5" />
    <UnitTestResult executionId="1bd47e15-8d90-498e-999b-38dbb523d00b" testId="cfa3db60-12b9-aae2-5f10-b1c425f61722" testName="System.CommandLine.Tests.SuggestDirectiveTests.It_writes_suggestions_for_partial_option_and_subcommand_aliases_under_root_command" computerName="JOSEQU10" duration="00:00:00.0010000" startTime="2022-06-13T12:30:01.9816092-07:00" endTime="2022-06-13T12:30:01.9816092-07:00" testType="13cdc9d9-ddb5-4fa4-a97d-d965ccfc6d4b" outcome="Passed" testListId="8c84fa94-04c1-424b-9868-57a2d4851a1d" relativeResultsDirectory="1bd47e15-8d90-498e-999b-38dbb523d00b" />
    <UnitTestResult executionId="5db36604-6bf6-48f3-b5bd-f8f45689bbfd" testId="f2094941-9d86-04c0-8230-529a5c09a501" testName="System.CommandLine.Tests.CompletionContextTests.When_position_is_unspecified_in_array_command_line_and_final_token_is_unmatched_then_it_returns_final_token" computerName="JOSEQU10" duration="00:00:00.0010000" startTime="2022-06-13T12:30:01.9706054-07:00" endTime="2022-06-13T12:30:01.9706054-07:00" testType="13cdc9d9-ddb5-4fa4-a97d-d965ccfc6d4b" outcome="Passed" testListId="8c84fa94-04c1-424b-9868-57a2d4851a1d" relativeResultsDirectory="5db36604-6bf6-48f3-b5bd-f8f45689bbfd" />
    <UnitTestResult executionId="1c73ebb0-14f0-45d1-b13c-f8e48c791523" testId="7594b40f-056b-c8b0-5471-d4f0252a1370" testName="System.CommandLine.Tests.CompletionTests.Command_GetCompletions_returns_available_subcommands" computerName="JOSEQU10" duration="00:00:00.0010000" startTime="2022-06-13T12:30:01.9946062-07:00" endTime="2022-06-13T12:30:01.9946062-07:00" testType="13cdc9d9-ddb5-4fa4-a97d-d965ccfc6d4b" outcome="Passed" testListId="8c84fa94-04c1-424b-9868-57a2d4851a1d" relativeResultsDirectory="1c73ebb0-14f0-45d1-b13c-f8e48c791523" />
    <UnitTestResult executionId="3af121c2-1037-49fd-96ca-a03c5c2aca0d" testId="33c59317-2c8f-929e-63aa-05a0c00e2464" testName="System.CommandLine.Tests.ResourceLocalizationTests.Default_validation_messages_can_be_replaced_in_order_to_add_localization_support" computerName="JOSEQU10" duration="00:00:00.0010000" startTime="2022-06-13T12:30:01.7566068-07:00" endTime="2022-06-13T12:30:01.7566068-07:00" testType="13cdc9d9-ddb5-4fa4-a97d-d965ccfc6d4b" outcome="Passed" testListId="8c84fa94-04c1-424b-9868-57a2d4851a1d" relativeResultsDirectory="3af121c2-1037-49fd-96ca-a03c5c2aca0d" />
    <UnitTestResult executionId="5da5471b-78dc-41b4-99c4-83ab0b4fcc5e" testId="7cef2c0a-2a8e-572a-671d-f668a5339185" testName="System.CommandLine.Tests.ParsingValidationTests+FileExistence.A_command_argument_with_multiple_files_can_be_invalid_based_on_file_existence" computerName="JOSEQU10" duration="00:00:00.0020000" startTime="2022-06-13T12:30:02.2046077-07:00" endTime="2022-06-13T12:30:02.2046077-07:00" testType="13cdc9d9-ddb5-4fa4-a97d-d965ccfc6d4b" outcome="Passed" testListId="8c84fa94-04c1-424b-9868-57a2d4851a1d" relativeResultsDirectory="5da5471b-78dc-41b4-99c4-83ab0b4fcc5e" />
    <UnitTestResult executionId="edece37e-d500-448b-a7e0-4dc11a34b27b" testId="0b2277fa-7894-0582-de6f-58231fa4424c" testName="System.CommandLine.Tests.ParserTests.Argument_name_is_not_matched_as_a_token" computerName="JOSEQU10" duration="00:00:00.0010000" startTime="2022-06-13T12:30:02.4996078-07:00" endTime="2022-06-13T12:30:02.4996078-07:00" testType="13cdc9d9-ddb5-4fa4-a97d-d965ccfc6d4b" outcome="Passed" testListId="8c84fa94-04c1-424b-9868-57a2d4851a1d" relativeResultsDirectory="edece37e-d500-448b-a7e0-4dc11a34b27b" />
    <UnitTestResult executionId="f253842b-cb52-4d83-887e-b3fae557008e" testId="1f1ad0e5-b487-0910-96c9-43bf9024432e" testName="System.CommandLine.Tests.ParserTests.When_an_option_argument_is_enclosed_in_double_quotes_its_value_retains_the_quotes(arg1: &quot;-x=&quot;, arg2: &quot;\&quot;\&quot;&quot;)" computerName="JOSEQU10" duration="00:00:00.0010000" startTime="2022-06-13T12:30:02.0576071-07:00" endTime="2022-06-13T12:30:02.0576071-07:00" testType="13cdc9d9-ddb5-4fa4-a97d-d965ccfc6d4b" outcome="Passed" testListId="8c84fa94-04c1-424b-9868-57a2d4851a1d" relativeResultsDirectory="f253842b-cb52-4d83-887e-b3fae557008e" />
    <UnitTestResult executionId="5c8e2893-82f3-4767-b5a4-3ad8bcc5a7a7" testId="1a7b803c-e22e-e6a7-0169-72221a5ad6b5" testName="System.CommandLine.Tests.SplitCommandLineTests.It_does_not_split_double_quote_delimited_values_when_a_non_whitespace_argument_delimiter_is_used(prefix: &quot;/&quot;, delimiter: ':')" computerName="JOSEQU10" duration="00:00:00.2340000" startTime="2022-06-13T12:30:01.8836072-07:00" endTime="2022-06-13T12:30:01.8836072-07:00" testType="13cdc9d9-ddb5-4fa4-a97d-d965ccfc6d4b" outcome="Passed" testListId="8c84fa94-04c1-424b-9868-57a2d4851a1d" relativeResultsDirectory="5c8e2893-82f3-4767-b5a4-3ad8bcc5a7a7" />
    <UnitTestResult executionId="4859fa37-85b5-4b2f-94f8-4a1a98f52e4c" testId="556b8673-3eaf-f793-b13c-75a23299183e" testName="System.CommandLine.Tests.Binding.SetHandlerTests.Binding_is_correct_for_Action_overload_having_arity_(arity: 6)" computerName="JOSEQU10" duration="00:00:00.0010000" startTime="2022-06-13T12:30:02.1986064-07:00" endTime="2022-06-13T12:30:02.1986064-07:00" testType="13cdc9d9-ddb5-4fa4-a97d-d965ccfc6d4b" outcome="Passed" testListId="8c84fa94-04c1-424b-9868-57a2d4851a1d" relativeResultsDirectory="4859fa37-85b5-4b2f-94f8-4a1a98f52e4c" />
    <UnitTestResult executionId="6265da4c-9dc8-4a58-9ece-25e675a8cfdb" testId="a0bef3e6-f530-684b-5f18-c22aa478272c" testName="System.CommandLine.Tests.Parsing.CommandLineStringSplitterTests.It_splits_strings_based_on_whitespace(commandLine: &quot;one two three four&quot;)" computerName="JOSEQU10" duration="00:00:00.0010000" startTime="2022-06-13T12:30:01.9806072-07:00" endTime="2022-06-13T12:30:01.9806072-07:00" testType="13cdc9d9-ddb5-4fa4-a97d-d965ccfc6d4b" outcome="Passed" testListId="8c84fa94-04c1-424b-9868-57a2d4851a1d" relativeResultsDirectory="6265da4c-9dc8-4a58-9ece-25e675a8cfdb" />
    <UnitTestResult executionId="2cf69f58-fd35-4cb7-9b0c-ef678ecebab1" testId="d4c31a81-c593-dfbb-0870-12380eed7ad2" testName="System.CommandLine.Tests.ParserTests.Boolean_options_are_not_greedy(commandLine: &quot;-x -y true&quot;)" computerName="JOSEQU10" duration="00:00:00.0010000" startTime="2022-06-13T12:30:02.4876068-07:00" endTime="2022-06-13T12:30:02.4876068-07:00" testType="13cdc9d9-ddb5-4fa4-a97d-d965ccfc6d4b" outcome="Passed" testListId="8c84fa94-04c1-424b-9868-57a2d4851a1d" relativeResultsDirectory="2cf69f58-fd35-4cb7-9b0c-ef678ecebab1" />
    <UnitTestResult executionId="163d8f93-a418-42e2-abb4-6f07cbf6daf5" testId="ae9a65a2-8265-e928-9ed6-9db5ce5eed3a" testName="System.CommandLine.Tests.Help.HelpBuilderTests.Arguments_section_is_not_included_if_there_are_commands_but_no_arguments_configured" computerName="JOSEQU10" duration="00:00:00.0010000" startTime="2022-06-13T12:30:02.6556065-07:00" endTime="2022-06-13T12:30:02.6556065-07:00" testType="13cdc9d9-ddb5-4fa4-a97d-d965ccfc6d4b" outcome="Passed" testListId="8c84fa94-04c1-424b-9868-57a2d4851a1d" relativeResultsDirectory="163d8f93-a418-42e2-abb4-6f07cbf6daf5" />
    <UnitTestResult executionId="fc112753-7096-4c38-ae88-61fb97845b9d" testId="a28c379c-383c-ca2f-f7f0-1a122b37b6a7" testName="System.CommandLine.Tests.ParsingValidationTests.Required_options_on_parent_commands_do_not_create_parse_errors_when_an_inner_command_is_specified" computerName="JOSEQU10" duration="00:00:00.0010000" startTime="2022-06-13T12:30:02.5596078-07:00" endTime="2022-06-13T12:30:02.5596078-07:00" testType="13cdc9d9-ddb5-4fa4-a97d-d965ccfc6d4b" outcome="Passed" testListId="8c84fa94-04c1-424b-9868-57a2d4851a1d" relativeResultsDirectory="fc112753-7096-4c38-ae88-61fb97845b9d" />
    <UnitTestResult executionId="55c600e4-1663-487b-8b12-babb6bd61a3b" testId="cdb15eaf-8d87-e05d-acbd-b5736cc935b5" testName="System.CommandLine.Tests.Help.HelpBuilderTests.Options_section_properly_wraps" computerName="JOSEQU10" duration="00:00:00.0010000" startTime="2022-06-13T12:30:02.6446081-07:00" endTime="2022-06-13T12:30:02.6446081-07:00" testType="13cdc9d9-ddb5-4fa4-a97d-d965ccfc6d4b" outcome="Passed" testListId="8c84fa94-04c1-424b-9868-57a2d4851a1d" relativeResultsDirectory="55c600e4-1663-487b-8b12-babb6bd61a3b" />
    <UnitTestResult executionId="c84af0ba-db1e-45b4-be05-783b81e41620" testId="bd4c0a5f-3ad2-3bcb-fce8-1b3c65877067" testName="System.CommandLine.Tests.ParserTests.Option_arguments_can_start_with_prefixes_that_make_them_look_like_options(input: &quot;-x -y&quot;)" computerName="JOSEQU10" duration="00:00:00.0010000" startTime="2022-06-13T12:30:02.3116087-07:00" endTime="2022-06-13T12:30:02.3116087-07:00" testType="13cdc9d9-ddb5-4fa4-a97d-d965ccfc6d4b" outcome="Passed" testListId="8c84fa94-04c1-424b-9868-57a2d4851a1d" relativeResultsDirectory="c84af0ba-db1e-45b4-be05-783b81e41620" />
    <UnitTestResult executionId="69d4dcfc-ab1d-4253-8dc3-1c0036d11380" testId="b348642a-60a5-9f40-70c1-3493fe6b339f" testName="System.CommandLine.Tests.Help.HelpBuilderTests.Arguments_section_keeps_added_newlines_when_width_is_very_small" computerName="JOSEQU10" duration="00:00:00.0010000" startTime="2022-06-13T12:30:02.3846067-07:00" endTime="2022-06-13T12:30:02.3846067-07:00" testType="13cdc9d9-ddb5-4fa4-a97d-d965ccfc6d4b" outcome="Passed" testListId="8c84fa94-04c1-424b-9868-57a2d4851a1d" relativeResultsDirectory="69d4dcfc-ab1d-4253-8dc3-1c0036d11380" />
    <UnitTestResult executionId="6c702dcb-f66c-4732-b56d-0d791df6fd19" testId="7898bc66-0ebe-cdcb-f3ad-1f9904d9e069" testName="System.CommandLine.Tests.SplitCommandLineTests.It_does_not_split_double_quote_delimited_values_when_a_non_whitespace_argument_delimiter_is_used(prefix: &quot;-&quot;, delimiter: '=')" computerName="JOSEQU10" duration="00:00:00.0010000" startTime="2022-06-13T12:30:01.8926089-07:00" endTime="2022-06-13T12:30:01.8926089-07:00" testType="13cdc9d9-ddb5-4fa4-a97d-d965ccfc6d4b" outcome="Passed" testListId="8c84fa94-04c1-424b-9868-57a2d4851a1d" relativeResultsDirectory="6c702dcb-f66c-4732-b56d-0d791df6fd19" />
    <UnitTestResult executionId="571c0ff1-4171-4156-8bae-a1a931fbd1d6" testId="c5c959af-f6f7-75f3-6703-4fa084d7f8cc" testName="System.CommandLine.Tests.CommandTests.ParseResult_Command_identifies_innermost_command(input: &quot;outer sibling&quot;, expectedCommand: &quot;sibling&quot;)" computerName="JOSEQU10" duration="00:00:00.0010000" startTime="2022-06-13T12:30:02.1026077-07:00" endTime="2022-06-13T12:30:02.1026077-07:00" testType="13cdc9d9-ddb5-4fa4-a97d-d965ccfc6d4b" outcome="Passed" testListId="8c84fa94-04c1-424b-9868-57a2d4851a1d" relativeResultsDirectory="571c0ff1-4171-4156-8bae-a1a931fbd1d6" />
    <UnitTestResult executionId="cac942a1-3873-4381-8079-6e42fbb6355d" testId="4d8f6eea-3f2a-7c7f-37e3-585d90cda31e" testName="System.CommandLine.Tests.DirectiveTests.Directives_can_have_a_value_which_is_everything_after_the_first_colon(directive: &quot;[key:]&quot;, expectedKey: &quot;key&quot;, expectedValue: &quot;&quot;)" computerName="JOSEQU10" duration="00:00:00.0010000" startTime="2022-06-13T12:30:01.8456074-07:00" endTime="2022-06-13T12:30:01.8456074-07:00" testType="13cdc9d9-ddb5-4fa4-a97d-d965ccfc6d4b" outcome="Passed" testListId="8c84fa94-04c1-424b-9868-57a2d4851a1d" relativeResultsDirectory="cac942a1-3873-4381-8079-6e42fbb6355d" />
    <UnitTestResult executionId="8a0a8246-f5da-4447-acdc-e7dd67f0f8ad" testId="6c4f8206-1293-8552-6fad-28bbe5cc5810" testName="System.CommandLine.Tests.OptionTests.HasAliasIgnorePrefix_accepts_unprefixed_short_value" computerName="JOSEQU10" duration="00:00:00.0030000" startTime="2022-06-13T12:30:02.2316086-07:00" endTime="2022-06-13T12:30:02.2316086-07:00" testType="13cdc9d9-ddb5-4fa4-a97d-d965ccfc6d4b" outcome="Passed" testListId="8c84fa94-04c1-424b-9868-57a2d4851a1d" relativeResultsDirectory="8a0a8246-f5da-4447-acdc-e7dd67f0f8ad" />
    <UnitTestResult executionId="a0958114-c753-4f94-bd1f-0305ea6e3b96" testId="7b6a1e49-803c-f076-28b7-877c804d5b80" testName="System.CommandLine.Tests.Binding.SetHandlerTests.Binding_is_correct_for_Action_overload_having_arity_(arity: 7)" computerName="JOSEQU10" duration="00:00:00.0010000" startTime="2022-06-13T12:30:02.1526077-07:00" endTime="2022-06-13T12:30:02.1526077-07:00" testType="13cdc9d9-ddb5-4fa4-a97d-d965ccfc6d4b" outcome="Passed" testListId="8c84fa94-04c1-424b-9868-57a2d4851a1d" relativeResultsDirectory="a0958114-c753-4f94-bd1f-0305ea6e3b96" />
    <UnitTestResult executionId="2399fed3-6e13-4838-ab17-912979a20473" testId="ed514b2f-7e50-9b64-69f6-094d770cf7ad" testName="System.CommandLine.Tests.TokenReplacementTests.Expanded_tokens_containing_whitespace_are_parsed_as_single_tokens" computerName="JOSEQU10" duration="00:00:00.0010000" startTime="2022-06-13T12:30:02.0416091-07:00" endTime="2022-06-13T12:30:02.0416091-07:00" testType="13cdc9d9-ddb5-4fa4-a97d-d965ccfc6d4b" outcome="Passed" testListId="8c84fa94-04c1-424b-9868-57a2d4851a1d" relativeResultsDirectory="2399fed3-6e13-4838-ab17-912979a20473" />
    <UnitTestResult executionId="2e455189-8a75-408f-8828-efab29ab8b5b" testId="44af512f-0be6-8af9-f4c8-513cd80bb544" testName="System.CommandLine.Tests.CompletionTests.Option_GetCompletions_returns_argument_completions_if_configured" computerName="JOSEQU10" duration="00:00:00.0010000" startTime="2022-06-13T12:30:01.9206086-07:00" endTime="2022-06-13T12:30:01.9206086-07:00" testType="13cdc9d9-ddb5-4fa4-a97d-d965ccfc6d4b" outcome="Passed" testListId="8c84fa94-04c1-424b-9868-57a2d4851a1d" relativeResultsDirectory="2e455189-8a75-408f-8828-efab29ab8b5b" />
    <UnitTestResult executionId="db74dc53-004a-40aa-8bf2-78e50cbfdf36" testId="1c3814b4-4c9b-2f5a-6310-7da0a4565700" testName="System.CommandLine.Tests.Invocation.InvocationPipelineTests.Synchronous_invocation_can_be_short_circuited_by_async_middleware_by_not_calling_next" computerName="JOSEQU10" duration="00:00:00.0010000" startTime="2022-06-13T12:30:02.2896074-07:00" endTime="2022-06-13T12:30:02.2896074-07:00" testType="13cdc9d9-ddb5-4fa4-a97d-d965ccfc6d4b" outcome="Passed" testListId="8c84fa94-04c1-424b-9868-57a2d4851a1d" relativeResultsDirectory="db74dc53-004a-40aa-8bf2-78e50cbfdf36" />
    <UnitTestResult executionId="f9887828-ae44-4b91-8303-57ece02a76d3" testId="84a543fb-ac41-4b30-8c23-52f7e31b8652" testName="System.CommandLine.Tests.CompletionTests.Option_GetCompletions_can_be_based_on_the_proximate_option" computerName="JOSEQU10" duration="00:00:00.0010000" startTime="2022-06-13T12:30:01.9246089-07:00" endTime="2022-06-13T12:30:01.9246089-07:00" testType="13cdc9d9-ddb5-4fa4-a97d-d965ccfc6d4b" outcome="Passed" testListId="8c84fa94-04c1-424b-9868-57a2d4851a1d" relativeResultsDirectory="f9887828-ae44-4b91-8303-57ece02a76d3" />
    <UnitTestResult executionId="a0acc23e-e47f-4822-8c5a-58eeb000ae09" testId="1457637a-d7b3-c4b3-2170-65c4cfa95b23" testName="System.CommandLine.Tests.Help.HelpBuilderTests.Option_argument_first_column_indicates_enums_values(nullable: False)" computerName="JOSEQU10" duration="00:00:00.0020000" startTime="2022-06-13T12:30:02.1996096-07:00" endTime="2022-06-13T12:30:02.1996096-07:00" testType="13cdc9d9-ddb5-4fa4-a97d-d965ccfc6d4b" outcome="Passed" testListId="8c84fa94-04c1-424b-9868-57a2d4851a1d" relativeResultsDirectory="a0acc23e-e47f-4822-8c5a-58eeb000ae09" />
    <UnitTestResult executionId="7d07d6c3-dc17-48f0-94d3-95f5a2959462" testId="e4ca6c3a-c470-e1a5-c803-b44d54627ee1" testName="System.CommandLine.Tests.ParserTests+MultipleArguments.Unsatisfied_subsequent_argument_with_min_arity_0_parses_as_default_value" computerName="JOSEQU10" duration="00:00:00.0010000" startTime="2022-06-13T12:30:01.8966073-07:00" endTime="2022-06-13T12:30:01.8966073-07:00" testType="13cdc9d9-ddb5-4fa4-a97d-d965ccfc6d4b" outcome="Passed" testListId="8c84fa94-04c1-424b-9868-57a2d4851a1d" relativeResultsDirectory="7d07d6c3-dc17-48f0-94d3-95f5a2959462" />
    <UnitTestResult executionId="a51976fb-6434-4bfa-87d7-ff713fecde83" testId="2c5ac178-b50b-e72a-8b02-92e6e69034f2" testName="System.CommandLine.Tests.Help.HelpBuilderTests.Arguments_section_keeps_added_newlines" computerName="JOSEQU10" duration="00:00:00.0010000" startTime="2022-06-13T12:30:02.4456077-07:00" endTime="2022-06-13T12:30:02.4456077-07:00" testType="13cdc9d9-ddb5-4fa4-a97d-d965ccfc6d4b" outcome="Passed" testListId="8c84fa94-04c1-424b-9868-57a2d4851a1d" relativeResultsDirectory="a51976fb-6434-4bfa-87d7-ff713fecde83" />
    <UnitTestResult executionId="96a008ea-a54d-455e-9ac1-2406e0daf06f" testId="796d8216-5e0c-8aee-9f6c-d378b788beed" testName="System.CommandLine.Tests.ParsingValidationTests.A_root_command_is_invalid_if_it_has_no_handler" computerName="JOSEQU10" duration="00:00:00.0010000" startTime="2022-06-13T12:30:02.5946070-07:00" endTime="2022-06-13T12:30:02.5946070-07:00" testType="13cdc9d9-ddb5-4fa4-a97d-d965ccfc6d4b" outcome="Passed" testListId="8c84fa94-04c1-424b-9868-57a2d4851a1d" relativeResultsDirectory="96a008ea-a54d-455e-9ac1-2406e0daf06f" />
    <UnitTestResult executionId="bb12359b-9d20-4402-bc15-6905039610ae" testId="bae20416-247d-b3bd-f849-0885607f52e5" testName="System.CommandLine.Tests.UseHelpTests.Help_sections_can_be_replaced" computerName="JOSEQU10" duration="00:00:00.0020000" startTime="2022-06-13T12:30:02.3806104-07:00" endTime="2022-06-13T12:30:02.3806104-07:00" testType="13cdc9d9-ddb5-4fa4-a97d-d965ccfc6d4b" outcome="Passed" testListId="8c84fa94-04c1-424b-9868-57a2d4851a1d" relativeResultsDirectory="bb12359b-9d20-4402-bc15-6905039610ae" />
    <UnitTestResult executionId="7cb7a2b6-8050-45c6-a7eb-ff0f1c093d3f" testId="7c9175fe-5729-dad0-7316-b8e640417016" testName="System.CommandLine.Tests.OptionTests.When_an_option_alias_is_added_and_contains_whitespace_then_an_informative_error_is_returned(alias: &quot; -x&quot;)" computerName="JOSEQU10" duration="00:00:00.0010000" startTime="2022-06-13T12:30:02.2536074-07:00" endTime="2022-06-13T12:30:02.2536074-07:00" testType="13cdc9d9-ddb5-4fa4-a97d-d965ccfc6d4b" outcome="Passed" testListId="8c84fa94-04c1-424b-9868-57a2d4851a1d" relativeResultsDirectory="7cb7a2b6-8050-45c6-a7eb-ff0f1c093d3f" />
    <UnitTestResult executionId="357ee282-35fa-4689-9c1d-cab03d598616" testId="be4908a0-cb61-d6a1-5c2a-4b5574d53276" testName="System.CommandLine.Tests.ArgumentTests+CustomParsing.OnlyTake_throws_when_called_with_a_negative_value" computerName="JOSEQU10" duration="00:00:00.0010000" startTime="2022-06-13T12:30:02.6746059-07:00" endTime="2022-06-13T12:30:02.6746059-07:00" testType="13cdc9d9-ddb5-4fa4-a97d-d965ccfc6d4b" outcome="Passed" testListId="8c84fa94-04c1-424b-9868-57a2d4851a1d" relativeResultsDirectory="357ee282-35fa-4689-9c1d-cab03d598616" />
    <UnitTestResult executionId="719540c3-84be-42f3-a733-32ccac2f9632" testId="1b6ec68b-76c6-5be0-f25f-fb67d2bff9b5" testName="System.CommandLine.Tests.OptionTests.When_options_use_different_prefixes_they_still_work(prefix: &quot;--&quot;)" computerName="JOSEQU10" duration="00:00:00.0010000" startTime="2022-06-13T12:30:02.2746071-07:00" endTime="2022-06-13T12:30:02.2746071-07:00" testType="13cdc9d9-ddb5-4fa4-a97d-d965ccfc6d4b" outcome="Passed" testListId="8c84fa94-04c1-424b-9868-57a2d4851a1d" relativeResultsDirectory="719540c3-84be-42f3-a733-32ccac2f9632" />
    <UnitTestResult executionId="787150a7-96f8-49db-b32d-004b66174853" testId="ce8b6d54-908c-0d05-a007-a65d38aad14a" testName="System.CommandLine.Tests.CommandLineConfigurationTests.ThrowIfInvalid_does_not_throw_if_global_option_alias_is_the_same_as_subcommand_alias" computerName="JOSEQU10" duration="00:00:00.0290000" startTime="2022-06-13T12:30:01.4966104-07:00" endTime="2022-06-13T12:30:01.4966104-07:00" testType="13cdc9d9-ddb5-4fa4-a97d-d965ccfc6d4b" outcome="Passed" testListId="8c84fa94-04c1-424b-9868-57a2d4851a1d" relativeResultsDirectory="787150a7-96f8-49db-b32d-004b66174853" />
    <UnitTestResult executionId="ea0db480-bdca-437c-81ad-9f596eff94b2" testId="e5719df1-d45a-f496-677b-e8853cdbf8d5" testName="System.CommandLine.Tests.ParserTests.When_an_argument_with_a_default_value_is_not_matched_then_there_are_no_tokens" computerName="JOSEQU10" duration="00:00:00.0010000" startTime="2022-06-13T12:30:02.5636078-07:00" endTime="2022-06-13T12:30:02.5636078-07:00" testType="13cdc9d9-ddb5-4fa4-a97d-d965ccfc6d4b" outcome="Passed" testListId="8c84fa94-04c1-424b-9868-57a2d4851a1d" relativeResultsDirectory="ea0db480-bdca-437c-81ad-9f596eff94b2" />
    <UnitTestResult executionId="2651b298-edaf-4d6c-bbd1-fe9f5b5bee61" testId="184de548-7f99-9eb6-bdf9-38e9199c1a70" testName="System.CommandLine.Tests.Binding.TypeConversionTests.Bool_parses_as_true_when_the_option_has_been_applied(commandLine: &quot;the-command -x:true&quot;)" computerName="JOSEQU10" duration="00:00:00.0010000" startTime="2022-06-13T12:30:02.7606119-07:00" endTime="2022-06-13T12:30:02.7606119-07:00" testType="13cdc9d9-ddb5-4fa4-a97d-d965ccfc6d4b" outcome="Passed" testListId="8c84fa94-04c1-424b-9868-57a2d4851a1d" relativeResultsDirectory="2651b298-edaf-4d6c-bbd1-fe9f5b5bee61" />
    <UnitTestResult executionId="0bfd5b7d-3436-45aa-8009-1cf207136ccc" testId="962f0957-d9aa-afbb-13cf-1b43b0f1f548" testName="System.CommandLine.Tests.OptionTests.An_option_cannot_have_an_alias_consisting_entirely_of_whitespace" computerName="JOSEQU10" duration="00:00:00.0010000" startTime="2022-06-13T12:30:02.2586070-07:00" endTime="2022-06-13T12:30:02.2586070-07:00" testType="13cdc9d9-ddb5-4fa4-a97d-d965ccfc6d4b" outcome="Passed" testListId="8c84fa94-04c1-424b-9868-57a2d4851a1d" relativeResultsDirectory="0bfd5b7d-3436-45aa-8009-1cf207136ccc" />
    <UnitTestResult executionId="1c358a89-4784-4083-a469-242e98986e39" testId="f2e14c2f-1b47-3882-7e02-bba19a92b6f0" testName="System.CommandLine.Tests.CompletionContextTests.CommandLineText_is_preserved_when_adjusting_position" computerName="JOSEQU10" duration="00:00:00.0010000" startTime="2022-06-13T12:30:01.9346092-07:00" endTime="2022-06-13T12:30:01.9346092-07:00" testType="13cdc9d9-ddb5-4fa4-a97d-d965ccfc6d4b" outcome="Passed" testListId="8c84fa94-04c1-424b-9868-57a2d4851a1d" relativeResultsDirectory="1c358a89-4784-4083-a469-242e98986e39" />
    <UnitTestResult executionId="16ccdd1c-944d-4b34-b67e-8582ab1a2720" testId="c3b10790-3116-1ab1-67d0-f6c4ee18241e" testName="System.CommandLine.Tests.ResponseFileTests.When_response_file_does_not_exist_then_error_is_returned" computerName="JOSEQU10" duration="00:00:00.0010000" startTime="2022-06-13T12:30:02.5996075-07:00" endTime="2022-06-13T12:30:02.5996075-07:00" testType="13cdc9d9-ddb5-4fa4-a97d-d965ccfc6d4b" outcome="Passed" testListId="8c84fa94-04c1-424b-9868-57a2d4851a1d" relativeResultsDirectory="16ccdd1c-944d-4b34-b67e-8582ab1a2720" />
    <UnitTestResult executionId="1a880897-c356-4a7d-a0af-9994f0f13031" testId="71cb47c1-b665-18c8-4907-56702d586c39" testName="System.CommandLine.Tests.Help.HelpBuilderTests.Command_arguments_default_value_provided" computerName="JOSEQU10" duration="00:00:00.0010000" startTime="2022-06-13T12:30:02.3626059-07:00" endTime="2022-06-13T12:30:02.3626059-07:00" testType="13cdc9d9-ddb5-4fa4-a97d-d965ccfc6d4b" outcome="Passed" testListId="8c84fa94-04c1-424b-9868-57a2d4851a1d" relativeResultsDirectory="1a880897-c356-4a7d-a0af-9994f0f13031" />
    <UnitTestResult executionId="d8703ff6-135e-4f41-8f6e-193200926747" testId="c681b0ae-9925-9abe-dc77-cbdbb3af14c3" testName="System.CommandLine.Tests.RootCommandTests.Root_command_name_defaults_to_executable_name" computerName="JOSEQU10" duration="00:00:00.0220000" startTime="2022-06-13T12:30:01.4956068-07:00" endTime="2022-06-13T12:30:01.4956068-07:00" testType="13cdc9d9-ddb5-4fa4-a97d-d965ccfc6d4b" outcome="Passed" testListId="8c84fa94-04c1-424b-9868-57a2d4851a1d" relativeResultsDirectory="d8703ff6-135e-4f41-8f6e-193200926747" />
    <UnitTestResult executionId="b57fa206-65d1-4bf0-ae2d-ffb91b7cdba6" testId="af033f6f-ff17-5da5-ace1-14655933f6e7" testName="System.CommandLine.Tests.SuggestDirectiveTests.It_writes_suggestions_for_subcommand_aliases_under_root_command" computerName="JOSEQU10" duration="00:00:00.0010000" startTime="2022-06-13T12:30:01.9516084-07:00" endTime="2022-06-13T12:30:01.9516084-07:00" testType="13cdc9d9-ddb5-4fa4-a97d-d965ccfc6d4b" outcome="Passed" testListId="8c84fa94-04c1-424b-9868-57a2d4851a1d" relativeResultsDirectory="b57fa206-65d1-4bf0-ae2d-ffb91b7cdba6" />
    <UnitTestResult executionId="56f5239e-6a63-4318-8286-f45bc681e093" testId="dc753695-28fc-7895-1911-2a9696f33623" testName="System.CommandLine.Tests.ParsingValidationTests.Multiple_validators_on_the_same_argument_do_not_report_duplicate_errors" computerName="JOSEQU10" duration="00:00:00.0010000" startTime="2022-06-13T12:30:02.5346074-07:00" endTime="2022-06-13T12:30:02.5346074-07:00" testType="13cdc9d9-ddb5-4fa4-a97d-d965ccfc6d4b" outcome="Passed" testListId="8c84fa94-04c1-424b-9868-57a2d4851a1d" relativeResultsDirectory="56f5239e-6a63-4318-8286-f45bc681e093" />
    <UnitTestResult executionId="4308068c-5022-4acf-a3b8-522fd1016d4e" testId="3b0a7669-0934-cc00-73a1-f7af85f2fe1c" testName="System.CommandLine.Tests.ParserTests.Last_bundled_option_can_accept_argument_with_equals_separator" computerName="JOSEQU10" duration="00:00:00.0010000" startTime="2022-06-13T12:30:02.5076067-07:00" endTime="2022-06-13T12:30:02.5076067-07:00" testType="13cdc9d9-ddb5-4fa4-a97d-d965ccfc6d4b" outcome="Passed" testListId="8c84fa94-04c1-424b-9868-57a2d4851a1d" relativeResultsDirectory="4308068c-5022-4acf-a3b8-522fd1016d4e" />
    <UnitTestResult executionId="1fdae81f-1db7-446a-93e7-f4aee66b8a7d" testId="b36c40df-ab95-f89a-e3df-4d04ee091c56" testName="System.CommandLine.Tests.ParserTests.Last_bundled_option_can_accept_argument_with_colon_separator" computerName="JOSEQU10" duration="00:00:00.0010000" startTime="2022-06-13T12:30:02.3476065-07:00" endTime="2022-06-13T12:30:02.3476065-07:00" testType="13cdc9d9-ddb5-4fa4-a97d-d965ccfc6d4b" outcome="Passed" testListId="8c84fa94-04c1-424b-9868-57a2d4851a1d" relativeResultsDirectory="1fdae81f-1db7-446a-93e7-f4aee66b8a7d" />
    <UnitTestResult executionId="6c9cebc0-6af6-4571-be51-c01a0eb7704c" testId="855abe32-3a51-02f7-fed0-bee2a12a4c89" testName="System.CommandLine.Tests.ParserTests+MultipleArguments.When_there_are_not_enough_tokens_for_all_arguments_then_the_correct_number_of_errors_is_reported(providedArgs: &quot;a b&quot;)" computerName="JOSEQU10" duration="00:00:00.0010000" startTime="2022-06-13T12:30:01.7116083-07:00" endTime="2022-06-13T12:30:01.7116083-07:00" testType="13cdc9d9-ddb5-4fa4-a97d-d965ccfc6d4b" outcome="Passed" testListId="8c84fa94-04c1-424b-9868-57a2d4851a1d" relativeResultsDirectory="6c9cebc0-6af6-4571-be51-c01a0eb7704c" />
    <UnitTestResult executionId="215d45ce-1b10-40be-9872-cf5899c7276d" testId="4f0e7a32-d868-2ac0-c230-21d5cbdd997c" testName="System.CommandLine.Tests.Help.HelpBuilderTests.Usage_section_does_not_show_additional_arguments_when_TreatUnmatchedTokensAsErrors_is_not_specified" computerName="JOSEQU10" duration="00:00:00.0010000" startTime="2022-06-13T12:30:02.6346067-07:00" endTime="2022-06-13T12:30:02.6346067-07:00" testType="13cdc9d9-ddb5-4fa4-a97d-d965ccfc6d4b" outcome="Passed" testListId="8c84fa94-04c1-424b-9868-57a2d4851a1d" relativeResultsDirectory="215d45ce-1b10-40be-9872-cf5899c7276d" />
    <UnitTestResult executionId="bb0bcbb5-20fa-4e5a-a408-292f0f398d39" testId="3cfc624a-e79e-e5fd-bbbe-c5061decabce" testName="System.CommandLine.Tests.ParsingValidationTests+PathValidity.LegalFilePathsOnly_rejects_option_arguments_containing_invalid_path_characters" computerName="JOSEQU10" duration="00:00:00.0020000" startTime="2022-06-13T12:30:02.1966064-07:00" endTime="2022-06-13T12:30:02.1966064-07:00" testType="13cdc9d9-ddb5-4fa4-a97d-d965ccfc6d4b" outcome="Passed" testListId="8c84fa94-04c1-424b-9868-57a2d4851a1d" relativeResultsDirectory="bb0bcbb5-20fa-4e5a-a408-292f0f398d39" />
    <UnitTestResult executionId="652a95be-def2-4e0a-a6e3-c5b28e74cddb" testId="ba2992c1-3a06-18c7-4fa6-02c81c02a39a" testName="System.CommandLine.Tests.Help.HelpBuilderTests.Arguments_section_uses_description_if_provided" computerName="JOSEQU10" duration="00:00:00.0010000" startTime="2022-06-13T12:30:02.2096070-07:00" endTime="2022-06-13T12:30:02.2096070-07:00" testType="13cdc9d9-ddb5-4fa4-a97d-d965ccfc6d4b" outcome="Passed" testListId="8c84fa94-04c1-424b-9868-57a2d4851a1d" relativeResultsDirectory="652a95be-def2-4e0a-a6e3-c5b28e74cddb" />
    <UnitTestResult executionId="ed73cfa7-e1be-4cea-98d9-755dd6c3ce2f" testId="a80ee12c-98b7-989f-9903-ecbdaac2a498" testName="System.CommandLine.Tests.Binding.TypeConversionTests.Values_can_be_correctly_converted_to_nullable_TimeSpan_without_the_parser_specifying_a_custom_converter" computerName="JOSEQU10" duration="00:00:00.0020000" startTime="2022-06-13T12:30:02.6956084-07:00" endTime="2022-06-13T12:30:02.6956084-07:00" testType="13cdc9d9-ddb5-4fa4-a97d-d965ccfc6d4b" outcome="Passed" testListId="8c84fa94-04c1-424b-9868-57a2d4851a1d" relativeResultsDirectory="ed73cfa7-e1be-4cea-98d9-755dd6c3ce2f" />
    <UnitTestResult executionId="457466ad-1650-463d-8177-bc9b48cf19ee" testId="39549c99-6b87-bc45-d690-02a35cc82fc4" testName="System.CommandLine.Tests.ParsingValidationTests.When_an_option_has_a_default_value_it_is_not_valid_to_specify_the_option_without_an_argument" computerName="JOSEQU10" duration="00:00:00.0010000" startTime="2022-06-13T12:30:02.5626076-07:00" endTime="2022-06-13T12:30:02.5626076-07:00" testType="13cdc9d9-ddb5-4fa4-a97d-d965ccfc6d4b" outcome="Passed" testListId="8c84fa94-04c1-424b-9868-57a2d4851a1d" relativeResultsDirectory="457466ad-1650-463d-8177-bc9b48cf19ee" />
    <UnitTestResult executionId="f2c64ddc-1fe5-46f0-8e07-d345a0a4adbb" testId="4ff2ec2f-f7f2-aede-9def-7e479a8d13df" testName="System.CommandLine.Tests.Binding.TypeConversionTests.Max_arity_greater_than_1_converts_to_enumerable_types(minArity: 0, maxArity: 3, argumentType: typeof(System.Collections.Generic.List&lt;string&gt;))" computerName="JOSEQU10" duration="00:00:00.0010000" startTime="2022-06-13T12:30:02.7166085-07:00" endTime="2022-06-13T12:30:02.7166085-07:00" testType="13cdc9d9-ddb5-4fa4-a97d-d965ccfc6d4b" outcome="Passed" testListId="8c84fa94-04c1-424b-9868-57a2d4851a1d" relativeResultsDirectory="f2c64ddc-1fe5-46f0-8e07-d345a0a4adbb" />
    <UnitTestResult executionId="98ca145e-b208-4a9d-9f6b-b7f0a6e99ffb" testId="45d811de-230f-a3d8-24fa-6bb76d15f674" testName="System.CommandLine.Tests.ParserTests+RootCommandAndArg0.When_parsing_an_unsplit_string_then_input_a_full_path_to_an_executable_is_matched_by_the_root_command" computerName="JOSEQU10" duration="00:00:00.0980000" startTime="2022-06-13T12:30:02.6586075-07:00" endTime="2022-06-13T12:30:02.6586075-07:00" testType="13cdc9d9-ddb5-4fa4-a97d-d965ccfc6d4b" outcome="Failed" testListId="8c84fa94-04c1-424b-9868-57a2d4851a1d" relativeResultsDirectory="98ca145e-b208-4a9d-9f6b-b7f0a6e99ffb">
      <Output>
        <ErrorInfo>
          <Message>Expected string to be &#xD;
"C:\Program Files\dotnet\sdk\6.0.400-preview.22301.10\Extensions\..//TestHost\testhost.net462.x86.exe" with a length of 100, but &#xD;
"testhost.net462.x86" has a length of 19, differs near "tes" (index 0).</Message>
          <StackTrace>   at FluentAssertions.Execution.XUnit2TestFramework.Throw(String message)&#xD;
   at FluentAssertions.Execution.TestFrameworkProvider.Throw(String message)&#xD;
   at FluentAssertions.Execution.DefaultAssertionStrategy.HandleFailure(String message)&#xD;
   at FluentAssertions.Execution.AssertionScope.FailWith(Func`1 failReasonFunc)&#xD;
   at FluentAssertions.Execution.AssertionScope.FailWith(Func`1 failReasonFunc)&#xD;
   at FluentAssertions.Primitives.StringEqualityValidator.ValidateAgainstLengthDifferences()&#xD;
   at FluentAssertions.Primitives.StringValidator.Validate()&#xD;
   at FluentAssertions.Primitives.StringAssertions.Be(String expected, String because, Object[] becauseArgs)&#xD;
   at System.CommandLine.Tests.ParserTests.RootCommandAndArg0.When_parsing_an_unsplit_string_then_input_a_full_path_to_an_executable_is_matched_by_the_root_command() in C:\dev\command-line-api\src\System.CommandLine.Tests\ParserTests.RootCommandAndArg0.cs:line 81</StackTrace>
        </ErrorInfo>
      </Output>
    </UnitTestResult>
    <UnitTestResult executionId="055cc497-0099-43c7-bd36-f3b9ad0b265c" testId="73eb0c9e-c3f8-a788-f459-4182df886d5c" testName="System.CommandLine.Tests.ParserTests.When_an_option_with_a_default_value_is_not_matched_then_the_option_can_still_be_accessed_as_though_it_had_been_applied" computerName="JOSEQU10" duration="00:00:00.0010000" startTime="2022-06-13T12:30:02.5836072-07:00" endTime="2022-06-13T12:30:02.5836072-07:00" testType="13cdc9d9-ddb5-4fa4-a97d-d965ccfc6d4b" outcome="Passed" testListId="8c84fa94-04c1-424b-9868-57a2d4851a1d" relativeResultsDirectory="055cc497-0099-43c7-bd36-f3b9ad0b265c" />
    <UnitTestResult executionId="8ea537af-c88e-469b-84f6-61640e63be76" testId="6b15e0c3-c25e-f743-8f79-bfb356fc0bcd" testName="System.CommandLine.Tests.ParserTests+MultipleArguments.When_multiple_arguments_are_present_then_their_order_relative_to_sibling_options_is_not_significant(commandLine: &quot;one two three --verbose true four five&quot;)" computerName="JOSEQU10" duration="00:00:00.0010000" startTime="2022-06-13T12:30:01.8556084-07:00" endTime="2022-06-13T12:30:01.8556084-07:00" testType="13cdc9d9-ddb5-4fa4-a97d-d965ccfc6d4b" outcome="Passed" testListId="8c84fa94-04c1-424b-9868-57a2d4851a1d" relativeResultsDirectory="8ea537af-c88e-469b-84f6-61640e63be76" />
    <UnitTestResult executionId="cf399ebb-95bb-4d1e-a0b8-2b79d851fa80" testId="29b8e82f-600b-73b1-0135-fb57ef37a948" testName="System.CommandLine.Tests.SuggestDirectiveTests.It_writes_suggestions_for_option_aliases_under_subcommand(commandLine: &quot;[suggest:4] \&quot;eat\&quot;&quot;)" computerName="JOSEQU10" duration="00:00:00.0010000" startTime="2022-06-13T12:30:01.9676066-07:00" endTime="2022-06-13T12:30:01.9676066-07:00" testType="13cdc9d9-ddb5-4fa4-a97d-d965ccfc6d4b" outcome="Passed" testListId="8c84fa94-04c1-424b-9868-57a2d4851a1d" relativeResultsDirectory="cf399ebb-95bb-4d1e-a0b8-2b79d851fa80" />
    <UnitTestResult executionId="6f678ea7-4a84-4dc1-962c-177741387764" testId="1dbf939b-a139-0d4f-3c13-21f5cab51ba4" testName="System.CommandLine.Tests.Binding.TypeConversionTests.When_getting_a_single_value_and_specifying_a_conversion_type_that_is_not_supported_then_it_throws" computerName="JOSEQU10" duration="00:00:00.0010000" startTime="2022-06-13T12:30:02.7996112-07:00" endTime="2022-06-13T12:30:02.7996112-07:00" testType="13cdc9d9-ddb5-4fa4-a97d-d965ccfc6d4b" outcome="Passed" testListId="8c84fa94-04c1-424b-9868-57a2d4851a1d" relativeResultsDirectory="6f678ea7-4a84-4dc1-962c-177741387764" />
    <UnitTestResult executionId="a8eb666f-10b3-449a-bc9e-2c1471b3c7e1" testId="6301015f-0cca-e923-a2e2-4fb953ca481b" testName="System.CommandLine.Tests.ParserTests+MultiplePositions.When_an_argument_is_shared_between_an_outer_and_inner_command_then_specifying_in_one_does_not_result_in_error_on_other(commandLine: &quot;outer inner xyz&quot;)" computerName="JOSEQU10" duration="00:00:00.0010000" startTime="2022-06-13T12:30:01.7456074-07:00" endTime="2022-06-13T12:30:01.7456074-07:00" testType="13cdc9d9-ddb5-4fa4-a97d-d965ccfc6d4b" outcome="Passed" testListId="8c84fa94-04c1-424b-9868-57a2d4851a1d" relativeResultsDirectory="a8eb666f-10b3-449a-bc9e-2c1471b3c7e1" />
    <UnitTestResult executionId="02bb22db-c414-4a4a-a1f0-1986b826a3d5" testId="ae9f9f40-55a8-d345-9ec8-cbd38f882db2" testName="System.CommandLine.Tests.ParserTests.When_a_token_is_just_a_prefix_then_an_error_is_returned(prefix: &quot;/&quot;)" computerName="JOSEQU10" duration="00:00:00.0010000" startTime="2022-06-13T12:30:02.5096076-07:00" endTime="2022-06-13T12:30:02.5096076-07:00" testType="13cdc9d9-ddb5-4fa4-a97d-d965ccfc6d4b" outcome="Passed" testListId="8c84fa94-04c1-424b-9868-57a2d4851a1d" relativeResultsDirectory="02bb22db-c414-4a4a-a1f0-1986b826a3d5" />
    <UnitTestResult executionId="346d9d48-4be3-48e7-8a20-63964cfab90b" testId="5de0bd5c-f38f-b0ec-e4da-d8344ce07618" testName="System.CommandLine.Tests.OptionTests+MultipleArgumentsPerToken+Allowed.When_option_is_not_respecified_but_limit_is_not_reached_then_the_following_token_is_used_as_value" computerName="JOSEQU10" duration="00:00:00.0120000" startTime="2022-06-13T12:30:01.7816058-07:00" endTime="2022-06-13T12:30:01.7816058-07:00" testType="13cdc9d9-ddb5-4fa4-a97d-d965ccfc6d4b" outcome="Passed" testListId="8c84fa94-04c1-424b-9868-57a2d4851a1d" relativeResultsDirectory="346d9d48-4be3-48e7-8a20-63964cfab90b" />
    <UnitTestResult executionId="a27aabac-d64a-4337-83f4-8b132eeb9486" testId="3998fa14-d27c-171a-29fa-f0c4246f785c" testName="System.CommandLine.Tests.TokenReplacementTests.Token_replacer_can_expand_argument_values" computerName="JOSEQU10" duration="00:00:00.0010000" startTime="2022-06-13T12:30:02.0196063-07:00" endTime="2022-06-13T12:30:02.0196063-07:00" testType="13cdc9d9-ddb5-4fa4-a97d-d965ccfc6d4b" outcome="Passed" testListId="8c84fa94-04c1-424b-9868-57a2d4851a1d" relativeResultsDirectory="a27aabac-d64a-4337-83f4-8b132eeb9486" />
    <UnitTestResult executionId="84ddda73-3252-4a28-9788-d08c29bebfba" testId="d750886f-193d-c70b-33f7-af3f93c0c792" testName="System.CommandLine.Tests.UseHelpTests.UseHelp_with_custom_aliases_default_aliases_replaced(helpAlias: &quot;/?&quot;)" computerName="JOSEQU10" duration="00:00:00.0010000" startTime="2022-06-13T12:30:02.2446082-07:00" endTime="2022-06-13T12:30:02.2446082-07:00" testType="13cdc9d9-ddb5-4fa4-a97d-d965ccfc6d4b" outcome="Passed" testListId="8c84fa94-04c1-424b-9868-57a2d4851a1d" relativeResultsDirectory="84ddda73-3252-4a28-9788-d08c29bebfba" />
    <UnitTestResult executionId="fbbc9612-c9b5-4e1a-8fed-b7d2b1c7b3b5" testId="a450d5c2-6095-a8ae-6185-5b03610216eb" testName="System.CommandLine.Tests.Binding.TypeConversionTests.Sequence_type_defaults_to_empty_when_not_specified(sequenceType: typeof(int[]))" computerName="JOSEQU10" duration="00:00:00.0010000" startTime="2022-06-13T12:30:02.6916081-07:00" endTime="2022-06-13T12:30:02.6916081-07:00" testType="13cdc9d9-ddb5-4fa4-a97d-d965ccfc6d4b" outcome="Passed" testListId="8c84fa94-04c1-424b-9868-57a2d4851a1d" relativeResultsDirectory="fbbc9612-c9b5-4e1a-8fed-b7d2b1c7b3b5" />
    <UnitTestResult executionId="63b53968-3f6d-4b4a-9773-2fd1aaddb6f1" testId="76a69a57-9df8-454f-d98d-3486d55d8e1b" testName="System.CommandLine.Tests.OptionTests.Raw_aliases_are_exposed_by_an_option" computerName="JOSEQU10" duration="00:00:00.0010000" startTime="2022-06-13T12:30:02.2936063-07:00" endTime="2022-06-13T12:30:02.2936063-07:00" testType="13cdc9d9-ddb5-4fa4-a97d-d965ccfc6d4b" outcome="Passed" testListId="8c84fa94-04c1-424b-9868-57a2d4851a1d" relativeResultsDirectory="63b53968-3f6d-4b4a-9773-2fd1aaddb6f1" />
    <UnitTestResult executionId="afa40457-114a-431c-b2b1-d08ae8f2091f" testId="3905dcc0-4216-e64c-25d9-017be63e6388" testName="System.CommandLine.Tests.CommandTests.Aliases_is_aware_of_added_alias" computerName="JOSEQU10" duration="00:00:00.0010000" startTime="2022-06-13T12:30:02.1916085-07:00" endTime="2022-06-13T12:30:02.1916085-07:00" testType="13cdc9d9-ddb5-4fa4-a97d-d965ccfc6d4b" outcome="Passed" testListId="8c84fa94-04c1-424b-9868-57a2d4851a1d" relativeResultsDirectory="afa40457-114a-431c-b2b1-d08ae8f2091f" />
    <UnitTestResult executionId="f8475eb0-e00a-45e7-90b4-7f9ffb401203" testId="81487ad1-000f-0edc-a541-17fba0554618" testName="System.CommandLine.Tests.Help.HelpBuilderTests.Help_describes_default_value_for_subcommand_with_arguments_and_only_defaultable_is_shown" computerName="JOSEQU10" duration="00:00:00.0010000" startTime="2022-06-13T12:30:02.6466064-07:00" endTime="2022-06-13T12:30:02.6466064-07:00" testType="13cdc9d9-ddb5-4fa4-a97d-d965ccfc6d4b" outcome="Passed" testListId="8c84fa94-04c1-424b-9868-57a2d4851a1d" relativeResultsDirectory="f8475eb0-e00a-45e7-90b4-7f9ffb401203" />
    <UnitTestResult executionId="69257259-f055-4617-bdb4-3dc37a0f7730" testId="7e4f7fab-8021-c82a-8ca8-da38e6a0375e" testName="System.CommandLine.Tests.ArgumentTests+CustomParsing.custom_parsing_of_sequence_value_from_an_argument_with_multiple_tokens" computerName="JOSEQU10" duration="00:00:00.0120000" startTime="2022-06-13T12:30:02.3926089-07:00" endTime="2022-06-13T12:30:02.3926089-07:00" testType="13cdc9d9-ddb5-4fa4-a97d-d965ccfc6d4b" outcome="Passed" testListId="8c84fa94-04c1-424b-9868-57a2d4851a1d" relativeResultsDirectory="69257259-f055-4617-bdb4-3dc37a0f7730" />
    <UnitTestResult executionId="7326bede-e895-4349-9b50-696cabb7e898" testId="7ed4e480-d7a1-f434-b88f-451952d05542" testName="System.CommandLine.Tests.UseHelpTests.UseHelp_accepts_default_values(value: &quot;-h&quot;)" computerName="JOSEQU10" duration="00:00:00.0010000" startTime="2022-06-13T12:30:02.4136076-07:00" endTime="2022-06-13T12:30:02.4136076-07:00" testType="13cdc9d9-ddb5-4fa4-a97d-d965ccfc6d4b" outcome="Passed" testListId="8c84fa94-04c1-424b-9868-57a2d4851a1d" relativeResultsDirectory="7326bede-e895-4349-9b50-696cabb7e898" />
    <UnitTestResult executionId="ab9a63eb-9462-4184-89e6-df84b61829e4" testId="c55cf5c9-0386-12e9-3a4e-6f748fad011e" testName="System.CommandLine.Tests.ParserTests+MultipleArguments.Multiple_arguments_can_differ_by_type" computerName="JOSEQU10" duration="00:00:00.0090000" startTime="2022-06-13T12:30:01.8846083-07:00" endTime="2022-06-13T12:30:01.8846083-07:00" testType="13cdc9d9-ddb5-4fa4-a97d-d965ccfc6d4b" outcome="Passed" testListId="8c84fa94-04c1-424b-9868-57a2d4851a1d" relativeResultsDirectory="ab9a63eb-9462-4184-89e6-df84b61829e4" />
    <UnitTestResult executionId="a07e6e59-13ae-44a1-b6bd-e06b0c049ab5" testId="6479efde-1f0e-e8e5-435c-7dd67e297cfc" testName="System.CommandLine.Tests.Invocation.InvocationExtensionsTests.RootCommand_Invoke_can_set_custom_result_code" computerName="JOSEQU10" duration="00:00:00.0140000" startTime="2022-06-13T12:30:01.9036092-07:00" endTime="2022-06-13T12:30:01.9036092-07:00" testType="13cdc9d9-ddb5-4fa4-a97d-d965ccfc6d4b" outcome="Passed" testListId="8c84fa94-04c1-424b-9868-57a2d4851a1d" relativeResultsDirectory="a07e6e59-13ae-44a1-b6bd-e06b0c049ab5" />
    <UnitTestResult executionId="e77dab65-c03f-4e76-938c-e1b52f324349" testId="04f86dd9-4b52-df8d-9979-fcc8c29577fe" testName="System.CommandLine.Tests.ParserTests.Absolute_unix_style_paths_are_lexed_correctly" computerName="JOSEQU10" duration="00:00:00.0020000" startTime="2022-06-13T12:30:02.5556077-07:00" endTime="2022-06-13T12:30:02.5556077-07:00" testType="13cdc9d9-ddb5-4fa4-a97d-d965ccfc6d4b" outcome="Passed" testListId="8c84fa94-04c1-424b-9868-57a2d4851a1d" relativeResultsDirectory="e77dab65-c03f-4e76-938c-e1b52f324349" />
    <UnitTestResult executionId="b07fe7ef-c8d0-419f-b713-80092d56276c" testId="a50526f2-0b5b-bfa2-e280-5d7eeb2d80ac" testName="System.CommandLine.Tests.ParsingValidationTests.When_FromAmong_is_used_for_multiple_arguments_and_invalid_input_is_provided_for_the_first_one_then_the_error_is_informative" computerName="JOSEQU10" duration="00:00:00.0010000" startTime="2022-06-13T12:30:02.5766079-07:00" endTime="2022-06-13T12:30:02.5766079-07:00" testType="13cdc9d9-ddb5-4fa4-a97d-d965ccfc6d4b" outcome="Passed" testListId="8c84fa94-04c1-424b-9868-57a2d4851a1d" relativeResultsDirectory="b07fe7ef-c8d0-419f-b713-80092d56276c" />
    <UnitTestResult executionId="015813bc-b52c-4d7b-abe7-56e4708394a0" testId="97efa692-a0ad-c3b6-05d4-50eab519851d" testName="System.CommandLine.Tests.Invocation.InvocationPipelineTests.General_invocation_middleware_can_be_specified_in_the_CommandLineBuilder" computerName="JOSEQU10" duration="00:00:00.0010000" startTime="2022-06-13T12:30:02.2766093-07:00" endTime="2022-06-13T12:30:02.2766093-07:00" testType="13cdc9d9-ddb5-4fa4-a97d-d965ccfc6d4b" outcome="Passed" testListId="8c84fa94-04c1-424b-9868-57a2d4851a1d" relativeResultsDirectory="015813bc-b52c-4d7b-abe7-56e4708394a0" />
    <UnitTestResult executionId="1be680b6-c2cc-4441-b3b0-f0b565779d5d" testId="1d988a50-8ab9-6e95-67d1-cfdbed0e3055" testName="System.CommandLine.Tests.CommandTests.ParseResult_Command_identifies_innermost_command(input: &quot;outer inner arg inner-er&quot;, expectedCommand: &quot;inner-er&quot;)" computerName="JOSEQU10" duration="00:00:00.0010000" startTime="2022-06-13T12:30:02.0976077-07:00" endTime="2022-06-13T12:30:02.0976077-07:00" testType="13cdc9d9-ddb5-4fa4-a97d-d965ccfc6d4b" outcome="Passed" testListId="8c84fa94-04c1-424b-9868-57a2d4851a1d" relativeResultsDirectory="1be680b6-c2cc-4441-b3b0-f0b565779d5d" />
    <UnitTestResult executionId="7c8a3537-4c3d-4061-a164-146e927b80f3" testId="1c9080b6-c2e9-9e5e-f725-e2ae6417dfa7" testName="System.CommandLine.Tests.Help.HelpBuilderTests.Commands_without_arguments_do_not_produce_extra_newlines_between_usage_and_options_sections" computerName="JOSEQU10" duration="00:00:00.0010000" startTime="2022-06-13T12:30:02.1686080-07:00" endTime="2022-06-13T12:30:02.1686080-07:00" testType="13cdc9d9-ddb5-4fa4-a97d-d965ccfc6d4b" outcome="Passed" testListId="8c84fa94-04c1-424b-9868-57a2d4851a1d" relativeResultsDirectory="7c8a3537-4c3d-4061-a164-146e927b80f3" />
    <UnitTestResult executionId="b6e49e7c-aab5-46d2-80ce-5edc7794ea54" testId="4ad0ed94-8848-7f0a-6dcf-2ea144627864" testName="System.CommandLine.Tests.DirectiveTests.Directives_must_have_a_non_empty_key(directive: &quot;[]&quot;)" computerName="JOSEQU10" duration="00:00:00.0010000" startTime="2022-06-13T12:30:01.8186091-07:00" endTime="2022-06-13T12:30:01.8186091-07:00" testType="13cdc9d9-ddb5-4fa4-a97d-d965ccfc6d4b" outcome="Passed" testListId="8c84fa94-04c1-424b-9868-57a2d4851a1d" relativeResultsDirectory="b6e49e7c-aab5-46d2-80ce-5edc7794ea54" />
    <UnitTestResult executionId="64e29308-2fa1-4aa9-b3db-752a1e59619a" testId="ae665f18-a704-d3f5-b197-370c962df54c" testName="System.CommandLine.Tests.ParserTests.When_an_option_argument_is_enclosed_in_double_quotes_its_value_retains_the_quotes(arg1: &quot;-x=&quot;, arg2: &quot;\&quot;hello\&quot;&quot;)" computerName="JOSEQU10" duration="00:00:00.0010000" startTime="2022-06-13T12:30:02.0636079-07:00" endTime="2022-06-13T12:30:02.0636079-07:00" testType="13cdc9d9-ddb5-4fa4-a97d-d965ccfc6d4b" outcome="Passed" testListId="8c84fa94-04c1-424b-9868-57a2d4851a1d" relativeResultsDirectory="64e29308-2fa1-4aa9-b3db-752a1e59619a" />
    <UnitTestResult executionId="56d6a877-d1ff-4a26-a621-3a53bdee27d7" testId="b5ad250c-5414-614e-aaf8-e8cc6504a266" testName="System.CommandLine.Tests.Binding.TypeConversionTests.Sequence_type_defaults_to_empty_when_not_specified(sequenceType: typeof(System.Collections.Generic.IList&lt;System.IO.FileAccess&gt;))" computerName="JOSEQU10" duration="00:00:00.0010000" startTime="2022-06-13T12:30:02.6846072-07:00" endTime="2022-06-13T12:30:02.6846072-07:00" testType="13cdc9d9-ddb5-4fa4-a97d-d965ccfc6d4b" outcome="Passed" testListId="8c84fa94-04c1-424b-9868-57a2d4851a1d" relativeResultsDirectory="56d6a877-d1ff-4a26-a621-3a53bdee27d7" />
    <UnitTestResult executionId="2839d34a-6470-4653-9804-6eb048a8ad29" testId="b9cca1c7-0d89-2973-0b01-60b1d8752be2" testName="System.CommandLine.Tests.ResponseFileTests.Response_file_can_provide_subcommand" computerName="JOSEQU10" duration="00:00:00.0050000" startTime="2022-06-13T12:30:02.6196061-07:00" endTime="2022-06-13T12:30:02.6196061-07:00" testType="13cdc9d9-ddb5-4fa4-a97d-d965ccfc6d4b" outcome="Passed" testListId="8c84fa94-04c1-424b-9868-57a2d4851a1d" relativeResultsDirectory="2839d34a-6470-4653-9804-6eb048a8ad29" />
    <UnitTestResult executionId="d1132457-aadc-4cf7-8f29-a8372ee47352" testId="a8cdaeff-e928-ff8a-2e2a-8b2cf641c90e" testName="System.CommandLine.Tests.CompletionTests.Parser_options_can_supply_context_sensitive_matches" computerName="JOSEQU10" duration="00:00:00.0100000" startTime="2022-06-13T12:30:02.1736080-07:00" endTime="2022-06-13T12:30:02.1736080-07:00" testType="13cdc9d9-ddb5-4fa4-a97d-d965ccfc6d4b" outcome="Passed" testListId="8c84fa94-04c1-424b-9868-57a2d4851a1d" relativeResultsDirectory="d1132457-aadc-4cf7-8f29-a8372ee47352" />
    <UnitTestResult executionId="8114c5f7-6a0b-41d3-8ce3-9112f5e5ec1d" testId="15d39bf6-fe74-b6d6-9228-bc180fefb2a7" testName="System.CommandLine.Tests.CompletionTests.Arguments_of_type_enum_provide_enum_values_as_suggestions" computerName="JOSEQU10" duration="00:00:00.0010000" startTime="2022-06-13T12:30:01.9496075-07:00" endTime="2022-06-13T12:30:01.9496075-07:00" testType="13cdc9d9-ddb5-4fa4-a97d-d965ccfc6d4b" outcome="Passed" testListId="8c84fa94-04c1-424b-9868-57a2d4851a1d" relativeResultsDirectory="8114c5f7-6a0b-41d3-8ce3-9112f5e5ec1d" />
    <UnitTestResult executionId="51910017-1eb0-4290-9d20-818b2aa02f6c" testId="473c66a7-9f23-0ad9-7bf7-affc6856090f" testName="System.CommandLine.Tests.Binding.SetHandlerTests.Binding_is_correct_for_Func_overload_having_arity_(arity: 4)" computerName="JOSEQU10" duration="00:00:00.0010000" startTime="2022-06-13T12:30:02.0346069-07:00" endTime="2022-06-13T12:30:02.0346069-07:00" testType="13cdc9d9-ddb5-4fa4-a97d-d965ccfc6d4b" outcome="Passed" testListId="8c84fa94-04c1-424b-9868-57a2d4851a1d" relativeResultsDirectory="51910017-1eb0-4290-9d20-818b2aa02f6c" />
    <UnitTestResult executionId="33229f0e-0cd0-4979-8bb7-8c630d30992b" testId="bfc9a12e-730a-1f91-f170-3e12c631435a" testName="System.CommandLine.Tests.Binding.TypeConversionTests.The_default_value_of_a_bool_option_with_no_arguments_is_true" computerName="JOSEQU10" duration="00:00:00.0010000" startTime="2022-06-13T12:30:02.8066091-07:00" endTime="2022-06-13T12:30:02.8066091-07:00" testType="13cdc9d9-ddb5-4fa4-a97d-d965ccfc6d4b" outcome="Passed" testListId="8c84fa94-04c1-424b-9868-57a2d4851a1d" relativeResultsDirectory="33229f0e-0cd0-4979-8bb7-8c630d30992b" />
    <UnitTestResult executionId="16deb372-e98b-4379-be55-43baec95022a" testId="99684b5e-7811-ecfc-41cf-dad188e4e3df" testName="System.CommandLine.Tests.Binding.TypeConversionTests.Enum_values_can_be_correctly_converted_based_on_enum_value_name_without_the_parser_specifying_a_custom_converter" computerName="JOSEQU10" duration="00:00:00.0010000" startTime="2022-06-13T12:30:02.7836097-07:00" endTime="2022-06-13T12:30:02.7836097-07:00" testType="13cdc9d9-ddb5-4fa4-a97d-d965ccfc6d4b" outcome="Passed" testListId="8c84fa94-04c1-424b-9868-57a2d4851a1d" relativeResultsDirectory="16deb372-e98b-4379-be55-43baec95022a" />
    <UnitTestResult executionId="ce88ce52-c7d5-4034-b973-8792b8474ab8" testId="80d5b6ef-25b2-34b9-5425-84e942903912" testName="System.CommandLine.Tests.Binding.TypeConversionTests.Values_can_be_correctly_converted_to_nullable_DateTimeOffset_without_the_parser_specifying_a_custom_converter" computerName="JOSEQU10" duration="00:00:00.0020000" startTime="2022-06-13T12:30:02.7866101-07:00" endTime="2022-06-13T12:30:02.7866101-07:00" testType="13cdc9d9-ddb5-4fa4-a97d-d965ccfc6d4b" outcome="Passed" testListId="8c84fa94-04c1-424b-9868-57a2d4851a1d" relativeResultsDirectory="ce88ce52-c7d5-4034-b973-8792b8474ab8" />
    <UnitTestResult executionId="add53a9d-4f24-48c4-ab55-dd0b61442f87" testId="51738dc9-764d-8ec3-5596-49b59903b160" testName="System.CommandLine.Tests.OptionTests+MultipleArgumentsPerToken+Disallowed.Single_option_arg_is_matched" computerName="JOSEQU10" duration="00:00:00.2500000" startTime="2022-06-13T12:30:01.7736063-07:00" endTime="2022-06-13T12:30:01.7736063-07:00" testType="13cdc9d9-ddb5-4fa4-a97d-d965ccfc6d4b" outcome="Passed" testListId="8c84fa94-04c1-424b-9868-57a2d4851a1d" relativeResultsDirectory="add53a9d-4f24-48c4-ab55-dd0b61442f87" />
    <UnitTestResult executionId="71021555-7864-45ff-b21b-4862f817adcc" testId="8ae29edf-494c-07da-ced6-d3d84deea937" testName="System.CommandLine.Tests.ArgumentTests.When_there_is_no_default_value_then_GetDefaultValue_throws" computerName="JOSEQU10" duration="00:00:00.0020000" startTime="2022-06-13T12:30:01.9056070-07:00" endTime="2022-06-13T12:30:01.9056070-07:00" testType="13cdc9d9-ddb5-4fa4-a97d-d965ccfc6d4b" outcome="Passed" testListId="8c84fa94-04c1-424b-9868-57a2d4851a1d" relativeResultsDirectory="71021555-7864-45ff-b21b-4862f817adcc" />
    <UnitTestResult executionId="bfb98b67-4ea0-45b5-8433-d3f7121d7b36" testId="68495141-bc51-fe79-33e1-9f43e238ce6d" testName="System.CommandLine.Tests.ParserTests.Parsed_value_of_empty_string_arg_is_an_empty_string(arg1: &quot;--exec-prefix=&quot;, arg2: &quot;&quot;)" computerName="JOSEQU10" duration="00:00:00.0010000" startTime="2022-06-13T12:30:02.0706159-07:00" endTime="2022-06-13T12:30:02.0706159-07:00" testType="13cdc9d9-ddb5-4fa4-a97d-d965ccfc6d4b" outcome="Passed" testListId="8c84fa94-04c1-424b-9868-57a2d4851a1d" relativeResultsDirectory="bfb98b67-4ea0-45b5-8433-d3f7121d7b36" />
    <UnitTestResult executionId="c1fd11f4-6f30-499a-b97e-7ebd0620f3d5" testId="00e76fc9-1063-a248-e7e6-a78661490a6d" testName="System.CommandLine.Tests.Help.HelpBuilderTests+Customization.Option_can_fallback_to_default_when_customizing(conditionA: False, conditionB: True, expected: &quot;--option &lt;option&gt;\\s*custom 2nd&quot;)" computerName="JOSEQU10" duration="00:00:00.0010000" startTime="2022-06-13T12:30:02.3536074-07:00" endTime="2022-06-13T12:30:02.3536074-07:00" testType="13cdc9d9-ddb5-4fa4-a97d-d965ccfc6d4b" outcome="Passed" testListId="8c84fa94-04c1-424b-9868-57a2d4851a1d" relativeResultsDirectory="c1fd11f4-6f30-499a-b97e-7ebd0620f3d5" />
    <UnitTestResult executionId="ce5aa8f8-4dc9-484e-b764-dc02e68ad710" testId="0b557c4d-f521-ec7c-76ad-b001c56a0e30" testName="System.CommandLine.Tests.ParsingValidationTests+PathValidity.LegalFilePathsOnly_rejects_command_arguments_containing_invalid_path_characters" computerName="JOSEQU10" duration="00:00:00.0160000" startTime="2022-06-13T12:30:02.1636072-07:00" endTime="2022-06-13T12:30:02.1636072-07:00" testType="13cdc9d9-ddb5-4fa4-a97d-d965ccfc6d4b" outcome="Passed" testListId="8c84fa94-04c1-424b-9868-57a2d4851a1d" relativeResultsDirectory="ce5aa8f8-4dc9-484e-b764-dc02e68ad710" />
    <UnitTestResult executionId="faa778c7-5b49-48bf-bca2-87da6fa47702" testId="b87fd0e6-98e7-4198-d719-7d9832377557" testName="System.CommandLine.Tests.CommandLineConfigurationTests.ThrowIfInvalid_throws_if_a_command_is_its_own_parent" computerName="JOSEQU10" duration="00:00:00.0010000" startTime="2022-06-13T12:30:01.5036063-07:00" endTime="2022-06-13T12:30:01.5036063-07:00" testType="13cdc9d9-ddb5-4fa4-a97d-d965ccfc6d4b" outcome="Passed" testListId="8c84fa94-04c1-424b-9868-57a2d4851a1d" relativeResultsDirectory="faa778c7-5b49-48bf-bca2-87da6fa47702" />
    <UnitTestResult executionId="075fd451-2310-47ee-8866-ea3993be09ae" testId="d199125b-17ff-0f25-fe5f-914b4463f2d7" testName="System.CommandLine.Tests.ParserTests+MultipleArguments.Tokens_that_cannot_be_converted_by_multiple_arity_argument_flow_to_next_multiple_arity_argument" computerName="JOSEQU10" duration="00:00:00.0020000" startTime="2022-06-13T12:30:02.5236376-07:00" endTime="2022-06-13T12:30:02.5236376-07:00" testType="13cdc9d9-ddb5-4fa4-a97d-d965ccfc6d4b" outcome="Passed" testListId="8c84fa94-04c1-424b-9868-57a2d4851a1d" relativeResultsDirectory="075fd451-2310-47ee-8866-ea3993be09ae" />
    <UnitTestResult executionId="5cfeea08-11be-435a-add4-b376c68818bb" testId="77bf0cb4-62b3-f26b-2970-1c2b044c1ba2" testName="System.CommandLine.Tests.ParsingValidationTests.When_an_option_accepts_only_specific_arguments_but_a_wrong_one_is_supplied_then_an_informative_error_is_returned" computerName="JOSEQU10" duration="00:00:00.0010000" startTime="2022-06-13T12:30:02.5926067-07:00" endTime="2022-06-13T12:30:02.5926067-07:00" testType="13cdc9d9-ddb5-4fa4-a97d-d965ccfc6d4b" outcome="Passed" testListId="8c84fa94-04c1-424b-9868-57a2d4851a1d" relativeResultsDirectory="5cfeea08-11be-435a-add4-b376c68818bb" />
    <UnitTestResult executionId="4a1c6946-b244-4e6a-9d82-5a5f8a3372e6" testId="f88ffaf1-4314-e4e7-c41a-60096c83b1ee" testName="System.CommandLine.Tests.Binding.TypeConversionTests.Values_can_be_correctly_converted_to_sbyte_without_the_parser_specifying_a_custom_converter" computerName="JOSEQU10" duration="00:00:00.0010000" startTime="2022-06-13T12:30:02.7466080-07:00" endTime="2022-06-13T12:30:02.7466080-07:00" testType="13cdc9d9-ddb5-4fa4-a97d-d965ccfc6d4b" outcome="Passed" testListId="8c84fa94-04c1-424b-9868-57a2d4851a1d" relativeResultsDirectory="4a1c6946-b244-4e6a-9d82-5a5f8a3372e6" />
    <UnitTestResult executionId="801f1f0c-2669-4032-af2d-c29cfe74001b" testId="ecfa0a7f-17b4-6a63-730b-a37350902a7b" testName="System.CommandLine.Tests.ParserTests.Original_order_of_tokens_is_preserved_in_ParseResult_Tokens(commandLine: &quot;--one \&quot;stuff in quotes\&quot; this-is-arg1 \&quot;this is a&quot;...)" computerName="JOSEQU10" duration="00:00:00.0310000" startTime="2022-06-13T12:30:02.2946062-07:00" endTime="2022-06-13T12:30:02.2946062-07:00" testType="13cdc9d9-ddb5-4fa4-a97d-d965ccfc6d4b" outcome="Passed" testListId="8c84fa94-04c1-424b-9868-57a2d4851a1d" relativeResultsDirectory="801f1f0c-2669-4032-af2d-c29cfe74001b" />
    <UnitTestResult executionId="b10eeb45-01f4-441f-95e0-a0ce1430d38f" testId="f246bb2c-56d4-7f0d-4ff9-fff93cbf744b" testName="System.CommandLine.Tests.ParserTests.Option_arguments_can_match_the_aliases_of_sibling_options_when_non_space_argument_delimiter_is_used(input: &quot;-x=-y&quot;)" computerName="JOSEQU10" duration="00:00:00.0010000" startTime="2022-06-13T12:30:02.5406073-07:00" endTime="2022-06-13T12:30:02.5406073-07:00" testType="13cdc9d9-ddb5-4fa4-a97d-d965ccfc6d4b" outcome="Passed" testListId="8c84fa94-04c1-424b-9868-57a2d4851a1d" relativeResultsDirectory="b10eeb45-01f4-441f-95e0-a0ce1430d38f" />
    <UnitTestResult executionId="6bd07adf-56bd-4725-aff5-b2a1e25b4fe3" testId="ca1c00e9-9a57-ee03-56f0-343df7c654f7" testName="System.CommandLine.Tests.Help.HelpBuilderTests.Usage_section_for_subcommand_shows_arguments_for_subcommand_and_parent_command" computerName="JOSEQU10" duration="00:00:00.0010000" startTime="2022-06-13T12:30:02.8186102-07:00" endTime="2022-06-13T12:30:02.8186102-07:00" testType="13cdc9d9-ddb5-4fa4-a97d-d965ccfc6d4b" outcome="Passed" testListId="8c84fa94-04c1-424b-9868-57a2d4851a1d" relativeResultsDirectory="6bd07adf-56bd-4725-aff5-b2a1e25b4fe3" />
    <UnitTestResult executionId="faf78e92-620e-48da-a0c1-ba21180bb3e5" testId="bf73cc87-e94c-0226-cd8b-fe502e163cad" testName="System.CommandLine.Tests.SuggestDirectiveTests.It_writes_suggestions_for_option_aliases_under_root_command(input: &quot;[suggest:0] &quot;)" computerName="JOSEQU10" duration="00:00:00.2810000" startTime="2022-06-13T12:30:01.9116073-07:00" endTime="2022-06-13T12:30:01.9116073-07:00" testType="13cdc9d9-ddb5-4fa4-a97d-d965ccfc6d4b" outcome="Passed" testListId="8c84fa94-04c1-424b-9868-57a2d4851a1d" relativeResultsDirectory="faf78e92-620e-48da-a0c1-ba21180bb3e5" />
    <UnitTestResult executionId="a1aa31fb-73dc-4ad6-bd5b-de17473911a9" testId="1def6e82-0829-700b-a9ac-048c5dece641" testName="System.CommandLine.Tests.Help.HelpBuilderTests.Help_describes_default_value_for_option_with_argument_having_default_value" computerName="JOSEQU10" duration="00:00:00.0010000" startTime="2022-06-13T12:30:02.8156084-07:00" endTime="2022-06-13T12:30:02.8156084-07:00" testType="13cdc9d9-ddb5-4fa4-a97d-d965ccfc6d4b" outcome="Passed" testListId="8c84fa94-04c1-424b-9868-57a2d4851a1d" relativeResultsDirectory="a1aa31fb-73dc-4ad6-bd5b-de17473911a9" />
    <UnitTestResult executionId="a7f257d8-241e-4657-a719-e4895f3f8db6" testId="762defa5-56d0-412f-438e-9508742c4a7e" testName="System.CommandLine.Tests.Invocation.TypoCorrectionTests.When_option_is_mistyped_it_is_suggested" computerName="JOSEQU10" duration="00:00:00.0090000" startTime="2022-06-13T12:30:02.4026079-07:00" endTime="2022-06-13T12:30:02.4026079-07:00" testType="13cdc9d9-ddb5-4fa4-a97d-d965ccfc6d4b" outcome="Passed" testListId="8c84fa94-04c1-424b-9868-57a2d4851a1d" relativeResultsDirectory="a7f257d8-241e-4657-a719-e4895f3f8db6" />
    <UnitTestResult executionId="10f1c99d-70c9-485d-836f-b634c6deb715" testId="43278dd0-ccff-e6a9-e941-e3143313b897" testName="System.CommandLine.Tests.ParserTests.Option_long_forms_do_not_get_unbundled" computerName="JOSEQU10" duration="00:00:00.0010000" startTime="2022-06-13T12:30:02.5696074-07:00" endTime="2022-06-13T12:30:02.5696074-07:00" testType="13cdc9d9-ddb5-4fa4-a97d-d965ccfc6d4b" outcome="Passed" testListId="8c84fa94-04c1-424b-9868-57a2d4851a1d" relativeResultsDirectory="10f1c99d-70c9-485d-836f-b634c6deb715" />
    <UnitTestResult executionId="d45d7994-2fb5-4282-81d8-ec161b371133" testId="975c0aee-4457-4720-3244-5e503ecd462c" testName="System.CommandLine.Tests.ParsingValidationTests.When_FromAmong_is_used_for_multiple_arguments_and_valid_input_is_provided_then_there_are_no_errors" computerName="JOSEQU10" duration="00:00:00.0010000" startTime="2022-06-13T12:30:02.5936073-07:00" endTime="2022-06-13T12:30:02.5936073-07:00" testType="13cdc9d9-ddb5-4fa4-a97d-d965ccfc6d4b" outcome="Passed" testListId="8c84fa94-04c1-424b-9868-57a2d4851a1d" relativeResultsDirectory="d45d7994-2fb5-4282-81d8-ec161b371133" />
    <UnitTestResult executionId="7cf56851-1096-4361-baf9-f440f4599830" testId="c6d8c8b9-d4e8-bb90-a6c7-ad2569fb3cc7" testName="System.CommandLine.Tests.Binding.TypeConversionTests.Values_can_be_correctly_converted_to_double_without_the_parser_specifying_a_custom_converter" computerName="JOSEQU10" duration="00:00:00.0010000" startTime="2022-06-13T12:30:02.7426073-07:00" endTime="2022-06-13T12:30:02.7426073-07:00" testType="13cdc9d9-ddb5-4fa4-a97d-d965ccfc6d4b" outcome="Passed" testListId="8c84fa94-04c1-424b-9868-57a2d4851a1d" relativeResultsDirectory="7cf56851-1096-4361-baf9-f440f4599830" />
    <UnitTestResult executionId="c26d5d86-d5ae-4d80-95d2-21ca07176fde" testId="b718c7fb-2b95-5e94-1ce2-941873d54365" testName="System.CommandLine.Tests.UseHelpTests.UseHelp_accepts_default_values(value: &quot;/?&quot;)" computerName="JOSEQU10" duration="00:00:00.0010000" startTime="2022-06-13T12:30:02.4106086-07:00" endTime="2022-06-13T12:30:02.4106086-07:00" testType="13cdc9d9-ddb5-4fa4-a97d-d965ccfc6d4b" outcome="Passed" testListId="8c84fa94-04c1-424b-9868-57a2d4851a1d" relativeResultsDirectory="c26d5d86-d5ae-4d80-95d2-21ca07176fde" />
    <UnitTestResult executionId="d280140f-2bcf-457d-8f10-79b5b827a7ae" testId="12c79e6a-5ef2-e2eb-e7cb-897e2a16665c" testName="System.CommandLine.Tests.CommandTests.ParseResult_Command_identifies_innermost_command(input: &quot;outer inner arg inner-er arg&quot;, expectedCommand: &quot;inner-er&quot;)" computerName="JOSEQU10" duration="00:00:00.0010000" startTime="2022-06-13T12:30:02.1016098-07:00" endTime="2022-06-13T12:30:02.1016098-07:00" testType="13cdc9d9-ddb5-4fa4-a97d-d965ccfc6d4b" outcome="Passed" testListId="8c84fa94-04c1-424b-9868-57a2d4851a1d" relativeResultsDirectory="d280140f-2bcf-457d-8f10-79b5b827a7ae" />
    <UnitTestResult executionId="fafb0bcb-099a-443c-af2e-3647752a3275" testId="8cf4db24-2e4a-e236-b1e9-ae83d4a83ed9" testName="System.CommandLine.Tests.OptionTests.Argument_takes_option_alias_as_its_name_when_it_is_not_provided" computerName="JOSEQU10" duration="00:00:00.0010000" startTime="2022-06-13T12:30:02.3586129-07:00" endTime="2022-06-13T12:30:02.3586129-07:00" testType="13cdc9d9-ddb5-4fa4-a97d-d965ccfc6d4b" outcome="Passed" testListId="8c84fa94-04c1-424b-9868-57a2d4851a1d" relativeResultsDirectory="fafb0bcb-099a-443c-af2e-3647752a3275" />
    <UnitTestResult executionId="f0f88e70-6b4e-4b29-911e-944974681877" testId="7cf68fea-1f0a-7fe9-7c59-5f8e97411d50" testName="System.CommandLine.Tests.CompletionTests.Completions_for_options_provide_a_description" computerName="JOSEQU10" duration="00:00:00.0080000" startTime="2022-06-13T12:30:02.0006090-07:00" endTime="2022-06-13T12:30:02.0006090-07:00" testType="13cdc9d9-ddb5-4fa4-a97d-d965ccfc6d4b" outcome="Passed" testListId="8c84fa94-04c1-424b-9868-57a2d4851a1d" relativeResultsDirectory="f0f88e70-6b4e-4b29-911e-944974681877" />
    <UnitTestResult executionId="c297dea1-a854-4e6b-b689-88e2429a4d3b" testId="08713170-2073-0042-3d34-3d0ddb730d0f" testName="System.CommandLine.Tests.GlobalOptionTests.Subcommands_with_global_option_should_propagate_option_to_children" computerName="JOSEQU10" duration="00:00:00.0010000" startTime="2022-06-13T12:30:01.7546066-07:00" endTime="2022-06-13T12:30:01.7546066-07:00" testType="13cdc9d9-ddb5-4fa4-a97d-d965ccfc6d4b" outcome="Passed" testListId="8c84fa94-04c1-424b-9868-57a2d4851a1d" relativeResultsDirectory="c297dea1-a854-4e6b-b689-88e2429a4d3b" />
    <UnitTestResult executionId="9ac5ac8a-8ca3-4fbd-8aad-c958bc0c45e2" testId="3fa5e22a-dc83-342e-57d7-fd76de21a7e2" testName="System.CommandLine.Tests.Help.HelpBuilderTests.Command_argument_usage_indicates_enums_values(nullable: True)" computerName="JOSEQU10" duration="00:00:00.0010000" startTime="2022-06-13T12:30:02.4516068-07:00" endTime="2022-06-13T12:30:02.4516068-07:00" testType="13cdc9d9-ddb5-4fa4-a97d-d965ccfc6d4b" outcome="Passed" testListId="8c84fa94-04c1-424b-9868-57a2d4851a1d" relativeResultsDirectory="9ac5ac8a-8ca3-4fbd-8aad-c958bc0c45e2" />
    <UnitTestResult executionId="72a7a0af-71ed-491a-8725-30f3b7fb0c11" testId="ef6c779e-dde0-7973-4a96-afcb357d4861" testName="System.CommandLine.Tests.ParsingValidationTests.When_a_required_option_is_allowed_at_more_than_one_position_it_only_needs_to_be_satisfied_in_one(commandLine: &quot;-x arg subcommand&quot;)" computerName="JOSEQU10" duration="00:00:00.0010000" startTime="2022-06-13T12:30:02.5726079-07:00" endTime="2022-06-13T12:30:02.5726079-07:00" testType="13cdc9d9-ddb5-4fa4-a97d-d965ccfc6d4b" outcome="Passed" testListId="8c84fa94-04c1-424b-9868-57a2d4851a1d" relativeResultsDirectory="72a7a0af-71ed-491a-8725-30f3b7fb0c11" />
    <UnitTestResult executionId="13cfa638-a9a2-4f0f-891c-8e600e368837" testId="b10a885d-e6e4-8505-1fcf-7086d3761c32" testName="System.CommandLine.Tests.UseHelpTests.Layout_can_be_composed_dynamically_based_on_context" computerName="JOSEQU10" duration="00:00:00.0020000" startTime="2022-06-13T12:30:02.2996061-07:00" endTime="2022-06-13T12:30:02.2996061-07:00" testType="13cdc9d9-ddb5-4fa4-a97d-d965ccfc6d4b" outcome="Passed" testListId="8c84fa94-04c1-424b-9868-57a2d4851a1d" relativeResultsDirectory="13cfa638-a9a2-4f0f-891c-8e600e368837" />
    <UnitTestResult executionId="a77001c8-8e64-4f7e-bbcb-e92753925be0" testId="e5dab2f0-3620-fd09-04be-87614dc788f5" testName="System.CommandLine.Tests.Help.HelpBuilderTests.Arguments_section_uses_name_over_suggestions_if_specified" computerName="JOSEQU10" duration="00:00:00.0020000" startTime="2022-06-13T12:30:02.3576089-07:00" endTime="2022-06-13T12:30:02.3576089-07:00" testType="13cdc9d9-ddb5-4fa4-a97d-d965ccfc6d4b" outcome="Passed" testListId="8c84fa94-04c1-424b-9868-57a2d4851a1d" relativeResultsDirectory="a77001c8-8e64-4f7e-bbcb-e92753925be0" />
    <UnitTestResult executionId="7bec7fc7-2b48-47a0-9322-f3c6edcd50e6" testId="c8a0e1d0-6712-2c11-2fd6-9d0cf00f178c" testName="System.CommandLine.Tests.ParserTests+MultipleArguments.When_there_are_not_enough_tokens_for_all_arguments_then_the_correct_number_of_errors_is_reported(providedArgs: &quot;a&quot;)" computerName="JOSEQU10" duration="00:00:00.0010000" startTime="2022-06-13T12:30:01.7106060-07:00" endTime="2022-06-13T12:30:01.7106060-07:00" testType="13cdc9d9-ddb5-4fa4-a97d-d965ccfc6d4b" outcome="Passed" testListId="8c84fa94-04c1-424b-9868-57a2d4851a1d" relativeResultsDirectory="7bec7fc7-2b48-47a0-9322-f3c6edcd50e6" />
    <UnitTestResult executionId="46175e2e-b1e0-4090-8638-c40f4e0811b4" testId="b4a6de44-2c77-c4dc-85b9-3fc4638f76e7" testName="System.CommandLine.Tests.Binding.TypeConversionTests.Sequence_type_defaults_to_empty_when_not_specified(sequenceType: typeof(string[]))" computerName="JOSEQU10" duration="00:00:00.0010000" startTime="2022-06-13T12:30:02.6906087-07:00" endTime="2022-06-13T12:30:02.6906087-07:00" testType="13cdc9d9-ddb5-4fa4-a97d-d965ccfc6d4b" outcome="Passed" testListId="8c84fa94-04c1-424b-9868-57a2d4851a1d" relativeResultsDirectory="46175e2e-b1e0-4090-8638-c40f4e0811b4" />
    <UnitTestResult executionId="1ea6f16a-6000-4a58-a49e-e76d3c3ab485" testId="bab55f50-cf76-acb2-247d-8822b28defba" testName="System.CommandLine.Tests.UseHelpTests.Help_sections_can_be_supplemented" computerName="JOSEQU10" duration="00:00:00.0020000" startTime="2022-06-13T12:30:02.3496062-07:00" endTime="2022-06-13T12:30:02.3496062-07:00" testType="13cdc9d9-ddb5-4fa4-a97d-d965ccfc6d4b" outcome="Passed" testListId="8c84fa94-04c1-424b-9868-57a2d4851a1d" relativeResultsDirectory="1ea6f16a-6000-4a58-a49e-e76d3c3ab485" />
    <UnitTestResult executionId="38c4fa59-bfb7-4fd6-aadc-d70afb6c0e01" testId="d4efeab0-aff4-3d76-ac40-e597d003c798" testName="System.CommandLine.Tests.CompletionTests.Default_completions_can_be_cleared_and_replaced" computerName="JOSEQU10" duration="00:00:00.0010000" startTime="2022-06-13T12:30:02.2236063-07:00" endTime="2022-06-13T12:30:02.2236063-07:00" testType="13cdc9d9-ddb5-4fa4-a97d-d965ccfc6d4b" outcome="Passed" testListId="8c84fa94-04c1-424b-9868-57a2d4851a1d" relativeResultsDirectory="38c4fa59-bfb7-4fd6-aadc-d70afb6c0e01" />
    <UnitTestResult executionId="91461f3e-7cb8-4f1f-be45-a19bf0c9c683" testId="21233428-6d0f-2766-c573-4b185be8d47b" testName="System.CommandLine.Tests.VersionOptionTests.Version_is_not_valid_with_other_tokens(commandLine: &quot;--version -x&quot;)" computerName="JOSEQU10" duration="00:00:00.0030000" startTime="2022-06-13T12:30:02.4466078-07:00" endTime="2022-06-13T12:30:02.4466078-07:00" testType="13cdc9d9-ddb5-4fa4-a97d-d965ccfc6d4b" outcome="Passed" testListId="8c84fa94-04c1-424b-9868-57a2d4851a1d" relativeResultsDirectory="91461f3e-7cb8-4f1f-be45-a19bf0c9c683" />
    <UnitTestResult executionId="d882b28b-2017-4b57-9117-3f310f50a598" testId="f5342758-e8c4-a438-2214-3b4e93287b4b" testName="System.CommandLine.Tests.Binding.TypeConversionTests.Values_can_be_correctly_converted_to_ulong_without_the_parser_specifying_a_custom_converter" computerName="JOSEQU10" duration="00:00:00.0010000" startTime="2022-06-13T12:30:02.7986115-07:00" endTime="2022-06-13T12:30:02.7986115-07:00" testType="13cdc9d9-ddb5-4fa4-a97d-d965ccfc6d4b" outcome="Passed" testListId="8c84fa94-04c1-424b-9868-57a2d4851a1d" relativeResultsDirectory="d882b28b-2017-4b57-9117-3f310f50a598" />
    <UnitTestResult executionId="f8400ca6-9905-440c-996d-b512dc9e7a35" testId="630c6c49-100e-a3ad-5145-7055a4cb1dd9" testName="System.CommandLine.Tests.OptionTests.When_options_use_different_prefixes_they_still_work(prefix: &quot;/&quot;)" computerName="JOSEQU10" duration="00:00:00.0010000" startTime="2022-06-13T12:30:02.2716077-07:00" endTime="2022-06-13T12:30:02.2716077-07:00" testType="13cdc9d9-ddb5-4fa4-a97d-d965ccfc6d4b" outcome="Passed" testListId="8c84fa94-04c1-424b-9868-57a2d4851a1d" relativeResultsDirectory="f8400ca6-9905-440c-996d-b512dc9e7a35" />
    <UnitTestResult executionId="cd3d93f4-6adb-4db8-84b6-0611a0765973" testId="065bd49c-bca8-50e5-e9aa-0a8b80dafd43" testName="System.CommandLine.Tests.ArgumentTests+CustomParsing.Parse_delegate_is_called_when_Option_Arity_allows_zero_tokens(commandLine: &quot;--bananas argument-is-specified&quot;, expectedValue: &quot;argument-is-specified&quot;)" computerName="JOSEQU10" duration="00:00:00.0010000" startTime="2022-06-13T12:30:02.3446091-07:00" endTime="2022-06-13T12:30:02.3446091-07:00" testType="13cdc9d9-ddb5-4fa4-a97d-d965ccfc6d4b" outcome="Passed" testListId="8c84fa94-04c1-424b-9868-57a2d4851a1d" relativeResultsDirectory="cd3d93f4-6adb-4db8-84b6-0611a0765973" />
    <UnitTestResult executionId="749c9ef9-b774-42e1-8b5f-2c1b806db0ff" testId="4184f5af-b2d4-e1c0-6da7-7cb6bdb12e9c" testName="System.CommandLine.Tests.ParsingValidationTests.When_FromAmong_is_used_for_multiple_arguments_and_invalid_input_is_provided_for_the_second_one_then_the_error_is_informative" computerName="JOSEQU10" duration="00:00:00.0010000" startTime="2022-06-13T12:30:02.5446076-07:00" endTime="2022-06-13T12:30:02.5446076-07:00" testType="13cdc9d9-ddb5-4fa4-a97d-d965ccfc6d4b" outcome="Passed" testListId="8c84fa94-04c1-424b-9868-57a2d4851a1d" relativeResultsDirectory="749c9ef9-b774-42e1-8b5f-2c1b806db0ff" />
    <UnitTestResult executionId="5e1b2072-a4f2-458b-a73a-bc79671bfb4c" testId="c0891627-3bb1-c366-1b42-62017a5f4ae1" testName="System.CommandLine.Tests.CommandExtensionsTests.Invoke_extension_method_reuses_implicit_parser_instance" computerName="JOSEQU10" duration="00:00:00.0270000" startTime="2022-06-13T12:30:01.8916084-07:00" endTime="2022-06-13T12:30:01.8916084-07:00" testType="13cdc9d9-ddb5-4fa4-a97d-d965ccfc6d4b" outcome="Passed" testListId="8c84fa94-04c1-424b-9868-57a2d4851a1d" relativeResultsDirectory="5e1b2072-a4f2-458b-a73a-bc79671bfb4c" />
    <UnitTestResult executionId="87cba9fa-add9-4adc-88d4-422c51a11bd7" testId="59d0c6a8-10a5-60e4-4ac6-0d58451cb54b" testName="System.CommandLine.Tests.Parsing.CommandLineStringSplitterTests.It_handles_multiple_options_with_quoted_arguments" computerName="JOSEQU10" duration="00:00:00.0080000" startTime="2022-06-13T12:30:01.9976087-07:00" endTime="2022-06-13T12:30:01.9976087-07:00" testType="13cdc9d9-ddb5-4fa4-a97d-d965ccfc6d4b" outcome="Passed" testListId="8c84fa94-04c1-424b-9868-57a2d4851a1d" relativeResultsDirectory="87cba9fa-add9-4adc-88d4-422c51a11bd7" />
    <UnitTestResult executionId="60af2861-8f11-4ac8-bb7b-cb233c5cd5e2" testId="3474595f-fbe7-422c-7477-9509bdb7f598" testName="System.CommandLine.Tests.Binding.TypeConversionTests.A_default_value_of_a_non_string_type_can_be_specified" computerName="JOSEQU10" duration="00:00:00.0010000" startTime="2022-06-13T12:30:02.7626116-07:00" endTime="2022-06-13T12:30:02.7626116-07:00" testType="13cdc9d9-ddb5-4fa4-a97d-d965ccfc6d4b" outcome="Passed" testListId="8c84fa94-04c1-424b-9868-57a2d4851a1d" relativeResultsDirectory="60af2861-8f11-4ac8-bb7b-cb233c5cd5e2" />
    <UnitTestResult executionId="91ebdf42-49c3-45e5-b58e-a6e0d1ac90e3" testId="83ff5d7b-9071-fe06-758f-9e6c41df7f7b" testName="System.CommandLine.Tests.OptionTests.An_option_cannot_have_an_empty_alias" computerName="JOSEQU10" duration="00:00:00.0010000" startTime="2022-06-13T12:30:02.2346079-07:00" endTime="2022-06-13T12:30:02.2346079-07:00" testType="13cdc9d9-ddb5-4fa4-a97d-d965ccfc6d4b" outcome="Passed" testListId="8c84fa94-04c1-424b-9868-57a2d4851a1d" relativeResultsDirectory="91ebdf42-49c3-45e5-b58e-a6e0d1ac90e3" />
    <UnitTestResult executionId="2d98bc1d-f5af-4cd3-a16d-4bd36055fba6" testId="f638df31-8a0d-db4d-fe3c-0deb5376bf30" testName="System.CommandLine.Tests.ParserTests+MultipleArguments.Tokens_that_cannot_be_converted_by_multiple_arity_argument_flow_to_next_single_arity_argument" computerName="JOSEQU10" duration="00:00:00.1100000" startTime="2022-06-13T12:30:02.5136069-07:00" endTime="2022-06-13T12:30:02.5136069-07:00" testType="13cdc9d9-ddb5-4fa4-a97d-d965ccfc6d4b" outcome="Passed" testListId="8c84fa94-04c1-424b-9868-57a2d4851a1d" relativeResultsDirectory="2d98bc1d-f5af-4cd3-a16d-4bd36055fba6" />
    <UnitTestResult executionId="20b06da5-9a7f-4d94-b22d-b1e240ba2751" testId="18573e1e-05cf-dc5c-8acf-f32456ac11de" testName="System.CommandLine.Tests.Help.HelpBuilderTests.Arguments_section_does_not_repeat_arguments_that_appear_on_parent_command" computerName="JOSEQU10" duration="00:00:00.0010000" startTime="2022-06-13T12:30:02.3756080-07:00" endTime="2022-06-13T12:30:02.3756080-07:00" testType="13cdc9d9-ddb5-4fa4-a97d-d965ccfc6d4b" outcome="Passed" testListId="8c84fa94-04c1-424b-9868-57a2d4851a1d" relativeResultsDirectory="20b06da5-9a7f-4d94-b22d-b1e240ba2751" />
    <UnitTestResult executionId="8c42e317-e1c6-4c3c-ba7b-6a65e6c823ab" testId="09b482a0-0997-2d0e-5d16-1f362bb8254e" testName="System.CommandLine.Tests.SuggestDirectiveTests.It_writes_suggestions_for_option_arguments_when_under_root_command" computerName="JOSEQU10" duration="00:00:00.0080000" startTime="2022-06-13T12:30:01.9976087-07:00" endTime="2022-06-13T12:30:01.9976087-07:00" testType="13cdc9d9-ddb5-4fa4-a97d-d965ccfc6d4b" outcome="Passed" testListId="8c84fa94-04c1-424b-9868-57a2d4851a1d" relativeResultsDirectory="8c42e317-e1c6-4c3c-ba7b-6a65e6c823ab" />
    <UnitTestResult executionId="d80f50b6-536d-441c-9645-b16ce5e84824" testId="614bc178-bb41-5381-800a-1ca982d71716" testName="System.CommandLine.Tests.Binding.TypeConversionTests.Max_arity_greater_than_1_converts_to_enumerable_types(minArity: 1, maxArity: 100000, argumentType: typeof(System.Collections.Generic.ICollection&lt;string&gt;))" computerName="JOSEQU10" duration="00:00:00.0010000" startTime="2022-06-13T12:30:02.7176085-07:00" endTime="2022-06-13T12:30:02.7176085-07:00" testType="13cdc9d9-ddb5-4fa4-a97d-d965ccfc6d4b" outcome="Passed" testListId="8c84fa94-04c1-424b-9868-57a2d4851a1d" relativeResultsDirectory="d80f50b6-536d-441c-9645-b16ce5e84824" />
    <UnitTestResult executionId="8c3988eb-8626-4ab9-8135-46ef58848bd8" testId="1e064cbf-72e6-4084-0606-4cc44e078cd2" testName="System.CommandLine.Tests.ParseDiagramTests.Parse_diagram_shows_type_conversion_errors" computerName="JOSEQU10" duration="00:00:00.0150000" startTime="2022-06-13T12:30:01.7916074-07:00" endTime="2022-06-13T12:30:01.7916074-07:00" testType="13cdc9d9-ddb5-4fa4-a97d-d965ccfc6d4b" outcome="Passed" testListId="8c84fa94-04c1-424b-9868-57a2d4851a1d" relativeResultsDirectory="8c3988eb-8626-4ab9-8135-46ef58848bd8" />
    <UnitTestResult executionId="50cef6ad-1581-4ce7-87d6-2cbeffd776da" testId="a2d275df-4bf1-d3f9-a19e-312ba274cf77" testName="System.CommandLine.Tests.Binding.TypeConversionTests.Nullable_bool_parses_as_false_when_the_option_has_been_applied(commandLine: &quot;the-command -x false&quot;)" computerName="JOSEQU10" duration="00:00:00.0010000" startTime="2022-06-13T12:30:02.7356064-07:00" endTime="2022-06-13T12:30:02.7356064-07:00" testType="13cdc9d9-ddb5-4fa4-a97d-d965ccfc6d4b" outcome="Passed" testListId="8c84fa94-04c1-424b-9868-57a2d4851a1d" relativeResultsDirectory="50cef6ad-1581-4ce7-87d6-2cbeffd776da" />
    <UnitTestResult executionId="e56fea33-50d6-4ae2-b4fd-42c4956c9d21" testId="57c75c70-0ec8-6225-c67c-b00754051474" testName="System.CommandLine.Tests.OptionTests.When_options_use_different_prefixes_they_still_work(prefix: &quot;-&quot;)" computerName="JOSEQU10" duration="00:00:00.0010000" startTime="2022-06-13T12:30:02.2726087-07:00" endTime="2022-06-13T12:30:02.2726087-07:00" testType="13cdc9d9-ddb5-4fa4-a97d-d965ccfc6d4b" outcome="Passed" testListId="8c84fa94-04c1-424b-9868-57a2d4851a1d" relativeResultsDirectory="e56fea33-50d6-4ae2-b4fd-42c4956c9d21" />
    <UnitTestResult executionId="33706a79-b1bb-4794-9bc1-be9823578ba6" testId="699e0078-ff67-f67d-2b9f-71f874666e85" testName="System.CommandLine.Tests.Invocation.TypoCorrectionTests.Hidden_options_are_not_suggested" computerName="JOSEQU10" duration="00:00:00.1110000" startTime="2022-06-13T12:30:02.2986061-07:00" endTime="2022-06-13T12:30:02.2986061-07:00" testType="13cdc9d9-ddb5-4fa4-a97d-d965ccfc6d4b" outcome="Passed" testListId="8c84fa94-04c1-424b-9868-57a2d4851a1d" relativeResultsDirectory="33706a79-b1bb-4794-9bc1-be9823578ba6" />
    <UnitTestResult executionId="00e4cc3d-10f9-488e-9df4-5a1fb7604fa4" testId="412dc1bd-9e71-ca8f-24ad-386219764ec6" testName="System.CommandLine.Tests.CommandTests.Commands_can_have_aliases" computerName="JOSEQU10" duration="00:00:00.0010000" startTime="2022-06-13T12:30:02.1806064-07:00" endTime="2022-06-13T12:30:02.1806064-07:00" testType="13cdc9d9-ddb5-4fa4-a97d-d965ccfc6d4b" outcome="Passed" testListId="8c84fa94-04c1-424b-9868-57a2d4851a1d" relativeResultsDirectory="00e4cc3d-10f9-488e-9df4-5a1fb7604fa4" />
    <UnitTestResult executionId="ad9d5745-3d4d-4ee4-9da5-c0c873d8d677" testId="6d65999e-1b01-00d0-01d1-e6c7d3a6f6a4" testName="System.CommandLine.Tests.Help.HelpBuilderTests.Command_name_in_synopsis_can_be_specified" computerName="JOSEQU10" duration="00:00:00.0100000" startTime="2022-06-13T12:30:02.1596065-07:00" endTime="2022-06-13T12:30:02.1596065-07:00" testType="13cdc9d9-ddb5-4fa4-a97d-d965ccfc6d4b" outcome="Passed" testListId="8c84fa94-04c1-424b-9868-57a2d4851a1d" relativeResultsDirectory="ad9d5745-3d4d-4ee4-9da5-c0c873d8d677" />
    <UnitTestResult executionId="2b9c31b3-6f2e-432b-989b-458c3eeaccad" testId="5761ad12-f445-ce5c-3583-155df0ef31ed" testName="System.CommandLine.Tests.ArgumentTests.Parse_extension_method_reuses_implicit_parser_instance" computerName="JOSEQU10" duration="00:00:00.0010000" startTime="2022-06-13T12:30:01.9106070-07:00" endTime="2022-06-13T12:30:01.9106070-07:00" testType="13cdc9d9-ddb5-4fa4-a97d-d965ccfc6d4b" outcome="Passed" testListId="8c84fa94-04c1-424b-9868-57a2d4851a1d" relativeResultsDirectory="2b9c31b3-6f2e-432b-989b-458c3eeaccad" />
    <UnitTestResult executionId="56f624a4-f937-40f2-9f7a-4154e6816a63" testId="e65ba778-3817-e3dd-e946-c7d1e6b3e1df" testName="System.CommandLine.Tests.ParserTests.Nested_commands_with_colliding_names_cannot_both_be_applied" computerName="JOSEQU10" duration="00:00:00.0010000" startTime="2022-06-13T12:30:02.5286075-07:00" endTime="2022-06-13T12:30:02.5286075-07:00" testType="13cdc9d9-ddb5-4fa4-a97d-d965ccfc6d4b" outcome="Passed" testListId="8c84fa94-04c1-424b-9868-57a2d4851a1d" relativeResultsDirectory="56f624a4-f937-40f2-9f7a-4154e6816a63" />
    <UnitTestResult executionId="fe2e26b8-ba34-4123-9762-4c020e8f121a" testId="d9480657-c36c-1879-c6e9-dbca807ea5e2" testName="System.CommandLine.Tests.EnvironmentVariableDirectiveTests.Ignores_environment_directive_without_equals_sign" computerName="JOSEQU10" duration="00:00:00.0080000" startTime="2022-06-13T12:30:01.7856069-07:00" endTime="2022-06-13T12:30:01.7856069-07:00" testType="13cdc9d9-ddb5-4fa4-a97d-d965ccfc6d4b" outcome="Passed" testListId="8c84fa94-04c1-424b-9868-57a2d4851a1d" relativeResultsDirectory="fe2e26b8-ba34-4123-9762-4c020e8f121a" />
    <UnitTestResult executionId="9fb2fb9f-b1c3-496a-9d5c-f1c3057151c3" testId="4fcf7664-68f0-a073-3eb5-cb544245f477" testName="System.CommandLine.Tests.Help.HelpBuilderTests.Subcommand_help_contains_command_with_empty_description" computerName="JOSEQU10" duration="00:00:00.0010000" startTime="2022-06-13T12:30:02.8326105-07:00" endTime="2022-06-13T12:30:02.8326105-07:00" testType="13cdc9d9-ddb5-4fa4-a97d-d965ccfc6d4b" outcome="Passed" testListId="8c84fa94-04c1-424b-9868-57a2d4851a1d" relativeResultsDirectory="9fb2fb9f-b1c3-496a-9d5c-f1c3057151c3" />
    <UnitTestResult executionId="0173cc36-be5b-4e0e-9229-11354d6de22c" testId="ca524d45-13c3-e32e-1280-fda00b8e7c7f" testName="System.CommandLine.Tests.DirectiveTests.Directives_can_be_disabled" computerName="JOSEQU10" duration="00:00:00.0010000" startTime="2022-06-13T12:30:01.8036068-07:00" endTime="2022-06-13T12:30:01.8036068-07:00" testType="13cdc9d9-ddb5-4fa4-a97d-d965ccfc6d4b" outcome="Passed" testListId="8c84fa94-04c1-424b-9868-57a2d4851a1d" relativeResultsDirectory="0173cc36-be5b-4e0e-9229-11354d6de22c" />
    <UnitTestResult executionId="5489f10e-4680-4591-b3ea-427af1d17d84" testId="7aac0fd5-b87d-5b03-7dec-d3b9f7c95d28" testName="System.CommandLine.Tests.CommandTests.When_Name_is_set_to_its_current_value_then_it_is_not_removed_from_aliases" computerName="JOSEQU10" duration="00:00:00.0010000" startTime="2022-06-13T12:30:02.1476064-07:00" endTime="2022-06-13T12:30:02.1476064-07:00" testType="13cdc9d9-ddb5-4fa4-a97d-d965ccfc6d4b" outcome="Passed" testListId="8c84fa94-04c1-424b-9868-57a2d4851a1d" relativeResultsDirectory="5489f10e-4680-4591-b3ea-427af1d17d84" />
    <UnitTestResult executionId="538949ed-efb4-4edc-91b4-35336fc04644" testId="7119413e-e57c-f21d-5779-fcfcd0145e21" testName="System.CommandLine.Tests.CompletionTests.Both_subcommands_and_options_are_available_as_suggestions" computerName="JOSEQU10" duration="00:00:00.0010000" startTime="2022-06-13T12:30:02.0176062-07:00" endTime="2022-06-13T12:30:02.0176062-07:00" testType="13cdc9d9-ddb5-4fa4-a97d-d965ccfc6d4b" outcome="Passed" testListId="8c84fa94-04c1-424b-9868-57a2d4851a1d" relativeResultsDirectory="538949ed-efb4-4edc-91b4-35336fc04644" />
    <UnitTestResult executionId="9819bce9-dc2c-4520-b229-8040b8ad2c87" testId="cf51281b-37fb-1297-5497-358eb26c5740" testName="System.CommandLine.Tests.Binding.TypeConversionTests.Nullable_bool_parses_as_true_when_the_option_has_been_applied(commandLine: &quot;the-command -x&quot;)" computerName="JOSEQU10" duration="00:00:00.0010000" startTime="2022-06-13T12:30:02.7536111-07:00" endTime="2022-06-13T12:30:02.7536111-07:00" testType="13cdc9d9-ddb5-4fa4-a97d-d965ccfc6d4b" outcome="Passed" testListId="8c84fa94-04c1-424b-9868-57a2d4851a1d" relativeResultsDirectory="9819bce9-dc2c-4520-b229-8040b8ad2c87" />
    <UnitTestResult executionId="956d8d5f-0144-464b-b090-4992ada33450" testId="8728cd3b-db11-89aa-c2c2-619494b43a8e" testName="System.CommandLine.Tests.ParsingValidationTests.A_custom_validator_added_to_a_global_option_is_checked(commandLine: &quot;--value 123&quot;)" computerName="JOSEQU10" duration="00:00:00.0020000" startTime="2022-06-13T12:30:02.5246053-07:00" endTime="2022-06-13T12:30:02.5246053-07:00" testType="13cdc9d9-ddb5-4fa4-a97d-d965ccfc6d4b" outcome="Passed" testListId="8c84fa94-04c1-424b-9868-57a2d4851a1d" relativeResultsDirectory="956d8d5f-0144-464b-b090-4992ada33450" />
    <UnitTestResult executionId="f30d7144-7504-45a2-ab1c-0adfe87df65c" testId="1dc3e485-e296-f5d9-f271-1712d6690fdf" testName="System.CommandLine.Tests.CompletionTests.When_parsing_from_array_if_the_proximate_option_is_completed_then_completions_consider_other_option_tokens" computerName="JOSEQU10" duration="00:00:00.0010000" startTime="2022-06-13T12:30:02.2136087-07:00" endTime="2022-06-13T12:30:02.2136087-07:00" testType="13cdc9d9-ddb5-4fa4-a97d-d965ccfc6d4b" outcome="Passed" testListId="8c84fa94-04c1-424b-9868-57a2d4851a1d" relativeResultsDirectory="f30d7144-7504-45a2-ab1c-0adfe87df65c" />
    <UnitTestResult executionId="6a4c26c3-658e-4505-9336-7c6a662919dc" testId="75d5f092-1977-d9a5-922e-d35f550c184f" testName="System.CommandLine.Tests.ResponseFileTests.When_response_file_processing_is_disabled_then_it_returns_response_file_name_as_argument" computerName="JOSEQU10" duration="00:00:00.0020000" startTime="2022-06-13T12:30:02.6046099-07:00" endTime="2022-06-13T12:30:02.6046099-07:00" testType="13cdc9d9-ddb5-4fa4-a97d-d965ccfc6d4b" outcome="Passed" testListId="8c84fa94-04c1-424b-9868-57a2d4851a1d" relativeResultsDirectory="6a4c26c3-658e-4505-9336-7c6a662919dc" />
    <UnitTestResult executionId="5b2f1b60-bec6-401c-bbc6-fd27d4d98537" testId="8afc5f37-5c9f-05f1-a907-b9d3a86ff4ef" testName="System.CommandLine.Tests.Binding.TypeConversionTests.Argument_infers_arity_of_IEnumerable_types_as_OneOrMore(type: typeof(int[]))" computerName="JOSEQU10" duration="00:00:00.0010000" startTime="2022-06-13T12:30:02.7796089-07:00" endTime="2022-06-13T12:30:02.7796089-07:00" testType="13cdc9d9-ddb5-4fa4-a97d-d965ccfc6d4b" outcome="Passed" testListId="8c84fa94-04c1-424b-9868-57a2d4851a1d" relativeResultsDirectory="5b2f1b60-bec6-401c-bbc6-fd27d4d98537" />
    <UnitTestResult executionId="d4a80e01-40f4-43e8-ade0-0007011f7960" testId="50974a82-736f-8ed8-0499-235801288c51" testName="System.CommandLine.Tests.Binding.TypeConversionTests.Values_can_be_correctly_converted_to_nullable_decimal_without_the_parser_specifying_a_custom_converter" computerName="JOSEQU10" duration="00:00:00.0020000" startTime="2022-06-13T12:30:02.8056105-07:00" endTime="2022-06-13T12:30:02.8056105-07:00" testType="13cdc9d9-ddb5-4fa4-a97d-d965ccfc6d4b" outcome="Passed" testListId="8c84fa94-04c1-424b-9868-57a2d4851a1d" relativeResultsDirectory="d4a80e01-40f4-43e8-ade0-0007011f7960" />
    <UnitTestResult executionId="8b63278b-edda-44f9-8cfe-6680034c27b6" testId="41740b73-0f5d-aabe-8c4f-3c46cc63add2" testName="System.CommandLine.Tests.DirectiveTests.Directives_must_be_the_first_argument" computerName="JOSEQU10" duration="00:00:00.0010000" startTime="2022-06-13T12:30:01.8246072-07:00" endTime="2022-06-13T12:30:01.8246072-07:00" testType="13cdc9d9-ddb5-4fa4-a97d-d965ccfc6d4b" outcome="Passed" testListId="8c84fa94-04c1-424b-9868-57a2d4851a1d" relativeResultsDirectory="8b63278b-edda-44f9-8cfe-6680034c27b6" />
    <UnitTestResult executionId="15058a36-ea82-4a2b-9935-af7d56b3f4a7" testId="46cd727a-c1d2-4fdd-a223-6a2705ce63bd" testName="System.CommandLine.Tests.Binding.TypeConversionTests.Nullable_bool_parses_as_null_when_the_option_has_not_been_applied" computerName="JOSEQU10" duration="00:00:00.0010000" startTime="2022-06-13T12:30:02.7916102-07:00" endTime="2022-06-13T12:30:02.7916102-07:00" testType="13cdc9d9-ddb5-4fa4-a97d-d965ccfc6d4b" outcome="Passed" testListId="8c84fa94-04c1-424b-9868-57a2d4851a1d" relativeResultsDirectory="15058a36-ea82-4a2b-9935-af7d56b3f4a7" />
    <UnitTestResult executionId="e19d71c7-906b-4b65-b0f1-6ffb5a263770" testId="126b408e-6cd4-1009-ac15-690b45ec3d29" testName="System.CommandLine.Tests.Binding.TypeConversionTests.Nullable_bool_parses_as_true_when_the_option_has_been_applied(commandLine: &quot;the-command -x:true&quot;)" computerName="JOSEQU10" duration="00:00:00.0010000" startTime="2022-06-13T12:30:02.7566118-07:00" endTime="2022-06-13T12:30:02.7566118-07:00" testType="13cdc9d9-ddb5-4fa4-a97d-d965ccfc6d4b" outcome="Passed" testListId="8c84fa94-04c1-424b-9868-57a2d4851a1d" relativeResultsDirectory="e19d71c7-906b-4b65-b0f1-6ffb5a263770" />
    <UnitTestResult executionId="1be0a394-81d2-4650-8907-882ea2f9e575" testId="f23b9530-1aa3-4624-74e0-9d51378c158f" testName="System.CommandLine.Tests.Binding.TypeConversionTests.Values_can_be_correctly_converted_to_nullable_byte_without_the_parser_specifying_a_custom_converter" computerName="JOSEQU10" duration="00:00:00.0020000" startTime="2022-06-13T12:30:02.7516107-07:00" endTime="2022-06-13T12:30:02.7516107-07:00" testType="13cdc9d9-ddb5-4fa4-a97d-d965ccfc6d4b" outcome="Passed" testListId="8c84fa94-04c1-424b-9868-57a2d4851a1d" relativeResultsDirectory="1be0a394-81d2-4650-8907-882ea2f9e575" />
    <UnitTestResult executionId="3d3090e1-12fa-4a2e-b7de-37e647e06425" testId="9660105a-5220-ee33-0c49-e88a33d03481" testName="System.CommandLine.Tests.ParserTests+MultiplePositions.A_command_can_be_specified_in_more_than_one_position(commandLine: &quot;outer inner1 reused --the-option 123&quot;, expectedParent: &quot;inner1&quot;)" computerName="JOSEQU10" duration="00:00:00.0010000" startTime="2022-06-13T12:30:01.7496060-07:00" endTime="2022-06-13T12:30:01.7496060-07:00" testType="13cdc9d9-ddb5-4fa4-a97d-d965ccfc6d4b" outcome="Passed" testListId="8c84fa94-04c1-424b-9868-57a2d4851a1d" relativeResultsDirectory="3d3090e1-12fa-4a2e-b7de-37e647e06425" />
    <UnitTestResult executionId="0451edeb-9fa1-471b-a87f-5a5acd6f8190" testId="265d5f15-e02f-ac09-3c06-0b36676e99fa" testName="System.CommandLine.Tests.ParsingValidationTests+FileExistence.An_option_argument_can_be_invalid_based_on_file_existence" computerName="JOSEQU10" duration="00:00:00.0010000" startTime="2022-06-13T12:30:02.2196083-07:00" endTime="2022-06-13T12:30:02.2196083-07:00" testType="13cdc9d9-ddb5-4fa4-a97d-d965ccfc6d4b" outcome="Passed" testListId="8c84fa94-04c1-424b-9868-57a2d4851a1d" relativeResultsDirectory="0451edeb-9fa1-471b-a87f-5a5acd6f8190" />
    <UnitTestResult executionId="00f2df25-1a78-4a2b-81f2-d52d187aa3c4" testId="7200b550-4c86-3369-d09a-e629ab153ef2" testName="System.CommandLine.Tests.Help.HelpBuilderTests.Help_does_not_show_default_value_for_option_when_default_value_is_empty" computerName="JOSEQU10" duration="00:00:00.0010000" startTime="2022-06-13T12:30:02.8276115-07:00" endTime="2022-06-13T12:30:02.8276115-07:00" testType="13cdc9d9-ddb5-4fa4-a97d-d965ccfc6d4b" outcome="Passed" testListId="8c84fa94-04c1-424b-9868-57a2d4851a1d" relativeResultsDirectory="00f2df25-1a78-4a2b-81f2-d52d187aa3c4" />
    <UnitTestResult executionId="047951bf-b77f-4eb6-9831-582929f72f4c" testId="df3593b7-00c9-d5cb-a9a0-a08dc9aef95b" testName="System.CommandLine.Tests.ResponseFileTests.Response_files_can_refer_to_other_response_files" computerName="JOSEQU10" duration="00:00:00.0180000" startTime="2022-06-13T12:30:02.2966071-07:00" endTime="2022-06-13T12:30:02.2966071-07:00" testType="13cdc9d9-ddb5-4fa4-a97d-d965ccfc6d4b" outcome="Passed" testListId="8c84fa94-04c1-424b-9868-57a2d4851a1d" relativeResultsDirectory="047951bf-b77f-4eb6-9831-582929f72f4c" />
    <UnitTestResult executionId="c7c471e2-289f-478c-8918-a69dac7bc926" testId="6ffa0f75-f3fb-9ed5-36b1-66677d42394a" testName="System.CommandLine.Tests.Binding.SetHandlerTests.Binding_is_correct_for_Func_overload_having_arity_(arity: 5)" computerName="JOSEQU10" duration="00:00:00.0010000" startTime="2022-06-13T12:30:02.0316087-07:00" endTime="2022-06-13T12:30:02.0316087-07:00" testType="13cdc9d9-ddb5-4fa4-a97d-d965ccfc6d4b" outcome="Passed" testListId="8c84fa94-04c1-424b-9868-57a2d4851a1d" relativeResultsDirectory="c7c471e2-289f-478c-8918-a69dac7bc926" />
    <UnitTestResult executionId="64f1c5f1-eafe-4455-88d2-996b5d3c04a9" testId="d8514299-c571-db0c-a51b-06d4f7c8e3b5" testName="System.CommandLine.Tests.CommandLineConfigurationTests.ThrowIfInvalid_throws_if_there_are_duplicate_sibling_subcommand_aliases_on_the_root_command" computerName="JOSEQU10" duration="00:00:00.0040000" startTime="2022-06-13T12:30:01.4996048-07:00" endTime="2022-06-13T12:30:01.4996048-07:00" testType="13cdc9d9-ddb5-4fa4-a97d-d965ccfc6d4b" outcome="Passed" testListId="8c84fa94-04c1-424b-9868-57a2d4851a1d" relativeResultsDirectory="64f1c5f1-eafe-4455-88d2-996b5d3c04a9" />
    <UnitTestResult executionId="57523df2-181e-42e9-b7d4-cb07f17d64a0" testId="5a0bf2f3-97be-bfc9-d34a-903505234358" testName="System.CommandLine.Tests.Binding.TypeConversionTests.Values_can_be_correctly_converted_to_nullable_short_without_the_parser_specifying_a_custom_converter" computerName="JOSEQU10" duration="00:00:00.0010000" startTime="2022-06-13T12:30:02.7846091-07:00" endTime="2022-06-13T12:30:02.7846091-07:00" testType="13cdc9d9-ddb5-4fa4-a97d-d965ccfc6d4b" outcome="Passed" testListId="8c84fa94-04c1-424b-9868-57a2d4851a1d" relativeResultsDirectory="57523df2-181e-42e9-b7d4-cb07f17d64a0" />
    <UnitTestResult executionId="6f7a6d77-0036-4bde-bc22-3f2de116e8e0" testId="1ff34d0b-f268-2cfb-ba56-b6b09170c95b" testName="System.CommandLine.Tests.ParsingValidationTests.A_custom_validator_added_to_a_global_option_is_checked(commandLine: &quot;child --value=123&quot;)" computerName="JOSEQU10" duration="00:00:00.0020000" startTime="2022-06-13T12:30:02.4816067-07:00" endTime="2022-06-13T12:30:02.4816067-07:00" testType="13cdc9d9-ddb5-4fa4-a97d-d965ccfc6d4b" outcome="Passed" testListId="8c84fa94-04c1-424b-9868-57a2d4851a1d" relativeResultsDirectory="6f7a6d77-0036-4bde-bc22-3f2de116e8e0" />
    <UnitTestResult executionId="008067c0-7262-4628-a629-99b7ccd951b5" testId="d0b2bd17-4598-09df-0d23-11ac5b5ed4ec" testName="System.CommandLine.Tests.Binding.TypeConversionTests.Nullable_bool_parses_as_true_when_the_option_has_been_applied(commandLine: &quot;the-command -x=true&quot;)" computerName="JOSEQU10" duration="00:00:00.0010000" startTime="2022-06-13T12:30:02.7556120-07:00" endTime="2022-06-13T12:30:02.7556120-07:00" testType="13cdc9d9-ddb5-4fa4-a97d-d965ccfc6d4b" outcome="Passed" testListId="8c84fa94-04c1-424b-9868-57a2d4851a1d" relativeResultsDirectory="008067c0-7262-4628-a629-99b7ccd951b5" />
    <UnitTestResult executionId="b40799ff-189c-4e39-85c3-f3642f3d69db" testId="6284b2eb-6b5a-b445-fd6a-08c9071f6b9c" testName="System.CommandLine.Tests.ParserTests.Boolean_options_with_no_argument_specified_do_not_match_subsequent_arguments" computerName="JOSEQU10" duration="00:00:00.0010000" startTime="2022-06-13T12:30:02.5616076-07:00" endTime="2022-06-13T12:30:02.5616076-07:00" testType="13cdc9d9-ddb5-4fa4-a97d-d965ccfc6d4b" outcome="Passed" testListId="8c84fa94-04c1-424b-9868-57a2d4851a1d" relativeResultsDirectory="b40799ff-189c-4e39-85c3-f3642f3d69db" />
    <UnitTestResult executionId="d86d62ad-7a1d-4ee2-ab44-299920a58a5f" testId="597149c1-5c77-ba04-1813-a39f871ffe26" testName="System.CommandLine.Tests.UseHelpTests.UseHelp_with_custom_aliases_default_aliases_replaced(helpAlias: &quot;--help&quot;)" computerName="JOSEQU10" duration="00:00:00.0010000" startTime="2022-06-13T12:30:02.2456072-07:00" endTime="2022-06-13T12:30:02.2456072-07:00" testType="13cdc9d9-ddb5-4fa4-a97d-d965ccfc6d4b" outcome="Passed" testListId="8c84fa94-04c1-424b-9868-57a2d4851a1d" relativeResultsDirectory="d86d62ad-7a1d-4ee2-ab44-299920a58a5f" />
    <UnitTestResult executionId="e052817a-c9c2-4a7b-ae89-3202de875d16" testId="68c365fa-59cc-ff58-37dc-1bd6b9f6491f" testName="System.CommandLine.Tests.CommandTests.ParseResult_Command_identifies_innermost_command(input: &quot;outer inner&quot;, expectedCommand: &quot;inner&quot;)" computerName="JOSEQU10" duration="00:00:00.0010000" startTime="2022-06-13T12:30:02.1086076-07:00" endTime="2022-06-13T12:30:02.1086076-07:00" testType="13cdc9d9-ddb5-4fa4-a97d-d965ccfc6d4b" outcome="Passed" testListId="8c84fa94-04c1-424b-9868-57a2d4851a1d" relativeResultsDirectory="e052817a-c9c2-4a7b-ae89-3202de875d16" />
    <UnitTestResult executionId="be3641cf-cb2c-4375-b322-d92a7c8977c4" testId="5248364a-cb81-388c-cc86-e995f86e2a0d" testName="System.CommandLine.Tests.OptionTests.When_aliases_overlap_the_longer_alias_is_chosen(parseInput: &quot;-option:value&quot;)" computerName="JOSEQU10" duration="00:00:00.0010000" startTime="2022-06-13T12:30:02.3716058-07:00" endTime="2022-06-13T12:30:02.3716058-07:00" testType="13cdc9d9-ddb5-4fa4-a97d-d965ccfc6d4b" outcome="Passed" testListId="8c84fa94-04c1-424b-9868-57a2d4851a1d" relativeResultsDirectory="be3641cf-cb2c-4375-b322-d92a7c8977c4" />
    <UnitTestResult executionId="eafd1363-6b61-4893-8902-9c2aa85854d9" testId="b82718d8-741c-0fe4-e6da-56431432a20e" testName="System.CommandLine.Tests.OptionTests.A_prefixed_alias_can_be_added_to_an_option" computerName="JOSEQU10" duration="00:00:00.0010000" startTime="2022-06-13T12:30:02.3006057-07:00" endTime="2022-06-13T12:30:02.3006057-07:00" testType="13cdc9d9-ddb5-4fa4-a97d-d965ccfc6d4b" outcome="Passed" testListId="8c84fa94-04c1-424b-9868-57a2d4851a1d" relativeResultsDirectory="eafd1363-6b61-4893-8902-9c2aa85854d9" />
    <UnitTestResult executionId="79fe79c9-7e71-4772-abdd-b0426a31c829" testId="f909d17f-a048-efe3-acd7-e654dec11d8b" testName="System.CommandLine.Tests.SuggestDirectiveTests.It_writes_suggestions_for_option_arguments_when_under_subcommand" computerName="JOSEQU10" duration="00:00:00.0010000" startTime="2022-06-13T12:30:01.9906066-07:00" endTime="2022-06-13T12:30:01.9906066-07:00" testType="13cdc9d9-ddb5-4fa4-a97d-d965ccfc6d4b" outcome="Passed" testListId="8c84fa94-04c1-424b-9868-57a2d4851a1d" relativeResultsDirectory="79fe79c9-7e71-4772-abdd-b0426a31c829" />
    <UnitTestResult executionId="70cc681d-670f-49bb-9e61-a6daeb0dcba1" testId="8801ffc2-1aa8-685f-bb85-653a5cd8eb94" testName="System.CommandLine.Tests.OptionTests.When_option_not_explicitly_provides_help_will_use_default_help" computerName="JOSEQU10" duration="00:00:00.0010000" startTime="2022-06-13T12:30:02.2106062-07:00" endTime="2022-06-13T12:30:02.2106062-07:00" testType="13cdc9d9-ddb5-4fa4-a97d-d965ccfc6d4b" outcome="Passed" testListId="8c84fa94-04c1-424b-9868-57a2d4851a1d" relativeResultsDirectory="70cc681d-670f-49bb-9e61-a6daeb0dcba1" />
    <UnitTestResult executionId="3c491214-0eda-404f-8b4f-ac85d890f050" testId="fb0ba314-2294-604a-1fa2-1994a56f5271" testName="System.CommandLine.Tests.Binding.TypeConversionTests.Sequence_type_defaults_to_empty_when_not_specified(sequenceType: typeof(System.Collections.Generic.List&lt;string&gt;))" computerName="JOSEQU10" duration="00:00:00.0010000" startTime="2022-06-13T12:30:02.6936069-07:00" endTime="2022-06-13T12:30:02.6936069-07:00" testType="13cdc9d9-ddb5-4fa4-a97d-d965ccfc6d4b" outcome="Passed" testListId="8c84fa94-04c1-424b-9868-57a2d4851a1d" relativeResultsDirectory="3c491214-0eda-404f-8b4f-ac85d890f050" />
    <UnitTestResult executionId="507fa2a8-2652-463d-a7f4-8b30c95ddca6" testId="ec1f1172-ba94-d84f-6c43-763d313a4676" testName="System.CommandLine.Tests.Binding.TypeConversionTests.Sequence_type_defaults_to_empty_when_not_specified(sequenceType: typeof(System.Collections.Generic.IEnumerable&lt;int&gt;))" computerName="JOSEQU10" duration="00:00:00.0010000" startTime="2022-06-13T12:30:02.6796068-07:00" endTime="2022-06-13T12:30:02.6796068-07:00" testType="13cdc9d9-ddb5-4fa4-a97d-d965ccfc6d4b" outcome="Passed" testListId="8c84fa94-04c1-424b-9868-57a2d4851a1d" relativeResultsDirectory="507fa2a8-2652-463d-a7f4-8b30c95ddca6" />
    <UnitTestResult executionId="de717c54-25a2-4d1e-b1bd-b1e0bb2be583" testId="77b9d51a-a279-5421-de35-5438da9e49df" testName="System.CommandLine.Tests.Binding.TypeConversionTests.Sequence_type_defaults_to_empty_when_not_specified(sequenceType: typeof(System.Collections.Generic.IEnumerable&lt;System.IO.FileAccess&gt;))" computerName="JOSEQU10" duration="00:00:00.0010000" startTime="2022-06-13T12:30:02.6776080-07:00" endTime="2022-06-13T12:30:02.6776080-07:00" testType="13cdc9d9-ddb5-4fa4-a97d-d965ccfc6d4b" outcome="Passed" testListId="8c84fa94-04c1-424b-9868-57a2d4851a1d" relativeResultsDirectory="de717c54-25a2-4d1e-b1bd-b1e0bb2be583" />
    <UnitTestResult executionId="d6d833f9-065c-4d9c-ae0c-765dc6e59fab" testId="b5b8b0d5-2246-4416-9935-4e5632ca3f17" testName="System.CommandLine.Tests.Binding.TypeConversionTests.Nullable_bool_parses_as_false_when_the_option_has_been_applied(commandLine: &quot;the-command -x=false&quot;)" computerName="JOSEQU10" duration="00:00:00.0010000" startTime="2022-06-13T12:30:02.7326056-07:00" endTime="2022-06-13T12:30:02.7326056-07:00" testType="13cdc9d9-ddb5-4fa4-a97d-d965ccfc6d4b" outcome="Passed" testListId="8c84fa94-04c1-424b-9868-57a2d4851a1d" relativeResultsDirectory="d6d833f9-065c-4d9c-ae0c-765dc6e59fab" />
    <UnitTestResult executionId="12d51301-9015-4b96-833d-151b941a9a6e" testId="c8329db2-c523-d71b-5638-a52f80694c7e" testName="System.CommandLine.Tests.CompletionTests.When_current_symbol_is_an_option_that_requires_arguments_then_parent_symbol_completions_are_omitted" computerName="JOSEQU10" duration="00:00:00.0010000" startTime="2022-06-13T12:30:02.1956071-07:00" endTime="2022-06-13T12:30:02.1956071-07:00" testType="13cdc9d9-ddb5-4fa4-a97d-d965ccfc6d4b" outcome="Passed" testListId="8c84fa94-04c1-424b-9868-57a2d4851a1d" relativeResultsDirectory="12d51301-9015-4b96-833d-151b941a9a6e" />
    <UnitTestResult executionId="711441e1-641c-4d0a-9fcc-1542b0bc967b" testId="6a979237-a18b-94bc-e47e-ca36dfbd816b" testName="System.CommandLine.Tests.CompletionContextTests.When_position_is_unspecified_in_array_command_line_and_final_token_matches_an_argument_then_it_returns_the_argument_value" computerName="JOSEQU10" duration="00:00:00.0010000" startTime="2022-06-13T12:30:01.9416082-07:00" endTime="2022-06-13T12:30:01.9416082-07:00" testType="13cdc9d9-ddb5-4fa4-a97d-d965ccfc6d4b" outcome="Passed" testListId="8c84fa94-04c1-424b-9868-57a2d4851a1d" relativeResultsDirectory="711441e1-641c-4d0a-9fcc-1542b0bc967b" />
    <UnitTestResult executionId="c6b04666-fdbc-4850-93a7-e0bdf5d62d3d" testId="9c074071-b890-c25c-2b9a-42ad73d53a2a" testName="System.CommandLine.Tests.DirectiveTests.Directives_cannot_contain_spaces(value: &quot;[parse ]&quot;)" computerName="JOSEQU10" duration="00:00:00.0010000" startTime="2022-06-13T12:30:01.7876077-07:00" endTime="2022-06-13T12:30:01.7876077-07:00" testType="13cdc9d9-ddb5-4fa4-a97d-d965ccfc6d4b" outcome="Passed" testListId="8c84fa94-04c1-424b-9868-57a2d4851a1d" relativeResultsDirectory="c6b04666-fdbc-4850-93a7-e0bdf5d62d3d" />
    <UnitTestResult executionId="73fe7819-2954-41d9-bf70-2f7a601f0e30" testId="8751b378-2478-d2e8-ff98-eb5f5e9a5b9d" testName="System.CommandLine.Tests.ParserTests.Last_bundled_option_can_accept_argument_with_no_separator" computerName="JOSEQU10" duration="00:00:00.0010000" startTime="2022-06-13T12:30:02.4756104-07:00" endTime="2022-06-13T12:30:02.4756104-07:00" testType="13cdc9d9-ddb5-4fa4-a97d-d965ccfc6d4b" outcome="Passed" testListId="8c84fa94-04c1-424b-9868-57a2d4851a1d" relativeResultsDirectory="73fe7819-2954-41d9-bf70-2f7a601f0e30" />
    <UnitTestResult executionId="f3f67426-74af-4a31-ae8b-5241fd1db39c" testId="6ff8cd02-e627-0bb9-9a66-fc71eb573fec" testName="System.CommandLine.Tests.CommandTests.Inner_command_option_argument_is_identified_correctly" computerName="JOSEQU10" duration="00:00:00.0010000" startTime="2022-06-13T12:30:02.0956103-07:00" endTime="2022-06-13T12:30:02.0956103-07:00" testType="13cdc9d9-ddb5-4fa4-a97d-d965ccfc6d4b" outcome="Passed" testListId="8c84fa94-04c1-424b-9868-57a2d4851a1d" relativeResultsDirectory="f3f67426-74af-4a31-ae8b-5241fd1db39c" />
    <UnitTestResult executionId="7be69cb8-c992-48e5-b17f-1a1d9bf70539" testId="63c14431-2209-290e-6784-8d6cb6428542" testName="System.CommandLine.Tests.DirectiveTests.Directives_must_have_a_non_empty_key(directive: &quot;[:value]&quot;)" computerName="JOSEQU10" duration="00:00:00.0010000" startTime="2022-06-13T12:30:01.8076086-07:00" endTime="2022-06-13T12:30:01.8076086-07:00" testType="13cdc9d9-ddb5-4fa4-a97d-d965ccfc6d4b" outcome="Passed" testListId="8c84fa94-04c1-424b-9868-57a2d4851a1d" relativeResultsDirectory="7be69cb8-c992-48e5-b17f-1a1d9bf70539" />
    <UnitTestResult executionId="a7303020-95cc-4735-b6c1-62e9dafce8dc" testId="997f84cf-bdc5-bd89-03ec-cbf394a13c8b" testName="System.CommandLine.Tests.EnvironmentVariableDirectiveTests.Ignores_environment_directive_with_empty_variable_name" computerName="JOSEQU10" duration="00:00:00.0040000" startTime="2022-06-13T12:30:01.7496060-07:00" endTime="2022-06-13T12:30:01.7496060-07:00" testType="13cdc9d9-ddb5-4fa4-a97d-d965ccfc6d4b" outcome="Passed" testListId="8c84fa94-04c1-424b-9868-57a2d4851a1d" relativeResultsDirectory="a7303020-95cc-4735-b6c1-62e9dafce8dc" />
    <UnitTestResult executionId="fb331083-9f10-4393-ace2-b2eb8caa4383" testId="d4a0d41c-5eef-1d5a-c9c2-8c16bbe8e44d" testName="System.CommandLine.Tests.Binding.TypeConversionTests.Argument_defaults_arity_to_ExactlyOne_for_string" computerName="JOSEQU10" duration="00:00:00.0010000" startTime="2022-06-13T12:30:02.6996071-07:00" endTime="2022-06-13T12:30:02.6996071-07:00" testType="13cdc9d9-ddb5-4fa4-a97d-d965ccfc6d4b" outcome="Passed" testListId="8c84fa94-04c1-424b-9868-57a2d4851a1d" relativeResultsDirectory="fb331083-9f10-4393-ace2-b2eb8caa4383" />
    <UnitTestResult executionId="b0bed1e8-4b8c-46ac-a249-d7ef7ed2bd39" testId="0456f2ad-c6dd-63ab-08db-4886322b46fd" testName="System.CommandLine.Tests.Help.HelpBuilderTests+Customization.Argument_can_fallback_to_default_when_customizing(conditionA: False, conditionB: False, conditionC: True, expected: &quot;\\&lt;arg\\&gt;\\s*description\\s*\\[default\\: custom d&quot;...)" computerName="JOSEQU10" duration="00:00:00.0010000" startTime="2022-06-13T12:30:02.3076089-07:00" endTime="2022-06-13T12:30:02.3076089-07:00" testType="13cdc9d9-ddb5-4fa4-a97d-d965ccfc6d4b" outcome="Passed" testListId="8c84fa94-04c1-424b-9868-57a2d4851a1d" relativeResultsDirectory="b0bed1e8-4b8c-46ac-a249-d7ef7ed2bd39" />
    <UnitTestResult executionId="f71ff884-d7df-4417-ab4f-2bb7f7dc1b68" testId="8606110e-b4fa-7b9b-1f60-3a924efe2eef" testName="System.CommandLine.Tests.TokenReplacementTests.Custom_token_replacer_can_expand_option_argument_values" computerName="JOSEQU10" duration="00:00:00.0010000" startTime="2022-06-13T12:30:02.0236056-07:00" endTime="2022-06-13T12:30:02.0236056-07:00" testType="13cdc9d9-ddb5-4fa4-a97d-d965ccfc6d4b" outcome="Passed" testListId="8c84fa94-04c1-424b-9868-57a2d4851a1d" relativeResultsDirectory="f71ff884-d7df-4417-ab4f-2bb7f7dc1b68" />
    <UnitTestResult executionId="697cfa05-e014-4af9-95c7-22b137371b46" testId="79602ae7-b166-8904-0278-f066fb608eeb" testName="System.CommandLine.Tests.SuggestDirectiveTests.It_writes_suggestions_for_partial_option_aliases_under_root_command" computerName="JOSEQU10" duration="00:00:00.0010000" startTime="2022-06-13T12:30:01.9396070-07:00" endTime="2022-06-13T12:30:01.9396070-07:00" testType="13cdc9d9-ddb5-4fa4-a97d-d965ccfc6d4b" outcome="Passed" testListId="8c84fa94-04c1-424b-9868-57a2d4851a1d" relativeResultsDirectory="697cfa05-e014-4af9-95c7-22b137371b46" />
    <UnitTestResult executionId="d8515daf-dcc6-471c-8991-e7e77a019275" testId="f5293418-5216-fc3b-323a-25d39fefc9d0" testName="System.CommandLine.Tests.CompletionTests.When_a_subcommand_with_subcommands_has_been_specified_then_its_sibling_commands_will_not_be_suggested" computerName="JOSEQU10" duration="00:00:00.0010000" startTime="2022-06-13T12:30:02.1036065-07:00" endTime="2022-06-13T12:30:02.1036065-07:00" testType="13cdc9d9-ddb5-4fa4-a97d-d965ccfc6d4b" outcome="Passed" testListId="8c84fa94-04c1-424b-9868-57a2d4851a1d" relativeResultsDirectory="d8515daf-dcc6-471c-8991-e7e77a019275" />
    <UnitTestResult executionId="103e467b-d19f-4e5e-bfec-ed26fd99811f" testId="eb77de9a-124a-9480-5d4c-a79996de10ba" testName="System.CommandLine.Tests.ParserTests.When_an_option_argument_is_enclosed_in_double_quotes_its_value_retains_the_quotes(arg1: &quot;-x:&quot;, arg2: &quot;\&quot;hello\&quot;&quot;)" computerName="JOSEQU10" duration="00:00:00.0010000" startTime="2022-06-13T12:30:02.0626104-07:00" endTime="2022-06-13T12:30:02.0626104-07:00" testType="13cdc9d9-ddb5-4fa4-a97d-d965ccfc6d4b" outcome="Passed" testListId="8c84fa94-04c1-424b-9868-57a2d4851a1d" relativeResultsDirectory="103e467b-d19f-4e5e-bfec-ed26fd99811f" />
    <UnitTestResult executionId="25653962-fbbe-4c0a-ac86-b1d240fb2b41" testId="57c9ab83-c808-b779-ff24-fd51d6596505" testName="System.CommandLine.Tests.ParsingValidationTests.Multiple_validators_on_the_same_option_do_not_report_duplicate_errors" computerName="JOSEQU10" duration="00:00:00.0010000" startTime="2022-06-13T12:30:02.5486077-07:00" endTime="2022-06-13T12:30:02.5486077-07:00" testType="13cdc9d9-ddb5-4fa4-a97d-d965ccfc6d4b" outcome="Passed" testListId="8c84fa94-04c1-424b-9868-57a2d4851a1d" relativeResultsDirectory="25653962-fbbe-4c0a-ac86-b1d240fb2b41" />
    <UnitTestResult executionId="2078248b-b4b9-47d2-ba47-8af5253f492d" testId="bbf9b0ad-6cd9-2e05-0096-e9a8e49a82a2" testName="System.CommandLine.Tests.CommandTests.When_a_command_alias_is_added_and_contains_whitespace_then_an_informative_error_is_returned(alias: &quot;aa &quot;)" computerName="JOSEQU10" duration="00:00:00.0010000" startTime="2022-06-13T12:30:02.1136077-07:00" endTime="2022-06-13T12:30:02.1136077-07:00" testType="13cdc9d9-ddb5-4fa4-a97d-d965ccfc6d4b" outcome="Passed" testListId="8c84fa94-04c1-424b-9868-57a2d4851a1d" relativeResultsDirectory="2078248b-b4b9-47d2-ba47-8af5253f492d" />
    <UnitTestResult executionId="d2adeb01-eda9-4f21-a148-b837c9338330" testId="d780b406-2877-14bc-7fc8-f9dab6e94077" testName="System.CommandLine.Tests.ParserTests.Options_short_forms_do_not_get_unbundled_if_unbundling_is_turned_off" computerName="JOSEQU10" duration="00:00:00.0010000" startTime="2022-06-13T12:30:02.3606114-07:00" endTime="2022-06-13T12:30:02.3606114-07:00" testType="13cdc9d9-ddb5-4fa4-a97d-d965ccfc6d4b" outcome="Passed" testListId="8c84fa94-04c1-424b-9868-57a2d4851a1d" relativeResultsDirectory="d2adeb01-eda9-4f21-a148-b837c9338330" />
    <UnitTestResult executionId="b8103de2-122d-49e5-9bdd-8c7055ef621e" testId="b3c6ad9a-f4d2-b958-dc1e-23cc1e5a4cfb" testName="System.CommandLine.Tests.ParserTests+DefaultDoubleDashBehavior.Subsequent_tokens_are_parsed_as_arguments_even_if_they_match_option_identifiers" computerName="JOSEQU10" duration="00:00:00.0010000" startTime="2022-06-13T12:30:02.0186063-07:00" endTime="2022-06-13T12:30:02.0186063-07:00" testType="13cdc9d9-ddb5-4fa4-a97d-d965ccfc6d4b" outcome="Passed" testListId="8c84fa94-04c1-424b-9868-57a2d4851a1d" relativeResultsDirectory="b8103de2-122d-49e5-9bdd-8c7055ef621e" />
    <UnitTestResult executionId="b9f26722-4908-443d-9bff-fcb7a5e46e87" testId="96e88cbe-2c37-4067-1b71-3472f4dfe739" testName="System.CommandLine.Tests.VersionOptionTests.Version_is_not_valid_with_other_tokens_uses_custom_alias" computerName="JOSEQU10" duration="00:00:00.0140000" startTime="2022-06-13T12:30:02.4066082-07:00" endTime="2022-06-13T12:30:02.4066082-07:00" testType="13cdc9d9-ddb5-4fa4-a97d-d965ccfc6d4b" outcome="Passed" testListId="8c84fa94-04c1-424b-9868-57a2d4851a1d" relativeResultsDirectory="b9f26722-4908-443d-9bff-fcb7a5e46e87" />
    <UnitTestResult executionId="df3fa1c1-503e-4a71-8c00-18dd7228e582" testId="e2fa2fab-4dcd-360b-dbce-94d5fe1299ed" testName="System.CommandLine.Tests.CommandLineConfigurationTests.ThrowIfInvalid_throws_if_there_are_duplicate_sibling_option_aliases_on_a_subcommand" computerName="JOSEQU10" duration="00:00:00.0010000" startTime="2022-06-13T12:30:01.5116071-07:00" endTime="2022-06-13T12:30:01.5116071-07:00" testType="13cdc9d9-ddb5-4fa4-a97d-d965ccfc6d4b" outcome="Passed" testListId="8c84fa94-04c1-424b-9868-57a2d4851a1d" relativeResultsDirectory="df3fa1c1-503e-4a71-8c00-18dd7228e582" />
    <UnitTestResult executionId="50c19014-fcb5-4c25-ab24-d28bea8e7cd1" testId="e6a4b5f4-eee7-3951-0dfa-af696f388c09" testName="System.CommandLine.Tests.ParserTests.Options_do_not_get_unbundled_unless_all_resulting_options_would_be_valid_for_the_current_command" computerName="JOSEQU10" duration="00:00:00.0020000" startTime="2022-06-13T12:30:02.3366080-07:00" endTime="2022-06-13T12:30:02.3366080-07:00" testType="13cdc9d9-ddb5-4fa4-a97d-d965ccfc6d4b" outcome="Passed" testListId="8c84fa94-04c1-424b-9868-57a2d4851a1d" relativeResultsDirectory="50c19014-fcb5-4c25-ab24-d28bea8e7cd1" />
    <UnitTestResult executionId="5ff75d54-3ce8-4bdf-b599-dbe608492c52" testId="817bdf08-3485-d1c9-9df0-b33fcaa3fee8" testName="System.CommandLine.Tests.ParserTests.Required_arguments_on_grandparent_commands_do_not_create_parse_errors_when_an_inner_command_is_specified" computerName="JOSEQU10" duration="00:00:00.0010000" startTime="2022-06-13T12:30:02.5306077-07:00" endTime="2022-06-13T12:30:02.5306077-07:00" testType="13cdc9d9-ddb5-4fa4-a97d-d965ccfc6d4b" outcome="Passed" testListId="8c84fa94-04c1-424b-9868-57a2d4851a1d" relativeResultsDirectory="5ff75d54-3ce8-4bdf-b599-dbe608492c52" />
    <UnitTestResult executionId="1fd22533-72ea-4ae3-9c47-89398f0bfe6c" testId="d12cfbbb-1ab5-84c3-20d1-c950c9ccf1ed" testName="System.CommandLine.Tests.Help.HelpBuilderTests.Arguments_section_properly_wraps" computerName="JOSEQU10" duration="00:00:00.0010000" startTime="2022-06-13T12:30:02.8166073-07:00" endTime="2022-06-13T12:30:02.8166073-07:00" testType="13cdc9d9-ddb5-4fa4-a97d-d965ccfc6d4b" outcome="Passed" testListId="8c84fa94-04c1-424b-9868-57a2d4851a1d" relativeResultsDirectory="1fd22533-72ea-4ae3-9c47-89398f0bfe6c" />
    <UnitTestResult executionId="11f51889-ad0b-4e63-86a0-982eefca294b" testId="6f8bd9db-8210-4e92-1067-a6fba3001169" testName="System.CommandLine.Tests.OptionTests.Parse_extension_method_reuses_implicit_parser_instance" computerName="JOSEQU10" duration="00:00:00.0010000" startTime="2022-06-13T12:30:02.2916076-07:00" endTime="2022-06-13T12:30:02.2916076-07:00" testType="13cdc9d9-ddb5-4fa4-a97d-d965ccfc6d4b" outcome="Passed" testListId="8c84fa94-04c1-424b-9868-57a2d4851a1d" relativeResultsDirectory="11f51889-ad0b-4e63-86a0-982eefca294b" />
    <UnitTestResult executionId="a77d57ca-9e8f-4a39-b63c-b6f874db8210" testId="6ca4f350-79cf-0d3e-df5c-e65a047411db" testName="System.CommandLine.Tests.OptionTests.When_aliases_overlap_the_longer_alias_is_chosen(parseInput: &quot;-option value&quot;)" computerName="JOSEQU10" duration="00:00:00.0010000" startTime="2022-06-13T12:30:02.3696060-07:00" endTime="2022-06-13T12:30:02.3696060-07:00" testType="13cdc9d9-ddb5-4fa4-a97d-d965ccfc6d4b" outcome="Passed" testListId="8c84fa94-04c1-424b-9868-57a2d4851a1d" relativeResultsDirectory="a77d57ca-9e8f-4a39-b63c-b6f874db8210" />
    <UnitTestResult executionId="4b36f2df-e86c-4760-94f1-b259fe149b20" testId="da69d0ff-4ed3-8a54-cc3b-f6c5c50df99c" testName="System.CommandLine.Tests.CompletionTests.An_option_can_be_hidden_from_completions_by_setting_IsHidden_to_true" computerName="JOSEQU10" duration="00:00:00.0010000" startTime="2022-06-13T12:30:01.9266074-07:00" endTime="2022-06-13T12:30:01.9266074-07:00" testType="13cdc9d9-ddb5-4fa4-a97d-d965ccfc6d4b" outcome="Passed" testListId="8c84fa94-04c1-424b-9868-57a2d4851a1d" relativeResultsDirectory="4b36f2df-e86c-4760-94f1-b259fe149b20" />
    <UnitTestResult executionId="7f7ad5cf-c035-4eee-84c0-6942599ef251" testId="25d407ac-a5ec-3997-9e4c-587445ecf742" testName="System.CommandLine.Tests.ParserTests.An_inner_command_with_the_same_name_does_not_capture" computerName="JOSEQU10" duration="00:00:00.0010000" startTime="2022-06-13T12:30:02.5346074-07:00" endTime="2022-06-13T12:30:02.5346074-07:00" testType="13cdc9d9-ddb5-4fa4-a97d-d965ccfc6d4b" outcome="Passed" testListId="8c84fa94-04c1-424b-9868-57a2d4851a1d" relativeResultsDirectory="7f7ad5cf-c035-4eee-84c0-6942599ef251" />
    <UnitTestResult executionId="ee9c08dc-fe69-4f21-be34-6452d9443fa1" testId="4d290eba-57d3-fde3-6439-a7be1e2da2e8" testName="System.CommandLine.Tests.ArgumentTests+CustomParsing.Custom_parser_can_pass_on_remaining_tokens(commandLine: &quot;1 2 3 4 5 6 7 8&quot;)" computerName="JOSEQU10" duration="00:00:00.0170000" startTime="2022-06-13T12:30:02.3066091-07:00" endTime="2022-06-13T12:30:02.3066091-07:00" testType="13cdc9d9-ddb5-4fa4-a97d-d965ccfc6d4b" outcome="Passed" testListId="8c84fa94-04c1-424b-9868-57a2d4851a1d" relativeResultsDirectory="ee9c08dc-fe69-4f21-be34-6452d9443fa1" />
    <UnitTestResult executionId="9dc62bc2-8394-4b2a-be0e-5692cfea67f7" testId="68fe325e-a25a-1ac8-f9a6-6003e04ca98d" testName="System.CommandLine.Tests.ParserTests+DefaultDoubleDashBehavior.No_errors_are_generated" computerName="JOSEQU10" duration="00:00:00.0010000" startTime="2022-06-13T12:30:02.0216059-07:00" endTime="2022-06-13T12:30:02.0216059-07:00" testType="13cdc9d9-ddb5-4fa4-a97d-d965ccfc6d4b" outcome="Passed" testListId="8c84fa94-04c1-424b-9868-57a2d4851a1d" relativeResultsDirectory="9dc62bc2-8394-4b2a-be0e-5692cfea67f7" />
    <UnitTestResult executionId="72402046-5d1b-4d0a-a265-6ee7a2ed3a0f" testId="b22de866-c6bd-b576-4c6e-f86b9795a6d4" testName="System.CommandLine.Tests.Parsing.CommandLineStringSplitterTests.Internal_whitespaces_are_preserved_and_do_not_cause_string_to_be_split" computerName="JOSEQU10" duration="00:00:00.0010000" startTime="2022-06-13T12:30:01.9996092-07:00" endTime="2022-06-13T12:30:01.9996092-07:00" testType="13cdc9d9-ddb5-4fa4-a97d-d965ccfc6d4b" outcome="Passed" testListId="8c84fa94-04c1-424b-9868-57a2d4851a1d" relativeResultsDirectory="72402046-5d1b-4d0a-a265-6ee7a2ed3a0f" />
    <UnitTestResult executionId="4cedd080-7fcc-4441-be16-ec4c731e6817" testId="8ccc82e1-31d2-13cc-6ada-a9477cb66acc" testName="System.CommandLine.Tests.OptionTests.When_an_option_has_only_one_alias_then_that_alias_is_its_name" computerName="JOSEQU10" duration="00:00:00.0010000" startTime="2022-06-13T12:30:02.3556089-07:00" endTime="2022-06-13T12:30:02.3556089-07:00" testType="13cdc9d9-ddb5-4fa4-a97d-d965ccfc6d4b" outcome="Passed" testListId="8c84fa94-04c1-424b-9868-57a2d4851a1d" relativeResultsDirectory="4cedd080-7fcc-4441-be16-ec4c731e6817" />
    <UnitTestResult executionId="0dc6168c-7837-4854-8e9b-fc080d543372" testId="e0d2829e-0c3d-6d52-067a-2d7e90fbec4f" testName="System.CommandLine.Tests.ParserTests+MultipleArguments.When_multiple_arguments_are_present_then_their_order_relative_to_sibling_options_is_not_significant(commandLine: &quot;one --verbose true two three four five&quot;)" computerName="JOSEQU10" duration="00:00:00.0010000" startTime="2022-06-13T12:30:01.8526087-07:00" endTime="2022-06-13T12:30:01.8526087-07:00" testType="13cdc9d9-ddb5-4fa4-a97d-d965ccfc6d4b" outcome="Passed" testListId="8c84fa94-04c1-424b-9868-57a2d4851a1d" relativeResultsDirectory="0dc6168c-7837-4854-8e9b-fc080d543372" />
    <UnitTestResult executionId="71f2ede6-4a4d-432a-836e-4ad5e9ebc9f6" testId="334632cb-b51e-0d95-b62b-b5ecb1c50ede" testName="System.CommandLine.Tests.CompletionContextTests.When_position_is_unspecified_in_string_command_line_ending_with_a_space_then_it_returns_empty" computerName="JOSEQU10" duration="00:00:00.0010000" startTime="2022-06-13T12:30:01.9366087-07:00" endTime="2022-06-13T12:30:01.9366087-07:00" testType="13cdc9d9-ddb5-4fa4-a97d-d965ccfc6d4b" outcome="Passed" testListId="8c84fa94-04c1-424b-9868-57a2d4851a1d" relativeResultsDirectory="71f2ede6-4a4d-432a-836e-4ad5e9ebc9f6" />
    <UnitTestResult executionId="0a91b35d-1590-4e67-957a-b9503c2405fa" testId="d1695251-91ee-cbc1-0626-5fd58b053685" testName="System.CommandLine.Tests.CommandTests.Commands_at_multiple_levels_can_have_their_own_arguments" computerName="JOSEQU10" duration="00:00:00.0010000" startTime="2022-06-13T12:30:02.1936069-07:00" endTime="2022-06-13T12:30:02.1936069-07:00" testType="13cdc9d9-ddb5-4fa4-a97d-d965ccfc6d4b" outcome="Passed" testListId="8c84fa94-04c1-424b-9868-57a2d4851a1d" relativeResultsDirectory="0a91b35d-1590-4e67-957a-b9503c2405fa" />
    <UnitTestResult executionId="499a2998-292c-4c4c-a92a-a5855977bae7" testId="c8e2c74d-a939-9f3b-9bf4-c6147f369a1e" testName="System.CommandLine.Tests.ParserTests.Boolean_options_are_not_greedy(commandLine: &quot;-x:true -y:true&quot;)" computerName="JOSEQU10" duration="00:00:00.0010000" startTime="2022-06-13T12:30:02.4936089-07:00" endTime="2022-06-13T12:30:02.4936089-07:00" testType="13cdc9d9-ddb5-4fa4-a97d-d965ccfc6d4b" outcome="Passed" testListId="8c84fa94-04c1-424b-9868-57a2d4851a1d" relativeResultsDirectory="499a2998-292c-4c4c-a92a-a5855977bae7" />
    <UnitTestResult executionId="de1fd9e1-3cc7-4a31-85f0-2fe930d234b9" testId="3c97e10b-16f7-c01d-5c65-5037d4f66ce4" testName="System.CommandLine.Tests.Binding.TypeConversionTests.Max_arity_greater_than_1_converts_to_enumerable_types(minArity: 1, maxArity: 3, argumentType: typeof(System.Collections.Generic.IEnumerable&lt;string&gt;))" computerName="JOSEQU10" duration="00:00:00.0010000" startTime="2022-06-13T12:30:02.7206078-07:00" endTime="2022-06-13T12:30:02.7206078-07:00" testType="13cdc9d9-ddb5-4fa4-a97d-d965ccfc6d4b" outcome="Passed" testListId="8c84fa94-04c1-424b-9868-57a2d4851a1d" relativeResultsDirectory="de1fd9e1-3cc7-4a31-85f0-2fe930d234b9" />
    <UnitTestResult executionId="5b2ca9f0-ff3a-44e4-9ac7-6d9f6132f900" testId="0f3de1f4-b2e2-60ce-8436-4835e90a4f00" testName="System.CommandLine.Tests.CompletionTests.Default_completions_can_be_appended_to" computerName="JOSEQU10" duration="00:00:00.0030000" startTime="2022-06-13T12:30:02.0246057-07:00" endTime="2022-06-13T12:30:02.0246057-07:00" testType="13cdc9d9-ddb5-4fa4-a97d-d965ccfc6d4b" outcome="Passed" testListId="8c84fa94-04c1-424b-9868-57a2d4851a1d" relativeResultsDirectory="5b2ca9f0-ff3a-44e4-9ac7-6d9f6132f900" />
    <UnitTestResult executionId="91df2010-a0fe-46ca-8a5a-40e0b492d67f" testId="6f801ac9-c4de-b875-f7a6-b1992e189ae8" testName="System.CommandLine.Tests.Binding.TypeConversionTests.Sequence_type_defaults_to_empty_when_not_specified(sequenceType: typeof(System.Collections.Generic.IList&lt;string&gt;))" computerName="JOSEQU10" duration="00:00:00.0010000" startTime="2022-06-13T12:30:02.6836113-07:00" endTime="2022-06-13T12:30:02.6836113-07:00" testType="13cdc9d9-ddb5-4fa4-a97d-d965ccfc6d4b" outcome="Passed" testListId="8c84fa94-04c1-424b-9868-57a2d4851a1d" relativeResultsDirectory="91df2010-a0fe-46ca-8a5a-40e0b492d67f" />
    <UnitTestResult executionId="1f6f52b4-0769-419d-8271-1cb681d147a2" testId="c691fed8-9126-c42e-69d0-fd41e75493f7" testName="System.CommandLine.Tests.Binding.TypeConversionTests.Values_can_be_correctly_converted_to_decimal_without_the_parser_specifying_a_custom_converter" computerName="JOSEQU10" duration="00:00:00.0010000" startTime="2022-06-13T12:30:02.8106126-07:00" endTime="2022-06-13T12:30:02.8106126-07:00" testType="13cdc9d9-ddb5-4fa4-a97d-d965ccfc6d4b" outcome="Passed" testListId="8c84fa94-04c1-424b-9868-57a2d4851a1d" relativeResultsDirectory="1f6f52b4-0769-419d-8271-1cb681d147a2" />
    <UnitTestResult executionId="da2c5c37-fb1c-46e4-a157-200c5d0b0add" testId="74a06077-3057-8bb0-6435-e7a666431553" testName="System.CommandLine.Tests.TokenReplacementTests.Custom_token_replacer_can_expand_subcommands_and_options_and_argument" computerName="JOSEQU10" duration="00:00:00.0010000" startTime="2022-06-13T12:30:02.0526065-07:00" endTime="2022-06-13T12:30:02.0526065-07:00" testType="13cdc9d9-ddb5-4fa4-a97d-d965ccfc6d4b" outcome="Passed" testListId="8c84fa94-04c1-424b-9868-57a2d4851a1d" relativeResultsDirectory="da2c5c37-fb1c-46e4-a157-200c5d0b0add" />
    <UnitTestResult executionId="347b8986-3492-4f58-bc32-b416117c1ae8" testId="f88a4725-b8ed-82ff-2330-877f7f26d837" testName="System.CommandLine.Tests.Invocation.InvocationPipelineTests.When_no_help_builder_is_specified_it_uses_default_implementation" computerName="JOSEQU10" duration="00:00:00.0100000" startTime="2022-06-13T12:30:02.2686100-07:00" endTime="2022-06-13T12:30:02.2686100-07:00" testType="13cdc9d9-ddb5-4fa4-a97d-d965ccfc6d4b" outcome="Passed" testListId="8c84fa94-04c1-424b-9868-57a2d4851a1d" relativeResultsDirectory="347b8986-3492-4f58-bc32-b416117c1ae8" />
    <UnitTestResult executionId="e080f740-9985-45aa-b3cc-5639017c0cdb" testId="a520717e-6ccc-efec-699a-74671663f97d" testName="System.CommandLine.Tests.Help.HelpBuilderTests+Customization.Argument_can_fallback_to_default_when_customizing(conditionA: True, conditionB: True, conditionC: True, expected: &quot;custom 1st\\s*custom 2nd\\s*\\[default\\: custom d&quot;...)" computerName="JOSEQU10" duration="00:00:00.0320000" startTime="2022-06-13T12:30:02.2136087-07:00" endTime="2022-06-13T12:30:02.2136087-07:00" testType="13cdc9d9-ddb5-4fa4-a97d-d965ccfc6d4b" outcome="Passed" testListId="8c84fa94-04c1-424b-9868-57a2d4851a1d" relativeResultsDirectory="e080f740-9985-45aa-b3cc-5639017c0cdb" />
    <UnitTestResult executionId="5c260604-6fa8-401f-90c3-9fb3d1dbc520" testId="5c074d24-8b7e-cfca-523f-981c9fb6d139" testName="System.CommandLine.Tests.DirectiveTests.Raw_tokens_still_hold_directives" computerName="JOSEQU10" duration="00:00:00.0550000" startTime="2022-06-13T12:30:02.0366083-07:00" endTime="2022-06-13T12:30:02.0366083-07:00" testType="13cdc9d9-ddb5-4fa4-a97d-d965ccfc6d4b" outcome="Passed" testListId="8c84fa94-04c1-424b-9868-57a2d4851a1d" relativeResultsDirectory="5c260604-6fa8-401f-90c3-9fb3d1dbc520" />
    <UnitTestResult executionId="1db56b84-b657-4fb1-9f5a-b3d698c2b0fc" testId="22482f42-f088-7106-844a-b0b41346a82c" testName="System.CommandLine.Tests.Invocation.InvocationExtensionsTests.Command_InvokeAsync_uses_default_pipeline_by_default" computerName="JOSEQU10" duration="00:00:00.0010000" startTime="2022-06-13T12:30:02.4206078-07:00" endTime="2022-06-13T12:30:02.4206078-07:00" testType="13cdc9d9-ddb5-4fa4-a97d-d965ccfc6d4b" outcome="Passed" testListId="8c84fa94-04c1-424b-9868-57a2d4851a1d" relativeResultsDirectory="1db56b84-b657-4fb1-9f5a-b3d698c2b0fc" />
    <UnitTestResult executionId="7355e150-60f7-4a34-9863-6dff1bc15810" testId="804cefc7-3428-79f2-0614-07b428acd28e" testName="System.CommandLine.Tests.ResponseFileTests.When_response_filepath_is_not_specified_then_error_is_returned" computerName="JOSEQU10" duration="00:00:00.0010000" startTime="2022-06-13T12:30:02.6226063-07:00" endTime="2022-06-13T12:30:02.6226063-07:00" testType="13cdc9d9-ddb5-4fa4-a97d-d965ccfc6d4b" outcome="Passed" testListId="8c84fa94-04c1-424b-9868-57a2d4851a1d" relativeResultsDirectory="7355e150-60f7-4a34-9863-6dff1bc15810" />
    <UnitTestResult executionId="59355e69-0457-4fa6-9f55-2b94776fab20" testId="130f5588-98db-6b1d-ca48-bcfd91f22303" testName="System.CommandLine.Tests.CompletionTests.When_parsing_from_text_if_the_proximate_option_is_completed_then_completions_consider_other_option_tokens" computerName="JOSEQU10" duration="00:00:00.0010000" startTime="2022-06-13T12:30:02.0206069-07:00" endTime="2022-06-13T12:30:02.0206069-07:00" testType="13cdc9d9-ddb5-4fa4-a97d-d965ccfc6d4b" outcome="Passed" testListId="8c84fa94-04c1-424b-9868-57a2d4851a1d" relativeResultsDirectory="59355e69-0457-4fa6-9f55-2b94776fab20" />
    <UnitTestResult executionId="ac0e573f-2735-49d1-a2a3-582dd8c1ca54" testId="42ec4ac1-983e-edd6-1b56-da49e8471221" testName="System.CommandLine.Tests.ArgumentTests+CustomParsing.GetDefaultValue_returns_null_when_parse_delegate_returns_true_and_sets_value_to_null" computerName="JOSEQU10" duration="00:00:00.0010000" startTime="2022-06-13T12:30:02.4666076-07:00" endTime="2022-06-13T12:30:02.4666076-07:00" testType="13cdc9d9-ddb5-4fa4-a97d-d965ccfc6d4b" outcome="Passed" testListId="8c84fa94-04c1-424b-9868-57a2d4851a1d" relativeResultsDirectory="ac0e573f-2735-49d1-a2a3-582dd8c1ca54" />
    <UnitTestResult executionId="528d2620-545b-461e-8435-eb56a36160e2" testId="0b7c8fba-72eb-8caf-ac81-66f7e1f0e377" testName="System.CommandLine.Tests.OptionTests.When_an_option_is_created_with_an_alias_that_contains_whitespace_then_an_informative_error_is_returned(alias: &quot; -x&quot;)" computerName="JOSEQU10" duration="00:00:00.0010000" startTime="2022-06-13T12:30:02.2836085-07:00" endTime="2022-06-13T12:30:02.2836085-07:00" testType="13cdc9d9-ddb5-4fa4-a97d-d965ccfc6d4b" outcome="Passed" testListId="8c84fa94-04c1-424b-9868-57a2d4851a1d" relativeResultsDirectory="528d2620-545b-461e-8435-eb56a36160e2" />
    <UnitTestResult executionId="fde58d00-be00-47d9-9476-a26d6a36c745" testId="81bede6e-b970-879f-0f51-3f5d346de716" testName="System.CommandLine.Tests.CompletionTests.Command_GetCompletions_does_not_return_argument_names" computerName="JOSEQU10" duration="00:00:00.0060000" startTime="2022-06-13T12:30:02.0336100-07:00" endTime="2022-06-13T12:30:02.0336100-07:00" testType="13cdc9d9-ddb5-4fa4-a97d-d965ccfc6d4b" outcome="Passed" testListId="8c84fa94-04c1-424b-9868-57a2d4851a1d" relativeResultsDirectory="fde58d00-be00-47d9-9476-a26d6a36c745" />
    <UnitTestResult executionId="b79ac6e2-9232-425d-9f18-87b5e6015fb8" testId="1bf3bb1b-b80b-cd73-0615-5326fdb7f40f" testName="System.CommandLine.Tests.ParseDiagramTests.Parse_result_diagram_displays_unmatched_tokens" computerName="JOSEQU10" duration="00:00:00.0020000" startTime="2022-06-13T12:30:01.7276068-07:00" endTime="2022-06-13T12:30:01.7276068-07:00" testType="13cdc9d9-ddb5-4fa4-a97d-d965ccfc6d4b" outcome="Passed" testListId="8c84fa94-04c1-424b-9868-57a2d4851a1d" relativeResultsDirectory="b79ac6e2-9232-425d-9f18-87b5e6015fb8" />
    <UnitTestResult executionId="27b5c9ce-9562-49ca-a0c5-04db32f59c09" testId="040ec28d-0ce6-c2d3-154b-c9dd9827f70e" testName="System.CommandLine.Tests.CommandTests.Inner_command_is_identified_correctly" computerName="JOSEQU10" duration="00:00:00.0010000" startTime="2022-06-13T12:30:02.1996096-07:00" endTime="2022-06-13T12:30:02.1996096-07:00" testType="13cdc9d9-ddb5-4fa4-a97d-d965ccfc6d4b" outcome="Passed" testListId="8c84fa94-04c1-424b-9868-57a2d4851a1d" relativeResultsDirectory="27b5c9ce-9562-49ca-a0c5-04db32f59c09" />
    <UnitTestResult executionId="327c899b-66bb-4b57-9a7a-02297cf89216" testId="ff954919-a809-3bf8-adaf-b93758a10786" testName="System.CommandLine.Tests.Help.HelpBuilderTests.Option_arguments_with_default_values_that_are_enumerable_display_pipe_delimited_list" computerName="JOSEQU10" duration="00:00:00.0010000" startTime="2022-06-13T12:30:02.4126078-07:00" endTime="2022-06-13T12:30:02.4126078-07:00" testType="13cdc9d9-ddb5-4fa4-a97d-d965ccfc6d4b" outcome="Passed" testListId="8c84fa94-04c1-424b-9868-57a2d4851a1d" relativeResultsDirectory="327c899b-66bb-4b57-9a7a-02297cf89216" />
    <UnitTestResult executionId="4b5bde1c-1a60-4ebe-b5c8-25112b8c237b" testId="4343635f-7694-f67b-db50-81f7cc627131" testName="System.CommandLine.Tests.SuggestDirectiveTests.It_writes_suggestions_for_option_aliases_under_subcommand(commandLine: &quot;[suggest:6] \&quot;eat --\&quot;&quot;)" computerName="JOSEQU10" duration="00:00:00.0010000" startTime="2022-06-13T12:30:01.9666087-07:00" endTime="2022-06-13T12:30:01.9666087-07:00" testType="13cdc9d9-ddb5-4fa4-a97d-d965ccfc6d4b" outcome="Passed" testListId="8c84fa94-04c1-424b-9868-57a2d4851a1d" relativeResultsDirectory="4b5bde1c-1a60-4ebe-b5c8-25112b8c237b" />
    <UnitTestResult executionId="83d05096-ff90-44a2-b9c9-64e3a729f90f" testId="c0abdbb5-6c73-ed79-78a9-b6dd0157732b" testName="System.CommandLine.Tests.ParserTests.Original_order_of_tokens_is_preserved_in_ParseResult_Tokens(commandLine: &quot;--many 1 --one 1 --many 2&quot;)" computerName="JOSEQU10" duration="00:00:00.0010000" startTime="2022-06-13T12:30:02.2996061-07:00" endTime="2022-06-13T12:30:02.2996061-07:00" testType="13cdc9d9-ddb5-4fa4-a97d-d965ccfc6d4b" outcome="Passed" testListId="8c84fa94-04c1-424b-9868-57a2d4851a1d" relativeResultsDirectory="83d05096-ff90-44a2-b9c9-64e3a729f90f" />
    <UnitTestResult executionId="e603d619-424f-4946-ba28-ba1648031aea" testId="2cf56132-51f6-ce17-c209-9c44eb3e7058" testName="System.CommandLine.Tests.Help.HelpBuilderTests.Arguments_section_is_not_included_if_there_are_only_options_with_arguments_configured" computerName="JOSEQU10" duration="00:00:00.0010000" startTime="2022-06-13T12:30:02.8176080-07:00" endTime="2022-06-13T12:30:02.8176080-07:00" testType="13cdc9d9-ddb5-4fa4-a97d-d965ccfc6d4b" outcome="Passed" testListId="8c84fa94-04c1-424b-9868-57a2d4851a1d" relativeResultsDirectory="e603d619-424f-4946-ba28-ba1648031aea" />
    <UnitTestResult executionId="99758fc3-e632-455c-bc2a-760c43370c65" testId="7c20882e-2609-915b-37b6-e41f3bd0dbc7" testName="System.CommandLine.Tests.Help.HelpBuilderTests+Customization.Argument_can_fallback_to_default_when_customizing(conditionA: True, conditionB: False, conditionC: False, expected: &quot;custom 1st\\s*description\\s*\\[default\\: default&quot;...)" computerName="JOSEQU10" duration="00:00:00.0010000" startTime="2022-06-13T12:30:02.3096085-07:00" endTime="2022-06-13T12:30:02.3096085-07:00" testType="13cdc9d9-ddb5-4fa4-a97d-d965ccfc6d4b" outcome="Passed" testListId="8c84fa94-04c1-424b-9868-57a2d4851a1d" relativeResultsDirectory="99758fc3-e632-455c-bc2a-760c43370c65" />
    <UnitTestResult executionId="5db064d1-1fab-42cc-ac63-d608d255644a" testId="bc663c58-4b52-a612-1cb6-d73b76de9962" testName="System.CommandLine.Tests.Help.HelpBuilderTests.Option_argument_first_column_indicates_enums_values(nullable: True)" computerName="JOSEQU10" duration="00:00:00.0010000" startTime="2022-06-13T12:30:02.2056086-07:00" endTime="2022-06-13T12:30:02.2056086-07:00" testType="13cdc9d9-ddb5-4fa4-a97d-d965ccfc6d4b" outcome="Passed" testListId="8c84fa94-04c1-424b-9868-57a2d4851a1d" relativeResultsDirectory="5db064d1-1fab-42cc-ac63-d608d255644a" />
    <UnitTestResult executionId="bf404c33-275f-4572-bbe8-e56c700533fe" testId="d54ab2a5-3abc-11fe-2fa6-ea772cbef18a" testName="System.CommandLine.Tests.ParserTests.Option_and_Command_can_have_the_same_alias" computerName="JOSEQU10" duration="00:00:00.0010000" startTime="2022-06-13T12:30:02.4636110-07:00" endTime="2022-06-13T12:30:02.4636110-07:00" testType="13cdc9d9-ddb5-4fa4-a97d-d965ccfc6d4b" outcome="Passed" testListId="8c84fa94-04c1-424b-9868-57a2d4851a1d" relativeResultsDirectory="bf404c33-275f-4572-bbe8-e56c700533fe" />
    <UnitTestResult executionId="7b69c67d-3d21-42e4-8820-3936797ef656" testId="dae8352c-92bd-e8d1-a2a7-e96dfc77fe9f" testName="System.CommandLine.Tests.ParsingValidationTests+FileNameValidity.LegalFileNamesOnly_rejects_command_arguments_containing_invalid_file_name_characters" computerName="JOSEQU10" duration="00:00:00.0020000" startTime="2022-06-13T12:30:02.0746104-07:00" endTime="2022-06-13T12:30:02.0746104-07:00" testType="13cdc9d9-ddb5-4fa4-a97d-d965ccfc6d4b" outcome="Passed" testListId="8c84fa94-04c1-424b-9868-57a2d4851a1d" relativeResultsDirectory="7b69c67d-3d21-42e4-8820-3936797ef656" />
    <UnitTestResult executionId="1d1e1b51-aa67-4de7-8a37-d38da7855af1" testId="472a7af0-91e3-8057-b091-26378ec50b80" testName="System.CommandLine.Tests.CommandTests.When_a_command_is_created_with_an_alias_that_contains_whitespace_then_an_informative_error_is_returned(alias: &quot;aa aa&quot;)" computerName="JOSEQU10" duration="00:00:00.0010000" startTime="2022-06-13T12:30:02.1576063-07:00" endTime="2022-06-13T12:30:02.1576063-07:00" testType="13cdc9d9-ddb5-4fa4-a97d-d965ccfc6d4b" outcome="Passed" testListId="8c84fa94-04c1-424b-9868-57a2d4851a1d" relativeResultsDirectory="1d1e1b51-aa67-4de7-8a37-d38da7855af1" />
    <UnitTestResult executionId="5255a21a-9a09-4a28-8ae2-a08ff5e55be3" testId="b3f575ff-34dd-078d-71c8-6268d54a3152" testName="System.CommandLine.Tests.SuggestDirectiveTests.It_writes_suggestions_for_partial_subcommand_aliases_under_root_command" computerName="JOSEQU10" duration="00:00:00.0010000" startTime="2022-06-13T12:30:01.9476083-07:00" endTime="2022-06-13T12:30:01.9476083-07:00" testType="13cdc9d9-ddb5-4fa4-a97d-d965ccfc6d4b" outcome="Passed" testListId="8c84fa94-04c1-424b-9868-57a2d4851a1d" relativeResultsDirectory="5255a21a-9a09-4a28-8ae2-a08ff5e55be3" />
    <UnitTestResult executionId="996281df-ef81-4f45-aab0-d1dffaf85376" testId="ed34a6a5-ca42-ce49-59b4-93b530f70f4d" testName="System.CommandLine.Tests.ParserTests+MultipleArguments.Unsatisfied_subsequent_argument_with_min_arity_1_parses_as_default_value" computerName="JOSEQU10" duration="00:00:00.0010000" startTime="2022-06-13T12:30:02.5246053-07:00" endTime="2022-06-13T12:30:02.5246053-07:00" testType="13cdc9d9-ddb5-4fa4-a97d-d965ccfc6d4b" outcome="Passed" testListId="8c84fa94-04c1-424b-9868-57a2d4851a1d" relativeResultsDirectory="996281df-ef81-4f45-aab0-d1dffaf85376" />
    <UnitTestResult executionId="c034843e-2ebc-4e70-9b10-f6d9796a4f91" testId="637f1202-d379-3c16-2198-fdd4b66cb681" testName="System.CommandLine.Tests.Invocation.InvocationPipelineTests.When_command_handler_throws_then_InvokeAsync_does_not_handle_the_exception" computerName="JOSEQU10" duration="00:00:00.0050000" startTime="2022-06-13T12:30:01.7596081-07:00" endTime="2022-06-13T12:30:01.7596081-07:00" testType="13cdc9d9-ddb5-4fa4-a97d-d965ccfc6d4b" outcome="Passed" testListId="8c84fa94-04c1-424b-9868-57a2d4851a1d" relativeResultsDirectory="c034843e-2ebc-4e70-9b10-f6d9796a4f91" />
    <UnitTestResult executionId="09c07ac7-2cf3-4ae6-852c-4d26e2fbb109" testId="e2fe134d-3006-9e4d-3bf3-81a128e7ab8b" testName="System.CommandLine.Tests.Help.HelpBuilderTests+Customization.Option_can_customize_first_column_text_based_on_parse_result" computerName="JOSEQU10" duration="00:00:00.0010000" startTime="2022-06-13T12:30:02.4576080-07:00" endTime="2022-06-13T12:30:02.4576080-07:00" testType="13cdc9d9-ddb5-4fa4-a97d-d965ccfc6d4b" outcome="Passed" testListId="8c84fa94-04c1-424b-9868-57a2d4851a1d" relativeResultsDirectory="09c07ac7-2cf3-4ae6-852c-4d26e2fbb109" />
    <UnitTestResult executionId="719d1539-67b2-4c0e-b157-d002ddff6b3c" testId="259b2f6d-2f3d-c992-812b-c1502af0b55f" testName="System.CommandLine.Tests.UseExceptionHandlerTests.UseExceptionHandler_catches_middleware_exceptions_and_writes_details_to_standard_error" computerName="JOSEQU10" duration="00:00:00.0140000" startTime="2022-06-13T12:30:02.3886056-07:00" endTime="2022-06-13T12:30:02.3886056-07:00" testType="13cdc9d9-ddb5-4fa4-a97d-d965ccfc6d4b" outcome="Passed" testListId="8c84fa94-04c1-424b-9868-57a2d4851a1d" relativeResultsDirectory="719d1539-67b2-4c0e-b157-d002ddff6b3c" />
    <UnitTestResult executionId="fa43a5ff-8e95-4c78-8f16-46aa0d8452ec" testId="3d037075-738f-f3b3-8730-5e7b0494f58a" testName="System.CommandLine.Tests.ParserTests+RootCommandAndArg0.When_parsing_a_string_array_a_root_command_can_be_omitted_from_the_parsed_args" computerName="JOSEQU10" duration="00:00:00.0010000" startTime="2022-06-13T12:30:02.5126070-07:00" endTime="2022-06-13T12:30:02.5126070-07:00" testType="13cdc9d9-ddb5-4fa4-a97d-d965ccfc6d4b" outcome="Passed" testListId="8c84fa94-04c1-424b-9868-57a2d4851a1d" relativeResultsDirectory="fa43a5ff-8e95-4c78-8f16-46aa0d8452ec" />
    <UnitTestResult executionId="7a1623a7-9a1f-46f8-a786-ef86f75aa307" testId="de86e775-3f25-b412-e7be-72a82e582f65" testName="System.CommandLine.Tests.ArgumentTests+CustomParsing.GetDefaultValue_can_return_null" computerName="JOSEQU10" duration="00:00:00.0010000" startTime="2022-06-13T12:30:02.2266070-07:00" endTime="2022-06-13T12:30:02.2266070-07:00" testType="13cdc9d9-ddb5-4fa4-a97d-d965ccfc6d4b" outcome="Passed" testListId="8c84fa94-04c1-424b-9868-57a2d4851a1d" relativeResultsDirectory="7a1623a7-9a1f-46f8-a786-ef86f75aa307" />
    <UnitTestResult executionId="152b9939-ccf7-4ce2-a1b3-6b714039f71f" testId="df00c239-0d5e-3d40-aaf8-b2078d397b27" testName="System.CommandLine.Tests.Binding.TypeConversionTests.Values_can_be_correctly_converted_to_ushort_without_the_parser_specifying_a_custom_converter" computerName="JOSEQU10" duration="00:00:00.0010000" startTime="2022-06-13T12:30:02.6986088-07:00" endTime="2022-06-13T12:30:02.6986088-07:00" testType="13cdc9d9-ddb5-4fa4-a97d-d965ccfc6d4b" outcome="Passed" testListId="8c84fa94-04c1-424b-9868-57a2d4851a1d" relativeResultsDirectory="152b9939-ccf7-4ce2-a1b3-6b714039f71f" />
    <UnitTestResult executionId="e24d77ae-a380-4464-8992-99f41ebca0ae" testId="6c5040f8-5427-b2ed-74a3-038b5a49454f" testName="System.CommandLine.Tests.Binding.TypeConversionTests.Max_arity_greater_than_1_converts_to_enumerable_types(minArity: 1, maxArity: 100000, argumentType: typeof(System.Collections.Generic.List&lt;string&gt;))" computerName="JOSEQU10" duration="00:00:00.0010000" startTime="2022-06-13T12:30:02.7146084-07:00" endTime="2022-06-13T12:30:02.7146084-07:00" testType="13cdc9d9-ddb5-4fa4-a97d-d965ccfc6d4b" outcome="Passed" testListId="8c84fa94-04c1-424b-9868-57a2d4851a1d" relativeResultsDirectory="e24d77ae-a380-4464-8992-99f41ebca0ae" />
    <UnitTestResult executionId="cb2dd3e9-2ad0-407f-95ee-373bcc7bc17c" testId="ec29f196-5d78-9bc0-0c47-028421c1fbb4" testName="System.CommandLine.Tests.CommandExtensionsTests.Parse_and_Invoke_extension_methods_use_different_implicit_parsers" computerName="JOSEQU10" duration="00:00:00.0010000" startTime="2022-06-13T12:30:02.1496071-07:00" endTime="2022-06-13T12:30:02.1496071-07:00" testType="13cdc9d9-ddb5-4fa4-a97d-d965ccfc6d4b" outcome="Passed" testListId="8c84fa94-04c1-424b-9868-57a2d4851a1d" relativeResultsDirectory="cb2dd3e9-2ad0-407f-95ee-373bcc7bc17c" />
    <UnitTestResult executionId="dba4d602-3a5e-4f2a-a29e-3faf716bdca8" testId="04e51b36-03b1-34d5-f535-16a18e5d3e98" testName="System.CommandLine.Tests.Binding.TypeConversionTests.Values_can_be_correctly_converted_to_nullable_Guid_without_the_parser_specifying_a_custom_converter" computerName="JOSEQU10" duration="00:00:00.0010000" startTime="2022-06-13T12:30:02.7376061-07:00" endTime="2022-06-13T12:30:02.7376061-07:00" testType="13cdc9d9-ddb5-4fa4-a97d-d965ccfc6d4b" outcome="Passed" testListId="8c84fa94-04c1-424b-9868-57a2d4851a1d" relativeResultsDirectory="dba4d602-3a5e-4f2a-a29e-3faf716bdca8" />
    <UnitTestResult executionId="14bbf9e8-5a77-4ae2-b370-85ea1061d2f8" testId="3f19c2ff-df25-c2cb-e346-3bfab08d5257" testName="System.CommandLine.Tests.UseHelpTests.UseHelp_can_be_called_more_than_once_on_the_same_CommandLineBuilder(commandline: &quot;-h&quot;)" computerName="JOSEQU10" duration="00:00:00.3240000" startTime="2022-06-13T12:30:02.1296085-07:00" endTime="2022-06-13T12:30:02.1296085-07:00" testType="13cdc9d9-ddb5-4fa4-a97d-d965ccfc6d4b" outcome="Passed" testListId="8c84fa94-04c1-424b-9868-57a2d4851a1d" relativeResultsDirectory="14bbf9e8-5a77-4ae2-b370-85ea1061d2f8" />
    <UnitTestResult executionId="15edf8d4-b0e4-49cf-9be7-bc8df24c07da" testId="7b2554e4-dcc6-8434-7750-cd47ed3a7858" testName="System.CommandLine.Tests.ParsingValidationTests+FileExistence.Option_argument_does_not_return_errors_when_Directory_exists" computerName="JOSEQU10" duration="00:00:00.0010000" startTime="2022-06-13T12:30:02.4276087-07:00" endTime="2022-06-13T12:30:02.4276087-07:00" testType="13cdc9d9-ddb5-4fa4-a97d-d965ccfc6d4b" outcome="Passed" testListId="8c84fa94-04c1-424b-9868-57a2d4851a1d" relativeResultsDirectory="15edf8d4-b0e4-49cf-9be7-bc8df24c07da" />
    <UnitTestResult executionId="d487f42c-345a-4dae-a438-d0ccd00a642c" testId="5cf3426c-93de-e47a-6bdb-35cbea4ed512" testName="System.CommandLine.Tests.ParserTests.Option_arguments_can_start_with_prefixes_that_make_them_look_like_options(input: &quot;-x=-y&quot;)" computerName="JOSEQU10" duration="00:00:00.0010000" startTime="2022-06-13T12:30:02.3106088-07:00" endTime="2022-06-13T12:30:02.3106088-07:00" testType="13cdc9d9-ddb5-4fa4-a97d-d965ccfc6d4b" outcome="Passed" testListId="8c84fa94-04c1-424b-9868-57a2d4851a1d" relativeResultsDirectory="d487f42c-345a-4dae-a438-d0ccd00a642c" />
    <UnitTestResult executionId="a30fe50a-8444-4410-a6c4-5a34e6084cec" testId="076cfb1b-94cd-cdae-aa55-15c605c82c0c" testName="System.CommandLine.Tests.Binding.TypeConversionTests.Values_can_be_correctly_converted_to_List_of_int_without_the_parser_specifying_a_custom_converter" computerName="JOSEQU10" duration="00:00:00.0010000" startTime="2022-06-13T12:30:02.7476069-07:00" endTime="2022-06-13T12:30:02.7476069-07:00" testType="13cdc9d9-ddb5-4fa4-a97d-d965ccfc6d4b" outcome="Passed" testListId="8c84fa94-04c1-424b-9868-57a2d4851a1d" relativeResultsDirectory="a30fe50a-8444-4410-a6c4-5a34e6084cec" />
    <UnitTestResult executionId="11126db0-6554-4ba9-9958-b4791d56f04e" testId="193ef322-3a9f-73f5-8ca2-01ffd34c71e5" testName="System.CommandLine.Tests.ParsingValidationTests.When_a_required_option_is_allowed_at_more_than_one_position_it_only_needs_to_be_satisfied_in_one(commandLine: &quot;subcommand -x arg&quot;)" computerName="JOSEQU10" duration="00:00:00.0010000" startTime="2022-06-13T12:30:02.5716074-07:00" endTime="2022-06-13T12:30:02.5716074-07:00" testType="13cdc9d9-ddb5-4fa4-a97d-d965ccfc6d4b" outcome="Passed" testListId="8c84fa94-04c1-424b-9868-57a2d4851a1d" relativeResultsDirectory="11126db0-6554-4ba9-9958-b4791d56f04e" />
    <UnitTestResult executionId="9e84f297-25c2-49ac-9b92-1acee0e0ae6b" testId="8545239c-2d76-a97e-527e-6e3c30c7c7ce" testName="System.CommandLine.Tests.ParserTests+MultipleArguments.When_multiple_arguments_are_defined_but_not_provided_then_option_parses_correctly" computerName="JOSEQU10" duration="00:00:00.0010000" startTime="2022-06-13T12:30:01.8986075-07:00" endTime="2022-06-13T12:30:01.8986075-07:00" testType="13cdc9d9-ddb5-4fa4-a97d-d965ccfc6d4b" outcome="Passed" testListId="8c84fa94-04c1-424b-9868-57a2d4851a1d" relativeResultsDirectory="9e84f297-25c2-49ac-9b92-1acee0e0ae6b" />
    <UnitTestResult executionId="533878b1-32dd-4d1b-b9d4-f22987e6b95f" testId="a94de9e0-d357-9956-bb85-157dd1b8b2ad" testName="System.CommandLine.Tests.Help.HelpBuilderTests.Synopsis_section_keeps_added_newlines" computerName="JOSEQU10" duration="00:00:00.0010000" startTime="2022-06-13T12:30:02.2206067-07:00" endTime="2022-06-13T12:30:02.2206067-07:00" testType="13cdc9d9-ddb5-4fa4-a97d-d965ccfc6d4b" outcome="Passed" testListId="8c84fa94-04c1-424b-9868-57a2d4851a1d" relativeResultsDirectory="533878b1-32dd-4d1b-b9d4-f22987e6b95f" />
    <UnitTestResult executionId="cbcb0cf7-abda-4cf2-8b8d-6986908fdd70" testId="6aa9d1b4-256b-969d-ac98-dd228b6772ee" testName="System.CommandLine.Tests.Binding.SetHandlerTests.Binding_is_correct_for_Action_overload_having_arity_(arity: 8)" computerName="JOSEQU10" duration="00:00:00.0010000" startTime="2022-06-13T12:30:02.2296082-07:00" endTime="2022-06-13T12:30:02.2296082-07:00" testType="13cdc9d9-ddb5-4fa4-a97d-d965ccfc6d4b" outcome="Passed" testListId="8c84fa94-04c1-424b-9868-57a2d4851a1d" relativeResultsDirectory="cbcb0cf7-abda-4cf2-8b8d-6986908fdd70" />
    <UnitTestResult executionId="49edd93d-4f26-4572-b7af-5129a915c3fd" testId="6c401c1d-7853-203e-ed50-499fadc5448e" testName="System.CommandLine.Tests.ArgumentTests+CustomParsing.custom_parsing_of_sequence_value_from_an_argument_with_one_token" computerName="JOSEQU10" duration="00:00:00.0010000" startTime="2022-06-13T12:30:02.6656060-07:00" endTime="2022-06-13T12:30:02.6656060-07:00" testType="13cdc9d9-ddb5-4fa4-a97d-d965ccfc6d4b" outcome="Passed" testListId="8c84fa94-04c1-424b-9868-57a2d4851a1d" relativeResultsDirectory="49edd93d-4f26-4572-b7af-5129a915c3fd" />
    <UnitTestResult executionId="36af8cfa-26b2-428d-a9dc-3cbaef1c1cb8" testId="a096b663-6b69-9f43-e3ea-4afe858c5872" testName="System.CommandLine.Tests.Help.HelpBuilderTests+Customization.Argument_can_fallback_to_default_when_customizing(conditionA: True, conditionB: True, conditionC: False, expected: &quot;custom 1st\\s*custom 2nd\\s*\\[default\\: default\&quot;...)" computerName="JOSEQU10" duration="00:00:00.0170000" startTime="2022-06-13T12:30:02.3036059-07:00" endTime="2022-06-13T12:30:02.3036059-07:00" testType="13cdc9d9-ddb5-4fa4-a97d-d965ccfc6d4b" outcome="Passed" testListId="8c84fa94-04c1-424b-9868-57a2d4851a1d" relativeResultsDirectory="36af8cfa-26b2-428d-a9dc-3cbaef1c1cb8" />
    <UnitTestResult executionId="d9e5180b-566d-4083-ae12-4d24896fb65e" testId="a58bf2dd-e946-f2d3-21d9-8449df9769df" testName="System.CommandLine.Tests.OptionTests.Option_T_default_value_is_validated" computerName="JOSEQU10" duration="00:00:00.0010000" startTime="2022-06-13T12:30:02.3546097-07:00" endTime="2022-06-13T12:30:02.3546097-07:00" testType="13cdc9d9-ddb5-4fa4-a97d-d965ccfc6d4b" outcome="Passed" testListId="8c84fa94-04c1-424b-9868-57a2d4851a1d" relativeResultsDirectory="d9e5180b-566d-4083-ae12-4d24896fb65e" />
    <UnitTestResult executionId="0215d87c-573e-4bb6-9dad-12a8fe00bee8" testId="508300a0-833a-5946-872b-c7161fbce9d1" testName="System.CommandLine.Tests.ParserTests+MultipleArguments.When_multiple_arguments_are_present_then_their_order_relative_to_sibling_options_is_not_significant(commandLine: &quot;one two --verbose true three four five&quot;)" computerName="JOSEQU10" duration="00:00:00.0010000" startTime="2022-06-13T12:30:01.8806075-07:00" endTime="2022-06-13T12:30:01.8806075-07:00" testType="13cdc9d9-ddb5-4fa4-a97d-d965ccfc6d4b" outcome="Passed" testListId="8c84fa94-04c1-424b-9868-57a2d4851a1d" relativeResultsDirectory="0215d87c-573e-4bb6-9dad-12a8fe00bee8" />
    <UnitTestResult executionId="90ce6518-b5ca-40ec-8b61-41fe591b9826" testId="1fae9aa2-a59e-867c-953f-fe5d046687fc" testName="System.CommandLine.Tests.Invocation.InvocationPipelineTests.When_command_handler_throws_then_Invoke_does_not_handle_the_exception" computerName="JOSEQU10" duration="00:00:00.0030000" startTime="2022-06-13T12:30:01.8536082-07:00" endTime="2022-06-13T12:30:01.8536082-07:00" testType="13cdc9d9-ddb5-4fa4-a97d-d965ccfc6d4b" outcome="Passed" testListId="8c84fa94-04c1-424b-9868-57a2d4851a1d" relativeResultsDirectory="90ce6518-b5ca-40ec-8b61-41fe591b9826" />
    <UnitTestResult executionId="c53191b6-26be-47bb-8cab-7c26f01e06d2" testId="b8fd30f1-a08e-dee6-f707-844684686595" testName="System.CommandLine.Tests.ParserTests.Option_arguments_can_match_subcommands" computerName="JOSEQU10" duration="00:00:00.0010000" startTime="2022-06-13T12:30:02.6126075-07:00" endTime="2022-06-13T12:30:02.6126075-07:00" testType="13cdc9d9-ddb5-4fa4-a97d-d965ccfc6d4b" outcome="Passed" testListId="8c84fa94-04c1-424b-9868-57a2d4851a1d" relativeResultsDirectory="c53191b6-26be-47bb-8cab-7c26f01e06d2">
      <Output>
        <StdOut>ParseResult: ![ testhost.net462.x86 [ -a &lt;subcommand&gt; ] ]</StdOut>
      </Output>
    </UnitTestResult>
    <UnitTestResult executionId="0cc695e7-701c-408e-a4ab-da5f2488f78e" testId="194a3312-02fe-172d-ed3b-01b403aa4fd8" testName="System.CommandLine.Tests.TokenReplacementTests.Token_replacer_will_delete_token_when_delegate_returns_true_and_sets_tokens_to_null" computerName="JOSEQU10" duration="00:00:00.0010000" startTime="2022-06-13T12:30:02.0156058-07:00" endTime="2022-06-13T12:30:02.0156058-07:00" testType="13cdc9d9-ddb5-4fa4-a97d-d965ccfc6d4b" outcome="Passed" testListId="8c84fa94-04c1-424b-9868-57a2d4851a1d" relativeResultsDirectory="0cc695e7-701c-408e-a4ab-da5f2488f78e" />
    <UnitTestResult executionId="10d4a49d-cb19-4c84-b90e-0adbc170ab93" testId="10d5db04-ee55-bcea-7233-0c5e74566f28" testName="System.CommandLine.Tests.UseHelpTests.Individual_symbols_can_be_customized" computerName="JOSEQU10" duration="00:00:00.0020000" startTime="2022-06-13T12:30:02.2786083-07:00" endTime="2022-06-13T12:30:02.2786083-07:00" testType="13cdc9d9-ddb5-4fa4-a97d-d965ccfc6d4b" outcome="Passed" testListId="8c84fa94-04c1-424b-9868-57a2d4851a1d" relativeResultsDirectory="10d4a49d-cb19-4c84-b90e-0adbc170ab93" />
    <UnitTestResult executionId="954e7b02-3bf1-4abd-9459-1e66b372bb77" testId="f23fd81f-11c2-74a8-a291-df30d65f281b" testName="System.CommandLine.Tests.ParserTests+MultiplePositions.An_argument_can_be_specified_in_more_than_one_position(commandLine: &quot;outer xyz&quot;)" computerName="JOSEQU10" duration="00:00:00.2390000" startTime="2022-06-13T12:30:01.7196073-07:00" endTime="2022-06-13T12:30:01.7196073-07:00" testType="13cdc9d9-ddb5-4fa4-a97d-d965ccfc6d4b" outcome="Passed" testListId="8c84fa94-04c1-424b-9868-57a2d4851a1d" relativeResultsDirectory="954e7b02-3bf1-4abd-9459-1e66b372bb77" />
    <UnitTestResult executionId="45ff98fd-8b5c-435b-ab2b-dd8f771a5c6b" testId="4cd7415d-d1dc-dfe4-d42c-0d3dc181d033" testName="System.CommandLine.Tests.ParsingValidationTests.All_custom_validators_are_called(commandLine: &quot;argValue -o=optionValue&quot;)" computerName="JOSEQU10" duration="00:00:00.0010000" startTime="2022-06-13T12:30:02.5416076-07:00" endTime="2022-06-13T12:30:02.5416076-07:00" testType="13cdc9d9-ddb5-4fa4-a97d-d965ccfc6d4b" outcome="Passed" testListId="8c84fa94-04c1-424b-9868-57a2d4851a1d" relativeResultsDirectory="45ff98fd-8b5c-435b-ab2b-dd8f771a5c6b" />
    <UnitTestResult executionId="52b2877b-64cd-4d76-a706-1928599400ec" testId="6510d799-10aa-b5d6-9b8c-42ec3f8c3da5" testName="System.CommandLine.Tests.CommandTests.Parse_extension_method_reuses_implicit_parser_instance" computerName="JOSEQU10" duration="00:00:00.0010000" startTime="2022-06-13T12:30:02.1836096-07:00" endTime="2022-06-13T12:30:02.1836096-07:00" testType="13cdc9d9-ddb5-4fa4-a97d-d965ccfc6d4b" outcome="Passed" testListId="8c84fa94-04c1-424b-9868-57a2d4851a1d" relativeResultsDirectory="52b2877b-64cd-4d76-a706-1928599400ec" />
    <UnitTestResult executionId="221cfb17-88d2-4ad8-a294-8ed840aacbe4" testId="894a5d72-ee55-99bd-582f-5b13739439e3" testName="System.CommandLine.Tests.EnvironmentVariableDirectiveTests.Ignores_environment_directive_with_whitespace_variable_name" computerName="JOSEQU10" duration="00:00:00.0010000" startTime="2022-06-13T12:30:01.7616066-07:00" endTime="2022-06-13T12:30:01.7616066-07:00" testType="13cdc9d9-ddb5-4fa4-a97d-d965ccfc6d4b" outcome="Passed" testListId="8c84fa94-04c1-424b-9868-57a2d4851a1d" relativeResultsDirectory="221cfb17-88d2-4ad8-a294-8ed840aacbe4" />
    <UnitTestResult executionId="9c91e95f-1018-49a8-82bf-103052ff15fe" testId="a7240e15-ddd8-3f19-5a5a-c962b3e11653" testName="System.CommandLine.Tests.CompletionTests.When_a_subcommand_has_been_specified_then_its_sibling_options_with_argument_limit_reached_will_be_not_be_suggested" computerName="JOSEQU10" duration="00:00:00.0010000" startTime="2022-06-13T12:30:02.1446092-07:00" endTime="2022-06-13T12:30:02.1446092-07:00" testType="13cdc9d9-ddb5-4fa4-a97d-d965ccfc6d4b" outcome="Passed" testListId="8c84fa94-04c1-424b-9868-57a2d4851a1d" relativeResultsDirectory="9c91e95f-1018-49a8-82bf-103052ff15fe" />
    <UnitTestResult executionId="1398a39d-8143-45bb-8055-9e6104a93bab" testId="825486bc-3492-c2ac-63c3-be219ddeecf8" testName="System.CommandLine.Tests.CompletionTests.Command_GetCompletions_returns_available_option_aliases_for_global_options" computerName="JOSEQU10" duration="00:00:00.0010000" startTime="2022-06-13T12:30:02.2326083-07:00" endTime="2022-06-13T12:30:02.2326083-07:00" testType="13cdc9d9-ddb5-4fa4-a97d-d965ccfc6d4b" outcome="Passed" testListId="8c84fa94-04c1-424b-9868-57a2d4851a1d" relativeResultsDirectory="1398a39d-8143-45bb-8055-9e6104a93bab" />
    <UnitTestResult executionId="15625c30-2cfd-4d59-95b4-04a66ca15cd7" testId="f24bf065-d0a4-b41b-07bd-3c45dbeb56af" testName="System.CommandLine.Tests.OptionTests.When_Name_is_explicitly_set_then_adding_aliases_does_not_change_it" computerName="JOSEQU10" duration="00:00:00.0010000" startTime="2022-06-13T12:30:02.2636081-07:00" endTime="2022-06-13T12:30:02.2636081-07:00" testType="13cdc9d9-ddb5-4fa4-a97d-d965ccfc6d4b" outcome="Passed" testListId="8c84fa94-04c1-424b-9868-57a2d4851a1d" relativeResultsDirectory="15625c30-2cfd-4d59-95b4-04a66ca15cd7" />
    <UnitTestResult executionId="7bf183ea-d136-4c59-88fc-508cc1d843aa" testId="8d289615-96cc-1505-0f24-b94999af187f" testName="System.CommandLine.Tests.Help.HelpBuilderTests.Subcommands_properly_wraps_description" computerName="JOSEQU10" duration="00:00:00.0010000" startTime="2022-06-13T12:30:02.6416068-07:00" endTime="2022-06-13T12:30:02.6416068-07:00" testType="13cdc9d9-ddb5-4fa4-a97d-d965ccfc6d4b" outcome="Passed" testListId="8c84fa94-04c1-424b-9868-57a2d4851a1d" relativeResultsDirectory="7bf183ea-d136-4c59-88fc-508cc1d843aa" />
    <UnitTestResult executionId="7f6bec31-3e14-4fdc-aa9c-af6b31eefa9d" testId="752defa0-d8d7-b81a-eeea-15c17f91496c" testName="System.CommandLine.Tests.CommandLineConfigurationTests.ThrowIfInvalid_throws_if_sibling_command_and_option_aliases_collide_on_a_subcommand" computerName="JOSEQU10" duration="00:00:00.0010000" startTime="2022-06-13T12:30:01.5066065-07:00" endTime="2022-06-13T12:30:01.5066065-07:00" testType="13cdc9d9-ddb5-4fa4-a97d-d965ccfc6d4b" outcome="Passed" testListId="8c84fa94-04c1-424b-9868-57a2d4851a1d" relativeResultsDirectory="7f6bec31-3e14-4fdc-aa9c-af6b31eefa9d" />
    <UnitTestResult executionId="f5c70f95-1c26-4859-aa90-7ab87ffdfa24" testId="b0ebae1a-2d62-4c99-6f2f-c32e2880c559" testName="System.CommandLine.Tests.CompletionTests.Subcommand_names_are_available_as_suggestions" computerName="JOSEQU10" duration="00:00:00.0140000" startTime="2022-06-13T12:30:01.9136077-07:00" endTime="2022-06-13T12:30:01.9136077-07:00" testType="13cdc9d9-ddb5-4fa4-a97d-d965ccfc6d4b" outcome="Passed" testListId="8c84fa94-04c1-424b-9868-57a2d4851a1d" relativeResultsDirectory="f5c70f95-1c26-4859-aa90-7ab87ffdfa24" />
    <UnitTestResult executionId="27d45f09-faf4-4b6f-965e-bd63272de740" testId="4ea0f0f9-1d32-54e7-dde4-8492b29bcda4" testName="System.CommandLine.Tests.UseHelpTests.UseHelp_can_be_called_more_than_once_on_the_same_CommandLineBuilder(commandline: &quot;inner -h&quot;)" computerName="JOSEQU10" duration="00:00:00.0010000" startTime="2022-06-13T12:30:02.1546067-07:00" endTime="2022-06-13T12:30:02.1546067-07:00" testType="13cdc9d9-ddb5-4fa4-a97d-d965ccfc6d4b" outcome="Passed" testListId="8c84fa94-04c1-424b-9868-57a2d4851a1d" relativeResultsDirectory="27d45f09-faf4-4b6f-965e-bd63272de740" />
    <UnitTestResult executionId="65df73cc-2b32-4a17-8caf-c0666db13e38" testId="72d5d433-4a03-98ef-f6c8-502f1204c023" testName="System.CommandLine.Tests.CompletionContextTests.CommandLineText_is_unavailable_when_string_array_is_parsed" computerName="JOSEQU10" duration="00:00:00.0020000" startTime="2022-06-13T12:30:01.9536069-07:00" endTime="2022-06-13T12:30:01.9536069-07:00" testType="13cdc9d9-ddb5-4fa4-a97d-d965ccfc6d4b" outcome="Passed" testListId="8c84fa94-04c1-424b-9868-57a2d4851a1d" relativeResultsDirectory="65df73cc-2b32-4a17-8caf-c0666db13e38" />
    <UnitTestResult executionId="b4cd1270-d9cd-4ce0-85fe-a38d68a52041" testId="d6c356c4-5d82-2f4c-25d8-caa61a81fd62" testName="System.CommandLine.Tests.SplitCommandLineTests.It_does_not_break_up_double_quote_delimited_values" computerName="JOSEQU10" duration="00:00:00.0010000" startTime="2022-06-13T12:30:01.9086072-07:00" endTime="2022-06-13T12:30:01.9086072-07:00" testType="13cdc9d9-ddb5-4fa4-a97d-d965ccfc6d4b" outcome="Passed" testListId="8c84fa94-04c1-424b-9868-57a2d4851a1d" relativeResultsDirectory="b4cd1270-d9cd-4ce0-85fe-a38d68a52041" />
    <UnitTestResult executionId="964624da-260e-45f0-8147-e4e66253c493" testId="6e01a7ba-3878-bdc3-5fb7-4ccf5abed61e" testName="System.CommandLine.Tests.SuggestDirectiveTests.It_does_not_repeat_suggestion_for_already_specified_bool_option" computerName="JOSEQU10" duration="00:00:00.0120000" startTime="2022-06-13T12:30:01.9336093-07:00" endTime="2022-06-13T12:30:01.9336093-07:00" testType="13cdc9d9-ddb5-4fa4-a97d-d965ccfc6d4b" outcome="Passed" testListId="8c84fa94-04c1-424b-9868-57a2d4851a1d" relativeResultsDirectory="964624da-260e-45f0-8147-e4e66253c493" />
    <UnitTestResult executionId="389821e1-e6af-4814-92bf-99ddec630721" testId="b93f8aeb-f38d-be1c-b5ff-b1d0aa2f510b" testName="System.CommandLine.Tests.ParserTests.Option_arguments_can_start_with_prefixes_that_make_them_look_like_options(input: &quot;-x:-y&quot;)" computerName="JOSEQU10" duration="00:00:00.0010000" startTime="2022-06-13T12:30:02.3146086-07:00" endTime="2022-06-13T12:30:02.3146086-07:00" testType="13cdc9d9-ddb5-4fa4-a97d-d965ccfc6d4b" outcome="Passed" testListId="8c84fa94-04c1-424b-9868-57a2d4851a1d" relativeResultsDirectory="389821e1-e6af-4814-92bf-99ddec630721" />
    <UnitTestResult executionId="95650041-f236-4ce8-a1d8-e10d8db6c340" testId="0f83d2eb-ed2b-4789-817b-d78d337fe0ac" testName="System.CommandLine.Tests.ArgumentTests.When_default_value_is_set_to_null_then_HasDefaultValue_is_true" computerName="JOSEQU10" duration="00:00:00.0010000" startTime="2022-06-13T12:30:01.9076058-07:00" endTime="2022-06-13T12:30:01.9076058-07:00" testType="13cdc9d9-ddb5-4fa4-a97d-d965ccfc6d4b" outcome="Passed" testListId="8c84fa94-04c1-424b-9868-57a2d4851a1d" relativeResultsDirectory="95650041-f236-4ce8-a1d8-e10d8db6c340" />
    <UnitTestResult executionId="9c50fa13-29e8-48a0-9135-3442434897aa" testId="c952e77d-babe-d985-78b2-05a56de7d165" testName="System.CommandLine.Tests.UseExceptionHandlerTests.When_thrown_exception_is_from_cancelation_no_output_is_generated" computerName="JOSEQU10" duration="00:00:00.0010000" startTime="2022-06-13T12:30:02.3236090-07:00" endTime="2022-06-13T12:30:02.3236090-07:00" testType="13cdc9d9-ddb5-4fa4-a97d-d965ccfc6d4b" outcome="Passed" testListId="8c84fa94-04c1-424b-9868-57a2d4851a1d" relativeResultsDirectory="9c50fa13-29e8-48a0-9135-3442434897aa" />
    <UnitTestResult executionId="eaf37363-c049-4d85-83a9-8adb4a436395" testId="d34dd7fe-8729-4b0f-024b-311388e37f59" testName="System.CommandLine.Tests.GlobalOptionTests.Global_options_appear_in_options_list" computerName="JOSEQU10" duration="00:00:00.0010000" startTime="2022-06-13T12:30:01.7506060-07:00" endTime="2022-06-13T12:30:01.7506060-07:00" testType="13cdc9d9-ddb5-4fa4-a97d-d965ccfc6d4b" outcome="Passed" testListId="8c84fa94-04c1-424b-9868-57a2d4851a1d" relativeResultsDirectory="eaf37363-c049-4d85-83a9-8adb4a436395" />
    <UnitTestResult executionId="c73bc788-e468-4f10-9531-adca05c4619f" testId="9fbd3a87-0b1f-d820-0ca7-d67bad1e344b" testName="System.CommandLine.Tests.Binding.TypeConversionTests.Argument_defaults_arity_to_One_for_non_IEnumerable_types" computerName="JOSEQU10" duration="00:00:00.0010000" startTime="2022-06-13T12:30:02.8016069-07:00" endTime="2022-06-13T12:30:02.8016069-07:00" testType="13cdc9d9-ddb5-4fa4-a97d-d965ccfc6d4b" outcome="Passed" testListId="8c84fa94-04c1-424b-9868-57a2d4851a1d" relativeResultsDirectory="c73bc788-e468-4f10-9531-adca05c4619f" />
    <UnitTestResult executionId="be6ecf26-5436-4325-bb77-1c9a4818a294" testId="6c177ce0-4aee-ec4f-3402-143bf0a901e4" testName="System.CommandLine.Tests.ArgumentTests+CustomParsing.GetDefaultValue_returns_null_when_parse_delegate_returns_true_without_setting_a_value" computerName="JOSEQU10" duration="00:00:00.0010000" startTime="2022-06-13T12:30:02.4616086-07:00" endTime="2022-06-13T12:30:02.4616086-07:00" testType="13cdc9d9-ddb5-4fa4-a97d-d965ccfc6d4b" outcome="Passed" testListId="8c84fa94-04c1-424b-9868-57a2d4851a1d" relativeResultsDirectory="be6ecf26-5436-4325-bb77-1c9a4818a294" />
    <UnitTestResult executionId="a631ba18-2602-4da8-ba61-263499f88dab" testId="d1e76cc2-ab5f-a34e-3d3d-b06689c7ae55" testName="System.CommandLine.Tests.ArgumentTests+CustomParsing.Custom_parser_can_pass_on_remaining_tokens(commandLine: &quot;1 2 3 -o 999 4 5 6 7 8&quot;)" computerName="JOSEQU10" duration="00:00:00.0010000" startTime="2022-06-13T12:30:02.3166085-07:00" endTime="2022-06-13T12:30:02.3166085-07:00" testType="13cdc9d9-ddb5-4fa4-a97d-d965ccfc6d4b" outcome="Passed" testListId="8c84fa94-04c1-424b-9868-57a2d4851a1d" relativeResultsDirectory="a631ba18-2602-4da8-ba61-263499f88dab" />
    <UnitTestResult executionId="81fbc6ea-961f-42b9-aafe-be335c75f0c2" testId="9e734b36-763d-9f19-eee0-9fa8698739c0" testName="System.CommandLine.Tests.ParsingValidationTests.Arity_failures_are_not_reported_for_both_an_argument_and_its_parent_option" computerName="JOSEQU10" duration="00:00:00.0010000" startTime="2022-06-13T12:30:02.5746077-07:00" endTime="2022-06-13T12:30:02.5746077-07:00" testType="13cdc9d9-ddb5-4fa4-a97d-d965ccfc6d4b" outcome="Passed" testListId="8c84fa94-04c1-424b-9868-57a2d4851a1d" relativeResultsDirectory="81fbc6ea-961f-42b9-aafe-be335c75f0c2" />
    <UnitTestResult executionId="b4705768-0c58-4ec7-9b6b-4ef923477e49" testId="61a93953-8691-a5db-b725-20c4afc63457" testName="System.CommandLine.Tests.CompletionContextTests.When_position_is_specified_in_string_command_line_then_it_returns_argument_at_cursor_position(commandLine: &quot; the-command  one$ --two &quot;, expected: &quot;one&quot;)" computerName="JOSEQU10" duration="00:00:00.0010000" startTime="2022-06-13T12:30:01.9576064-07:00" endTime="2022-06-13T12:30:01.9576064-07:00" testType="13cdc9d9-ddb5-4fa4-a97d-d965ccfc6d4b" outcome="Passed" testListId="8c84fa94-04c1-424b-9868-57a2d4851a1d" relativeResultsDirectory="b4705768-0c58-4ec7-9b6b-4ef923477e49" />
    <UnitTestResult executionId="3a7dc424-683f-4aff-a989-2ad176ab3fe5" testId="d64b8e6a-a1d7-a0f5-cd3c-a149a882c081" testName="System.CommandLine.Tests.ParsingValidationTests.When_an_option_has_en_error_then_the_error_has_a_reference_to_the_option" computerName="JOSEQU10" duration="00:00:00.0010000" startTime="2022-06-13T12:30:02.5566075-07:00" endTime="2022-06-13T12:30:02.5566075-07:00" testType="13cdc9d9-ddb5-4fa4-a97d-d965ccfc6d4b" outcome="Passed" testListId="8c84fa94-04c1-424b-9868-57a2d4851a1d" relativeResultsDirectory="3a7dc424-683f-4aff-a989-2ad176ab3fe5" />
    <UnitTestResult executionId="3db7117c-cec9-4d50-9311-6b1a636d4bdb" testId="7a3c7b7e-59f1-5d62-4392-4b4b626c0ae9" testName="System.CommandLine.Tests.ParserTests+MultipleArguments.When_multiple_arguments_are_present_then_their_order_relative_to_sibling_options_is_not_significant(commandLine: &quot;one two three four five --verbose&quot;)" computerName="JOSEQU10" duration="00:00:00.0010000" startTime="2022-06-13T12:30:01.8726079-07:00" endTime="2022-06-13T12:30:01.8726079-07:00" testType="13cdc9d9-ddb5-4fa4-a97d-d965ccfc6d4b" outcome="Passed" testListId="8c84fa94-04c1-424b-9868-57a2d4851a1d" relativeResultsDirectory="3db7117c-cec9-4d50-9311-6b1a636d4bdb" />
    <UnitTestResult executionId="6beefbb8-fdb3-4df8-9d5a-739c398f7d63" testId="746bcc8a-a0cd-be32-0efa-3c8ed89cae74" testName="System.CommandLine.Tests.ParserTests.Boolean_options_are_not_greedy(commandLine: &quot;-x:true -y&quot;)" computerName="JOSEQU10" duration="00:00:00.0010000" startTime="2022-06-13T12:30:02.4926075-07:00" endTime="2022-06-13T12:30:02.4926075-07:00" testType="13cdc9d9-ddb5-4fa4-a97d-d965ccfc6d4b" outcome="Passed" testListId="8c84fa94-04c1-424b-9868-57a2d4851a1d" relativeResultsDirectory="6beefbb8-fdb3-4df8-9d5a-739c398f7d63" />
    <UnitTestResult executionId="1aa65883-d298-438b-b047-ba5989552817" testId="1c20baf1-7119-9b0d-a43b-88f180c69ef0" testName="System.CommandLine.Tests.Binding.TypeConversionTests.Values_can_be_correctly_converted_to_nullable_sbyte_without_the_parser_specifying_a_custom_converter" computerName="JOSEQU10" duration="00:00:00.0010000" startTime="2022-06-13T12:30:02.7286059-07:00" endTime="2022-06-13T12:30:02.7286059-07:00" testType="13cdc9d9-ddb5-4fa4-a97d-d965ccfc6d4b" outcome="Passed" testListId="8c84fa94-04c1-424b-9868-57a2d4851a1d" relativeResultsDirectory="1aa65883-d298-438b-b047-ba5989552817" />
    <UnitTestResult executionId="24e73ad1-acfc-4607-a4a3-0130a53c4855" testId="e161d28c-ddfe-753e-21f8-39700db06ba0" testName="System.CommandLine.Tests.EnvironmentVariableDirectiveTests.Sets_environment_variable_value_containing_equals_sign" computerName="JOSEQU10" duration="00:00:00.0010000" startTime="2022-06-13T12:30:01.7726071-07:00" endTime="2022-06-13T12:30:01.7726071-07:00" testType="13cdc9d9-ddb5-4fa4-a97d-d965ccfc6d4b" outcome="Passed" testListId="8c84fa94-04c1-424b-9868-57a2d4851a1d" relativeResultsDirectory="24e73ad1-acfc-4607-a4a3-0130a53c4855" />
    <UnitTestResult executionId="5f9b763d-0196-4766-a5ad-7883ac984c01" testId="e43fc2e6-ad81-e3cd-1cd5-86f5a42934b5" testName="System.CommandLine.Tests.ParserTests.Parsed_value_of_empty_string_arg_is_an_empty_string(arg1: &quot;--exec-prefix:&quot;, arg2: &quot;&quot;)" computerName="JOSEQU10" duration="00:00:00.0010000" startTime="2022-06-13T12:30:02.0716134-07:00" endTime="2022-06-13T12:30:02.0716134-07:00" testType="13cdc9d9-ddb5-4fa4-a97d-d965ccfc6d4b" outcome="Passed" testListId="8c84fa94-04c1-424b-9868-57a2d4851a1d" relativeResultsDirectory="5f9b763d-0196-4766-a5ad-7883ac984c01" />
    <UnitTestResult executionId="6e5dc389-eb6c-46f6-b4a2-913cc2120d68" testId="b22f1a3c-45aa-eaa4-0c9e-a112e43f873e" testName="System.CommandLine.Tests.CompletionTests.Command_GetCompletions_returns_available_subcommands_and_option_aliases" computerName="JOSEQU10" duration="00:00:00.0010000" startTime="2022-06-13T12:30:01.9526070-07:00" endTime="2022-06-13T12:30:01.9526070-07:00" testType="13cdc9d9-ddb5-4fa4-a97d-d965ccfc6d4b" outcome="Passed" testListId="8c84fa94-04c1-424b-9868-57a2d4851a1d" relativeResultsDirectory="6e5dc389-eb6c-46f6-b4a2-913cc2120d68" />
    <UnitTestResult executionId="408116e3-beb5-4ac2-bf52-121119f0a11d" testId="3785e267-6029-66a3-14d4-17ccfe725583" testName="System.CommandLine.Tests.CompletionTests.When_parsing_from_text_then_argument_completions_are_based_on_the_proximate_command" computerName="JOSEQU10" duration="00:00:00.0010000" startTime="2022-06-13T12:30:01.9256077-07:00" endTime="2022-06-13T12:30:01.9256077-07:00" testType="13cdc9d9-ddb5-4fa4-a97d-d965ccfc6d4b" outcome="Passed" testListId="8c84fa94-04c1-424b-9868-57a2d4851a1d" relativeResultsDirectory="408116e3-beb5-4ac2-bf52-121119f0a11d" />
    <UnitTestResult executionId="5da745a8-663b-41b6-9186-f1c4f4dbb9aa" testId="9a317c0e-f0d9-8826-bb20-a3aa04194d0a" testName="System.CommandLine.Tests.ParserTests.When_a_token_is_just_a_prefix_then_an_error_is_returned(prefix: &quot;-&quot;)" computerName="JOSEQU10" duration="00:00:00.0010000" startTime="2022-06-13T12:30:02.5116079-07:00" endTime="2022-06-13T12:30:02.5116079-07:00" testType="13cdc9d9-ddb5-4fa4-a97d-d965ccfc6d4b" outcome="Passed" testListId="8c84fa94-04c1-424b-9868-57a2d4851a1d" relativeResultsDirectory="5da745a8-663b-41b6-9186-f1c4f4dbb9aa" />
    <UnitTestResult executionId="1541f783-d4ce-4bd1-9a6b-c3dbd14b2c55" testId="f2f721e5-24e2-5524-2d84-1567c1045d78" testName="System.CommandLine.Tests.ParserTests.Commands_can_have_default_argument_values" computerName="JOSEQU10" duration="00:00:00.0010000" startTime="2022-06-13T12:30:02.6096094-07:00" endTime="2022-06-13T12:30:02.6096094-07:00" testType="13cdc9d9-ddb5-4fa4-a97d-d965ccfc6d4b" outcome="Passed" testListId="8c84fa94-04c1-424b-9868-57a2d4851a1d" relativeResultsDirectory="1541f783-d4ce-4bd1-9a6b-c3dbd14b2c55" />
    <UnitTestResult executionId="9ac19e98-606c-405b-b32a-5bea6f41db14" testId="09b6476f-5f57-af66-ec75-2bdb8b45fe24" testName="System.CommandLine.Tests.Help.HelpBuilderTests.Arguments_section_aligns_arguments_on_new_lines" computerName="JOSEQU10" duration="00:00:00.0010000" startTime="2022-06-13T12:30:02.8346104-07:00" endTime="2022-06-13T12:30:02.8346104-07:00" testType="13cdc9d9-ddb5-4fa4-a97d-d965ccfc6d4b" outcome="Passed" testListId="8c84fa94-04c1-424b-9868-57a2d4851a1d" relativeResultsDirectory="9ac19e98-606c-405b-b32a-5bea6f41db14" />
    <UnitTestResult executionId="84adadf6-7322-434b-a1bb-6bacb06ebd03" testId="5d2ab3cc-1da7-4252-6b9e-8764661a7eec" testName="System.CommandLine.Tests.ParserTests+MultiplePositions.An_argument_can_be_specified_in_more_than_one_position(commandLine: &quot;outer inner xyz&quot;)" computerName="JOSEQU10" duration="00:00:00.0010000" startTime="2022-06-13T12:30:01.7216069-07:00" endTime="2022-06-13T12:30:01.7216069-07:00" testType="13cdc9d9-ddb5-4fa4-a97d-d965ccfc6d4b" outcome="Passed" testListId="8c84fa94-04c1-424b-9868-57a2d4851a1d" relativeResultsDirectory="84adadf6-7322-434b-a1bb-6bacb06ebd03" />
    <UnitTestResult executionId="712464b4-e4ac-45a3-a69d-b0c0160452a2" testId="98e63dba-6d9e-7119-afa0-c4537c9ca366" testName="System.CommandLine.Tests.Invocation.TypoCorrectionTests.Hidden_commands_are_not_suggested" computerName="JOSEQU10" duration="00:00:00.0010000" startTime="2022-06-13T12:30:02.3196083-07:00" endTime="2022-06-13T12:30:02.3196083-07:00" testType="13cdc9d9-ddb5-4fa4-a97d-d965ccfc6d4b" outcome="Passed" testListId="8c84fa94-04c1-424b-9868-57a2d4851a1d" relativeResultsDirectory="712464b4-e4ac-45a3-a69d-b0c0160452a2" />
    <UnitTestResult executionId="bbf38047-c05d-4279-9ba0-b23eb13488d2" testId="8cceedb9-4d83-22a2-ec26-ff0d53fbb5d3" testName="System.CommandLine.Tests.Help.HelpBuilderTests.Usage_section_shows_arguments_if_there_are_arguments_for_command_when_there_is_more_than_one_argument(minArityForArg1: 0, maxArityForArg1: 1, minArityForArg2: 0, maxArityForArg2: 2, expectedArgsUsage: &quot;[&lt;arg1&gt; [&lt;arg2&gt;...]]&quot;)" computerName="JOSEQU10" duration="00:00:00.0010000" startTime="2022-06-13T12:30:02.1786070-07:00" endTime="2022-06-13T12:30:02.1786070-07:00" testType="13cdc9d9-ddb5-4fa4-a97d-d965ccfc6d4b" outcome="Passed" testListId="8c84fa94-04c1-424b-9868-57a2d4851a1d" relativeResultsDirectory="bbf38047-c05d-4279-9ba0-b23eb13488d2" />
    <UnitTestResult executionId="a5fd42a8-69da-4738-9d55-11f7261fae3a" testId="54dd9369-ea46-13e9-7618-b5e8efe4d05f" testName="System.CommandLine.Tests.Help.HelpBuilderTests.Options_section_properly_wraps_description" computerName="JOSEQU10" duration="00:00:00.0010000" startTime="2022-06-13T12:30:02.4696088-07:00" endTime="2022-06-13T12:30:02.4696088-07:00" testType="13cdc9d9-ddb5-4fa4-a97d-d965ccfc6d4b" outcome="Passed" testListId="8c84fa94-04c1-424b-9868-57a2d4851a1d" relativeResultsDirectory="a5fd42a8-69da-4738-9d55-11f7261fae3a" />
    <UnitTestResult executionId="db18cb88-53a9-494b-9d23-e7a329ea7a90" testId="d3e6b30a-398a-067b-2c7a-0956945ff11d" testName="System.CommandLine.Tests.ParsingValidationTests.When_FromAmong_is_used_then_the_ArgumentResult_ErrorMessage_is_set" computerName="JOSEQU10" duration="00:00:00.0010000" startTime="2022-06-13T12:30:02.5676077-07:00" endTime="2022-06-13T12:30:02.5676077-07:00" testType="13cdc9d9-ddb5-4fa4-a97d-d965ccfc6d4b" outcome="Passed" testListId="8c84fa94-04c1-424b-9868-57a2d4851a1d" relativeResultsDirectory="db18cb88-53a9-494b-9d23-e7a329ea7a90" />
    <UnitTestResult executionId="c860cbd0-001f-477a-a5af-067ffa5e44ec" testId="54f80413-b8fd-c102-cef8-03cdd0a1819b" testName="System.CommandLine.Tests.Binding.TypeConversionTests.Max_arity_greater_than_1_converts_to_enumerable_types(minArity: 0, maxArity: 100000, argumentType: typeof(System.Collections.Generic.ICollection&lt;string&gt;))" computerName="JOSEQU10" duration="00:00:00.0010000" startTime="2022-06-13T12:30:02.7256062-07:00" endTime="2022-06-13T12:30:02.7256062-07:00" testType="13cdc9d9-ddb5-4fa4-a97d-d965ccfc6d4b" outcome="Passed" testListId="8c84fa94-04c1-424b-9868-57a2d4851a1d" relativeResultsDirectory="c860cbd0-001f-477a-a5af-067ffa5e44ec" />
    <UnitTestResult executionId="f71a1961-0942-4804-9ce2-ef1699b4373e" testId="edddd1b6-3603-4eed-ca04-30c5f2c50bb1" testName="System.CommandLine.Tests.CompletionTests.Option_substring_matching_when_arguments_have_default_values" computerName="JOSEQU10" duration="00:00:00.0010000" startTime="2022-06-13T12:30:01.9286081-07:00" endTime="2022-06-13T12:30:01.9286081-07:00" testType="13cdc9d9-ddb5-4fa4-a97d-d965ccfc6d4b" outcome="Passed" testListId="8c84fa94-04c1-424b-9868-57a2d4851a1d" relativeResultsDirectory="f71a1961-0942-4804-9ce2-ef1699b4373e" />
    <UnitTestResult executionId="3188b6b5-c6f1-4dd6-b36e-2e8bacf5baab" testId="75b73a3b-b452-3ac4-f6e5-a71a7529cfb1" testName="System.CommandLine.Tests.ParserTests+DefaultDoubleDashBehavior.Unparsed_tokens_is_empty" computerName="JOSEQU10" duration="00:00:00.0010000" startTime="2022-06-13T12:30:02.0066074-07:00" endTime="2022-06-13T12:30:02.0066074-07:00" testType="13cdc9d9-ddb5-4fa4-a97d-d965ccfc6d4b" outcome="Passed" testListId="8c84fa94-04c1-424b-9868-57a2d4851a1d" relativeResultsDirectory="3188b6b5-c6f1-4dd6-b36e-2e8bacf5baab" />
    <UnitTestResult executionId="654ee983-104d-4eee-a19a-9271123cc3d8" testId="e3907ebe-e3bc-4410-8213-e4304dfe145f" testName="System.CommandLine.Tests.Help.HelpBuilderTests.Usage_section_shows_additional_arguments_when_TreatUnmatchedTokensAsErrors_is_false" computerName="JOSEQU10" duration="00:00:00.0010000" startTime="2022-06-13T12:30:02.8316108-07:00" endTime="2022-06-13T12:30:02.8316108-07:00" testType="13cdc9d9-ddb5-4fa4-a97d-d965ccfc6d4b" outcome="Passed" testListId="8c84fa94-04c1-424b-9868-57a2d4851a1d" relativeResultsDirectory="654ee983-104d-4eee-a19a-9271123cc3d8" />
    <UnitTestResult executionId="f92bf3da-e574-453b-ae88-2d5516353ed6" testId="0617c9f4-cb39-2beb-76ab-aded0ca5222e" testName="System.CommandLine.Tests.Binding.TypeConversionTests.Values_can_be_correctly_converted_to_array_of_int_without_the_parser_specifying_a_custom_converter" computerName="JOSEQU10" duration="00:00:00.0010000" startTime="2022-06-13T12:30:02.8086076-07:00" endTime="2022-06-13T12:30:02.8086076-07:00" testType="13cdc9d9-ddb5-4fa4-a97d-d965ccfc6d4b" outcome="Passed" testListId="8c84fa94-04c1-424b-9868-57a2d4851a1d" relativeResultsDirectory="f92bf3da-e574-453b-ae88-2d5516353ed6" />
    <UnitTestResult executionId="b9f7bc0e-d2fb-4ab4-91a0-c5869ee53f3e" testId="10845555-f433-bddf-b73e-3a0607c32711" testName="System.CommandLine.Tests.ResponseFileTests.When_response_file_specified_it_loads_options_from_response_file" computerName="JOSEQU10" duration="00:00:00.0070000" startTime="2022-06-13T12:30:02.3876053-07:00" endTime="2022-06-13T12:30:02.3876053-07:00" testType="13cdc9d9-ddb5-4fa4-a97d-d965ccfc6d4b" outcome="Passed" testListId="8c84fa94-04c1-424b-9868-57a2d4851a1d" relativeResultsDirectory="b9f7bc0e-d2fb-4ab4-91a0-c5869ee53f3e" />
    <UnitTestResult executionId="c71259ad-6b1b-47ee-a62e-09be718eb5b0" testId="51968635-d12f-5238-593e-d3c2378c73db" testName="System.CommandLine.Tests.Invocation.TypoCorrectionTests.Arguments_are_not_suggested" computerName="JOSEQU10" duration="00:00:00.0010000" startTime="2022-06-13T12:30:02.3636086-07:00" endTime="2022-06-13T12:30:02.3636086-07:00" testType="13cdc9d9-ddb5-4fa4-a97d-d965ccfc6d4b" outcome="Passed" testListId="8c84fa94-04c1-424b-9868-57a2d4851a1d" relativeResultsDirectory="c71259ad-6b1b-47ee-a62e-09be718eb5b0" />
    <UnitTestResult executionId="133b8f15-b77a-43ab-a36c-e36a022f2ee3" testId="a45d3345-db16-d1db-1cb1-ef12cfbc94ca" testName="System.CommandLine.Tests.Binding.TypeConversionTests.A_default_value_with_a_custom_constructor_can_be_specified_for_a_command_argument" computerName="JOSEQU10" duration="00:00:00.0010000" startTime="2022-06-13T12:30:02.7486071-07:00" endTime="2022-06-13T12:30:02.7486071-07:00" testType="13cdc9d9-ddb5-4fa4-a97d-d965ccfc6d4b" outcome="Passed" testListId="8c84fa94-04c1-424b-9868-57a2d4851a1d" relativeResultsDirectory="133b8f15-b77a-43ab-a36c-e36a022f2ee3" />
    <UnitTestResult executionId="62916945-1c2f-465c-beb7-a0023bf5bcda" testId="cdda66eb-4fe9-22cf-2761-13191ea24085" testName="System.CommandLine.Tests.ParserTests+LegacyDoubleDashBehavior.Subsequent_tokens_matching_argument_will_be_treated_as_unparsed_tokens" computerName="JOSEQU10" duration="00:00:00.0610000" startTime="2022-06-13T12:30:02.0926097-07:00" endTime="2022-06-13T12:30:02.0926097-07:00" testType="13cdc9d9-ddb5-4fa4-a97d-d965ccfc6d4b" outcome="Passed" testListId="8c84fa94-04c1-424b-9868-57a2d4851a1d" relativeResultsDirectory="62916945-1c2f-465c-beb7-a0023bf5bcda" />
    <UnitTestResult executionId="3205cb34-928c-47e8-aaf4-73527f6788db" testId="a4f78ca1-d173-749a-c924-54a92a7de92d" testName="System.CommandLine.Tests.Help.HelpBuilderTests.Usage_section_shows_arguments_if_there_are_arguments_for_command_when_there_is_more_than_one_argument(minArityForArg1: 0, maxArityForArg1: 1, minArityForArg2: 0, maxArityForArg2: 1, expectedArgsUsage: &quot;[&lt;arg1&gt; [&lt;arg2&gt;]]&quot;)" computerName="JOSEQU10" duration="00:00:00.0010000" startTime="2022-06-13T12:30:02.1766077-07:00" endTime="2022-06-13T12:30:02.1766077-07:00" testType="13cdc9d9-ddb5-4fa4-a97d-d965ccfc6d4b" outcome="Passed" testListId="8c84fa94-04c1-424b-9868-57a2d4851a1d" relativeResultsDirectory="3205cb34-928c-47e8-aaf4-73527f6788db" />
    <UnitTestResult executionId="29aca22b-0d84-4d2f-b74d-28ffd0ec3b13" testId="e434ad10-1c4a-59ac-1671-2adc840f11df" testName="System.CommandLine.Tests.ParserTests+MultipleArguments.When_multiple_arguments_are_present_then_their_order_relative_to_sibling_options_is_not_significant(commandLine: &quot;one two three four --verbose five&quot;)" computerName="JOSEQU10" duration="00:00:00.0010000" startTime="2022-06-13T12:30:01.8466063-07:00" endTime="2022-06-13T12:30:01.8466063-07:00" testType="13cdc9d9-ddb5-4fa4-a97d-d965ccfc6d4b" outcome="Passed" testListId="8c84fa94-04c1-424b-9868-57a2d4851a1d" relativeResultsDirectory="29aca22b-0d84-4d2f-b74d-28ffd0ec3b13" />
    <UnitTestResult executionId="4b089b17-c8b1-4feb-95b0-edebe0d24736" testId="e6ea6f48-829f-3bb4-b3cc-850a5b2d429e" testName="System.CommandLine.Tests.ParsingValidationTests.A_custom_validator_added_to_a_global_option_is_checked(commandLine: &quot;child --value=123 grandchild&quot;)" computerName="JOSEQU10" duration="00:00:00.0020000" startTime="2022-06-13T12:30:02.5256385-07:00" endTime="2022-06-13T12:30:02.5256385-07:00" testType="13cdc9d9-ddb5-4fa4-a97d-d965ccfc6d4b" outcome="Passed" testListId="8c84fa94-04c1-424b-9868-57a2d4851a1d" relativeResultsDirectory="4b089b17-c8b1-4feb-95b0-edebe0d24736" />
    <UnitTestResult executionId="fefaf541-1c7b-468f-8470-8f489e002a3d" testId="30b9eafd-17f1-ff75-c438-66071e56828d" testName="System.CommandLine.Tests.ParserTests.Arguments_only_apply_to_the_nearest_command" computerName="JOSEQU10" duration="00:00:00.0010000" startTime="2022-06-13T12:30:02.4706077-07:00" endTime="2022-06-13T12:30:02.4706077-07:00" testType="13cdc9d9-ddb5-4fa4-a97d-d965ccfc6d4b" outcome="Passed" testListId="8c84fa94-04c1-424b-9868-57a2d4851a1d" relativeResultsDirectory="fefaf541-1c7b-468f-8470-8f489e002a3d" />
    <UnitTestResult executionId="b462fd4c-53a6-483f-8501-3f8f84c593bf" testId="69dae6ed-c9d8-45c0-f1a2-52a9977fa389" testName="System.CommandLine.Tests.CompletionContextTests.When_position_is_specified_in_string_command_line_then_it_returns_argument_at_cursor_position(commandLine: &quot; the-command  on$e --two &quot;, expected: &quot;one&quot;)" computerName="JOSEQU10" duration="00:00:00.0010000" startTime="2022-06-13T12:30:01.9616076-07:00" endTime="2022-06-13T12:30:01.9616076-07:00" testType="13cdc9d9-ddb5-4fa4-a97d-d965ccfc6d4b" outcome="Passed" testListId="8c84fa94-04c1-424b-9868-57a2d4851a1d" relativeResultsDirectory="b462fd4c-53a6-483f-8501-3f8f84c593bf" />
    <UnitTestResult executionId="4923faad-66ff-4e6e-a35c-126d09e6541e" testId="427d35a7-cded-f96e-8ca9-f4d77f8298a1" testName="System.CommandLine.Tests.Binding.TypeConversionTests.Bool_parses_as_true_when_the_option_has_been_applied(commandLine: &quot;the-command -x=true&quot;)" computerName="JOSEQU10" duration="00:00:00.0010000" startTime="2022-06-13T12:30:02.7586111-07:00" endTime="2022-06-13T12:30:02.7586111-07:00" testType="13cdc9d9-ddb5-4fa4-a97d-d965ccfc6d4b" outcome="Passed" testListId="8c84fa94-04c1-424b-9868-57a2d4851a1d" relativeResultsDirectory="4923faad-66ff-4e6e-a35c-126d09e6541e" />
    <UnitTestResult executionId="121e428c-6f78-4545-a2b9-763fef33361d" testId="69e644e2-36f0-4b0c-1057-3e4c903db0ec" testName="System.CommandLine.Tests.Binding.TypeConversionTests.Values_can_be_correctly_converted_to_nullable_ushort_without_the_parser_specifying_a_custom_converter" computerName="JOSEQU10" duration="00:00:00.0010000" startTime="2022-06-13T12:30:02.7276067-07:00" endTime="2022-06-13T12:30:02.7276067-07:00" testType="13cdc9d9-ddb5-4fa4-a97d-d965ccfc6d4b" outcome="Passed" testListId="8c84fa94-04c1-424b-9868-57a2d4851a1d" relativeResultsDirectory="121e428c-6f78-4545-a2b9-763fef33361d" />
    <UnitTestResult executionId="918e3bac-9fc1-46cc-9472-10f6f7552a16" testId="22449ea9-c828-9210-d0c3-1ca0aacdea65" testName="System.CommandLine.Tests.ArgumentTests+CustomParsing.GetDefaultValue_returns_specified_value" computerName="JOSEQU10" duration="00:00:00.0010000" startTime="2022-06-13T12:30:02.4686069-07:00" endTime="2022-06-13T12:30:02.4686069-07:00" testType="13cdc9d9-ddb5-4fa4-a97d-d965ccfc6d4b" outcome="Passed" testListId="8c84fa94-04c1-424b-9868-57a2d4851a1d" relativeResultsDirectory="918e3bac-9fc1-46cc-9472-10f6f7552a16" />
    <UnitTestResult executionId="657ca064-8553-4812-9ae3-9df706e4c3ca" testId="4f1bceb6-88cb-14d0-c387-d04592741194" testName="System.CommandLine.Tests.Help.HelpBuilderTests.Retains_single_dash_on_multi_char_option" computerName="JOSEQU10" duration="00:00:00.0010000" startTime="2022-06-13T12:30:02.8286103-07:00" endTime="2022-06-13T12:30:02.8286103-07:00" testType="13cdc9d9-ddb5-4fa4-a97d-d965ccfc6d4b" outcome="Passed" testListId="8c84fa94-04c1-424b-9868-57a2d4851a1d" relativeResultsDirectory="657ca064-8553-4812-9ae3-9df706e4c3ca" />
    <UnitTestResult executionId="c4e7d1c8-6cc7-4bf7-88c8-e546a44908fc" testId="703f46ed-a414-f1c4-b5d6-a0dacbe5a21b" testName="System.CommandLine.Tests.OptionTests.It_is_not_necessary_to_specify_a_prefix_when_adding_an_option" computerName="JOSEQU10" duration="00:00:00.0010000" startTime="2022-06-13T12:30:02.2606079-07:00" endTime="2022-06-13T12:30:02.2606079-07:00" testType="13cdc9d9-ddb5-4fa4-a97d-d965ccfc6d4b" outcome="Passed" testListId="8c84fa94-04c1-424b-9868-57a2d4851a1d" relativeResultsDirectory="c4e7d1c8-6cc7-4bf7-88c8-e546a44908fc" />
    <UnitTestResult executionId="d78b11ba-a3b3-473f-b344-5fb81b1a82c6" testId="be03133c-531d-cb7b-70b6-6d7fc7fc459c" testName="System.CommandLine.Tests.Binding.TypeConversionTests.Sequence_type_defaults_to_empty_when_not_specified(sequenceType: typeof(System.Collections.Generic.IList&lt;int&gt;))" computerName="JOSEQU10" duration="00:00:00.0010000" startTime="2022-06-13T12:30:02.6886080-07:00" endTime="2022-06-13T12:30:02.6886080-07:00" testType="13cdc9d9-ddb5-4fa4-a97d-d965ccfc6d4b" outcome="Passed" testListId="8c84fa94-04c1-424b-9868-57a2d4851a1d" relativeResultsDirectory="d78b11ba-a3b3-473f-b344-5fb81b1a82c6" />
    <UnitTestResult executionId="82f0609b-6f08-451b-8bff-5dedf508c546" testId="0aed0967-f5cb-eb1d-4811-1acc75168cf8" testName="System.CommandLine.Tests.OptionTests.When_an_option_alias_is_added_and_contains_whitespace_then_an_informative_error_is_returned(alias: &quot;-x &quot;)" computerName="JOSEQU10" duration="00:00:00.0100000" startTime="2022-06-13T12:30:02.2516069-07:00" endTime="2022-06-13T12:30:02.2516069-07:00" testType="13cdc9d9-ddb5-4fa4-a97d-d965ccfc6d4b" outcome="Passed" testListId="8c84fa94-04c1-424b-9868-57a2d4851a1d" relativeResultsDirectory="82f0609b-6f08-451b-8bff-5dedf508c546" />
    <UnitTestResult executionId="a4cda9b6-cf0d-41f4-a19c-d2a6ded94ea6" testId="e0b18837-6a6c-dc1d-07dc-6234bd8e46a8" testName="System.CommandLine.Tests.Binding.TypeConversionTests.Max_arity_greater_than_1_converts_to_enumerable_types(minArity: 0, maxArity: 3, argumentType: typeof(string[]))" computerName="JOSEQU10" duration="00:00:00.0010000" startTime="2022-06-13T12:30:02.7196079-07:00" endTime="2022-06-13T12:30:02.7196079-07:00" testType="13cdc9d9-ddb5-4fa4-a97d-d965ccfc6d4b" outcome="Passed" testListId="8c84fa94-04c1-424b-9868-57a2d4851a1d" relativeResultsDirectory="a4cda9b6-cf0d-41f4-a19c-d2a6ded94ea6" />
    <UnitTestResult executionId="620ad110-30ba-4d3f-8098-cdb15dae735e" testId="233f512e-8019-332c-bf28-e8d332624dfb" testName="System.CommandLine.Tests.Binding.SetHandlerTests.Binding_is_correct_for_Func_overload_having_arity_(arity: 2)" computerName="JOSEQU10" duration="00:00:00.0010000" startTime="2022-06-13T12:30:02.0406060-07:00" endTime="2022-06-13T12:30:02.0406060-07:00" testType="13cdc9d9-ddb5-4fa4-a97d-d965ccfc6d4b" outcome="Passed" testListId="8c84fa94-04c1-424b-9868-57a2d4851a1d" relativeResultsDirectory="620ad110-30ba-4d3f-8098-cdb15dae735e" />
    <UnitTestResult executionId="14dc90de-daa3-4452-9228-766058eb7c49" testId="2131847b-a35b-18ff-3768-e0f5a03da876" testName="System.CommandLine.Tests.UseHelpTests.Help_default_sections_can_be_wrapped" computerName="JOSEQU10" duration="00:00:00.0010000" startTime="2022-06-13T12:30:02.3256091-07:00" endTime="2022-06-13T12:30:02.3256091-07:00" testType="13cdc9d9-ddb5-4fa4-a97d-d965ccfc6d4b" outcome="Passed" testListId="8c84fa94-04c1-424b-9868-57a2d4851a1d" relativeResultsDirectory="14dc90de-daa3-4452-9228-766058eb7c49" />
    <UnitTestResult executionId="af60127a-b90c-460f-ba57-637ffe2a2ba8" testId="b4c89dc8-80d9-f7f3-981e-a0a29f3f23e3" testName="System.CommandLine.Tests.ParsingValidationTests.A_command_with_subcommands_is_valid_to_invoke_if_it_has_a_handler" computerName="JOSEQU10" duration="00:00:00.0010000" startTime="2022-06-13T12:30:02.5326097-07:00" endTime="2022-06-13T12:30:02.5326097-07:00" testType="13cdc9d9-ddb5-4fa4-a97d-d965ccfc6d4b" outcome="Passed" testListId="8c84fa94-04c1-424b-9868-57a2d4851a1d" relativeResultsDirectory="af60127a-b90c-460f-ba57-637ffe2a2ba8" />
    <UnitTestResult executionId="0f5e7ec7-8385-49f1-83a3-693e944f9563" testId="824ea11d-d0e2-c3f7-aa98-05fed0d51917" testName="System.CommandLine.Tests.CompletionTests.Command_GetCompletions_can_access_ParseResult" computerName="JOSEQU10" duration="00:00:00.0010000" startTime="2022-06-13T12:30:01.9426070-07:00" endTime="2022-06-13T12:30:01.9426070-07:00" testType="13cdc9d9-ddb5-4fa4-a97d-d965ccfc6d4b" outcome="Passed" testListId="8c84fa94-04c1-424b-9868-57a2d4851a1d" relativeResultsDirectory="0f5e7ec7-8385-49f1-83a3-693e944f9563">
      <Output>
        <StdOut>ParseResult: [ testhost.net462.x86 [ --origin &lt;test&gt; ] ![ --clone ] ]</StdOut>
      </Output>
    </UnitTestResult>
    <UnitTestResult executionId="6568b17c-fb50-41ac-b60b-60caaa3d29d9" testId="097d61c7-fd86-8230-2ff9-ff8bd3dd066d" testName="System.CommandLine.Tests.Help.HelpBuilderTests.Constructor_ignores_non_positive_max_width(maxWidth: 0)" computerName="JOSEQU10" duration="00:00:00.0880000" startTime="2022-06-13T12:30:02.6256068-07:00" endTime="2022-06-13T12:30:02.6256068-07:00" testType="13cdc9d9-ddb5-4fa4-a97d-d965ccfc6d4b" outcome="Passed" testListId="8c84fa94-04c1-424b-9868-57a2d4851a1d" relativeResultsDirectory="6568b17c-fb50-41ac-b60b-60caaa3d29d9" />
    <UnitTestResult executionId="a2913f54-5c39-4f22-b06c-5465eb2f6794" testId="dde12278-c5df-4d93-e4c2-1802b6f5dabf" testName="System.CommandLine.Tests.ArgumentTests+CustomParsing.OnlyTake_can_pass_on_all_tokens" computerName="JOSEQU10" duration="00:00:00.0010000" startTime="2022-06-13T12:30:02.4406075-07:00" endTime="2022-06-13T12:30:02.4406075-07:00" testType="13cdc9d9-ddb5-4fa4-a97d-d965ccfc6d4b" outcome="Passed" testListId="8c84fa94-04c1-424b-9868-57a2d4851a1d" relativeResultsDirectory="a2913f54-5c39-4f22-b06c-5465eb2f6794" />
    <UnitTestResult executionId="6dfcf641-4c14-4a40-bf86-084b11b4277b" testId="82de17f7-54e2-f99e-d300-6bd3d8a2a3eb" testName="System.CommandLine.Tests.Help.HelpBuilderTests+Customization.Argument_can_fallback_to_default_when_customizing(conditionA: False, conditionB: True, conditionC: False, expected: &quot;\\&lt;arg\\&gt;\\s*custom 2nd\\s*\\[default\\: default\\&quot;...)" computerName="JOSEQU10" duration="00:00:00.0010000" startTime="2022-06-13T12:30:02.3156082-07:00" endTime="2022-06-13T12:30:02.3156082-07:00" testType="13cdc9d9-ddb5-4fa4-a97d-d965ccfc6d4b" outcome="Passed" testListId="8c84fa94-04c1-424b-9868-57a2d4851a1d" relativeResultsDirectory="6dfcf641-4c14-4a40-bf86-084b11b4277b" />
    <UnitTestResult executionId="800a6cf9-c814-4edc-b454-6ea6cfb24bcc" testId="b8a441a8-9773-d194-af35-bfb8cdedde0f" testName="System.CommandLine.Tests.ArgumentTests+CustomParsing.When_custom_conversion_fails_then_an_option_does_not_accept_further_arguments" computerName="JOSEQU10" duration="00:00:00.0010000" startTime="2022-06-13T12:30:02.6696059-07:00" endTime="2022-06-13T12:30:02.6696059-07:00" testType="13cdc9d9-ddb5-4fa4-a97d-d965ccfc6d4b" outcome="Passed" testListId="8c84fa94-04c1-424b-9868-57a2d4851a1d" relativeResultsDirectory="800a6cf9-c814-4edc-b454-6ea6cfb24bcc" />
    <UnitTestResult executionId="16a6cec8-3c03-439d-924c-46947f51d15f" testId="6ce16860-5086-8779-ca92-317e7e82f7ab" testName="System.CommandLine.Tests.Binding.TypeConversionTests.Values_can_be_correctly_converted_to_IEnumerable_of_int_without_the_parser_specifying_a_custom_converter" computerName="JOSEQU10" duration="00:00:00.0010000" startTime="2022-06-13T12:30:02.7436080-07:00" endTime="2022-06-13T12:30:02.7436080-07:00" testType="13cdc9d9-ddb5-4fa4-a97d-d965ccfc6d4b" outcome="Passed" testListId="8c84fa94-04c1-424b-9868-57a2d4851a1d" relativeResultsDirectory="16a6cec8-3c03-439d-924c-46947f51d15f" />
    <UnitTestResult executionId="e0a6df79-f931-48c4-8852-80f23d12659a" testId="79eb1021-b34f-48c0-185c-99f62f808c62" testName="System.CommandLine.Tests.Help.HelpBuilderTests.Arguments_section_is_included_if_there_are_commands_with_arguments_configured" computerName="JOSEQU10" duration="00:00:00.0010000" startTime="2022-06-13T12:30:02.6326057-07:00" endTime="2022-06-13T12:30:02.6326057-07:00" testType="13cdc9d9-ddb5-4fa4-a97d-d965ccfc6d4b" outcome="Passed" testListId="8c84fa94-04c1-424b-9868-57a2d4851a1d" relativeResultsDirectory="e0a6df79-f931-48c4-8852-80f23d12659a" />
    <UnitTestResult executionId="07520b9f-0265-4423-8cc4-66292746a28a" testId="cd60c276-9d80-fa36-759a-71812ff47662" testName="System.CommandLine.Tests.DirectiveTests.Directives_should_not_be_considered_as_unmatched_tokens" computerName="JOSEQU10" duration="00:00:00.0010000" startTime="2022-06-13T12:30:01.8226075-07:00" endTime="2022-06-13T12:30:01.8226075-07:00" testType="13cdc9d9-ddb5-4fa4-a97d-d965ccfc6d4b" outcome="Passed" testListId="8c84fa94-04c1-424b-9868-57a2d4851a1d" relativeResultsDirectory="07520b9f-0265-4423-8cc4-66292746a28a" />
    <UnitTestResult executionId="74ed29b2-3bd3-4432-84ea-fa7906409484" testId="051d60ac-ba2b-436d-cd60-186f2365d041" testName="System.CommandLine.Tests.ParsingValidationTests.All_custom_validators_are_called(commandLine: &quot;-o=optionValue argValue&quot;)" computerName="JOSEQU10" duration="00:00:00.0010000" startTime="2022-06-13T12:30:02.5416076-07:00" endTime="2022-06-13T12:30:02.5416076-07:00" testType="13cdc9d9-ddb5-4fa4-a97d-d965ccfc6d4b" outcome="Passed" testListId="8c84fa94-04c1-424b-9868-57a2d4851a1d" relativeResultsDirectory="74ed29b2-3bd3-4432-84ea-fa7906409484" />
    <UnitTestResult executionId="99519998-0518-44e5-bde3-75069cdc67ba" testId="7d3e8dab-817c-6405-d5da-5ac4d03badf2" testName="System.CommandLine.Tests.ParsingValidationTests+FileExistence.A_command_argument_can_be_invalid_based_on_file_existence" computerName="JOSEQU10" duration="00:00:00.0020000" startTime="2022-06-13T12:30:02.4536075-07:00" endTime="2022-06-13T12:30:02.4536075-07:00" testType="13cdc9d9-ddb5-4fa4-a97d-d965ccfc6d4b" outcome="Passed" testListId="8c84fa94-04c1-424b-9868-57a2d4851a1d" relativeResultsDirectory="99519998-0518-44e5-bde3-75069cdc67ba" />
    <UnitTestResult executionId="1648e00d-833e-4cd1-baad-514943ab53e4" testId="16a3581e-ca14-c950-95ad-51cd636043bc" testName="System.CommandLine.Tests.CompletionTests.Option_argument_completions_can_be_provided_using_a_delegate" computerName="JOSEQU10" duration="00:00:00.0010000" startTime="2022-06-13T12:30:02.0056074-07:00" endTime="2022-06-13T12:30:02.0056074-07:00" testType="13cdc9d9-ddb5-4fa4-a97d-d965ccfc6d4b" outcome="Passed" testListId="8c84fa94-04c1-424b-9868-57a2d4851a1d" relativeResultsDirectory="1648e00d-833e-4cd1-baad-514943ab53e4" />
    <UnitTestResult executionId="6e9276d3-2fd8-43b3-b3f0-d9ee5f27db66" testId="e6ea05e9-e6cb-4024-ad1f-c04385487810" testName="System.CommandLine.Tests.Help.HelpBuilderTests.Arguments_section_properly_wraps_description" computerName="JOSEQU10" duration="00:00:00.0010000" startTime="2022-06-13T12:30:02.6536064-07:00" endTime="2022-06-13T12:30:02.6536064-07:00" testType="13cdc9d9-ddb5-4fa4-a97d-d965ccfc6d4b" outcome="Passed" testListId="8c84fa94-04c1-424b-9868-57a2d4851a1d" relativeResultsDirectory="6e9276d3-2fd8-43b3-b3f0-d9ee5f27db66" />
    <UnitTestResult executionId="72bddc9e-39e0-4163-8c41-43398e4a69ef" testId="937ce516-625e-959e-a419-60a747e35e75" testName="System.CommandLine.Tests.CompletionTests.When_a_subcommand_has_been_specified_then_its_child_options_will_be_suggested" computerName="JOSEQU10" duration="00:00:00.0010000" startTime="2022-06-13T12:30:01.9296095-07:00" endTime="2022-06-13T12:30:01.9296095-07:00" testType="13cdc9d9-ddb5-4fa4-a97d-d965ccfc6d4b" outcome="Passed" testListId="8c84fa94-04c1-424b-9868-57a2d4851a1d" relativeResultsDirectory="72bddc9e-39e0-4163-8c41-43398e4a69ef" />
    <UnitTestResult executionId="afafde53-ef3d-4a41-b16d-5c02939dae64" testId="6db59974-0498-647e-c3cb-27af8dcf960c" testName="System.CommandLine.Tests.ArgumentTests+CustomParsing.When_argument_cannot_be_parsed_as_the_specified_type_then_getting_value_throws" computerName="JOSEQU10" duration="00:00:00.0010000" startTime="2022-06-13T12:30:02.3376078-07:00" endTime="2022-06-13T12:30:02.3376078-07:00" testType="13cdc9d9-ddb5-4fa4-a97d-d965ccfc6d4b" outcome="Passed" testListId="8c84fa94-04c1-424b-9868-57a2d4851a1d" relativeResultsDirectory="afafde53-ef3d-4a41-b16d-5c02939dae64" />
    <UnitTestResult executionId="4f667a3c-dd36-4ec6-9fed-17ac08a1dca6" testId="1cf54829-aa16-468b-28f7-082f50e1fff0" testName="System.CommandLine.Tests.ParserTests.Command_with_multiple_options_is_parsed_correctly" computerName="JOSEQU10" duration="00:00:00.3170000" startTime="2022-06-13T12:30:02.0446074-07:00" endTime="2022-06-13T12:30:02.0446074-07:00" testType="13cdc9d9-ddb5-4fa4-a97d-d965ccfc6d4b" outcome="Passed" testListId="8c84fa94-04c1-424b-9868-57a2d4851a1d" relativeResultsDirectory="4f667a3c-dd36-4ec6-9fed-17ac08a1dca6" />
    <UnitTestResult executionId="ca0e7fe8-e1ac-4282-9139-f95590c38dd5" testId="4ba78f5f-21cf-091d-f9e2-eb815bc7a89f" testName="System.CommandLine.Tests.CompletionTests.It_can_provide_completions_within_quotes" computerName="JOSEQU10" duration="00:00:00.0010000" startTime="2022-06-13T12:30:02.1456069-07:00" endTime="2022-06-13T12:30:02.1456069-07:00" testType="13cdc9d9-ddb5-4fa4-a97d-d965ccfc6d4b" outcome="NotExecuted" testListId="8c84fa94-04c1-424b-9868-57a2d4851a1d" relativeResultsDirectory="ca0e7fe8-e1ac-4282-9139-f95590c38dd5">
      <Output>
        <StdOut>work in progress</StdOut>
      </Output>
    </UnitTestResult>
    <UnitTestResult executionId="86e5e7dc-c795-4e06-93d5-50bec212c526" testId="1796c14f-7f38-e945-3630-189aafd22352" testName="System.CommandLine.Tests.Binding.TypeConversionTests.Sequence_type_defaults_to_empty_when_not_specified(sequenceType: typeof(System.Collections.IList))" computerName="JOSEQU10" duration="00:00:00.0010000" startTime="2022-06-13T12:30:02.6766062-07:00" endTime="2022-06-13T12:30:02.6766062-07:00" testType="13cdc9d9-ddb5-4fa4-a97d-d965ccfc6d4b" outcome="Passed" testListId="8c84fa94-04c1-424b-9868-57a2d4851a1d" relativeResultsDirectory="86e5e7dc-c795-4e06-93d5-50bec212c526" />
    <UnitTestResult executionId="d7596714-0846-44df-be55-714a89521998" testId="dd9dc598-4686-a13b-857c-ac1f3ab26b15" testName="System.CommandLine.Tests.ArgumentTests+CustomParsing.Option_ArgumentResult_parentage_to_root_symbol_is_set_correctly_when_token_is_implicit" computerName="JOSEQU10" duration="00:00:00.0010000" startTime="2022-06-13T12:30:02.6736061-07:00" endTime="2022-06-13T12:30:02.6736061-07:00" testType="13cdc9d9-ddb5-4fa4-a97d-d965ccfc6d4b" outcome="Passed" testListId="8c84fa94-04c1-424b-9868-57a2d4851a1d" relativeResultsDirectory="d7596714-0846-44df-be55-714a89521998" />
    <UnitTestResult executionId="baadc119-f5f8-4ff1-b7e4-f232757bb08f" testId="47cd8cd7-50c9-1622-7173-45f412ec305b" testName="System.CommandLine.Tests.Help.HelpBuilderTests.Command_arguments_with_default_values_that_are_enumerable_display_pipe_delimited_list" computerName="JOSEQU10" duration="00:00:00.0010000" startTime="2022-06-13T12:30:02.4416070-07:00" endTime="2022-06-13T12:30:02.4416070-07:00" testType="13cdc9d9-ddb5-4fa4-a97d-d965ccfc6d4b" outcome="Passed" testListId="8c84fa94-04c1-424b-9868-57a2d4851a1d" relativeResultsDirectory="baadc119-f5f8-4ff1-b7e4-f232757bb08f" />
    <UnitTestResult executionId="20b86ec0-dcb1-4ca3-b254-0cad49361b0c" testId="7ddb80ac-d411-16bd-8bb9-591ae075929f" testName="System.CommandLine.Tests.ParseResultTests.HasOption_can_be_used_to_check_the_presence_of_an_implicit_option" computerName="JOSEQU10" duration="00:00:00.0020000" startTime="2022-06-13T12:30:01.7576060-07:00" endTime="2022-06-13T12:30:01.7576060-07:00" testType="13cdc9d9-ddb5-4fa4-a97d-d965ccfc6d4b" outcome="Passed" testListId="8c84fa94-04c1-424b-9868-57a2d4851a1d" relativeResultsDirectory="20b86ec0-dcb1-4ca3-b254-0cad49361b0c" />
    <UnitTestResult executionId="5e2103b7-dc68-4ba3-9186-166916fc6634" testId="80f38830-b9fc-e6e0-034f-c42da02dbc42" testName="System.CommandLine.Tests.CommandTests.ParseResult_Command_identifies_innermost_command(input: &quot;outer arg&quot;, expectedCommand: &quot;outer&quot;)" computerName="JOSEQU10" duration="00:00:00.0010000" startTime="2022-06-13T12:30:02.1056075-07:00" endTime="2022-06-13T12:30:02.1056075-07:00" testType="13cdc9d9-ddb5-4fa4-a97d-d965ccfc6d4b" outcome="Passed" testListId="8c84fa94-04c1-424b-9868-57a2d4851a1d" relativeResultsDirectory="5e2103b7-dc68-4ba3-9186-166916fc6634" />
    <UnitTestResult executionId="ec453c83-8e8c-47df-bccc-8173b85ee94d" testId="c5348303-d7ac-637c-952c-dc4c4a0aeac5" testName="System.CommandLine.Tests.ParserTests.Subsequent_occurrences_of_tokens_matching_command_names_are_parsed_as_arguments" computerName="JOSEQU10" duration="00:00:00.0010000" startTime="2022-06-13T12:30:02.1396072-07:00" endTime="2022-06-13T12:30:02.1396072-07:00" testType="13cdc9d9-ddb5-4fa4-a97d-d965ccfc6d4b" outcome="Passed" testListId="8c84fa94-04c1-424b-9868-57a2d4851a1d" relativeResultsDirectory="ec453c83-8e8c-47df-bccc-8173b85ee94d" />
    <UnitTestResult executionId="bffff157-a128-4816-81aa-6f64cce1c1a9" testId="4ade295d-e306-bb05-851b-0d01e7376585" testName="System.CommandLine.Tests.OptionTests.Option_aliases_are_case_sensitive" computerName="JOSEQU10" duration="00:00:00.0010000" startTime="2022-06-13T12:30:02.3296089-07:00" endTime="2022-06-13T12:30:02.3296089-07:00" testType="13cdc9d9-ddb5-4fa4-a97d-d965ccfc6d4b" outcome="Passed" testListId="8c84fa94-04c1-424b-9868-57a2d4851a1d" relativeResultsDirectory="bffff157-a128-4816-81aa-6f64cce1c1a9" />
    <UnitTestResult executionId="9bd3448e-ebff-4083-b74b-06f469f107ac" testId="2aefc21c-1050-b998-6743-0cab10edb04c" testName="System.CommandLine.Tests.Help.HelpBuilderTests.Subcommands_section_properly_wraps" computerName="JOSEQU10" duration="00:00:00.0010000" startTime="2022-06-13T12:30:02.6336070-07:00" endTime="2022-06-13T12:30:02.6336070-07:00" testType="13cdc9d9-ddb5-4fa4-a97d-d965ccfc6d4b" outcome="Passed" testListId="8c84fa94-04c1-424b-9868-57a2d4851a1d" relativeResultsDirectory="9bd3448e-ebff-4083-b74b-06f469f107ac" />
    <UnitTestResult executionId="2436a17f-eae5-43e7-90a1-e75cdcec663b" testId="2991765c-dec2-3480-df51-654c422f1cd8" testName="System.CommandLine.Tests.ArgumentTests.By_default_there_is_no_default_value" computerName="JOSEQU10" duration="00:00:00.0010000" startTime="2022-06-13T12:30:01.8786065-07:00" endTime="2022-06-13T12:30:01.8786065-07:00" testType="13cdc9d9-ddb5-4fa4-a97d-d965ccfc6d4b" outcome="Passed" testListId="8c84fa94-04c1-424b-9868-57a2d4851a1d" relativeResultsDirectory="2436a17f-eae5-43e7-90a1-e75cdcec663b" />
    <UnitTestResult executionId="202516d3-baef-4948-986d-30b95b23bcd2" testId="69ed0940-aee0-2aed-0804-43832203c798" testName="System.CommandLine.Tests.Help.HelpBuilderTests.Usage_section_shows_arguments_if_there_are_arguments_for_command_when_there_is_more_than_one_argument(minArityForArg1: 1, maxArityForArg1: 1, minArityForArg2: 1, maxArityForArg2: 1, expectedArgsUsage: &quot;&lt;arg1&gt; &lt;arg2&gt;&quot;)" computerName="JOSEQU10" duration="00:00:00.0010000" startTime="2022-06-13T12:30:02.1826087-07:00" endTime="2022-06-13T12:30:02.1826087-07:00" testType="13cdc9d9-ddb5-4fa4-a97d-d965ccfc6d4b" outcome="Passed" testListId="8c84fa94-04c1-424b-9868-57a2d4851a1d" relativeResultsDirectory="202516d3-baef-4948-986d-30b95b23bcd2" />
    <UnitTestResult executionId="81ed806a-dfd8-4ada-a097-015c5c452076" testId="84f033e6-01ca-1916-500b-01e23498fdfd" testName="System.CommandLine.Tests.OptionTests+MultipleArgumentsPerToken+Allowed.When_max_arity_is_1_then_subsequent_option_args_overwrite_previous_ones(commandLine: &quot;--option 1 --option 2 xyz&quot;)" computerName="JOSEQU10" duration="00:00:00.2380000" startTime="2022-06-13T12:30:01.7146075-07:00" endTime="2022-06-13T12:30:01.7146075-07:00" testType="13cdc9d9-ddb5-4fa4-a97d-d965ccfc6d4b" outcome="Passed" testListId="8c84fa94-04c1-424b-9868-57a2d4851a1d" relativeResultsDirectory="81ed806a-dfd8-4ada-a097-015c5c452076" />
    <UnitTestResult executionId="00ed7a2f-e003-4c52-a6af-09c3e6f298b0" testId="c8e97f62-efd3-103b-d338-cee381405fac" testName="System.CommandLine.Tests.CommandTests.When_a_command_is_created_with_an_alias_that_contains_whitespace_then_an_informative_error_is_returned(alias: &quot;aa &quot;)" computerName="JOSEQU10" duration="00:00:00.0010000" startTime="2022-06-13T12:30:02.1566065-07:00" endTime="2022-06-13T12:30:02.1566065-07:00" testType="13cdc9d9-ddb5-4fa4-a97d-d965ccfc6d4b" outcome="Passed" testListId="8c84fa94-04c1-424b-9868-57a2d4851a1d" relativeResultsDirectory="00ed7a2f-e003-4c52-a6af-09c3e6f298b0" />
    <UnitTestResult executionId="9163c1f4-7d4a-42b2-9396-c1eaaab4869b" testId="6e7ccdb1-0215-699b-1013-1247564dd82b" testName="System.CommandLine.Tests.Parsing.CommandLineStringSplitterTests.It_splits_strings_based_on_whitespace(commandLine: &quot; one two three   four&quot;)" computerName="JOSEQU10" duration="00:00:00.0010000" startTime="2022-06-13T12:30:01.9856060-07:00" endTime="2022-06-13T12:30:01.9856060-07:00" testType="13cdc9d9-ddb5-4fa4-a97d-d965ccfc6d4b" outcome="Passed" testListId="8c84fa94-04c1-424b-9868-57a2d4851a1d" relativeResultsDirectory="9163c1f4-7d4a-42b2-9396-c1eaaab4869b" />
    <UnitTestResult executionId="00c01c24-c4d6-46fc-bd1a-e0dd8c50c8ac" testId="a9cc297c-c7a7-4f0d-2ea9-36b9afae028b" testName="System.CommandLine.Tests.ParseResultTests.An_option_with_a_default_value_and_no_explicitly_provided_argument_has_an_empty_arguments_property" computerName="JOSEQU10" duration="00:00:00.0050000" startTime="2022-06-13T12:30:01.7396064-07:00" endTime="2022-06-13T12:30:01.7396064-07:00" testType="13cdc9d9-ddb5-4fa4-a97d-d965ccfc6d4b" outcome="Passed" testListId="8c84fa94-04c1-424b-9868-57a2d4851a1d" relativeResultsDirectory="00c01c24-c4d6-46fc-bd1a-e0dd8c50c8ac" />
    <UnitTestResult executionId="ff2ea410-93f1-4025-be56-32dcc82d6f80" testId="96a4c1e6-3cc7-0bb1-c7d6-51055f4a0124" testName="System.CommandLine.Tests.Binding.SetHandlerTests.Binding_is_correct_for_Action_overload_having_arity_(arity: 4)" computerName="JOSEQU10" duration="00:00:00.0090000" startTime="2022-06-13T12:30:02.1666087-07:00" endTime="2022-06-13T12:30:02.1666087-07:00" testType="13cdc9d9-ddb5-4fa4-a97d-d965ccfc6d4b" outcome="Passed" testListId="8c84fa94-04c1-424b-9868-57a2d4851a1d" relativeResultsDirectory="ff2ea410-93f1-4025-be56-32dcc82d6f80" />
    <UnitTestResult executionId="597bce2e-94d8-4b46-aa44-80ac53725345" testId="e68597dc-4870-46d2-83a6-d8a07a225faa" testName="System.CommandLine.Tests.ParsingValidationTests.A_custom_validator_added_to_a_global_option_is_checked(commandLine: &quot;--value=123 child&quot;)" computerName="JOSEQU10" duration="00:00:00.0020000" startTime="2022-06-13T12:30:02.5106053-07:00" endTime="2022-06-13T12:30:02.5106053-07:00" testType="13cdc9d9-ddb5-4fa4-a97d-d965ccfc6d4b" outcome="Passed" testListId="8c84fa94-04c1-424b-9868-57a2d4851a1d" relativeResultsDirectory="597bce2e-94d8-4b46-aa44-80ac53725345" />
    <UnitTestResult executionId="b56ca8ca-f8e4-4ddf-ac4c-9fa585a54bc8" testId="68e55109-2a7d-56b8-8447-905f309cbed2" testName="System.CommandLine.Tests.CommandTests.When_a_command_alias_is_added_and_contains_whitespace_then_an_informative_error_is_returned(alias: &quot;aa aa&quot;)" computerName="JOSEQU10" duration="00:00:00.0010000" startTime="2022-06-13T12:30:02.1186079-07:00" endTime="2022-06-13T12:30:02.1186079-07:00" testType="13cdc9d9-ddb5-4fa4-a97d-d965ccfc6d4b" outcome="Passed" testListId="8c84fa94-04c1-424b-9868-57a2d4851a1d" relativeResultsDirectory="b56ca8ca-f8e4-4ddf-ac4c-9fa585a54bc8" />
    <UnitTestResult executionId="d233aa4a-4e0d-4668-bb62-054f7821f606" testId="2730a681-172a-c99b-6105-f9958aafa962" testName="System.CommandLine.Tests.ParserTests+LegacyDoubleDashBehavior.Subsequent_tokens_matching_options_will_be_treated_as_unparsed_tokens" computerName="JOSEQU10" duration="00:00:00.2590000" startTime="2022-06-13T12:30:01.8276086-07:00" endTime="2022-06-13T12:30:01.8276086-07:00" testType="13cdc9d9-ddb5-4fa4-a97d-d965ccfc6d4b" outcome="Passed" testListId="8c84fa94-04c1-424b-9868-57a2d4851a1d" relativeResultsDirectory="d233aa4a-4e0d-4668-bb62-054f7821f606" />
    <UnitTestResult executionId="02baf7d0-f3f7-42dd-9316-f0e26a48a5e8" testId="ca149993-f6be-2b63-d040-67a444cc3760" testName="System.CommandLine.Tests.Help.HelpBuilderTests.Constructor_ignores_non_positive_max_width(maxWidth: -2147483648)" computerName="JOSEQU10" duration="00:00:00.0010000" startTime="2022-06-13T12:30:02.6266064-07:00" endTime="2022-06-13T12:30:02.6266064-07:00" testType="13cdc9d9-ddb5-4fa4-a97d-d965ccfc6d4b" outcome="Passed" testListId="8c84fa94-04c1-424b-9868-57a2d4851a1d" relativeResultsDirectory="02baf7d0-f3f7-42dd-9316-f0e26a48a5e8" />
    <UnitTestResult executionId="e9225e8c-20f4-4cbb-a5cf-27e9a226d873" testId="ddc6eabf-c623-d590-23f3-38648bcd14e1" testName="System.CommandLine.Tests.ArgumentTests+CustomParsing.Parse_delegate_is_called_when_Option_Arity_allows_zero_tokens(commandLine: &quot;--bananas&quot;, expectedValue: &quot;argument-is-implicit&quot;)" computerName="JOSEQU10" duration="00:00:00.0010000" startTime="2022-06-13T12:30:02.3436077-07:00" endTime="2022-06-13T12:30:02.3436077-07:00" testType="13cdc9d9-ddb5-4fa4-a97d-d965ccfc6d4b" outcome="Passed" testListId="8c84fa94-04c1-424b-9868-57a2d4851a1d" relativeResultsDirectory="e9225e8c-20f4-4cbb-a5cf-27e9a226d873" />
    <UnitTestResult executionId="d6708b77-a59a-48e9-8170-4c59a6f6d23c" testId="2314fc1c-4abf-aa3c-ab22-abb6661f576f" testName="System.CommandLine.Tests.ResponseFileTests.When_response_file_options_or_arguments_contain_leading_spaces_they_are_ignored" computerName="JOSEQU10" duration="00:00:00.0050000" startTime="2022-06-13T12:30:02.6016081-07:00" endTime="2022-06-13T12:30:02.6016081-07:00" testType="13cdc9d9-ddb5-4fa4-a97d-d965ccfc6d4b" outcome="Passed" testListId="8c84fa94-04c1-424b-9868-57a2d4851a1d" relativeResultsDirectory="d6708b77-a59a-48e9-8170-4c59a6f6d23c" />
    <UnitTestResult executionId="1cf4e447-7ac6-4529-bdad-9b777e8c04b6" testId="d4a7534a-11ba-2638-4bca-c01a5433283c" testName="System.CommandLine.Tests.CompletionContextTests.When_position_is_specified_in_string_command_line_then_it_returns_argument_at_cursor_position(commandLine: &quot;the-command on$e --two &quot;, expected: &quot;one&quot;)" computerName="JOSEQU10" duration="00:00:00.0010000" startTime="2022-06-13T12:30:01.9596073-07:00" endTime="2022-06-13T12:30:01.9596073-07:00" testType="13cdc9d9-ddb5-4fa4-a97d-d965ccfc6d4b" outcome="Passed" testListId="8c84fa94-04c1-424b-9868-57a2d4851a1d" relativeResultsDirectory="1cf4e447-7ac6-4529-bdad-9b777e8c04b6" />
    <UnitTestResult executionId="948f5dd4-268a-4114-a908-b7d8ec3ed19b" testId="2c34a6bb-b75d-72fd-0eb5-c2bbc33df6c3" testName="System.CommandLine.Tests.OptionTests.RawAliases_is_aware_of_added_alias" computerName="JOSEQU10" duration="00:00:00.0010000" startTime="2022-06-13T12:30:02.2376076-07:00" endTime="2022-06-13T12:30:02.2376076-07:00" testType="13cdc9d9-ddb5-4fa4-a97d-d965ccfc6d4b" outcome="Passed" testListId="8c84fa94-04c1-424b-9868-57a2d4851a1d" relativeResultsDirectory="948f5dd4-268a-4114-a908-b7d8ec3ed19b" />
    <UnitTestResult executionId="0a423589-649e-44e8-860e-24365548907f" testId="bccb663d-6e80-cdaa-34ff-e13591060925" testName="System.CommandLine.Tests.ParseResultTests.HasOption_can_be_used_to_check_the_presence_of_an_option" computerName="JOSEQU10" duration="00:00:00.0040000" startTime="2022-06-13T12:30:01.7056065-07:00" endTime="2022-06-13T12:30:01.7056065-07:00" testType="13cdc9d9-ddb5-4fa4-a97d-d965ccfc6d4b" outcome="Passed" testListId="8c84fa94-04c1-424b-9868-57a2d4851a1d" relativeResultsDirectory="0a423589-649e-44e8-860e-24365548907f" />
    <UnitTestResult executionId="49943196-77c4-4eac-aa68-31a70993f683" testId="e1aea82e-31ad-9506-8f1a-402fe8e5517d" testName="System.CommandLine.Tests.ParserTests.The_default_behavior_of_unmatched_tokens_resulting_in_errors_can_be_turned_off" computerName="JOSEQU10" duration="00:00:00.0010000" startTime="2022-06-13T12:30:02.5876088-07:00" endTime="2022-06-13T12:30:02.5876088-07:00" testType="13cdc9d9-ddb5-4fa4-a97d-d965ccfc6d4b" outcome="Passed" testListId="8c84fa94-04c1-424b-9868-57a2d4851a1d" relativeResultsDirectory="49943196-77c4-4eac-aa68-31a70993f683" />
    <UnitTestResult executionId="e5d9bbba-b3d5-4a9e-9e99-791bc1d26a24" testId="c2cd96d9-4814-d641-9d76-94ab8111194b" testName="System.CommandLine.Tests.Help.HelpBuilderTests.Usage_section_for_subcommand_shows_names_of_parent_commands" computerName="JOSEQU10" duration="00:00:00.0010000" startTime="2022-06-13T12:30:02.8246089-07:00" endTime="2022-06-13T12:30:02.8246089-07:00" testType="13cdc9d9-ddb5-4fa4-a97d-d965ccfc6d4b" outcome="Passed" testListId="8c84fa94-04c1-424b-9868-57a2d4851a1d" relativeResultsDirectory="e5d9bbba-b3d5-4a9e-9e99-791bc1d26a24" />
    <UnitTestResult executionId="ccc2c687-86ee-45c1-8944-84cf3a4354dd" testId="538690fb-d715-457b-c338-5dce93c86218" testName="System.CommandLine.Tests.ParsingValidationTests+FileExistence.An_option_argument_with_multiple_FileSystemInfos_can_be_invalid_based_on_directory_existence" computerName="JOSEQU10" duration="00:00:00.0110000" startTime="2022-06-13T12:30:02.2646090-07:00" endTime="2022-06-13T12:30:02.2646090-07:00" testType="13cdc9d9-ddb5-4fa4-a97d-d965ccfc6d4b" outcome="Passed" testListId="8c84fa94-04c1-424b-9868-57a2d4851a1d" relativeResultsDirectory="ccc2c687-86ee-45c1-8944-84cf3a4354dd" />
    <UnitTestResult executionId="02b52149-34c0-4758-854b-15f77a8fd2c8" testId="e27b47b2-0951-e76c-94b2-fb12712bce0f" testName="System.CommandLine.Tests.OptionTests+MultipleArgumentsPerToken+Allowed.When_max_arity_is_1_then_subsequent_option_args_overwrite_previous_ones(commandLine: &quot;xyz --option 1 --option 2&quot;)" computerName="JOSEQU10" duration="00:00:00.0010000" startTime="2022-06-13T12:30:01.7166064-07:00" endTime="2022-06-13T12:30:01.7166064-07:00" testType="13cdc9d9-ddb5-4fa4-a97d-d965ccfc6d4b" outcome="Passed" testListId="8c84fa94-04c1-424b-9868-57a2d4851a1d" relativeResultsDirectory="02b52149-34c0-4758-854b-15f77a8fd2c8" />
    <UnitTestResult executionId="d018c254-ef54-4cd2-88a0-2dafe223a6a3" testId="ef9e7612-8154-65f5-577d-355422e503a1" testName="System.CommandLine.Tests.CompletionContextTests.When_position_is_unspecified_in_string_command_line_not_ending_with_a_space_then_it_returns_final_token" computerName="JOSEQU10" duration="00:00:00.0010000" startTime="2022-06-13T12:30:01.9686055-07:00" endTime="2022-06-13T12:30:01.9686055-07:00" testType="13cdc9d9-ddb5-4fa4-a97d-d965ccfc6d4b" outcome="Passed" testListId="8c84fa94-04c1-424b-9868-57a2d4851a1d" relativeResultsDirectory="d018c254-ef54-4cd2-88a0-2dafe223a6a3" />
    <UnitTestResult executionId="dfeb85e1-25ff-4a6b-b185-9b26dfddf1a6" testId="760a0efe-6b0e-95e5-8580-5bc4fb438620" testName="System.CommandLine.Tests.OptionTests.Option_of_string_defaults_to_null_when_not_specified" computerName="JOSEQU10" duration="00:00:00.0010000" startTime="2022-06-13T12:30:02.3766083-07:00" endTime="2022-06-13T12:30:02.3766083-07:00" testType="13cdc9d9-ddb5-4fa4-a97d-d965ccfc6d4b" outcome="Passed" testListId="8c84fa94-04c1-424b-9868-57a2d4851a1d" relativeResultsDirectory="dfeb85e1-25ff-4a6b-b185-9b26dfddf1a6" />
    <UnitTestResult executionId="28b565fe-d55f-44ae-b517-064a8becb8bf" testId="81e9fa06-b40b-0ce1-8410-bd6fc6a128a2" testName="System.CommandLine.Tests.Help.HelpBuilderTests.Arguments_section_is_not_included_if_there_are_no_commands_configured" computerName="JOSEQU10" duration="00:00:00.0010000" startTime="2022-06-13T12:30:02.6406064-07:00" endTime="2022-06-13T12:30:02.6406064-07:00" testType="13cdc9d9-ddb5-4fa4-a97d-d965ccfc6d4b" outcome="Passed" testListId="8c84fa94-04c1-424b-9868-57a2d4851a1d" relativeResultsDirectory="28b565fe-d55f-44ae-b517-064a8becb8bf" />
    <UnitTestResult executionId="246e6008-b307-4917-8572-444b74f9fdbf" testId="c761f6eb-95f9-ed50-836f-42801f39523a" testName="System.CommandLine.Tests.Parsing.CommandLineStringSplitterTests.It_does_not_split_double_quote_delimited_values_when_a_non_whitespace_argument_delimiter_is_used(prefix: &quot;/&quot;, delimiter: ':')" computerName="JOSEQU10" duration="00:00:00.0010000" startTime="2022-06-13T12:30:01.9896063-07:00" endTime="2022-06-13T12:30:01.9896063-07:00" testType="13cdc9d9-ddb5-4fa4-a97d-d965ccfc6d4b" outcome="Passed" testListId="8c84fa94-04c1-424b-9868-57a2d4851a1d" relativeResultsDirectory="246e6008-b307-4917-8572-444b74f9fdbf" />
    <UnitTestResult executionId="02e8e95e-e5aa-44a6-82bd-b20064da5e25" testId="53acb159-6e4e-8167-3891-6d73f01e96b4" testName="System.CommandLine.Tests.Binding.TypeConversionTests.Max_arity_greater_than_1_converts_to_enumerable_types(minArity: 1, maxArity: 100000, argumentType: typeof(System.Collections.Generic.IEnumerable&lt;string&gt;))" computerName="JOSEQU10" duration="00:00:00.0010000" startTime="2022-06-13T12:30:02.7126082-07:00" endTime="2022-06-13T12:30:02.7126082-07:00" testType="13cdc9d9-ddb5-4fa4-a97d-d965ccfc6d4b" outcome="Passed" testListId="8c84fa94-04c1-424b-9868-57a2d4851a1d" relativeResultsDirectory="02e8e95e-e5aa-44a6-82bd-b20064da5e25" />
    <UnitTestResult executionId="2b441b2b-23f3-4de3-a92b-c1f113705cdc" testId="0f439c4e-9f83-5e82-d667-6d5a7f98440c" testName="System.CommandLine.Tests.ParserTests.When_option_arguments_are_greater_than_maximum_arity_then_an_error_is_returned" computerName="JOSEQU10" duration="00:00:00.0010000" startTime="2022-06-13T12:30:02.4806069-07:00" endTime="2022-06-13T12:30:02.4806069-07:00" testType="13cdc9d9-ddb5-4fa4-a97d-d965ccfc6d4b" outcome="Passed" testListId="8c84fa94-04c1-424b-9868-57a2d4851a1d" relativeResultsDirectory="2b441b2b-23f3-4de3-a92b-c1f113705cdc" />
    <UnitTestResult executionId="2e40207c-2258-410c-8f89-d2e28f28cb98" testId="e5aa1e96-d9a3-bb68-f4b1-e034f912e563" testName="System.CommandLine.Tests.VersionOptionTests.When_the_version_option_is_specified_and_there_are_default_arguments_then_the_version_is_written_to_standard_out" computerName="JOSEQU10" duration="00:00:00.0130000" startTime="2022-06-13T12:30:02.2526072-07:00" endTime="2022-06-13T12:30:02.2526072-07:00" testType="13cdc9d9-ddb5-4fa4-a97d-d965ccfc6d4b" outcome="Passed" testListId="8c84fa94-04c1-424b-9868-57a2d4851a1d" relativeResultsDirectory="2e40207c-2258-410c-8f89-d2e28f28cb98" />
    <UnitTestResult executionId="54c52925-6a41-4bf0-9943-77cc36dedff4" testId="e9c18483-6cdc-b6c1-4f85-5f483b09d019" testName="System.CommandLine.Tests.Invocation.InvocationExtensionsTests.RootCommand_InvokeAsync_can_set_custom_result_code" computerName="JOSEQU10" duration="00:00:00.0010000" startTime="2022-06-13T12:30:02.2666095-07:00" endTime="2022-06-13T12:30:02.2666095-07:00" testType="13cdc9d9-ddb5-4fa4-a97d-d965ccfc6d4b" outcome="Passed" testListId="8c84fa94-04c1-424b-9868-57a2d4851a1d" relativeResultsDirectory="54c52925-6a41-4bf0-9943-77cc36dedff4" />
    <UnitTestResult executionId="b24fe122-b5ed-4895-aaae-f9b1b4dad398" testId="b1baddae-7ba5-ce58-c7f3-29e42f367a8a" testName="System.CommandLine.Tests.CompletionTests.Completions_for_subcommands_provide_a_description" computerName="JOSEQU10" duration="00:00:00.0010000" startTime="2022-06-13T12:30:02.1786070-07:00" endTime="2022-06-13T12:30:02.1786070-07:00" testType="13cdc9d9-ddb5-4fa4-a97d-d965ccfc6d4b" outcome="Passed" testListId="8c84fa94-04c1-424b-9868-57a2d4851a1d" relativeResultsDirectory="b24fe122-b5ed-4895-aaae-f9b1b4dad398" />
    <UnitTestResult executionId="46dc5a59-7029-42bc-befe-89aa3694e5d5" testId="93b5b853-f286-b5b6-6f48-1a7fbeab427c" testName="System.CommandLine.Tests.ParsingValidationTests+FileNameValidity.LegalFileNamesOnly_accepts_command_arguments_containing_valid_file_name_characters" computerName="JOSEQU10" duration="00:00:00.0010000" startTime="2022-06-13T12:30:01.9226076-07:00" endTime="2022-06-13T12:30:01.9226076-07:00" testType="13cdc9d9-ddb5-4fa4-a97d-d965ccfc6d4b" outcome="Passed" testListId="8c84fa94-04c1-424b-9868-57a2d4851a1d" relativeResultsDirectory="46dc5a59-7029-42bc-befe-89aa3694e5d5" />
    <UnitTestResult executionId="8899dbcf-ea47-465a-8496-bd40ef1ac3af" testId="bf4dd4af-a398-1551-01d4-be2c0fb1ccf9" testName="System.CommandLine.Tests.Help.HelpBuilderTests.Option_argument_usage_is_empty_for_boolean_values(nullable: False)" computerName="JOSEQU10" duration="00:00:00.0010000" startTime="2022-06-13T12:30:02.4646131-07:00" endTime="2022-06-13T12:30:02.4646131-07:00" testType="13cdc9d9-ddb5-4fa4-a97d-d965ccfc6d4b" outcome="Passed" testListId="8c84fa94-04c1-424b-9868-57a2d4851a1d" relativeResultsDirectory="8899dbcf-ea47-465a-8496-bd40ef1ac3af" />
    <UnitTestResult executionId="60cd6384-7f08-4e8c-bb70-8b90eefbd155" testId="e88aa9e8-bb6c-5698-3daa-d879ea7c7900" testName="System.CommandLine.Tests.Help.HelpBuilderTests+Customization.Option_can_customize_first_column_text" computerName="JOSEQU10" duration="00:00:00.0010000" startTime="2022-06-13T12:30:02.3656061-07:00" endTime="2022-06-13T12:30:02.3656061-07:00" testType="13cdc9d9-ddb5-4fa4-a97d-d965ccfc6d4b" outcome="Passed" testListId="8c84fa94-04c1-424b-9868-57a2d4851a1d" relativeResultsDirectory="60cd6384-7f08-4e8c-bb70-8b90eefbd155" />
    <UnitTestResult executionId="ce15cc68-b66c-4870-b189-df660de94e67" testId="b4781cbf-9537-d3ac-99e6-4f5512b74b53" testName="System.CommandLine.Tests.ParserTests+MultipleArguments.When_subsequent_argument_with_ZeroOrOne_arity_is_not_provided_then_parse_is_correct" computerName="JOSEQU10" duration="00:00:00.0010000" startTime="2022-06-13T12:30:01.8996088-07:00" endTime="2022-06-13T12:30:01.8996088-07:00" testType="13cdc9d9-ddb5-4fa4-a97d-d965ccfc6d4b" outcome="Passed" testListId="8c84fa94-04c1-424b-9868-57a2d4851a1d" relativeResultsDirectory="ce15cc68-b66c-4870-b189-df660de94e67" />
    <UnitTestResult executionId="3f1bc78d-52b9-46d1-b076-4b7ef131d37c" testId="a21dc712-deca-5a4b-e971-c3e0b7f012fc" testName="System.CommandLine.Tests.ParserTests.When_command_arguments_are_fewer_than_minimum_arity_then_an_error_is_returned" computerName="JOSEQU10" duration="00:00:00.0010000" startTime="2022-06-13T12:30:02.5436076-07:00" endTime="2022-06-13T12:30:02.5436076-07:00" testType="13cdc9d9-ddb5-4fa4-a97d-d965ccfc6d4b" outcome="Passed" testListId="8c84fa94-04c1-424b-9868-57a2d4851a1d" relativeResultsDirectory="3f1bc78d-52b9-46d1-b076-4b7ef131d37c" />
    <UnitTestResult executionId="7c14c889-69ea-474d-b4b5-a8f1afc6b12e" testId="b383fd6c-7f9d-a34b-7857-1290cf788af5" testName="System.CommandLine.Tests.Binding.TypeConversionTests.Bool_parses_as_true_when_the_option_has_been_applied(commandLine: &quot;the-command -x true&quot;)" computerName="JOSEQU10" duration="00:00:00.0010000" startTime="2022-06-13T12:30:02.7616118-07:00" endTime="2022-06-13T12:30:02.7616118-07:00" testType="13cdc9d9-ddb5-4fa4-a97d-d965ccfc6d4b" outcome="Passed" testListId="8c84fa94-04c1-424b-9868-57a2d4851a1d" relativeResultsDirectory="7c14c889-69ea-474d-b4b5-a8f1afc6b12e" />
    <UnitTestResult executionId="4d2ff6e4-f5e8-4f51-a8c1-afffbafaf792" testId="17db097c-12f8-55b3-336a-1eed3e7d593f" testName="System.CommandLine.Tests.Binding.TypeConversionTests.Max_arity_greater_than_1_converts_to_enumerable_types(minArity: 1, maxArity: 100000, argumentType: typeof(System.Collections.Generic.IList&lt;string&gt;))" computerName="JOSEQU10" duration="00:00:00.0010000" startTime="2022-06-13T12:30:02.7226083-07:00" endTime="2022-06-13T12:30:02.7226083-07:00" testType="13cdc9d9-ddb5-4fa4-a97d-d965ccfc6d4b" outcome="Passed" testListId="8c84fa94-04c1-424b-9868-57a2d4851a1d" relativeResultsDirectory="4d2ff6e4-f5e8-4f51-a8c1-afffbafaf792" />
    <UnitTestResult executionId="ec55e58a-251d-4a62-8ea8-7d5fa765c45a" testId="8464ae0a-0008-aa9a-0bc0-75967211b6a8" testName="System.CommandLine.Tests.ParserTests.Invalid_char_in_bundle_causes_rest_to_be_interpreted_as_value" computerName="JOSEQU10" duration="00:00:00.0010000" startTime="2022-06-13T12:30:02.5166065-07:00" endTime="2022-06-13T12:30:02.5166065-07:00" testType="13cdc9d9-ddb5-4fa4-a97d-d965ccfc6d4b" outcome="Passed" testListId="8c84fa94-04c1-424b-9868-57a2d4851a1d" relativeResultsDirectory="ec55e58a-251d-4a62-8ea8-7d5fa765c45a" />
    <UnitTestResult executionId="8e1b6b1f-e208-4ac9-a0a3-a3e690e0e710" testId="0360c01c-426c-d1e3-cf3f-a0b674a9af99" testName="System.CommandLine.Tests.Binding.TypeConversionTests.Values_can_be_correctly_converted_to_short_without_the_parser_specifying_a_custom_converter" computerName="JOSEQU10" duration="00:00:00.0010000" startTime="2022-06-13T12:30:02.7406097-07:00" endTime="2022-06-13T12:30:02.7406097-07:00" testType="13cdc9d9-ddb5-4fa4-a97d-d965ccfc6d4b" outcome="Passed" testListId="8c84fa94-04c1-424b-9868-57a2d4851a1d" relativeResultsDirectory="8e1b6b1f-e208-4ac9-a0a3-a3e690e0e710" />
    <UnitTestResult executionId="d869c4f9-bc3c-42f7-b685-7cd34fdc82c5" testId="4d39588c-34ea-b7a7-90db-859bd6b8b3b8" testName="System.CommandLine.Tests.ArgumentTests+CustomParsing.OnlyTake_throws_when_called_twice" computerName="JOSEQU10" duration="00:00:00.0010000" startTime="2022-06-13T12:30:02.4546066-07:00" endTime="2022-06-13T12:30:02.4546066-07:00" testType="13cdc9d9-ddb5-4fa4-a97d-d965ccfc6d4b" outcome="Passed" testListId="8c84fa94-04c1-424b-9868-57a2d4851a1d" relativeResultsDirectory="d869c4f9-bc3c-42f7-b685-7cd34fdc82c5" />
    <UnitTestResult executionId="7f42b7c2-2193-47b5-806c-83fb5f7c7211" testId="cb3a8722-fc7d-dd2a-71ef-df322d28fe9c" testName="System.CommandLine.Tests.OptionTests+MultipleArgumentsPerToken+Allowed.When_max_arity_is_1_then_subsequent_option_args_overwrite_previous_ones(commandLine: &quot;--option 1 --option 2&quot;)" computerName="JOSEQU10" duration="00:00:00.0010000" startTime="2022-06-13T12:30:01.7206067-07:00" endTime="2022-06-13T12:30:01.7206067-07:00" testType="13cdc9d9-ddb5-4fa4-a97d-d965ccfc6d4b" outcome="Passed" testListId="8c84fa94-04c1-424b-9868-57a2d4851a1d" relativeResultsDirectory="7f42b7c2-2193-47b5-806c-83fb5f7c7211" />
    <UnitTestResult executionId="ceaa285e-16e2-4f54-8924-749603fbda81" testId="aebbb129-e6b5-2e02-0974-7ae74ceb03c0" testName="System.CommandLine.Tests.OptionTests.Option_T_default_value_can_be_set_via_the_constructor" computerName="JOSEQU10" duration="00:00:00.0010000" startTime="2022-06-13T12:30:02.3336070-07:00" endTime="2022-06-13T12:30:02.3336070-07:00" testType="13cdc9d9-ddb5-4fa4-a97d-d965ccfc6d4b" outcome="Passed" testListId="8c84fa94-04c1-424b-9868-57a2d4851a1d" relativeResultsDirectory="ceaa285e-16e2-4f54-8924-749603fbda81" />
    <UnitTestResult executionId="2e9cfc2b-f0a7-47b2-8633-2a3969baa36e" testId="79be5d62-7a99-74d9-fe2f-127f927c81af" testName="System.CommandLine.Tests.Binding.TypeConversionTests.Max_arity_greater_than_1_converts_to_enumerable_types(minArity: 1, maxArity: 100000, argumentType: typeof(string[]))" computerName="JOSEQU10" duration="00:00:00.0010000" startTime="2022-06-13T12:30:02.7216081-07:00" endTime="2022-06-13T12:30:02.7216081-07:00" testType="13cdc9d9-ddb5-4fa4-a97d-d965ccfc6d4b" outcome="Passed" testListId="8c84fa94-04c1-424b-9868-57a2d4851a1d" relativeResultsDirectory="2e9cfc2b-f0a7-47b2-8633-2a3969baa36e" />
    <UnitTestResult executionId="8d61439c-f9f7-43d1-8d77-fb55e7d78a92" testId="58f331db-3893-0439-ccba-98f96bafa497" testName="System.CommandLine.Tests.OptionTests.Option_of_boolean_defaults_to_false_when_not_specified" computerName="JOSEQU10" duration="00:00:00.0010000" startTime="2022-06-13T12:30:02.2756097-07:00" endTime="2022-06-13T12:30:02.2756097-07:00" testType="13cdc9d9-ddb5-4fa4-a97d-d965ccfc6d4b" outcome="Passed" testListId="8c84fa94-04c1-424b-9868-57a2d4851a1d" relativeResultsDirectory="8d61439c-f9f7-43d1-8d77-fb55e7d78a92" />
    <UnitTestResult executionId="b136eaea-6086-47d8-9c87-ab6987770e8d" testId="bbec3d44-c0c6-9afa-a732-465c3f3642fa" testName="System.CommandLine.Tests.Binding.TypeConversionTests.An_option_with_a_default_value_of_null_parses_as_null_when_the_option_has_not_been_applied" computerName="JOSEQU10" duration="00:00:00.0010000" startTime="2022-06-13T12:30:02.7736111-07:00" endTime="2022-06-13T12:30:02.7736111-07:00" testType="13cdc9d9-ddb5-4fa4-a97d-d965ccfc6d4b" outcome="Passed" testListId="8c84fa94-04c1-424b-9868-57a2d4851a1d" relativeResultsDirectory="b136eaea-6086-47d8-9c87-ab6987770e8d" />
    <UnitTestResult executionId="3e3372ad-0a2b-4b7f-bda3-4dcc94e7da39" testId="3dc2ef93-2a9e-17a0-7621-214804aea72b" testName="System.CommandLine.Tests.OptionTests.Aliases_is_aware_of_added_alias" computerName="JOSEQU10" duration="00:00:00.0010000" startTime="2022-06-13T12:30:02.2616086-07:00" endTime="2022-06-13T12:30:02.2616086-07:00" testType="13cdc9d9-ddb5-4fa4-a97d-d965ccfc6d4b" outcome="Passed" testListId="8c84fa94-04c1-424b-9868-57a2d4851a1d" relativeResultsDirectory="3e3372ad-0a2b-4b7f-bda3-4dcc94e7da39" />
    <UnitTestResult executionId="9b99d446-2f6a-412e-8e74-cb1a782fbc4d" testId="d54289a5-a908-d19c-3711-2a5f63da5a52" testName="System.CommandLine.Tests.Binding.TypeConversionTests.Sequence_type_defaults_to_empty_when_not_specified(sequenceType: typeof(System.Collections.ICollection))" computerName="JOSEQU10" duration="00:00:00.0060000" startTime="2022-06-13T12:30:02.6876081-07:00" endTime="2022-06-13T12:30:02.6876081-07:00" testType="13cdc9d9-ddb5-4fa4-a97d-d965ccfc6d4b" outcome="Passed" testListId="8c84fa94-04c1-424b-9868-57a2d4851a1d" relativeResultsDirectory="9b99d446-2f6a-412e-8e74-cb1a782fbc4d" />
    <UnitTestResult executionId="80b7a957-eed1-438f-9dfb-307be67c3633" testId="bebfe675-00de-0530-61f9-8809fd21f00c" testName="System.CommandLine.Tests.Parsing.CommandLineStringSplitterTests.It_splits_strings_based_on_whitespace(commandLine: &quot; one\ntwo\nthree\nfour\n&quot;)" computerName="JOSEQU10" duration="00:00:00.0010000" startTime="2022-06-13T12:30:01.9866061-07:00" endTime="2022-06-13T12:30:01.9866061-07:00" testType="13cdc9d9-ddb5-4fa4-a97d-d965ccfc6d4b" outcome="Passed" testListId="8c84fa94-04c1-424b-9868-57a2d4851a1d" relativeResultsDirectory="80b7a957-eed1-438f-9dfb-307be67c3633" />
    <UnitTestResult executionId="057a299a-4779-462c-a465-52037af61152" testId="7a8c1b08-df1a-5650-2388-6546bf12f4da" testName="System.CommandLine.Tests.CommandTests.It_retains_argument_name_when_it_is_provided" computerName="JOSEQU10" duration="00:00:00.0010000" startTime="2022-06-13T12:30:02.1976064-07:00" endTime="2022-06-13T12:30:02.1976064-07:00" testType="13cdc9d9-ddb5-4fa4-a97d-d965ccfc6d4b" outcome="Passed" testListId="8c84fa94-04c1-424b-9868-57a2d4851a1d" relativeResultsDirectory="057a299a-4779-462c-a465-52037af61152" />
    <UnitTestResult executionId="57f9eb01-2594-4401-b2b9-e9d28dd0f13b" testId="9710df6f-7afc-54b9-8fa2-058c477a15ac" testName="System.CommandLine.Tests.Binding.TypeConversionTests.Values_can_be_correctly_converted_to_nullable_ulong_without_the_parser_specifying_a_custom_converter" computerName="JOSEQU10" duration="00:00:00.0020000" startTime="2022-06-13T12:30:02.7506128-07:00" endTime="2022-06-13T12:30:02.7506128-07:00" testType="13cdc9d9-ddb5-4fa4-a97d-d965ccfc6d4b" outcome="Passed" testListId="8c84fa94-04c1-424b-9868-57a2d4851a1d" relativeResultsDirectory="57f9eb01-2594-4401-b2b9-e9d28dd0f13b" />
    <UnitTestResult executionId="18b00fd5-d62a-4800-b7a9-8aded16dfc8f" testId="917eda42-c17c-85a7-bdf7-521ffd7aca88" testName="System.CommandLine.Tests.ParserTests.When_options_with_the_same_name_are_defined_on_parent_and_child_commands_and_specified_in_between_then_it_attaches_to_the_outer_command" computerName="JOSEQU10" duration="00:00:00.0010000" startTime="2022-06-13T12:30:02.5756078-07:00" endTime="2022-06-13T12:30:02.5756078-07:00" testType="13cdc9d9-ddb5-4fa4-a97d-d965ccfc6d4b" outcome="Passed" testListId="8c84fa94-04c1-424b-9868-57a2d4851a1d" relativeResultsDirectory="18b00fd5-d62a-4800-b7a9-8aded16dfc8f" />
    <UnitTestResult executionId="ffce1f4a-ae93-47e0-b3a6-c2812fb2ae37" testId="0af71caa-acbe-a5da-174f-71448d11ecbf" testName="System.CommandLine.Tests.Help.HelpBuilderTests.Arguments_section_includes_configured_argument_aliases" computerName="JOSEQU10" duration="00:00:00.0010000" startTime="2022-06-13T12:30:02.6436083-07:00" endTime="2022-06-13T12:30:02.6436083-07:00" testType="13cdc9d9-ddb5-4fa4-a97d-d965ccfc6d4b" outcome="Passed" testListId="8c84fa94-04c1-424b-9868-57a2d4851a1d" relativeResultsDirectory="ffce1f4a-ae93-47e0-b3a6-c2812fb2ae37" />
    <UnitTestResult executionId="ece0994e-2b65-47e6-8ba5-823a3ffabb5e" testId="f2920f73-08d4-cbc6-9fe0-618c126416ab" testName="System.CommandLine.Tests.ParserTests.An_outer_command_with_the_same_name_does_not_capture" computerName="JOSEQU10" duration="00:00:00.0010000" startTime="2022-06-13T12:30:02.4946082-07:00" endTime="2022-06-13T12:30:02.4946082-07:00" testType="13cdc9d9-ddb5-4fa4-a97d-d965ccfc6d4b" outcome="Passed" testListId="8c84fa94-04c1-424b-9868-57a2d4851a1d" relativeResultsDirectory="ece0994e-2b65-47e6-8ba5-823a3ffabb5e" />
    <UnitTestResult executionId="95439f7e-37b1-48e2-9d95-385f914cfac6" testId="972d3eec-d868-fb52-f967-5b8e4f9fe263" testName="System.CommandLine.Tests.UseParseErrorReportingTests.Parse_error_reporting_reports_error_when_help_is_used_and_required_subcommand_is_missing" computerName="JOSEQU10" duration="00:00:00.0390000" startTime="2022-06-13T12:30:02.4436070-07:00" endTime="2022-06-13T12:30:02.4436070-07:00" testType="13cdc9d9-ddb5-4fa4-a97d-d965ccfc6d4b" outcome="Passed" testListId="8c84fa94-04c1-424b-9868-57a2d4851a1d" relativeResultsDirectory="95439f7e-37b1-48e2-9d95-385f914cfac6" />
    <UnitTestResult executionId="91145584-76e6-48b8-86f5-e4b88792f435" testId="ac3262ee-2af4-46ed-9365-6453e83a3571" testName="System.CommandLine.Tests.ParserTests.An_option_can_be_checked_by_object_instance" computerName="JOSEQU10" duration="00:00:00.0010000" startTime="2022-06-13T12:30:02.6066071-07:00" endTime="2022-06-13T12:30:02.6066071-07:00" testType="13cdc9d9-ddb5-4fa4-a97d-d965ccfc6d4b" outcome="Passed" testListId="8c84fa94-04c1-424b-9868-57a2d4851a1d" relativeResultsDirectory="91145584-76e6-48b8-86f5-e4b88792f435" />
    <UnitTestResult executionId="16bb445a-0f01-4683-99f8-803f0ac73f98" testId="207c519c-ade4-1312-faba-011d74975c82" testName="System.CommandLine.Tests.OptionTests.When_an_option_is_created_with_an_alias_that_contains_whitespace_then_an_informative_error_is_returned(alias: &quot;-x &quot;)" computerName="JOSEQU10" duration="00:00:00.0010000" startTime="2022-06-13T12:30:02.2846085-07:00" endTime="2022-06-13T12:30:02.2846085-07:00" testType="13cdc9d9-ddb5-4fa4-a97d-d965ccfc6d4b" outcome="Passed" testListId="8c84fa94-04c1-424b-9868-57a2d4851a1d" relativeResultsDirectory="16bb445a-0f01-4683-99f8-803f0ac73f98" />
    <UnitTestResult executionId="3c375a23-0969-4d1f-b01f-321623841552" testId="c9c22965-040b-959d-baeb-3833b23fabe0" testName="System.CommandLine.Tests.ParsingValidationTests.When_a_required_argument_is_not_supplied_then_an_error_is_returned" computerName="JOSEQU10" duration="00:00:00.0010000" startTime="2022-06-13T12:30:02.5856068-07:00" endTime="2022-06-13T12:30:02.5856068-07:00" testType="13cdc9d9-ddb5-4fa4-a97d-d965ccfc6d4b" outcome="Passed" testListId="8c84fa94-04c1-424b-9868-57a2d4851a1d" relativeResultsDirectory="3c375a23-0969-4d1f-b01f-321623841552" />
    <UnitTestResult executionId="b8a3491c-f547-416b-9dd0-b922a7d7e299" testId="942c226a-b393-4faa-bb4f-5a57941f5ba0" testName="System.CommandLine.Tests.ParserTests.Parsed_value_of_empty_string_arg_is_an_empty_string(arg1: &quot;--exec-prefix&quot;, arg2: &quot;&quot;)" computerName="JOSEQU10" duration="00:00:00.0010000" startTime="2022-06-13T12:30:02.0726089-07:00" endTime="2022-06-13T12:30:02.0726089-07:00" testType="13cdc9d9-ddb5-4fa4-a97d-d965ccfc6d4b" outcome="Passed" testListId="8c84fa94-04c1-424b-9868-57a2d4851a1d" relativeResultsDirectory="b8a3491c-f547-416b-9dd0-b922a7d7e299" />
    <UnitTestResult executionId="d9235f5f-7de6-45f6-b2da-238276c312f5" testId="953172f2-5ae5-3a22-e166-12eaa03cd1de" testName="System.CommandLine.Tests.Binding.TypeConversionTests.Argument_of_array_of_FileInfo_can_be_called_without_custom_conversion_logic" computerName="JOSEQU10" duration="00:00:00.0010000" startTime="2022-06-13T12:30:02.7936066-07:00" endTime="2022-06-13T12:30:02.7936066-07:00" testType="13cdc9d9-ddb5-4fa4-a97d-d965ccfc6d4b" outcome="Passed" testListId="8c84fa94-04c1-424b-9868-57a2d4851a1d" relativeResultsDirectory="d9235f5f-7de6-45f6-b2da-238276c312f5" />
    <UnitTestResult executionId="502952cb-d5f6-4542-a938-d5f06a47629d" testId="43f3783d-2f0a-efcb-cb21-bc14b53b3538" testName="System.CommandLine.Tests.Help.HelpBuilderTests.Subcommands_keep_added_newlines" computerName="JOSEQU10" duration="00:00:00.0010000" startTime="2022-06-13T12:30:02.8336208-07:00" endTime="2022-06-13T12:30:02.8336208-07:00" testType="13cdc9d9-ddb5-4fa4-a97d-d965ccfc6d4b" outcome="Passed" testListId="8c84fa94-04c1-424b-9868-57a2d4851a1d" relativeResultsDirectory="502952cb-d5f6-4542-a938-d5f06a47629d" />
    <UnitTestResult executionId="7751e760-ea60-4d85-aa37-d8ddeb998eab" testId="87a7f4c4-7a67-98a5-7f61-35f494abe69c" testName="System.CommandLine.Tests.Invocation.TypoCorrectionTests.When_there_are_multiple_matches_it_picks_the_best_matches" computerName="JOSEQU10" duration="00:00:00.0010000" startTime="2022-06-13T12:30:02.3516067-07:00" endTime="2022-06-13T12:30:02.3516067-07:00" testType="13cdc9d9-ddb5-4fa4-a97d-d965ccfc6d4b" outcome="Passed" testListId="8c84fa94-04c1-424b-9868-57a2d4851a1d" relativeResultsDirectory="7751e760-ea60-4d85-aa37-d8ddeb998eab" />
    <UnitTestResult executionId="bd4a5be0-184f-4486-8459-7eba5c6cfe06" testId="714eb9fe-a526-773e-79a5-459f6a3237ba" testName="System.CommandLine.Tests.CompletionTests.When_parsing_from_array_then_argument_completions_are_based_on_the_proximate_command" computerName="JOSEQU10" duration="00:00:00.0020000" startTime="2022-06-13T12:30:01.9196090-07:00" endTime="2022-06-13T12:30:01.9196090-07:00" testType="13cdc9d9-ddb5-4fa4-a97d-d965ccfc6d4b" outcome="Passed" testListId="8c84fa94-04c1-424b-9868-57a2d4851a1d" relativeResultsDirectory="bd4a5be0-184f-4486-8459-7eba5c6cfe06" />
    <UnitTestResult executionId="95b758b5-60ac-4650-9b1b-3c7172bd304f" testId="a521d166-c094-e51f-809e-1a320c0771b1" testName="System.CommandLine.Tests.Parsing.CommandLineStringSplitterTests.It_does_not_break_up_double_quote_delimited_values" computerName="JOSEQU10" duration="00:00:00.0010000" startTime="2022-06-13T12:30:02.0036089-07:00" endTime="2022-06-13T12:30:02.0036089-07:00" testType="13cdc9d9-ddb5-4fa4-a97d-d965ccfc6d4b" outcome="Passed" testListId="8c84fa94-04c1-424b-9868-57a2d4851a1d" relativeResultsDirectory="95b758b5-60ac-4650-9b1b-3c7172bd304f" />
    <UnitTestResult executionId="f2170e35-7e1b-47ba-91ed-2080cdd74764" testId="0953c5ee-ee82-195b-a891-4c743beee0dc" testName="System.CommandLine.Tests.ParsingValidationTests.When_an_option_has_a_default_value_then_the_default_should_apply_if_not_specified" computerName="JOSEQU10" duration="00:00:00.0080000" startTime="2022-06-13T12:30:02.5576072-07:00" endTime="2022-06-13T12:30:02.5576072-07:00" testType="13cdc9d9-ddb5-4fa4-a97d-d965ccfc6d4b" outcome="Passed" testListId="8c84fa94-04c1-424b-9868-57a2d4851a1d" relativeResultsDirectory="f2170e35-7e1b-47ba-91ed-2080cdd74764" />
    <UnitTestResult executionId="f6a64d94-1224-48e7-aed1-a588c07f1418" testId="8d511568-82ce-a390-73e4-0a758cdaf949" testName="System.CommandLine.Tests.CompletionContextTests.When_position_is_specified_in_string_command_line_then_it_returns_argument_at_cursor_position(commandLine: &quot; the-command  $one --two &quot;, expected: &quot;one&quot;)" computerName="JOSEQU10" duration="00:00:00.0010000" startTime="2022-06-13T12:30:01.9586069-07:00" endTime="2022-06-13T12:30:01.9586069-07:00" testType="13cdc9d9-ddb5-4fa4-a97d-d965ccfc6d4b" outcome="Passed" testListId="8c84fa94-04c1-424b-9868-57a2d4851a1d" relativeResultsDirectory="f6a64d94-1224-48e7-aed1-a588c07f1418" />
    <UnitTestResult executionId="62d20380-034b-41f3-a260-6a02bba83172" testId="426de926-ce07-4cf6-7a01-b1a1c72d5673" testName="System.CommandLine.Tests.ArgumentTests+CustomParsing.Parse_delegate_is_called_once_per_parse_operation" computerName="JOSEQU10" duration="00:00:00.0010000" startTime="2022-06-13T12:30:02.4736083-07:00" endTime="2022-06-13T12:30:02.4736083-07:00" testType="13cdc9d9-ddb5-4fa4-a97d-d965ccfc6d4b" outcome="Passed" testListId="8c84fa94-04c1-424b-9868-57a2d4851a1d" relativeResultsDirectory="62d20380-034b-41f3-a260-6a02bba83172" />
    <UnitTestResult executionId="5d27241c-3c7a-4586-82cf-47b6da90278a" testId="5733e246-4fee-c43b-33c3-a1c392f0a15b" testName="System.CommandLine.Tests.ParserTests.Boolean_options_are_not_greedy(commandLine: &quot;-x=true -y&quot;)" computerName="JOSEQU10" duration="00:00:00.0010000" startTime="2022-06-13T12:30:02.4896432-07:00" endTime="2022-06-13T12:30:02.4896432-07:00" testType="13cdc9d9-ddb5-4fa4-a97d-d965ccfc6d4b" outcome="Passed" testListId="8c84fa94-04c1-424b-9868-57a2d4851a1d" relativeResultsDirectory="5d27241c-3c7a-4586-82cf-47b6da90278a" />
    <UnitTestResult executionId="c4338137-ff41-4128-a18d-acda5192a847" testId="9eff6334-1331-0fc1-79e3-461bcd65e601" testName="System.CommandLine.Tests.Help.HelpBuilderTests+Customization.Option_can_fallback_to_default_when_customizing(conditionA: True, conditionB: True, expected: &quot;custom 1st\\s*custom 2nd&quot;)" computerName="JOSEQU10" duration="00:00:00.0010000" startTime="2022-06-13T12:30:02.3506066-07:00" endTime="2022-06-13T12:30:02.3506066-07:00" testType="13cdc9d9-ddb5-4fa4-a97d-d965ccfc6d4b" outcome="Passed" testListId="8c84fa94-04c1-424b-9868-57a2d4851a1d" relativeResultsDirectory="c4338137-ff41-4128-a18d-acda5192a847" />
    <UnitTestResult executionId="c548831b-340f-4efa-a699-d11a2c14ae87" testId="957fa02a-3002-3be2-8b18-e37169161e08" testName="System.CommandLine.Tests.Binding.TypeConversionTests.When_command_argument_has_arity_greater_than_one_it_captures_arguments_before_and_after_option(commandLine: &quot;c c c&quot;)" computerName="JOSEQU10" duration="00:00:00.0010000" startTime="2022-06-13T12:30:02.7696118-07:00" endTime="2022-06-13T12:30:02.7696118-07:00" testType="13cdc9d9-ddb5-4fa4-a97d-d965ccfc6d4b" outcome="Passed" testListId="8c84fa94-04c1-424b-9868-57a2d4851a1d" relativeResultsDirectory="c548831b-340f-4efa-a699-d11a2c14ae87" />
    <UnitTestResult executionId="8e1d7064-f200-4f37-ae24-48fcd2032576" testId="8595af98-66ea-7de8-177b-8554b5361559" testName="System.CommandLine.Tests.ParsingValidationTests.When_FromAmong_is_used_then_the_OptionResult_ErrorMessage_is_set" computerName="JOSEQU10" duration="00:00:00.0010000" startTime="2022-06-13T12:30:02.5836072-07:00" endTime="2022-06-13T12:30:02.5836072-07:00" testType="13cdc9d9-ddb5-4fa4-a97d-d965ccfc6d4b" outcome="Passed" testListId="8c84fa94-04c1-424b-9868-57a2d4851a1d" relativeResultsDirectory="8e1d7064-f200-4f37-ae24-48fcd2032576" />
    <UnitTestResult executionId="f148392a-bc9e-4bc2-8877-d4d83665c816" testId="c6f26efb-a757-d592-4aef-07acee0be42a" testName="System.CommandLine.Tests.ParserTests.Tokens_are_not_split_if_the_part_before_the_delimiter_is_not_an_option" computerName="JOSEQU10" duration="00:00:00.0010000" startTime="2022-06-13T12:30:02.3776067-07:00" endTime="2022-06-13T12:30:02.3776067-07:00" testType="13cdc9d9-ddb5-4fa4-a97d-d965ccfc6d4b" outcome="Passed" testListId="8c84fa94-04c1-424b-9868-57a2d4851a1d" relativeResultsDirectory="f148392a-bc9e-4bc2-8877-d4d83665c816" />
    <UnitTestResult executionId="4003d8c5-4dde-464f-9fff-c6e7308c3489" testId="477a34c5-d2a8-0f8d-1d3c-0b0b17eef668" testName="System.CommandLine.Tests.UseExceptionHandlerTests.UseExceptionHandler_catches_command_handler_exceptions_and_writes_details_to_standard_error" computerName="JOSEQU10" duration="00:00:00.0020000" startTime="2022-06-13T12:30:02.2886082-07:00" endTime="2022-06-13T12:30:02.2886082-07:00" testType="13cdc9d9-ddb5-4fa4-a97d-d965ccfc6d4b" outcome="Passed" testListId="8c84fa94-04c1-424b-9868-57a2d4851a1d" relativeResultsDirectory="4003d8c5-4dde-464f-9fff-c6e7308c3489" />
    <UnitTestResult executionId="9e8b3750-613a-4904-b2d4-b8a627c43137" testId="e5d247a1-4209-3c8f-ba15-876ef58051f0" testName="System.CommandLine.Tests.ParserTests+RootCommandAndArg0.When_parsing_a_string_array_input_then_a_full_path_to_an_executable_is_not_matched_by_the_root_command" computerName="JOSEQU10" duration="00:00:00.1070000" startTime="2022-06-13T12:30:02.5066063-07:00" endTime="2022-06-13T12:30:02.5066063-07:00" testType="13cdc9d9-ddb5-4fa4-a97d-d965ccfc6d4b" outcome="Failed" testListId="8c84fa94-04c1-424b-9868-57a2d4851a1d" relativeResultsDirectory="9e8b3750-613a-4904-b2d4-b8a627c43137">
      <Output>
        <ErrorInfo>
          <Message>System.FormatException : Index (zero based) must be greater than or equal to zero and less than the size of the argument list.</Message>
          <StackTrace>   at System.Text.StringBuilder.AppendFormatHelper(IFormatProvider provider, String format, ParamsArray args)&#xD;
   at System.String.FormatHelper(IFormatProvider provider, String format, ParamsArray args)&#xD;
   at System.String.Format(String format, Object[] args)&#xD;
   at FluentAssertions.Execution.MessageBuilder.FormatArgumentPlaceholders(String failureMessage, Object[] failureArgs)&#xD;
   at FluentAssertions.Execution.MessageBuilder.Build(String message, Object[] messageArgs, String reason, ContextDataItems contextData, String identifier, String fallbackIdentifier)&#xD;
   at FluentAssertions.Execution.AssertionScope.&lt;&gt;c__DisplayClass29_0.&lt;FailWith&gt;b__0()&#xD;
   at FluentAssertions.Execution.AssertionScope.FailWith(Func`1 failReasonFunc)&#xD;
   at FluentAssertions.Execution.AssertionScope.FailWith(Func`1 failReasonFunc)&#xD;
   at FluentAssertions.Execution.AssertionScope.FailWith(String message, Object[] args)&#xD;
   at FluentAssertions.Collections.SelfReferencingCollectionAssertions`2.ContainSingle(Expression`1 predicate, String because, Object[] becauseArgs)&#xD;
   at System.CommandLine.Tests.ParserTests.RootCommandAndArg0.When_parsing_a_string_array_input_then_a_full_path_to_an_executable_is_not_matched_by_the_root_command() in C:\dev\command-line-api\src\System.CommandLine.Tests\ParserTests.RootCommandAndArg0.cs:line 45</StackTrace>
        </ErrorInfo>
      </Output>
    </UnitTestResult>
    <UnitTestResult executionId="f8a3fe70-c353-4e6e-b862-ae49d29eb69d" testId="60e9bfdf-09e2-f869-2a7e-df9a86eb5caf" testName="System.CommandLine.Tests.ParserTests.Multiple_option_arguments_that_match_multiple_arity_option_aliases_are_parsed_correctly" computerName="JOSEQU10" duration="00:00:00.0010000" startTime="2022-06-13T12:30:02.4496065-07:00" endTime="2022-06-13T12:30:02.4496065-07:00" testType="13cdc9d9-ddb5-4fa4-a97d-d965ccfc6d4b" outcome="Passed" testListId="8c84fa94-04c1-424b-9868-57a2d4851a1d" relativeResultsDirectory="f8a3fe70-c353-4e6e-b862-ae49d29eb69d">
      <Output>
        <StdOut>[ testhost.net462.x86 [ -x &lt;-x&gt; &lt;-y&gt; &lt;-y&gt; ] [ -y &lt;-x&gt; &lt;-y&gt; &lt;-x&gt; ] ]</StdOut>
      </Output>
    </UnitTestResult>
    <UnitTestResult executionId="d61a436c-8e8d-49e0-8194-059c9bd12d08" testId="a84fb040-072d-cc72-7442-49ce5a754d6d" testName="System.CommandLine.Tests.GlobalOptionTests.When_a_required_global_option_is_present_on_child_of_command_it_was_added_to_it_does_not_result_in_an_error" computerName="JOSEQU10" duration="00:00:00.0050000" startTime="2022-06-13T12:30:01.7416067-07:00" endTime="2022-06-13T12:30:01.7416067-07:00" testType="13cdc9d9-ddb5-4fa4-a97d-d965ccfc6d4b" outcome="Passed" testListId="8c84fa94-04c1-424b-9868-57a2d4851a1d" relativeResultsDirectory="d61a436c-8e8d-49e0-8194-059c9bd12d08" />
    <UnitTestResult executionId="23083941-d202-4fd0-9a69-5a0c570e1df0" testId="6bce0163-ea0b-121c-223a-e1d5174348e7" testName="System.CommandLine.Tests.Binding.TypeConversionTests.Specifying_an_option_argument_overrides_the_default_value" computerName="JOSEQU10" duration="00:00:00.0010000" startTime="2022-06-13T12:30:02.7316057-07:00" endTime="2022-06-13T12:30:02.7316057-07:00" testType="13cdc9d9-ddb5-4fa4-a97d-d965ccfc6d4b" outcome="Passed" testListId="8c84fa94-04c1-424b-9868-57a2d4851a1d" relativeResultsDirectory="23083941-d202-4fd0-9a69-5a0c570e1df0" />
    <UnitTestResult executionId="0c393896-3c8a-4d74-b90d-edebfc752869" testId="ed51a3fe-6e3e-26e2-ca0e-427e7a250c06" testName="System.CommandLine.Tests.ParserTests+MultipleArguments.When_multiple_arguments_are_present_then_their_order_relative_to_sibling_options_is_not_significant(commandLine: &quot;--verbose true one two three four five&quot;)" computerName="JOSEQU10" duration="00:00:00.0010000" startTime="2022-06-13T12:30:01.8766091-07:00" endTime="2022-06-13T12:30:01.8766091-07:00" testType="13cdc9d9-ddb5-4fa4-a97d-d965ccfc6d4b" outcome="Passed" testListId="8c84fa94-04c1-424b-9868-57a2d4851a1d" relativeResultsDirectory="0c393896-3c8a-4d74-b90d-edebfc752869" />
    <UnitTestResult executionId="b9ee049e-4190-4116-8dda-09267eb848c6" testId="c2d93b06-e49e-3fec-cdc1-0387d7384613" testName="System.CommandLine.Tests.Help.HelpBuilderTests+Customization.Option_can_customize_default_value" computerName="JOSEQU10" duration="00:00:00.0010000" startTime="2022-06-13T12:30:02.4326072-07:00" endTime="2022-06-13T12:30:02.4326072-07:00" testType="13cdc9d9-ddb5-4fa4-a97d-d965ccfc6d4b" outcome="Passed" testListId="8c84fa94-04c1-424b-9868-57a2d4851a1d" relativeResultsDirectory="b9ee049e-4190-4116-8dda-09267eb848c6" />
    <UnitTestResult executionId="df143133-f983-4273-b772-ea14efe3232f" testId="ca48de7b-d5b5-d8ba-4d68-3a2f38cb6a9e" testName="System.CommandLine.Tests.SplitCommandLineTests.It_does_not_split_double_quote_delimited_values_when_a_non_whitespace_argument_delimiter_is_used(prefix: &quot;/&quot;, delimiter: '=')" computerName="JOSEQU10" duration="00:00:00.0010000" startTime="2022-06-13T12:30:01.8866088-07:00" endTime="2022-06-13T12:30:01.8866088-07:00" testType="13cdc9d9-ddb5-4fa4-a97d-d965ccfc6d4b" outcome="Passed" testListId="8c84fa94-04c1-424b-9868-57a2d4851a1d" relativeResultsDirectory="df143133-f983-4273-b772-ea14efe3232f" />
    <UnitTestResult executionId="429b4332-eb6c-493c-a1a7-53caa3668ddc" testId="830d1e26-1975-ba11-5d1a-131f199bedd0" testName="System.CommandLine.Tests.Binding.TypeConversionTests.Nullable_bool_parses_as_false_when_the_option_has_been_applied(commandLine: &quot;the-command -x:false&quot;)" computerName="JOSEQU10" duration="00:00:00.0010000" startTime="2022-06-13T12:30:02.7336074-07:00" endTime="2022-06-13T12:30:02.7336074-07:00" testType="13cdc9d9-ddb5-4fa4-a97d-d965ccfc6d4b" outcome="Passed" testListId="8c84fa94-04c1-424b-9868-57a2d4851a1d" relativeResultsDirectory="429b4332-eb6c-493c-a1a7-53caa3668ddc" />
    <UnitTestResult executionId="78f2ab85-cd3b-4db5-aa3c-43665957ce51" testId="587dcafb-2f78-bc46-25d4-effa70230304" testName="System.CommandLine.Tests.CompletionTests.When_an_option_has_a_default_value_it_will_still_be_suggested" computerName="JOSEQU10" duration="00:00:00.0010000" startTime="2022-06-13T12:30:01.9716068-07:00" endTime="2022-06-13T12:30:01.9716068-07:00" testType="13cdc9d9-ddb5-4fa4-a97d-d965ccfc6d4b" outcome="Passed" testListId="8c84fa94-04c1-424b-9868-57a2d4851a1d" relativeResultsDirectory="78f2ab85-cd3b-4db5-aa3c-43665957ce51">
      <Output>
        <StdOut>ParseResult: [ testhost.net462.x86 *[ --apple &lt;cortland&gt; ] ]</StdOut>
      </Output>
    </UnitTestResult>
    <UnitTestResult executionId="7b150312-dfe9-4b62-b365-ba0cd24920bf" testId="e32d19d2-60dd-bf72-3a41-5128a54d69e5" testName="System.CommandLine.Tests.Help.HelpBuilderTests+Customization.Argument_can_fallback_to_default_when_customizing(conditionA: False, conditionB: True, conditionC: True, expected: &quot;\\&lt;arg\\&gt;\\s*custom 2nd\\s*\\[default\\: custom de&quot;...)" computerName="JOSEQU10" duration="00:00:00.0010000" startTime="2022-06-13T12:30:02.3206083-07:00" endTime="2022-06-13T12:30:02.3206083-07:00" testType="13cdc9d9-ddb5-4fa4-a97d-d965ccfc6d4b" outcome="Passed" testListId="8c84fa94-04c1-424b-9868-57a2d4851a1d" relativeResultsDirectory="7b150312-dfe9-4b62-b365-ba0cd24920bf" />
    <UnitTestResult executionId="99366f23-fd52-4a77-968d-4c6e11d025e7" testId="92dc4b16-2bff-4593-06a8-47aecaec1762" testName="System.CommandLine.Tests.VersionOptionTests.Version_option_appears_in_help" computerName="JOSEQU10" duration="00:00:00.0010000" startTime="2022-06-13T12:30:02.2926068-07:00" endTime="2022-06-13T12:30:02.2926068-07:00" testType="13cdc9d9-ddb5-4fa4-a97d-d965ccfc6d4b" outcome="Passed" testListId="8c84fa94-04c1-424b-9868-57a2d4851a1d" relativeResultsDirectory="99366f23-fd52-4a77-968d-4c6e11d025e7" />
    <UnitTestResult executionId="abc881fe-9f4c-4e99-a2e4-e169e7c25e13" testId="d69dd957-40aa-a732-6840-480f1f1305c3" testName="System.CommandLine.Tests.ParsingValidationTests.When_a_required_option_is_not_supplied_then_an_error_is_returned" computerName="JOSEQU10" duration="00:00:00.0620000" startTime="2022-06-13T12:30:02.0686134-07:00" endTime="2022-06-13T12:30:02.0686134-07:00" testType="13cdc9d9-ddb5-4fa4-a97d-d965ccfc6d4b" outcome="Passed" testListId="8c84fa94-04c1-424b-9868-57a2d4851a1d" relativeResultsDirectory="abc881fe-9f4c-4e99-a2e4-e169e7c25e13" />
    <UnitTestResult executionId="5f0e9a47-3f27-40fe-a98d-e10b7d581154" testId="ea7898a5-7f73-8804-09bd-cd2104a4e1ea" testName="System.CommandLine.Tests.ParsingValidationTests.A_custom_validator_can_be_added_to_a_command" computerName="JOSEQU10" duration="00:00:00.0010000" startTime="2022-06-13T12:30:02.5906080-07:00" endTime="2022-06-13T12:30:02.5906080-07:00" testType="13cdc9d9-ddb5-4fa4-a97d-d965ccfc6d4b" outcome="Passed" testListId="8c84fa94-04c1-424b-9868-57a2d4851a1d" relativeResultsDirectory="5f0e9a47-3f27-40fe-a98d-e10b7d581154" />
    <UnitTestResult executionId="0efec5ef-32ff-473a-902c-6ffd73b7fc6f" testId="d0751aa5-eff6-3a29-e6c2-6ed67052006f" testName="System.CommandLine.Tests.ParserTests+LegacyDoubleDashBehavior.The_portion_of_the_command_line_following_a_double_is_treated_as_unparsed_tokens" computerName="JOSEQU10" duration="00:00:00.0010000" startTime="2022-06-13T12:30:02.0946106-07:00" endTime="2022-06-13T12:30:02.0946106-07:00" testType="13cdc9d9-ddb5-4fa4-a97d-d965ccfc6d4b" outcome="Passed" testListId="8c84fa94-04c1-424b-9868-57a2d4851a1d" relativeResultsDirectory="0efec5ef-32ff-473a-902c-6ffd73b7fc6f" />
    <UnitTestResult executionId="681da33e-afe4-4a22-becf-b4677f70fa77" testId="a70379f7-b372-9955-3c62-3890b645dd65" testName="System.CommandLine.Tests.OptionTests.HasAliasIgnorePrefix_accepts_unprefixed_long_value" computerName="JOSEQU10" duration="00:00:00.0010000" startTime="2022-06-13T12:30:02.2366077-07:00" endTime="2022-06-13T12:30:02.2366077-07:00" testType="13cdc9d9-ddb5-4fa4-a97d-d965ccfc6d4b" outcome="Passed" testListId="8c84fa94-04c1-424b-9868-57a2d4851a1d" relativeResultsDirectory="681da33e-afe4-4a22-becf-b4677f70fa77" />
    <UnitTestResult executionId="405c1e49-02af-4da4-8b6e-33ba0957d1e9" testId="c213fab6-299d-b2c1-0da8-3aaf1fcdbd7f" testName="System.CommandLine.Tests.ParserTests+MultipleArguments.Multiple_arguments_can_differ_by_arity" computerName="JOSEQU10" duration="00:00:00.0010000" startTime="2022-06-13T12:30:01.9016076-07:00" endTime="2022-06-13T12:30:01.9016076-07:00" testType="13cdc9d9-ddb5-4fa4-a97d-d965ccfc6d4b" outcome="Passed" testListId="8c84fa94-04c1-424b-9868-57a2d4851a1d" relativeResultsDirectory="405c1e49-02af-4da4-8b6e-33ba0957d1e9" />
    <UnitTestResult executionId="394e2206-027a-4e79-a90c-435f3a32a7ff" testId="61476258-9ace-f644-e415-7164c2af6329" testName="System.CommandLine.Tests.Help.HelpBuilderTests.Required_options_are_indicated" computerName="JOSEQU10" duration="00:00:00.0010000" startTime="2022-06-13T12:30:02.6426063-07:00" endTime="2022-06-13T12:30:02.6426063-07:00" testType="13cdc9d9-ddb5-4fa4-a97d-d965ccfc6d4b" outcome="Passed" testListId="8c84fa94-04c1-424b-9868-57a2d4851a1d" relativeResultsDirectory="394e2206-027a-4e79-a90c-435f3a32a7ff" />
    <UnitTestResult executionId="c9c1ab62-cba8-4888-81d5-4bbfc13fd2ac" testId="f67d805a-ec46-3843-a081-ca231ece311d" testName="System.CommandLine.Tests.ResponseFileTests.Response_file_can_contain_comments_which_are_ignored_when_loaded" computerName="JOSEQU10" duration="00:00:00.0060000" startTime="2022-06-13T12:30:02.5986080-07:00" endTime="2022-06-13T12:30:02.5986080-07:00" testType="13cdc9d9-ddb5-4fa4-a97d-d965ccfc6d4b" outcome="Passed" testListId="8c84fa94-04c1-424b-9868-57a2d4851a1d" relativeResultsDirectory="c9c1ab62-cba8-4888-81d5-4bbfc13fd2ac" />
    <UnitTestResult executionId="a81d1736-935d-4323-8bf9-e056046f6d96" testId="e0b377a9-8961-1718-03dd-60f9c1f75caf" testName="System.CommandLine.Tests.CompletionTests.When_a_subcommand_has_been_specified_then_its_sibling_options_will_not_be_suggested" computerName="JOSEQU10" duration="00:00:00.0010000" startTime="2022-06-13T12:30:02.1376084-07:00" endTime="2022-06-13T12:30:02.1376084-07:00" testType="13cdc9d9-ddb5-4fa4-a97d-d965ccfc6d4b" outcome="Passed" testListId="8c84fa94-04c1-424b-9868-57a2d4851a1d" relativeResultsDirectory="a81d1736-935d-4323-8bf9-e056046f6d96" />
    <UnitTestResult executionId="6c9ed436-a178-4f15-be3c-7b998de6f468" testId="7997f320-b0fc-f6e6-7137-1aed29fae045" testName="System.CommandLine.Tests.ParserTests.When_an_option_argument_is_enclosed_in_double_quotes_its_value_retains_the_quotes(arg1: &quot;-x&quot;, arg2: &quot;\&quot;\&quot;&quot;)" computerName="JOSEQU10" duration="00:00:00.0010000" startTime="2022-06-13T12:30:02.0556080-07:00" endTime="2022-06-13T12:30:02.0556080-07:00" testType="13cdc9d9-ddb5-4fa4-a97d-d965ccfc6d4b" outcome="Passed" testListId="8c84fa94-04c1-424b-9868-57a2d4851a1d" relativeResultsDirectory="6c9ed436-a178-4f15-be3c-7b998de6f468" />
    <UnitTestResult executionId="2712d5ba-1788-486d-b98a-0926be71b3fe" testId="ae76f38e-4957-8c29-0b96-b1a78522ac4f" testName="System.CommandLine.Tests.UseHelpTests.UseHelp_with_custom_aliases_uses_aliases(helpAlias: &quot;--confused&quot;)" computerName="JOSEQU10" duration="00:00:00.0090000" startTime="2022-06-13T12:30:02.3936077-07:00" endTime="2022-06-13T12:30:02.3936077-07:00" testType="13cdc9d9-ddb5-4fa4-a97d-d965ccfc6d4b" outcome="Passed" testListId="8c84fa94-04c1-424b-9868-57a2d4851a1d" relativeResultsDirectory="2712d5ba-1788-486d-b98a-0926be71b3fe" />
    <UnitTestResult executionId="28f9ea3b-7a94-44fb-bcdf-fd16424835b8" testId="1ae6a775-4a77-a385-1154-dcc2fe00ca53" testName="System.CommandLine.Tests.Binding.SetHandlerTests.Unexpected_return_types_result_in_exit_code_0_if_no_exception_was_thrown" computerName="JOSEQU10" duration="00:00:00.0030000" startTime="2022-06-13T12:30:02.0856070-07:00" endTime="2022-06-13T12:30:02.0856070-07:00" testType="13cdc9d9-ddb5-4fa4-a97d-d965ccfc6d4b" outcome="Passed" testListId="8c84fa94-04c1-424b-9868-57a2d4851a1d" relativeResultsDirectory="28f9ea3b-7a94-44fb-bcdf-fd16424835b8" />
    <UnitTestResult executionId="fda3c1d3-451f-465b-b0e3-a059e8513e44" testId="13048c7e-0241-16d5-76ec-d3e853de586e" testName="System.CommandLine.Tests.ArgumentTests+CustomParsing.Multiple_command_arguments_can_have_custom_parse_delegates" computerName="JOSEQU10" duration="00:00:00.0010000" startTime="2022-06-13T12:30:02.6706058-07:00" endTime="2022-06-13T12:30:02.6706058-07:00" testType="13cdc9d9-ddb5-4fa4-a97d-d965ccfc6d4b" outcome="Passed" testListId="8c84fa94-04c1-424b-9868-57a2d4851a1d" relativeResultsDirectory="fda3c1d3-451f-465b-b0e3-a059e8513e44" />
    <UnitTestResult executionId="f6a07e4b-09e2-4caf-b09d-bccf1784a001" testId="d3c1071f-b261-66b8-9e41-b19095d047fa" testName="System.CommandLine.Tests.CompletionContextTests.When_position_is_unspecified_in_array_command_line_and_final_token_matches_an_command_then_it_returns_empty" computerName="JOSEQU10" duration="00:00:00.0010000" startTime="2022-06-13T12:30:01.9736081-07:00" endTime="2022-06-13T12:30:01.9736081-07:00" testType="13cdc9d9-ddb5-4fa4-a97d-d965ccfc6d4b" outcome="Passed" testListId="8c84fa94-04c1-424b-9868-57a2d4851a1d" relativeResultsDirectory="f6a07e4b-09e2-4caf-b09d-bccf1784a001" />
    <UnitTestResult executionId="38130a54-d959-4055-802f-f891b32109cf" testId="b1955191-54c2-f397-667f-80ff12ef6a09" testName="System.CommandLine.Tests.ParserTests.When_an_option_argument_is_enclosed_in_double_quotes_its_value_retains_the_quotes(arg1: &quot;-x&quot;, arg2: &quot;\&quot;hello\&quot;&quot;)" computerName="JOSEQU10" duration="00:00:00.0010000" startTime="2022-06-13T12:30:02.0566075-07:00" endTime="2022-06-13T12:30:02.0566075-07:00" testType="13cdc9d9-ddb5-4fa4-a97d-d965ccfc6d4b" outcome="Passed" testListId="8c84fa94-04c1-424b-9868-57a2d4851a1d" relativeResultsDirectory="38130a54-d959-4055-802f-f891b32109cf" />
    <UnitTestResult executionId="92d49c24-de72-404a-a991-e77f275f2380" testId="d852140d-e1e0-934e-8b19-4c73870a3308" testName="System.CommandLine.Tests.Help.HelpBuilderTests.Usage_section_properly_wraps_description" computerName="JOSEQU10" duration="00:00:00.3240000" startTime="2022-06-13T12:30:02.1126085-07:00" endTime="2022-06-13T12:30:02.1126085-07:00" testType="13cdc9d9-ddb5-4fa4-a97d-d965ccfc6d4b" outcome="Passed" testListId="8c84fa94-04c1-424b-9868-57a2d4851a1d" relativeResultsDirectory="92d49c24-de72-404a-a991-e77f275f2380" />
    <UnitTestResult executionId="c7db62f7-9f94-49a2-ad9a-935993c28193" testId="bd5dde99-97c7-fbf5-2631-9eee9b0784b0" testName="System.CommandLine.Tests.ResponseFileTests.When_response_file_cannot_be_read_then_specified_error_is_returned" computerName="JOSEQU10" duration="00:00:00.0020000" startTime="2022-06-13T12:30:02.5736081-07:00" endTime="2022-06-13T12:30:02.5736081-07:00" testType="13cdc9d9-ddb5-4fa4-a97d-d965ccfc6d4b" outcome="Passed" testListId="8c84fa94-04c1-424b-9868-57a2d4851a1d" relativeResultsDirectory="c7db62f7-9f94-49a2-ad9a-935993c28193" />
    <UnitTestResult executionId="92ead253-e53b-4a12-a97d-0e6ad809770b" testId="c617e23d-1495-b4c2-54ed-8f521e8eb5f4" testName="System.CommandLine.Tests.ParserTests+MultiplePositions.An_option_can_be_specified_in_more_than_one_position(commandLine: &quot;outer --the-option xyz&quot;)" computerName="JOSEQU10" duration="00:00:00.0010000" startTime="2022-06-13T12:30:01.7786059-07:00" endTime="2022-06-13T12:30:01.7786059-07:00" testType="13cdc9d9-ddb5-4fa4-a97d-d965ccfc6d4b" outcome="Passed" testListId="8c84fa94-04c1-424b-9868-57a2d4851a1d" relativeResultsDirectory="92ead253-e53b-4a12-a97d-0e6ad809770b" />
    <UnitTestResult executionId="c7061d04-2982-46f8-bdde-70a613ab307c" testId="89f26a7f-ba7a-1796-c4c8-f96b13143932" testName="System.CommandLine.Tests.ArgumentTests+CustomParsing.Default_value_and_custom_argument_parser_can_be_used_together" computerName="JOSEQU10" duration="00:00:00.0010000" startTime="2022-06-13T12:30:02.4076084-07:00" endTime="2022-06-13T12:30:02.4076084-07:00" testType="13cdc9d9-ddb5-4fa4-a97d-d965ccfc6d4b" outcome="Passed" testListId="8c84fa94-04c1-424b-9868-57a2d4851a1d" relativeResultsDirectory="c7061d04-2982-46f8-bdde-70a613ab307c" />
    <UnitTestResult executionId="1169e332-04a1-4b9f-b316-99ca2d033adf" testId="a64ac05d-0617-d637-493b-9081955290c5" testName="System.CommandLine.Tests.UseHelpTests.There_are_no_parse_errors_when_help_is_invoked_on_a_command_with_required_options" computerName="JOSEQU10" duration="00:00:00.0010000" startTime="2022-06-13T12:30:02.3976077-07:00" endTime="2022-06-13T12:30:02.3976077-07:00" testType="13cdc9d9-ddb5-4fa4-a97d-d965ccfc6d4b" outcome="Passed" testListId="8c84fa94-04c1-424b-9868-57a2d4851a1d" relativeResultsDirectory="1169e332-04a1-4b9f-b316-99ca2d033adf" />
    <UnitTestResult executionId="df5b4a7d-1d2b-47b2-92aa-8ad00c0a5bbf" testId="3292e858-037d-15c3-5f6f-c7d347cb25e6" testName="System.CommandLine.Tests.UseExceptionHandlerTests.UseExceptionHandler_catches_command_handler_exceptions_and_sets_result_code_to_1" computerName="JOSEQU10" duration="00:00:00.0020000" startTime="2022-06-13T12:30:02.2696077-07:00" endTime="2022-06-13T12:30:02.2696077-07:00" testType="13cdc9d9-ddb5-4fa4-a97d-d965ccfc6d4b" outcome="Passed" testListId="8c84fa94-04c1-424b-9868-57a2d4851a1d" relativeResultsDirectory="df5b4a7d-1d2b-47b2-92aa-8ad00c0a5bbf" />
    <UnitTestResult executionId="0be6b940-6c98-4737-bc15-e19437eed886" testId="2e4b5a75-b2a4-3c9a-8398-7c0a61aa58e4" testName="System.CommandLine.Tests.UseExceptionHandlerTests.Declaration_of_UseExceptionHandler_can_come_after_other_middleware" computerName="JOSEQU10" duration="00:00:00.0010000" startTime="2022-06-13T12:30:02.4526084-07:00" endTime="2022-06-13T12:30:02.4526084-07:00" testType="13cdc9d9-ddb5-4fa4-a97d-d965ccfc6d4b" outcome="Passed" testListId="8c84fa94-04c1-424b-9868-57a2d4851a1d" relativeResultsDirectory="0be6b940-6c98-4737-bc15-e19437eed886" />
    <UnitTestResult executionId="8243206f-cc21-41ef-993d-d5b11d2b9eb3" testId="7f69f0f9-02e6-3e07-c620-a49231774d14" testName="System.CommandLine.Tests.ParsingValidationTests.A_custom_validator_can_be_added_to_an_option" computerName="JOSEQU10" duration="00:00:00.0010000" startTime="2022-06-13T12:30:02.5976077-07:00" endTime="2022-06-13T12:30:02.5976077-07:00" testType="13cdc9d9-ddb5-4fa4-a97d-d965ccfc6d4b" outcome="Passed" testListId="8c84fa94-04c1-424b-9868-57a2d4851a1d" relativeResultsDirectory="8243206f-cc21-41ef-993d-d5b11d2b9eb3" />
    <UnitTestResult executionId="e3d30837-3316-4897-8ac4-94e6b158b085" testId="9886bd6b-f8ee-5a5d-eaf1-e068c8e0d832" testName="System.CommandLine.Tests.CompletionTests.Completions_can_be_provided_in_the_absence_of_validation" computerName="JOSEQU10" duration="00:00:00.0010000" startTime="2022-06-13T12:30:01.9626068-07:00" endTime="2022-06-13T12:30:01.9626068-07:00" testType="13cdc9d9-ddb5-4fa4-a97d-d965ccfc6d4b" outcome="Passed" testListId="8c84fa94-04c1-424b-9868-57a2d4851a1d" relativeResultsDirectory="e3d30837-3316-4897-8ac4-94e6b158b085" />
    <UnitTestResult executionId="c8e989e6-8346-43f8-a816-eef21fae87a2" testId="3d34427e-252b-d6b8-0fbc-032a09774c6a" testName="System.CommandLine.Tests.Binding.TypeConversionTests.Max_arity_greater_than_1_converts_to_enumerable_types(minArity: 0, maxArity: 3, argumentType: typeof(System.Collections.Generic.ICollection&lt;string&gt;))" computerName="JOSEQU10" duration="00:00:00.0010000" startTime="2022-06-13T12:30:02.7066069-07:00" endTime="2022-06-13T12:30:02.7066069-07:00" testType="13cdc9d9-ddb5-4fa4-a97d-d965ccfc6d4b" outcome="Passed" testListId="8c84fa94-04c1-424b-9868-57a2d4851a1d" relativeResultsDirectory="c8e989e6-8346-43f8-a816-eef21fae87a2" />
    <UnitTestResult executionId="3ef7fe33-c404-4247-8b66-e81f3fdddfd2" testId="6c821a32-f040-9cd2-6f7a-3ca76cccaf31" testName="System.CommandLine.Tests.ArgumentTests+CustomParsing.issue_1759" computerName="JOSEQU10" duration="00:00:00.1040000" startTime="2022-06-13T12:30:02.6576090-07:00" endTime="2022-06-13T12:30:02.6576090-07:00" testType="13cdc9d9-ddb5-4fa4-a97d-d965ccfc6d4b" outcome="Failed" testListId="8c84fa94-04c1-424b-9868-57a2d4851a1d" relativeResultsDirectory="3ef7fe33-c404-4247-8b66-e81f3fdddfd2">
      <Output>
        <ErrorInfo>
          <Message>Expected subject to be a collection with 3 item(s), but {System.Int32, System.Int32}"&#xD;
"contains 1 item(s) less than"&#xD;
"{System.Int32, System.Int32, System.Int32}.&#xD;

With configuration:
- Use declared types and members&#xD;
- Compare enums by value&#xD;
- Include all non-private properties&#xD;
- Include all non-private fields&#xD;
- Match member by name (or throw)&#xD;
- Without automatic conversion.&#xD;
- Without automatic conversion.&#xD;
- Be strict about the order of items in byte arrays&#xD;
</Message>
          <StackTrace>   at FluentAssertions.Execution.XUnit2TestFramework.Throw(String message)&#xD;
   at FluentAssertions.Execution.TestFrameworkProvider.Throw(String message)&#xD;
   at FluentAssertions.Execution.CollectingAssertionStrategy.ThrowIfAny(IDictionary`2 context)&#xD;
   at FluentAssertions.Execution.AssertionScope.Dispose()&#xD;
   at FluentAssertions.Equivalency.EquivalencyValidator.AssertEquality(EquivalencyValidationContext context)&#xD;
   at FluentAssertions.Collections.CollectionAssertions`2.BeEquivalentTo[TExpectation](IEnumerable`1 expectation, Func`2 config, String because, Object[] becauseArgs)&#xD;
   at FluentAssertions.Collections.CollectionAssertions`2.BeEquivalentTo[TExpectation](IEnumerable`1 expectation, String because, Object[] becauseArgs)&#xD;
   at System.CommandLine.Tests.Utility.AssertionExtensions.BeEquivalentSequenceTo[T](GenericCollectionAssertions`1 assertions, Object[] expectedValues) in C:\dev\command-line-api\src\System.CommandLine.Tests\Utility\AssertionExtensions.cs:line 19&#xD;
   at System.CommandLine.Tests.ArgumentTests.CustomParsing.issue_1759() in C:\dev\command-line-api\src\System.CommandLine.Tests\ArgumentTests.cs:line 719</StackTrace>
        </ErrorInfo>
      </Output>
    </UnitTestResult>
    <UnitTestResult executionId="373aab37-2210-4ffa-bc8e-17d4a8b7e237" testId="07e8723f-4c3f-2d30-d395-5e5ee533be5a" testName="System.CommandLine.Tests.ParserTests+MultiplePositions.An_option_can_be_specified_in_more_than_one_position(commandLine: &quot;outer inner --the-option xyz&quot;)" computerName="JOSEQU10" duration="00:00:00.0010000" startTime="2022-06-13T12:30:01.7766076-07:00" endTime="2022-06-13T12:30:01.7766076-07:00" testType="13cdc9d9-ddb5-4fa4-a97d-d965ccfc6d4b" outcome="Passed" testListId="8c84fa94-04c1-424b-9868-57a2d4851a1d" relativeResultsDirectory="373aab37-2210-4ffa-bc8e-17d4a8b7e237" />
    <UnitTestResult executionId="997c2a41-500b-4492-8418-5eaad89ce2b8" testId="81155e16-1a7c-2f8e-c9e0-8009f2a50156" testName="System.CommandLine.Tests.ParseDiagramTests.Parse_diagram_indicates_which_tokens_were_applied_to_which_command_argument_for_sequences_of_complex_types" computerName="JOSEQU10" duration="00:00:00.0010000" startTime="2022-06-13T12:30:01.8696063-07:00" endTime="2022-06-13T12:30:01.8696063-07:00" testType="13cdc9d9-ddb5-4fa4-a97d-d965ccfc6d4b" outcome="Passed" testListId="8c84fa94-04c1-424b-9868-57a2d4851a1d" relativeResultsDirectory="997c2a41-500b-4492-8418-5eaad89ce2b8" />
    <UnitTestResult executionId="cec3014a-4fae-4f69-a551-df38a2574c5c" testId="19f2dcba-ced2-cbb0-dddb-b6930ff2013a" testName="System.CommandLine.Tests.Binding.TypeConversionTests.When_command_argument_has_arity_greater_than_one_it_captures_arguments_before_and_after_option(commandLine: &quot;c -a o c c&quot;)" computerName="JOSEQU10" duration="00:00:00.0010000" startTime="2022-06-13T12:30:02.7676122-07:00" endTime="2022-06-13T12:30:02.7676122-07:00" testType="13cdc9d9-ddb5-4fa4-a97d-d965ccfc6d4b" outcome="Passed" testListId="8c84fa94-04c1-424b-9868-57a2d4851a1d" relativeResultsDirectory="cec3014a-4fae-4f69-a551-df38a2574c5c" />
    <UnitTestResult executionId="9b97371c-ed27-4c27-818b-86d3d8d45f80" testId="b4b2cd64-8323-b12b-b402-18fb462c7e38" testName="System.CommandLine.Tests.CompletionTests.When_caller_does_the_tokenizing_then_argument_completions_are_based_on_the_proximate_option" computerName="JOSEQU10" duration="00:00:00.0010000" startTime="2022-06-13T12:30:01.9886061-07:00" endTime="2022-06-13T12:30:01.9886061-07:00" testType="13cdc9d9-ddb5-4fa4-a97d-d965ccfc6d4b" outcome="Passed" testListId="8c84fa94-04c1-424b-9868-57a2d4851a1d" relativeResultsDirectory="9b97371c-ed27-4c27-818b-86d3d8d45f80" />
    <UnitTestResult executionId="3b9d0771-c10f-4844-92b8-6ea3a41476a2" testId="93586719-faae-7e93-53ea-469ae034d26b" testName="System.CommandLine.Tests.Binding.TypeConversionTests.String_defaults_to_null_when_not_specified" computerName="JOSEQU10" duration="00:00:00.0010000" startTime="2022-06-13T12:30:02.7006076-07:00" endTime="2022-06-13T12:30:02.7006076-07:00" testType="13cdc9d9-ddb5-4fa4-a97d-d965ccfc6d4b" outcome="Passed" testListId="8c84fa94-04c1-424b-9868-57a2d4851a1d" relativeResultsDirectory="3b9d0771-c10f-4844-92b8-6ea3a41476a2" />
    <UnitTestResult executionId="e688875c-f928-41d8-8a4e-3011e67b3553" testId="95e961af-097d-b374-acd0-e00a21d970e9" testName="System.CommandLine.Tests.UseHelpTests.UseHelp_accepts_default_values(value: &quot;-?&quot;)" computerName="JOSEQU10" duration="00:00:00.0010000" startTime="2022-06-13T12:30:02.4166081-07:00" endTime="2022-06-13T12:30:02.4166081-07:00" testType="13cdc9d9-ddb5-4fa4-a97d-d965ccfc6d4b" outcome="Passed" testListId="8c84fa94-04c1-424b-9868-57a2d4851a1d" relativeResultsDirectory="e688875c-f928-41d8-8a4e-3011e67b3553" />
    <UnitTestResult executionId="2ed73ef6-f811-49ca-b065-4cdee0d6296c" testId="fe399cb4-5d61-d7cf-ad5e-45bebd6ada6b" testName="System.CommandLine.Tests.ParserTests.Long_form_options_can_be_specified_using_colon_delimiter" computerName="JOSEQU10" duration="00:00:00.0010000" startTime="2022-06-13T12:30:02.4976077-07:00" endTime="2022-06-13T12:30:02.4976077-07:00" testType="13cdc9d9-ddb5-4fa4-a97d-d965ccfc6d4b" outcome="Passed" testListId="8c84fa94-04c1-424b-9868-57a2d4851a1d" relativeResultsDirectory="2ed73ef6-f811-49ca-b065-4cdee0d6296c" />
    <UnitTestResult executionId="1d6b7510-5535-44f1-bbae-32c085cbbb94" testId="84b0455e-4557-92b7-b989-72c4fcbcbe12" testName="System.CommandLine.Tests.Binding.TypeConversionTests.Nullable_enum_values_can_be_correctly_converted_based_on_enum_value_name_without_the_parser_specifying_a_custom_converter" computerName="JOSEQU10" duration="00:00:00.0010000" startTime="2022-06-13T12:30:02.7856111-07:00" endTime="2022-06-13T12:30:02.7856111-07:00" testType="13cdc9d9-ddb5-4fa4-a97d-d965ccfc6d4b" outcome="Passed" testListId="8c84fa94-04c1-424b-9868-57a2d4851a1d" relativeResultsDirectory="1d6b7510-5535-44f1-bbae-32c085cbbb94" />
    <UnitTestResult executionId="9a35be68-383e-4c8c-afb5-865e6246d7b9" testId="88335f9d-5f51-fd59-a09e-a2bf8761aa58" testName="System.CommandLine.Tests.Help.HelpBuilderTests.Options_section_is_not_included_if_no_options_configured" computerName="JOSEQU10" duration="00:00:00.0010000" startTime="2022-06-13T12:30:02.3796106-07:00" endTime="2022-06-13T12:30:02.3796106-07:00" testType="13cdc9d9-ddb5-4fa4-a97d-d965ccfc6d4b" outcome="Passed" testListId="8c84fa94-04c1-424b-9868-57a2d4851a1d" relativeResultsDirectory="9a35be68-383e-4c8c-afb5-865e6246d7b9" />
    <UnitTestResult executionId="8e70c394-cc61-4adc-8849-ab3c7f3c1dad" testId="87135aab-d871-0ffe-5ec3-989ec3bf5c44" testName="System.CommandLine.Tests.ParserTests.Boolean_options_are_not_greedy(commandLine: &quot;-x=true -y:true&quot;)" computerName="JOSEQU10" duration="00:00:00.0010000" startTime="2022-06-13T12:30:02.4906424-07:00" endTime="2022-06-13T12:30:02.4906424-07:00" testType="13cdc9d9-ddb5-4fa4-a97d-d965ccfc6d4b" outcome="Passed" testListId="8c84fa94-04c1-424b-9868-57a2d4851a1d" relativeResultsDirectory="8e70c394-cc61-4adc-8849-ab3c7f3c1dad" />
    <UnitTestResult executionId="4c363ded-cd28-403a-8405-580fa5104026" testId="86745548-1598-9dfc-0a8f-b0ddf60608c8" testName="System.CommandLine.Tests.ParsingValidationTests.A_custom_validator_can_be_added_to_an_argument" computerName="JOSEQU10" duration="00:00:00.0010000" startTime="2022-06-13T12:30:02.5476076-07:00" endTime="2022-06-13T12:30:02.5476076-07:00" testType="13cdc9d9-ddb5-4fa4-a97d-d965ccfc6d4b" outcome="Passed" testListId="8c84fa94-04c1-424b-9868-57a2d4851a1d" relativeResultsDirectory="4c363ded-cd28-403a-8405-580fa5104026" />
    <UnitTestResult executionId="6be4eced-7f40-4f55-9778-55eaa84c332c" testId="54066824-43b7-bd97-d4de-9c9a011acf92" testName="System.CommandLine.Tests.Help.HelpBuilderTests.Options_section_keeps_added_newlines" computerName="JOSEQU10" duration="00:00:00.0010000" startTime="2022-06-13T12:30:02.3986095-07:00" endTime="2022-06-13T12:30:02.3986095-07:00" testType="13cdc9d9-ddb5-4fa4-a97d-d965ccfc6d4b" outcome="Passed" testListId="8c84fa94-04c1-424b-9868-57a2d4851a1d" relativeResultsDirectory="6be4eced-7f40-4f55-9778-55eaa84c332c" />
    <UnitTestResult executionId="2dcc33cc-53e3-4e13-b1bb-53696251aa74" testId="80eacfa2-feb6-2f32-ede2-74f9205548b8" testName="System.CommandLine.Tests.UseHelpTests.Help_customized_sections_can_be_wrapped" computerName="JOSEQU10" duration="00:00:00.0060000" startTime="2022-06-13T12:30:02.2356075-07:00" endTime="2022-06-13T12:30:02.2356075-07:00" testType="13cdc9d9-ddb5-4fa4-a97d-d965ccfc6d4b" outcome="Passed" testListId="8c84fa94-04c1-424b-9868-57a2d4851a1d" relativeResultsDirectory="2dcc33cc-53e3-4e13-b1bb-53696251aa74" />
    <UnitTestResult executionId="f94377c7-4117-4fbb-be0c-b25534b4ee8f" testId="779d1767-8bb5-20e7-405e-258e0aca4c00" testName="System.CommandLine.Tests.ParsingValidationTests+FileExistence.An_option_argument_can_be_invalid_based_on_directory_existence" computerName="JOSEQU10" duration="00:00:00.0020000" startTime="2022-06-13T12:30:02.1166086-07:00" endTime="2022-06-13T12:30:02.1166086-07:00" testType="13cdc9d9-ddb5-4fa4-a97d-d965ccfc6d4b" outcome="Passed" testListId="8c84fa94-04c1-424b-9868-57a2d4851a1d" relativeResultsDirectory="f94377c7-4117-4fbb-be0c-b25534b4ee8f" />
    <UnitTestResult executionId="0d7680a5-4232-43da-812c-27174fb76476" testId="89c08d51-9dad-2986-2e21-2c9929394f24" testName="System.CommandLine.Tests.Binding.TypeConversionTests.Values_can_be_correctly_converted_to_nullable_double_without_the_parser_specifying_a_custom_converter" computerName="JOSEQU10" duration="00:00:00.0010000" startTime="2022-06-13T12:30:02.7666121-07:00" endTime="2022-06-13T12:30:02.7666121-07:00" testType="13cdc9d9-ddb5-4fa4-a97d-d965ccfc6d4b" outcome="Passed" testListId="8c84fa94-04c1-424b-9868-57a2d4851a1d" relativeResultsDirectory="0d7680a5-4232-43da-812c-27174fb76476" />
    <UnitTestResult executionId="7a83bf4a-065a-426c-8c7f-5d4b23cfe763" testId="467d5040-9b0c-f815-7d6d-adff54ed88fa" testName="System.CommandLine.Tests.Help.HelpBuilderTests.Synopsis_section_properly_uses_localized_HelpDescriptionTitle" computerName="JOSEQU10" duration="00:00:00.0010000" startTime="2022-06-13T12:30:02.6486073-07:00" endTime="2022-06-13T12:30:02.6486073-07:00" testType="13cdc9d9-ddb5-4fa4-a97d-d965ccfc6d4b" outcome="Passed" testListId="8c84fa94-04c1-424b-9868-57a2d4851a1d" relativeResultsDirectory="7a83bf4a-065a-426c-8c7f-5d4b23cfe763" />
    <UnitTestResult executionId="8cf85d73-17cb-495c-b5dd-84cb3649de83" testId="1da40574-99e0-2d48-9817-1a1c8d42c602" testName="System.CommandLine.Tests.ArgumentTests+CustomParsing.Option_ArgumentResult_Parent_is_set_correctly_when_token_is_implicit" computerName="JOSEQU10" duration="00:00:00.0010000" startTime="2022-06-13T12:30:02.4236100-07:00" endTime="2022-06-13T12:30:02.4236100-07:00" testType="13cdc9d9-ddb5-4fa4-a97d-d965ccfc6d4b" outcome="Passed" testListId="8c84fa94-04c1-424b-9868-57a2d4851a1d" relativeResultsDirectory="8cf85d73-17cb-495c-b5dd-84cb3649de83" />
    <UnitTestResult executionId="506f4219-b1ff-4660-b76b-e672c5676c23" testId="7515484a-1841-829f-5504-3cae0d85d491" testName="System.CommandLine.Tests.Binding.TypeConversionTests.Sequence_type_defaults_to_empty_when_not_specified(sequenceType: typeof(System.Collections.Generic.ICollection&lt;int&gt;))" computerName="JOSEQU10" duration="00:00:00.0010000" startTime="2022-06-13T12:30:02.6946075-07:00" endTime="2022-06-13T12:30:02.6946075-07:00" testType="13cdc9d9-ddb5-4fa4-a97d-d965ccfc6d4b" outcome="Passed" testListId="8c84fa94-04c1-424b-9868-57a2d4851a1d" relativeResultsDirectory="506f4219-b1ff-4660-b76b-e672c5676c23" />
    <UnitTestResult executionId="e460e099-ab7c-4198-a68a-a211893b74e4" testId="7826baef-c5f1-e06f-1f99-e8d128ed0ef8" testName="System.CommandLine.Tests.ParserTests.Relative_order_of_arguments_and_options_within_a_command_does_not_matter" computerName="JOSEQU10" duration="00:00:00.0280000" startTime="2022-06-13T12:30:02.6056081-07:00" endTime="2022-06-13T12:30:02.6056081-07:00" testType="13cdc9d9-ddb5-4fa4-a97d-d965ccfc6d4b" outcome="Passed" testListId="8c84fa94-04c1-424b-9868-57a2d4851a1d" relativeResultsDirectory="e460e099-ab7c-4198-a68a-a211893b74e4" />
    <UnitTestResult executionId="9876e01c-37ff-43f9-9f7d-5677e3953232" testId="38578f6b-7a28-4989-893a-c3d9e6e18a08" testName="System.CommandLine.Tests.ParsingValidationTests+FileExistence.A_command_argument_with_multiple_directories_can_be_invalid_based_on_directory_existence" computerName="JOSEQU10" duration="00:00:00.0010000" startTime="2022-06-13T12:30:02.4766091-07:00" endTime="2022-06-13T12:30:02.4766091-07:00" testType="13cdc9d9-ddb5-4fa4-a97d-d965ccfc6d4b" outcome="Passed" testListId="8c84fa94-04c1-424b-9868-57a2d4851a1d" relativeResultsDirectory="9876e01c-37ff-43f9-9f7d-5677e3953232" />
    <UnitTestResult executionId="591ab611-039e-44a0-b77d-fb6a25dda679" testId="ee5b4c09-a1c8-847c-30c8-353f5546dc9b" testName="System.CommandLine.Tests.ParsingValidationTests.Custom_validator_error_messages_are_not_repeated" computerName="JOSEQU10" duration="00:00:00.0010000" startTime="2022-06-13T12:30:02.5886075-07:00" endTime="2022-06-13T12:30:02.5886075-07:00" testType="13cdc9d9-ddb5-4fa4-a97d-d965ccfc6d4b" outcome="Passed" testListId="8c84fa94-04c1-424b-9868-57a2d4851a1d" relativeResultsDirectory="591ab611-039e-44a0-b77d-fb6a25dda679" />
    <UnitTestResult executionId="9a75e457-63c5-4a50-b30b-fb288c3bb6a1" testId="d6ee66d9-f108-5dce-e1c6-69f9b3a1f3ea" testName="System.CommandLine.Tests.Binding.TypeConversionTests.Values_can_be_correctly_converted_to_long_without_the_parser_specifying_a_custom_converter" computerName="JOSEQU10" duration="00:00:00.0010000" startTime="2022-06-13T12:30:02.7296077-07:00" endTime="2022-06-13T12:30:02.7296077-07:00" testType="13cdc9d9-ddb5-4fa4-a97d-d965ccfc6d4b" outcome="Passed" testListId="8c84fa94-04c1-424b-9868-57a2d4851a1d" relativeResultsDirectory="9a75e457-63c5-4a50-b30b-fb288c3bb6a1" />
    <UnitTestResult executionId="0778b581-2c74-446c-b025-f418cb9df963" testId="b74c3937-8f77-79b4-8ff0-aaa584f49602" testName="System.CommandLine.Tests.Invocation.CancelOnProcessTerminationTests.CancelOnProcessTermination_cancels_on_process_termination" computerName="JOSEQU10" duration="00:00:00.0010000" startTime="2022-06-13T12:30:01.4526055-07:00" endTime="2022-06-13T12:30:01.4526055-07:00" testType="13cdc9d9-ddb5-4fa4-a97d-d965ccfc6d4b" outcome="NotExecuted" testListId="8c84fa94-04c1-424b-9868-57a2d4851a1d" relativeResultsDirectory="0778b581-2c74-446c-b025-f418cb9df963">
      <Output>
        <StdOut>This test requires Linux to run</StdOut>
      </Output>
    </UnitTestResult>
    <UnitTestResult executionId="e06d347d-a6d3-40dd-b478-5eb70bc39276" testId="14b232d2-f082-89d0-7be4-32a22802eb20" testName="System.CommandLine.Tests.Binding.TypeConversionTests.Max_arity_greater_than_1_converts_to_enumerable_types(minArity: 0, maxArity: 100000, argumentType: typeof(System.Collections.Generic.IList&lt;string&gt;))" computerName="JOSEQU10" duration="00:00:00.0010000" startTime="2022-06-13T12:30:02.7156089-07:00" endTime="2022-06-13T12:30:02.7156089-07:00" testType="13cdc9d9-ddb5-4fa4-a97d-d965ccfc6d4b" outcome="Passed" testListId="8c84fa94-04c1-424b-9868-57a2d4851a1d" relativeResultsDirectory="e06d347d-a6d3-40dd-b478-5eb70bc39276" />
    <UnitTestResult executionId="aafc5266-3536-43de-afe5-c74888e4f1fd" testId="cc41c1ca-fe9b-d30a-fcd6-4a4309ce269f" testName="System.CommandLine.Tests.ParserTests.Command_default_argument_value_does_not_override_parsed_value" computerName="JOSEQU10" duration="00:00:00.0010000" startTime="2022-06-13T12:30:02.6166068-07:00" endTime="2022-06-13T12:30:02.6166068-07:00" testType="13cdc9d9-ddb5-4fa4-a97d-d965ccfc6d4b" outcome="Passed" testListId="8c84fa94-04c1-424b-9868-57a2d4851a1d" relativeResultsDirectory="aafc5266-3536-43de-afe5-c74888e4f1fd" />
    <UnitTestResult executionId="170bb2a8-f0f2-4fa2-be60-737f4e021f06" testId="18b491f5-be04-a5bd-131b-624c62e4743f" testName="System.CommandLine.Tests.ParsingValidationTests+PathValidity.LegalFilePathsOnly_accepts_option_arguments_containing_valid_path_characters" computerName="JOSEQU10" duration="00:00:00.0010000" startTime="2022-06-13T12:30:02.1776072-07:00" endTime="2022-06-13T12:30:02.1776072-07:00" testType="13cdc9d9-ddb5-4fa4-a97d-d965ccfc6d4b" outcome="Passed" testListId="8c84fa94-04c1-424b-9868-57a2d4851a1d" relativeResultsDirectory="170bb2a8-f0f2-4fa2-be60-737f4e021f06" />
    <UnitTestResult executionId="37b2aa1d-b937-4055-a717-8cab33e8fb36" testId="a2c0304d-f4e0-bf4a-e2e6-823b0eeec1c2" testName="System.CommandLine.Tests.TokenReplacementTests.Token_replacer_can_set_a_custom_error_message" computerName="JOSEQU10" duration="00:00:00.0100000" startTime="2022-06-13T12:30:02.0376075-07:00" endTime="2022-06-13T12:30:02.0376075-07:00" testType="13cdc9d9-ddb5-4fa4-a97d-d965ccfc6d4b" outcome="Passed" testListId="8c84fa94-04c1-424b-9868-57a2d4851a1d" relativeResultsDirectory="37b2aa1d-b937-4055-a717-8cab33e8fb36" />
    <UnitTestResult executionId="da184d92-fa84-4db3-bd58-77edf72efd54" testId="36ddf80c-6660-7ec9-65e2-97e8bd5c15e1" testName="System.CommandLine.Tests.DirectiveTests.Directives_can_have_a_value_which_is_everything_after_the_first_colon(directive: &quot;[key:value:more]&quot;, expectedKey: &quot;key&quot;, expectedValue: &quot;value:more&quot;)" computerName="JOSEQU10" duration="00:00:00.0010000" startTime="2022-06-13T12:30:01.8376086-07:00" endTime="2022-06-13T12:30:01.8376086-07:00" testType="13cdc9d9-ddb5-4fa4-a97d-d965ccfc6d4b" outcome="Passed" testListId="8c84fa94-04c1-424b-9868-57a2d4851a1d" relativeResultsDirectory="da184d92-fa84-4db3-bd58-77edf72efd54" />
    <UnitTestResult executionId="674c2530-bcdf-40f3-87e5-5dd69f090f1a" testId="841d8885-d5cc-2daa-86fe-e5dc56765474" testName="System.CommandLine.Tests.ParserTests+MultipleArguments.When_multiple_arguments_are_present_then_their_order_relative_to_sibling_options_is_not_significant(commandLine: &quot;--verbose one two three four five&quot;)" computerName="JOSEQU10" duration="00:00:00.0220000" startTime="2022-06-13T12:30:01.8396088-07:00" endTime="2022-06-13T12:30:01.8396088-07:00" testType="13cdc9d9-ddb5-4fa4-a97d-d965ccfc6d4b" outcome="Passed" testListId="8c84fa94-04c1-424b-9868-57a2d4851a1d" relativeResultsDirectory="674c2530-bcdf-40f3-87e5-5dd69f090f1a" />
    <UnitTestResult executionId="a24e8d8a-a988-45ab-af30-82e6a676018a" testId="66a69ac2-09fd-0905-e569-8ef4c3ea34a6" testName="System.CommandLine.Tests.Binding.TypeConversionTests.Bool_parses_as_true_when_the_option_has_been_applied(commandLine: &quot;the-command -x&quot;)" computerName="JOSEQU10" duration="00:00:00.0010000" startTime="2022-06-13T12:30:02.7596117-07:00" endTime="2022-06-13T12:30:02.7596117-07:00" testType="13cdc9d9-ddb5-4fa4-a97d-d965ccfc6d4b" outcome="Passed" testListId="8c84fa94-04c1-424b-9868-57a2d4851a1d" relativeResultsDirectory="a24e8d8a-a988-45ab-af30-82e6a676018a" />
    <UnitTestResult executionId="6b04cebe-e5fb-4427-9808-879f2a75c1a8" testId="e120f455-db5b-9cf6-e978-84ea15158a22" testName="System.CommandLine.Tests.CompletionTests.Option_GetCompletions_are_not_provided_without_matching_prefix" computerName="JOSEQU10" duration="00:00:00.0010000" startTime="2022-06-13T12:30:02.1756078-07:00" endTime="2022-06-13T12:30:02.1756078-07:00" testType="13cdc9d9-ddb5-4fa4-a97d-d965ccfc6d4b" outcome="NotExecuted" testListId="8c84fa94-04c1-424b-9868-57a2d4851a1d" relativeResultsDirectory="6b04cebe-e5fb-4427-9808-879f2a75c1a8">
      <Output>
        <StdOut>Needs discussion, Issue #19</StdOut>
      </Output>
    </UnitTestResult>
    <UnitTestResult executionId="3987ebb5-9f6c-4dde-ab1e-e551ee78669c" testId="8a3d7f86-43c0-b1cd-e637-85a95e06cf91" testName="System.CommandLine.Tests.ParserTests.Command_argument_arity_can_be_a_range_with_a_lower_bound_greater_than_1" computerName="JOSEQU10" duration="00:00:00.0010000" startTime="2022-06-13T12:30:02.5496077-07:00" endTime="2022-06-13T12:30:02.5496077-07:00" testType="13cdc9d9-ddb5-4fa4-a97d-d965ccfc6d4b" outcome="Passed" testListId="8c84fa94-04c1-424b-9868-57a2d4851a1d" relativeResultsDirectory="3987ebb5-9f6c-4dde-ab1e-e551ee78669c" />
    <UnitTestResult executionId="bb640ccc-0f2f-46af-9419-20f111e4fc4f" testId="50ffa6a7-9616-b786-fb5c-21cb7824a7ae" testName="System.CommandLine.Tests.Invocation.InvocationExtensionsTests.RootCommand_Invoke_returns_0_when_handler_is_successful" computerName="JOSEQU10" duration="00:00:00.2600000" startTime="2022-06-13T12:30:01.8256075-07:00" endTime="2022-06-13T12:30:01.8256075-07:00" testType="13cdc9d9-ddb5-4fa4-a97d-d965ccfc6d4b" outcome="Passed" testListId="8c84fa94-04c1-424b-9868-57a2d4851a1d" relativeResultsDirectory="bb640ccc-0f2f-46af-9419-20f111e4fc4f" />
    <UnitTestResult executionId="6d473e6b-1762-469f-9ad7-b5fa8e58d348" testId="a28ab789-c479-7cf2-6b7f-c503b9472c4f" testName="System.CommandLine.Tests.ParserTests+MultipleArguments.When_there_are_not_enough_tokens_for_all_arguments_then_the_correct_number_of_errors_is_reported(providedArgs: &quot;&quot;)" computerName="JOSEQU10" duration="00:00:00.0010000" startTime="2022-06-13T12:30:01.7086057-07:00" endTime="2022-06-13T12:30:01.7086057-07:00" testType="13cdc9d9-ddb5-4fa4-a97d-d965ccfc6d4b" outcome="Passed" testListId="8c84fa94-04c1-424b-9868-57a2d4851a1d" relativeResultsDirectory="6d473e6b-1762-469f-9ad7-b5fa8e58d348" />
    <UnitTestResult executionId="1029fad3-6618-4ab3-86b9-27c182707779" testId="6116a9ff-cb93-95bc-0373-5bfc178e8b04" testName="System.CommandLine.Tests.CommandTests.Outer_command_is_identified_correctly_by_Parent_property" computerName="JOSEQU10" duration="00:00:00.0010000" startTime="2022-06-13T12:30:02.1366079-07:00" endTime="2022-06-13T12:30:02.1366079-07:00" testType="13cdc9d9-ddb5-4fa4-a97d-d965ccfc6d4b" outcome="Passed" testListId="8c84fa94-04c1-424b-9868-57a2d4851a1d" relativeResultsDirectory="1029fad3-6618-4ab3-86b9-27c182707779" />
    <UnitTestResult executionId="899ce21c-45c6-4b37-8de2-be8d530bd9b5" testId="29bd4516-0e58-633d-5bbe-29af36fbe13c" testName="System.CommandLine.Tests.Binding.TypeConversionTests.Argument_infers_arity_of_IEnumerable_types_as_OneOrMore(type: typeof(System.Collections.Generic.IEnumerable&lt;int&gt;))" computerName="JOSEQU10" duration="00:00:00.0010000" startTime="2022-06-13T12:30:02.7766109-07:00" endTime="2022-06-13T12:30:02.7766109-07:00" testType="13cdc9d9-ddb5-4fa4-a97d-d965ccfc6d4b" outcome="Passed" testListId="8c84fa94-04c1-424b-9868-57a2d4851a1d" relativeResultsDirectory="899ce21c-45c6-4b37-8de2-be8d530bd9b5" />
    <UnitTestResult executionId="3c61ecb5-af4a-4dc4-9b11-93d017087fa3" testId="24e9e63a-5616-0d48-623b-50e67afe154d" testName="System.CommandLine.Tests.Parsing.CommandLineStringSplitterTests.It_does_not_split_double_quote_delimited_values_when_a_non_whitespace_argument_delimiter_is_used(prefix: &quot;--&quot;, delimiter: '=')" computerName="JOSEQU10" duration="00:00:00.0010000" startTime="2022-06-13T12:30:01.9936061-07:00" endTime="2022-06-13T12:30:01.9936061-07:00" testType="13cdc9d9-ddb5-4fa4-a97d-d965ccfc6d4b" outcome="Passed" testListId="8c84fa94-04c1-424b-9868-57a2d4851a1d" relativeResultsDirectory="3c61ecb5-af4a-4dc4-9b11-93d017087fa3" />
    <UnitTestResult executionId="3f9e862a-c69b-47d8-9c03-2ceaaaf35f62" testId="a7ca98a1-0b53-646c-ad87-6450322a3f67" testName="System.CommandLine.Tests.ArgumentTests+CustomParsing.HasDefaultValue_can_be_set_to_true" computerName="JOSEQU10" duration="00:00:00.0010000" startTime="2022-06-13T12:30:02.4306124-07:00" endTime="2022-06-13T12:30:02.4306124-07:00" testType="13cdc9d9-ddb5-4fa4-a97d-d965ccfc6d4b" outcome="Passed" testListId="8c84fa94-04c1-424b-9868-57a2d4851a1d" relativeResultsDirectory="3f9e862a-c69b-47d8-9c03-2ceaaaf35f62" />
    <UnitTestResult executionId="8e7dcf74-71a3-45db-ab36-ad01d5935307" testId="4317cbca-c033-c7eb-0e31-e5c4b14f92aa" testName="System.CommandLine.Tests.ResourceLocalizationTests.Default_validation_messages_can_be_replaced_using_CommandLineBuilder_in_order_to_add_localization_support" computerName="JOSEQU10" duration="00:00:00.2470000" startTime="2022-06-13T12:30:01.7536064-07:00" endTime="2022-06-13T12:30:01.7536064-07:00" testType="13cdc9d9-ddb5-4fa4-a97d-d965ccfc6d4b" outcome="Passed" testListId="8c84fa94-04c1-424b-9868-57a2d4851a1d" relativeResultsDirectory="8e7dcf74-71a3-45db-ab36-ad01d5935307" />
    <UnitTestResult executionId="88b0c589-b875-4145-9542-bc788207f5be" testId="509dfd01-6e93-b3a4-9e88-adeef3bbd373" testName="System.CommandLine.Tests.ParserTests.When_child_option_will_not_accept_arg_then_parent_can" computerName="JOSEQU10" duration="00:00:00.0010000" startTime="2022-06-13T12:30:02.5226075-07:00" endTime="2022-06-13T12:30:02.5226075-07:00" testType="13cdc9d9-ddb5-4fa4-a97d-d965ccfc6d4b" outcome="Passed" testListId="8c84fa94-04c1-424b-9868-57a2d4851a1d" relativeResultsDirectory="88b0c589-b875-4145-9542-bc788207f5be" />
    <UnitTestResult executionId="cd011ecc-6f8c-459a-aa68-1c5af37e6fc0" testId="f1d9df11-dd16-2700-b25b-2daf8a8bf3f8" testName="System.CommandLine.Tests.TokenReplacementTests.Token_replacer_receives_the_token_from_the_command_line_with_the_leading_at_symbol_removed" computerName="JOSEQU10" duration="00:00:00.0010000" startTime="2022-06-13T12:30:02.0046065-07:00" endTime="2022-06-13T12:30:02.0046065-07:00" testType="13cdc9d9-ddb5-4fa4-a97d-d965ccfc6d4b" outcome="Passed" testListId="8c84fa94-04c1-424b-9868-57a2d4851a1d" relativeResultsDirectory="cd011ecc-6f8c-459a-aa68-1c5af37e6fc0" />
    <UnitTestResult executionId="4a771078-48f4-4457-a942-f758b38d7f0f" testId="ab0713c9-2c2f-37e8-a84e-44cafdfd1d13" testName="System.CommandLine.Tests.ParserTests.Boolean_options_are_not_greedy(commandLine: &quot;-x true -y true&quot;)" computerName="JOSEQU10" duration="00:00:00.0010000" startTime="2022-06-13T12:30:02.4926075-07:00" endTime="2022-06-13T12:30:02.4926075-07:00" testType="13cdc9d9-ddb5-4fa4-a97d-d965ccfc6d4b" outcome="Passed" testListId="8c84fa94-04c1-424b-9868-57a2d4851a1d" relativeResultsDirectory="4a771078-48f4-4457-a942-f758b38d7f0f" />
    <UnitTestResult executionId="9437966a-3c60-4b94-9aa9-306a3461ad97" testId="4601ec3d-3f6c-e5ad-fb89-2b7258f59c7b" testName="System.CommandLine.Tests.Help.HelpBuilderTests.Help_option_is_shown_in_help" computerName="JOSEQU10" duration="00:00:00.0010000" startTime="2022-06-13T12:30:02.8136126-07:00" endTime="2022-06-13T12:30:02.8136126-07:00" testType="13cdc9d9-ddb5-4fa4-a97d-d965ccfc6d4b" outcome="Passed" testListId="8c84fa94-04c1-424b-9868-57a2d4851a1d" relativeResultsDirectory="9437966a-3c60-4b94-9aa9-306a3461ad97" />
    <UnitTestResult executionId="7018c6b1-4c04-4f5a-aeec-b253dc457b14" testId="dc751c8e-0fef-a95f-65b3-d943ccdb0967" testName="System.CommandLine.Tests.OptionTests.When_an_option_is_created_with_an_alias_that_contains_whitespace_then_an_informative_error_is_returned(alias: &quot;--aa aa&quot;)" computerName="JOSEQU10" duration="00:00:00.0010000" startTime="2022-06-13T12:30:02.2826091-07:00" endTime="2022-06-13T12:30:02.2826091-07:00" testType="13cdc9d9-ddb5-4fa4-a97d-d965ccfc6d4b" outcome="Passed" testListId="8c84fa94-04c1-424b-9868-57a2d4851a1d" relativeResultsDirectory="7018c6b1-4c04-4f5a-aeec-b253dc457b14" />
    <UnitTestResult executionId="143885ac-d710-428d-b2b3-d6743e9d5bde" testId="65543548-90e6-b7bc-51c4-faba7e9d5ab7" testName="System.CommandLine.Tests.CompletionTests.When_one_option_has_been_partially_specified_then_nonmatching_siblings_will_not_be_suggested" computerName="JOSEQU10" duration="00:00:00.0010000" startTime="2022-06-13T12:30:02.1266085-07:00" endTime="2022-06-13T12:30:02.1266085-07:00" testType="13cdc9d9-ddb5-4fa4-a97d-d965ccfc6d4b" outcome="Passed" testListId="8c84fa94-04c1-424b-9868-57a2d4851a1d" relativeResultsDirectory="143885ac-d710-428d-b2b3-d6743e9d5bde" />
    <UnitTestResult executionId="bb3d4078-8ef8-4c33-aa14-0ab131a4766a" testId="9bfd3fd8-d3bc-9a0a-aa59-9681d83fa5ec" testName="System.CommandLine.Tests.ParsingValidationTests+FileExistence.An_option_argument_can_be_invalid_based_on_file_or_directory_existence" computerName="JOSEQU10" duration="00:00:00.0030000" startTime="2022-06-13T12:30:02.2386077-07:00" endTime="2022-06-13T12:30:02.2386077-07:00" testType="13cdc9d9-ddb5-4fa4-a97d-d965ccfc6d4b" outcome="Passed" testListId="8c84fa94-04c1-424b-9868-57a2d4851a1d" relativeResultsDirectory="bb3d4078-8ef8-4c33-aa14-0ab131a4766a" />
    <UnitTestResult executionId="906e81f0-eb1d-496d-8d7d-456051e8d195" testId="5d157e8b-05fa-0aa6-6dbb-3ccc8de24517" testName="System.CommandLine.Tests.CompletionTests.When_a_subcommand_has_been_specified_then_its_sibling_commands_will_not_be_suggested" computerName="JOSEQU10" duration="00:00:00.0010000" startTime="2022-06-13T12:30:02.2286076-07:00" endTime="2022-06-13T12:30:02.2286076-07:00" testType="13cdc9d9-ddb5-4fa4-a97d-d965ccfc6d4b" outcome="Passed" testListId="8c84fa94-04c1-424b-9868-57a2d4851a1d" relativeResultsDirectory="906e81f0-eb1d-496d-8d7d-456051e8d195" />
    <UnitTestResult executionId="f4d26ee5-3ce1-4290-b67f-1fa000861c47" testId="7ec8d1b1-a8f9-24f9-f8ea-ddb5d89b36b0" testName="System.CommandLine.Tests.Binding.TypeConversionTests.Command_argument_of_FileInfo_can_be_bound_without_custom_conversion_logic" computerName="JOSEQU10" duration="00:00:00.0010000" startTime="2022-06-13T12:30:02.8036112-07:00" endTime="2022-06-13T12:30:02.8036112-07:00" testType="13cdc9d9-ddb5-4fa4-a97d-d965ccfc6d4b" outcome="Passed" testListId="8c84fa94-04c1-424b-9868-57a2d4851a1d" relativeResultsDirectory="f4d26ee5-3ce1-4290-b67f-1fa000861c47" />
    <UnitTestResult executionId="bd2a15de-6f33-42ad-9db3-c905641ab17c" testId="af84eed7-7aa7-5e31-15a2-15085dfb851f" testName="System.CommandLine.Tests.Binding.TypeConversionTests.When_exactly_one_argument_is_expected_and_none_are_provided_then_getting_value_throws" computerName="JOSEQU10" duration="00:00:00.0010000" startTime="2022-06-13T12:30:02.7416077-07:00" endTime="2022-06-13T12:30:02.7416077-07:00" testType="13cdc9d9-ddb5-4fa4-a97d-d965ccfc6d4b" outcome="Passed" testListId="8c84fa94-04c1-424b-9868-57a2d4851a1d" relativeResultsDirectory="bd2a15de-6f33-42ad-9db3-c905641ab17c" />
    <UnitTestResult executionId="ca3b841e-dd5c-442e-83a3-6246b893f3a3" testId="b6d2c8b0-9169-4b71-d4bc-1eaebd49c309" testName="System.CommandLine.Tests.Invocation.TypoCorrectionTests.When_command_is_mistyped_it_is_suggested" computerName="JOSEQU10" duration="00:00:00.0010000" startTime="2022-06-13T12:30:02.3856056-07:00" endTime="2022-06-13T12:30:02.3856056-07:00" testType="13cdc9d9-ddb5-4fa4-a97d-d965ccfc6d4b" outcome="Passed" testListId="8c84fa94-04c1-424b-9868-57a2d4851a1d" relativeResultsDirectory="ca3b841e-dd5c-442e-83a3-6246b893f3a3" />
    <UnitTestResult executionId="731455bb-32ef-4d29-9559-2bd5c00dcd81" testId="cfc4234b-5383-c76c-ebfe-186541794054" testName="System.CommandLine.Tests.OptionTests+MultipleArgumentsPerToken+Disallowed.Subsequent_matched_arguments_result_in_errors" computerName="JOSEQU10" duration="00:00:00.0680000" startTime="2022-06-13T12:30:02.0546091-07:00" endTime="2022-06-13T12:30:02.0546091-07:00" testType="13cdc9d9-ddb5-4fa4-a97d-d965ccfc6d4b" outcome="Passed" testListId="8c84fa94-04c1-424b-9868-57a2d4851a1d" relativeResultsDirectory="731455bb-32ef-4d29-9559-2bd5c00dcd81" />
    <UnitTestResult executionId="6ca7dac2-5c3d-4588-8c82-a56603fb6c5e" testId="503c0166-7d88-7c58-45fa-5728dbda5f09" testName="System.CommandLine.Tests.Help.HelpBuilderTests.Options_aliases_differing_only_by_prefix_are_deduplicated_favoring_double_dashed_prefixes" computerName="JOSEQU10" duration="00:00:00.0010000" startTime="2022-06-13T12:30:02.6526065-07:00" endTime="2022-06-13T12:30:02.6526065-07:00" testType="13cdc9d9-ddb5-4fa4-a97d-d965ccfc6d4b" outcome="Passed" testListId="8c84fa94-04c1-424b-9868-57a2d4851a1d" relativeResultsDirectory="6ca7dac2-5c3d-4588-8c82-a56603fb6c5e" />
    <UnitTestResult executionId="fd7d845f-2e6c-4f2d-9634-831c4e7fb9bd" testId="58d210c6-7a24-5545-edfd-63dc3da81c21" testName="System.CommandLine.Tests.Help.HelpBuilderTests.Required_options_are_indicated_when_argument_is_named" computerName="JOSEQU10" duration="00:00:00.0010000" startTime="2022-06-13T12:30:02.2116075-07:00" endTime="2022-06-13T12:30:02.2116075-07:00" testType="13cdc9d9-ddb5-4fa4-a97d-d965ccfc6d4b" outcome="Passed" testListId="8c84fa94-04c1-424b-9868-57a2d4851a1d" relativeResultsDirectory="fd7d845f-2e6c-4f2d-9634-831c4e7fb9bd" />
    <UnitTestResult executionId="e6e1dbc6-e115-4fc1-b25d-fe8d4b868e91" testId="bf2f00ac-9e0f-fdfc-355a-5643fd170a2d" testName="System.CommandLine.Tests.Help.HelpBuilderTests+Customization.Argument_can_fallback_to_default_when_customizing(conditionA: True, conditionB: False, conditionC: True, expected: &quot;custom 1st\\s*description\\s*\\[default\\: custom &quot;...)" computerName="JOSEQU10" duration="00:00:00.0010000" startTime="2022-06-13T12:30:02.2276085-07:00" endTime="2022-06-13T12:30:02.2276085-07:00" testType="13cdc9d9-ddb5-4fa4-a97d-d965ccfc6d4b" outcome="Passed" testListId="8c84fa94-04c1-424b-9868-57a2d4851a1d" relativeResultsDirectory="e6e1dbc6-e115-4fc1-b25d-fe8d4b868e91" />
    <UnitTestResult executionId="6446b396-5c11-4297-8753-0d003fdb1a80" testId="c6fa4776-f6a9-6f9f-0139-9bf710ba6f3e" testName="System.CommandLine.Tests.UseParseErrorReportingTests.Parse_error_uses_custom_error_result_code" computerName="JOSEQU10" duration="00:00:00.3350000" startTime="2022-06-13T12:30:02.1926077-07:00" endTime="2022-06-13T12:30:02.1926077-07:00" testType="13cdc9d9-ddb5-4fa4-a97d-d965ccfc6d4b" outcome="Passed" testListId="8c84fa94-04c1-424b-9868-57a2d4851a1d" relativeResultsDirectory="6446b396-5c11-4297-8753-0d003fdb1a80" />
    <UnitTestResult executionId="3d79930f-3d05-4b30-885d-3c57491f2697" testId="6c6a82c2-5599-a7d0-115c-2a9d8e26ed60" testName="System.CommandLine.Tests.ParserTests.Option_argument_arity_can_be_a_fixed_value_greater_than_1" computerName="JOSEQU10" duration="00:00:00.0010000" startTime="2022-06-13T12:30:02.4156076-07:00" endTime="2022-06-13T12:30:02.4156076-07:00" testType="13cdc9d9-ddb5-4fa4-a97d-d965ccfc6d4b" outcome="Passed" testListId="8c84fa94-04c1-424b-9868-57a2d4851a1d" relativeResultsDirectory="3d79930f-3d05-4b30-885d-3c57491f2697" />
    <UnitTestResult executionId="8575f693-09f4-45a9-952e-6d7b8d2c8105" testId="55465719-c37c-d2c3-2ae0-f8ebd0c76a25" testName="System.CommandLine.Tests.Binding.TypeConversionTests.Sequence_type_defaults_to_empty_when_not_specified(sequenceType: typeof(System.Collections.Generic.IEnumerable&lt;string&gt;))" computerName="JOSEQU10" duration="00:00:00.0010000" startTime="2022-06-13T12:30:02.6826083-07:00" endTime="2022-06-13T12:30:02.6826083-07:00" testType="13cdc9d9-ddb5-4fa4-a97d-d965ccfc6d4b" outcome="Passed" testListId="8c84fa94-04c1-424b-9868-57a2d4851a1d" relativeResultsDirectory="8575f693-09f4-45a9-952e-6d7b8d2c8105" />
    <UnitTestResult executionId="c1841a1a-9d5e-457a-9fa3-9ac48eac5c97" testId="ae218cb8-6086-102a-b05e-1b0bc295b64e" testName="System.CommandLine.Tests.CommandTests.When_a_command_is_created_with_an_alias_that_contains_whitespace_then_an_informative_error_is_returned(alias: &quot; aa&quot;)" computerName="JOSEQU10" duration="00:00:00.0010000" startTime="2022-06-13T12:30:02.1576063-07:00" endTime="2022-06-13T12:30:02.1576063-07:00" testType="13cdc9d9-ddb5-4fa4-a97d-d965ccfc6d4b" outcome="Passed" testListId="8c84fa94-04c1-424b-9868-57a2d4851a1d" relativeResultsDirectory="c1841a1a-9d5e-457a-9fa3-9ac48eac5c97" />
    <UnitTestResult executionId="440fba0c-8ad1-44c9-a8d3-693a8fb31919" testId="c025585a-91dd-3739-0b08-0978c5dffe6f" testName="System.CommandLine.Tests.Binding.TypeConversionTests.Option_argument_of_FileInfo_can_be_bound_without_custom_conversion_logic" computerName="JOSEQU10" duration="00:00:00.0010000" startTime="2022-06-13T12:30:02.7746112-07:00" endTime="2022-06-13T12:30:02.7746112-07:00" testType="13cdc9d9-ddb5-4fa4-a97d-d965ccfc6d4b" outcome="Passed" testListId="8c84fa94-04c1-424b-9868-57a2d4851a1d" relativeResultsDirectory="440fba0c-8ad1-44c9-a8d3-693a8fb31919" />
    <UnitTestResult executionId="ab1d50c3-48b6-4b72-8c3f-7794bcf44d06" testId="fdd8e98c-8390-b1c7-76c8-95986e6839b9" testName="System.CommandLine.Tests.OptionTests.Argument_retains_name_when_it_is_provided" computerName="JOSEQU10" duration="00:00:00.0010000" startTime="2022-06-13T12:30:02.2076084-07:00" endTime="2022-06-13T12:30:02.2076084-07:00" testType="13cdc9d9-ddb5-4fa4-a97d-d965ccfc6d4b" outcome="Passed" testListId="8c84fa94-04c1-424b-9868-57a2d4851a1d" relativeResultsDirectory="ab1d50c3-48b6-4b72-8c3f-7794bcf44d06" />
    <UnitTestResult executionId="1d686131-273e-42f0-8ef1-1d48bcc43252" testId="063bb450-31b9-554e-cdc7-2d45ade53859" testName="System.CommandLine.Tests.OptionTests+MultipleArgumentsPerToken+Allowed.When_option_is_not_respecified_and_limit_is_reached_then_the_following_token_is_unmatched" computerName="JOSEQU10" duration="00:00:00.0010000" startTime="2022-06-13T12:30:01.8586092-07:00" endTime="2022-06-13T12:30:01.8586092-07:00" testType="13cdc9d9-ddb5-4fa4-a97d-d965ccfc6d4b" outcome="Passed" testListId="8c84fa94-04c1-424b-9868-57a2d4851a1d" relativeResultsDirectory="1d686131-273e-42f0-8ef1-1d48bcc43252" />
    <UnitTestResult executionId="d56835a5-ca13-4b3d-98b7-5f5ac37c3648" testId="05d7c1e8-9388-8da4-ddd9-b95511dbed51" testName="System.CommandLine.Tests.Help.HelpBuilderTests.Arguments_section_is_not_included_if_there_are_options_with_no_arguments_configured" computerName="JOSEQU10" duration="00:00:00.0010000" startTime="2022-06-13T12:30:02.8126087-07:00" endTime="2022-06-13T12:30:02.8126087-07:00" testType="13cdc9d9-ddb5-4fa4-a97d-d965ccfc6d4b" outcome="Passed" testListId="8c84fa94-04c1-424b-9868-57a2d4851a1d" relativeResultsDirectory="d56835a5-ca13-4b3d-98b7-5f5ac37c3648" />
    <UnitTestResult executionId="12126173-7c9b-4a06-9aa2-65842f9ecdaf" testId="6b67ebb8-e8b0-1829-1945-91f2624df780" testName="System.CommandLine.Tests.ParsingValidationTests.Multiple_validators_on_the_same_command_do_not_report_duplicate_errors" computerName="JOSEQU10" duration="00:00:00.0010000" startTime="2022-06-13T12:30:02.5646074-07:00" endTime="2022-06-13T12:30:02.5646074-07:00" testType="13cdc9d9-ddb5-4fa4-a97d-d965ccfc6d4b" outcome="Passed" testListId="8c84fa94-04c1-424b-9868-57a2d4851a1d" relativeResultsDirectory="12126173-7c9b-4a06-9aa2-65842f9ecdaf" />
    <UnitTestResult executionId="01895c7e-837f-4842-948e-57b0f36875eb" testId="b05b0bed-bf3a-a179-fdc7-9c75ca6177e0" testName="System.CommandLine.Tests.CompletionTests.Option_GetCompletions_can_be_based_on_the_proximate_option_and_partial_input" computerName="JOSEQU10" duration="00:00:00.0020000" startTime="2022-06-13T12:30:02.0466106-07:00" endTime="2022-06-13T12:30:02.0466106-07:00" testType="13cdc9d9-ddb5-4fa4-a97d-d965ccfc6d4b" outcome="Passed" testListId="8c84fa94-04c1-424b-9868-57a2d4851a1d" relativeResultsDirectory="01895c7e-837f-4842-948e-57b0f36875eb" />
    <UnitTestResult executionId="65e770a4-a995-4ceb-b64d-d6e98da5e4fe" testId="2a89ac7c-c836-9ed3-1495-7171bd0580fa" testName="System.CommandLine.Tests.ParserTests.When_a_command_line_has_unmatched_tokens_they_are_not_applied_to_subsequent_options" computerName="JOSEQU10" duration="00:00:00.0010000" startTime="2022-06-13T12:30:02.5666074-07:00" endTime="2022-06-13T12:30:02.5666074-07:00" testType="13cdc9d9-ddb5-4fa4-a97d-d965ccfc6d4b" outcome="Passed" testListId="8c84fa94-04c1-424b-9868-57a2d4851a1d" relativeResultsDirectory="65e770a4-a995-4ceb-b64d-d6e98da5e4fe" />
    <UnitTestResult executionId="2f875a84-4973-4c7a-9cec-e01ba9c372bf" testId="2c6238c2-437c-aba2-f878-c69eae942ca1" testName="System.CommandLine.Tests.Binding.TypeConversionTests.Values_can_be_correctly_converted_to_nullable_long_without_the_parser_specifying_a_custom_converter" computerName="JOSEQU10" duration="00:00:00.0010000" startTime="2022-06-13T12:30:02.8006113-07:00" endTime="2022-06-13T12:30:02.8006113-07:00" testType="13cdc9d9-ddb5-4fa4-a97d-d965ccfc6d4b" outcome="Passed" testListId="8c84fa94-04c1-424b-9868-57a2d4851a1d" relativeResultsDirectory="2f875a84-4973-4c7a-9cec-e01ba9c372bf" />
    <UnitTestResult executionId="897fd836-6ed1-4d9c-9099-6e1e475b4323" testId="4a13ebcc-af0b-dd1b-0916-29b5471fb527" testName="System.CommandLine.Tests.ParsingValidationTests+PathValidity.LegalFilePathsOnly_accepts_command_arguments_containing_valid_path_characters" computerName="JOSEQU10" duration="00:00:00.0010000" startTime="2022-06-13T12:30:02.1696073-07:00" endTime="2022-06-13T12:30:02.1696073-07:00" testType="13cdc9d9-ddb5-4fa4-a97d-d965ccfc6d4b" outcome="Passed" testListId="8c84fa94-04c1-424b-9868-57a2d4851a1d" relativeResultsDirectory="897fd836-6ed1-4d9c-9099-6e1e475b4323" />
    <UnitTestResult executionId="6a4d357a-609c-4484-8bb3-41bf2ff1ce33" testId="0e22101f-5e18-c784-e104-4a359bafaa03" testName="System.CommandLine.Tests.CompletionTests.Command_GetCompletions_without_text_to_match_orders_alphabetically" computerName="JOSEQU10" duration="00:00:00.0010000" startTime="2022-06-13T12:30:02.2306076-07:00" endTime="2022-06-13T12:30:02.2306076-07:00" testType="13cdc9d9-ddb5-4fa4-a97d-d965ccfc6d4b" outcome="Passed" testListId="8c84fa94-04c1-424b-9868-57a2d4851a1d" relativeResultsDirectory="6a4d357a-609c-4484-8bb3-41bf2ff1ce33" />
    <UnitTestResult executionId="e0660079-1e19-4110-98e0-fb6a4588e093" testId="ec3f230f-ed76-f9ec-cab5-4550ab369d96" testName="System.CommandLine.Tests.ParseDirectiveTests.When_there_are_no_errors_then_parse_directive_sets_exit_code_0" computerName="JOSEQU10" duration="00:00:00.0340000" startTime="2022-06-13T12:30:02.3886056-07:00" endTime="2022-06-13T12:30:02.3886056-07:00" testType="13cdc9d9-ddb5-4fa4-a97d-d965ccfc6d4b" outcome="Passed" testListId="8c84fa94-04c1-424b-9868-57a2d4851a1d" relativeResultsDirectory="e0660079-1e19-4110-98e0-fb6a4588e093" />
    <UnitTestResult executionId="e65f47b8-b6b0-43db-8665-35817bfc8171" testId="a514999a-92c9-5370-9812-54b642da8926" testName="System.CommandLine.Tests.ParsingValidationTests+FileExistence.A_command_argument_can_be_invalid_based_on_directory_existence" computerName="JOSEQU10" duration="00:00:00.0010000" startTime="2022-06-13T12:30:02.4966118-07:00" endTime="2022-06-13T12:30:02.4966118-07:00" testType="13cdc9d9-ddb5-4fa4-a97d-d965ccfc6d4b" outcome="Passed" testListId="8c84fa94-04c1-424b-9868-57a2d4851a1d" relativeResultsDirectory="e65f47b8-b6b0-43db-8665-35817bfc8171" />
    <UnitTestResult executionId="b0044b84-5319-4ef2-9e5b-8135912565fc" testId="3c9fc311-eb64-b045-6538-9a6698b3a6e5" testName="System.CommandLine.Tests.Binding.TypeConversionTests.Argument_of_FileInfo_that_is_empty_results_in_an_informative_error" computerName="JOSEQU10" duration="00:00:00.0010000" startTime="2022-06-13T12:30:02.8076069-07:00" endTime="2022-06-13T12:30:02.8076069-07:00" testType="13cdc9d9-ddb5-4fa4-a97d-d965ccfc6d4b" outcome="Passed" testListId="8c84fa94-04c1-424b-9868-57a2d4851a1d" relativeResultsDirectory="b0044b84-5319-4ef2-9e5b-8135912565fc" />
    <UnitTestResult executionId="f8703e1a-ffb8-481e-89ba-3334fd3d35af" testId="dc67b81a-0ff9-5396-5820-5d0bd417e0c5" testName="System.CommandLine.Tests.UseHelpTests.UseHelp_can_be_called_more_than_once_on_the_same_command_with_different_CommandLineBuilders(commandline: &quot;-h&quot;)" computerName="JOSEQU10" duration="00:00:00.0090000" startTime="2022-06-13T12:30:02.2546072-07:00" endTime="2022-06-13T12:30:02.2546072-07:00" testType="13cdc9d9-ddb5-4fa4-a97d-d965ccfc6d4b" outcome="Passed" testListId="8c84fa94-04c1-424b-9868-57a2d4851a1d" relativeResultsDirectory="f8703e1a-ffb8-481e-89ba-3334fd3d35af" />
    <UnitTestResult executionId="958199f2-f0ee-4a81-acef-bd91cb338263" testId="da20de46-a2bd-6e38-4ea8-f0ab1d13feff" testName="System.CommandLine.Tests.Help.HelpBuilderTests.Options_help_preserves_the_order_options_are_added_the_the_parent_command" computerName="JOSEQU10" duration="00:00:00.0160000" startTime="2022-06-13T12:30:02.3176082-07:00" endTime="2022-06-13T12:30:02.3176082-07:00" testType="13cdc9d9-ddb5-4fa4-a97d-d965ccfc6d4b" outcome="Passed" testListId="8c84fa94-04c1-424b-9868-57a2d4851a1d" relativeResultsDirectory="958199f2-f0ee-4a81-acef-bd91cb338263" />
    <UnitTestResult executionId="fb7a69dc-0a1b-46f1-8d9f-bc9a07b072bd" testId="7e9c3a48-0d82-bfc3-7ff0-17cbb45eb2da" testName="System.CommandLine.Tests.Binding.TypeConversionTests.An_option_with_a_default_value_parses_as_the_default_value_when_the_option_has_not_been_applied" computerName="JOSEQU10" duration="00:00:00.0010000" startTime="2022-06-13T12:30:02.7966121-07:00" endTime="2022-06-13T12:30:02.7966121-07:00" testType="13cdc9d9-ddb5-4fa4-a97d-d965ccfc6d4b" outcome="Passed" testListId="8c84fa94-04c1-424b-9868-57a2d4851a1d" relativeResultsDirectory="fb7a69dc-0a1b-46f1-8d9f-bc9a07b072bd" />
    <UnitTestResult executionId="5dbf7eb0-dfdc-45d4-9066-88e5c4715796" testId="3a460ecf-ec88-1145-11df-16b003568d49" testName="System.CommandLine.Tests.DirectiveTests.Multiple_directives_are_allowed" computerName="JOSEQU10" duration="00:00:00.0010000" startTime="2022-06-13T12:30:01.8486072-07:00" endTime="2022-06-13T12:30:01.8486072-07:00" testType="13cdc9d9-ddb5-4fa4-a97d-d965ccfc6d4b" outcome="Passed" testListId="8c84fa94-04c1-424b-9868-57a2d4851a1d" relativeResultsDirectory="5dbf7eb0-dfdc-45d4-9066-88e5c4715796" />
    <UnitTestResult executionId="8ef945c3-b387-4f19-b08f-e91460350094" testId="8a1e383b-5d75-2b45-fd51-d92e320c45f1" testName="System.CommandLine.Tests.CommandTests.ParseResult_Command_identifies_innermost_command(input: &quot;outer arg inner arg inner-er arg&quot;, expectedCommand: &quot;inner-er&quot;)" computerName="JOSEQU10" duration="00:00:00.0010000" startTime="2022-06-13T12:30:02.1096073-07:00" endTime="2022-06-13T12:30:02.1096073-07:00" testType="13cdc9d9-ddb5-4fa4-a97d-d965ccfc6d4b" outcome="Passed" testListId="8c84fa94-04c1-424b-9868-57a2d4851a1d" relativeResultsDirectory="8ef945c3-b387-4f19-b08f-e91460350094" />
    <UnitTestResult executionId="966771f1-4145-4a6f-bb9a-cd8d68a41205" testId="27eddf58-2be1-693f-e0d6-9d865f6e367a" testName="System.CommandLine.Tests.ResponseFileTests.When_response_file_parse_as_space_separated_returns_expected_values(input: &quot;--flag \&quot;first value\&quot; --flag2 123&quot;)" computerName="JOSEQU10" duration="00:00:00.0060000" startTime="2022-06-13T12:30:02.5216075-07:00" endTime="2022-06-13T12:30:02.5216075-07:00" testType="13cdc9d9-ddb5-4fa4-a97d-d965ccfc6d4b" outcome="Passed" testListId="8c84fa94-04c1-424b-9868-57a2d4851a1d" relativeResultsDirectory="966771f1-4145-4a6f-bb9a-cd8d68a41205" />
    <UnitTestResult executionId="52eaebbe-f697-46d7-b48f-8af4e2367466" testId="4cbd1a75-0bec-1467-d2c5-988a52ec2144" testName="System.CommandLine.Tests.Binding.TypeConversionTests.Max_arity_greater_than_1_converts_to_enumerable_types(minArity: 1, maxArity: 3, argumentType: typeof(System.Collections.Generic.ICollection&lt;string&gt;))" computerName="JOSEQU10" duration="00:00:00.0010000" startTime="2022-06-13T12:30:02.7076065-07:00" endTime="2022-06-13T12:30:02.7076065-07:00" testType="13cdc9d9-ddb5-4fa4-a97d-d965ccfc6d4b" outcome="Passed" testListId="8c84fa94-04c1-424b-9868-57a2d4851a1d" relativeResultsDirectory="52eaebbe-f697-46d7-b48f-8af4e2367466" />
    <UnitTestResult executionId="062bcbb4-3423-4ca7-b9e7-e0b38c96e705" testId="6f8de926-fbce-634d-cd5f-ea5cc1f06a7b" testName="System.CommandLine.Tests.ArgumentTests+CustomParsing.Validation_failure_message_can_be_specified_when_parsing_tokens" computerName="JOSEQU10" duration="00:00:00.0010000" startTime="2022-06-13T12:30:02.6646060-07:00" endTime="2022-06-13T12:30:02.6646060-07:00" testType="13cdc9d9-ddb5-4fa4-a97d-d965ccfc6d4b" outcome="Passed" testListId="8c84fa94-04c1-424b-9868-57a2d4851a1d" relativeResultsDirectory="062bcbb4-3423-4ca7-b9e7-e0b38c96e705" />
    <UnitTestResult executionId="6536551b-7d0c-4aab-8fcd-35a193a3f18c" testId="b2cc18df-cf5a-87a7-c185-c8f2ad1c9dad" testName="System.CommandLine.Tests.Help.HelpBuilderTests.Command_arguments_show_argument_name_in_first_column" computerName="JOSEQU10" duration="00:00:00.0010000" startTime="2022-06-13T12:30:02.4346083-07:00" endTime="2022-06-13T12:30:02.4346083-07:00" testType="13cdc9d9-ddb5-4fa4-a97d-d965ccfc6d4b" outcome="Passed" testListId="8c84fa94-04c1-424b-9868-57a2d4851a1d" relativeResultsDirectory="6536551b-7d0c-4aab-8fcd-35a193a3f18c" />
    <UnitTestResult executionId="37ab3b75-7700-4541-9460-05b457324e9c" testId="611dfc79-928e-0a46-c5c6-3633c11dd4c5" testName="System.CommandLine.Tests.Help.HelpBuilderTests.Option_aliases_are_shown_before_long_names_regardless_of_alphabetical_order" computerName="JOSEQU10" duration="00:00:00.0010000" startTime="2022-06-13T12:30:02.8266105-07:00" endTime="2022-06-13T12:30:02.8266105-07:00" testType="13cdc9d9-ddb5-4fa4-a97d-d965ccfc6d4b" outcome="Passed" testListId="8c84fa94-04c1-424b-9868-57a2d4851a1d" relativeResultsDirectory="37ab3b75-7700-4541-9460-05b457324e9c" />
    <UnitTestResult executionId="e50635ed-e2b9-4abb-ac8a-fda36c0b80a3" testId="69da81c6-e73f-4cff-5ca6-b4611f484cdc" testName="System.CommandLine.Tests.TokenReplacementTests.When_token_replacer_returns_false_without_setting_an_error_message_then_the_command_line_is_unchanged_and_no_parse_error_is_produced" computerName="JOSEQU10" duration="00:00:00.0010000" startTime="2022-06-13T12:30:02.0586075-07:00" endTime="2022-06-13T12:30:02.0586075-07:00" testType="13cdc9d9-ddb5-4fa4-a97d-d965ccfc6d4b" outcome="Passed" testListId="8c84fa94-04c1-424b-9868-57a2d4851a1d" relativeResultsDirectory="e50635ed-e2b9-4abb-ac8a-fda36c0b80a3" />
    <UnitTestResult executionId="e03fd3f0-ec6e-49eb-8d80-8e84d3cc0aff" testId="94453860-1c9d-a59c-478c-3703e9298e65" testName="System.CommandLine.Tests.CommandTests.Inner_command_option_is_identified_correctly" computerName="JOSEQU10" duration="00:00:00.0010000" startTime="2022-06-13T12:30:02.1346072-07:00" endTime="2022-06-13T12:30:02.1346072-07:00" testType="13cdc9d9-ddb5-4fa4-a97d-d965ccfc6d4b" outcome="Passed" testListId="8c84fa94-04c1-424b-9868-57a2d4851a1d" relativeResultsDirectory="e03fd3f0-ec6e-49eb-8d80-8e84d3cc0aff" />
    <UnitTestResult executionId="077e53f4-79e3-49b4-b24d-5242cb9362db" testId="00391295-eb70-9242-aa1c-8b6fd1ca0daa" testName="System.CommandLine.Tests.Binding.TypeConversionTests.Enum_values_that_cannot_be_parsed_result_in_an_informative_error" computerName="JOSEQU10" duration="00:00:00.0010000" startTime="2022-06-13T12:30:02.6966084-07:00" endTime="2022-06-13T12:30:02.6966084-07:00" testType="13cdc9d9-ddb5-4fa4-a97d-d965ccfc6d4b" outcome="Passed" testListId="8c84fa94-04c1-424b-9868-57a2d4851a1d" relativeResultsDirectory="077e53f4-79e3-49b4-b24d-5242cb9362db" />
    <UnitTestResult executionId="18489ed9-9cf5-43b5-afa7-5f0779a98fdb" testId="f41d1f62-31a9-f884-4a77-efef49144520" testName="System.CommandLine.Tests.ParserTests.Two_options_are_parsed_correctly" computerName="JOSEQU10" duration="00:00:00.0010000" startTime="2022-06-13T12:30:02.6136083-07:00" endTime="2022-06-13T12:30:02.6136083-07:00" testType="13cdc9d9-ddb5-4fa4-a97d-d965ccfc6d4b" outcome="Passed" testListId="8c84fa94-04c1-424b-9868-57a2d4851a1d" relativeResultsDirectory="18489ed9-9cf5-43b5-afa7-5f0779a98fdb" />
    <UnitTestResult executionId="0053b89c-5e82-4fd6-82ab-c1247795eea3" testId="c9cfc125-08b9-0420-1fec-8029bc6b7e73" testName="System.CommandLine.Tests.ParserTests.When_command_arguments_are_greater_than_maximum_arity_then_an_error_is_returned" computerName="JOSEQU10" duration="00:00:00.0010000" startTime="2022-06-13T12:30:02.5776075-07:00" endTime="2022-06-13T12:30:02.5776075-07:00" testType="13cdc9d9-ddb5-4fa4-a97d-d965ccfc6d4b" outcome="Passed" testListId="8c84fa94-04c1-424b-9868-57a2d4851a1d" relativeResultsDirectory="0053b89c-5e82-4fd6-82ab-c1247795eea3" />
    <UnitTestResult executionId="79269dea-ae20-45c0-bdf7-32f6b2e78223" testId="ef58bea7-b1b4-47a0-d80b-a4728fa2a51c" testName="System.CommandLine.Tests.Help.HelpBuilderTests.Help_describes_default_value_for_argument" computerName="JOSEQU10" duration="00:00:00.0010000" startTime="2022-06-13T12:30:02.4216077-07:00" endTime="2022-06-13T12:30:02.4216077-07:00" testType="13cdc9d9-ddb5-4fa4-a97d-d965ccfc6d4b" outcome="Passed" testListId="8c84fa94-04c1-424b-9868-57a2d4851a1d" relativeResultsDirectory="79269dea-ae20-45c0-bdf7-32f6b2e78223" />
    <UnitTestResult executionId="e4c73a2d-16ef-4e0d-9282-5c7ae00353f1" testId="cbbac9d2-25c4-a44f-d81f-d3bf713af20b" testName="System.CommandLine.Tests.ParserTests+DefaultDoubleDashBehavior.A_second_double_dash_is_parsed_as_an_argument" computerName="JOSEQU10" duration="00:00:00.0010000" startTime="2022-06-13T12:30:02.0086065-07:00" endTime="2022-06-13T12:30:02.0086065-07:00" testType="13cdc9d9-ddb5-4fa4-a97d-d965ccfc6d4b" outcome="Passed" testListId="8c84fa94-04c1-424b-9868-57a2d4851a1d" relativeResultsDirectory="e4c73a2d-16ef-4e0d-9282-5c7ae00353f1" />
    <UnitTestResult executionId="cc5f3a9f-ae19-41c8-9ba7-be794c2486b9" testId="593c3f0f-4485-290a-8d12-59e5b61fa200" testName="System.CommandLine.Tests.ParserTests+MultipleArguments.When_multiple_arguments_are_present_then_their_order_relative_to_sibling_options_is_not_significant(commandLine: &quot;one two --verbose three four five&quot;)" computerName="JOSEQU10" duration="00:00:00.0010000" startTime="2022-06-13T12:30:01.8746092-07:00" endTime="2022-06-13T12:30:01.8746092-07:00" testType="13cdc9d9-ddb5-4fa4-a97d-d965ccfc6d4b" outcome="Passed" testListId="8c84fa94-04c1-424b-9868-57a2d4851a1d" relativeResultsDirectory="cc5f3a9f-ae19-41c8-9ba7-be794c2486b9" />
    <UnitTestResult executionId="b6b4ec3d-fa88-416b-8e6d-991408d0b58f" testId="9bd0a71a-cdd1-7c5c-0d0a-247dcd0b2022" testName="System.CommandLine.Tests.Binding.TypeConversionTests.Command_Argument_defaults_arity_to_ZeroOrOne_for_nullable_types" computerName="JOSEQU10" duration="00:00:00.0010000" startTime="2022-06-13T12:30:02.6976082-07:00" endTime="2022-06-13T12:30:02.6976082-07:00" testType="13cdc9d9-ddb5-4fa4-a97d-d965ccfc6d4b" outcome="Passed" testListId="8c84fa94-04c1-424b-9868-57a2d4851a1d" relativeResultsDirectory="b6b4ec3d-fa88-416b-8e6d-991408d0b58f" />
    <UnitTestResult executionId="5be65897-8fec-4917-8da1-2d50b7d8b454" testId="d13dddec-f27f-1cd6-2c5f-fb15c7c98c86" testName="System.CommandLine.Tests.Binding.SetHandlerTests.Binding_is_correct_for_Action_overload_having_arity_(arity: 5)" computerName="JOSEQU10" duration="00:00:00.0010000" startTime="2022-06-13T12:30:02.1856089-07:00" endTime="2022-06-13T12:30:02.1856089-07:00" testType="13cdc9d9-ddb5-4fa4-a97d-d965ccfc6d4b" outcome="Passed" testListId="8c84fa94-04c1-424b-9868-57a2d4851a1d" relativeResultsDirectory="5be65897-8fec-4917-8da1-2d50b7d8b454" />
    <UnitTestResult executionId="361a4a20-f1f3-4d6a-8d5f-ace1f880157e" testId="d65ec81c-d422-f90e-59e1-73580b5c3bda" testName="System.CommandLine.Tests.DirectiveTests.Directives_cannot_contain_spaces(value: &quot;[par se]&quot;)" computerName="JOSEQU10" duration="00:00:00.0080000" startTime="2022-06-13T12:30:01.7846070-07:00" endTime="2022-06-13T12:30:01.7846070-07:00" testType="13cdc9d9-ddb5-4fa4-a97d-d965ccfc6d4b" outcome="Passed" testListId="8c84fa94-04c1-424b-9868-57a2d4851a1d" relativeResultsDirectory="361a4a20-f1f3-4d6a-8d5f-ace1f880157e" />
    <UnitTestResult executionId="4b3ef043-f129-4516-800f-1a8bc91d7df1" testId="d7c25286-ab60-57c1-e5db-7ba34a993d7e" testName="System.CommandLine.Tests.CommandTests.ParseResult_Command_identifies_innermost_command(input: &quot;outer&quot;, expectedCommand: &quot;outer&quot;)" computerName="JOSEQU10" duration="00:00:00.0010000" startTime="2022-06-13T12:30:02.0966096-07:00" endTime="2022-06-13T12:30:02.0966096-07:00" testType="13cdc9d9-ddb5-4fa4-a97d-d965ccfc6d4b" outcome="Passed" testListId="8c84fa94-04c1-424b-9868-57a2d4851a1d" relativeResultsDirectory="4b3ef043-f129-4516-800f-1a8bc91d7df1" />
    <UnitTestResult executionId="eb7d6110-5512-4877-88e6-20d45a36e74f" testId="4693aa31-b4d3-b473-28c9-fbd0ad855df0" testName="System.CommandLine.Tests.CompletionTests.Command_GetCompletions_returns_available_option_aliases" computerName="JOSEQU10" duration="00:00:00.0010000" startTime="2022-06-13T12:30:01.9186099-07:00" endTime="2022-06-13T12:30:01.9186099-07:00" testType="13cdc9d9-ddb5-4fa4-a97d-d965ccfc6d4b" outcome="Passed" testListId="8c84fa94-04c1-424b-9868-57a2d4851a1d" relativeResultsDirectory="eb7d6110-5512-4877-88e6-20d45a36e74f" />
    <UnitTestResult executionId="c7733498-4013-4aba-b126-f4a461f72a68" testId="5e3a8d7e-28e6-8060-5970-dc7ee84b73ec" testName="System.CommandLine.Tests.ArgumentTests.When_default_value_factory_is_set_then_HasDefaultValue_is_true" computerName="JOSEQU10" duration="00:00:00.0010000" startTime="2022-06-13T12:30:01.8896088-07:00" endTime="2022-06-13T12:30:01.8896088-07:00" testType="13cdc9d9-ddb5-4fa4-a97d-d965ccfc6d4b" outcome="Passed" testListId="8c84fa94-04c1-424b-9868-57a2d4851a1d" relativeResultsDirectory="c7733498-4013-4aba-b126-f4a461f72a68" />
    <UnitTestResult executionId="fd1ec11d-7c40-4560-a02c-14c458518e3c" testId="7e25932d-af79-c733-7c4d-de5aa18e9347" testName="System.CommandLine.Tests.ParserTests.Original_order_of_tokens_is_preserved_in_ParseResult_Tokens(commandLine: &quot;not a valid command line --one 1&quot;)" computerName="JOSEQU10" duration="00:00:00.0010000" startTime="2022-06-13T12:30:02.3046109-07:00" endTime="2022-06-13T12:30:02.3046109-07:00" testType="13cdc9d9-ddb5-4fa4-a97d-d965ccfc6d4b" outcome="Passed" testListId="8c84fa94-04c1-424b-9868-57a2d4851a1d" relativeResultsDirectory="fd1ec11d-7c40-4560-a02c-14c458518e3c" />
    <UnitTestResult executionId="12d4e9c0-3459-4ba4-aa87-155a1fe3e80f" testId="b20b7884-5156-5d21-0812-b3bd11eeb100" testName="System.CommandLine.Tests.CompletionContextTests.When_position_is_specified_in_string_command_line_then_it_returns_argument_at_cursor_position(commandLine: &quot;the-command one$ --two&quot;, expected: &quot;one&quot;)" computerName="JOSEQU10" duration="00:00:00.0010000" startTime="2022-06-13T12:30:01.9646070-07:00" endTime="2022-06-13T12:30:01.9646070-07:00" testType="13cdc9d9-ddb5-4fa4-a97d-d965ccfc6d4b" outcome="Passed" testListId="8c84fa94-04c1-424b-9868-57a2d4851a1d" relativeResultsDirectory="12d4e9c0-3459-4ba4-aa87-155a1fe3e80f" />
    <UnitTestResult executionId="167e89ad-dc5d-4c09-8e13-51cb4796cd73" testId="62a2e4f3-b40b-bc4e-fc9a-cba5859dd3df" testName="System.CommandLine.Tests.CommandLineConfigurationTests.ThrowIfInvalid_throws_if_there_are_duplicate_sibling_global_option_aliases_on_the_root_command" computerName="JOSEQU10" duration="00:00:00.0010000" startTime="2022-06-13T12:30:01.5026048-07:00" endTime="2022-06-13T12:30:01.5026048-07:00" testType="13cdc9d9-ddb5-4fa4-a97d-d965ccfc6d4b" outcome="Passed" testListId="8c84fa94-04c1-424b-9868-57a2d4851a1d" relativeResultsDirectory="167e89ad-dc5d-4c09-8e13-51cb4796cd73" />
    <UnitTestResult executionId="991c536d-bfc3-4bcf-864a-f61ccfb2cdb0" testId="2900f02f-c4e6-329b-2aa6-b55e55fbb8f9" testName="System.CommandLine.Tests.ParserTests.Options_can_be_specified_multiple_times_and_their_arguments_are_collated" computerName="JOSEQU10" duration="00:00:00.0010000" startTime="2022-06-13T12:30:02.5466074-07:00" endTime="2022-06-13T12:30:02.5466074-07:00" testType="13cdc9d9-ddb5-4fa4-a97d-d965ccfc6d4b" outcome="Passed" testListId="8c84fa94-04c1-424b-9868-57a2d4851a1d" relativeResultsDirectory="991c536d-bfc3-4bcf-864a-f61ccfb2cdb0" />
    <UnitTestResult executionId="547be1a5-4b2c-4ee0-9478-e44f2d7c08b7" testId="8f6fa5e9-fcfd-2fc3-147c-8247ac97ff74" testName="System.CommandLine.Tests.Binding.TypeConversionTests.Sequence_type_defaults_to_empty_when_not_specified(sequenceType: typeof(System.Collections.Generic.ICollection&lt;System.IO.FileAccess&gt;))" computerName="JOSEQU10" duration="00:00:00.0010000" startTime="2022-06-13T12:30:02.6866091-07:00" endTime="2022-06-13T12:30:02.6866091-07:00" testType="13cdc9d9-ddb5-4fa4-a97d-d965ccfc6d4b" outcome="Passed" testListId="8c84fa94-04c1-424b-9868-57a2d4851a1d" relativeResultsDirectory="547be1a5-4b2c-4ee0-9478-e44f2d7c08b7" />
    <UnitTestResult executionId="3161138d-bef8-49a2-b484-a0ad7106a8fc" testId="f8936a5b-4bb4-cd2f-025d-5409c8ac63f0" testName="System.CommandLine.Tests.Binding.TypeConversionTests.Generic_option_bool_parses_when_passed_to_non_generic_GetValueForOption" computerName="JOSEQU10" duration="00:00:00.0010000" startTime="2022-06-13T12:30:02.7496077-07:00" endTime="2022-06-13T12:30:02.7496077-07:00" testType="13cdc9d9-ddb5-4fa4-a97d-d965ccfc6d4b" outcome="Passed" testListId="8c84fa94-04c1-424b-9868-57a2d4851a1d" relativeResultsDirectory="3161138d-bef8-49a2-b484-a0ad7106a8fc" />
    <UnitTestResult executionId="33c8310e-c53f-42ad-b78f-a6fb03b7e922" testId="0a6202ae-72ad-4c3c-10f8-4d69e7aead23" testName="System.CommandLine.Tests.ParserTests.Required_option_arguments_are_not_unbundled" computerName="JOSEQU10" duration="00:00:00.0090000" startTime="2022-06-13T12:30:02.3956055-07:00" endTime="2022-06-13T12:30:02.3956055-07:00" testType="13cdc9d9-ddb5-4fa4-a97d-d965ccfc6d4b" outcome="Passed" testListId="8c84fa94-04c1-424b-9868-57a2d4851a1d" relativeResultsDirectory="33c8310e-c53f-42ad-b78f-a6fb03b7e922" />
    <UnitTestResult executionId="1ad24356-8d52-4f47-8127-5b4fd7002dd6" testId="09436d90-e490-0952-a555-1506787c6f20" testName="System.CommandLine.Tests.Parsing.CommandLineStringSplitterTests.Internal_quotes_do_not_cause_string_to_be_split" computerName="JOSEQU10" duration="00:00:00.0010000" startTime="2022-06-13T12:30:01.9966070-07:00" endTime="2022-06-13T12:30:01.9966070-07:00" testType="13cdc9d9-ddb5-4fa4-a97d-d965ccfc6d4b" outcome="Passed" testListId="8c84fa94-04c1-424b-9868-57a2d4851a1d" relativeResultsDirectory="1ad24356-8d52-4f47-8127-5b4fd7002dd6" />
    <UnitTestResult executionId="ecfffa60-c63e-4d6e-adbf-6e8db1669b3b" testId="67ac82e4-644c-66d1-7918-3cf1f8d6c562" testName="System.CommandLine.Tests.OptionTests.When_an_option_alias_is_added_and_contains_whitespace_then_an_informative_error_is_returned(alias: &quot;--aa aa&quot;)" computerName="JOSEQU10" duration="00:00:00.0010000" startTime="2022-06-13T12:30:02.2546072-07:00" endTime="2022-06-13T12:30:02.2546072-07:00" testType="13cdc9d9-ddb5-4fa4-a97d-d965ccfc6d4b" outcome="Passed" testListId="8c84fa94-04c1-424b-9868-57a2d4851a1d" relativeResultsDirectory="ecfffa60-c63e-4d6e-adbf-6e8db1669b3b" />
    <UnitTestResult executionId="145dbcbf-b878-419f-bef9-65fc0e8b22b3" testId="707786f0-7818-268b-720f-b8c3e8aa5dc8" testName="System.CommandLine.Tests.Binding.TypeConversionTests.Argument_parses_as_the_default_value_when_the_option_has_not_been_applied" computerName="JOSEQU10" duration="00:00:00.0010000" startTime="2022-06-13T12:30:02.7926087-07:00" endTime="2022-06-13T12:30:02.7926087-07:00" testType="13cdc9d9-ddb5-4fa4-a97d-d965ccfc6d4b" outcome="Passed" testListId="8c84fa94-04c1-424b-9868-57a2d4851a1d" relativeResultsDirectory="145dbcbf-b878-419f-bef9-65fc0e8b22b3" />
    <UnitTestResult executionId="f0c808ad-8053-411d-8da1-0a479f0f0e32" testId="557c7a1b-e02b-9219-8dc7-979d6c356a8d" testName="System.CommandLine.Tests.VersionOptionTests.Version_can_specify_additional_alias" computerName="JOSEQU10" duration="00:00:00.0180000" startTime="2022-06-13T12:30:02.2126077-07:00" endTime="2022-06-13T12:30:02.2126077-07:00" testType="13cdc9d9-ddb5-4fa4-a97d-d965ccfc6d4b" outcome="Passed" testListId="8c84fa94-04c1-424b-9868-57a2d4851a1d" relativeResultsDirectory="f0c808ad-8053-411d-8da1-0a479f0f0e32" />
    <UnitTestResult executionId="d02b2375-75be-4800-8f2e-c5cace471b14" testId="85dbf703-9a05-261e-cc19-01c633f7b37d" testName="System.CommandLine.Tests.EnvironmentVariableDirectiveTests.Trims_environment_variable_name" computerName="JOSEQU10" duration="00:00:00.0010000" startTime="2022-06-13T12:30:01.7766076-07:00" endTime="2022-06-13T12:30:01.7766076-07:00" testType="13cdc9d9-ddb5-4fa4-a97d-d965ccfc6d4b" outcome="Passed" testListId="8c84fa94-04c1-424b-9868-57a2d4851a1d" relativeResultsDirectory="d02b2375-75be-4800-8f2e-c5cace471b14" />
    <UnitTestResult executionId="b2ee2802-9343-4d12-b8e9-7eb97ad8becc" testId="a5cd94cd-a902-4ef2-b236-0d2cbcce9825" testName="System.CommandLine.Tests.ResponseFileTests.Response_file_can_provide_subcommand_arguments" computerName="JOSEQU10" duration="00:00:00.0020000" startTime="2022-06-13T12:30:02.6216083-07:00" endTime="2022-06-13T12:30:02.6216083-07:00" testType="13cdc9d9-ddb5-4fa4-a97d-d965ccfc6d4b" outcome="Passed" testListId="8c84fa94-04c1-424b-9868-57a2d4851a1d" relativeResultsDirectory="b2ee2802-9343-4d12-b8e9-7eb97ad8becc" />
    <UnitTestResult executionId="390a15fe-52bc-433e-a1f5-f0f475a09f88" testId="a2554254-68b2-06c3-cff1-7c1d921c1382" testName="System.CommandLine.Tests.Parsing.CommandLineStringSplitterTests.It_splits_strings_based_on_whitespace(commandLine: &quot;one two\tthree   four &quot;)" computerName="JOSEQU10" duration="00:00:00.0010000" startTime="2022-06-13T12:30:01.9836076-07:00" endTime="2022-06-13T12:30:01.9836076-07:00" testType="13cdc9d9-ddb5-4fa4-a97d-d965ccfc6d4b" outcome="Passed" testListId="8c84fa94-04c1-424b-9868-57a2d4851a1d" relativeResultsDirectory="390a15fe-52bc-433e-a1f5-f0f475a09f88" />
    <UnitTestResult executionId="07206cb0-7eca-48c0-9a5d-78c95481976e" testId="62e01a0e-a51c-6cd1-b6fe-fe6eebe2a7bc" testName="System.CommandLine.Tests.Binding.SetHandlerTests.Custom_types_can_be_bound" computerName="JOSEQU10" duration="00:00:00.0020000" startTime="2022-06-13T12:30:02.2396077-07:00" endTime="2022-06-13T12:30:02.2396077-07:00" testType="13cdc9d9-ddb5-4fa4-a97d-d965ccfc6d4b" outcome="Passed" testListId="8c84fa94-04c1-424b-9868-57a2d4851a1d" relativeResultsDirectory="07206cb0-7eca-48c0-9a5d-78c95481976e" />
    <UnitTestResult executionId="b5211c67-dca6-4d8b-bff8-096d92fba8da" testId="517ab37f-6858-5749-639b-9058f3f61453" testName="System.CommandLine.Tests.CommandTests.ParseResult_Command_identifies_innermost_command(input: &quot;outer arg inner&quot;, expectedCommand: &quot;inner&quot;)" computerName="JOSEQU10" duration="00:00:00.0010000" startTime="2022-06-13T12:30:02.1006090-07:00" endTime="2022-06-13T12:30:02.1006090-07:00" testType="13cdc9d9-ddb5-4fa4-a97d-d965ccfc6d4b" outcome="Passed" testListId="8c84fa94-04c1-424b-9868-57a2d4851a1d" relativeResultsDirectory="b5211c67-dca6-4d8b-bff8-096d92fba8da" />
    <UnitTestResult executionId="6c05124e-e894-418e-983d-c0a4b16da73d" testId="84316d38-7b73-280f-b34a-f0a1f14277bd" testName="System.CommandLine.Tests.Binding.TypeConversionTests.Values_can_be_correctly_converted_to_DateTime_without_the_parser_specifying_a_custom_converter" computerName="JOSEQU10" duration="00:00:00.0020000" startTime="2022-06-13T12:30:02.7026084-07:00" endTime="2022-06-13T12:30:02.7026084-07:00" testType="13cdc9d9-ddb5-4fa4-a97d-d965ccfc6d4b" outcome="Passed" testListId="8c84fa94-04c1-424b-9868-57a2d4851a1d" relativeResultsDirectory="6c05124e-e894-418e-983d-c0a4b16da73d" />
    <UnitTestResult executionId="b7b50226-2faa-4216-b0a8-e58b40b553a6" testId="7a875c11-1e6c-a70b-aed4-4fd27bb157aa" testName="System.CommandLine.Tests.DirectiveTests.Directives_can_have_a_value_which_is_everything_after_the_first_colon(directive: &quot;[key:value]&quot;, expectedKey: &quot;key&quot;, expectedValue: &quot;value&quot;)" computerName="JOSEQU10" duration="00:00:00.0010000" startTime="2022-06-13T12:30:01.8416080-07:00" endTime="2022-06-13T12:30:01.8416080-07:00" testType="13cdc9d9-ddb5-4fa4-a97d-d965ccfc6d4b" outcome="Passed" testListId="8c84fa94-04c1-424b-9868-57a2d4851a1d" relativeResultsDirectory="b7b50226-2faa-4216-b0a8-e58b40b553a6" />
    <UnitTestResult executionId="b71d180f-ed62-4760-b02d-3ac7b2e2f0c5" testId="494c62a0-99e7-df99-4c59-61ea78454839" testName="System.CommandLine.Tests.SplitCommandLineTests.It_does_not_split_double_quote_delimited_values_when_a_non_whitespace_argument_delimiter_is_used(prefix: &quot;--&quot;, delimiter: '=')" computerName="JOSEQU10" duration="00:00:00.0010000" startTime="2022-06-13T12:30:01.8896088-07:00" endTime="2022-06-13T12:30:01.8896088-07:00" testType="13cdc9d9-ddb5-4fa4-a97d-d965ccfc6d4b" outcome="Passed" testListId="8c84fa94-04c1-424b-9868-57a2d4851a1d" relativeResultsDirectory="b71d180f-ed62-4760-b02d-3ac7b2e2f0c5" />
    <UnitTestResult executionId="dac6e4cc-f7ea-424c-9818-b950a135741c" testId="e213cf6c-897f-4d12-a9a5-3c8bcadeaa33" testName="System.CommandLine.Tests.Invocation.InvocationPipelineTests.When_help_builder_factory_is_specified_it_is_used_to_create_the_help_builder" computerName="JOSEQU10" duration="00:00:00.0010000" startTime="2022-06-13T12:30:02.3086088-07:00" endTime="2022-06-13T12:30:02.3086088-07:00" testType="13cdc9d9-ddb5-4fa4-a97d-d965ccfc6d4b" outcome="Passed" testListId="8c84fa94-04c1-424b-9868-57a2d4851a1d" relativeResultsDirectory="dac6e4cc-f7ea-424c-9818-b950a135741c" />
    <UnitTestResult executionId="3dd7ba79-3181-4265-80e3-00f1e00dbbb7" testId="073b3041-6c37-e9a8-935f-1dd0922e5b77" testName="System.CommandLine.Tests.Invocation.InvocationPipelineTests.Invoke_chooses_the_appropriate_command" computerName="JOSEQU10" duration="00:00:00.2400000" startTime="2022-06-13T12:30:01.7236073-07:00" endTime="2022-06-13T12:30:01.7236073-07:00" testType="13cdc9d9-ddb5-4fa4-a97d-d965ccfc6d4b" outcome="Passed" testListId="8c84fa94-04c1-424b-9868-57a2d4851a1d" relativeResultsDirectory="3dd7ba79-3181-4265-80e3-00f1e00dbbb7" />
    <UnitTestResult executionId="0f53e668-2d8b-44ed-a8a7-ec9559eb8e9f" testId="b381f760-a7a3-4a53-c296-fce9c7d01e87" testName="System.CommandLine.Tests.Binding.TypeConversionTests.Sequence_type_defaults_to_empty_when_not_specified(sequenceType: typeof(System.Collections.Generic.List&lt;System.IO.FileAccess&gt;))" computerName="JOSEQU10" duration="00:00:00.0010000" startTime="2022-06-13T12:30:02.6896078-07:00" endTime="2022-06-13T12:30:02.6896078-07:00" testType="13cdc9d9-ddb5-4fa4-a97d-d965ccfc6d4b" outcome="Passed" testListId="8c84fa94-04c1-424b-9868-57a2d4851a1d" relativeResultsDirectory="0f53e668-2d8b-44ed-a8a7-ec9559eb8e9f" />
    <UnitTestResult executionId="f913f11b-1845-445e-a56f-b0a294e64ce2" testId="95cee718-e556-5907-43f5-8a8bd02f4877" testName="System.CommandLine.Tests.ParserTests.Options_can_have_the_same_alias_differentiated_only_by_prefix" computerName="JOSEQU10" duration="00:00:00.0030000" startTime="2022-06-13T12:30:02.1276089-07:00" endTime="2022-06-13T12:30:02.1276089-07:00" testType="13cdc9d9-ddb5-4fa4-a97d-d965ccfc6d4b" outcome="Passed" testListId="8c84fa94-04c1-424b-9868-57a2d4851a1d" relativeResultsDirectory="f913f11b-1845-445e-a56f-b0a294e64ce2" />
    <UnitTestResult executionId="5bb1e301-acdf-4a7b-93c9-d398fca6b72e" testId="70473627-4abc-e0ce-fcd2-b90eca46d97d" testName="System.CommandLine.Tests.ResponseFileTests.When_response_file_is_specified_it_loads_command_arguments_from_response_file" computerName="JOSEQU10" duration="00:00:00.0130000" startTime="2022-06-13T12:30:02.5606075-07:00" endTime="2022-06-13T12:30:02.5606075-07:00" testType="13cdc9d9-ddb5-4fa4-a97d-d965ccfc6d4b" outcome="Passed" testListId="8c84fa94-04c1-424b-9868-57a2d4851a1d" relativeResultsDirectory="5bb1e301-acdf-4a7b-93c9-d398fca6b72e" />
    <UnitTestResult executionId="2727814a-b5b1-4162-aab2-d697c72c07e5" testId="378ea644-b561-634e-af5e-94516b72f7b5" testName="System.CommandLine.Tests.ParserTests.Long_form_options_can_be_specified_using_equals_delimiter" computerName="JOSEQU10" duration="00:00:00.0010000" startTime="2022-06-13T12:30:02.4426066-07:00" endTime="2022-06-13T12:30:02.4426066-07:00" testType="13cdc9d9-ddb5-4fa4-a97d-d965ccfc6d4b" outcome="Passed" testListId="8c84fa94-04c1-424b-9868-57a2d4851a1d" relativeResultsDirectory="2727814a-b5b1-4162-aab2-d697c72c07e5" />
    <UnitTestResult executionId="a13445e5-24e2-4d37-912f-033928d6bdc3" testId="b7703c60-4ea1-f7c9-6ef2-bed4acdbb0e1" testName="System.CommandLine.Tests.Binding.TypeConversionTests.When_command_argument_has_arity_greater_than_one_it_captures_arguments_before_and_after_option(commandLine: &quot;c c -a o c&quot;)" computerName="JOSEQU10" duration="00:00:00.0010000" startTime="2022-06-13T12:30:02.7686112-07:00" endTime="2022-06-13T12:30:02.7686112-07:00" testType="13cdc9d9-ddb5-4fa4-a97d-d965ccfc6d4b" outcome="Passed" testListId="8c84fa94-04c1-424b-9868-57a2d4851a1d" relativeResultsDirectory="a13445e5-24e2-4d37-912f-033928d6bdc3" />
    <UnitTestResult executionId="f1477664-2746-4c99-864f-39608e721a88" testId="62f233d3-232f-a7b1-d7dc-ba411e8632d8" testName="System.CommandLine.Tests.SplitCommandLineTests.It_does_not_split_double_quote_delimited_values_when_a_non_whitespace_argument_delimiter_is_used(prefix: &quot;--&quot;, delimiter: ':')" computerName="JOSEQU10" duration="00:00:00.0010000" startTime="2022-06-13T12:30:01.8886086-07:00" endTime="2022-06-13T12:30:01.8886086-07:00" testType="13cdc9d9-ddb5-4fa4-a97d-d965ccfc6d4b" outcome="Passed" testListId="8c84fa94-04c1-424b-9868-57a2d4851a1d" relativeResultsDirectory="f1477664-2746-4c99-864f-39608e721a88" />
    <UnitTestResult executionId="6278b4dd-f02a-484c-909e-e0360a7b5126" testId="262d0b6a-738a-e25d-0cb3-a3fd69595a26" testName="System.CommandLine.Tests.ParserTests+MultiplePositions.When_an_argument_is_shared_between_an_outer_and_inner_command_then_specifying_in_one_does_not_result_in_error_on_other(commandLine: &quot;outer xyz inner&quot;)" computerName="JOSEQU10" duration="00:00:00.0040000" startTime="2022-06-13T12:30:01.7386070-07:00" endTime="2022-06-13T12:30:01.7386070-07:00" testType="13cdc9d9-ddb5-4fa4-a97d-d965ccfc6d4b" outcome="Passed" testListId="8c84fa94-04c1-424b-9868-57a2d4851a1d" relativeResultsDirectory="6278b4dd-f02a-484c-909e-e0360a7b5126" />
    <UnitTestResult executionId="208904a8-a025-4423-96ce-3dc77c98b711" testId="f0e6cba9-8eb5-5f4c-c910-c945a5b507a4" testName="System.CommandLine.Tests.CompletionTests.Command_GetCompletions_returns_available_subcommands_and_option_aliases_and_configured_arguments" computerName="JOSEQU10" duration="00:00:00.0010000" startTime="2022-06-13T12:30:02.0256056-07:00" endTime="2022-06-13T12:30:02.0256056-07:00" testType="13cdc9d9-ddb5-4fa4-a97d-d965ccfc6d4b" outcome="Passed" testListId="8c84fa94-04c1-424b-9868-57a2d4851a1d" relativeResultsDirectory="208904a8-a025-4423-96ce-3dc77c98b711" />
    <UnitTestResult executionId="ee634fa7-7df0-4246-932d-8a3ccfd93a93" testId="83b8085f-157c-7ec3-dc8b-346eec1b1ffc" testName="System.CommandLine.Tests.CompletionContextTests.When_position_is_specified_in_string_command_line_then_it_returns_argument_at_cursor_position(commandLine: &quot;the-command $one --two&quot;, expected: &quot;one&quot;)" computerName="JOSEQU10" duration="00:00:00.0010000" startTime="2022-06-13T12:30:01.9606075-07:00" endTime="2022-06-13T12:30:01.9606075-07:00" testType="13cdc9d9-ddb5-4fa4-a97d-d965ccfc6d4b" outcome="Passed" testListId="8c84fa94-04c1-424b-9868-57a2d4851a1d" relativeResultsDirectory="ee634fa7-7df0-4246-932d-8a3ccfd93a93" />
    <UnitTestResult executionId="6f23ff76-6690-4c65-a815-d189fbfb7d0e" testId="832d2f5c-3cf1-e96d-92be-b8f808e63094" testName="System.CommandLine.Tests.UseHelpTests.There_are_no_parse_errors_when_help_is_invoked_on_root_command" computerName="JOSEQU10" duration="00:00:00.0010000" startTime="2022-06-13T12:30:02.4396068-07:00" endTime="2022-06-13T12:30:02.4396068-07:00" testType="13cdc9d9-ddb5-4fa4-a97d-d965ccfc6d4b" outcome="Passed" testListId="8c84fa94-04c1-424b-9868-57a2d4851a1d" relativeResultsDirectory="6f23ff76-6690-4c65-a815-d189fbfb7d0e" />
    <UnitTestResult executionId="d769092b-002a-4d98-b239-f8f2a080cfbd" testId="60d71034-adc5-fc32-6235-270ae0520929" testName="System.CommandLine.Tests.CommandTests.ParseResult_Command_identifies_innermost_command(input: &quot;outer inner inner-er&quot;, expectedCommand: &quot;inner-er&quot;)" computerName="JOSEQU10" duration="00:00:00.0010000" startTime="2022-06-13T12:30:02.0996070-07:00" endTime="2022-06-13T12:30:02.0996070-07:00" testType="13cdc9d9-ddb5-4fa4-a97d-d965ccfc6d4b" outcome="Passed" testListId="8c84fa94-04c1-424b-9868-57a2d4851a1d" relativeResultsDirectory="d769092b-002a-4d98-b239-f8f2a080cfbd" />
    <UnitTestResult executionId="f9b6ffda-1696-48e6-b032-6978ee9ac46d" testId="71d6a4c0-8a9e-dc82-bc19-e2f92f0b198e" testName="System.CommandLine.Tests.Parsing.CommandLineStringSplitterTests.It_splits_strings_based_on_whitespace(commandLine: &quot; one\r\ntwo\r\nthree\r\nfour\r\n&quot;)" computerName="JOSEQU10" duration="00:00:00.0010000" startTime="2022-06-13T12:30:01.9846064-07:00" endTime="2022-06-13T12:30:01.9846064-07:00" testType="13cdc9d9-ddb5-4fa4-a97d-d965ccfc6d4b" outcome="Passed" testListId="8c84fa94-04c1-424b-9868-57a2d4851a1d" relativeResultsDirectory="f9b6ffda-1696-48e6-b032-6978ee9ac46d" />
    <UnitTestResult executionId="7fafb4f1-22d0-4394-9797-0b8ffd6478ce" testId="a7b2e422-debe-bc19-73b0-f606e978b0e8" testName="System.CommandLine.Tests.Invocation.InvocationPipelineTests.When_middleware_throws_then_InvokeAsync_does_not_handle_the_exception" computerName="JOSEQU10" duration="00:00:00.0060000" startTime="2022-06-13T12:30:01.7826068-07:00" endTime="2022-06-13T12:30:01.7826068-07:00" testType="13cdc9d9-ddb5-4fa4-a97d-d965ccfc6d4b" outcome="Passed" testListId="8c84fa94-04c1-424b-9868-57a2d4851a1d" relativeResultsDirectory="7fafb4f1-22d0-4394-9797-0b8ffd6478ce" />
    <UnitTestResult executionId="6c1e6048-9999-451d-9e5f-12f5fcaa5f90" testId="be476ef6-d817-10b6-d51f-0f45759413d6" testName="System.CommandLine.Tests.OptionTests.When_an_option_has_several_aliases_then_the_longest_alias_is_its_name" computerName="JOSEQU10" duration="00:00:00.0010000" startTime="2022-06-13T12:30:02.2866064-07:00" endTime="2022-06-13T12:30:02.2866064-07:00" testType="13cdc9d9-ddb5-4fa4-a97d-d965ccfc6d4b" outcome="Passed" testListId="8c84fa94-04c1-424b-9868-57a2d4851a1d" relativeResultsDirectory="6c1e6048-9999-451d-9e5f-12f5fcaa5f90" />
    <UnitTestResult executionId="52c6eb6a-97e5-4a1f-8545-ac4eb737bfd2" testId="a9a3fc0a-b94f-7b0e-d632-6e36a711aa9e" testName="System.CommandLine.Tests.OptionTests+MultipleArgumentsPerToken+Allowed.All_consumed_tokens_are_present_in_option_result" computerName="JOSEQU10" duration="00:00:00.0100000" startTime="2022-06-13T12:30:01.8436071-07:00" endTime="2022-06-13T12:30:01.8436071-07:00" testType="13cdc9d9-ddb5-4fa4-a97d-d965ccfc6d4b" outcome="Passed" testListId="8c84fa94-04c1-424b-9868-57a2d4851a1d" relativeResultsDirectory="52c6eb6a-97e5-4a1f-8545-ac4eb737bfd2">
      <Output>
        <StdOut>[ testhost.net462.x86 [ -x &lt;4&gt; ] ]</StdOut>
      </Output>
    </UnitTestResult>
    <UnitTestResult executionId="f2a0f244-c191-4fd8-9cf1-2bf9c78a0a75" testId="11b7616f-ff1d-f071-ad93-d8803b691ec2" testName="System.CommandLine.Tests.VersionOptionTests.Version_option_is_not_added_to_subcommands" computerName="JOSEQU10" duration="00:00:00.0010000" startTime="2022-06-13T12:30:02.2596074-07:00" endTime="2022-06-13T12:30:02.2596074-07:00" testType="13cdc9d9-ddb5-4fa4-a97d-d965ccfc6d4b" outcome="Passed" testListId="8c84fa94-04c1-424b-9868-57a2d4851a1d" relativeResultsDirectory="f2a0f244-c191-4fd8-9cf1-2bf9c78a0a75" />
    <UnitTestResult executionId="844c872c-c90c-4d8b-87fe-a576eefa11d7" testId="bbeb922d-e552-b66e-31b2-9acf279434c0" testName="System.CommandLine.Tests.ParserTests.Option_arguments_can_match_the_aliases_of_sibling_options_when_non_space_argument_delimiter_is_used(input: &quot;-x:-y&quot;)" computerName="JOSEQU10" duration="00:00:00.0010000" startTime="2022-06-13T12:30:02.5396075-07:00" endTime="2022-06-13T12:30:02.5396075-07:00" testType="13cdc9d9-ddb5-4fa4-a97d-d965ccfc6d4b" outcome="Passed" testListId="8c84fa94-04c1-424b-9868-57a2d4851a1d" relativeResultsDirectory="844c872c-c90c-4d8b-87fe-a576eefa11d7" />
    <UnitTestResult executionId="977365a4-021b-418d-8f64-b6a877011aab" testId="a37fef0c-e295-dc7a-fb58-7e37aadfce03" testName="System.CommandLine.Tests.Binding.TypeConversionTests.Values_can_be_correctly_converted_to_nullable_DateTime_without_the_parser_specifying_a_custom_converter" computerName="JOSEQU10" duration="00:00:00.0010000" startTime="2022-06-13T12:30:02.7306059-07:00" endTime="2022-06-13T12:30:02.7306059-07:00" testType="13cdc9d9-ddb5-4fa4-a97d-d965ccfc6d4b" outcome="Passed" testListId="8c84fa94-04c1-424b-9868-57a2d4851a1d" relativeResultsDirectory="977365a4-021b-418d-8f64-b6a877011aab" />
    <UnitTestResult executionId="dcbccdc8-60a8-4dcc-a6d7-748cd4b67faa" testId="13350c06-e6b9-0959-2747-3e2c83b58259" testName="System.CommandLine.Tests.VersionOptionTests.Version_is_not_valid_with_other_tokens(commandLine: &quot;--version subcommand&quot;)" computerName="JOSEQU10" duration="00:00:00.0010000" startTime="2022-06-13T12:30:02.4486073-07:00" endTime="2022-06-13T12:30:02.4486073-07:00" testType="13cdc9d9-ddb5-4fa4-a97d-d965ccfc6d4b" outcome="Passed" testListId="8c84fa94-04c1-424b-9868-57a2d4851a1d" relativeResultsDirectory="dcbccdc8-60a8-4dcc-a6d7-748cd4b67faa" />
    <UnitTestResult executionId="34f79588-c0bb-4fa8-b95f-4de4b01b3d12" testId="a68f8e78-5c0f-55a0-203f-cc491c7fe675" testName="System.CommandLine.Tests.Binding.TypeConversionTests.Max_arity_greater_than_1_converts_to_enumerable_types(minArity: 0, maxArity: 100000, argumentType: typeof(System.Collections.Generic.IEnumerable&lt;string&gt;))" computerName="JOSEQU10" duration="00:00:00.0010000" startTime="2022-06-13T12:30:02.7116087-07:00" endTime="2022-06-13T12:30:02.7116087-07:00" testType="13cdc9d9-ddb5-4fa4-a97d-d965ccfc6d4b" outcome="Passed" testListId="8c84fa94-04c1-424b-9868-57a2d4851a1d" relativeResultsDirectory="34f79588-c0bb-4fa8-b95f-4de4b01b3d12" />
    <UnitTestResult executionId="26efb71e-8e5f-4eb9-be00-a8017b582610" testId="cdf8f6c5-3190-22c4-12b5-d39e5ff4b4c4" testName="System.CommandLine.Tests.ParserTests+MultipleArguments.When_multiple_arguments_are_present_then_their_order_relative_to_sibling_options_is_not_significant(commandLine: &quot;one two three four --verbose true five&quot;)" computerName="JOSEQU10" duration="00:00:00.0010000" startTime="2022-06-13T12:30:01.8776074-07:00" endTime="2022-06-13T12:30:01.8776074-07:00" testType="13cdc9d9-ddb5-4fa4-a97d-d965ccfc6d4b" outcome="Passed" testListId="8c84fa94-04c1-424b-9868-57a2d4851a1d" relativeResultsDirectory="26efb71e-8e5f-4eb9-be00-a8017b582610" />
    <UnitTestResult executionId="fd428269-4e45-4bf2-a69e-8227f6e8412d" testId="20a6330a-437d-6b38-4a3f-601ddc7a3791" testName="System.CommandLine.Tests.Help.HelpBuilderTests+Customization.Command_arguments_can_customize_first_column_text" computerName="JOSEQU10" duration="00:00:00.0010000" startTime="2022-06-13T12:30:02.3866054-07:00" endTime="2022-06-13T12:30:02.3866054-07:00" testType="13cdc9d9-ddb5-4fa4-a97d-d965ccfc6d4b" outcome="Passed" testListId="8c84fa94-04c1-424b-9868-57a2d4851a1d" relativeResultsDirectory="fd428269-4e45-4bf2-a69e-8227f6e8412d" />
    <UnitTestResult executionId="a8a142b2-ac81-4629-8e3f-ef4ac96743b2" testId="313e2743-f25e-8a4e-f804-7f69b7bb4144" testName="System.CommandLine.Tests.DirectiveTests.Directives_should_parse_into_the_directives_collection" computerName="JOSEQU10" duration="00:00:00.0010000" startTime="2022-06-13T12:30:02.0396070-07:00" endTime="2022-06-13T12:30:02.0396070-07:00" testType="13cdc9d9-ddb5-4fa4-a97d-d965ccfc6d4b" outcome="Passed" testListId="8c84fa94-04c1-424b-9868-57a2d4851a1d" relativeResultsDirectory="a8a142b2-ac81-4629-8e3f-ef4ac96743b2" />
    <UnitTestResult executionId="f2d2c34f-969d-4d05-a8c5-c2c25d80d8a4" testId="23f65ddb-48bd-ab0f-a4c6-3e77a62d19e7" testName="System.CommandLine.Tests.Help.HelpBuilderTests.Usage_section_does_not_show_additional_arguments_when_TreatUnmatchedTokensAsErrors_is_true" computerName="JOSEQU10" duration="00:00:00.0020000" startTime="2022-06-13T12:30:02.2336076-07:00" endTime="2022-06-13T12:30:02.2336076-07:00" testType="13cdc9d9-ddb5-4fa4-a97d-d965ccfc6d4b" outcome="Passed" testListId="8c84fa94-04c1-424b-9868-57a2d4851a1d" relativeResultsDirectory="f2d2c34f-969d-4d05-a8c5-c2c25d80d8a4" />
    <UnitTestResult executionId="e126fb61-1f74-4b4b-adbc-c42ede4f6bdf" testId="ba52aa91-897f-d2fc-7070-16d0f7412e77" testName="System.CommandLine.Tests.Binding.TypeConversionTests.Max_arity_greater_than_1_converts_to_enumerable_types(minArity: 0, maxArity: 100000, argumentType: typeof(System.Collections.Generic.List&lt;string&gt;))" computerName="JOSEQU10" duration="00:00:00.0010000" startTime="2022-06-13T12:30:02.7136084-07:00" endTime="2022-06-13T12:30:02.7136084-07:00" testType="13cdc9d9-ddb5-4fa4-a97d-d965ccfc6d4b" outcome="Passed" testListId="8c84fa94-04c1-424b-9868-57a2d4851a1d" relativeResultsDirectory="e126fb61-1f74-4b4b-adbc-c42ede4f6bdf" />
    <UnitTestResult executionId="10e5e7f4-697c-46ed-bdd1-fdaf07454f00" testId="f5f513a1-1fca-6e1d-f4d9-98eff60bfdfd" testName="System.CommandLine.Tests.Help.HelpBuilderTests.Options_section_does_not_contain_option_with_HelpDefinition_that_IsHidden" computerName="JOSEQU10" duration="00:00:00.0090000" startTime="2022-06-13T12:30:02.3906135-07:00" endTime="2022-06-13T12:30:02.3906135-07:00" testType="13cdc9d9-ddb5-4fa4-a97d-d965ccfc6d4b" outcome="Passed" testListId="8c84fa94-04c1-424b-9868-57a2d4851a1d" relativeResultsDirectory="10e5e7f4-697c-46ed-bdd1-fdaf07454f00" />
    <UnitTestResult executionId="0c9ca2be-8a1d-4244-9ee8-c69ad633b3db" testId="80ea0621-a9fa-23f2-8563-992b63d04b1e" testName="System.CommandLine.Tests.Help.HelpBuilderTests+Customization.Command_arguments_can_customize_second_column_text" computerName="JOSEQU10" duration="00:00:00.0010000" startTime="2022-06-13T12:30:02.3386076-07:00" endTime="2022-06-13T12:30:02.3386076-07:00" testType="13cdc9d9-ddb5-4fa4-a97d-d965ccfc6d4b" outcome="Passed" testListId="8c84fa94-04c1-424b-9868-57a2d4851a1d" relativeResultsDirectory="0c9ca2be-8a1d-4244-9ee8-c69ad633b3db" />
    <UnitTestResult executionId="8102a488-4ada-41af-861b-dc121659d17c" testId="8468a2af-fc88-7c3f-b7fe-68e5504b4284" testName="System.CommandLine.Tests.ParserTests.Boolean_options_are_not_greedy(commandLine: &quot;-x -y&quot;)" computerName="JOSEQU10" duration="00:00:00.0010000" startTime="2022-06-13T12:30:02.4876068-07:00" endTime="2022-06-13T12:30:02.4876068-07:00" testType="13cdc9d9-ddb5-4fa4-a97d-d965ccfc6d4b" outcome="Passed" testListId="8c84fa94-04c1-424b-9868-57a2d4851a1d" relativeResultsDirectory="8102a488-4ada-41af-861b-dc121659d17c" />
    <UnitTestResult executionId="10150dbd-ee34-4450-91a9-236b67cbf72f" testId="68156bfa-d4e6-432e-915b-9979134a1275" testName="System.CommandLine.Tests.UseHelpTests.UseHelp_interrupts_execution_of_the_specified_command" computerName="JOSEQU10" duration="00:00:00.0090000" startTime="2022-06-13T12:30:02.1676118-07:00" endTime="2022-06-13T12:30:02.1676118-07:00" testType="13cdc9d9-ddb5-4fa4-a97d-d965ccfc6d4b" outcome="Passed" testListId="8c84fa94-04c1-424b-9868-57a2d4851a1d" relativeResultsDirectory="10150dbd-ee34-4450-91a9-236b67cbf72f" />
    <UnitTestResult executionId="d9f842e1-a6a8-4cbd-80c5-6595af83cd18" testId="5160c09f-d5b9-4b02-d58e-3bc9ac8533a6" testName="System.CommandLine.Tests.ParserTests.Trailing_option_delimiters_are_ignored" computerName="JOSEQU10" duration="00:00:00.0010000" startTime="2022-06-13T12:30:02.5336079-07:00" endTime="2022-06-13T12:30:02.5336079-07:00" testType="13cdc9d9-ddb5-4fa4-a97d-d965ccfc6d4b" outcome="Passed" testListId="8c84fa94-04c1-424b-9868-57a2d4851a1d" relativeResultsDirectory="d9f842e1-a6a8-4cbd-80c5-6595af83cd18" />
    <UnitTestResult executionId="9356743b-8ede-4040-a0a9-feec9528effd" testId="358aa349-2fb2-5e56-6a67-1dacbfdfdd09" testName="System.CommandLine.Tests.CommandTests.When_Name_is_explicitly_set_then_adding_aliases_does_not_change_it" computerName="JOSEQU10" duration="00:00:00.0010000" startTime="2022-06-13T12:30:02.0876066-07:00" endTime="2022-06-13T12:30:02.0876066-07:00" testType="13cdc9d9-ddb5-4fa4-a97d-d965ccfc6d4b" outcome="Passed" testListId="8c84fa94-04c1-424b-9868-57a2d4851a1d" relativeResultsDirectory="9356743b-8ede-4040-a0a9-feec9528effd" />
    <UnitTestResult executionId="02e0b7bd-41d7-4527-b8bb-91df2f980e3e" testId="646a2c20-817f-5bb6-70b8-8395a443d835" testName="System.CommandLine.Tests.Help.HelpBuilderTests+Customization.Subcommand_can_customize_first_column_text" computerName="JOSEQU10" duration="00:00:00.0010000" startTime="2022-06-13T12:30:02.4386072-07:00" endTime="2022-06-13T12:30:02.4386072-07:00" testType="13cdc9d9-ddb5-4fa4-a97d-d965ccfc6d4b" outcome="Passed" testListId="8c84fa94-04c1-424b-9868-57a2d4851a1d" relativeResultsDirectory="02e0b7bd-41d7-4527-b8bb-91df2f980e3e" />
    <UnitTestResult executionId="8e751a05-f0e5-4333-8891-817b6407ce13" testId="e04f8160-b5e3-120c-0e51-05d7dba514d1" testName="System.CommandLine.Tests.Binding.TypeConversionTests.Nullable_bool_parses_as_true_when_the_option_has_been_applied(commandLine: &quot;the-command -x true&quot;)" computerName="JOSEQU10" duration="00:00:00.0010000" startTime="2022-06-13T12:30:02.7526111-07:00" endTime="2022-06-13T12:30:02.7526111-07:00" testType="13cdc9d9-ddb5-4fa4-a97d-d965ccfc6d4b" outcome="Passed" testListId="8c84fa94-04c1-424b-9868-57a2d4851a1d" relativeResultsDirectory="8e751a05-f0e5-4333-8891-817b6407ce13" />
    <UnitTestResult executionId="747ca75e-258e-4ebd-ad63-650bfb4834e1" testId="4d87cdfa-9202-882a-9bd8-21ffec1fa74a" testName="System.CommandLine.Tests.ParserTests.When_parent_option_will_not_accept_arg_then_child_can" computerName="JOSEQU10" duration="00:00:00.0010000" startTime="2022-06-13T12:30:02.4226117-07:00" endTime="2022-06-13T12:30:02.4226117-07:00" testType="13cdc9d9-ddb5-4fa4-a97d-d965ccfc6d4b" outcome="Passed" testListId="8c84fa94-04c1-424b-9868-57a2d4851a1d" relativeResultsDirectory="747ca75e-258e-4ebd-ad63-650bfb4834e1" />
    <UnitTestResult executionId="53119249-001e-44dc-9259-670286eb3a34" testId="c6806561-4f73-52d5-957f-810803dbec3a" testName="System.CommandLine.Tests.Binding.SetHandlerTests.Binding_is_correct_for_Func_overload_having_arity_(arity: 3)" computerName="JOSEQU10" duration="00:00:00.0010000" startTime="2022-06-13T12:30:02.0516073-07:00" endTime="2022-06-13T12:30:02.0516073-07:00" testType="13cdc9d9-ddb5-4fa4-a97d-d965ccfc6d4b" outcome="Passed" testListId="8c84fa94-04c1-424b-9868-57a2d4851a1d" relativeResultsDirectory="53119249-001e-44dc-9259-670286eb3a34" />
    <UnitTestResult executionId="7aeebf39-e788-45b0-9e84-1d83ec377139" testId="4746f96b-944e-42a5-9719-d42e04274585" testName="System.CommandLine.Tests.ParsingValidationTests+FileExistence.A_command_argument_can_be_invalid_based_on_file_or_directory_existence" computerName="JOSEQU10" duration="00:00:00.0100000" startTime="2022-06-13T12:30:02.3896063-07:00" endTime="2022-06-13T12:30:02.3896063-07:00" testType="13cdc9d9-ddb5-4fa4-a97d-d965ccfc6d4b" outcome="Passed" testListId="8c84fa94-04c1-424b-9868-57a2d4851a1d" relativeResultsDirectory="7aeebf39-e788-45b0-9e84-1d83ec377139" />
    <UnitTestResult executionId="9c4ff6ce-5fcb-46e3-8450-7cdee5766c45" testId="52b00f1b-748c-8071-9e3d-00e2eee4270a" testName="System.CommandLine.Tests.Help.HelpBuilderTests.Usage_section_does_not_contain_hidden_argument" computerName="JOSEQU10" duration="00:00:00.0010000" startTime="2022-06-13T12:30:02.2186086-07:00" endTime="2022-06-13T12:30:02.2186086-07:00" testType="13cdc9d9-ddb5-4fa4-a97d-d965ccfc6d4b" outcome="Passed" testListId="8c84fa94-04c1-424b-9868-57a2d4851a1d" relativeResultsDirectory="9c4ff6ce-5fcb-46e3-8450-7cdee5766c45" />
    <UnitTestResult executionId="805ddabc-602e-4650-8e4d-493d74514643" testId="3f6a338b-a9ad-1e6b-1857-a3cdb7212cc8" testName="System.CommandLine.Tests.CommandExtensionsTests.Command_Invoke_can_be_called_more_than_once_for_the_same_command" computerName="JOSEQU10" duration="00:00:00.0520000" startTime="2022-06-13T12:30:02.1306070-07:00" endTime="2022-06-13T12:30:02.1306070-07:00" testType="13cdc9d9-ddb5-4fa4-a97d-d965ccfc6d4b" outcome="Passed" testListId="8c84fa94-04c1-424b-9868-57a2d4851a1d" relativeResultsDirectory="805ddabc-602e-4650-8e4d-493d74514643" />
    <UnitTestResult executionId="d751023e-ef9b-4870-87eb-504a400b6282" testId="b21a2989-3054-7c09-93e0-306e2b35e28f" testName="System.CommandLine.Tests.DirectiveTests.Directives_cannot_contain_spaces(value: &quot;[ parse]&quot;)" computerName="JOSEQU10" duration="00:00:00.0010000" startTime="2022-06-13T12:30:01.7866064-07:00" endTime="2022-06-13T12:30:01.7866064-07:00" testType="13cdc9d9-ddb5-4fa4-a97d-d965ccfc6d4b" outcome="Passed" testListId="8c84fa94-04c1-424b-9868-57a2d4851a1d" relativeResultsDirectory="d751023e-ef9b-4870-87eb-504a400b6282" />
    <UnitTestResult executionId="e023ee78-734b-45ce-a64d-21dfbde1a9bf" testId="d8a8c83d-96c1-af60-3e64-db1019de32c4" testName="System.CommandLine.Tests.VersionOptionTests.When_the_version_option_is_specified_and_there_are_default_options_then_the_version_is_written_to_standard_out" computerName="JOSEQU10" duration="00:00:00.0020000" startTime="2022-06-13T12:30:02.2806093-07:00" endTime="2022-06-13T12:30:02.2806093-07:00" testType="13cdc9d9-ddb5-4fa4-a97d-d965ccfc6d4b" outcome="Passed" testListId="8c84fa94-04c1-424b-9868-57a2d4851a1d" relativeResultsDirectory="e023ee78-734b-45ce-a64d-21dfbde1a9bf" />
    <UnitTestResult executionId="24a513bc-1102-459d-9d82-91e820ac1d68" testId="b6a0cb6c-8197-2edd-b0c6-d16c52db3d64" testName="System.CommandLine.Tests.ResponseFileTests.Response_file_can_contain_blank_lines" computerName="JOSEQU10" duration="00:00:00.0060000" startTime="2022-06-13T12:30:02.6236079-07:00" endTime="2022-06-13T12:30:02.6236079-07:00" testType="13cdc9d9-ddb5-4fa4-a97d-d965ccfc6d4b" outcome="Passed" testListId="8c84fa94-04c1-424b-9868-57a2d4851a1d" relativeResultsDirectory="24a513bc-1102-459d-9d82-91e820ac1d68" />
    <UnitTestResult executionId="5a548380-e0c3-4e28-922f-c7685cbdfcf4" testId="4d0507ae-a0db-1e30-5d30-6e0afa67224d" testName="System.CommandLine.Tests.ParserTests.Option_arguments_can_start_with_prefixes_that_make_them_look_like_bundled_options" computerName="JOSEQU10" duration="00:00:00.0010000" startTime="2022-06-13T12:30:02.5006070-07:00" endTime="2022-06-13T12:30:02.5006070-07:00" testType="13cdc9d9-ddb5-4fa4-a97d-d965ccfc6d4b" outcome="Passed" testListId="8c84fa94-04c1-424b-9868-57a2d4851a1d" relativeResultsDirectory="5a548380-e0c3-4e28-922f-c7685cbdfcf4" />
    <UnitTestResult executionId="6798050f-0df4-459b-b571-86a34411d93c" testId="d068e6c3-cbce-df05-2e4e-0284a7e5cc57" testName="System.CommandLine.Tests.ParserTests.Absolute_Windows_style_paths_are_lexed_correctly" computerName="JOSEQU10" duration="00:00:00.0010000" startTime="2022-06-13T12:30:02.6146073-07:00" endTime="2022-06-13T12:30:02.6146073-07:00" testType="13cdc9d9-ddb5-4fa4-a97d-d965ccfc6d4b" outcome="Passed" testListId="8c84fa94-04c1-424b-9868-57a2d4851a1d" relativeResultsDirectory="6798050f-0df4-459b-b571-86a34411d93c" />
    <UnitTestResult executionId="82346faf-1abd-4b15-a185-d2d87f7c2044" testId="192384be-b5db-07bc-9c12-d6f061c7f10a" testName="System.CommandLine.Tests.ParserTests+MultipleArguments.When_multiple_arguments_are_present_then_their_order_relative_to_sibling_options_is_not_significant(commandLine: &quot;one two three four five --verbose true&quot;)" computerName="JOSEQU10" duration="00:00:00.0010000" startTime="2022-06-13T12:30:01.8706059-07:00" endTime="2022-06-13T12:30:01.8706059-07:00" testType="13cdc9d9-ddb5-4fa4-a97d-d965ccfc6d4b" outcome="Passed" testListId="8c84fa94-04c1-424b-9868-57a2d4851a1d" relativeResultsDirectory="82346faf-1abd-4b15-a185-d2d87f7c2044" />
    <UnitTestResult executionId="50c218ca-e086-46a6-97f1-e6b9069ad0d2" testId="faa6676a-63ae-f98a-ff8d-25214fd2deae" testName="System.CommandLine.Tests.UseHelpTests.There_are_no_parse_errors_when_help_is_invoked_on_a_command_with_subcommands" computerName="JOSEQU10" duration="00:00:00.0010000" startTime="2022-06-13T12:30:02.4366089-07:00" endTime="2022-06-13T12:30:02.4366089-07:00" testType="13cdc9d9-ddb5-4fa4-a97d-d965ccfc6d4b" outcome="Passed" testListId="8c84fa94-04c1-424b-9868-57a2d4851a1d" relativeResultsDirectory="50c218ca-e086-46a6-97f1-e6b9069ad0d2" />
    <UnitTestResult executionId="b1e470e4-6360-49a2-a059-6e81ce192db8" testId="a32d0650-57c2-63c1-2f76-1167f23256bd" testName="System.CommandLine.Tests.Help.HelpBuilderTests.Usage_section_shows_arguments_if_there_are_arguments_for_command_when_there_is_one_argument(minArity: 0, maxArity: 2, expectedArgsUsage: &quot;[&lt;the-args&gt;...]&quot;)" computerName="JOSEQU10" duration="00:00:00.0010000" startTime="2022-06-13T12:30:02.6366081-07:00" endTime="2022-06-13T12:30:02.6366081-07:00" testType="13cdc9d9-ddb5-4fa4-a97d-d965ccfc6d4b" outcome="Passed" testListId="8c84fa94-04c1-424b-9868-57a2d4851a1d" relativeResultsDirectory="b1e470e4-6360-49a2-a059-6e81ce192db8" />
    <UnitTestResult executionId="b6780b14-3d8d-4869-ad76-5279f6653711" testId="a7ef85fa-080f-ec06-173c-c2ae15eadd2e" testName="System.CommandLine.Tests.SplitCommandLineTests.It_handles_multiple_options_with_quoted_arguments" computerName="JOSEQU10" duration="00:00:00.0020000" startTime="2022-06-13T12:30:01.9026060-07:00" endTime="2022-06-13T12:30:01.9026060-07:00" testType="13cdc9d9-ddb5-4fa4-a97d-d965ccfc6d4b" outcome="Passed" testListId="8c84fa94-04c1-424b-9868-57a2d4851a1d" relativeResultsDirectory="b6780b14-3d8d-4869-ad76-5279f6653711">
      <Output>
        <StdOut>move --from "C:\dev\command-line-api\src\System.CommandLine.Tests\bin\Debug\net462" --to "C:\dev\command-line-api\src\System.CommandLine.Tests\bin\Debug\net462\.trash"&#xD;
         move&#xD;
         --from&#xD;
         C:\dev\command-line-api\src\System.CommandLine.Tests\bin\Debug\net462&#xD;
         --to&#xD;
         C:\dev\command-line-api\src\System.CommandLine.Tests\bin\Debug\net462\.trash</StdOut>
      </Output>
    </UnitTestResult>
    <UnitTestResult executionId="5031dbc0-f4b1-4caa-81d4-791a7d3c30ab" testId="ecb7cc21-1c19-2dcb-f7e8-fcc0eddf23ca" testName="System.CommandLine.Tests.Binding.TypeConversionTests.Max_arity_greater_than_1_converts_to_enumerable_types(minArity: 0, maxArity: 3, argumentType: typeof(System.Collections.Generic.IList&lt;string&gt;))" computerName="JOSEQU10" duration="00:00:00.0010000" startTime="2022-06-13T12:30:02.7226083-07:00" endTime="2022-06-13T12:30:02.7226083-07:00" testType="13cdc9d9-ddb5-4fa4-a97d-d965ccfc6d4b" outcome="Passed" testListId="8c84fa94-04c1-424b-9868-57a2d4851a1d" relativeResultsDirectory="5031dbc0-f4b1-4caa-81d4-791a7d3c30ab" />
    <UnitTestResult executionId="20799c0e-34b8-4e0b-9310-14002b447b6c" testId="b82dab5a-d5ab-ec05-2a78-f5e374760a31" testName="System.CommandLine.Tests.CompletionContextTests.When_position_is_unspecified_in_array_command_line_and_final_token_matches_an_option_then_it_returns_empty" computerName="JOSEQU10" duration="00:00:00.0010000" startTime="2022-06-13T12:30:01.9376096-07:00" endTime="2022-06-13T12:30:01.9376096-07:00" testType="13cdc9d9-ddb5-4fa4-a97d-d965ccfc6d4b" outcome="Passed" testListId="8c84fa94-04c1-424b-9868-57a2d4851a1d" relativeResultsDirectory="20799c0e-34b8-4e0b-9310-14002b447b6c" />
    <UnitTestResult executionId="06137c67-e747-4964-b51e-b46475d0c003" testId="0b629dad-3f66-d293-5c73-d74fa2bbe913" testName="System.CommandLine.Tests.Help.HelpBuilderTests.Option_argument_usage_is_empty_for_boolean_values(nullable: True)" computerName="JOSEQU10" duration="00:00:00.0010000" startTime="2022-06-13T12:30:02.4626124-07:00" endTime="2022-06-13T12:30:02.4626124-07:00" testType="13cdc9d9-ddb5-4fa4-a97d-d965ccfc6d4b" outcome="Passed" testListId="8c84fa94-04c1-424b-9868-57a2d4851a1d" relativeResultsDirectory="06137c67-e747-4964-b51e-b46475d0c003" />
    <UnitTestResult executionId="34759ec8-95ba-444a-b1f5-e47cb32395cb" testId="0d0afc44-0ce5-c296-336b-683bc3b411be" testName="System.CommandLine.Tests.Binding.TypeConversionTests.Values_can_be_correctly_converted_to_ipaddress_without_the_parser_specifying_a_custom_converter" computerName="JOSEQU10" duration="00:00:00.0170000" startTime="2022-06-13T12:30:02.7456087-07:00" endTime="2022-06-13T12:30:02.7456087-07:00" testType="13cdc9d9-ddb5-4fa4-a97d-d965ccfc6d4b" outcome="Passed" testListId="8c84fa94-04c1-424b-9868-57a2d4851a1d" relativeResultsDirectory="34759ec8-95ba-444a-b1f5-e47cb32395cb" />
    <UnitTestResult executionId="d39f0c43-a4db-4a4d-9029-b9c41f8e099d" testId="67c1aef7-5178-77ba-f8dc-4709f169b131" testName="System.CommandLine.Tests.CommandLineConfigurationTests.ThrowIfInvalid_throws_if_a_parentage_cycle_is_detected" computerName="JOSEQU10" duration="00:00:00.0010000" startTime="2022-06-13T12:30:01.5016063-07:00" endTime="2022-06-13T12:30:01.5016063-07:00" testType="13cdc9d9-ddb5-4fa4-a97d-d965ccfc6d4b" outcome="Passed" testListId="8c84fa94-04c1-424b-9868-57a2d4851a1d" relativeResultsDirectory="d39f0c43-a4db-4a4d-9029-b9c41f8e099d" />
    <UnitTestResult executionId="b891f7d9-5c20-4887-9348-ff41bbe7565a" testId="3bcb18e1-4bf8-55ed-31df-261cfa231adc" testName="System.CommandLine.Tests.ParsingValidationTests+FileExistence.A_command_argument_with_multiple_FileSystemInfos_can_be_invalid_based_on_directory_existence" computerName="JOSEQU10" duration="00:00:00.0020000" startTime="2022-06-13T12:30:02.4716088-07:00" endTime="2022-06-13T12:30:02.4716088-07:00" testType="13cdc9d9-ddb5-4fa4-a97d-d965ccfc6d4b" outcome="Passed" testListId="8c84fa94-04c1-424b-9868-57a2d4851a1d" relativeResultsDirectory="b891f7d9-5c20-4887-9348-ff41bbe7565a" />
    <UnitTestResult executionId="2de31c7c-934b-49e2-82d0-b25ee1e3df17" testId="418204e1-873b-71df-1cfb-bcb0c2dc0027" testName="System.CommandLine.Tests.Invocation.InvocationExtensionsTests.RootCommand_InvokeAsync_returns_1_when_handler_throws" computerName="JOSEQU10" duration="00:00:00.0190000" startTime="2022-06-13T12:30:02.4046084-07:00" endTime="2022-06-13T12:30:02.4046084-07:00" testType="13cdc9d9-ddb5-4fa4-a97d-d965ccfc6d4b" outcome="Passed" testListId="8c84fa94-04c1-424b-9868-57a2d4851a1d" relativeResultsDirectory="2de31c7c-934b-49e2-82d0-b25ee1e3df17" />
    <UnitTestResult executionId="86bf35f6-a83c-44ac-a61e-c2b310593a72" testId="43846ae7-73ef-8bb9-93f1-bad746e14d01" testName="System.CommandLine.Tests.CompletionTests.Command_GetCompletions_with_text_to_match_orders_by_match_position_then_alphabetically" computerName="JOSEQU10" duration="00:00:00.0010000" startTime="2022-06-13T12:30:02.0076069-07:00" endTime="2022-06-13T12:30:02.0076069-07:00" testType="13cdc9d9-ddb5-4fa4-a97d-d965ccfc6d4b" outcome="Passed" testListId="8c84fa94-04c1-424b-9868-57a2d4851a1d" relativeResultsDirectory="86bf35f6-a83c-44ac-a61e-c2b310593a72" />
    <UnitTestResult executionId="7c732e73-a010-4056-a48d-97e601389a84" testId="9bbf15b6-0a30-0829-b10a-ce1e904ebfc4" testName="System.CommandLine.Tests.Help.HelpBuilderTests+Customization.Option_can_fallback_to_default_when_customizing(conditionA: True, conditionB: False, expected: &quot;custom 1st\\s*description&quot;)" computerName="JOSEQU10" duration="00:00:00.0010000" startTime="2022-06-13T12:30:02.3616058-07:00" endTime="2022-06-13T12:30:02.3616058-07:00" testType="13cdc9d9-ddb5-4fa4-a97d-d965ccfc6d4b" outcome="Passed" testListId="8c84fa94-04c1-424b-9868-57a2d4851a1d" relativeResultsDirectory="7c732e73-a010-4056-a48d-97e601389a84" />
    <UnitTestResult executionId="7980846e-4c04-4df4-92a9-cf0114b40a6e" testId="9eec9fcb-0edd-4449-d718-a46e4a5d33fc" testName="System.CommandLine.Tests.UseHelpTests.UseHelp_can_be_called_more_than_once_on_the_same_command_with_different_CommandLineBuilders(commandline: &quot;inner -h&quot;)" computerName="JOSEQU10" duration="00:00:00.0010000" startTime="2022-06-13T12:30:02.2566068-07:00" endTime="2022-06-13T12:30:02.2566068-07:00" testType="13cdc9d9-ddb5-4fa4-a97d-d965ccfc6d4b" outcome="Passed" testListId="8c84fa94-04c1-424b-9868-57a2d4851a1d" relativeResultsDirectory="7980846e-4c04-4df4-92a9-cf0114b40a6e" />
    <UnitTestResult executionId="1edf4978-d18e-4541-8867-eb744cc9dbcb" testId="20764d6c-7b28-be8f-fb02-f777096dbd02" testName="System.CommandLine.Tests.UseHelpTests.UseHelp_with_custom_aliases_default_aliases_replaced(helpAlias: &quot;/h&quot;)" computerName="JOSEQU10" duration="00:00:00.0010000" startTime="2022-06-13T12:30:02.2416073-07:00" endTime="2022-06-13T12:30:02.2416073-07:00" testType="13cdc9d9-ddb5-4fa4-a97d-d965ccfc6d4b" outcome="Passed" testListId="8c84fa94-04c1-424b-9868-57a2d4851a1d" relativeResultsDirectory="1edf4978-d18e-4541-8867-eb744cc9dbcb" />
    <UnitTestResult executionId="05932a3f-88c1-4c96-bfe8-87cef56568a2" testId="546d3a09-8c42-27a2-5a8c-646077a40298" testName="System.CommandLine.Tests.ArgumentTests+CustomParsing.custom_parsing_of_scalar_value_from_an_argument_with_one_token" computerName="JOSEQU10" duration="00:00:00.0010000" startTime="2022-06-13T12:30:02.4606072-07:00" endTime="2022-06-13T12:30:02.4606072-07:00" testType="13cdc9d9-ddb5-4fa4-a97d-d965ccfc6d4b" outcome="Passed" testListId="8c84fa94-04c1-424b-9868-57a2d4851a1d" relativeResultsDirectory="05932a3f-88c1-4c96-bfe8-87cef56568a2" />
    <UnitTestResult executionId="5ec8b3fb-315f-4cc0-92ca-f4e57553a47e" testId="a3707569-ae4c-898f-6fa3-72df0b13c95f" testName="System.CommandLine.Tests.Binding.SetHandlerTests.Binding_is_correct_for_Func_overload_having_arity_(arity: 7)" computerName="JOSEQU10" duration="00:00:00.0010000" startTime="2022-06-13T12:30:02.0286076-07:00" endTime="2022-06-13T12:30:02.0286076-07:00" testType="13cdc9d9-ddb5-4fa4-a97d-d965ccfc6d4b" outcome="Passed" testListId="8c84fa94-04c1-424b-9868-57a2d4851a1d" relativeResultsDirectory="5ec8b3fb-315f-4cc0-92ca-f4e57553a47e" />
    <UnitTestResult executionId="9e9ca0eb-2861-4db6-8970-ee6533ef85f4" testId="da9aa09b-e172-f03d-e538-dafe7388fe6c" testName="System.CommandLine.Tests.Help.HelpBuilderTests+Customization.Option_can_fallback_to_default_when_customizing(conditionA: False, conditionB: False, expected: &quot;--option &lt;option&gt;\\s*description&quot;)" computerName="JOSEQU10" duration="00:00:00.0010000" startTime="2022-06-13T12:30:02.3586129-07:00" endTime="2022-06-13T12:30:02.3586129-07:00" testType="13cdc9d9-ddb5-4fa4-a97d-d965ccfc6d4b" outcome="Passed" testListId="8c84fa94-04c1-424b-9868-57a2d4851a1d" relativeResultsDirectory="9e9ca0eb-2861-4db6-8970-ee6533ef85f4" />
    <UnitTestResult executionId="ce13b207-3ac3-49b0-9f4e-2cb5a3f7abeb" testId="35cb7d62-e597-4805-a8f7-68389e6a27d5" testName="System.CommandLine.Tests.ParserTests.Short_form_options_can_be_specified_using_colon_delimiter" computerName="JOSEQU10" duration="00:00:00.0010000" startTime="2022-06-13T12:30:02.4746067-07:00" endTime="2022-06-13T12:30:02.4746067-07:00" testType="13cdc9d9-ddb5-4fa4-a97d-d965ccfc6d4b" outcome="Passed" testListId="8c84fa94-04c1-424b-9868-57a2d4851a1d" relativeResultsDirectory="ce13b207-3ac3-49b0-9f4e-2cb5a3f7abeb" />
    <UnitTestResult executionId="42b7f958-1ce1-4d0d-955b-344a35bfee13" testId="b972de47-3b41-9b1d-d41e-ba8e4b894afb" testName="System.CommandLine.Tests.OptionTests.Option_T_default_value_can_be_set_after_instantiation" computerName="JOSEQU10" duration="00:00:00.0010000" startTime="2022-06-13T12:30:02.3396089-07:00" endTime="2022-06-13T12:30:02.3396089-07:00" testType="13cdc9d9-ddb5-4fa4-a97d-d965ccfc6d4b" outcome="Passed" testListId="8c84fa94-04c1-424b-9868-57a2d4851a1d" relativeResultsDirectory="42b7f958-1ce1-4d0d-955b-344a35bfee13" />
    <UnitTestResult executionId="c2b74be7-0339-487e-b346-4a42f6262bae" testId="194c37d9-ace7-300a-9d7d-4deb0e9eb868" testName="System.CommandLine.Tests.Invocation.InvocationPipelineTests.InvokeAsync_chooses_the_appropriate_command" computerName="JOSEQU10" duration="00:00:00.0070000" startTime="2022-06-13T12:30:01.7896068-07:00" endTime="2022-06-13T12:30:01.7896068-07:00" testType="13cdc9d9-ddb5-4fa4-a97d-d965ccfc6d4b" outcome="Passed" testListId="8c84fa94-04c1-424b-9868-57a2d4851a1d" relativeResultsDirectory="c2b74be7-0339-487e-b346-4a42f6262bae" />
    <UnitTestResult executionId="01d643b4-3ae8-43b5-a8c7-d74b978c851b" testId="1d51af23-0666-22df-5bc6-0c77cc577656" testName="System.CommandLine.Tests.Binding.TypeConversionTests.Max_arity_greater_than_1_converts_to_enumerable_types(minArity: 1, maxArity: 3, argumentType: typeof(string[]))" computerName="JOSEQU10" duration="00:00:00.0010000" startTime="2022-06-13T12:30:02.7246093-07:00" endTime="2022-06-13T12:30:02.7246093-07:00" testType="13cdc9d9-ddb5-4fa4-a97d-d965ccfc6d4b" outcome="Passed" testListId="8c84fa94-04c1-424b-9868-57a2d4851a1d" relativeResultsDirectory="01d643b4-3ae8-43b5-a8c7-d74b978c851b" />
    <UnitTestResult executionId="189221fe-4587-48a6-8c9b-4b9b48000e2e" testId="a651b7c1-5ace-8e62-aa13-d79c1b9adad1" testName="System.CommandLine.Tests.Binding.SetHandlerTests.Binding_is_correct_for_Action_overload_having_arity_(arity: 3)" computerName="JOSEQU10" duration="00:00:00.0010000" startTime="2022-06-13T12:30:02.2176121-07:00" endTime="2022-06-13T12:30:02.2176121-07:00" testType="13cdc9d9-ddb5-4fa4-a97d-d965ccfc6d4b" outcome="Passed" testListId="8c84fa94-04c1-424b-9868-57a2d4851a1d" relativeResultsDirectory="189221fe-4587-48a6-8c9b-4b9b48000e2e" />
    <UnitTestResult executionId="b7cbb2e2-52c7-4680-9d47-044ec0103e31" testId="4f16a7a7-7f20-5314-d570-20a63195cb98" testName="System.CommandLine.Tests.ParseDiagramTests.Parse_diagram_identifies_options_where_default_values_have_been_applied" computerName="JOSEQU10" duration="00:00:00.0020000" startTime="2022-06-13T12:30:01.8496072-07:00" endTime="2022-06-13T12:30:01.8496072-07:00" testType="13cdc9d9-ddb5-4fa4-a97d-d965ccfc6d4b" outcome="Passed" testListId="8c84fa94-04c1-424b-9868-57a2d4851a1d" relativeResultsDirectory="b7cbb2e2-52c7-4680-9d47-044ec0103e31" />
    <UnitTestResult executionId="bf847b4d-9159-4ff3-87c1-e3d0cd95ee8a" testId="ffa07479-56c2-69d1-e3ea-5ebe6e24df90" testName="System.CommandLine.Tests.Binding.TypeConversionTests.Values_can_be_correctly_converted_to_TimeSpan_without_the_parser_specifying_a_custom_converter" computerName="JOSEQU10" duration="00:00:00.0020000" startTime="2022-06-13T12:30:02.7576113-07:00" endTime="2022-06-13T12:30:02.7576113-07:00" testType="13cdc9d9-ddb5-4fa4-a97d-d965ccfc6d4b" outcome="Passed" testListId="8c84fa94-04c1-424b-9868-57a2d4851a1d" relativeResultsDirectory="bf847b4d-9159-4ff3-87c1-e3d0cd95ee8a" />
    <UnitTestResult executionId="584bbdc0-6674-4162-8016-5c44f8865bc1" testId="f7200cf7-17c2-8823-20b9-a1a065fbd29e" testName="System.CommandLine.Tests.ParserTests.Bundled_option_arguments_that_match_option_aliases_are_parsed_correctly" computerName="JOSEQU10" duration="00:00:00.0010000" startTime="2022-06-13T12:30:02.5686072-07:00" endTime="2022-06-13T12:30:02.5686072-07:00" testType="13cdc9d9-ddb5-4fa4-a97d-d965ccfc6d4b" outcome="Passed" testListId="8c84fa94-04c1-424b-9868-57a2d4851a1d" relativeResultsDirectory="584bbdc0-6674-4162-8016-5c44f8865bc1" />
    <UnitTestResult executionId="71c07946-c9c0-4e8e-9066-f9a98ec30d0f" testId="ed3a2640-4a72-6965-fe88-02986b5133fa" testName="System.CommandLine.Tests.Binding.TypeConversionTests.Options_with_arguments_specified_can_be_correctly_converted_to_bool_without_the_parser_specifying_a_custom_converter" computerName="JOSEQU10" duration="00:00:00.0010000" startTime="2022-06-13T12:30:02.7896083-07:00" endTime="2022-06-13T12:30:02.7896083-07:00" testType="13cdc9d9-ddb5-4fa4-a97d-d965ccfc6d4b" outcome="Passed" testListId="8c84fa94-04c1-424b-9868-57a2d4851a1d" relativeResultsDirectory="71c07946-c9c0-4e8e-9066-f9a98ec30d0f" />
    <UnitTestResult executionId="c31a9198-e6c5-45c0-b5af-89b27fc559dd" testId="d6ca8df2-3ac4-13ec-4162-cd7de312ad84" testName="System.CommandLine.Tests.OptionTests.HasAlias_accepts_prefixed_long_value" computerName="JOSEQU10" duration="00:00:00.0010000" startTime="2022-06-13T12:30:02.3266089-07:00" endTime="2022-06-13T12:30:02.3266089-07:00" testType="13cdc9d9-ddb5-4fa4-a97d-d965ccfc6d4b" outcome="Passed" testListId="8c84fa94-04c1-424b-9868-57a2d4851a1d" relativeResultsDirectory="c31a9198-e6c5-45c0-b5af-89b27fc559dd" />
    <UnitTestResult executionId="522de670-f4c6-40af-a5cd-e03e63fe655b" testId="f96f8a81-d82b-8a4a-97e3-b2058baefdb1" testName="System.CommandLine.Tests.ParserTests.A_subcommand_wont_overflow_when_checking_maximum_argument_capacity" computerName="JOSEQU10" duration="00:00:00.0010000" startTime="2022-06-13T12:30:02.5866085-07:00" endTime="2022-06-13T12:30:02.5866085-07:00" testType="13cdc9d9-ddb5-4fa4-a97d-d965ccfc6d4b" outcome="Passed" testListId="8c84fa94-04c1-424b-9868-57a2d4851a1d" relativeResultsDirectory="522de670-f4c6-40af-a5cd-e03e63fe655b" />
    <UnitTestResult executionId="a09b6049-edf5-4321-b002-d6a3890427de" testId="25dd2119-1cee-fdbf-0904-4e233bb0f8ca" testName="System.CommandLine.Tests.Help.HelpBuilderTests.Command_argument_usage_indicates_enums_values(nullable: False)" computerName="JOSEQU10" duration="00:00:00.0010000" startTime="2022-06-13T12:30:02.4516068-07:00" endTime="2022-06-13T12:30:02.4516068-07:00" testType="13cdc9d9-ddb5-4fa4-a97d-d965ccfc6d4b" outcome="Passed" testListId="8c84fa94-04c1-424b-9868-57a2d4851a1d" relativeResultsDirectory="a09b6049-edf5-4321-b002-d6a3890427de" />
    <UnitTestResult executionId="dc3ffcc7-226c-4fea-b61f-771e39690ece" testId="ea98e82d-f216-5591-7a6e-e1e87a6d0cf4" testName="System.CommandLine.Tests.EnvironmentVariableDirectiveTests.Sets_environment_variable_to_value" computerName="JOSEQU10" duration="00:00:00.0010000" startTime="2022-06-13T12:30:01.7706051-07:00" endTime="2022-06-13T12:30:01.7706051-07:00" testType="13cdc9d9-ddb5-4fa4-a97d-d965ccfc6d4b" outcome="Passed" testListId="8c84fa94-04c1-424b-9868-57a2d4851a1d" relativeResultsDirectory="dc3ffcc7-226c-4fea-b61f-771e39690ece" />
    <UnitTestResult executionId="ee6d7acf-3320-449d-b6c1-5db66c78ea4e" testId="9c018593-3cdc-9c7b-5dfe-d598c8fe8c71" testName="System.CommandLine.Tests.SplitCommandLineTests.It_splits_strings_based_on_whitespace" computerName="JOSEQU10" duration="00:00:00.0010000" startTime="2022-06-13T12:30:01.9066060-07:00" endTime="2022-06-13T12:30:01.9066060-07:00" testType="13cdc9d9-ddb5-4fa4-a97d-d965ccfc6d4b" outcome="Passed" testListId="8c84fa94-04c1-424b-9868-57a2d4851a1d" relativeResultsDirectory="ee6d7acf-3320-449d-b6c1-5db66c78ea4e" />
    <UnitTestResult executionId="b4d817cd-bd7d-4d58-b5e7-a2de2de7984c" testId="e7f99cc4-6bcc-a310-04e4-20c4bbacaf18" testName="System.CommandLine.Tests.ParseDirectiveTests.Parse_directive_writes_parse_diagram" computerName="JOSEQU10" duration="00:00:00.0030000" startTime="2022-06-13T12:30:02.2016100-07:00" endTime="2022-06-13T12:30:02.2016100-07:00" testType="13cdc9d9-ddb5-4fa4-a97d-d965ccfc6d4b" outcome="Passed" testListId="8c84fa94-04c1-424b-9868-57a2d4851a1d" relativeResultsDirectory="b4d817cd-bd7d-4d58-b5e7-a2de2de7984c">
      <Output>
        <StdOut>![ testhost.net462.x86 [ subcommand [ -c &lt;34&gt; ] ] ]   ???--&gt; --nonexistent wat</StdOut>
      </Output>
    </UnitTestResult>
    <UnitTestResult executionId="706fc4aa-8c1e-43aa-bd3f-2ee1d783c5c9" testId="92cdebf3-449e-6ce6-77a4-947c50158b0d" testName="System.CommandLine.Tests.ResponseFileTests.When_response_file_is_specified_it_loads_subcommand_arguments_from_response_file" computerName="JOSEQU10" duration="00:00:00.0020000" startTime="2022-06-13T12:30:02.6256068-07:00" endTime="2022-06-13T12:30:02.6256068-07:00" testType="13cdc9d9-ddb5-4fa4-a97d-d965ccfc6d4b" outcome="Passed" testListId="8c84fa94-04c1-424b-9868-57a2d4851a1d" relativeResultsDirectory="706fc4aa-8c1e-43aa-bd3f-2ee1d783c5c9" />
    <UnitTestResult executionId="7d20f88f-4fa7-4f9f-903d-94d281b0204b" testId="1234cd3d-8e59-9289-e3c5-c96b7df65332" testName="System.CommandLine.Tests.ParserTests.Original_order_of_tokens_is_preserved_in_ParseResult_Tokens(commandLine: &quot;[parse] --one 1 --many 1 --many 2&quot;)" computerName="JOSEQU10" duration="00:00:00.0010000" startTime="2022-06-13T12:30:02.2976063-07:00" endTime="2022-06-13T12:30:02.2976063-07:00" testType="13cdc9d9-ddb5-4fa4-a97d-d965ccfc6d4b" outcome="Passed" testListId="8c84fa94-04c1-424b-9868-57a2d4851a1d" relativeResultsDirectory="7d20f88f-4fa7-4f9f-903d-94d281b0204b" />
    <UnitTestResult executionId="0ad2ced7-5c76-4997-8c7f-33100ae2fc51" testId="bf7e8037-b9eb-e95b-22de-c880e57a3e9e" testName="System.CommandLine.Tests.Parsing.CommandLineStringSplitterTests.It_does_not_split_double_quote_delimited_values_when_a_non_whitespace_argument_delimiter_is_used(prefix: &quot;-&quot;, delimiter: '=')" computerName="JOSEQU10" duration="00:00:00.0010000" startTime="2022-06-13T12:30:01.9926062-07:00" endTime="2022-06-13T12:30:01.9926062-07:00" testType="13cdc9d9-ddb5-4fa4-a97d-d965ccfc6d4b" outcome="Passed" testListId="8c84fa94-04c1-424b-9868-57a2d4851a1d" relativeResultsDirectory="0ad2ced7-5c76-4997-8c7f-33100ae2fc51" />
    <UnitTestResult executionId="31069a39-f6cd-467a-bf49-9f0498da855e" testId="10d0450f-fa39-4063-6933-7e8cb6006019" testName="System.CommandLine.Tests.Help.HelpBuilderTests.Subcommand_help_does_not_contain_hidden_argument" computerName="JOSEQU10" duration="00:00:00.0010000" startTime="2022-06-13T12:30:02.6496070-07:00" endTime="2022-06-13T12:30:02.6496070-07:00" testType="13cdc9d9-ddb5-4fa4-a97d-d965ccfc6d4b" outcome="Passed" testListId="8c84fa94-04c1-424b-9868-57a2d4851a1d" relativeResultsDirectory="31069a39-f6cd-467a-bf49-9f0498da855e" />
    <UnitTestResult executionId="55c64fe5-6b30-4951-aa61-44f066c20c9f" testId="47e76fbc-12f3-c773-5d80-878b6e3b98bf" testName="System.CommandLine.Tests.UseHelpTests.UseHelp_does_not_display_when_option_defined_with_same_alias" computerName="JOSEQU10" duration="00:00:00.0010000" startTime="2022-06-13T12:30:02.1876065-07:00" endTime="2022-06-13T12:30:02.1876065-07:00" testType="13cdc9d9-ddb5-4fa4-a97d-d965ccfc6d4b" outcome="Passed" testListId="8c84fa94-04c1-424b-9868-57a2d4851a1d" relativeResultsDirectory="55c64fe5-6b30-4951-aa61-44f066c20c9f" />
    <UnitTestResult executionId="6672b26f-a149-4e5c-b28b-45b7b0a78570" testId="2bace46a-5156-26f3-b1d5-50e3640c3581" testName="System.CommandLine.Tests.UseHelpTests.UseHelp_with_custom_aliases_uses_aliases(helpAlias: &quot;/lost&quot;)" computerName="JOSEQU10" duration="00:00:00.0010000" startTime="2022-06-13T12:30:02.3966092-07:00" endTime="2022-06-13T12:30:02.3966092-07:00" testType="13cdc9d9-ddb5-4fa4-a97d-d965ccfc6d4b" outcome="Passed" testListId="8c84fa94-04c1-424b-9868-57a2d4851a1d" relativeResultsDirectory="6672b26f-a149-4e5c-b28b-45b7b0a78570" />
    <UnitTestResult executionId="ae015a8c-4b7f-400b-959d-e1b5e6ff3e1e" testId="a8efd25b-6140-34cd-dd1c-f7d24b8fd959" testName="System.CommandLine.Tests.Binding.TypeConversionTests.Values_can_be_correctly_converted_to_Guid_without_the_parser_specifying_a_custom_converter" computerName="JOSEQU10" duration="00:00:00.0010000" startTime="2022-06-13T12:30:02.7876103-07:00" endTime="2022-06-13T12:30:02.7876103-07:00" testType="13cdc9d9-ddb5-4fa4-a97d-d965ccfc6d4b" outcome="Passed" testListId="8c84fa94-04c1-424b-9868-57a2d4851a1d" relativeResultsDirectory="ae015a8c-4b7f-400b-959d-e1b5e6ff3e1e" />
    <UnitTestResult executionId="d75dc2d3-ff88-416b-8965-fe99abe9cfcd" testId="c9fc080f-5602-a1ea-e61d-e1195198a4f6" testName="System.CommandLine.Tests.VersionOptionTests.When_the_version_option_is_specified_then_invocation_is_short_circuited" computerName="JOSEQU10" duration="00:00:00.0020000" startTime="2022-06-13T12:30:02.0806080-07:00" endTime="2022-06-13T12:30:02.0806080-07:00" testType="13cdc9d9-ddb5-4fa4-a97d-d965ccfc6d4b" outcome="Passed" testListId="8c84fa94-04c1-424b-9868-57a2d4851a1d" relativeResultsDirectory="d75dc2d3-ff88-416b-8965-fe99abe9cfcd" />
    <UnitTestResult executionId="2dd59794-3cb8-477d-a4de-3526e40e1e16" testId="b9fe70ce-60f6-9891-bec1-cc6403d5e017" testName="System.CommandLine.Tests.Binding.TypeConversionTests.Values_can_be_correctly_converted_to_DateTimeOffset_without_the_parser_specifying_a_custom_converter" computerName="JOSEQU10" duration="00:00:00.0030000" startTime="2022-06-13T12:30:02.7716075-07:00" endTime="2022-06-13T12:30:02.7716075-07:00" testType="13cdc9d9-ddb5-4fa4-a97d-d965ccfc6d4b" outcome="Passed" testListId="8c84fa94-04c1-424b-9868-57a2d4851a1d" relativeResultsDirectory="2dd59794-3cb8-477d-a4de-3526e40e1e16" />
    <UnitTestResult executionId="34be4939-31a8-43c7-b968-f11d6cffa117" testId="7d7f4519-d626-ad66-0e6d-793be16bcc79" testName="System.CommandLine.Tests.UseExceptionHandlerTests.Declaration_of_UseExceptionHandler_can_come_before_other_middleware" computerName="JOSEQU10" duration="00:00:00.0020000" startTime="2022-06-13T12:30:02.4366089-07:00" endTime="2022-06-13T12:30:02.4366089-07:00" testType="13cdc9d9-ddb5-4fa4-a97d-d965ccfc6d4b" outcome="Passed" testListId="8c84fa94-04c1-424b-9868-57a2d4851a1d" relativeResultsDirectory="34be4939-31a8-43c7-b968-f11d6cffa117" />
    <UnitTestResult executionId="6f1882ad-6e0d-4fe6-bb85-d748f69236ab" testId="42be3d8e-e6fb-7969-7c06-89c182ee7b90" testName="System.CommandLine.Tests.Help.HelpBuilderTests.Options_section_properly_wraps_description_when_long_default_value_is_specified" computerName="JOSEQU10" duration="00:00:00.0010000" startTime="2022-06-13T12:30:02.8206112-07:00" endTime="2022-06-13T12:30:02.8206112-07:00" testType="13cdc9d9-ddb5-4fa4-a97d-d965ccfc6d4b" outcome="Passed" testListId="8c84fa94-04c1-424b-9868-57a2d4851a1d" relativeResultsDirectory="6f1882ad-6e0d-4fe6-bb85-d748f69236ab" />
    <UnitTestResult executionId="83206150-ed3f-4245-8d0d-10118aa3276e" testId="c68267d2-6833-d470-302a-d8cb58a0e18e" testName="System.CommandLine.Tests.OptionTests+MultipleArgumentsPerToken+Allowed.When_max_arity_is_1_then_subsequent_option_args_overwrite_previous_ones(commandLine: &quot;--option 1 xyz --option 2&quot;)" computerName="JOSEQU10" duration="00:00:00.0010000" startTime="2022-06-13T12:30:01.7176070-07:00" endTime="2022-06-13T12:30:01.7176070-07:00" testType="13cdc9d9-ddb5-4fa4-a97d-d965ccfc6d4b" outcome="Passed" testListId="8c84fa94-04c1-424b-9868-57a2d4851a1d" relativeResultsDirectory="83206150-ed3f-4245-8d0d-10118aa3276e" />
    <UnitTestResult executionId="9d6f6a11-8876-4017-9115-2476673b09fc" testId="247fabc7-28ad-54a8-90fc-cea5559df235" testName="System.CommandLine.Tests.ParserTests.When_an_option_with_a_default_value_is_not_matched_then_the_option_result_is_implicit" computerName="JOSEQU10" duration="00:00:00.0010000" startTime="2022-06-13T12:30:02.3706081-07:00" endTime="2022-06-13T12:30:02.3706081-07:00" testType="13cdc9d9-ddb5-4fa4-a97d-d965ccfc6d4b" outcome="Passed" testListId="8c84fa94-04c1-424b-9868-57a2d4851a1d" relativeResultsDirectory="9d6f6a11-8876-4017-9115-2476673b09fc" />
    <UnitTestResult executionId="d6bbc6a1-2dec-4ec1-972f-88d412ffe91f" testId="d0b9a590-8960-6afa-3cfe-42db9cc86cdd" testName="System.CommandLine.Tests.Parsing.CommandLineStringSplitterTests.It_does_not_split_double_quote_delimited_values_when_a_non_whitespace_argument_delimiter_is_used(prefix: &quot;-&quot;, delimiter: ':')" computerName="JOSEQU10" duration="00:00:00.0010000" startTime="2022-06-13T12:30:01.9876061-07:00" endTime="2022-06-13T12:30:01.9876061-07:00" testType="13cdc9d9-ddb5-4fa4-a97d-d965ccfc6d4b" outcome="Passed" testListId="8c84fa94-04c1-424b-9868-57a2d4851a1d" relativeResultsDirectory="d6bbc6a1-2dec-4ec1-972f-88d412ffe91f" />
    <UnitTestResult executionId="5dc96a6e-4b53-43ed-a000-b4971b70f06e" testId="1b2cef08-0a55-b1c7-6565-e4118416529e" testName="System.CommandLine.Tests.ParsingValidationTests.When_there_is_an_arity_error_then_further_errors_are_not_reported" computerName="JOSEQU10" duration="00:00:00.0010000" startTime="2022-06-13T12:30:02.5516075-07:00" endTime="2022-06-13T12:30:02.5516075-07:00" testType="13cdc9d9-ddb5-4fa4-a97d-d965ccfc6d4b" outcome="Passed" testListId="8c84fa94-04c1-424b-9868-57a2d4851a1d" relativeResultsDirectory="5dc96a6e-4b53-43ed-a000-b4971b70f06e" />
    <UnitTestResult executionId="cda5eff8-013b-422e-86df-0a8e04a2fc6f" testId="375e3dca-fde9-dc67-3d1b-c6fdbadaee73" testName="System.CommandLine.Tests.CommandTests.When_a_command_alias_is_added_and_contains_whitespace_then_an_informative_error_is_returned(alias: &quot; aa&quot;)" computerName="JOSEQU10" duration="00:00:00.0010000" startTime="2022-06-13T12:30:02.1156094-07:00" endTime="2022-06-13T12:30:02.1156094-07:00" testType="13cdc9d9-ddb5-4fa4-a97d-d965ccfc6d4b" outcome="Passed" testListId="8c84fa94-04c1-424b-9868-57a2d4851a1d" relativeResultsDirectory="cda5eff8-013b-422e-86df-0a8e04a2fc6f" />
    <UnitTestResult executionId="c411bcc8-8929-4d1d-bf4a-91348173f03e" testId="de090c04-8024-dd5a-b09f-2f133e3bada4" testName="System.CommandLine.Tests.ParsingValidationTests+FileNameValidity.LegalFileNamesOnly_accepts_option_arguments_containing_valid_file_name_characters" computerName="JOSEQU10" duration="00:00:00.0060000" startTime="2022-06-13T12:30:01.9216079-07:00" endTime="2022-06-13T12:30:01.9216079-07:00" testType="13cdc9d9-ddb5-4fa4-a97d-d965ccfc6d4b" outcome="Passed" testListId="8c84fa94-04c1-424b-9868-57a2d4851a1d" relativeResultsDirectory="c411bcc8-8929-4d1d-bf4a-91348173f03e" />
    <UnitTestResult executionId="ba701547-7da2-478d-8988-d1da64c0e2f8" testId="9f019916-0649-a2fc-ea01-1ba3f6c179d0" testName="System.CommandLine.Tests.ArgumentTests+CustomParsing.Validation_failure_message_can_be_specified_when_evaluating_default_option_value" computerName="JOSEQU10" duration="00:00:00.0010000" startTime="2022-06-13T12:30:02.4026079-07:00" endTime="2022-06-13T12:30:02.4026079-07:00" testType="13cdc9d9-ddb5-4fa4-a97d-d965ccfc6d4b" outcome="Passed" testListId="8c84fa94-04c1-424b-9868-57a2d4851a1d" relativeResultsDirectory="ba701547-7da2-478d-8988-d1da64c0e2f8" />
    <UnitTestResult executionId="cc321375-345d-44d3-a7b4-2be0ba7f1a6e" testId="c65765b5-82e2-b3f2-26b4-62b0e50c3348" testName="System.CommandLine.Tests.ParsingValidationTests.Validators_on_global_options_are_executed_when_invoking_a_subcommand(commandLine: &quot;subcommand --file \&quot;Foo\&quot;&quot;)" computerName="JOSEQU10" duration="00:00:00.0010000" startTime="2022-06-13T12:30:02.5316070-07:00" endTime="2022-06-13T12:30:02.5316070-07:00" testType="13cdc9d9-ddb5-4fa4-a97d-d965ccfc6d4b" outcome="Passed" testListId="8c84fa94-04c1-424b-9868-57a2d4851a1d" relativeResultsDirectory="cc321375-345d-44d3-a7b4-2be0ba7f1a6e" />
    <UnitTestResult executionId="6c369130-a459-414d-9ccd-e2b44ce6ea92" testId="98d9e93a-730a-265a-3084-aa78ffa006e4" testName="System.CommandLine.Tests.Binding.TypeConversionTests.Sequence_type_defaults_to_empty_when_not_specified(sequenceType: typeof(System.IO.FileAccess[]))" computerName="JOSEQU10" duration="00:00:00.0010000" startTime="2022-06-13T12:30:02.6786073-07:00" endTime="2022-06-13T12:30:02.6786073-07:00" testType="13cdc9d9-ddb5-4fa4-a97d-d965ccfc6d4b" outcome="Passed" testListId="8c84fa94-04c1-424b-9868-57a2d4851a1d" relativeResultsDirectory="6c369130-a459-414d-9ccd-e2b44ce6ea92" />
    <UnitTestResult executionId="7681c9cc-b9ae-4cb2-909d-a194b758518f" testId="788a916b-8987-76bb-d724-e799b4ea1163" testName="System.CommandLine.Tests.UseHelpTests.UseHelp_with_custom_aliases_default_aliases_replaced(helpAlias: &quot;-h&quot;)" computerName="JOSEQU10" duration="00:00:00.0010000" startTime="2022-06-13T12:30:02.2426072-07:00" endTime="2022-06-13T12:30:02.2426072-07:00" testType="13cdc9d9-ddb5-4fa4-a97d-d965ccfc6d4b" outcome="Passed" testListId="8c84fa94-04c1-424b-9868-57a2d4851a1d" relativeResultsDirectory="7681c9cc-b9ae-4cb2-909d-a194b758518f" />
    <UnitTestResult executionId="2af3deb3-4245-4352-bbef-f52088d72ba8" testId="4721a0e9-6def-2aa1-1486-69cc1d16fcf3" testName="System.CommandLine.Tests.ParsingValidationTests+FileNameValidity.LegalFileNamesOnly_rejects_option_arguments_containing_invalid_file_name_characters" computerName="JOSEQU10" duration="00:00:00.0350000" startTime="2022-06-13T12:30:02.0496076-07:00" endTime="2022-06-13T12:30:02.0496076-07:00" testType="13cdc9d9-ddb5-4fa4-a97d-d965ccfc6d4b" outcome="Passed" testListId="8c84fa94-04c1-424b-9868-57a2d4851a1d" relativeResultsDirectory="2af3deb3-4245-4352-bbef-f52088d72ba8" />
    <UnitTestResult executionId="06167d78-eb3d-45d4-9cd6-129cb4af9011" testId="c145f636-fed9-458d-5056-8764e05b7f7b" testName="System.CommandLine.Tests.ParserTests+MultipleArguments.When_there_are_not_enough_tokens_for_all_arguments_then_the_correct_number_of_errors_is_reported(providedArgs: &quot;a b c&quot;)" computerName="JOSEQU10" duration="00:00:00.2410000" startTime="2022-06-13T12:30:01.7076063-07:00" endTime="2022-06-13T12:30:01.7076063-07:00" testType="13cdc9d9-ddb5-4fa4-a97d-d965ccfc6d4b" outcome="Passed" testListId="8c84fa94-04c1-424b-9868-57a2d4851a1d" relativeResultsDirectory="06167d78-eb3d-45d4-9cd6-129cb4af9011" />
    <UnitTestResult executionId="d26d9b58-ed63-4971-9387-a42186926542" testId="a223f70f-e4bd-f681-ec02-04a084161c6f" testName="System.CommandLine.Tests.CommandTests.ParseResult_Command_identifies_innermost_command(input: &quot;outer arg inner arg&quot;, expectedCommand: &quot;inner&quot;)" computerName="JOSEQU10" duration="00:00:00.0010000" startTime="2022-06-13T12:30:02.1006090-07:00" endTime="2022-06-13T12:30:02.1006090-07:00" testType="13cdc9d9-ddb5-4fa4-a97d-d965ccfc6d4b" outcome="Passed" testListId="8c84fa94-04c1-424b-9868-57a2d4851a1d" relativeResultsDirectory="d26d9b58-ed63-4971-9387-a42186926542" />
    <UnitTestResult executionId="4d790b73-0fd1-4822-a778-7a3070898890" testId="2773ec04-ec35-d277-7a5d-792043e8abbd" testName="System.CommandLine.Tests.Parsing.CommandLineStringSplitterTests.It_does_not_split_double_quote_delimited_values_when_a_non_whitespace_argument_delimiter_is_used(prefix: &quot;/&quot;, delimiter: '=')" computerName="JOSEQU10" duration="00:00:00.0010000" startTime="2022-06-13T12:30:01.9926062-07:00" endTime="2022-06-13T12:30:01.9926062-07:00" testType="13cdc9d9-ddb5-4fa4-a97d-d965ccfc6d4b" outcome="Passed" testListId="8c84fa94-04c1-424b-9868-57a2d4851a1d" relativeResultsDirectory="4d790b73-0fd1-4822-a778-7a3070898890" />
    <UnitTestResult executionId="02fccfc0-e492-4648-ae25-ae314586f479" testId="ad039325-0b11-7ea3-4516-4f081d0ec34c" testName="System.CommandLine.Tests.ParserTests.Short_form_options_can_be_specified_using_equals_delimiter" computerName="JOSEQU10" duration="00:00:00.0010000" startTime="2022-06-13T12:30:02.4086080-07:00" endTime="2022-06-13T12:30:02.4086080-07:00" testType="13cdc9d9-ddb5-4fa4-a97d-d965ccfc6d4b" outcome="Passed" testListId="8c84fa94-04c1-424b-9868-57a2d4851a1d" relativeResultsDirectory="02fccfc0-e492-4648-ae25-ae314586f479" />
    <UnitTestResult executionId="57fae02f-58ed-4b30-8d73-87142a445b5c" testId="8abf8bb1-13bf-c83d-79e2-643d783cb61d" testName="System.CommandLine.Tests.Binding.TypeConversionTests.A_default_value_with_a_custom_constructor_can_be_specified_for_an_option_argument" computerName="JOSEQU10" duration="00:00:00.0010000" startTime="2022-06-13T12:30:02.7386059-07:00" endTime="2022-06-13T12:30:02.7386059-07:00" testType="13cdc9d9-ddb5-4fa4-a97d-d965ccfc6d4b" outcome="Passed" testListId="8c84fa94-04c1-424b-9868-57a2d4851a1d" relativeResultsDirectory="57fae02f-58ed-4b30-8d73-87142a445b5c" />
    <UnitTestResult executionId="adc4fc95-94d2-439d-8ae0-8b53e6efbf7d" testId="314cd252-5aba-8b8a-6b66-888a2fe0e6aa" testName="System.CommandLine.Tests.Help.HelpBuilderTests.Options_section_aligns_options_on_new_lines" computerName="JOSEQU10" duration="00:00:00.0010000" startTime="2022-06-13T12:30:02.3286090-07:00" endTime="2022-06-13T12:30:02.3286090-07:00" testType="13cdc9d9-ddb5-4fa4-a97d-d965ccfc6d4b" outcome="Passed" testListId="8c84fa94-04c1-424b-9868-57a2d4851a1d" relativeResultsDirectory="adc4fc95-94d2-439d-8ae0-8b53e6efbf7d" />
    <UnitTestResult executionId="b0ec3698-bdd7-4404-8025-5776c6fdb421" testId="adfbc3a4-8c24-89fb-b525-89ce759d85cb" testName="System.CommandLine.Tests.CompletionTests.When_option_completions_are_available_then_they_are_suggested_when_a_validation_error_occurs" computerName="JOSEQU10" duration="00:00:00.0010000" startTime="2022-06-13T12:30:02.2086075-07:00" endTime="2022-06-13T12:30:02.2086075-07:00" testType="13cdc9d9-ddb5-4fa4-a97d-d965ccfc6d4b" outcome="Passed" testListId="8c84fa94-04c1-424b-9868-57a2d4851a1d" relativeResultsDirectory="b0ec3698-bdd7-4404-8025-5776c6fdb421" />
    <UnitTestResult executionId="82a67694-8f72-434a-92c9-1caa77ee2b00" testId="43d0012d-51fd-a1fc-9a4b-0b1327e6bf88" testName="System.CommandLine.Tests.ParserTests+MultiplePositions.An_option_can_have_multiple_parents_with_the_same_name" computerName="JOSEQU10" duration="00:00:00.0040000" startTime="2022-06-13T12:30:01.7746071-07:00" endTime="2022-06-13T12:30:01.7746071-07:00" testType="13cdc9d9-ddb5-4fa4-a97d-d965ccfc6d4b" outcome="Passed" testListId="8c84fa94-04c1-424b-9868-57a2d4851a1d" relativeResultsDirectory="82a67694-8f72-434a-92c9-1caa77ee2b00" />
    <UnitTestResult executionId="7781a91b-19b4-4104-8aa1-19c37d0eb132" testId="38ded00f-5889-8c16-efe0-a536cbdaf3b3" testName="System.CommandLine.Tests.Invocation.TypoCorrectionTests.Suggestions_favor_matches_with_prefix" computerName="JOSEQU10" duration="00:00:00.0020000" startTime="2022-06-13T12:30:02.3426064-07:00" endTime="2022-06-13T12:30:02.3426064-07:00" testType="13cdc9d9-ddb5-4fa4-a97d-d965ccfc6d4b" outcome="Passed" testListId="8c84fa94-04c1-424b-9868-57a2d4851a1d" relativeResultsDirectory="7781a91b-19b4-4104-8aa1-19c37d0eb132" />
    <UnitTestResult executionId="69c69ef8-75e7-491c-b058-2ef52eee5719" testId="71d35295-32f3-c06b-7b8c-1f9de332c1f3" testName="System.CommandLine.Tests.OptionTests+MultipleArgumentsPerToken+Allowed.Multiple_option_arguments_that_match_single_arity_option_aliases_are_parsed_correctly" computerName="JOSEQU10" duration="00:00:00.0010000" startTime="2022-06-13T12:30:01.8736097-07:00" endTime="2022-06-13T12:30:01.8736097-07:00" testType="13cdc9d9-ddb5-4fa4-a97d-d965ccfc6d4b" outcome="Passed" testListId="8c84fa94-04c1-424b-9868-57a2d4851a1d" relativeResultsDirectory="69c69ef8-75e7-491c-b058-2ef52eee5719">
      <Output>
        <StdOut>[ testhost.net462.x86 [ -x &lt;-y&gt; ] [ -y &lt;-x&gt; ] ]</StdOut>
      </Output>
    </UnitTestResult>
    <UnitTestResult executionId="1021731f-6710-42a7-a55a-5f34958f65a7" testId="09b9dc0e-b6a1-4f15-b443-533006b3bbc2" testName="System.CommandLine.Tests.Invocation.InvocationPipelineTests.ParseResult_can_be_replaced_by_middleware" computerName="JOSEQU10" duration="00:00:00.0130000" startTime="2022-06-13T12:30:01.9096074-07:00" endTime="2022-06-13T12:30:01.9096074-07:00" testType="13cdc9d9-ddb5-4fa4-a97d-d965ccfc6d4b" outcome="Passed" testListId="8c84fa94-04c1-424b-9868-57a2d4851a1d" relativeResultsDirectory="1021731f-6710-42a7-a55a-5f34958f65a7" />
    <UnitTestResult executionId="b1f58842-0895-4e05-a9d8-22df334dc0b5" testId="daf22257-b01f-48eb-dd27-7fa83b85cef9" testName="System.CommandLine.Tests.ParserTests.Arguments_can_match_subcommands" computerName="JOSEQU10" duration="00:00:00.0010000" startTime="2022-06-13T12:30:02.4846064-07:00" endTime="2022-06-13T12:30:02.4846064-07:00" testType="13cdc9d9-ddb5-4fa4-a97d-d965ccfc6d4b" outcome="Passed" testListId="8c84fa94-04c1-424b-9868-57a2d4851a1d" relativeResultsDirectory="b1f58842-0895-4e05-a9d8-22df334dc0b5" />
    <UnitTestResult executionId="5714948b-59e3-42e9-bea7-dfd28e83a368" testId="78a5d3ce-f245-cfaa-9aa4-bfe324439361" testName="System.CommandLine.Tests.Help.HelpBuilderTests.Help_does_not_show_default_value_for_argument_when_default_value_is_empty" computerName="JOSEQU10" duration="00:00:00.0010000" startTime="2022-06-13T12:30:02.6506086-07:00" endTime="2022-06-13T12:30:02.6506086-07:00" testType="13cdc9d9-ddb5-4fa4-a97d-d965ccfc6d4b" outcome="Passed" testListId="8c84fa94-04c1-424b-9868-57a2d4851a1d" relativeResultsDirectory="5714948b-59e3-42e9-bea7-dfd28e83a368" />
    <UnitTestResult executionId="70937551-25bc-467c-b65e-f5d128513e7f" testId="53a7f6da-23da-fc3a-ba6a-0d9c3d502d32" testName="System.CommandLine.Tests.ResponseFileTests.When_response_file_options_or_arguments_contain_trailing_spaces_they_are_ignored" computerName="JOSEQU10" duration="00:00:00.0060000" startTime="2022-06-13T12:30:02.5966072-07:00" endTime="2022-06-13T12:30:02.5966072-07:00" testType="13cdc9d9-ddb5-4fa4-a97d-d965ccfc6d4b" outcome="Passed" testListId="8c84fa94-04c1-424b-9868-57a2d4851a1d" relativeResultsDirectory="70937551-25bc-467c-b65e-f5d128513e7f" />
    <UnitTestResult executionId="4e6863d0-866d-4f8f-b4a7-28c8c1127e3f" testId="6b943a87-faf7-b662-4bc3-1cef7946c338" testName="System.CommandLine.Tests.Invocation.TypoCorrectionTests.When_there_are_no_matches_then_nothing_is_suggested" computerName="JOSEQU10" duration="00:00:00.0010000" startTime="2022-06-13T12:30:02.3776067-07:00" endTime="2022-06-13T12:30:02.3776067-07:00" testType="13cdc9d9-ddb5-4fa4-a97d-d965ccfc6d4b" outcome="Passed" testListId="8c84fa94-04c1-424b-9868-57a2d4851a1d" relativeResultsDirectory="4e6863d0-866d-4f8f-b4a7-28c8c1127e3f" />
    <UnitTestResult executionId="a5208bb5-95af-4f37-99a3-85d9da91d298" testId="1644f6ee-f96f-2d15-1b84-94778750a4ac" testName="System.CommandLine.Tests.ParserTests.Boolean_options_are_not_greedy(commandLine: &quot;-x true -y&quot;)" computerName="JOSEQU10" duration="00:00:00.0010000" startTime="2022-06-13T12:30:02.4896432-07:00" endTime="2022-06-13T12:30:02.4896432-07:00" testType="13cdc9d9-ddb5-4fa4-a97d-d965ccfc6d4b" outcome="Passed" testListId="8c84fa94-04c1-424b-9868-57a2d4851a1d" relativeResultsDirectory="a5208bb5-95af-4f37-99a3-85d9da91d298" />
    <UnitTestResult executionId="9165a01b-1aaa-49c1-8675-ed473dfb4869" testId="922849cb-8a4b-a5c1-f270-e61419f95dbb" testName="System.CommandLine.Tests.Help.HelpBuilderTests.Options_aliases_differing_only_by_prefix_are_deduplicated_favoring_dashed_prefixes" computerName="JOSEQU10" duration="00:00:00.0010000" startTime="2022-06-13T12:30:02.6296068-07:00" endTime="2022-06-13T12:30:02.6296068-07:00" testType="13cdc9d9-ddb5-4fa4-a97d-d965ccfc6d4b" outcome="Passed" testListId="8c84fa94-04c1-424b-9868-57a2d4851a1d" relativeResultsDirectory="9165a01b-1aaa-49c1-8675-ed473dfb4869" />
    <UnitTestResult executionId="d62b61d2-2231-4a99-8ee8-1c36b64a16be" testId="fcd7051e-4142-332e-5649-a83685501ecb" testName="System.CommandLine.Tests.Binding.TypeConversionTests.Option_does_not_parse_as_the_default_value_when_the_option_has_been_applied" computerName="JOSEQU10" duration="00:00:00.0010000" startTime="2022-06-13T12:30:02.8026128-07:00" endTime="2022-06-13T12:30:02.8026128-07:00" testType="13cdc9d9-ddb5-4fa4-a97d-d965ccfc6d4b" outcome="Passed" testListId="8c84fa94-04c1-424b-9868-57a2d4851a1d" relativeResultsDirectory="d62b61d2-2231-4a99-8ee8-1c36b64a16be" />
    <UnitTestResult executionId="13332b36-a053-44b6-830f-fc3fc3be0a99" testId="051d0280-be2e-398f-282b-3aee381de8e1" testName="System.CommandLine.Tests.ParserTests.When_nested_commands_all_accept_arguments_then_the_nearest_captures_the_arguments" computerName="JOSEQU10" duration="00:00:00.0010000" startTime="2022-06-13T12:30:02.5456073-07:00" endTime="2022-06-13T12:30:02.5456073-07:00" testType="13cdc9d9-ddb5-4fa4-a97d-d965ccfc6d4b" outcome="Passed" testListId="8c84fa94-04c1-424b-9868-57a2d4851a1d" relativeResultsDirectory="13332b36-a053-44b6-830f-fc3fc3be0a99" />
    <UnitTestResult executionId="65218ad5-37ad-4c84-8ca4-09b5815af319" testId="d53be94b-d1a9-07ef-7bd9-7359cadbb90f" testName="System.CommandLine.Tests.ParserTests.Parser_root_Options_can_be_specified_multiple_times_and_their_arguments_are_collated" computerName="JOSEQU10" duration="00:00:00.0080000" startTime="2022-06-13T12:30:02.5586075-07:00" endTime="2022-06-13T12:30:02.5586075-07:00" testType="13cdc9d9-ddb5-4fa4-a97d-d965ccfc6d4b" outcome="Passed" testListId="8c84fa94-04c1-424b-9868-57a2d4851a1d" relativeResultsDirectory="65218ad5-37ad-4c84-8ca4-09b5815af319" />
    <UnitTestResult executionId="e0b613cd-9ed5-42d0-b22e-26a1bbc1d2fc" testId="6614e6cb-9b77-ecb5-9495-84997e7c1496" testName="System.CommandLine.Tests.Binding.TypeConversionTests.Sequence_type_defaults_to_empty_when_not_specified(sequenceType: typeof(System.Collections.IEnumerable))" computerName="JOSEQU10" duration="00:00:00.0010000" startTime="2022-06-13T12:30:02.6796068-07:00" endTime="2022-06-13T12:30:02.6796068-07:00" testType="13cdc9d9-ddb5-4fa4-a97d-d965ccfc6d4b" outcome="Passed" testListId="8c84fa94-04c1-424b-9868-57a2d4851a1d" relativeResultsDirectory="e0b613cd-9ed5-42d0-b22e-26a1bbc1d2fc" />
    <UnitTestResult executionId="ecd6a83b-7af4-4bb1-bdbb-35dbacec9f17" testId="475f2711-676e-6f3f-c5e4-e9c66466eaac" testName="System.CommandLine.Tests.ResponseFileTests.When_response_file_options_or_arguments_contain_trailing_and_leading_spaces_they_are_ignored" computerName="JOSEQU10" duration="00:00:00.0050000" startTime="2022-06-13T12:30:02.6176061-07:00" endTime="2022-06-13T12:30:02.6176061-07:00" testType="13cdc9d9-ddb5-4fa4-a97d-d965ccfc6d4b" outcome="Passed" testListId="8c84fa94-04c1-424b-9868-57a2d4851a1d" relativeResultsDirectory="ecd6a83b-7af4-4bb1-bdbb-35dbacec9f17" />
    <UnitTestResult executionId="6cee1809-7779-4d38-9a06-7c1e8c5271c8" testId="b5b608c3-6f3b-6f32-433c-bc42925c4edb" testName="System.CommandLine.Tests.Binding.TypeConversionTests.Max_arity_greater_than_1_converts_to_enumerable_types(minArity: 0, maxArity: 3, argumentType: typeof(System.Collections.Generic.IEnumerable&lt;string&gt;))" computerName="JOSEQU10" duration="00:00:00.0010000" startTime="2022-06-13T12:30:02.7096058-07:00" endTime="2022-06-13T12:30:02.7096058-07:00" testType="13cdc9d9-ddb5-4fa4-a97d-d965ccfc6d4b" outcome="Passed" testListId="8c84fa94-04c1-424b-9868-57a2d4851a1d" relativeResultsDirectory="6cee1809-7779-4d38-9a06-7c1e8c5271c8" />
    <UnitTestResult executionId="a981b64b-33d6-4b02-b06d-21d3ced48700" testId="5573afc7-b6c8-0af1-e009-51c0708fbad4" testName="System.CommandLine.Tests.Parsing.CommandLineStringSplitterTests.It_does_not_split_double_quote_delimited_values_when_a_non_whitespace_argument_delimiter_is_used(prefix: &quot;--&quot;, delimiter: ':')" computerName="JOSEQU10" duration="00:00:00.0010000" startTime="2022-06-13T12:30:01.9916061-07:00" endTime="2022-06-13T12:30:01.9916061-07:00" testType="13cdc9d9-ddb5-4fa4-a97d-d965ccfc6d4b" outcome="Passed" testListId="8c84fa94-04c1-424b-9868-57a2d4851a1d" relativeResultsDirectory="a981b64b-33d6-4b02-b06d-21d3ced48700" />
    <UnitTestResult executionId="ef16c9d1-c56a-41c0-a305-ff3daf6db4e2" testId="476bb3fc-0df7-6f23-5af8-3601594a7c58" testName="System.CommandLine.Tests.Binding.TypeConversionTests.Values_can_be_correctly_converted_to_float_without_the_parser_specifying_a_custom_converter" computerName="JOSEQU10" duration="00:00:00.0010000" startTime="2022-06-13T12:30:02.7816090-07:00" endTime="2022-06-13T12:30:02.7816090-07:00" testType="13cdc9d9-ddb5-4fa4-a97d-d965ccfc6d4b" outcome="Passed" testListId="8c84fa94-04c1-424b-9868-57a2d4851a1d" relativeResultsDirectory="ef16c9d1-c56a-41c0-a305-ff3daf6db4e2" />
    <UnitTestResult executionId="71120b71-bac6-4623-ab58-97d15284dad3" testId="f88eb778-9bea-1184-4a39-047ce4409402" testName="System.CommandLine.Tests.ParserTests+MultiplePositions.A_command_can_be_specified_in_more_than_one_position(commandLine: &quot;outer inner2 reused --the-option 456&quot;, expectedParent: &quot;inner2&quot;)" computerName="JOSEQU10" duration="00:00:00.0010000" startTime="2022-06-13T12:30:01.7526061-07:00" endTime="2022-06-13T12:30:01.7526061-07:00" testType="13cdc9d9-ddb5-4fa4-a97d-d965ccfc6d4b" outcome="Passed" testListId="8c84fa94-04c1-424b-9868-57a2d4851a1d" relativeResultsDirectory="71120b71-bac6-4623-ab58-97d15284dad3" />
    <UnitTestResult executionId="709062dc-ea50-4070-ad33-2d5743f68cf9" testId="1403f23a-42c4-29df-3c47-80d4ae16abf7" testName="System.CommandLine.Tests.OptionTests+MultipleArgumentsPerToken+Disallowed.When_max_arity_is_greater_than_1_then_multiple_option_args_are_matched" computerName="JOSEQU10" duration="00:00:00.0010000" startTime="2022-06-13T12:30:01.7806053-07:00" endTime="2022-06-13T12:30:01.7806053-07:00" testType="13cdc9d9-ddb5-4fa4-a97d-d965ccfc6d4b" outcome="Passed" testListId="8c84fa94-04c1-424b-9868-57a2d4851a1d" relativeResultsDirectory="709062dc-ea50-4070-ad33-2d5743f68cf9" />
    <UnitTestResult executionId="a03929ba-3aa0-41eb-87fa-75bd1fd80bdc" testId="22906423-4b91-33e7-a21a-797b8dcac751" testName="System.CommandLine.Tests.ParserTests.When_options_with_the_same_name_are_defined_on_parent_and_child_commands_and_specified_at_the_end_then_it_attaches_to_the_inner_command" computerName="JOSEQU10" duration="00:00:00.0020000" startTime="2022-06-13T12:30:02.5266074-07:00" endTime="2022-06-13T12:30:02.5266074-07:00" testType="13cdc9d9-ddb5-4fa4-a97d-d965ccfc6d4b" outcome="Passed" testListId="8c84fa94-04c1-424b-9868-57a2d4851a1d" relativeResultsDirectory="a03929ba-3aa0-41eb-87fa-75bd1fd80bdc" />
    <UnitTestResult executionId="109d5791-8f5e-4731-8f1a-bcff15268bb4" testId="f2e686c0-2d79-a015-b531-67dd438ea446" testName="System.CommandLine.Tests.GlobalOptionTests.When_a_required_global_option_is_omitted_it_results_in_an_error" computerName="JOSEQU10" duration="00:00:00.2340000" startTime="2022-06-13T12:30:01.6996070-07:00" endTime="2022-06-13T12:30:01.6996070-07:00" testType="13cdc9d9-ddb5-4fa4-a97d-d965ccfc6d4b" outcome="Passed" testListId="8c84fa94-04c1-424b-9868-57a2d4851a1d" relativeResultsDirectory="109d5791-8f5e-4731-8f1a-bcff15268bb4" />
    <UnitTestResult executionId="0001f7ae-4998-494f-8b05-f224ba439e31" testId="bac82071-58fa-ead2-2b91-a45e47859264" testName="System.CommandLine.Tests.ParsingValidationTests.A_command_with_subcommands_is_invalid_to_invoke_if_it_has_no_handler" computerName="JOSEQU10" duration="00:00:00.0010000" startTime="2022-06-13T12:30:02.5536078-07:00" endTime="2022-06-13T12:30:02.5536078-07:00" testType="13cdc9d9-ddb5-4fa4-a97d-d965ccfc6d4b" outcome="Passed" testListId="8c84fa94-04c1-424b-9868-57a2d4851a1d" relativeResultsDirectory="0001f7ae-4998-494f-8b05-f224ba439e31" />
    <UnitTestResult executionId="7708027b-432d-4228-a98f-796f5bbfbc37" testId="50efd4ee-7210-5e1e-4d7a-de63bd4d6377" testName="System.CommandLine.Tests.ParseDirectiveTests.When_there_are_errors_then_parse_directive_sets_exit_code_1" computerName="JOSEQU10" duration="00:00:00.0030000" startTime="2022-06-13T12:30:02.1116088-07:00" endTime="2022-06-13T12:30:02.1116088-07:00" testType="13cdc9d9-ddb5-4fa4-a97d-d965ccfc6d4b" outcome="Passed" testListId="8c84fa94-04c1-424b-9868-57a2d4851a1d" relativeResultsDirectory="7708027b-432d-4228-a98f-796f5bbfbc37" />
    <UnitTestResult executionId="39b5a131-991a-460a-b2f2-2a1ee7995051" testId="60123227-df68-7b12-ad49-7395b4f8430b" testName="System.CommandLine.Tests.CompletionContextTests.When_position_is_greater_than_input_length_in_a_string_command_line_then_it_returns_empty" computerName="JOSEQU10" duration="00:00:00.0010000" startTime="2022-06-13T12:30:01.9326091-07:00" endTime="2022-06-13T12:30:01.9326091-07:00" testType="13cdc9d9-ddb5-4fa4-a97d-d965ccfc6d4b" outcome="Passed" testListId="8c84fa94-04c1-424b-9868-57a2d4851a1d" relativeResultsDirectory="39b5a131-991a-460a-b2f2-2a1ee7995051" />
    <UnitTestResult executionId="d777bf5d-2ce2-4328-b62b-85ef406ca312" testId="05597a5a-1369-543d-3cf4-fae47d64cea2" testName="System.CommandLine.Tests.CommandTests.Outer_command_is_identified_correctly_by_RootCommand" computerName="JOSEQU10" duration="00:00:00.0010000" startTime="2022-06-13T12:30:02.1536088-07:00" endTime="2022-06-13T12:30:02.1536088-07:00" testType="13cdc9d9-ddb5-4fa4-a97d-d965ccfc6d4b" outcome="Passed" testListId="8c84fa94-04c1-424b-9868-57a2d4851a1d" relativeResultsDirectory="d777bf5d-2ce2-4328-b62b-85ef406ca312" />
    <UnitTestResult executionId="47c75bbb-2ce8-4510-b83e-75bde24790cb" testId="07639e18-a1fc-4a6c-2382-52a9bd5b0753" testName="System.CommandLine.Tests.Help.HelpBuilderTests+Customization.Argument_can_fallback_to_default_when_customizing(conditionA: False, conditionB: False, conditionC: False, expected: &quot;\\&lt;arg\\&gt;\\s*description\\s*\\[default\\: default\&quot;...)" computerName="JOSEQU10" duration="00:00:00.0010000" startTime="2022-06-13T12:30:02.2246079-07:00" endTime="2022-06-13T12:30:02.2246079-07:00" testType="13cdc9d9-ddb5-4fa4-a97d-d965ccfc6d4b" outcome="Passed" testListId="8c84fa94-04c1-424b-9868-57a2d4851a1d" relativeResultsDirectory="47c75bbb-2ce8-4510-b83e-75bde24790cb" />
    <UnitTestResult executionId="f012a000-8798-4ec3-b32f-b53a3bb1efdf" testId="72602933-3f6a-a7b2-d093-5d8e09ae5d95" testName="System.CommandLine.Tests.ParsingValidationTests+FileExistence.A_command_argument_with_multiple_FileSystemInfos_can_be_invalid_based_on_file_existence" computerName="JOSEQU10" duration="00:00:00.0020000" startTime="2022-06-13T12:30:02.3666102-07:00" endTime="2022-06-13T12:30:02.3666102-07:00" testType="13cdc9d9-ddb5-4fa4-a97d-d965ccfc6d4b" outcome="Passed" testListId="8c84fa94-04c1-424b-9868-57a2d4851a1d" relativeResultsDirectory="f012a000-8798-4ec3-b32f-b53a3bb1efdf" />
    <UnitTestResult executionId="baee073a-b8fa-4ca8-a965-4cd017e232e0" testId="acbfcb96-f7e7-65b0-c32d-412e74055f49" testName="System.CommandLine.Tests.ArgumentTests+CustomParsing.custom_parsing_of_scalar_value_from_an_argument_with_multiple_tokens" computerName="JOSEQU10" duration="00:00:00.0020000" startTime="2022-06-13T12:30:02.2026090-07:00" endTime="2022-06-13T12:30:02.2026090-07:00" testType="13cdc9d9-ddb5-4fa4-a97d-d965ccfc6d4b" outcome="Passed" testListId="8c84fa94-04c1-424b-9868-57a2d4851a1d" relativeResultsDirectory="baee073a-b8fa-4ca8-a965-4cd017e232e0" />
    <UnitTestResult executionId="a4267d1b-d816-4115-8238-1efdf07ccf8c" testId="2fc237fe-8655-367b-91c5-2d22d7670839" testName="System.CommandLine.Tests.ArgumentTests+CustomParsing.HasDefaultValue_can_be_set_to_false" computerName="JOSEQU10" duration="00:00:00.0010000" startTime="2022-06-13T12:30:02.4446072-07:00" endTime="2022-06-13T12:30:02.4446072-07:00" testType="13cdc9d9-ddb5-4fa4-a97d-d965ccfc6d4b" outcome="Passed" testListId="8c84fa94-04c1-424b-9868-57a2d4851a1d" relativeResultsDirectory="a4267d1b-d816-4115-8238-1efdf07ccf8c" />
    <UnitTestResult executionId="2933e50c-fc60-491a-848f-01af874f04c0" testId="e13a596d-a04e-db4f-cc18-00ed978d3e42" testName="System.CommandLine.Tests.Binding.SetHandlerTests.Binding_is_correct_for_Func_overload_having_arity_(arity: 8)" computerName="JOSEQU10" duration="00:00:00.0010000" startTime="2022-06-13T12:30:02.0296095-07:00" endTime="2022-06-13T12:30:02.0296095-07:00" testType="13cdc9d9-ddb5-4fa4-a97d-d965ccfc6d4b" outcome="Passed" testListId="8c84fa94-04c1-424b-9868-57a2d4851a1d" relativeResultsDirectory="2933e50c-fc60-491a-848f-01af874f04c0" />
    <UnitTestResult executionId="17c5d425-d238-4208-a295-b7519ac889b3" testId="ef888554-dff2-326b-5a48-3295f7554b58" testName="System.CommandLine.Tests.Invocation.InvocationPipelineTests.Invocation_can_be_short_circuited_by_middleware_by_not_calling_next" computerName="JOSEQU10" duration="00:00:00.0680000" startTime="2022-06-13T12:30:02.2426072-07:00" endTime="2022-06-13T12:30:02.2426072-07:00" testType="13cdc9d9-ddb5-4fa4-a97d-d965ccfc6d4b" outcome="Passed" testListId="8c84fa94-04c1-424b-9868-57a2d4851a1d" relativeResultsDirectory="17c5d425-d238-4208-a295-b7519ac889b3" />
    <UnitTestResult executionId="096782d4-9146-4f82-a8e3-f18a14d9763f" testId="2a2b9b7d-4ec4-6b11-bd0c-29704eb955e2" testName="System.CommandLine.Tests.CompletionTests.When_a_subcommand_has_been_specified_then_its_sibling_commands_aliases_will_not_be_suggested" computerName="JOSEQU10" duration="00:00:00.0050000" startTime="2022-06-13T12:30:01.9236084-07:00" endTime="2022-06-13T12:30:01.9236084-07:00" testType="13cdc9d9-ddb5-4fa4-a97d-d965ccfc6d4b" outcome="Passed" testListId="8c84fa94-04c1-424b-9868-57a2d4851a1d" relativeResultsDirectory="096782d4-9146-4f82-a8e3-f18a14d9763f" />
    <UnitTestResult executionId="21048f0d-d9ed-4edc-a30d-bf6002fd3471" testId="00614c2b-900f-7f4e-8c54-4637b0c0dd5f" testName="System.CommandLine.Tests.ParseResultTests.Command_will_not_accept_a_command_if_a_sibling_command_has_already_been_accepted" computerName="JOSEQU10" duration="00:00:00.2330000" startTime="2022-06-13T12:30:01.7016065-07:00" endTime="2022-06-13T12:30:01.7016065-07:00" testType="13cdc9d9-ddb5-4fa4-a97d-d965ccfc6d4b" outcome="Passed" testListId="8c84fa94-04c1-424b-9868-57a2d4851a1d" relativeResultsDirectory="21048f0d-d9ed-4edc-a30d-bf6002fd3471" />
    <UnitTestResult executionId="03eed401-4aaa-4fc1-ba6a-be1a4c4b52fd" testId="dc388e35-2516-0ae9-fd0b-dedb330be21d" testName="System.CommandLine.Tests.ParsingValidationTests.The_parsed_value_of_an_option_is_available_within_a_validator" computerName="JOSEQU10" duration="00:00:00.0010000" startTime="2022-06-13T12:30:02.5916081-07:00" endTime="2022-06-13T12:30:02.5916081-07:00" testType="13cdc9d9-ddb5-4fa4-a97d-d965ccfc6d4b" outcome="Passed" testListId="8c84fa94-04c1-424b-9868-57a2d4851a1d" relativeResultsDirectory="03eed401-4aaa-4fc1-ba6a-be1a4c4b52fd" />
    <UnitTestResult executionId="198e39af-1a4e-46fb-99db-f97d21316a24" testId="cf72cf81-666e-ca1b-47f3-876186b4e8d2" testName="System.CommandLine.Tests.ParserTests.Parse_can_be_called_with_null_args" computerName="JOSEQU10" duration="00:00:00.0010000" startTime="2022-06-13T12:30:02.6086093-07:00" endTime="2022-06-13T12:30:02.6086093-07:00" testType="13cdc9d9-ddb5-4fa4-a97d-d965ccfc6d4b" outcome="Passed" testListId="8c84fa94-04c1-424b-9868-57a2d4851a1d" relativeResultsDirectory="198e39af-1a4e-46fb-99db-f97d21316a24" />
    <UnitTestResult executionId="e67fb6e8-fcd2-4d30-be41-60e69c7ba0ae" testId="5d8f1366-6ceb-d083-c9e0-74feb71c3036" testName="System.CommandLine.Tests.ParserTests+MultipleArguments.When_multiple_arguments_are_present_then_their_order_relative_to_sibling_options_is_not_significant(commandLine: &quot;one --verbose two three four five&quot;)" computerName="JOSEQU10" duration="00:00:00.0010000" startTime="2022-06-13T12:30:01.8596094-07:00" endTime="2022-06-13T12:30:01.8596094-07:00" testType="13cdc9d9-ddb5-4fa4-a97d-d965ccfc6d4b" outcome="Passed" testListId="8c84fa94-04c1-424b-9868-57a2d4851a1d" relativeResultsDirectory="e67fb6e8-fcd2-4d30-be41-60e69c7ba0ae" />
    <UnitTestResult executionId="3e92afab-af2d-4dc5-9538-8e6529a97ff2" testId="7f8f60c9-4b08-46e4-a815-fccfff3c2537" testName="System.CommandLine.Tests.Help.HelpBuilderTests.Usage_section_shows_arguments_if_there_are_arguments_for_command_when_there_is_one_argument(minArity: 1, maxArity: 2, expectedArgsUsage: &quot;&lt;the-args&gt;...&quot;)" computerName="JOSEQU10" duration="00:00:00.0010000" startTime="2022-06-13T12:30:02.6396068-07:00" endTime="2022-06-13T12:30:02.6396068-07:00" testType="13cdc9d9-ddb5-4fa4-a97d-d965ccfc6d4b" outcome="Passed" testListId="8c84fa94-04c1-424b-9868-57a2d4851a1d" relativeResultsDirectory="3e92afab-af2d-4dc5-9538-8e6529a97ff2" />
    <UnitTestResult executionId="ef37bbbd-0721-4350-8bf6-9975e1db11de" testId="6ecaba8d-fa56-4981-a985-5981718960b5" testName="System.CommandLine.Tests.OptionTests.An_option_must_have_at_least_one_alias" computerName="JOSEQU10" duration="00:00:00.0010000" startTime="2022-06-13T12:30:02.3646118-07:00" endTime="2022-06-13T12:30:02.3646118-07:00" testType="13cdc9d9-ddb5-4fa4-a97d-d965ccfc6d4b" outcome="Passed" testListId="8c84fa94-04c1-424b-9868-57a2d4851a1d" relativeResultsDirectory="ef37bbbd-0721-4350-8bf6-9975e1db11de" />
    <UnitTestResult executionId="8b27c7a6-7e8c-4369-997b-d31eea1fb526" testId="55d2f6c7-242f-6dce-26fe-43a69169c5cd" testName="System.CommandLine.Tests.ResponseFileTests.When_response_file_parse_as_space_separated_returns_expected_values(input: &quot;--flag=\&quot;first value\&quot; --flag2=123&quot;)" computerName="JOSEQU10" duration="00:00:00.0050000" startTime="2022-06-13T12:30:02.5376112-07:00" endTime="2022-06-13T12:30:02.5376112-07:00" testType="13cdc9d9-ddb5-4fa4-a97d-d965ccfc6d4b" outcome="Passed" testListId="8c84fa94-04c1-424b-9868-57a2d4851a1d" relativeResultsDirectory="8b27c7a6-7e8c-4369-997b-d31eea1fb526" />
    <UnitTestResult executionId="17cec423-5230-4d9b-9187-665777b85d93" testId="f7b1802a-4563-0b12-0623-5bcb23dc97f4" testName="System.CommandLine.Tests.ParserTests+MultipleArguments.When_multiple_arguments_are_present_then_their_order_relative_to_sibling_options_is_not_significant(commandLine: &quot;one two three --verbose four five&quot;)" computerName="JOSEQU10" duration="00:00:00.0010000" startTime="2022-06-13T12:30:01.8566075-07:00" endTime="2022-06-13T12:30:01.8566075-07:00" testType="13cdc9d9-ddb5-4fa4-a97d-d965ccfc6d4b" outcome="Passed" testListId="8c84fa94-04c1-424b-9868-57a2d4851a1d" relativeResultsDirectory="17cec423-5230-4d9b-9187-665777b85d93" />
    <UnitTestResult executionId="7baa474b-561e-4123-9de1-e0e552894078" testId="e9e0bbc4-2ef1-8803-fc4f-50b40918db67" testName="System.CommandLine.Tests.CommandTests.RootCommand_can_have_aliases" computerName="JOSEQU10" duration="00:00:00.0010000" startTime="2022-06-13T12:30:02.1706086-07:00" endTime="2022-06-13T12:30:02.1706086-07:00" testType="13cdc9d9-ddb5-4fa4-a97d-d965ccfc6d4b" outcome="Passed" testListId="8c84fa94-04c1-424b-9868-57a2d4851a1d" relativeResultsDirectory="7baa474b-561e-4123-9de1-e0e552894078" />
    <UnitTestResult executionId="fb5f6499-b468-4bbd-aa52-69df339e5adc" testId="52aef40d-20be-e9d1-dae7-145742d9e91f" testName="System.CommandLine.Tests.ParserTests.Required_arguments_on_parent_commands_do_not_create_parse_errors_when_an_inner_command_is_specified" computerName="JOSEQU10" duration="00:00:00.0010000" startTime="2022-06-13T12:30:02.5806072-07:00" endTime="2022-06-13T12:30:02.5806072-07:00" testType="13cdc9d9-ddb5-4fa4-a97d-d965ccfc6d4b" outcome="Passed" testListId="8c84fa94-04c1-424b-9868-57a2d4851a1d" relativeResultsDirectory="fb5f6499-b468-4bbd-aa52-69df339e5adc" />
    <UnitTestResult executionId="564dcca0-b457-48de-95fb-326a81542f24" testId="3e29cd19-58dc-49c0-0456-664897087fbd" testName="System.CommandLine.Tests.UseExceptionHandlerTests.UseExceptionHandler_output_can_be_customized" computerName="JOSEQU10" duration="00:00:00.0010000" startTime="2022-06-13T12:30:02.4106086-07:00" endTime="2022-06-13T12:30:02.4106086-07:00" testType="13cdc9d9-ddb5-4fa4-a97d-d965ccfc6d4b" outcome="Passed" testListId="8c84fa94-04c1-424b-9868-57a2d4851a1d" relativeResultsDirectory="564dcca0-b457-48de-95fb-326a81542f24" />
    <UnitTestResult executionId="9a351aff-5999-46f2-9141-1a4009e3f1ed" testId="d1235aa3-3849-dec3-3287-463fc5b43cbb" testName="System.CommandLine.Tests.CompletionContextTests.CommandLineText_preserves_command_line_prior_to_splitting_when_complete_command_line_is_parsed" computerName="JOSEQU10" duration="00:00:00.0010000" startTime="2022-06-13T12:30:01.9566071-07:00" endTime="2022-06-13T12:30:01.9566071-07:00" testType="13cdc9d9-ddb5-4fa4-a97d-d965ccfc6d4b" outcome="Passed" testListId="8c84fa94-04c1-424b-9868-57a2d4851a1d" relativeResultsDirectory="9a351aff-5999-46f2-9141-1a4009e3f1ed" />
    <UnitTestResult executionId="573cb809-54cc-451d-a877-e1e7ff5c0c6f" testId="0351d9d0-3327-df80-c4cf-fd916c7a2614" testName="System.CommandLine.Tests.Help.HelpBuilderTests.Help_layout_has_not_changed" computerName="JOSEQU10" duration="00:00:00.3350000" startTime="2022-06-13T12:30:02.8116069-07:00" endTime="2022-06-13T12:30:02.8116069-07:00" testType="13cdc9d9-ddb5-4fa4-a97d-d965ccfc6d4b" outcome="Passed" testListId="8c84fa94-04c1-424b-9868-57a2d4851a1d" relativeResultsDirectory="573cb809-54cc-451d-a877-e1e7ff5c0c6f" />
    <UnitTestResult executionId="5ea1ae40-9ca2-4dfc-9640-cfe75898c507" testId="eb0c3112-4b4d-3f89-9dd7-ff5efd9eff93" testName="System.CommandLine.Tests.CommandTests.When_Options_is_referenced_before_a_global_option_is_added_then_adding_a_global_option_updates_the_Options_collection" computerName="JOSEQU10" duration="00:00:00.0010000" startTime="2022-06-13T12:30:02.1416086-07:00" endTime="2022-06-13T12:30:02.1416086-07:00" testType="13cdc9d9-ddb5-4fa4-a97d-d965ccfc6d4b" outcome="Passed" testListId="8c84fa94-04c1-424b-9868-57a2d4851a1d" relativeResultsDirectory="5ea1ae40-9ca2-4dfc-9640-cfe75898c507" />
    <UnitTestResult executionId="33f189ab-e1d4-4a7c-ba8c-a853f5501680" testId="8db386ee-5c11-7c8b-dfe7-56b2b4a09adc" testName="System.CommandLine.Tests.ArgumentTests+CustomParsing.Validation_failure_message_can_be_specified_when_evaluating_default_argument_value" computerName="JOSEQU10" duration="00:00:00.0010000" startTime="2022-06-13T12:30:02.6716062-07:00" endTime="2022-06-13T12:30:02.6716062-07:00" testType="13cdc9d9-ddb5-4fa4-a97d-d965ccfc6d4b" outcome="Passed" testListId="8c84fa94-04c1-424b-9868-57a2d4851a1d" relativeResultsDirectory="33f189ab-e1d4-4a7c-ba8c-a853f5501680" />
    <UnitTestResult executionId="c0800fd1-b75d-403b-98dd-8091563f8fc5" testId="cc2c17ac-6825-992e-14fb-d0eb02fc1082" testName="System.CommandLine.Tests.Binding.TypeConversionTests.Values_can_be_correctly_converted_to_uint_without_the_parser_specifying_a_custom_converter" computerName="JOSEQU10" duration="00:00:00.0040000" startTime="2022-06-13T12:30:02.7806085-07:00" endTime="2022-06-13T12:30:02.7806085-07:00" testType="13cdc9d9-ddb5-4fa4-a97d-d965ccfc6d4b" outcome="Passed" testListId="8c84fa94-04c1-424b-9868-57a2d4851a1d" relativeResultsDirectory="c0800fd1-b75d-403b-98dd-8091563f8fc5" />
    <UnitTestResult executionId="85913030-9c44-4c0c-ae83-bcd638fd3829" testId="5275e8b3-3b5a-9ebe-fb21-2c5560049f22" testName="System.CommandLine.Tests.CommandLineConfigurationTests.ThrowIfInvalid_throws_if_there_are_duplicate_sibling_subcommand_aliases_on_a_subcommand" computerName="JOSEQU10" duration="00:00:00.0010000" startTime="2022-06-13T12:30:01.5086074-07:00" endTime="2022-06-13T12:30:01.5086074-07:00" testType="13cdc9d9-ddb5-4fa4-a97d-d965ccfc6d4b" outcome="Passed" testListId="8c84fa94-04c1-424b-9868-57a2d4851a1d" relativeResultsDirectory="85913030-9c44-4c0c-ae83-bcd638fd3829" />
    <UnitTestResult executionId="94c1c8d0-f4c9-4339-a4cc-b57fe5c2daba" testId="c2100ce7-b261-fab5-eb43-6b3aa92b8130" testName="System.CommandLine.Tests.Binding.TypeConversionTests.Sequence_type_defaults_to_empty_when_not_specified(sequenceType: typeof(System.Collections.Generic.ICollection&lt;string&gt;))" computerName="JOSEQU10" duration="00:00:00.2620000" startTime="2022-06-13T12:30:02.6756060-07:00" endTime="2022-06-13T12:30:02.6756060-07:00" testType="13cdc9d9-ddb5-4fa4-a97d-d965ccfc6d4b" outcome="Passed" testListId="8c84fa94-04c1-424b-9868-57a2d4851a1d" relativeResultsDirectory="94c1c8d0-f4c9-4339-a4cc-b57fe5c2daba" />
    <UnitTestResult executionId="ac994adf-4e1d-490f-836a-d691532de45d" testId="228c5d98-4266-0716-6255-b57e77961c4b" testName="System.CommandLine.Tests.ParserTests.Option_short_forms_can_be_bundled" computerName="JOSEQU10" duration="00:00:00.0010000" startTime="2022-06-13T12:30:02.4776085-07:00" endTime="2022-06-13T12:30:02.4776085-07:00" testType="13cdc9d9-ddb5-4fa4-a97d-d965ccfc6d4b" outcome="Passed" testListId="8c84fa94-04c1-424b-9868-57a2d4851a1d" relativeResultsDirectory="ac994adf-4e1d-490f-836a-d691532de45d" />
    <UnitTestResult executionId="1d37d01d-ab92-45db-abcc-da445377b9f8" testId="be7a70f2-8da1-a2bd-658e-0012279b4040" testName="System.CommandLine.Tests.OptionTests.Option_names_do_not_contain_prefix_characters" computerName="JOSEQU10" duration="00:00:00.0010000" startTime="2022-06-13T12:30:02.2906086-07:00" endTime="2022-06-13T12:30:02.2906086-07:00" testType="13cdc9d9-ddb5-4fa4-a97d-d965ccfc6d4b" outcome="Passed" testListId="8c84fa94-04c1-424b-9868-57a2d4851a1d" relativeResultsDirectory="1d37d01d-ab92-45db-abcc-da445377b9f8" />
    <UnitTestResult executionId="a0e92dd1-c62f-4d2f-9d58-70cf42273b90" testId="fac56dc6-3972-9951-6d0d-8e1142f6e09d" testName="System.CommandLine.Tests.Help.HelpBuilderTests.Options_section_retains_multiple_dashes_on_single_char_option" computerName="JOSEQU10" duration="00:00:00.0010000" startTime="2022-06-13T12:30:02.6516073-07:00" endTime="2022-06-13T12:30:02.6516073-07:00" testType="13cdc9d9-ddb5-4fa4-a97d-d965ccfc6d4b" outcome="Passed" testListId="8c84fa94-04c1-424b-9868-57a2d4851a1d" relativeResultsDirectory="a0e92dd1-c62f-4d2f-9d58-70cf42273b90" />
    <UnitTestResult executionId="6f35fbd0-892a-49db-9d3b-5da61040e110" testId="cb980453-7d55-b9d9-7d93-f2719690c8d2" testName="System.CommandLine.Tests.DirectiveTests.Directives_without_a_value_specified_have_a_value_of_empty_string" computerName="JOSEQU10" duration="00:00:00.0010000" startTime="2022-06-13T12:30:02.0816080-07:00" endTime="2022-06-13T12:30:02.0816080-07:00" testType="13cdc9d9-ddb5-4fa4-a97d-d965ccfc6d4b" outcome="Passed" testListId="8c84fa94-04c1-424b-9868-57a2d4851a1d" relativeResultsDirectory="6f35fbd0-892a-49db-9d3b-5da61040e110" />
    <UnitTestResult executionId="56e9cd7f-3636-4147-bc59-4e9964a54792" testId="7c07edce-b11f-3d48-e835-f3d0173acbae" testName="System.CommandLine.Tests.ParseDirectiveTests.When_there_are_errors_then_parse_directive_sets_exit_code_to_custom_value" computerName="JOSEQU10" duration="00:00:00.0100000" startTime="2022-06-13T12:30:02.1596065-07:00" endTime="2022-06-13T12:30:02.1596065-07:00" testType="13cdc9d9-ddb5-4fa4-a97d-d965ccfc6d4b" outcome="Passed" testListId="8c84fa94-04c1-424b-9868-57a2d4851a1d" relativeResultsDirectory="56e9cd7f-3636-4147-bc59-4e9964a54792" />
    <UnitTestResult executionId="a1a2ac44-91e3-44b4-92e3-dc6afa92bc27" testId="5f42e2c8-9b30-ca56-2cf0-c35b8f37ca14" testName="System.CommandLine.Tests.Invocation.InvocationExtensionsTests.RootCommand_Invoke_returns_1_when_handler_throws" computerName="JOSEQU10" duration="00:00:00.0780000" startTime="2022-06-13T12:30:02.2576073-07:00" endTime="2022-06-13T12:30:02.2576073-07:00" testType="13cdc9d9-ddb5-4fa4-a97d-d965ccfc6d4b" outcome="Passed" testListId="8c84fa94-04c1-424b-9868-57a2d4851a1d" relativeResultsDirectory="a1a2ac44-91e3-44b4-92e3-dc6afa92bc27" />
    <UnitTestResult executionId="759c1e07-8889-4e3e-a13c-8c5bbce0b0e6" testId="9d740681-1cd0-c3e7-f798-909663e284ed" testName="System.CommandLine.Tests.CommandExtensionsTests.Implicit_parsers_for_Parse_and_Invoke_do_not_affect_one_another" computerName="JOSEQU10" duration="00:00:00.0090000" startTime="2022-06-13T12:30:02.1646093-07:00" endTime="2022-06-13T12:30:02.1646093-07:00" testType="13cdc9d9-ddb5-4fa4-a97d-d965ccfc6d4b" outcome="Passed" testListId="8c84fa94-04c1-424b-9868-57a2d4851a1d" relativeResultsDirectory="759c1e07-8889-4e3e-a13c-8c5bbce0b0e6">
      <Output>
        <StdOut>Description:&#xD;
&#xD;
Usage:&#xD;
  testhost.net462.x86 [options]&#xD;
&#xD;
Options:&#xD;
  --version       Show version information&#xD;
  -?, -h, --help  Show help and usage information</StdOut>
      </Output>
    </UnitTestResult>
    <UnitTestResult executionId="22fc69c7-1092-438d-9eb8-796a54e579dd" testId="d3beeb34-f909-7537-f434-e33d6741a1a9" testName="System.CommandLine.Tests.CompletionTests.Argument_completions_can_be_based_on_the_proximate_option" computerName="JOSEQU10" duration="00:00:00.0010000" startTime="2022-06-13T12:30:02.1936069-07:00" endTime="2022-06-13T12:30:02.1936069-07:00" testType="13cdc9d9-ddb5-4fa4-a97d-d965ccfc6d4b" outcome="Passed" testListId="8c84fa94-04c1-424b-9868-57a2d4851a1d" relativeResultsDirectory="22fc69c7-1092-438d-9eb8-796a54e579dd" />
    <UnitTestResult executionId="9027d85b-6fd9-4f73-ba38-83d7a1a4e652" testId="ee1fbbe6-a5f0-3960-0d41-c9bd443d5054" testName="System.CommandLine.Tests.ParserTests+MultipleArguments.Multiple_arguments_of_unspecified_type_are_parsed_correctly" computerName="JOSEQU10" duration="00:00:00.0010000" startTime="2022-06-13T12:30:02.5146071-07:00" endTime="2022-06-13T12:30:02.5146071-07:00" testType="13cdc9d9-ddb5-4fa4-a97d-d965ccfc6d4b" outcome="Passed" testListId="8c84fa94-04c1-424b-9868-57a2d4851a1d" relativeResultsDirectory="9027d85b-6fd9-4f73-ba38-83d7a1a4e652" />
    <UnitTestResult executionId="aee1cae7-7710-4172-a62b-ed023821c7fb" testId="64990ca3-31ea-a050-64d6-138a917de6ca" testName="System.CommandLine.Tests.Binding.TypeConversionTests.When_getting_an_array_of_values_and_specifying_a_conversion_type_that_is_not_supported_then_it_throws" computerName="JOSEQU10" duration="00:00:00.0010000" startTime="2022-06-13T12:30:02.7906088-07:00" endTime="2022-06-13T12:30:02.7906088-07:00" testType="13cdc9d9-ddb5-4fa4-a97d-d965ccfc6d4b" outcome="Passed" testListId="8c84fa94-04c1-424b-9868-57a2d4851a1d" relativeResultsDirectory="aee1cae7-7710-4172-a62b-ed023821c7fb" />
    <UnitTestResult executionId="9ba41b2f-a168-48e0-89af-54e268c5f010" testId="7ea331e8-ab03-9256-684b-a72671d5fab2" testName="System.CommandLine.Tests.CommandLineConfigurationTests.ThrowIfInvalid_throws_if_there_are_duplicate_sibling_option_aliases_on_the_root_command" computerName="JOSEQU10" duration="00:00:00.0010000" startTime="2022-06-13T12:30:01.5076081-07:00" endTime="2022-06-13T12:30:01.5076081-07:00" testType="13cdc9d9-ddb5-4fa4-a97d-d965ccfc6d4b" outcome="Passed" testListId="8c84fa94-04c1-424b-9868-57a2d4851a1d" relativeResultsDirectory="9ba41b2f-a168-48e0-89af-54e268c5f010" />
    <UnitTestResult executionId="b66df453-7248-4659-8003-728eb1c5cd87" testId="294ef7e6-34f5-27f2-8e98-badbda1ecf1a" testName="System.CommandLine.Tests.CommandTests.AddGlobalOption_updates_Options_property" computerName="JOSEQU10" duration="00:00:00.0010000" startTime="2022-06-13T12:30:02.1516095-07:00" endTime="2022-06-13T12:30:02.1516095-07:00" testType="13cdc9d9-ddb5-4fa4-a97d-d965ccfc6d4b" outcome="Passed" testListId="8c84fa94-04c1-424b-9868-57a2d4851a1d" relativeResultsDirectory="b66df453-7248-4659-8003-728eb1c5cd87" />
    <UnitTestResult executionId="ff2bdf17-504f-4a1b-b62d-5e109eb4aa5c" testId="bb6c0d29-9f79-7be6-4c86-975e3f4c9f7c" testName="System.CommandLine.Tests.Binding.TypeConversionTests.Values_can_be_correctly_converted_to_nullable_uint_without_the_parser_specifying_a_custom_converter" computerName="JOSEQU10" duration="00:00:00.0020000" startTime="2022-06-13T12:30:02.7656110-07:00" endTime="2022-06-13T12:30:02.7656110-07:00" testType="13cdc9d9-ddb5-4fa4-a97d-d965ccfc6d4b" outcome="Passed" testListId="8c84fa94-04c1-424b-9868-57a2d4851a1d" relativeResultsDirectory="ff2bdf17-504f-4a1b-b62d-5e109eb4aa5c" />
    <UnitTestResult executionId="a140c1bc-4246-471d-880c-2161acb22f3e" testId="e114a3f0-7ff9-283c-0e6c-31f39dc2a17f" testName="System.CommandLine.Tests.Binding.TypeConversionTests.Values_can_be_correctly_converted_to_nullable_float_without_the_parser_specifying_a_custom_converter" computerName="JOSEQU10" duration="00:00:00.0010000" startTime="2022-06-13T12:30:02.7366062-07:00" endTime="2022-06-13T12:30:02.7366062-07:00" testType="13cdc9d9-ddb5-4fa4-a97d-d965ccfc6d4b" outcome="Passed" testListId="8c84fa94-04c1-424b-9868-57a2d4851a1d" relativeResultsDirectory="a140c1bc-4246-471d-880c-2161acb22f3e" />
    <UnitTestResult executionId="1e1e8df7-3db4-4701-9753-ef51e99c8867" testId="981aa8a9-9b9b-d494-7b69-e08e48900904" testName="System.CommandLine.Tests.UseHelpTests.There_are_no_parse_errors_when_help_is_invoked_on_subcommand" computerName="JOSEQU10" duration="00:00:00.0010000" startTime="2022-06-13T12:30:02.1716087-07:00" endTime="2022-06-13T12:30:02.1716087-07:00" testType="13cdc9d9-ddb5-4fa4-a97d-d965ccfc6d4b" outcome="Passed" testListId="8c84fa94-04c1-424b-9868-57a2d4851a1d" relativeResultsDirectory="1e1e8df7-3db4-4701-9753-ef51e99c8867" />
    <UnitTestResult executionId="e2417134-dc0d-44c7-9aa0-2ebd68cb2023" testId="9f3d9b63-c85b-4e91-6d66-32b53c6ecd3f" testName="System.CommandLine.Tests.Help.HelpBuilderTests.Synopsis_section_properly_wraps_description" computerName="JOSEQU10" duration="00:00:00.0010000" startTime="2022-06-13T12:30:02.4586074-07:00" endTime="2022-06-13T12:30:02.4586074-07:00" testType="13cdc9d9-ddb5-4fa4-a97d-d965ccfc6d4b" outcome="Passed" testListId="8c84fa94-04c1-424b-9868-57a2d4851a1d" relativeResultsDirectory="e2417134-dc0d-44c7-9aa0-2ebd68cb2023" />
    <UnitTestResult executionId="912e2f55-5fa1-431a-bcab-11863c39f6bb" testId="786033b0-08eb-d42c-f242-bf5cda23bcda" testName="System.CommandLine.Tests.CompletionTests.Command_argument_completions_can_be_provided_using_a_delegate" computerName="JOSEQU10" duration="00:00:00.0010000" startTime="2022-06-13T12:30:01.9826073-07:00" endTime="2022-06-13T12:30:01.9826073-07:00" testType="13cdc9d9-ddb5-4fa4-a97d-d965ccfc6d4b" outcome="Passed" testListId="8c84fa94-04c1-424b-9868-57a2d4851a1d" relativeResultsDirectory="912e2f55-5fa1-431a-bcab-11863c39f6bb" />
    <UnitTestResult executionId="ea03e820-85f3-4989-a9fe-0c98a58416c5" testId="1379fad0-ced4-9420-f4de-07272775a436" testName="System.CommandLine.Tests.ParserTests.Original_order_of_tokens_is_preserved_in_ParseResult_Tokens(commandLine: &quot;--one 1 --many 1 --many 2&quot;)" computerName="JOSEQU10" duration="00:00:00.0010000" startTime="2022-06-13T12:30:02.3026068-07:00" endTime="2022-06-13T12:30:02.3026068-07:00" testType="13cdc9d9-ddb5-4fa4-a97d-d965ccfc6d4b" outcome="Passed" testListId="8c84fa94-04c1-424b-9868-57a2d4851a1d" relativeResultsDirectory="ea03e820-85f3-4989-a9fe-0c98a58416c5" />
    <UnitTestResult executionId="5aeb9a54-112e-4621-9fcc-3d01588efd6b" testId="be45c27d-f27a-5e77-2341-a31e9b03334d" testName="System.CommandLine.Tests.Binding.TypeConversionTests.Argument_infers_arity_of_IEnumerable_types_as_OneOrMore(type: typeof(System.Collections.Generic.List&lt;int&gt;))" computerName="JOSEQU10" duration="00:00:00.0010000" startTime="2022-06-13T12:30:02.7776103-07:00" endTime="2022-06-13T12:30:02.7776103-07:00" testType="13cdc9d9-ddb5-4fa4-a97d-d965ccfc6d4b" outcome="Passed" testListId="8c84fa94-04c1-424b-9868-57a2d4851a1d" relativeResultsDirectory="5aeb9a54-112e-4621-9fcc-3d01588efd6b" />
    <UnitTestResult executionId="416f0830-eba3-4637-8769-c6167358572b" testId="688c7c78-7175-0323-d631-7e6c4da8e93f" testName="System.CommandLine.Tests.ResponseFileTests.When_response_file_is_specified_it_loads_options_with_arguments_from_response_file" computerName="JOSEQU10" duration="00:00:00.0070000" startTime="2022-06-13T12:30:02.6026070-07:00" endTime="2022-06-13T12:30:02.6026070-07:00" testType="13cdc9d9-ddb5-4fa4-a97d-d965ccfc6d4b" outcome="Passed" testListId="8c84fa94-04c1-424b-9868-57a2d4851a1d" relativeResultsDirectory="416f0830-eba3-4637-8769-c6167358572b" />
    <UnitTestResult executionId="30e51c21-de44-48d3-94e2-57ccd71f1dc0" testId="6d7650f4-973a-fafd-5d4b-09f296ef2ed0" testName="System.CommandLine.Tests.Help.HelpBuilderTests.Option_arguments_with_default_values_that_are_array_display_pipe_delimited_list" computerName="JOSEQU10" duration="00:00:00.0010000" startTime="2022-06-13T12:30:02.8146095-07:00" endTime="2022-06-13T12:30:02.8146095-07:00" testType="13cdc9d9-ddb5-4fa4-a97d-d965ccfc6d4b" outcome="Passed" testListId="8c84fa94-04c1-424b-9868-57a2d4851a1d" relativeResultsDirectory="30e51c21-de44-48d3-94e2-57ccd71f1dc0" />
    <UnitTestResult executionId="86d99d27-ec84-4eb9-b139-2bf91227d52f" testId="f037b953-11d5-0a4f-0494-bb387f69baf2" testName="System.CommandLine.Tests.ParsingValidationTests+FileExistence.An_option_argument_with_multiple_directories_can_be_invalid_based_on_directory_existence" computerName="JOSEQU10" duration="00:00:00.0020000" startTime="2022-06-13T12:30:02.2856086-07:00" endTime="2022-06-13T12:30:02.2856086-07:00" testType="13cdc9d9-ddb5-4fa4-a97d-d965ccfc6d4b" outcome="Passed" testListId="8c84fa94-04c1-424b-9868-57a2d4851a1d" relativeResultsDirectory="86d99d27-ec84-4eb9-b139-2bf91227d52f" />
    <UnitTestResult executionId="7d7674c2-5ad8-48fd-9bb2-11f0935a662c" testId="d03067b8-44ab-05ac-e653-136e27c562c8" testName="System.CommandLine.Tests.ParserTests.Options_only_apply_to_the_nearest_command" computerName="JOSEQU10" duration="00:00:00.0010000" startTime="2022-06-13T12:30:02.5156065-07:00" endTime="2022-06-13T12:30:02.5156065-07:00" testType="13cdc9d9-ddb5-4fa4-a97d-d965ccfc6d4b" outcome="Passed" testListId="8c84fa94-04c1-424b-9868-57a2d4851a1d" relativeResultsDirectory="7d7674c2-5ad8-48fd-9bb2-11f0935a662c" />
    <UnitTestResult executionId="1c5df622-ae4e-44c0-bfdf-cb7235939283" testId="a4fb1c47-03bb-fc59-7594-749503bcfcf3" testName="System.CommandLine.Tests.ParserTests+RootCommandAndArg0.When_parsing_an_unsplit_string_a_root_command_can_be_omitted_from_the_parsed_args" computerName="JOSEQU10" duration="00:00:00.0010000" startTime="2022-06-13T12:30:02.6606074-07:00" endTime="2022-06-13T12:30:02.6606074-07:00" testType="13cdc9d9-ddb5-4fa4-a97d-d965ccfc6d4b" outcome="Passed" testListId="8c84fa94-04c1-424b-9868-57a2d4851a1d" relativeResultsDirectory="1c5df622-ae4e-44c0-bfdf-cb7235939283" />
    <UnitTestResult executionId="3a21daa0-67e7-4c38-9fd4-6afcca076a11" testId="efe84732-e7a0-a700-46d1-85ff32187409" testName="System.CommandLine.Tests.Binding.SetHandlerTests.Binding_is_correct_for_Func_overload_having_arity_(arity: 1)" computerName="JOSEQU10" duration="00:00:00.0640000" startTime="2022-06-13T12:30:02.0276096-07:00" endTime="2022-06-13T12:30:02.0276096-07:00" testType="13cdc9d9-ddb5-4fa4-a97d-d965ccfc6d4b" outcome="Passed" testListId="8c84fa94-04c1-424b-9868-57a2d4851a1d" relativeResultsDirectory="3a21daa0-67e7-4c38-9fd4-6afcca076a11" />
    <UnitTestResult executionId="f0571ec2-4c14-4749-8882-371c14da85ea" testId="703bd765-5ba4-7a05-d256-3ade8cede181" testName="System.CommandLine.Tests.ParsingValidationTests.When_no_option_accepts_arguments_but_one_is_supplied_then_an_error_is_returned" computerName="JOSEQU10" duration="00:00:00.0010000" startTime="2022-06-13T12:30:02.5826083-07:00" endTime="2022-06-13T12:30:02.5826083-07:00" testType="13cdc9d9-ddb5-4fa4-a97d-d965ccfc6d4b" outcome="Passed" testListId="8c84fa94-04c1-424b-9868-57a2d4851a1d" relativeResultsDirectory="f0571ec2-4c14-4749-8882-371c14da85ea">
      <Output>
        <StdOut>ParseResult: ![ the-command [ -x ] ]   ???--&gt; some-arg</StdOut>
      </Output>
    </UnitTestResult>
    <UnitTestResult executionId="6e2f2f32-ea0f-492e-b3bf-891a6c33ebbe" testId="28726830-9487-eaeb-43fc-0a4c2ca6251a" testName="System.CommandLine.Tests.Help.HelpBuilderTests.Usage_section_keeps_added_newlines" computerName="JOSEQU10" duration="00:00:00.0010000" startTime="2022-06-13T12:30:02.8306111-07:00" endTime="2022-06-13T12:30:02.8306111-07:00" testType="13cdc9d9-ddb5-4fa4-a97d-d965ccfc6d4b" outcome="Passed" testListId="8c84fa94-04c1-424b-9868-57a2d4851a1d" relativeResultsDirectory="6e2f2f32-ea0f-492e-b3bf-891a6c33ebbe" />
    <UnitTestResult executionId="eceaa1fd-96b8-4a09-9717-f2ea69f5e081" testId="fe3c4fad-c3c1-e3c5-a47e-1ec0cb83888d" testName="System.CommandLine.Tests.Help.HelpBuilderTests.Usage_section_shows_arguments_if_there_are_arguments_for_command_when_there_is_one_argument(minArity: 1, maxArity: 1, expectedArgsUsage: &quot;&lt;the-args&gt;&quot;)" computerName="JOSEQU10" duration="00:00:00.0010000" startTime="2022-06-13T12:30:02.6356067-07:00" endTime="2022-06-13T12:30:02.6356067-07:00" testType="13cdc9d9-ddb5-4fa4-a97d-d965ccfc6d4b" outcome="Passed" testListId="8c84fa94-04c1-424b-9868-57a2d4851a1d" relativeResultsDirectory="eceaa1fd-96b8-4a09-9717-f2ea69f5e081" />
    <UnitTestResult executionId="6ddd23e7-a549-4ed8-aeb6-7e158f3a34bd" testId="0eb59fae-c028-a436-62be-498c033939ac" testName="System.CommandLine.Tests.SuggestDirectiveTests.It_writes_suggestions_for_option_aliases_under_root_command(input: &quot;[suggest:0]&quot;)" computerName="JOSEQU10" duration="00:00:00.0010000" startTime="2022-06-13T12:30:01.9146072-07:00" endTime="2022-06-13T12:30:01.9146072-07:00" testType="13cdc9d9-ddb5-4fa4-a97d-d965ccfc6d4b" outcome="Passed" testListId="8c84fa94-04c1-424b-9868-57a2d4851a1d" relativeResultsDirectory="6ddd23e7-a549-4ed8-aeb6-7e158f3a34bd" />
    <UnitTestResult executionId="4432241a-fe1e-4967-bb92-bad911998634" testId="3c3ed840-30f2-b38d-39b9-b93cf68c951a" testName="System.CommandLine.Tests.Invocation.InvocationExtensionsTests.RootCommand_InvokeAsync_returns_0_when_handler_is_successful" computerName="JOSEQU10" duration="00:00:00.0010000" startTime="2022-06-13T12:30:02.4476077-07:00" endTime="2022-06-13T12:30:02.4476077-07:00" testType="13cdc9d9-ddb5-4fa4-a97d-d965ccfc6d4b" outcome="Passed" testListId="8c84fa94-04c1-424b-9868-57a2d4851a1d" relativeResultsDirectory="4432241a-fe1e-4967-bb92-bad911998634" />
    <UnitTestResult executionId="d1527624-3249-479d-8a89-5948a53e8fb6" testId="fa6818b5-b1ab-b724-ae49-55e3c66d5cdc" testName="System.CommandLine.Tests.OptionTests.Option_T_default_value_factory_can_be_set_after_instantiation" computerName="JOSEQU10" duration="00:00:00.0010000" startTime="2022-06-13T12:30:02.3176082-07:00" endTime="2022-06-13T12:30:02.3176082-07:00" testType="13cdc9d9-ddb5-4fa4-a97d-d965ccfc6d4b" outcome="Passed" testListId="8c84fa94-04c1-424b-9868-57a2d4851a1d" relativeResultsDirectory="d1527624-3249-479d-8a89-5948a53e8fb6" />
    <UnitTestResult executionId="2b921419-7dc3-44ed-8c8f-12e648d58569" testId="2e3c4daa-ef50-f860-5db3-805efed59c5d" testName="System.CommandLine.Tests.RootCommandTests.When_Name_is_set_then_executable_name_is_still_an_alias" computerName="JOSEQU10" duration="00:00:00.2450000" startTime="2022-06-13T12:30:01.9006090-07:00" endTime="2022-06-13T12:30:01.9006090-07:00" testType="13cdc9d9-ddb5-4fa4-a97d-d965ccfc6d4b" outcome="Passed" testListId="8c84fa94-04c1-424b-9868-57a2d4851a1d" relativeResultsDirectory="2b921419-7dc3-44ed-8c8f-12e648d58569" />
    <UnitTestResult executionId="66f188a9-9a52-4e9d-b467-7b26c502a94a" testId="c4c2724f-c6dd-3f4e-3737-c5288577a6b7" testName="System.CommandLine.Tests.Binding.TypeConversionTests.Max_arity_greater_than_1_converts_to_enumerable_types(minArity: 1, maxArity: 3, argumentType: typeof(System.Collections.Generic.List&lt;string&gt;))" computerName="JOSEQU10" duration="00:00:00.0010000" startTime="2022-06-13T12:30:02.7186084-07:00" endTime="2022-06-13T12:30:02.7186084-07:00" testType="13cdc9d9-ddb5-4fa4-a97d-d965ccfc6d4b" outcome="Passed" testListId="8c84fa94-04c1-424b-9868-57a2d4851a1d" relativeResultsDirectory="66f188a9-9a52-4e9d-b467-7b26c502a94a" />
    <UnitTestResult executionId="787e3661-8222-4d40-8893-a6746e8fb0e6" testId="2b85956d-a508-39c4-47da-5c6bec5be288" testName="System.CommandLine.Tests.OptionTests.HasAlias_accepts_prefixed_short_value" computerName="JOSEQU10" duration="00:00:00.0010000" startTime="2022-06-13T12:30:02.3736056-07:00" endTime="2022-06-13T12:30:02.3736056-07:00" testType="13cdc9d9-ddb5-4fa4-a97d-d965ccfc6d4b" outcome="Passed" testListId="8c84fa94-04c1-424b-9868-57a2d4851a1d" relativeResultsDirectory="787e3661-8222-4d40-8893-a6746e8fb0e6" />
    <UnitTestResult executionId="293b8017-7b31-4d26-a5dd-f84bf53cfffb" testId="e97d8949-3e87-3ef3-55af-8928e7dd3ea5" testName="System.CommandLine.Tests.ParsingValidationTests+FileExistence.An_option_argument_with_multiple_FileSystemInfos_can_be_invalid_based_on_file_existence" computerName="JOSEQU10" duration="00:00:00.0010000" startTime="2022-06-13T12:30:02.4836066-07:00" endTime="2022-06-13T12:30:02.4836066-07:00" testType="13cdc9d9-ddb5-4fa4-a97d-d965ccfc6d4b" outcome="Passed" testListId="8c84fa94-04c1-424b-9868-57a2d4851a1d" relativeResultsDirectory="293b8017-7b31-4d26-a5dd-f84bf53cfffb" />
    <UnitTestResult executionId="df4c8015-390d-4262-8c7f-915434de7c40" testId="cb2ed069-7082-7588-5e28-6cfdae580736" testName="System.CommandLine.Tests.Help.HelpBuilderTests.Options_section_includes_option_with_empty_description" computerName="JOSEQU10" duration="00:00:00.0010000" startTime="2022-06-13T12:30:02.4196082-07:00" endTime="2022-06-13T12:30:02.4196082-07:00" testType="13cdc9d9-ddb5-4fa4-a97d-d965ccfc6d4b" outcome="Passed" testListId="8c84fa94-04c1-424b-9868-57a2d4851a1d" relativeResultsDirectory="df4c8015-390d-4262-8c7f-915434de7c40" />
    <UnitTestResult executionId="f9b07886-e53f-4bfe-a6e1-2f9971f64905" testId="02aec12b-662e-fc1c-194f-d3778a62ca1a" testName="System.CommandLine.Tests.ParserTests.When_an_option_with_a_default_value_is_not_matched_then_there_are_no_tokens" computerName="JOSEQU10" duration="00:00:00.0010000" startTime="2022-06-13T12:30:02.6106089-07:00" endTime="2022-06-13T12:30:02.6106089-07:00" testType="13cdc9d9-ddb5-4fa4-a97d-d965ccfc6d4b" outcome="Passed" testListId="8c84fa94-04c1-424b-9868-57a2d4851a1d" relativeResultsDirectory="f9b07886-e53f-4bfe-a6e1-2f9971f64905" />
    <UnitTestResult executionId="033fcb0a-123c-4af5-9ef3-a98f46135884" testId="ee840b74-9ad5-87eb-ca42-f1c2a23d13f4" testName="System.CommandLine.Tests.ParserTests.Command_argument_arity_can_be_a_fixed_value_greater_than_1" computerName="JOSEQU10" duration="00:00:00.0010000" startTime="2022-06-13T12:30:02.4826068-07:00" endTime="2022-06-13T12:30:02.4826068-07:00" testType="13cdc9d9-ddb5-4fa4-a97d-d965ccfc6d4b" outcome="Passed" testListId="8c84fa94-04c1-424b-9868-57a2d4851a1d" relativeResultsDirectory="033fcb0a-123c-4af5-9ef3-a98f46135884" />
    <UnitTestResult executionId="4161eed5-bd36-461b-a96f-ca01e2f35801" testId="8f10b8b6-6cb4-3ed6-6982-9f67017fdbd6" testName="System.CommandLine.Tests.Invocation.InvocationExtensionsTests.Command_Invoke_uses_default_pipeline_by_default" computerName="JOSEQU10" duration="00:00:00.0010000" startTime="2022-06-13T12:30:02.4256089-07:00" endTime="2022-06-13T12:30:02.4256089-07:00" testType="13cdc9d9-ddb5-4fa4-a97d-d965ccfc6d4b" outcome="Passed" testListId="8c84fa94-04c1-424b-9868-57a2d4851a1d" relativeResultsDirectory="4161eed5-bd36-461b-a96f-ca01e2f35801" />
    <UnitTestResult executionId="4b8286fb-7e4e-4e16-934e-828589052ce7" testId="1914c66b-b034-bcd1-1c0b-205e9e7d30c6" testName="System.CommandLine.Tests.ParserTests.Single_option_arguments_that_match_option_aliases_are_parsed_correctly" computerName="JOSEQU10" duration="00:00:00.0010000" startTime="2022-06-13T12:30:02.1426101-07:00" endTime="2022-06-13T12:30:02.1426101-07:00" testType="13cdc9d9-ddb5-4fa4-a97d-d965ccfc6d4b" outcome="Passed" testListId="8c84fa94-04c1-424b-9868-57a2d4851a1d" relativeResultsDirectory="4b8286fb-7e4e-4e16-934e-828589052ce7" />
    <UnitTestResult executionId="2fd104d6-6843-416d-959a-13ae68e2a6af" testId="22ff85c1-cdb8-44bb-7394-9c9d7568fbc8" testName="System.CommandLine.Tests.ResponseFileTests.When_response_file_parse_as_space_separated_returns_expected_values(input: &quot;--flag:\&quot;first value\&quot; --flag2:123&quot;)" computerName="JOSEQU10" duration="00:00:00.0070000" startTime="2022-06-13T12:30:02.4786075-07:00" endTime="2022-06-13T12:30:02.4786075-07:00" testType="13cdc9d9-ddb5-4fa4-a97d-d965ccfc6d4b" outcome="Passed" testListId="8c84fa94-04c1-424b-9868-57a2d4851a1d" relativeResultsDirectory="2fd104d6-6843-416d-959a-13ae68e2a6af" />
    <UnitTestResult executionId="6ca8404e-1801-45bc-9fef-598f3c3e7bbf" testId="4e8217d0-0eb1-3bb5-a229-f59542fa5d1d" testName="System.CommandLine.Tests.UseHelpTests.UseHelp_with_custom_aliases_default_aliases_replaced(helpAlias: &quot;-?&quot;)" computerName="JOSEQU10" duration="00:00:00.0010000" startTime="2022-06-13T12:30:02.2406077-07:00" endTime="2022-06-13T12:30:02.2406077-07:00" testType="13cdc9d9-ddb5-4fa4-a97d-d965ccfc6d4b" outcome="Passed" testListId="8c84fa94-04c1-424b-9868-57a2d4851a1d" relativeResultsDirectory="6ca8404e-1801-45bc-9fef-598f3c3e7bbf" />
    <UnitTestResult executionId="4784e853-5fcd-4cec-8c1c-246e45b8c345" testId="c48ae148-0ba6-4280-c833-f26892cba006" testName="System.CommandLine.Tests.ArgumentTests+CustomParsing.Symbol_can_be_found_without_explicitly_traversing_result_tree(commandLine: &quot;-x value-x -y value-y&quot;)" computerName="JOSEQU10" duration="00:00:00.0020000" startTime="2022-06-13T12:30:02.2216068-07:00" endTime="2022-06-13T12:30:02.2216068-07:00" testType="13cdc9d9-ddb5-4fa4-a97d-d965ccfc6d4b" outcome="Passed" testListId="8c84fa94-04c1-424b-9868-57a2d4851a1d" relativeResultsDirectory="4784e853-5fcd-4cec-8c1c-246e45b8c345" />
    <UnitTestResult executionId="4f43e6f3-cff9-4235-aef9-ea968695f4f5" testId="86650feb-e18e-8412-645c-ecd01ac84a85" testName="System.CommandLine.Tests.ParsingValidationTests+FileExistence.Option_argument_does_not_return_errors_when_file_exists" computerName="JOSEQU10" duration="00:00:00.0110000" startTime="2022-06-13T12:30:02.1846072-07:00" endTime="2022-06-13T12:30:02.1846072-07:00" testType="13cdc9d9-ddb5-4fa4-a97d-d965ccfc6d4b" outcome="Passed" testListId="8c84fa94-04c1-424b-9868-57a2d4851a1d" relativeResultsDirectory="4f43e6f3-cff9-4235-aef9-ea968695f4f5" />
    <UnitTestResult executionId="fbc4dc8d-c614-4031-8380-bbd5d8b5a453" testId="b0e8f779-33ae-e8f6-468e-f14809498c24" testName="System.CommandLine.Tests.SuggestDirectiveTests.It_writes_suggestions_for_option_aliases_under_root_command(input: &quot;[suggest] &quot;)" computerName="JOSEQU10" duration="00:00:00.0010000" startTime="2022-06-13T12:30:01.9136077-07:00" endTime="2022-06-13T12:30:01.9136077-07:00" testType="13cdc9d9-ddb5-4fa4-a97d-d965ccfc6d4b" outcome="Passed" testListId="8c84fa94-04c1-424b-9868-57a2d4851a1d" relativeResultsDirectory="fbc4dc8d-c614-4031-8380-bbd5d8b5a453" />
    <UnitTestResult executionId="9674c4f4-8500-4526-a70e-d1b7e07a7822" testId="76d7d570-b439-073c-b643-5aecdf21fac3" testName="System.CommandLine.Tests.Binding.TypeConversionTests.Sequence_type_defaults_to_empty_when_not_specified(sequenceType: typeof(System.Collections.Generic.List&lt;int&gt;))" computerName="JOSEQU10" duration="00:00:00.0010000" startTime="2022-06-13T12:30:02.6816075-07:00" endTime="2022-06-13T12:30:02.6816075-07:00" testType="13cdc9d9-ddb5-4fa4-a97d-d965ccfc6d4b" outcome="Passed" testListId="8c84fa94-04c1-424b-9868-57a2d4851a1d" relativeResultsDirectory="9674c4f4-8500-4526-a70e-d1b7e07a7822" />
    <UnitTestResult executionId="efe6a037-c8f4-4ec1-a239-cf2884ae6f63" testId="465009b0-7990-f5f5-8715-4dac05fe5d7c" testName="System.CommandLine.Tests.Binding.TypeConversionTests.Command_argument_of_FileInfo_returns_null_when_argument_is_not_provided" computerName="JOSEQU10" duration="00:00:00.0010000" startTime="2022-06-13T12:30:02.7826100-07:00" endTime="2022-06-13T12:30:02.7826100-07:00" testType="13cdc9d9-ddb5-4fa4-a97d-d965ccfc6d4b" outcome="Passed" testListId="8c84fa94-04c1-424b-9868-57a2d4851a1d" relativeResultsDirectory="efe6a037-c8f4-4ec1-a239-cf2884ae6f63" />
    <UnitTestResult executionId="7474ea00-d152-4dcc-b878-f54856d8f02c" testId="5d68064d-daaa-d760-bd53-63fc1525aafd" testName="System.CommandLine.Tests.VersionOptionTests.When_the_version_option_is_specified_then_the_version_is_written_to_standard_out" computerName="JOSEQU10" duration="00:00:00.0010000" startTime="2022-06-13T12:30:02.0896082-07:00" endTime="2022-06-13T12:30:02.0896082-07:00" testType="13cdc9d9-ddb5-4fa4-a97d-d965ccfc6d4b" outcome="Passed" testListId="8c84fa94-04c1-424b-9868-57a2d4851a1d" relativeResultsDirectory="7474ea00-d152-4dcc-b878-f54856d8f02c" />
    <UnitTestResult executionId="4d636e20-21ef-4285-8297-c8d751115b93" testId="3bda99d9-d6fb-86a0-4ad9-f1e9b76c5d29" testName="System.CommandLine.Tests.CompletionTests.When_parsing_from_array_then_argument_completions_are_based_on_the_proximate_option" computerName="JOSEQU10" duration="00:00:00.0040000" startTime="2022-06-13T12:30:02.0936082-07:00" endTime="2022-06-13T12:30:02.0936082-07:00" testType="13cdc9d9-ddb5-4fa4-a97d-d965ccfc6d4b" outcome="Passed" testListId="8c84fa94-04c1-424b-9868-57a2d4851a1d" relativeResultsDirectory="4d636e20-21ef-4285-8297-c8d751115b93" />
    <UnitTestResult executionId="b051ab79-29f1-46f9-a154-910c5777e245" testId="9e3ceb6c-8d24-d68b-6ab6-fe5ba58ec338" testName="System.CommandLine.Tests.CommandTests.Subcommands_can_have_aliases" computerName="JOSEQU10" duration="00:00:00.0010000" startTime="2022-06-13T12:30:02.1856089-07:00" endTime="2022-06-13T12:30:02.1856089-07:00" testType="13cdc9d9-ddb5-4fa4-a97d-d965ccfc6d4b" outcome="Passed" testListId="8c84fa94-04c1-424b-9868-57a2d4851a1d" relativeResultsDirectory="b051ab79-29f1-46f9-a154-910c5777e245" />
    <UnitTestResult executionId="a06cc428-ac32-4606-a790-58cbbdfaf45d" testId="df24f017-93fe-679e-1e12-21134f34c5f7" testName="System.CommandLine.Tests.Help.HelpBuilderTests+Customization.Customize_throws_when_symbol_is_null" computerName="JOSEQU10" duration="00:00:00.0010000" startTime="2022-06-13T12:30:02.3836065-07:00" endTime="2022-06-13T12:30:02.3836065-07:00" testType="13cdc9d9-ddb5-4fa4-a97d-d965ccfc6d4b" outcome="Passed" testListId="8c84fa94-04c1-424b-9868-57a2d4851a1d" relativeResultsDirectory="a06cc428-ac32-4606-a790-58cbbdfaf45d" />
    <UnitTestResult executionId="fc83f959-4b3a-4d40-b5cf-ebf223c1eddb" testId="e19b5edd-e4ed-24a1-b1b2-53add198b56d" testName="System.CommandLine.Tests.Binding.SetHandlerTests.Binding_is_correct_for_Action_overload_having_arity_(arity: 1)" computerName="JOSEQU10" duration="00:00:00.0010000" startTime="2022-06-13T12:30:02.2056086-07:00" endTime="2022-06-13T12:30:02.2056086-07:00" testType="13cdc9d9-ddb5-4fa4-a97d-d965ccfc6d4b" outcome="Passed" testListId="8c84fa94-04c1-424b-9868-57a2d4851a1d" relativeResultsDirectory="fc83f959-4b3a-4d40-b5cf-ebf223c1eddb" />
    <UnitTestResult executionId="ffc8ab90-83de-45fe-8006-b03c30083a28" testId="f4e37fc4-f7af-1ec1-4fde-72c121206c68" testName="System.CommandLine.Tests.ParserTests+MultiplePositions.When_an_option_is_shared_between_an_outer_and_inner_command_then_specifying_in_one_does_not_result_in_error_on_other(commandLine: &quot;outer inner --the-option xyz&quot;)" computerName="JOSEQU10" duration="00:00:00.0010000" startTime="2022-06-13T12:30:01.7476060-07:00" endTime="2022-06-13T12:30:01.7476060-07:00" testType="13cdc9d9-ddb5-4fa4-a97d-d965ccfc6d4b" outcome="Passed" testListId="8c84fa94-04c1-424b-9868-57a2d4851a1d" relativeResultsDirectory="ffc8ab90-83de-45fe-8006-b03c30083a28" />
    <UnitTestResult executionId="c007a35b-e2d3-4256-819c-ca0b8e84939e" testId="af05e9a1-9316-366e-63f2-e29bcf1c7609" testName="System.CommandLine.Tests.Binding.TypeConversionTests.Values_can_be_correctly_converted_to_byte_without_the_parser_specifying_a_custom_converter" computerName="JOSEQU10" duration="00:00:00.0010000" startTime="2022-06-13T12:30:02.8066091-07:00" endTime="2022-06-13T12:30:02.8066091-07:00" testType="13cdc9d9-ddb5-4fa4-a97d-d965ccfc6d4b" outcome="Passed" testListId="8c84fa94-04c1-424b-9868-57a2d4851a1d" relativeResultsDirectory="c007a35b-e2d3-4256-819c-ca0b8e84939e" />
    <UnitTestResult executionId="16c281a1-74bd-4075-8353-640ff63d12be" testId="2fe0e175-7ad7-c379-3621-15aa7276b652" testName="System.CommandLine.Tests.ArgumentTests+CustomParsing.Custom_parser_can_pass_on_remaining_tokens(commandLine: &quot;-o 999 1 2 3 4 5 6 7 8&quot;)" computerName="JOSEQU10" duration="00:00:00.0010000" startTime="2022-06-13T12:30:02.3226087-07:00" endTime="2022-06-13T12:30:02.3226087-07:00" testType="13cdc9d9-ddb5-4fa4-a97d-d965ccfc6d4b" outcome="Passed" testListId="8c84fa94-04c1-424b-9868-57a2d4851a1d" relativeResultsDirectory="16c281a1-74bd-4075-8353-640ff63d12be" />
    <UnitTestResult executionId="f031e36f-983d-4605-bc4b-da63c1748adf" testId="eedfab86-2b0e-136c-8a31-9f5fa7c6f26b" testName="System.CommandLine.Tests.TokenReplacementTests.Token_replacer_will_delete_token_when_delegate_returns_true_and_sets_tokens_to_empty_array" computerName="JOSEQU10" duration="00:00:00.0010000" startTime="2022-06-13T12:30:02.0486077-07:00" endTime="2022-06-13T12:30:02.0486077-07:00" testType="13cdc9d9-ddb5-4fa4-a97d-d965ccfc6d4b" outcome="Passed" testListId="8c84fa94-04c1-424b-9868-57a2d4851a1d" relativeResultsDirectory="f031e36f-983d-4605-bc4b-da63c1748adf" />
    <UnitTestResult executionId="cfcf52fb-9845-4f3b-b310-c1bc5884bb83" testId="c04c9819-19fd-c3d7-dc90-5906f12af004" testName="System.CommandLine.Tests.Help.HelpBuilderTests.Options_section_is_not_included_if_only_subcommands_configured" computerName="JOSEQU10" duration="00:00:00.0010000" startTime="2022-06-13T12:30:02.4266084-07:00" endTime="2022-06-13T12:30:02.4266084-07:00" testType="13cdc9d9-ddb5-4fa4-a97d-d965ccfc6d4b" outcome="Passed" testListId="8c84fa94-04c1-424b-9868-57a2d4851a1d" relativeResultsDirectory="cfcf52fb-9845-4f3b-b310-c1bc5884bb83" />
    <UnitTestResult executionId="e4e703b4-d5a5-4162-9f41-7ac520743095" testId="d09ebefd-71c7-a5b2-12f4-ddf49814ce4d" testName="System.CommandLine.Tests.Binding.TypeConversionTests.By_default_a_bool_option_without_arguments_parses_as_false_when_it_is_not_applied" computerName="JOSEQU10" duration="00:00:00.0010000" startTime="2022-06-13T12:30:02.7036087-07:00" endTime="2022-06-13T12:30:02.7036087-07:00" testType="13cdc9d9-ddb5-4fa4-a97d-d965ccfc6d4b" outcome="Passed" testListId="8c84fa94-04c1-424b-9868-57a2d4851a1d" relativeResultsDirectory="e4e703b4-d5a5-4162-9f41-7ac520743095" />
    <UnitTestResult executionId="ea5c955f-96a8-4b2f-b7d8-5a083e221f12" testId="b227262e-c600-8644-1c38-986583219d19" testName="System.CommandLine.Tests.ParsingValidationTests+FileExistence.Command_argument_does_not_return_errors_when_file_exists" computerName="JOSEQU10" duration="00:00:00.0030000" startTime="2022-06-13T12:30:02.3296089-07:00" endTime="2022-06-13T12:30:02.3296089-07:00" testType="13cdc9d9-ddb5-4fa4-a97d-d965ccfc6d4b" outcome="Passed" testListId="8c84fa94-04c1-424b-9868-57a2d4851a1d" relativeResultsDirectory="ea5c955f-96a8-4b2f-b7d8-5a083e221f12" />
    <UnitTestResult executionId="22348574-1f8b-4556-8411-5b2985c1113a" testId="861008ba-750b-057e-4c9b-d8656f40c16a" testName="System.CommandLine.Tests.SplitCommandLineTests.It_does_not_split_double_quote_delimited_values_when_a_non_whitespace_argument_delimiter_is_used(prefix: &quot;-&quot;, delimiter: ':')" computerName="JOSEQU10" duration="00:00:00.0010000" startTime="2022-06-13T12:30:01.8876080-07:00" endTime="2022-06-13T12:30:01.8876080-07:00" testType="13cdc9d9-ddb5-4fa4-a97d-d965ccfc6d4b" outcome="Passed" testListId="8c84fa94-04c1-424b-9868-57a2d4851a1d" relativeResultsDirectory="22348574-1f8b-4556-8411-5b2985c1113a" />
    <UnitTestResult executionId="d2c7a10b-313e-4654-804b-3af64cba75dd" testId="578c0ac1-f743-d0d3-8855-fd920bfea2e6" testName="System.CommandLine.Tests.ArgumentTests+CustomParsing.Symbol_can_be_found_without_explicitly_traversing_result_tree(commandLine: &quot;-y value-y -x value-x&quot;)" computerName="JOSEQU10" duration="00:00:00.0010000" startTime="2022-06-13T12:30:02.2226064-07:00" endTime="2022-06-13T12:30:02.2226064-07:00" testType="13cdc9d9-ddb5-4fa4-a97d-d965ccfc6d4b" outcome="Passed" testListId="8c84fa94-04c1-424b-9868-57a2d4851a1d" relativeResultsDirectory="d2c7a10b-313e-4654-804b-3af64cba75dd" />
    <UnitTestResult executionId="b549e505-d62e-4251-85dc-548c4645b144" testId="bc616ca3-b13c-b651-fdaa-0c8d8ef67a65" testName="System.CommandLine.Tests.ArgumentTests+CustomParsing.Custom_argument_parser_is_only_called_once" computerName="JOSEQU10" duration="00:00:00.0010000" startTime="2022-06-13T12:30:02.6636068-07:00" endTime="2022-06-13T12:30:02.6636068-07:00" testType="13cdc9d9-ddb5-4fa4-a97d-d965ccfc6d4b" outcome="Passed" testListId="8c84fa94-04c1-424b-9868-57a2d4851a1d" relativeResultsDirectory="b549e505-d62e-4251-85dc-548c4645b144" />
    <UnitTestResult executionId="d45a415f-9230-4ba3-850d-b9aa064e97f9" testId="3384d366-7408-7a95-583e-7a9243577073" testName="System.CommandLine.Tests.ParsingValidationTests+FileExistence.Command_argument_does_not_return_errors_when_Directory_exists" computerName="JOSEQU10" duration="00:00:00.0010000" startTime="2022-06-13T12:30:02.4056087-07:00" endTime="2022-06-13T12:30:02.4056087-07:00" testType="13cdc9d9-ddb5-4fa4-a97d-d965ccfc6d4b" outcome="Passed" testListId="8c84fa94-04c1-424b-9868-57a2d4851a1d" relativeResultsDirectory="d45a415f-9230-4ba3-850d-b9aa064e97f9" />
    <UnitTestResult executionId="50fa9d8a-906d-4405-ba3a-30ee8772a42c" testId="e8290e8f-880d-4d45-572a-af346cdc9729" testName="System.CommandLine.Tests.ArgumentTests+CustomParsing.When_custom_parser_passes_on_tokens_the_argument_result_tokens_reflect_the_change" computerName="JOSEQU10" duration="00:00:00.0010000" startTime="2022-06-13T12:30:02.6626064-07:00" endTime="2022-06-13T12:30:02.6626064-07:00" testType="13cdc9d9-ddb5-4fa4-a97d-d965ccfc6d4b" outcome="Passed" testListId="8c84fa94-04c1-424b-9868-57a2d4851a1d" relativeResultsDirectory="50fa9d8a-906d-4405-ba3a-30ee8772a42c" />
    <UnitTestResult executionId="cc524146-2490-4108-9d27-e2ccb8eced5f" testId="260fef9d-c332-cb08-542c-1362647c8eb6" testName="System.CommandLine.Tests.Help.HelpBuilderTests+Customization.Command_arguments_can_customize_default_value" computerName="JOSEQU10" duration="00:00:00.0010000" startTime="2022-06-13T12:30:02.3746094-07:00" endTime="2022-06-13T12:30:02.3746094-07:00" testType="13cdc9d9-ddb5-4fa4-a97d-d965ccfc6d4b" outcome="Passed" testListId="8c84fa94-04c1-424b-9868-57a2d4851a1d" relativeResultsDirectory="cc524146-2490-4108-9d27-e2ccb8eced5f" />
    <UnitTestResult executionId="8b3e4598-6860-4b46-b1e6-34022ae28bf8" testId="5bf81900-ceed-0d83-e3da-d2225f7e2b91" testName="System.CommandLine.Tests.Binding.TypeConversionTests.Max_arity_greater_than_1_converts_to_enumerable_types(minArity: 0, maxArity: 100000, argumentType: typeof(string[]))" computerName="JOSEQU10" duration="00:00:00.0010000" startTime="2022-06-13T12:30:02.7106061-07:00" endTime="2022-06-13T12:30:02.7106061-07:00" testType="13cdc9d9-ddb5-4fa4-a97d-d965ccfc6d4b" outcome="Passed" testListId="8c84fa94-04c1-424b-9868-57a2d4851a1d" relativeResultsDirectory="8b3e4598-6860-4b46-b1e6-34022ae28bf8" />
    <UnitTestResult executionId="dc10285f-cfca-4213-aafa-237b98dd3847" testId="64e51264-8e74-1843-3a75-b8b522a8f09a" testName="System.CommandLine.Tests.ParserTests.Option_aliases_do_not_need_to_be_prefixed" computerName="JOSEQU10" duration="00:00:00.0010000" startTime="2022-06-13T12:30:02.3516067-07:00" endTime="2022-06-13T12:30:02.3516067-07:00" testType="13cdc9d9-ddb5-4fa4-a97d-d965ccfc6d4b" outcome="Passed" testListId="8c84fa94-04c1-424b-9868-57a2d4851a1d" relativeResultsDirectory="dc10285f-cfca-4213-aafa-237b98dd3847" />
    <UnitTestResult executionId="a534b727-156f-482f-a456-2aea83dfd6ad" testId="5c04b272-592b-e6b5-e6a3-3f9cbcdba0bb" testName="System.CommandLine.Tests.Help.HelpBuilderTests.Arguments_section_does_not_contain_hidden_argument" computerName="JOSEQU10" duration="00:00:00.0010000" startTime="2022-06-13T12:30:02.3356063-07:00" endTime="2022-06-13T12:30:02.3356063-07:00" testType="13cdc9d9-ddb5-4fa4-a97d-d965ccfc6d4b" outcome="Passed" testListId="8c84fa94-04c1-424b-9868-57a2d4851a1d" relativeResultsDirectory="a534b727-156f-482f-a456-2aea83dfd6ad" />
    <UnitTestResult executionId="c596bacc-62e6-4ad7-9db4-b5fc345a9f28" testId="71609bd1-7af0-2663-6300-c74a1dcc6065" testName="System.CommandLine.Tests.ArgumentTests+CustomParsing.When_tokens_are_passed_on_by_custom_parser_on_last_argument_then_they_become_unparsed_tokens" computerName="JOSEQU10" duration="00:00:00.0010000" startTime="2022-06-13T12:30:02.4176097-07:00" endTime="2022-06-13T12:30:02.4176097-07:00" testType="13cdc9d9-ddb5-4fa4-a97d-d965ccfc6d4b" outcome="Passed" testListId="8c84fa94-04c1-424b-9868-57a2d4851a1d" relativeResultsDirectory="c596bacc-62e6-4ad7-9db4-b5fc345a9f28" />
    <UnitTestResult executionId="8561decf-7109-4cef-a7a1-2b8be988621d" testId="279019a0-ecd4-141c-7fce-76fe3165d451" testName="System.CommandLine.Tests.DirectiveTests.When_a_directive_is_specified_more_than_once_then_its_values_are_aggregated" computerName="JOSEQU10" duration="00:00:00.0010000" startTime="2022-06-13T12:30:01.8046062-07:00" endTime="2022-06-13T12:30:01.8046062-07:00" testType="13cdc9d9-ddb5-4fa4-a97d-d965ccfc6d4b" outcome="Passed" testListId="8c84fa94-04c1-424b-9868-57a2d4851a1d" relativeResultsDirectory="8561decf-7109-4cef-a7a1-2b8be988621d" />
    <UnitTestResult executionId="5f6e1578-18ac-4fba-851a-bb4175cfaa4d" testId="586a15e9-8f85-9924-c889-902d60b1036a" testName="System.CommandLine.Tests.ParsingValidationTests.The_parsed_value_of_an_argument_is_available_within_a_validator" computerName="JOSEQU10" duration="00:00:00.0010000" startTime="2022-06-13T12:30:02.5706070-07:00" endTime="2022-06-13T12:30:02.5706070-07:00" testType="13cdc9d9-ddb5-4fa4-a97d-d965ccfc6d4b" outcome="Passed" testListId="8c84fa94-04c1-424b-9868-57a2d4851a1d" relativeResultsDirectory="5f6e1578-18ac-4fba-851a-bb4175cfaa4d" />
    <UnitTestResult executionId="7126eeae-4e9a-456d-b579-d042f3d478db" testId="85a2c9e8-85a3-0c22-daeb-75c31cea390f" testName="System.CommandLine.Tests.ParserTests.Original_order_of_tokens_is_preserved_in_ParseResult_Tokens(commandLine: &quot;--one 1 --many 1 --many 2 arg1 arg2&quot;)" computerName="JOSEQU10" duration="00:00:00.0010000" startTime="2022-06-13T12:30:02.3056089-07:00" endTime="2022-06-13T12:30:02.3056089-07:00" testType="13cdc9d9-ddb5-4fa4-a97d-d965ccfc6d4b" outcome="Passed" testListId="8c84fa94-04c1-424b-9868-57a2d4851a1d" relativeResultsDirectory="7126eeae-4e9a-456d-b579-d042f3d478db" />
    <UnitTestResult executionId="9e1e587a-6aa7-4c84-9990-8937b641f8ac" testId="2c42ad7b-9488-6b10-287a-d04dca9b08a7" testName="System.CommandLine.Tests.UseHelpTests.UseHelp_accepts_default_values(value: &quot;--help&quot;)" computerName="JOSEQU10" duration="00:00:00.0010000" startTime="2022-06-13T12:30:02.4146091-07:00" endTime="2022-06-13T12:30:02.4146091-07:00" testType="13cdc9d9-ddb5-4fa4-a97d-d965ccfc6d4b" outcome="Passed" testListId="8c84fa94-04c1-424b-9868-57a2d4851a1d" relativeResultsDirectory="9e1e587a-6aa7-4c84-9990-8937b641f8ac" />
    <UnitTestResult executionId="bebc7818-809e-4bdc-8edb-c4a36420b83c" testId="f198f86c-cbda-5eee-742e-aad05061fbc3" testName="System.CommandLine.Tests.ParserTests.When_an_option_argument_is_enclosed_in_double_quotes_its_value_retains_the_quotes(arg1: &quot;-x:&quot;, arg2: &quot;\&quot;\&quot;&quot;)" computerName="JOSEQU10" duration="00:00:00.0010000" startTime="2022-06-13T12:30:02.0596100-07:00" endTime="2022-06-13T12:30:02.0596100-07:00" testType="13cdc9d9-ddb5-4fa4-a97d-d965ccfc6d4b" outcome="Passed" testListId="8c84fa94-04c1-424b-9868-57a2d4851a1d" relativeResultsDirectory="bebc7818-809e-4bdc-8edb-c4a36420b83c" />
    <UnitTestResult executionId="56b59cc3-b433-4c1f-8901-698e6703936d" testId="7cae383a-f0eb-2db2-ef14-379339bdf815" testName="System.CommandLine.Tests.Binding.SetHandlerTests.Binding_is_correct_for_Func_overload_having_arity_(arity: 6)" computerName="JOSEQU10" duration="00:00:00.0010000" startTime="2022-06-13T12:30:02.0306097-07:00" endTime="2022-06-13T12:30:02.0306097-07:00" testType="13cdc9d9-ddb5-4fa4-a97d-d965ccfc6d4b" outcome="Passed" testListId="8c84fa94-04c1-424b-9868-57a2d4851a1d" relativeResultsDirectory="56b59cc3-b433-4c1f-8901-698e6703936d" />
    <UnitTestResult executionId="8b1ea0e3-f8d8-4f34-854d-b8e92eb554b5" testId="f89fb551-2062-556e-f76f-e6dc7e3e2176" testName="System.CommandLine.Tests.ParserTests.When_option_arguments_are_fewer_than_minimum_arity_then_an_error_is_returned" computerName="JOSEQU10" duration="00:00:00.0010000" startTime="2022-06-13T12:30:02.4326072-07:00" endTime="2022-06-13T12:30:02.4326072-07:00" testType="13cdc9d9-ddb5-4fa4-a97d-d965ccfc6d4b" outcome="Passed" testListId="8c84fa94-04c1-424b-9868-57a2d4851a1d" relativeResultsDirectory="8b1ea0e3-f8d8-4f34-854d-b8e92eb554b5" />
    <UnitTestResult executionId="89baf3d5-264b-4d04-9f7b-c10ace9aafa3" testId="f0ee84db-70b2-ab79-adf2-565974bd6fde" testName="System.CommandLine.Tests.ParserTests+RootCommandAndArg0.When_parsing_an_unsplit_string_then_a_renamed_RootCommand_can_be_omitted_from_the_parsed_args" computerName="JOSEQU10" duration="00:00:00.0010000" startTime="2022-06-13T12:30:02.5086084-07:00" endTime="2022-06-13T12:30:02.5086084-07:00" testType="13cdc9d9-ddb5-4fa4-a97d-d965ccfc6d4b" outcome="Passed" testListId="8c84fa94-04c1-424b-9868-57a2d4851a1d" relativeResultsDirectory="89baf3d5-264b-4d04-9f7b-c10ace9aafa3" />
    <UnitTestResult executionId="451888ba-db52-4fba-8312-048aab7d6085" testId="93a22788-41c4-6bc5-6594-5977dd4eee9c" testName="System.CommandLine.Tests.OptionTests.When_Name_is_set_to_its_current_value_then_it_is_not_removed_from_aliases" computerName="JOSEQU10" duration="00:00:00.0010000" startTime="2022-06-13T12:30:02.3246093-07:00" endTime="2022-06-13T12:30:02.3246093-07:00" testType="13cdc9d9-ddb5-4fa4-a97d-d965ccfc6d4b" outcome="Passed" testListId="8c84fa94-04c1-424b-9868-57a2d4851a1d" relativeResultsDirectory="451888ba-db52-4fba-8312-048aab7d6085" />
    <UnitTestResult executionId="60eca660-8b78-426e-b117-8d8fc6c309b8" testId="a89f625d-def0-cb62-e64e-162da4e2cb91" testName="System.CommandLine.Tests.CompletionTests.Options_that_have_been_specified_to_their_maximum_arity_are_not_suggested" computerName="JOSEQU10" duration="00:00:00.0010000" startTime="2022-06-13T12:30:01.9316088-07:00" endTime="2022-06-13T12:30:01.9316088-07:00" testType="13cdc9d9-ddb5-4fa4-a97d-d965ccfc6d4b" outcome="Passed" testListId="8c84fa94-04c1-424b-9868-57a2d4851a1d" relativeResultsDirectory="60eca660-8b78-426e-b117-8d8fc6c309b8" />
    <UnitTestResult executionId="0fece5ac-c212-476b-95f6-e88639b18ed2" testId="f347d628-ce49-0561-5311-e824befb397f" testName="System.CommandLine.Tests.ParserTests.When_an_option_is_not_respecified_but_limit_is_reached_then_the_following_token_is_considered_an_argument_to_the_parent_command" computerName="JOSEQU10" duration="00:00:00.0010000" startTime="2022-06-13T12:30:02.0846067-07:00" endTime="2022-06-13T12:30:02.0846067-07:00" testType="13cdc9d9-ddb5-4fa4-a97d-d965ccfc6d4b" outcome="Passed" testListId="8c84fa94-04c1-424b-9868-57a2d4851a1d" relativeResultsDirectory="0fece5ac-c212-476b-95f6-e88639b18ed2" />
    <UnitTestResult executionId="eec8ccbf-78e7-43ea-95d7-3789a528ff56" testId="52018b09-e82b-a347-1b76-85d0170b2341" testName="System.CommandLine.Tests.ArgumentTests+CustomParsing.Command_ArgumentResult_Parent_is_set_correctly_when_token_is_implicit" computerName="JOSEQU10" duration="00:00:00.0010000" startTime="2022-06-13T12:30:02.6616073-07:00" endTime="2022-06-13T12:30:02.6616073-07:00" testType="13cdc9d9-ddb5-4fa4-a97d-d965ccfc6d4b" outcome="Passed" testListId="8c84fa94-04c1-424b-9868-57a2d4851a1d" relativeResultsDirectory="eec8ccbf-78e7-43ea-95d7-3789a528ff56" />
    <UnitTestResult executionId="7b5a5881-596e-4aa8-8645-e8e0dee0d012" testId="09840a9b-8dd6-34ee-6ef0-5434187f9bd4" testName="System.CommandLine.Tests.ArgumentTests.When_Name_is_explicitly_set_then_adding_aliases_does_not_change_it" computerName="JOSEQU10" duration="00:00:00.0090000" startTime="2022-06-13T12:30:01.8826078-07:00" endTime="2022-06-13T12:30:01.8826078-07:00" testType="13cdc9d9-ddb5-4fa4-a97d-d965ccfc6d4b" outcome="Passed" testListId="8c84fa94-04c1-424b-9868-57a2d4851a1d" relativeResultsDirectory="7b5a5881-596e-4aa8-8645-e8e0dee0d012" />
  </Results>
  <TestDefinitions>
    <UnitTest name="System.CommandLine.Tests.CommandTests.Inner_command_option_argument_is_identified_correctly" storage="c:\dev\command-line-api\src\system.commandline.tests\bin\debug\net462\system.commandline.tests.dll" id="6ff8cd02-e627-0bb9-9a66-fc71eb573fec">
      <Execution id="f3f67426-74af-4a31-ae8b-5241fd1db39c" />
      <TestMethod codeBase="C:\dev\command-line-api\src\System.CommandLine.Tests\bin\Debug\net462\System.CommandLine.Tests.dll" adapterTypeName="executor://xunit/VsTestRunner2/net" className="System.CommandLine.Tests.CommandTests" name="Inner_command_option_argument_is_identified_correctly" />
    </UnitTest>
    <UnitTest name="System.CommandLine.Tests.SuggestDirectiveTests.It_writes_suggestions_for_option_aliases_under_root_command(input: &quot;[suggest:0]&quot;)" storage="c:\dev\command-line-api\src\system.commandline.tests\bin\debug\net462\system.commandline.tests.dll" id="0eb59fae-c028-a436-62be-498c033939ac">
      <Execution id="6ddd23e7-a549-4ed8-aeb6-7e158f3a34bd" />
      <TestMethod codeBase="C:\dev\command-line-api\src\System.CommandLine.Tests\bin\Debug\net462\System.CommandLine.Tests.dll" adapterTypeName="executor://xunit/VsTestRunner2/net" className="System.CommandLine.Tests.SuggestDirectiveTests" name="It_writes_suggestions_for_option_aliases_under_root_command" />
    </UnitTest>
    <UnitTest name="System.CommandLine.Tests.Invocation.InvocationExtensionsTests.Command_InvokeAsync_uses_default_pipeline_by_default" storage="c:\dev\command-line-api\src\system.commandline.tests\bin\debug\net462\system.commandline.tests.dll" id="22482f42-f088-7106-844a-b0b41346a82c">
      <Execution id="1db56b84-b657-4fb1-9f5a-b3d698c2b0fc" />
      <TestMethod codeBase="C:\dev\command-line-api\src\System.CommandLine.Tests\bin\Debug\net462\System.CommandLine.Tests.dll" adapterTypeName="executor://xunit/VsTestRunner2/net" className="System.CommandLine.Tests.Invocation.InvocationExtensionsTests" name="Command_InvokeAsync_uses_default_pipeline_by_default" />
    </UnitTest>
    <UnitTest name="System.CommandLine.Tests.Help.HelpBuilderTests.Command_arguments_show_argument_name_in_first_column" storage="c:\dev\command-line-api\src\system.commandline.tests\bin\debug\net462\system.commandline.tests.dll" id="b2cc18df-cf5a-87a7-c185-c8f2ad1c9dad">
      <Execution id="6536551b-7d0c-4aab-8fcd-35a193a3f18c" />
      <TestMethod codeBase="C:\dev\command-line-api\src\System.CommandLine.Tests\bin\Debug\net462\System.CommandLine.Tests.dll" adapterTypeName="executor://xunit/VsTestRunner2/net" className="System.CommandLine.Tests.Help.HelpBuilderTests" name="Command_arguments_show_argument_name_in_first_column" />
    </UnitTest>
    <UnitTest name="System.CommandLine.Tests.OptionTests.Argument_retains_name_when_it_is_provided" storage="c:\dev\command-line-api\src\system.commandline.tests\bin\debug\net462\system.commandline.tests.dll" id="fdd8e98c-8390-b1c7-76c8-95986e6839b9">
      <Execution id="ab1d50c3-48b6-4b72-8c3f-7794bcf44d06" />
      <TestMethod codeBase="C:\dev\command-line-api\src\System.CommandLine.Tests\bin\Debug\net462\System.CommandLine.Tests.dll" adapterTypeName="executor://xunit/VsTestRunner2/net" className="System.CommandLine.Tests.OptionTests" name="Argument_retains_name_when_it_is_provided" />
    </UnitTest>
    <UnitTest name="System.CommandLine.Tests.TokenReplacementTests.Expanded_tokens_containing_whitespace_are_parsed_as_single_tokens" storage="c:\dev\command-line-api\src\system.commandline.tests\bin\debug\net462\system.commandline.tests.dll" id="ed514b2f-7e50-9b64-69f6-094d770cf7ad">
      <Execution id="2399fed3-6e13-4838-ab17-912979a20473" />
      <TestMethod codeBase="C:\dev\command-line-api\src\System.CommandLine.Tests\bin\Debug\net462\System.CommandLine.Tests.dll" adapterTypeName="executor://xunit/VsTestRunner2/net" className="System.CommandLine.Tests.TokenReplacementTests" name="Expanded_tokens_containing_whitespace_are_parsed_as_single_tokens" />
    </UnitTest>
    <UnitTest name="System.CommandLine.Tests.ArgumentTests+CustomParsing.Custom_parser_can_pass_on_remaining_tokens(commandLine: &quot;1 2 3 4 5 6 7 8&quot;)" storage="c:\dev\command-line-api\src\system.commandline.tests\bin\debug\net462\system.commandline.tests.dll" id="4d290eba-57d3-fde3-6439-a7be1e2da2e8">
      <Execution id="ee9c08dc-fe69-4f21-be34-6452d9443fa1" />
      <TestMethod codeBase="C:\dev\command-line-api\src\System.CommandLine.Tests\bin\Debug\net462\System.CommandLine.Tests.dll" adapterTypeName="executor://xunit/VsTestRunner2/net" className="System.CommandLine.Tests.ArgumentTests+CustomParsing" name="Custom_parser_can_pass_on_remaining_tokens" />
    </UnitTest>
    <UnitTest name="System.CommandLine.Tests.Help.HelpBuilderTests.Options_aliases_differing_only_by_prefix_are_deduplicated_favoring_dashed_prefixes" storage="c:\dev\command-line-api\src\system.commandline.tests\bin\debug\net462\system.commandline.tests.dll" id="922849cb-8a4b-a5c1-f270-e61419f95dbb">
      <Execution id="9165a01b-1aaa-49c1-8675-ed473dfb4869" />
      <TestMethod codeBase="C:\dev\command-line-api\src\System.CommandLine.Tests\bin\Debug\net462\System.CommandLine.Tests.dll" adapterTypeName="executor://xunit/VsTestRunner2/net" className="System.CommandLine.Tests.Help.HelpBuilderTests" name="Options_aliases_differing_only_by_prefix_are_deduplicated_favoring_dashed_prefixes" />
    </UnitTest>
    <UnitTest name="System.CommandLine.Tests.OptionTests.Option_aliases_are_case_sensitive" storage="c:\dev\command-line-api\src\system.commandline.tests\bin\debug\net462\system.commandline.tests.dll" id="4ade295d-e306-bb05-851b-0d01e7376585">
      <Execution id="bffff157-a128-4816-81aa-6f64cce1c1a9" />
      <TestMethod codeBase="C:\dev\command-line-api\src\System.CommandLine.Tests\bin\Debug\net462\System.CommandLine.Tests.dll" adapterTypeName="executor://xunit/VsTestRunner2/net" className="System.CommandLine.Tests.OptionTests" name="Option_aliases_are_case_sensitive" />
    </UnitTest>
    <UnitTest name="System.CommandLine.Tests.ParserTests.Invalid_char_in_bundle_causes_rest_to_be_interpreted_as_value" storage="c:\dev\command-line-api\src\system.commandline.tests\bin\debug\net462\system.commandline.tests.dll" id="8464ae0a-0008-aa9a-0bc0-75967211b6a8">
      <Execution id="ec55e58a-251d-4a62-8ea8-7d5fa765c45a" />
      <TestMethod codeBase="C:\dev\command-line-api\src\System.CommandLine.Tests\bin\Debug\net462\System.CommandLine.Tests.dll" adapterTypeName="executor://xunit/VsTestRunner2/net" className="System.CommandLine.Tests.ParserTests" name="Invalid_char_in_bundle_causes_rest_to_be_interpreted_as_value" />
    </UnitTest>
    <UnitTest name="System.CommandLine.Tests.CommandTests.ParseResult_Command_identifies_innermost_command(input: &quot;outer inner inner-er&quot;, expectedCommand: &quot;inner-er&quot;)" storage="c:\dev\command-line-api\src\system.commandline.tests\bin\debug\net462\system.commandline.tests.dll" id="60d71034-adc5-fc32-6235-270ae0520929">
      <Execution id="d769092b-002a-4d98-b239-f8f2a080cfbd" />
      <TestMethod codeBase="C:\dev\command-line-api\src\System.CommandLine.Tests\bin\Debug\net462\System.CommandLine.Tests.dll" adapterTypeName="executor://xunit/VsTestRunner2/net" className="System.CommandLine.Tests.CommandTests" name="ParseResult_Command_identifies_innermost_command" />
    </UnitTest>
    <UnitTest name="System.CommandLine.Tests.ResponseFileTests.When_response_file_parse_as_space_separated_returns_expected_values(input: &quot;--flag \&quot;first value\&quot; --flag2 123&quot;)" storage="c:\dev\command-line-api\src\system.commandline.tests\bin\debug\net462\system.commandline.tests.dll" id="27eddf58-2be1-693f-e0d6-9d865f6e367a">
      <Execution id="966771f1-4145-4a6f-bb9a-cd8d68a41205" />
      <TestMethod codeBase="C:\dev\command-line-api\src\System.CommandLine.Tests\bin\Debug\net462\System.CommandLine.Tests.dll" adapterTypeName="executor://xunit/VsTestRunner2/net" className="System.CommandLine.Tests.ResponseFileTests" name="When_response_file_parse_as_space_separated_returns_expected_values" />
    </UnitTest>
    <UnitTest name="System.CommandLine.Tests.Binding.TypeConversionTests.Values_can_be_correctly_converted_to_ulong_without_the_parser_specifying_a_custom_converter" storage="c:\dev\command-line-api\src\system.commandline.tests\bin\debug\net462\system.commandline.tests.dll" id="f5342758-e8c4-a438-2214-3b4e93287b4b">
      <Execution id="d882b28b-2017-4b57-9117-3f310f50a598" />
      <TestMethod codeBase="C:\dev\command-line-api\src\System.CommandLine.Tests\bin\Debug\net462\System.CommandLine.Tests.dll" adapterTypeName="executor://xunit/VsTestRunner2/net" className="System.CommandLine.Tests.Binding.TypeConversionTests" name="Values_can_be_correctly_converted_to_ulong_without_the_parser_specifying_a_custom_converter" />
    </UnitTest>
    <UnitTest name="System.CommandLine.Tests.Help.HelpBuilderTests.Arguments_section_properly_wraps" storage="c:\dev\command-line-api\src\system.commandline.tests\bin\debug\net462\system.commandline.tests.dll" id="d12cfbbb-1ab5-84c3-20d1-c950c9ccf1ed">
      <Execution id="1fd22533-72ea-4ae3-9c47-89398f0bfe6c" />
      <TestMethod codeBase="C:\dev\command-line-api\src\System.CommandLine.Tests\bin\Debug\net462\System.CommandLine.Tests.dll" adapterTypeName="executor://xunit/VsTestRunner2/net" className="System.CommandLine.Tests.Help.HelpBuilderTests" name="Arguments_section_properly_wraps" />
    </UnitTest>
    <UnitTest name="System.CommandLine.Tests.Help.HelpBuilderTests.Arguments_section_is_not_included_if_there_are_only_options_with_arguments_configured" storage="c:\dev\command-line-api\src\system.commandline.tests\bin\debug\net462\system.commandline.tests.dll" id="2cf56132-51f6-ce17-c209-9c44eb3e7058">
      <Execution id="e603d619-424f-4946-ba28-ba1648031aea" />
      <TestMethod codeBase="C:\dev\command-line-api\src\System.CommandLine.Tests\bin\Debug\net462\System.CommandLine.Tests.dll" adapterTypeName="executor://xunit/VsTestRunner2/net" className="System.CommandLine.Tests.Help.HelpBuilderTests" name="Arguments_section_is_not_included_if_there_are_only_options_with_arguments_configured" />
    </UnitTest>
    <UnitTest name="System.CommandLine.Tests.ParsingValidationTests+FileNameValidity.LegalFileNamesOnly_accepts_option_arguments_containing_valid_file_name_characters" storage="c:\dev\command-line-api\src\system.commandline.tests\bin\debug\net462\system.commandline.tests.dll" id="de090c04-8024-dd5a-b09f-2f133e3bada4">
      <Execution id="c411bcc8-8929-4d1d-bf4a-91348173f03e" />
      <TestMethod codeBase="C:\dev\command-line-api\src\System.CommandLine.Tests\bin\Debug\net462\System.CommandLine.Tests.dll" adapterTypeName="executor://xunit/VsTestRunner2/net" className="System.CommandLine.Tests.ParsingValidationTests+FileNameValidity" name="LegalFileNamesOnly_accepts_option_arguments_containing_valid_file_name_characters" />
    </UnitTest>
    <UnitTest name="System.CommandLine.Tests.Invocation.InvocationPipelineTests.Synchronous_invocation_can_be_short_circuited_by_async_middleware_by_not_calling_next" storage="c:\dev\command-line-api\src\system.commandline.tests\bin\debug\net462\system.commandline.tests.dll" id="1c3814b4-4c9b-2f5a-6310-7da0a4565700">
      <Execution id="db74dc53-004a-40aa-8bf2-78e50cbfdf36" />
      <TestMethod codeBase="C:\dev\command-line-api\src\System.CommandLine.Tests\bin\Debug\net462\System.CommandLine.Tests.dll" adapterTypeName="executor://xunit/VsTestRunner2/net" className="System.CommandLine.Tests.Invocation.InvocationPipelineTests" name="Synchronous_invocation_can_be_short_circuited_by_async_middleware_by_not_calling_next" />
    </UnitTest>
    <UnitTest name="System.CommandLine.Tests.CommandTests.Aliases_is_aware_of_added_alias" storage="c:\dev\command-line-api\src\system.commandline.tests\bin\debug\net462\system.commandline.tests.dll" id="3905dcc0-4216-e64c-25d9-017be63e6388">
      <Execution id="afa40457-114a-431c-b2b1-d08ae8f2091f" />
      <TestMethod codeBase="C:\dev\command-line-api\src\System.CommandLine.Tests\bin\Debug\net462\System.CommandLine.Tests.dll" adapterTypeName="executor://xunit/VsTestRunner2/net" className="System.CommandLine.Tests.CommandTests" name="Aliases_is_aware_of_added_alias" />
    </UnitTest>
    <UnitTest name="System.CommandLine.Tests.Help.HelpBuilderTests+Customization.Argument_can_fallback_to_default_when_customizing(conditionA: True, conditionB: False, conditionC: True, expected: &quot;custom 1st\\s*description\\s*\\[default\\: custom &quot;...)" storage="c:\dev\command-line-api\src\system.commandline.tests\bin\debug\net462\system.commandline.tests.dll" id="bf2f00ac-9e0f-fdfc-355a-5643fd170a2d">
      <Execution id="e6e1dbc6-e115-4fc1-b25d-fe8d4b868e91" />
      <TestMethod codeBase="C:\dev\command-line-api\src\System.CommandLine.Tests\bin\Debug\net462\System.CommandLine.Tests.dll" adapterTypeName="executor://xunit/VsTestRunner2/net" className="System.CommandLine.Tests.Help.HelpBuilderTests+Customization" name="Argument_can_fallback_to_default_when_customizing" />
    </UnitTest>
    <UnitTest name="System.CommandLine.Tests.CommandExtensionsTests.Invoke_extension_method_reuses_implicit_parser_instance" storage="c:\dev\command-line-api\src\system.commandline.tests\bin\debug\net462\system.commandline.tests.dll" id="c0891627-3bb1-c366-1b42-62017a5f4ae1">
      <Execution id="5e1b2072-a4f2-458b-a73a-bc79671bfb4c" />
      <TestMethod codeBase="C:\dev\command-line-api\src\System.CommandLine.Tests\bin\Debug\net462\System.CommandLine.Tests.dll" adapterTypeName="executor://xunit/VsTestRunner2/net" className="System.CommandLine.Tests.CommandExtensionsTests" name="Invoke_extension_method_reuses_implicit_parser_instance" />
    </UnitTest>
    <UnitTest name="System.CommandLine.Tests.Binding.SetHandlerTests.Binding_is_correct_for_Action_overload_having_arity_(arity: 5)" storage="c:\dev\command-line-api\src\system.commandline.tests\bin\debug\net462\system.commandline.tests.dll" id="d13dddec-f27f-1cd6-2c5f-fb15c7c98c86">
      <Execution id="5be65897-8fec-4917-8da1-2d50b7d8b454" />
      <TestMethod codeBase="C:\dev\command-line-api\src\System.CommandLine.Tests\bin\Debug\net462\System.CommandLine.Tests.dll" adapterTypeName="executor://xunit/VsTestRunner2/net" className="System.CommandLine.Tests.Binding.SetHandlerTests" name="Binding_is_correct_for_Action_overload_having_arity_" />
    </UnitTest>
    <UnitTest name="System.CommandLine.Tests.ParserTests+MultipleArguments.When_multiple_arguments_are_present_then_their_order_relative_to_sibling_options_is_not_significant(commandLine: &quot;one --verbose true two three four five&quot;)" storage="c:\dev\command-line-api\src\system.commandline.tests\bin\debug\net462\system.commandline.tests.dll" id="e0d2829e-0c3d-6d52-067a-2d7e90fbec4f">
      <Execution id="0dc6168c-7837-4854-8e9b-fc080d543372" />
      <TestMethod codeBase="C:\dev\command-line-api\src\System.CommandLine.Tests\bin\Debug\net462\System.CommandLine.Tests.dll" adapterTypeName="executor://xunit/VsTestRunner2/net" className="System.CommandLine.Tests.ParserTests+MultipleArguments" name="When_multiple_arguments_are_present_then_their_order_relative_to_sibling_options_is_not_significant" />
    </UnitTest>
    <UnitTest name="System.CommandLine.Tests.ParseResultTests.HasOption_can_be_used_to_check_the_presence_of_an_implicit_option" storage="c:\dev\command-line-api\src\system.commandline.tests\bin\debug\net462\system.commandline.tests.dll" id="7ddb80ac-d411-16bd-8bb9-591ae075929f">
      <Execution id="20b86ec0-dcb1-4ca3-b254-0cad49361b0c" />
      <TestMethod codeBase="C:\dev\command-line-api\src\System.CommandLine.Tests\bin\Debug\net462\System.CommandLine.Tests.dll" adapterTypeName="executor://xunit/VsTestRunner2/net" className="System.CommandLine.Tests.ParseResultTests" name="HasOption_can_be_used_to_check_the_presence_of_an_implicit_option" />
    </UnitTest>
    <UnitTest name="System.CommandLine.Tests.SplitCommandLineTests.It_does_not_break_up_double_quote_delimited_values" storage="c:\dev\command-line-api\src\system.commandline.tests\bin\debug\net462\system.commandline.tests.dll" id="d6c356c4-5d82-2f4c-25d8-caa61a81fd62">
      <Execution id="b4cd1270-d9cd-4ce0-85fe-a38d68a52041" />
      <TestMethod codeBase="C:\dev\command-line-api\src\System.CommandLine.Tests\bin\Debug\net462\System.CommandLine.Tests.dll" adapterTypeName="executor://xunit/VsTestRunner2/net" className="System.CommandLine.Tests.SplitCommandLineTests" name="It_does_not_break_up_double_quote_delimited_values" />
    </UnitTest>
    <UnitTest name="System.CommandLine.Tests.Invocation.InvocationPipelineTests.When_command_handler_throws_then_InvokeAsync_does_not_handle_the_exception" storage="c:\dev\command-line-api\src\system.commandline.tests\bin\debug\net462\system.commandline.tests.dll" id="637f1202-d379-3c16-2198-fdd4b66cb681">
      <Execution id="c034843e-2ebc-4e70-9b10-f6d9796a4f91" />
      <TestMethod codeBase="C:\dev\command-line-api\src\System.CommandLine.Tests\bin\Debug\net462\System.CommandLine.Tests.dll" adapterTypeName="executor://xunit/VsTestRunner2/net" className="System.CommandLine.Tests.Invocation.InvocationPipelineTests" name="When_command_handler_throws_then_InvokeAsync_does_not_handle_the_exception" />
    </UnitTest>
    <UnitTest name="System.CommandLine.Tests.ParserTests+MultiplePositions.An_argument_can_be_specified_in_more_than_one_position(commandLine: &quot;outer xyz&quot;)" storage="c:\dev\command-line-api\src\system.commandline.tests\bin\debug\net462\system.commandline.tests.dll" id="f23fd81f-11c2-74a8-a291-df30d65f281b">
      <Execution id="954e7b02-3bf1-4abd-9459-1e66b372bb77" />
      <TestMethod codeBase="C:\dev\command-line-api\src\System.CommandLine.Tests\bin\Debug\net462\System.CommandLine.Tests.dll" adapterTypeName="executor://xunit/VsTestRunner2/net" className="System.CommandLine.Tests.ParserTests+MultiplePositions" name="An_argument_can_be_specified_in_more_than_one_position" />
    </UnitTest>
    <UnitTest name="System.CommandLine.Tests.Help.HelpBuilderTests.Option_aliases_are_shown_before_long_names_regardless_of_alphabetical_order" storage="c:\dev\command-line-api\src\system.commandline.tests\bin\debug\net462\system.commandline.tests.dll" id="611dfc79-928e-0a46-c5c6-3633c11dd4c5">
      <Execution id="37ab3b75-7700-4541-9460-05b457324e9c" />
      <TestMethod codeBase="C:\dev\command-line-api\src\System.CommandLine.Tests\bin\Debug\net462\System.CommandLine.Tests.dll" adapterTypeName="executor://xunit/VsTestRunner2/net" className="System.CommandLine.Tests.Help.HelpBuilderTests" name="Option_aliases_are_shown_before_long_names_regardless_of_alphabetical_order" />
    </UnitTest>
    <UnitTest name="System.CommandLine.Tests.ParserTests+RootCommandAndArg0.When_parsing_an_unsplit_string_then_a_renamed_RootCommand_can_be_omitted_from_the_parsed_args" storage="c:\dev\command-line-api\src\system.commandline.tests\bin\debug\net462\system.commandline.tests.dll" id="f0ee84db-70b2-ab79-adf2-565974bd6fde">
      <Execution id="89baf3d5-264b-4d04-9f7b-c10ace9aafa3" />
      <TestMethod codeBase="C:\dev\command-line-api\src\System.CommandLine.Tests\bin\Debug\net462\System.CommandLine.Tests.dll" adapterTypeName="executor://xunit/VsTestRunner2/net" className="System.CommandLine.Tests.ParserTests+RootCommandAndArg0" name="When_parsing_an_unsplit_string_then_a_renamed_RootCommand_can_be_omitted_from_the_parsed_args" />
    </UnitTest>
    <UnitTest name="System.CommandLine.Tests.ParserTests.Option_arguments_can_start_with_prefixes_that_make_them_look_like_options(input: &quot;-x=-y&quot;)" storage="c:\dev\command-line-api\src\system.commandline.tests\bin\debug\net462\system.commandline.tests.dll" id="5cf3426c-93de-e47a-6bdb-35cbea4ed512">
      <Execution id="d487f42c-345a-4dae-a438-d0ccd00a642c" />
      <TestMethod codeBase="C:\dev\command-line-api\src\System.CommandLine.Tests\bin\Debug\net462\System.CommandLine.Tests.dll" adapterTypeName="executor://xunit/VsTestRunner2/net" className="System.CommandLine.Tests.ParserTests" name="Option_arguments_can_start_with_prefixes_that_make_them_look_like_options" />
    </UnitTest>
    <UnitTest name="System.CommandLine.Tests.Parsing.CommandLineStringSplitterTests.It_does_not_split_double_quote_delimited_values_when_a_non_whitespace_argument_delimiter_is_used(prefix: &quot;/&quot;, delimiter: '=')" storage="c:\dev\command-line-api\src\system.commandline.tests\bin\debug\net462\system.commandline.tests.dll" id="2773ec04-ec35-d277-7a5d-792043e8abbd">
      <Execution id="4d790b73-0fd1-4822-a778-7a3070898890" />
      <TestMethod codeBase="C:\dev\command-line-api\src\System.CommandLine.Tests\bin\Debug\net462\System.CommandLine.Tests.dll" adapterTypeName="executor://xunit/VsTestRunner2/net" className="System.CommandLine.Tests.Parsing.CommandLineStringSplitterTests" name="It_does_not_split_double_quote_delimited_values_when_a_non_whitespace_argument_delimiter_is_used" />
    </UnitTest>
    <UnitTest name="System.CommandLine.Tests.Help.HelpBuilderTests.Help_does_not_show_default_value_for_option_when_default_value_is_empty" storage="c:\dev\command-line-api\src\system.commandline.tests\bin\debug\net462\system.commandline.tests.dll" id="7200b550-4c86-3369-d09a-e629ab153ef2">
      <Execution id="00f2df25-1a78-4a2b-81f2-d52d187aa3c4" />
      <TestMethod codeBase="C:\dev\command-line-api\src\System.CommandLine.Tests\bin\Debug\net462\System.CommandLine.Tests.dll" adapterTypeName="executor://xunit/VsTestRunner2/net" className="System.CommandLine.Tests.Help.HelpBuilderTests" name="Help_does_not_show_default_value_for_option_when_default_value_is_empty" />
    </UnitTest>
    <UnitTest name="System.CommandLine.Tests.ParsingValidationTests+PathValidity.LegalFilePathsOnly_accepts_command_arguments_containing_valid_path_characters" storage="c:\dev\command-line-api\src\system.commandline.tests\bin\debug\net462\system.commandline.tests.dll" id="4a13ebcc-af0b-dd1b-0916-29b5471fb527">
      <Execution id="897fd836-6ed1-4d9c-9099-6e1e475b4323" />
      <TestMethod codeBase="C:\dev\command-line-api\src\System.CommandLine.Tests\bin\Debug\net462\System.CommandLine.Tests.dll" adapterTypeName="executor://xunit/VsTestRunner2/net" className="System.CommandLine.Tests.ParsingValidationTests+PathValidity" name="LegalFilePathsOnly_accepts_command_arguments_containing_valid_path_characters" />
    </UnitTest>
    <UnitTest name="System.CommandLine.Tests.ArgumentTests+CustomParsing.When_custom_parser_passes_on_tokens_the_argument_result_tokens_reflect_the_change" storage="c:\dev\command-line-api\src\system.commandline.tests\bin\debug\net462\system.commandline.tests.dll" id="e8290e8f-880d-4d45-572a-af346cdc9729">
      <Execution id="50fa9d8a-906d-4405-ba3a-30ee8772a42c" />
      <TestMethod codeBase="C:\dev\command-line-api\src\System.CommandLine.Tests\bin\Debug\net462\System.CommandLine.Tests.dll" adapterTypeName="executor://xunit/VsTestRunner2/net" className="System.CommandLine.Tests.ArgumentTests+CustomParsing" name="When_custom_parser_passes_on_tokens_the_argument_result_tokens_reflect_the_change" />
    </UnitTest>
    <UnitTest name="System.CommandLine.Tests.CompletionTests.When_one_option_has_been_specified_then_it_and_its_siblings_will_still_be_suggested" storage="c:\dev\command-line-api\src\system.commandline.tests\bin\debug\net462\system.commandline.tests.dll" id="74593b2c-226c-db2d-8d09-2283969d25de">
      <Execution id="b3bb8c5c-9429-4e71-aad6-57c8816ccefd" />
      <TestMethod codeBase="C:\dev\command-line-api\src\System.CommandLine.Tests\bin\Debug\net462\System.CommandLine.Tests.dll" adapterTypeName="executor://xunit/VsTestRunner2/net" className="System.CommandLine.Tests.CompletionTests" name="When_one_option_has_been_specified_then_it_and_its_siblings_will_still_be_suggested" />
    </UnitTest>
    <UnitTest name="System.CommandLine.Tests.Help.HelpBuilderTests.Required_options_are_indicated" storage="c:\dev\command-line-api\src\system.commandline.tests\bin\debug\net462\system.commandline.tests.dll" id="61476258-9ace-f644-e415-7164c2af6329">
      <Execution id="394e2206-027a-4e79-a90c-435f3a32a7ff" />
      <TestMethod codeBase="C:\dev\command-line-api\src\System.CommandLine.Tests\bin\Debug\net462\System.CommandLine.Tests.dll" adapterTypeName="executor://xunit/VsTestRunner2/net" className="System.CommandLine.Tests.Help.HelpBuilderTests" name="Required_options_are_indicated" />
    </UnitTest>
    <UnitTest name="System.CommandLine.Tests.ParsingValidationTests.A_custom_validator_added_to_a_global_option_is_checked(commandLine: &quot;--value=123 child&quot;)" storage="c:\dev\command-line-api\src\system.commandline.tests\bin\debug\net462\system.commandline.tests.dll" id="e68597dc-4870-46d2-83a6-d8a07a225faa">
      <Execution id="597bce2e-94d8-4b46-aa44-80ac53725345" />
      <TestMethod codeBase="C:\dev\command-line-api\src\System.CommandLine.Tests\bin\Debug\net462\System.CommandLine.Tests.dll" adapterTypeName="executor://xunit/VsTestRunner2/net" className="System.CommandLine.Tests.ParsingValidationTests" name="A_custom_validator_added_to_a_global_option_is_checked" />
    </UnitTest>
    <UnitTest name="System.CommandLine.Tests.ArgumentTests+CustomParsing.Parse_delegate_is_called_when_Option_Arity_allows_zero_tokens(commandLine: &quot;&quot;, expectedValue: &quot;option-is-implicit&quot;)" storage="c:\dev\command-line-api\src\system.commandline.tests\bin\debug\net462\system.commandline.tests.dll" id="bf3affe5-b07d-7187-f934-242bf7d7f2b2">
      <Execution id="64631db7-31c1-41a6-befd-b32721dc73fd" />
      <TestMethod codeBase="C:\dev\command-line-api\src\System.CommandLine.Tests\bin\Debug\net462\System.CommandLine.Tests.dll" adapterTypeName="executor://xunit/VsTestRunner2/net" className="System.CommandLine.Tests.ArgumentTests+CustomParsing" name="Parse_delegate_is_called_when_Option_Arity_allows_zero_tokens" />
    </UnitTest>
    <UnitTest name="System.CommandLine.Tests.ArgumentTests+CustomParsing.Parse_delegate_is_called_once_per_parse_operation" storage="c:\dev\command-line-api\src\system.commandline.tests\bin\debug\net462\system.commandline.tests.dll" id="426de926-ce07-4cf6-7a01-b1a1c72d5673">
      <Execution id="62d20380-034b-41f3-a260-6a02bba83172" />
      <TestMethod codeBase="C:\dev\command-line-api\src\System.CommandLine.Tests\bin\Debug\net462\System.CommandLine.Tests.dll" adapterTypeName="executor://xunit/VsTestRunner2/net" className="System.CommandLine.Tests.ArgumentTests+CustomParsing" name="Parse_delegate_is_called_once_per_parse_operation" />
    </UnitTest>
    <UnitTest name="System.CommandLine.Tests.GlobalOptionTests.When_a_required_global_option_is_present_on_child_of_command_it_was_added_to_it_does_not_result_in_an_error" storage="c:\dev\command-line-api\src\system.commandline.tests\bin\debug\net462\system.commandline.tests.dll" id="a84fb040-072d-cc72-7442-49ce5a754d6d">
      <Execution id="d61a436c-8e8d-49e0-8194-059c9bd12d08" />
      <TestMethod codeBase="C:\dev\command-line-api\src\System.CommandLine.Tests\bin\Debug\net462\System.CommandLine.Tests.dll" adapterTypeName="executor://xunit/VsTestRunner2/net" className="System.CommandLine.Tests.GlobalOptionTests" name="When_a_required_global_option_is_present_on_child_of_command_it_was_added_to_it_does_not_result_in_an_error" />
    </UnitTest>
    <UnitTest name="System.CommandLine.Tests.Binding.TypeConversionTests.Bool_parses_as_true_when_the_option_has_been_applied(commandLine: &quot;the-command -x=true&quot;)" storage="c:\dev\command-line-api\src\system.commandline.tests\bin\debug\net462\system.commandline.tests.dll" id="427d35a7-cded-f96e-8ca9-f4d77f8298a1">
      <Execution id="4923faad-66ff-4e6e-a35c-126d09e6541e" />
      <TestMethod codeBase="C:\dev\command-line-api\src\System.CommandLine.Tests\bin\Debug\net462\System.CommandLine.Tests.dll" adapterTypeName="executor://xunit/VsTestRunner2/net" className="System.CommandLine.Tests.Binding.TypeConversionTests" name="Bool_parses_as_true_when_the_option_has_been_applied" />
    </UnitTest>
    <UnitTest name="System.CommandLine.Tests.SuggestDirectiveTests.It_writes_suggestions_for_option_aliases_under_root_command(input: &quot;[suggest:0] &quot;)" storage="c:\dev\command-line-api\src\system.commandline.tests\bin\debug\net462\system.commandline.tests.dll" id="bf73cc87-e94c-0226-cd8b-fe502e163cad">
      <Execution id="faf78e92-620e-48da-a0c1-ba21180bb3e5" />
      <TestMethod codeBase="C:\dev\command-line-api\src\System.CommandLine.Tests\bin\Debug\net462\System.CommandLine.Tests.dll" adapterTypeName="executor://xunit/VsTestRunner2/net" className="System.CommandLine.Tests.SuggestDirectiveTests" name="It_writes_suggestions_for_option_aliases_under_root_command" />
    </UnitTest>
    <UnitTest name="System.CommandLine.Tests.OptionTests.Raw_aliases_are_exposed_by_an_option" storage="c:\dev\command-line-api\src\system.commandline.tests\bin\debug\net462\system.commandline.tests.dll" id="76a69a57-9df8-454f-d98d-3486d55d8e1b">
      <Execution id="63b53968-3f6d-4b4a-9773-2fd1aaddb6f1" />
      <TestMethod codeBase="C:\dev\command-line-api\src\System.CommandLine.Tests\bin\Debug\net462\System.CommandLine.Tests.dll" adapterTypeName="executor://xunit/VsTestRunner2/net" className="System.CommandLine.Tests.OptionTests" name="Raw_aliases_are_exposed_by_an_option" />
    </UnitTest>
    <UnitTest name="System.CommandLine.Tests.Help.HelpBuilderTests.Arguments_section_does_not_repeat_arguments_that_appear_on_parent_command" storage="c:\dev\command-line-api\src\system.commandline.tests\bin\debug\net462\system.commandline.tests.dll" id="18573e1e-05cf-dc5c-8acf-f32456ac11de">
      <Execution id="20b06da5-9a7f-4d94-b22d-b1e240ba2751" />
      <TestMethod codeBase="C:\dev\command-line-api\src\System.CommandLine.Tests\bin\Debug\net462\System.CommandLine.Tests.dll" adapterTypeName="executor://xunit/VsTestRunner2/net" className="System.CommandLine.Tests.Help.HelpBuilderTests" name="Arguments_section_does_not_repeat_arguments_that_appear_on_parent_command" />
    </UnitTest>
    <UnitTest name="System.CommandLine.Tests.Help.HelpBuilderTests.Options_section_properly_wraps_description" storage="c:\dev\command-line-api\src\system.commandline.tests\bin\debug\net462\system.commandline.tests.dll" id="54dd9369-ea46-13e9-7618-b5e8efe4d05f">
      <Execution id="a5fd42a8-69da-4738-9d55-11f7261fae3a" />
      <TestMethod codeBase="C:\dev\command-line-api\src\System.CommandLine.Tests\bin\Debug\net462\System.CommandLine.Tests.dll" adapterTypeName="executor://xunit/VsTestRunner2/net" className="System.CommandLine.Tests.Help.HelpBuilderTests" name="Options_section_properly_wraps_description" />
    </UnitTest>
    <UnitTest name="System.CommandLine.Tests.OptionTests.It_is_not_necessary_to_specify_a_prefix_when_adding_an_option" storage="c:\dev\command-line-api\src\system.commandline.tests\bin\debug\net462\system.commandline.tests.dll" id="703f46ed-a414-f1c4-b5d6-a0dacbe5a21b">
      <Execution id="c4e7d1c8-6cc7-4bf7-88c8-e546a44908fc" />
      <TestMethod codeBase="C:\dev\command-line-api\src\System.CommandLine.Tests\bin\Debug\net462\System.CommandLine.Tests.dll" adapterTypeName="executor://xunit/VsTestRunner2/net" className="System.CommandLine.Tests.OptionTests" name="It_is_not_necessary_to_specify_a_prefix_when_adding_an_option" />
    </UnitTest>
    <UnitTest name="System.CommandLine.Tests.Help.HelpBuilderTests.Options_section_is_not_included_if_no_options_configured" storage="c:\dev\command-line-api\src\system.commandline.tests\bin\debug\net462\system.commandline.tests.dll" id="88335f9d-5f51-fd59-a09e-a2bf8761aa58">
      <Execution id="9a35be68-383e-4c8c-afb5-865e6246d7b9" />
      <TestMethod codeBase="C:\dev\command-line-api\src\System.CommandLine.Tests\bin\Debug\net462\System.CommandLine.Tests.dll" adapterTypeName="executor://xunit/VsTestRunner2/net" className="System.CommandLine.Tests.Help.HelpBuilderTests" name="Options_section_is_not_included_if_no_options_configured" />
    </UnitTest>
    <UnitTest name="System.CommandLine.Tests.EnvironmentVariableDirectiveTests.Sets_environment_variable_to_value" storage="c:\dev\command-line-api\src\system.commandline.tests\bin\debug\net462\system.commandline.tests.dll" id="ea98e82d-f216-5591-7a6e-e1e87a6d0cf4">
      <Execution id="dc3ffcc7-226c-4fea-b61f-771e39690ece" />
      <TestMethod codeBase="C:\dev\command-line-api\src\System.CommandLine.Tests\bin\Debug\net462\System.CommandLine.Tests.dll" adapterTypeName="executor://xunit/VsTestRunner2/net" className="System.CommandLine.Tests.EnvironmentVariableDirectiveTests" name="Sets_environment_variable_to_value" />
    </UnitTest>
    <UnitTest name="System.CommandLine.Tests.ArgumentTests+CustomParsing.OnlyTake_throws_when_called_twice" storage="c:\dev\command-line-api\src\system.commandline.tests\bin\debug\net462\system.commandline.tests.dll" id="4d39588c-34ea-b7a7-90db-859bd6b8b3b8">
      <Execution id="d869c4f9-bc3c-42f7-b685-7cd34fdc82c5" />
      <TestMethod codeBase="C:\dev\command-line-api\src\System.CommandLine.Tests\bin\Debug\net462\System.CommandLine.Tests.dll" adapterTypeName="executor://xunit/VsTestRunner2/net" className="System.CommandLine.Tests.ArgumentTests+CustomParsing" name="OnlyTake_throws_when_called_twice" />
    </UnitTest>
    <UnitTest name="System.CommandLine.Tests.Binding.TypeConversionTests.Options_with_arguments_specified_can_be_correctly_converted_to_bool_without_the_parser_specifying_a_custom_converter" storage="c:\dev\command-line-api\src\system.commandline.tests\bin\debug\net462\system.commandline.tests.dll" id="ed3a2640-4a72-6965-fe88-02986b5133fa">
      <Execution id="71c07946-c9c0-4e8e-9066-f9a98ec30d0f" />
      <TestMethod codeBase="C:\dev\command-line-api\src\System.CommandLine.Tests\bin\Debug\net462\System.CommandLine.Tests.dll" adapterTypeName="executor://xunit/VsTestRunner2/net" className="System.CommandLine.Tests.Binding.TypeConversionTests" name="Options_with_arguments_specified_can_be_correctly_converted_to_bool_without_the_parser_specifying_a_custom_converter" />
    </UnitTest>
    <UnitTest name="System.CommandLine.Tests.Help.HelpBuilderTests.Subcommands_properly_wraps_description" storage="c:\dev\command-line-api\src\system.commandline.tests\bin\debug\net462\system.commandline.tests.dll" id="8d289615-96cc-1505-0f24-b94999af187f">
      <Execution id="7bf183ea-d136-4c59-88fc-508cc1d843aa" />
      <TestMethod codeBase="C:\dev\command-line-api\src\System.CommandLine.Tests\bin\Debug\net462\System.CommandLine.Tests.dll" adapterTypeName="executor://xunit/VsTestRunner2/net" className="System.CommandLine.Tests.Help.HelpBuilderTests" name="Subcommands_properly_wraps_description" />
    </UnitTest>
    <UnitTest name="System.CommandLine.Tests.Binding.SetHandlerTests.Binding_is_correct_for_Action_overload_having_arity_(arity: 6)" storage="c:\dev\command-line-api\src\system.commandline.tests\bin\debug\net462\system.commandline.tests.dll" id="556b8673-3eaf-f793-b13c-75a23299183e">
      <Execution id="4859fa37-85b5-4b2f-94f8-4a1a98f52e4c" />
      <TestMethod codeBase="C:\dev\command-line-api\src\System.CommandLine.Tests\bin\Debug\net462\System.CommandLine.Tests.dll" adapterTypeName="executor://xunit/VsTestRunner2/net" className="System.CommandLine.Tests.Binding.SetHandlerTests" name="Binding_is_correct_for_Action_overload_having_arity_" />
    </UnitTest>
    <UnitTest name="System.CommandLine.Tests.OptionTests.HasAlias_accepts_prefixed_short_value" storage="c:\dev\command-line-api\src\system.commandline.tests\bin\debug\net462\system.commandline.tests.dll" id="2b85956d-a508-39c4-47da-5c6bec5be288">
      <Execution id="787e3661-8222-4d40-8893-a6746e8fb0e6" />
      <TestMethod codeBase="C:\dev\command-line-api\src\System.CommandLine.Tests\bin\Debug\net462\System.CommandLine.Tests.dll" adapterTypeName="executor://xunit/VsTestRunner2/net" className="System.CommandLine.Tests.OptionTests" name="HasAlias_accepts_prefixed_short_value" />
    </UnitTest>
    <UnitTest name="System.CommandLine.Tests.CommandTests.When_a_command_is_created_with_an_alias_that_contains_whitespace_then_an_informative_error_is_returned(alias: &quot;aa &quot;)" storage="c:\dev\command-line-api\src\system.commandline.tests\bin\debug\net462\system.commandline.tests.dll" id="c8e97f62-efd3-103b-d338-cee381405fac">
      <Execution id="00ed7a2f-e003-4c52-a6af-09c3e6f298b0" />
      <TestMethod codeBase="C:\dev\command-line-api\src\System.CommandLine.Tests\bin\Debug\net462\System.CommandLine.Tests.dll" adapterTypeName="executor://xunit/VsTestRunner2/net" className="System.CommandLine.Tests.CommandTests" name="When_a_command_is_created_with_an_alias_that_contains_whitespace_then_an_informative_error_is_returned" />
    </UnitTest>
    <UnitTest name="System.CommandLine.Tests.ParserTests.Option_arguments_can_match_the_aliases_of_sibling_options_when_non_space_argument_delimiter_is_used(input: &quot;-x=-y&quot;)" storage="c:\dev\command-line-api\src\system.commandline.tests\bin\debug\net462\system.commandline.tests.dll" id="f246bb2c-56d4-7f0d-4ff9-fff93cbf744b">
      <Execution id="b10eeb45-01f4-441f-95e0-a0ce1430d38f" />
      <TestMethod codeBase="C:\dev\command-line-api\src\System.CommandLine.Tests\bin\Debug\net462\System.CommandLine.Tests.dll" adapterTypeName="executor://xunit/VsTestRunner2/net" className="System.CommandLine.Tests.ParserTests" name="Option_arguments_can_match_the_aliases_of_sibling_options_when_non_space_argument_delimiter_is_used" />
    </UnitTest>
    <UnitTest name="System.CommandLine.Tests.Binding.TypeConversionTests.Max_arity_greater_than_1_converts_to_enumerable_types(minArity: 1, maxArity: 100000, argumentType: typeof(string[]))" storage="c:\dev\command-line-api\src\system.commandline.tests\bin\debug\net462\system.commandline.tests.dll" id="79be5d62-7a99-74d9-fe2f-127f927c81af">
      <Execution id="2e9cfc2b-f0a7-47b2-8633-2a3969baa36e" />
      <TestMethod codeBase="C:\dev\command-line-api\src\System.CommandLine.Tests\bin\Debug\net462\System.CommandLine.Tests.dll" adapterTypeName="executor://xunit/VsTestRunner2/net" className="System.CommandLine.Tests.Binding.TypeConversionTests" name="Max_arity_greater_than_1_converts_to_enumerable_types" />
    </UnitTest>
    <UnitTest name="System.CommandLine.Tests.Invocation.TypoCorrectionTests.Arguments_are_not_suggested" storage="c:\dev\command-line-api\src\system.commandline.tests\bin\debug\net462\system.commandline.tests.dll" id="51968635-d12f-5238-593e-d3c2378c73db">
      <Execution id="c71259ad-6b1b-47ee-a62e-09be718eb5b0" />
      <TestMethod codeBase="C:\dev\command-line-api\src\System.CommandLine.Tests\bin\Debug\net462\System.CommandLine.Tests.dll" adapterTypeName="executor://xunit/VsTestRunner2/net" className="System.CommandLine.Tests.Invocation.TypoCorrectionTests" name="Arguments_are_not_suggested" />
    </UnitTest>
    <UnitTest name="System.CommandLine.Tests.Binding.TypeConversionTests.Generic_option_bool_parses_when_passed_to_non_generic_GetValueForOption" storage="c:\dev\command-line-api\src\system.commandline.tests\bin\debug\net462\system.commandline.tests.dll" id="f8936a5b-4bb4-cd2f-025d-5409c8ac63f0">
      <Execution id="3161138d-bef8-49a2-b484-a0ad7106a8fc" />
      <TestMethod codeBase="C:\dev\command-line-api\src\System.CommandLine.Tests\bin\Debug\net462\System.CommandLine.Tests.dll" adapterTypeName="executor://xunit/VsTestRunner2/net" className="System.CommandLine.Tests.Binding.TypeConversionTests" name="Generic_option_bool_parses_when_passed_to_non_generic_GetValueForOption" />
    </UnitTest>
    <UnitTest name="System.CommandLine.Tests.UseHelpTests.UseHelp_writes_help_for_the_specified_command" storage="c:\dev\command-line-api\src\system.commandline.tests\bin\debug\net462\system.commandline.tests.dll" id="7fff435c-a4e3-d6fa-5607-bba259abff91">
      <Execution id="6987f4c5-f4c2-438d-a40c-e453f1ec8d25" />
      <TestMethod codeBase="C:\dev\command-line-api\src\System.CommandLine.Tests\bin\Debug\net462\System.CommandLine.Tests.dll" adapterTypeName="executor://xunit/VsTestRunner2/net" className="System.CommandLine.Tests.UseHelpTests" name="UseHelp_writes_help_for_the_specified_command" />
    </UnitTest>
    <UnitTest name="System.CommandLine.Tests.Help.HelpBuilderTests.Option_argument_usage_is_empty_for_boolean_values(nullable: False)" storage="c:\dev\command-line-api\src\system.commandline.tests\bin\debug\net462\system.commandline.tests.dll" id="bf4dd4af-a398-1551-01d4-be2c0fb1ccf9">
      <Execution id="8899dbcf-ea47-465a-8496-bd40ef1ac3af" />
      <TestMethod codeBase="C:\dev\command-line-api\src\System.CommandLine.Tests\bin\Debug\net462\System.CommandLine.Tests.dll" adapterTypeName="executor://xunit/VsTestRunner2/net" className="System.CommandLine.Tests.Help.HelpBuilderTests" name="Option_argument_usage_is_empty_for_boolean_values" />
    </UnitTest>
    <UnitTest name="System.CommandLine.Tests.ParserTests+MultipleArguments.Tokens_that_cannot_be_converted_by_multiple_arity_argument_flow_to_next_single_arity_argument" storage="c:\dev\command-line-api\src\system.commandline.tests\bin\debug\net462\system.commandline.tests.dll" id="f638df31-8a0d-db4d-fe3c-0deb5376bf30">
      <Execution id="2d98bc1d-f5af-4cd3-a16d-4bd36055fba6" />
      <TestMethod codeBase="C:\dev\command-line-api\src\System.CommandLine.Tests\bin\Debug\net462\System.CommandLine.Tests.dll" adapterTypeName="executor://xunit/VsTestRunner2/net" className="System.CommandLine.Tests.ParserTests+MultipleArguments" name="Tokens_that_cannot_be_converted_by_multiple_arity_argument_flow_to_next_single_arity_argument" />
    </UnitTest>
    <UnitTest name="System.CommandLine.Tests.ParsingValidationTests.A_custom_validator_can_be_added_to_an_argument" storage="c:\dev\command-line-api\src\system.commandline.tests\bin\debug\net462\system.commandline.tests.dll" id="86745548-1598-9dfc-0a8f-b0ddf60608c8">
      <Execution id="4c363ded-cd28-403a-8405-580fa5104026" />
      <TestMethod codeBase="C:\dev\command-line-api\src\System.CommandLine.Tests\bin\Debug\net462\System.CommandLine.Tests.dll" adapterTypeName="executor://xunit/VsTestRunner2/net" className="System.CommandLine.Tests.ParsingValidationTests" name="A_custom_validator_can_be_added_to_an_argument" />
    </UnitTest>
    <UnitTest name="System.CommandLine.Tests.VersionOptionTests.Version_is_not_valid_with_other_tokens_uses_custom_alias" storage="c:\dev\command-line-api\src\system.commandline.tests\bin\debug\net462\system.commandline.tests.dll" id="96e88cbe-2c37-4067-1b71-3472f4dfe739">
      <Execution id="b9f26722-4908-443d-9bff-fcb7a5e46e87" />
      <TestMethod codeBase="C:\dev\command-line-api\src\System.CommandLine.Tests\bin\Debug\net462\System.CommandLine.Tests.dll" adapterTypeName="executor://xunit/VsTestRunner2/net" className="System.CommandLine.Tests.VersionOptionTests" name="Version_is_not_valid_with_other_tokens_uses_custom_alias" />
    </UnitTest>
    <UnitTest name="System.CommandLine.Tests.Invocation.InvocationPipelineTests.General_invocation_middleware_can_be_specified_in_the_CommandLineBuilder" storage="c:\dev\command-line-api\src\system.commandline.tests\bin\debug\net462\system.commandline.tests.dll" id="97efa692-a0ad-c3b6-05d4-50eab519851d">
      <Execution id="015813bc-b52c-4d7b-abe7-56e4708394a0" />
      <TestMethod codeBase="C:\dev\command-line-api\src\System.CommandLine.Tests\bin\Debug\net462\System.CommandLine.Tests.dll" adapterTypeName="executor://xunit/VsTestRunner2/net" className="System.CommandLine.Tests.Invocation.InvocationPipelineTests" name="General_invocation_middleware_can_be_specified_in_the_CommandLineBuilder" />
    </UnitTest>
    <UnitTest name="System.CommandLine.Tests.CommandTests.Outer_command_is_identified_correctly_by_RootCommand" storage="c:\dev\command-line-api\src\system.commandline.tests\bin\debug\net462\system.commandline.tests.dll" id="05597a5a-1369-543d-3cf4-fae47d64cea2">
      <Execution id="d777bf5d-2ce2-4328-b62b-85ef406ca312" />
      <TestMethod codeBase="C:\dev\command-line-api\src\System.CommandLine.Tests\bin\Debug\net462\System.CommandLine.Tests.dll" adapterTypeName="executor://xunit/VsTestRunner2/net" className="System.CommandLine.Tests.CommandTests" name="Outer_command_is_identified_correctly_by_RootCommand" />
    </UnitTest>
    <UnitTest name="System.CommandLine.Tests.ArgumentTests+CustomParsing.GetDefaultValue_returns_specified_value" storage="c:\dev\command-line-api\src\system.commandline.tests\bin\debug\net462\system.commandline.tests.dll" id="22449ea9-c828-9210-d0c3-1ca0aacdea65">
      <Execution id="918e3bac-9fc1-46cc-9472-10f6f7552a16" />
      <TestMethod codeBase="C:\dev\command-line-api\src\System.CommandLine.Tests\bin\Debug\net462\System.CommandLine.Tests.dll" adapterTypeName="executor://xunit/VsTestRunner2/net" className="System.CommandLine.Tests.ArgumentTests+CustomParsing" name="GetDefaultValue_returns_specified_value" />
    </UnitTest>
    <UnitTest name="System.CommandLine.Tests.SuggestDirectiveTests.It_writes_suggestions_for_partial_option_aliases_under_root_command" storage="c:\dev\command-line-api\src\system.commandline.tests\bin\debug\net462\system.commandline.tests.dll" id="79602ae7-b166-8904-0278-f066fb608eeb">
      <Execution id="697cfa05-e014-4af9-95c7-22b137371b46" />
      <TestMethod codeBase="C:\dev\command-line-api\src\System.CommandLine.Tests\bin\Debug\net462\System.CommandLine.Tests.dll" adapterTypeName="executor://xunit/VsTestRunner2/net" className="System.CommandLine.Tests.SuggestDirectiveTests" name="It_writes_suggestions_for_partial_option_aliases_under_root_command" />
    </UnitTest>
    <UnitTest name="System.CommandLine.Tests.Help.HelpBuilderTests+Customization.Argument_can_fallback_to_default_when_customizing(conditionA: False, conditionB: True, conditionC: False, expected: &quot;\\&lt;arg\\&gt;\\s*custom 2nd\\s*\\[default\\: default\\&quot;...)" storage="c:\dev\command-line-api\src\system.commandline.tests\bin\debug\net462\system.commandline.tests.dll" id="82de17f7-54e2-f99e-d300-6bd3d8a2a3eb">
      <Execution id="6dfcf641-4c14-4a40-bf86-084b11b4277b" />
      <TestMethod codeBase="C:\dev\command-line-api\src\System.CommandLine.Tests\bin\Debug\net462\System.CommandLine.Tests.dll" adapterTypeName="executor://xunit/VsTestRunner2/net" className="System.CommandLine.Tests.Help.HelpBuilderTests+Customization" name="Argument_can_fallback_to_default_when_customizing" />
    </UnitTest>
    <UnitTest name="System.CommandLine.Tests.ParsingValidationTests.When_a_required_argument_is_not_supplied_then_an_error_is_returned" storage="c:\dev\command-line-api\src\system.commandline.tests\bin\debug\net462\system.commandline.tests.dll" id="c9c22965-040b-959d-baeb-3833b23fabe0">
      <Execution id="3c375a23-0969-4d1f-b01f-321623841552" />
      <TestMethod codeBase="C:\dev\command-line-api\src\System.CommandLine.Tests\bin\Debug\net462\System.CommandLine.Tests.dll" adapterTypeName="executor://xunit/VsTestRunner2/net" className="System.CommandLine.Tests.ParsingValidationTests" name="When_a_required_argument_is_not_supplied_then_an_error_is_returned" />
    </UnitTest>
    <UnitTest name="System.CommandLine.Tests.Binding.TypeConversionTests.Values_can_be_correctly_converted_to_nullable_DateTimeOffset_without_the_parser_specifying_a_custom_converter" storage="c:\dev\command-line-api\src\system.commandline.tests\bin\debug\net462\system.commandline.tests.dll" id="80d5b6ef-25b2-34b9-5425-84e942903912">
      <Execution id="ce88ce52-c7d5-4034-b973-8792b8474ab8" />
      <TestMethod codeBase="C:\dev\command-line-api\src\System.CommandLine.Tests\bin\Debug\net462\System.CommandLine.Tests.dll" adapterTypeName="executor://xunit/VsTestRunner2/net" className="System.CommandLine.Tests.Binding.TypeConversionTests" name="Values_can_be_correctly_converted_to_nullable_DateTimeOffset_without_the_parser_specifying_a_custom_converter" />
    </UnitTest>
    <UnitTest name="System.CommandLine.Tests.ParserTests.The_default_behavior_of_unmatched_tokens_resulting_in_errors_can_be_turned_off" storage="c:\dev\command-line-api\src\system.commandline.tests\bin\debug\net462\system.commandline.tests.dll" id="e1aea82e-31ad-9506-8f1a-402fe8e5517d">
      <Execution id="49943196-77c4-4eac-aa68-31a70993f683" />
      <TestMethod codeBase="C:\dev\command-line-api\src\System.CommandLine.Tests\bin\Debug\net462\System.CommandLine.Tests.dll" adapterTypeName="executor://xunit/VsTestRunner2/net" className="System.CommandLine.Tests.ParserTests" name="The_default_behavior_of_unmatched_tokens_resulting_in_errors_can_be_turned_off" />
    </UnitTest>
    <UnitTest name="System.CommandLine.Tests.Help.HelpBuilderTests.Arguments_section_keeps_added_newlines_when_width_is_very_small" storage="c:\dev\command-line-api\src\system.commandline.tests\bin\debug\net462\system.commandline.tests.dll" id="b348642a-60a5-9f40-70c1-3493fe6b339f">
      <Execution id="69d4dcfc-ab1d-4253-8dc3-1c0036d11380" />
      <TestMethod codeBase="C:\dev\command-line-api\src\System.CommandLine.Tests\bin\Debug\net462\System.CommandLine.Tests.dll" adapterTypeName="executor://xunit/VsTestRunner2/net" className="System.CommandLine.Tests.Help.HelpBuilderTests" name="Arguments_section_keeps_added_newlines_when_width_is_very_small" />
    </UnitTest>
    <UnitTest name="System.CommandLine.Tests.CommandTests.Outer_command_is_identified_correctly_by_Parent_property" storage="c:\dev\command-line-api\src\system.commandline.tests\bin\debug\net462\system.commandline.tests.dll" id="6116a9ff-cb93-95bc-0373-5bfc178e8b04">
      <Execution id="1029fad3-6618-4ab3-86b9-27c182707779" />
      <TestMethod codeBase="C:\dev\command-line-api\src\System.CommandLine.Tests\bin\Debug\net462\System.CommandLine.Tests.dll" adapterTypeName="executor://xunit/VsTestRunner2/net" className="System.CommandLine.Tests.CommandTests" name="Outer_command_is_identified_correctly_by_Parent_property" />
    </UnitTest>
    <UnitTest name="System.CommandLine.Tests.ParserTests.Argument_name_is_not_matched_as_a_token" storage="c:\dev\command-line-api\src\system.commandline.tests\bin\debug\net462\system.commandline.tests.dll" id="0b2277fa-7894-0582-de6f-58231fa4424c">
      <Execution id="edece37e-d500-448b-a7e0-4dc11a34b27b" />
      <TestMethod codeBase="C:\dev\command-line-api\src\System.CommandLine.Tests\bin\Debug\net462\System.CommandLine.Tests.dll" adapterTypeName="executor://xunit/VsTestRunner2/net" className="System.CommandLine.Tests.ParserTests" name="Argument_name_is_not_matched_as_a_token" />
    </UnitTest>
    <UnitTest name="System.CommandLine.Tests.OptionTests+MultipleArgumentsPerToken+Allowed.When_max_arity_is_1_then_subsequent_option_args_overwrite_previous_ones(commandLine: &quot;--option 1 xyz --option 2&quot;)" storage="c:\dev\command-line-api\src\system.commandline.tests\bin\debug\net462\system.commandline.tests.dll" id="c68267d2-6833-d470-302a-d8cb58a0e18e">
      <Execution id="83206150-ed3f-4245-8d0d-10118aa3276e" />
      <TestMethod codeBase="C:\dev\command-line-api\src\System.CommandLine.Tests\bin\Debug\net462\System.CommandLine.Tests.dll" adapterTypeName="executor://xunit/VsTestRunner2/net" className="System.CommandLine.Tests.OptionTests+MultipleArgumentsPerToken+Allowed" name="When_max_arity_is_1_then_subsequent_option_args_overwrite_previous_ones" />
    </UnitTest>
    <UnitTest name="System.CommandLine.Tests.Binding.TypeConversionTests.Enum_values_that_cannot_be_parsed_result_in_an_informative_error" storage="c:\dev\command-line-api\src\system.commandline.tests\bin\debug\net462\system.commandline.tests.dll" id="00391295-eb70-9242-aa1c-8b6fd1ca0daa">
      <Execution id="077e53f4-79e3-49b4-b24d-5242cb9362db" />
      <TestMethod codeBase="C:\dev\command-line-api\src\System.CommandLine.Tests\bin\Debug\net462\System.CommandLine.Tests.dll" adapterTypeName="executor://xunit/VsTestRunner2/net" className="System.CommandLine.Tests.Binding.TypeConversionTests" name="Enum_values_that_cannot_be_parsed_result_in_an_informative_error" />
    </UnitTest>
    <UnitTest name="System.CommandLine.Tests.VersionOptionTests.Version_is_not_valid_with_other_tokens(commandLine: &quot;--version -x&quot;)" storage="c:\dev\command-line-api\src\system.commandline.tests\bin\debug\net462\system.commandline.tests.dll" id="21233428-6d0f-2766-c573-4b185be8d47b">
      <Execution id="91461f3e-7cb8-4f1f-be45-a19bf0c9c683" />
      <TestMethod codeBase="C:\dev\command-line-api\src\System.CommandLine.Tests\bin\Debug\net462\System.CommandLine.Tests.dll" adapterTypeName="executor://xunit/VsTestRunner2/net" className="System.CommandLine.Tests.VersionOptionTests" name="Version_is_not_valid_with_other_tokens" />
    </UnitTest>
    <UnitTest name="System.CommandLine.Tests.ParserTests.Original_order_of_tokens_is_preserved_in_ParseResult_Tokens(commandLine: &quot;--one \&quot;stuff in quotes\&quot; this-is-arg1 \&quot;this is a&quot;...)" storage="c:\dev\command-line-api\src\system.commandline.tests\bin\debug\net462\system.commandline.tests.dll" id="ecfa0a7f-17b4-6a63-730b-a37350902a7b">
      <Execution id="801f1f0c-2669-4032-af2d-c29cfe74001b" />
      <TestMethod codeBase="C:\dev\command-line-api\src\System.CommandLine.Tests\bin\Debug\net462\System.CommandLine.Tests.dll" adapterTypeName="executor://xunit/VsTestRunner2/net" className="System.CommandLine.Tests.ParserTests" name="Original_order_of_tokens_is_preserved_in_ParseResult_Tokens" />
    </UnitTest>
    <UnitTest name="System.CommandLine.Tests.Binding.TypeConversionTests.Values_can_be_correctly_converted_to_List_of_int_without_the_parser_specifying_a_custom_converter" storage="c:\dev\command-line-api\src\system.commandline.tests\bin\debug\net462\system.commandline.tests.dll" id="076cfb1b-94cd-cdae-aa55-15c605c82c0c">
      <Execution id="a30fe50a-8444-4410-a6c4-5a34e6084cec" />
      <TestMethod codeBase="C:\dev\command-line-api\src\System.CommandLine.Tests\bin\Debug\net462\System.CommandLine.Tests.dll" adapterTypeName="executor://xunit/VsTestRunner2/net" className="System.CommandLine.Tests.Binding.TypeConversionTests" name="Values_can_be_correctly_converted_to_List_of_int_without_the_parser_specifying_a_custom_converter" />
    </UnitTest>
    <UnitTest name="System.CommandLine.Tests.Help.HelpBuilderTests.Subcommand_help_does_not_contain_hidden_command" storage="c:\dev\command-line-api\src\system.commandline.tests\bin\debug\net462\system.commandline.tests.dll" id="813a7cca-7a39-a4a4-a2af-ef648198cdfa">
      <Execution id="919922a3-1ee3-4412-8458-b437bd23c476" />
      <TestMethod codeBase="C:\dev\command-line-api\src\System.CommandLine.Tests\bin\Debug\net462\System.CommandLine.Tests.dll" adapterTypeName="executor://xunit/VsTestRunner2/net" className="System.CommandLine.Tests.Help.HelpBuilderTests" name="Subcommand_help_does_not_contain_hidden_command" />
    </UnitTest>
    <UnitTest name="System.CommandLine.Tests.CompletionTests.When_parsing_from_array_then_argument_completions_are_based_on_the_proximate_command" storage="c:\dev\command-line-api\src\system.commandline.tests\bin\debug\net462\system.commandline.tests.dll" id="714eb9fe-a526-773e-79a5-459f6a3237ba">
      <Execution id="bd4a5be0-184f-4486-8459-7eba5c6cfe06" />
      <TestMethod codeBase="C:\dev\command-line-api\src\System.CommandLine.Tests\bin\Debug\net462\System.CommandLine.Tests.dll" adapterTypeName="executor://xunit/VsTestRunner2/net" className="System.CommandLine.Tests.CompletionTests" name="When_parsing_from_array_then_argument_completions_are_based_on_the_proximate_command" />
    </UnitTest>
    <UnitTest name="System.CommandLine.Tests.ParsingValidationTests.When_an_option_has_a_default_value_it_is_not_valid_to_specify_the_option_without_an_argument" storage="c:\dev\command-line-api\src\system.commandline.tests\bin\debug\net462\system.commandline.tests.dll" id="39549c99-6b87-bc45-d690-02a35cc82fc4">
      <Execution id="457466ad-1650-463d-8177-bc9b48cf19ee" />
      <TestMethod codeBase="C:\dev\command-line-api\src\System.CommandLine.Tests\bin\Debug\net462\System.CommandLine.Tests.dll" adapterTypeName="executor://xunit/VsTestRunner2/net" className="System.CommandLine.Tests.ParsingValidationTests" name="When_an_option_has_a_default_value_it_is_not_valid_to_specify_the_option_without_an_argument" />
    </UnitTest>
    <UnitTest name="System.CommandLine.Tests.ParserTests+RootCommandAndArg0.When_parsing_a_string_array_input_then_a_full_path_to_an_executable_is_not_matched_by_the_root_command" storage="c:\dev\command-line-api\src\system.commandline.tests\bin\debug\net462\system.commandline.tests.dll" id="e5d247a1-4209-3c8f-ba15-876ef58051f0">
      <Execution id="9e8b3750-613a-4904-b2d4-b8a627c43137" />
      <TestMethod codeBase="C:\dev\command-line-api\src\System.CommandLine.Tests\bin\Debug\net462\System.CommandLine.Tests.dll" adapterTypeName="executor://xunit/VsTestRunner2/net" className="System.CommandLine.Tests.ParserTests+RootCommandAndArg0" name="When_parsing_a_string_array_input_then_a_full_path_to_an_executable_is_not_matched_by_the_root_command" />
    </UnitTest>
    <UnitTest name="System.CommandLine.Tests.CompletionContextTests.When_position_is_unspecified_in_array_command_line_and_final_token_matches_an_argument_then_it_returns_the_argument_value" storage="c:\dev\command-line-api\src\system.commandline.tests\bin\debug\net462\system.commandline.tests.dll" id="6a979237-a18b-94bc-e47e-ca36dfbd816b">
      <Execution id="711441e1-641c-4d0a-9fcc-1542b0bc967b" />
      <TestMethod codeBase="C:\dev\command-line-api\src\System.CommandLine.Tests\bin\Debug\net462\System.CommandLine.Tests.dll" adapterTypeName="executor://xunit/VsTestRunner2/net" className="System.CommandLine.Tests.CompletionContextTests" name="When_position_is_unspecified_in_array_command_line_and_final_token_matches_an_argument_then_it_returns_the_argument_value" />
    </UnitTest>
    <UnitTest name="System.CommandLine.Tests.TokenReplacementTests.Custom_token_replacer_can_expand_option_argument_values" storage="c:\dev\command-line-api\src\system.commandline.tests\bin\debug\net462\system.commandline.tests.dll" id="8606110e-b4fa-7b9b-1f60-3a924efe2eef">
      <Execution id="f71ff884-d7df-4417-ab4f-2bb7f7dc1b68" />
      <TestMethod codeBase="C:\dev\command-line-api\src\System.CommandLine.Tests\bin\Debug\net462\System.CommandLine.Tests.dll" adapterTypeName="executor://xunit/VsTestRunner2/net" className="System.CommandLine.Tests.TokenReplacementTests" name="Custom_token_replacer_can_expand_option_argument_values" />
    </UnitTest>
    <UnitTest name="System.CommandLine.Tests.UseHelpTests.Help_customized_sections_can_be_wrapped" storage="c:\dev\command-line-api\src\system.commandline.tests\bin\debug\net462\system.commandline.tests.dll" id="80eacfa2-feb6-2f32-ede2-74f9205548b8">
      <Execution id="2dcc33cc-53e3-4e13-b1bb-53696251aa74" />
      <TestMethod codeBase="C:\dev\command-line-api\src\System.CommandLine.Tests\bin\Debug\net462\System.CommandLine.Tests.dll" adapterTypeName="executor://xunit/VsTestRunner2/net" className="System.CommandLine.Tests.UseHelpTests" name="Help_customized_sections_can_be_wrapped" />
    </UnitTest>
    <UnitTest name="System.CommandLine.Tests.ParserTests.Boolean_options_are_not_greedy(commandLine: &quot;-x -y&quot;)" storage="c:\dev\command-line-api\src\system.commandline.tests\bin\debug\net462\system.commandline.tests.dll" id="8468a2af-fc88-7c3f-b7fe-68e5504b4284">
      <Execution id="8102a488-4ada-41af-861b-dc121659d17c" />
      <TestMethod codeBase="C:\dev\command-line-api\src\System.CommandLine.Tests\bin\Debug\net462\System.CommandLine.Tests.dll" adapterTypeName="executor://xunit/VsTestRunner2/net" className="System.CommandLine.Tests.ParserTests" name="Boolean_options_are_not_greedy" />
    </UnitTest>
    <UnitTest name="System.CommandLine.Tests.DirectiveTests.Directives_without_a_value_specified_have_a_value_of_empty_string" storage="c:\dev\command-line-api\src\system.commandline.tests\bin\debug\net462\system.commandline.tests.dll" id="cb980453-7d55-b9d9-7d93-f2719690c8d2">
      <Execution id="6f35fbd0-892a-49db-9d3b-5da61040e110" />
      <TestMethod codeBase="C:\dev\command-line-api\src\System.CommandLine.Tests\bin\Debug\net462\System.CommandLine.Tests.dll" adapterTypeName="executor://xunit/VsTestRunner2/net" className="System.CommandLine.Tests.DirectiveTests" name="Directives_without_a_value_specified_have_a_value_of_empty_string" />
    </UnitTest>
    <UnitTest name="System.CommandLine.Tests.ParserTests.Option_and_Command_can_have_the_same_alias" storage="c:\dev\command-line-api\src\system.commandline.tests\bin\debug\net462\system.commandline.tests.dll" id="d54ab2a5-3abc-11fe-2fa6-ea772cbef18a">
      <Execution id="bf404c33-275f-4572-bbe8-e56c700533fe" />
      <TestMethod codeBase="C:\dev\command-line-api\src\System.CommandLine.Tests\bin\Debug\net462\System.CommandLine.Tests.dll" adapterTypeName="executor://xunit/VsTestRunner2/net" className="System.CommandLine.Tests.ParserTests" name="Option_and_Command_can_have_the_same_alias" />
    </UnitTest>
    <UnitTest name="System.CommandLine.Tests.UseHelpTests.UseHelp_with_custom_aliases_default_aliases_replaced(helpAlias: &quot;--help&quot;)" storage="c:\dev\command-line-api\src\system.commandline.tests\bin\debug\net462\system.commandline.tests.dll" id="597149c1-5c77-ba04-1813-a39f871ffe26">
      <Execution id="d86d62ad-7a1d-4ee2-ab44-299920a58a5f" />
      <TestMethod codeBase="C:\dev\command-line-api\src\System.CommandLine.Tests\bin\Debug\net462\System.CommandLine.Tests.dll" adapterTypeName="executor://xunit/VsTestRunner2/net" className="System.CommandLine.Tests.UseHelpTests" name="UseHelp_with_custom_aliases_default_aliases_replaced" />
    </UnitTest>
    <UnitTest name="System.CommandLine.Tests.Help.HelpBuilderTests+Customization.Option_can_fallback_to_default_when_customizing(conditionA: False, conditionB: True, expected: &quot;--option &lt;option&gt;\\s*custom 2nd&quot;)" storage="c:\dev\command-line-api\src\system.commandline.tests\bin\debug\net462\system.commandline.tests.dll" id="00e76fc9-1063-a248-e7e6-a78661490a6d">
      <Execution id="c1fd11f4-6f30-499a-b97e-7ebd0620f3d5" />
      <TestMethod codeBase="C:\dev\command-line-api\src\System.CommandLine.Tests\bin\Debug\net462\System.CommandLine.Tests.dll" adapterTypeName="executor://xunit/VsTestRunner2/net" className="System.CommandLine.Tests.Help.HelpBuilderTests+Customization" name="Option_can_fallback_to_default_when_customizing" />
    </UnitTest>
    <UnitTest name="System.CommandLine.Tests.ResponseFileTests.When_response_file_cannot_be_read_then_specified_error_is_returned" storage="c:\dev\command-line-api\src\system.commandline.tests\bin\debug\net462\system.commandline.tests.dll" id="bd5dde99-97c7-fbf5-2631-9eee9b0784b0">
      <Execution id="c7db62f7-9f94-49a2-ad9a-935993c28193" />
      <TestMethod codeBase="C:\dev\command-line-api\src\System.CommandLine.Tests\bin\Debug\net462\System.CommandLine.Tests.dll" adapterTypeName="executor://xunit/VsTestRunner2/net" className="System.CommandLine.Tests.ResponseFileTests" name="When_response_file_cannot_be_read_then_specified_error_is_returned" />
    </UnitTest>
    <UnitTest name="System.CommandLine.Tests.ParsingValidationTests.When_a_required_option_is_allowed_at_more_than_one_position_it_only_needs_to_be_satisfied_in_one(commandLine: &quot;subcommand -x arg&quot;)" storage="c:\dev\command-line-api\src\system.commandline.tests\bin\debug\net462\system.commandline.tests.dll" id="193ef322-3a9f-73f5-8ca2-01ffd34c71e5">
      <Execution id="11126db0-6554-4ba9-9958-b4791d56f04e" />
      <TestMethod codeBase="C:\dev\command-line-api\src\System.CommandLine.Tests\bin\Debug\net462\System.CommandLine.Tests.dll" adapterTypeName="executor://xunit/VsTestRunner2/net" className="System.CommandLine.Tests.ParsingValidationTests" name="When_a_required_option_is_allowed_at_more_than_one_position_it_only_needs_to_be_satisfied_in_one" />
    </UnitTest>
    <UnitTest name="System.CommandLine.Tests.ParserTests.When_a_token_is_just_a_prefix_then_an_error_is_returned(prefix: &quot;/&quot;)" storage="c:\dev\command-line-api\src\system.commandline.tests\bin\debug\net462\system.commandline.tests.dll" id="ae9f9f40-55a8-d345-9ec8-cbd38f882db2">
      <Execution id="02bb22db-c414-4a4a-a1f0-1986b826a3d5" />
      <TestMethod codeBase="C:\dev\command-line-api\src\System.CommandLine.Tests\bin\Debug\net462\System.CommandLine.Tests.dll" adapterTypeName="executor://xunit/VsTestRunner2/net" className="System.CommandLine.Tests.ParserTests" name="When_a_token_is_just_a_prefix_then_an_error_is_returned" />
    </UnitTest>
    <UnitTest name="System.CommandLine.Tests.Binding.TypeConversionTests.Sequence_type_defaults_to_empty_when_not_specified(sequenceType: typeof(System.Collections.IEnumerable))" storage="c:\dev\command-line-api\src\system.commandline.tests\bin\debug\net462\system.commandline.tests.dll" id="6614e6cb-9b77-ecb5-9495-84997e7c1496">
      <Execution id="e0b613cd-9ed5-42d0-b22e-26a1bbc1d2fc" />
      <TestMethod codeBase="C:\dev\command-line-api\src\System.CommandLine.Tests\bin\Debug\net462\System.CommandLine.Tests.dll" adapterTypeName="executor://xunit/VsTestRunner2/net" className="System.CommandLine.Tests.Binding.TypeConversionTests" name="Sequence_type_defaults_to_empty_when_not_specified" />
    </UnitTest>
    <UnitTest name="System.CommandLine.Tests.Help.HelpBuilderTests.Options_section_properly_wraps" storage="c:\dev\command-line-api\src\system.commandline.tests\bin\debug\net462\system.commandline.tests.dll" id="cdb15eaf-8d87-e05d-acbd-b5736cc935b5">
      <Execution id="55c600e4-1663-487b-8b12-babb6bd61a3b" />
      <TestMethod codeBase="C:\dev\command-line-api\src\System.CommandLine.Tests\bin\Debug\net462\System.CommandLine.Tests.dll" adapterTypeName="executor://xunit/VsTestRunner2/net" className="System.CommandLine.Tests.Help.HelpBuilderTests" name="Options_section_properly_wraps" />
    </UnitTest>
    <UnitTest name="System.CommandLine.Tests.GlobalOptionTests.Subcommands_with_global_option_should_propagate_option_to_children" storage="c:\dev\command-line-api\src\system.commandline.tests\bin\debug\net462\system.commandline.tests.dll" id="08713170-2073-0042-3d34-3d0ddb730d0f">
      <Execution id="c297dea1-a854-4e6b-b689-88e2429a4d3b" />
      <TestMethod codeBase="C:\dev\command-line-api\src\System.CommandLine.Tests\bin\Debug\net462\System.CommandLine.Tests.dll" adapterTypeName="executor://xunit/VsTestRunner2/net" className="System.CommandLine.Tests.GlobalOptionTests" name="Subcommands_with_global_option_should_propagate_option_to_children" />
    </UnitTest>
    <UnitTest name="System.CommandLine.Tests.CommandTests.Inner_command_is_identified_correctly" storage="c:\dev\command-line-api\src\system.commandline.tests\bin\debug\net462\system.commandline.tests.dll" id="040ec28d-0ce6-c2d3-154b-c9dd9827f70e">
      <Execution id="27b5c9ce-9562-49ca-a0c5-04db32f59c09" />
      <TestMethod codeBase="C:\dev\command-line-api\src\System.CommandLine.Tests\bin\Debug\net462\System.CommandLine.Tests.dll" adapterTypeName="executor://xunit/VsTestRunner2/net" className="System.CommandLine.Tests.CommandTests" name="Inner_command_is_identified_correctly" />
    </UnitTest>
    <UnitTest name="System.CommandLine.Tests.Help.HelpBuilderTests+Customization.Command_arguments_can_customize_second_column_text" storage="c:\dev\command-line-api\src\system.commandline.tests\bin\debug\net462\system.commandline.tests.dll" id="80ea0621-a9fa-23f2-8563-992b63d04b1e">
      <Execution id="0c9ca2be-8a1d-4244-9ee8-c69ad633b3db" />
      <TestMethod codeBase="C:\dev\command-line-api\src\System.CommandLine.Tests\bin\Debug\net462\System.CommandLine.Tests.dll" adapterTypeName="executor://xunit/VsTestRunner2/net" className="System.CommandLine.Tests.Help.HelpBuilderTests+Customization" name="Command_arguments_can_customize_second_column_text" />
    </UnitTest>
    <UnitTest name="System.CommandLine.Tests.VersionOptionTests.Version_can_specify_additional_alias" storage="c:\dev\command-line-api\src\system.commandline.tests\bin\debug\net462\system.commandline.tests.dll" id="557c7a1b-e02b-9219-8dc7-979d6c356a8d">
      <Execution id="f0c808ad-8053-411d-8da1-0a479f0f0e32" />
      <TestMethod codeBase="C:\dev\command-line-api\src\System.CommandLine.Tests\bin\Debug\net462\System.CommandLine.Tests.dll" adapterTypeName="executor://xunit/VsTestRunner2/net" className="System.CommandLine.Tests.VersionOptionTests" name="Version_can_specify_additional_alias" />
    </UnitTest>
    <UnitTest name="System.CommandLine.Tests.ArgumentTests+CustomParsing.custom_parsing_of_sequence_value_from_an_argument_with_multiple_tokens" storage="c:\dev\command-line-api\src\system.commandline.tests\bin\debug\net462\system.commandline.tests.dll" id="7e4f7fab-8021-c82a-8ca8-da38e6a0375e">
      <Execution id="69257259-f055-4617-bdb4-3dc37a0f7730" />
      <TestMethod codeBase="C:\dev\command-line-api\src\System.CommandLine.Tests\bin\Debug\net462\System.CommandLine.Tests.dll" adapterTypeName="executor://xunit/VsTestRunner2/net" className="System.CommandLine.Tests.ArgumentTests+CustomParsing" name="custom_parsing_of_sequence_value_from_an_argument_with_multiple_tokens" />
    </UnitTest>
    <UnitTest name="System.CommandLine.Tests.Binding.TypeConversionTests.Max_arity_greater_than_1_converts_to_enumerable_types(minArity: 0, maxArity: 3, argumentType: typeof(System.Collections.Generic.IEnumerable&lt;string&gt;))" storage="c:\dev\command-line-api\src\system.commandline.tests\bin\debug\net462\system.commandline.tests.dll" id="b5b608c3-6f3b-6f32-433c-bc42925c4edb">
      <Execution id="6cee1809-7779-4d38-9a06-7c1e8c5271c8" />
      <TestMethod codeBase="C:\dev\command-line-api\src\System.CommandLine.Tests\bin\Debug\net462\System.CommandLine.Tests.dll" adapterTypeName="executor://xunit/VsTestRunner2/net" className="System.CommandLine.Tests.Binding.TypeConversionTests" name="Max_arity_greater_than_1_converts_to_enumerable_types" />
    </UnitTest>
    <UnitTest name="System.CommandLine.Tests.Binding.TypeConversionTests.Sequence_type_defaults_to_empty_when_not_specified(sequenceType: typeof(System.Collections.Generic.List&lt;string&gt;))" storage="c:\dev\command-line-api\src\system.commandline.tests\bin\debug\net462\system.commandline.tests.dll" id="fb0ba314-2294-604a-1fa2-1994a56f5271">
      <Execution id="3c491214-0eda-404f-8b4f-ac85d890f050" />
      <TestMethod codeBase="C:\dev\command-line-api\src\System.CommandLine.Tests\bin\Debug\net462\System.CommandLine.Tests.dll" adapterTypeName="executor://xunit/VsTestRunner2/net" className="System.CommandLine.Tests.Binding.TypeConversionTests" name="Sequence_type_defaults_to_empty_when_not_specified" />
    </UnitTest>
    <UnitTest name="System.CommandLine.Tests.SplitCommandLineTests.It_does_not_split_double_quote_delimited_values_when_a_non_whitespace_argument_delimiter_is_used(prefix: &quot;/&quot;, delimiter: '=')" storage="c:\dev\command-line-api\src\system.commandline.tests\bin\debug\net462\system.commandline.tests.dll" id="ca48de7b-d5b5-d8ba-4d68-3a2f38cb6a9e">
      <Execution id="df143133-f983-4273-b772-ea14efe3232f" />
      <TestMethod codeBase="C:\dev\command-line-api\src\System.CommandLine.Tests\bin\Debug\net462\System.CommandLine.Tests.dll" adapterTypeName="executor://xunit/VsTestRunner2/net" className="System.CommandLine.Tests.SplitCommandLineTests" name="It_does_not_split_double_quote_delimited_values_when_a_non_whitespace_argument_delimiter_is_used" />
    </UnitTest>
    <UnitTest name="System.CommandLine.Tests.Help.HelpBuilderTests.Help_does_not_show_default_value_for_argument_when_default_value_is_empty" storage="c:\dev\command-line-api\src\system.commandline.tests\bin\debug\net462\system.commandline.tests.dll" id="78a5d3ce-f245-cfaa-9aa4-bfe324439361">
      <Execution id="5714948b-59e3-42e9-bea7-dfd28e83a368" />
      <TestMethod codeBase="C:\dev\command-line-api\src\System.CommandLine.Tests\bin\Debug\net462\System.CommandLine.Tests.dll" adapterTypeName="executor://xunit/VsTestRunner2/net" className="System.CommandLine.Tests.Help.HelpBuilderTests" name="Help_does_not_show_default_value_for_argument_when_default_value_is_empty" />
    </UnitTest>
    <UnitTest name="System.CommandLine.Tests.ArgumentTests+CustomParsing.When_tokens_are_passed_on_by_custom_parser_on_last_argument_then_they_become_unparsed_tokens" storage="c:\dev\command-line-api\src\system.commandline.tests\bin\debug\net462\system.commandline.tests.dll" id="71609bd1-7af0-2663-6300-c74a1dcc6065">
      <Execution id="c596bacc-62e6-4ad7-9db4-b5fc345a9f28" />
      <TestMethod codeBase="C:\dev\command-line-api\src\System.CommandLine.Tests\bin\Debug\net462\System.CommandLine.Tests.dll" adapterTypeName="executor://xunit/VsTestRunner2/net" className="System.CommandLine.Tests.ArgumentTests+CustomParsing" name="When_tokens_are_passed_on_by_custom_parser_on_last_argument_then_they_become_unparsed_tokens" />
    </UnitTest>
    <UnitTest name="System.CommandLine.Tests.Binding.SetHandlerTests.Binding_is_correct_for_Action_overload_having_arity_(arity: 3)" storage="c:\dev\command-line-api\src\system.commandline.tests\bin\debug\net462\system.commandline.tests.dll" id="a651b7c1-5ace-8e62-aa13-d79c1b9adad1">
      <Execution id="189221fe-4587-48a6-8c9b-4b9b48000e2e" />
      <TestMethod codeBase="C:\dev\command-line-api\src\System.CommandLine.Tests\bin\Debug\net462\System.CommandLine.Tests.dll" adapterTypeName="executor://xunit/VsTestRunner2/net" className="System.CommandLine.Tests.Binding.SetHandlerTests" name="Binding_is_correct_for_Action_overload_having_arity_" />
    </UnitTest>
    <UnitTest name="System.CommandLine.Tests.CommandExtensionsTests.When_CommandLineBuilder_is_used_then_Command_Invoke_does_not_use_its_configuration" storage="c:\dev\command-line-api\src\system.commandline.tests\bin\debug\net462\system.commandline.tests.dll" id="dd4fd515-3caa-0886-107a-7c83768d50b5">
      <Execution id="e4f1f37a-5fcd-45f3-957c-f554c8dda6bd" />
      <TestMethod codeBase="C:\dev\command-line-api\src\System.CommandLine.Tests\bin\Debug\net462\System.CommandLine.Tests.dll" adapterTypeName="executor://xunit/VsTestRunner2/net" className="System.CommandLine.Tests.CommandExtensionsTests" name="When_CommandLineBuilder_is_used_then_Command_Invoke_does_not_use_its_configuration" />
    </UnitTest>
    <UnitTest name="System.CommandLine.Tests.CommandTests.It_retains_argument_name_when_it_is_provided" storage="c:\dev\command-line-api\src\system.commandline.tests\bin\debug\net462\system.commandline.tests.dll" id="7a8c1b08-df1a-5650-2388-6546bf12f4da">
      <Execution id="057a299a-4779-462c-a465-52037af61152" />
      <TestMethod codeBase="C:\dev\command-line-api\src\System.CommandLine.Tests\bin\Debug\net462\System.CommandLine.Tests.dll" adapterTypeName="executor://xunit/VsTestRunner2/net" className="System.CommandLine.Tests.CommandTests" name="It_retains_argument_name_when_it_is_provided" />
    </UnitTest>
    <UnitTest name="System.CommandLine.Tests.ParsingValidationTests.When_FromAmong_is_used_for_multiple_arguments_and_valid_input_is_provided_then_there_are_no_errors" storage="c:\dev\command-line-api\src\system.commandline.tests\bin\debug\net462\system.commandline.tests.dll" id="975c0aee-4457-4720-3244-5e503ecd462c">
      <Execution id="d45d7994-2fb5-4282-81d8-ec161b371133" />
      <TestMethod codeBase="C:\dev\command-line-api\src\System.CommandLine.Tests\bin\Debug\net462\System.CommandLine.Tests.dll" adapterTypeName="executor://xunit/VsTestRunner2/net" className="System.CommandLine.Tests.ParsingValidationTests" name="When_FromAmong_is_used_for_multiple_arguments_and_valid_input_is_provided_then_there_are_no_errors" />
    </UnitTest>
    <UnitTest name="System.CommandLine.Tests.ParserTests.Option_argument_arity_can_be_a_range_with_a_lower_bound_greater_than_1" storage="c:\dev\command-line-api\src\system.commandline.tests\bin\debug\net462\system.commandline.tests.dll" id="2b6fff24-58d3-ff66-327a-2cc6c8107d92">
      <Execution id="6f9fd4c9-cd53-4d56-8887-55719edf4f73" />
      <TestMethod codeBase="C:\dev\command-line-api\src\System.CommandLine.Tests\bin\Debug\net462\System.CommandLine.Tests.dll" adapterTypeName="executor://xunit/VsTestRunner2/net" className="System.CommandLine.Tests.ParserTests" name="Option_argument_arity_can_be_a_range_with_a_lower_bound_greater_than_1" />
    </UnitTest>
    <UnitTest name="System.CommandLine.Tests.ParserTests+MultipleArguments.When_multiple_arguments_are_present_then_their_order_relative_to_sibling_options_is_not_significant(commandLine: &quot;one two three four five --verbose true&quot;)" storage="c:\dev\command-line-api\src\system.commandline.tests\bin\debug\net462\system.commandline.tests.dll" id="192384be-b5db-07bc-9c12-d6f061c7f10a">
      <Execution id="82346faf-1abd-4b15-a185-d2d87f7c2044" />
      <TestMethod codeBase="C:\dev\command-line-api\src\System.CommandLine.Tests\bin\Debug\net462\System.CommandLine.Tests.dll" adapterTypeName="executor://xunit/VsTestRunner2/net" className="System.CommandLine.Tests.ParserTests+MultipleArguments" name="When_multiple_arguments_are_present_then_their_order_relative_to_sibling_options_is_not_significant" />
    </UnitTest>
    <UnitTest name="System.CommandLine.Tests.CommandTests.ParseResult_Command_identifies_innermost_command(input: &quot;outer inner arg inner-er arg&quot;, expectedCommand: &quot;inner-er&quot;)" storage="c:\dev\command-line-api\src\system.commandline.tests\bin\debug\net462\system.commandline.tests.dll" id="12c79e6a-5ef2-e2eb-e7cb-897e2a16665c">
      <Execution id="d280140f-2bcf-457d-8f10-79b5b827a7ae" />
      <TestMethod codeBase="C:\dev\command-line-api\src\System.CommandLine.Tests\bin\Debug\net462\System.CommandLine.Tests.dll" adapterTypeName="executor://xunit/VsTestRunner2/net" className="System.CommandLine.Tests.CommandTests" name="ParseResult_Command_identifies_innermost_command" />
    </UnitTest>
    <UnitTest name="System.CommandLine.Tests.Help.HelpBuilderTests+Customization.Option_can_customize_second_column_text_based_on_parse_result" storage="c:\dev\command-line-api\src\system.commandline.tests\bin\debug\net462\system.commandline.tests.dll" id="751fcab5-4dbd-df37-e88c-23461ab647dd">
      <Execution id="0279facb-3f39-4bc7-b913-2b62624fb3e0" />
      <TestMethod codeBase="C:\dev\command-line-api\src\System.CommandLine.Tests\bin\Debug\net462\System.CommandLine.Tests.dll" adapterTypeName="executor://xunit/VsTestRunner2/net" className="System.CommandLine.Tests.Help.HelpBuilderTests+Customization" name="Option_can_customize_second_column_text_based_on_parse_result" />
    </UnitTest>
    <UnitTest name="System.CommandLine.Tests.CompletionTests.Command_GetCompletions_returns_available_subcommands_and_option_aliases" storage="c:\dev\command-line-api\src\system.commandline.tests\bin\debug\net462\system.commandline.tests.dll" id="b22f1a3c-45aa-eaa4-0c9e-a112e43f873e">
      <Execution id="6e5dc389-eb6c-46f6-b4a2-913cc2120d68" />
      <TestMethod codeBase="C:\dev\command-line-api\src\System.CommandLine.Tests\bin\Debug\net462\System.CommandLine.Tests.dll" adapterTypeName="executor://xunit/VsTestRunner2/net" className="System.CommandLine.Tests.CompletionTests" name="Command_GetCompletions_returns_available_subcommands_and_option_aliases" />
    </UnitTest>
    <UnitTest name="System.CommandLine.Tests.CompletionTests.Command_GetCompletions_returns_available_subcommands" storage="c:\dev\command-line-api\src\system.commandline.tests\bin\debug\net462\system.commandline.tests.dll" id="7594b40f-056b-c8b0-5471-d4f0252a1370">
      <Execution id="1c73ebb0-14f0-45d1-b13c-f8e48c791523" />
      <TestMethod codeBase="C:\dev\command-line-api\src\System.CommandLine.Tests\bin\Debug\net462\System.CommandLine.Tests.dll" adapterTypeName="executor://xunit/VsTestRunner2/net" className="System.CommandLine.Tests.CompletionTests" name="Command_GetCompletions_returns_available_subcommands" />
    </UnitTest>
    <UnitTest name="System.CommandLine.Tests.ParserTests+MultipleArguments.Multiple_arguments_can_differ_by_type" storage="c:\dev\command-line-api\src\system.commandline.tests\bin\debug\net462\system.commandline.tests.dll" id="c55cf5c9-0386-12e9-3a4e-6f748fad011e">
      <Execution id="ab9a63eb-9462-4184-89e6-df84b61829e4" />
      <TestMethod codeBase="C:\dev\command-line-api\src\System.CommandLine.Tests\bin\Debug\net462\System.CommandLine.Tests.dll" adapterTypeName="executor://xunit/VsTestRunner2/net" className="System.CommandLine.Tests.ParserTests+MultipleArguments" name="Multiple_arguments_can_differ_by_type" />
    </UnitTest>
    <UnitTest name="System.CommandLine.Tests.Parsing.CommandLineStringSplitterTests.It_does_not_split_double_quote_delimited_values_when_a_non_whitespace_argument_delimiter_is_used(prefix: &quot;/&quot;, delimiter: ':')" storage="c:\dev\command-line-api\src\system.commandline.tests\bin\debug\net462\system.commandline.tests.dll" id="c761f6eb-95f9-ed50-836f-42801f39523a">
      <Execution id="246e6008-b307-4917-8572-444b74f9fdbf" />
      <TestMethod codeBase="C:\dev\command-line-api\src\System.CommandLine.Tests\bin\Debug\net462\System.CommandLine.Tests.dll" adapterTypeName="executor://xunit/VsTestRunner2/net" className="System.CommandLine.Tests.Parsing.CommandLineStringSplitterTests" name="It_does_not_split_double_quote_delimited_values_when_a_non_whitespace_argument_delimiter_is_used" />
    </UnitTest>
    <UnitTest name="System.CommandLine.Tests.CommandTests.When_Name_is_explicitly_set_then_adding_aliases_does_not_change_it" storage="c:\dev\command-line-api\src\system.commandline.tests\bin\debug\net462\system.commandline.tests.dll" id="358aa349-2fb2-5e56-6a67-1dacbfdfdd09">
      <Execution id="9356743b-8ede-4040-a0a9-feec9528effd" />
      <TestMethod codeBase="C:\dev\command-line-api\src\System.CommandLine.Tests\bin\Debug\net462\System.CommandLine.Tests.dll" adapterTypeName="executor://xunit/VsTestRunner2/net" className="System.CommandLine.Tests.CommandTests" name="When_Name_is_explicitly_set_then_adding_aliases_does_not_change_it" />
    </UnitTest>
    <UnitTest name="System.CommandLine.Tests.ArgumentTests+CustomParsing.Validation_failure_message_can_be_specified_when_evaluating_default_argument_value" storage="c:\dev\command-line-api\src\system.commandline.tests\bin\debug\net462\system.commandline.tests.dll" id="8db386ee-5c11-7c8b-dfe7-56b2b4a09adc">
      <Execution id="33f189ab-e1d4-4a7c-ba8c-a853f5501680" />
      <TestMethod codeBase="C:\dev\command-line-api\src\System.CommandLine.Tests\bin\Debug\net462\System.CommandLine.Tests.dll" adapterTypeName="executor://xunit/VsTestRunner2/net" className="System.CommandLine.Tests.ArgumentTests+CustomParsing" name="Validation_failure_message_can_be_specified_when_evaluating_default_argument_value" />
    </UnitTest>
    <UnitTest name="System.CommandLine.Tests.Binding.TypeConversionTests.Sequence_type_defaults_to_empty_when_not_specified(sequenceType: typeof(System.Collections.Generic.IEnumerable&lt;int&gt;))" storage="c:\dev\command-line-api\src\system.commandline.tests\bin\debug\net462\system.commandline.tests.dll" id="ec1f1172-ba94-d84f-6c43-763d313a4676">
      <Execution id="507fa2a8-2652-463d-a7f4-8b30c95ddca6" />
      <TestMethod codeBase="C:\dev\command-line-api\src\System.CommandLine.Tests\bin\Debug\net462\System.CommandLine.Tests.dll" adapterTypeName="executor://xunit/VsTestRunner2/net" className="System.CommandLine.Tests.Binding.TypeConversionTests" name="Sequence_type_defaults_to_empty_when_not_specified" />
    </UnitTest>
    <UnitTest name="System.CommandLine.Tests.UseParseErrorReportingTests.Parse_error_uses_custom_error_result_code" storage="c:\dev\command-line-api\src\system.commandline.tests\bin\debug\net462\system.commandline.tests.dll" id="c6fa4776-f6a9-6f9f-0139-9bf710ba6f3e">
      <Execution id="6446b396-5c11-4297-8753-0d003fdb1a80" />
      <TestMethod codeBase="C:\dev\command-line-api\src\System.CommandLine.Tests\bin\Debug\net462\System.CommandLine.Tests.dll" adapterTypeName="executor://xunit/VsTestRunner2/net" className="System.CommandLine.Tests.UseParseErrorReportingTests" name="Parse_error_uses_custom_error_result_code" />
    </UnitTest>
    <UnitTest name="System.CommandLine.Tests.ParserTests+MultipleArguments.Unsatisfied_subsequent_argument_with_min_arity_1_parses_as_default_value" storage="c:\dev\command-line-api\src\system.commandline.tests\bin\debug\net462\system.commandline.tests.dll" id="ed34a6a5-ca42-ce49-59b4-93b530f70f4d">
      <Execution id="996281df-ef81-4f45-aab0-d1dffaf85376" />
      <TestMethod codeBase="C:\dev\command-line-api\src\System.CommandLine.Tests\bin\Debug\net462\System.CommandLine.Tests.dll" adapterTypeName="executor://xunit/VsTestRunner2/net" className="System.CommandLine.Tests.ParserTests+MultipleArguments" name="Unsatisfied_subsequent_argument_with_min_arity_1_parses_as_default_value" />
    </UnitTest>
    <UnitTest name="System.CommandLine.Tests.CompletionTests.When_current_symbol_is_an_option_that_requires_arguments_then_parent_symbol_completions_are_omitted" storage="c:\dev\command-line-api\src\system.commandline.tests\bin\debug\net462\system.commandline.tests.dll" id="c8329db2-c523-d71b-5638-a52f80694c7e">
      <Execution id="12d51301-9015-4b96-833d-151b941a9a6e" />
      <TestMethod codeBase="C:\dev\command-line-api\src\System.CommandLine.Tests\bin\Debug\net462\System.CommandLine.Tests.dll" adapterTypeName="executor://xunit/VsTestRunner2/net" className="System.CommandLine.Tests.CompletionTests" name="When_current_symbol_is_an_option_that_requires_arguments_then_parent_symbol_completions_are_omitted" />
    </UnitTest>
    <UnitTest name="System.CommandLine.Tests.TokenReplacementTests.Token_replacer_receives_the_token_from_the_command_line_with_the_leading_at_symbol_removed" storage="c:\dev\command-line-api\src\system.commandline.tests\bin\debug\net462\system.commandline.tests.dll" id="f1d9df11-dd16-2700-b25b-2daf8a8bf3f8">
      <Execution id="cd011ecc-6f8c-459a-aa68-1c5af37e6fc0" />
      <TestMethod codeBase="C:\dev\command-line-api\src\System.CommandLine.Tests\bin\Debug\net462\System.CommandLine.Tests.dll" adapterTypeName="executor://xunit/VsTestRunner2/net" className="System.CommandLine.Tests.TokenReplacementTests" name="Token_replacer_receives_the_token_from_the_command_line_with_the_leading_at_symbol_removed" />
    </UnitTest>
    <UnitTest name="System.CommandLine.Tests.Invocation.InvocationPipelineTests.Invocation_can_be_short_circuited_by_middleware_by_not_calling_next" storage="c:\dev\command-line-api\src\system.commandline.tests\bin\debug\net462\system.commandline.tests.dll" id="ef888554-dff2-326b-5a48-3295f7554b58">
      <Execution id="17c5d425-d238-4208-a295-b7519ac889b3" />
      <TestMethod codeBase="C:\dev\command-line-api\src\System.CommandLine.Tests\bin\Debug\net462\System.CommandLine.Tests.dll" adapterTypeName="executor://xunit/VsTestRunner2/net" className="System.CommandLine.Tests.Invocation.InvocationPipelineTests" name="Invocation_can_be_short_circuited_by_middleware_by_not_calling_next" />
    </UnitTest>
    <UnitTest name="System.CommandLine.Tests.DirectiveTests.Multiple_directives_are_allowed" storage="c:\dev\command-line-api\src\system.commandline.tests\bin\debug\net462\system.commandline.tests.dll" id="3a460ecf-ec88-1145-11df-16b003568d49">
      <Execution id="5dbf7eb0-dfdc-45d4-9066-88e5c4715796" />
      <TestMethod codeBase="C:\dev\command-line-api\src\System.CommandLine.Tests\bin\Debug\net462\System.CommandLine.Tests.dll" adapterTypeName="executor://xunit/VsTestRunner2/net" className="System.CommandLine.Tests.DirectiveTests" name="Multiple_directives_are_allowed" />
    </UnitTest>
    <UnitTest name="System.CommandLine.Tests.Binding.TypeConversionTests.Values_can_be_correctly_converted_to_decimal_without_the_parser_specifying_a_custom_converter" storage="c:\dev\command-line-api\src\system.commandline.tests\bin\debug\net462\system.commandline.tests.dll" id="c691fed8-9126-c42e-69d0-fd41e75493f7">
      <Execution id="1f6f52b4-0769-419d-8271-1cb681d147a2" />
      <TestMethod codeBase="C:\dev\command-line-api\src\System.CommandLine.Tests\bin\Debug\net462\System.CommandLine.Tests.dll" adapterTypeName="executor://xunit/VsTestRunner2/net" className="System.CommandLine.Tests.Binding.TypeConversionTests" name="Values_can_be_correctly_converted_to_decimal_without_the_parser_specifying_a_custom_converter" />
    </UnitTest>
    <UnitTest name="System.CommandLine.Tests.ParserTests.Bundled_option_arguments_that_match_option_aliases_are_parsed_correctly" storage="c:\dev\command-line-api\src\system.commandline.tests\bin\debug\net462\system.commandline.tests.dll" id="f7200cf7-17c2-8823-20b9-a1a065fbd29e">
      <Execution id="584bbdc0-6674-4162-8016-5c44f8865bc1" />
      <TestMethod codeBase="C:\dev\command-line-api\src\System.CommandLine.Tests\bin\Debug\net462\System.CommandLine.Tests.dll" adapterTypeName="executor://xunit/VsTestRunner2/net" className="System.CommandLine.Tests.ParserTests" name="Bundled_option_arguments_that_match_option_aliases_are_parsed_correctly" />
    </UnitTest>
    <UnitTest name="System.CommandLine.Tests.Help.HelpBuilderTests.Option_arguments_with_default_values_that_are_array_display_pipe_delimited_list" storage="c:\dev\command-line-api\src\system.commandline.tests\bin\debug\net462\system.commandline.tests.dll" id="6d7650f4-973a-fafd-5d4b-09f296ef2ed0">
      <Execution id="30e51c21-de44-48d3-94e2-57ccd71f1dc0" />
      <TestMethod codeBase="C:\dev\command-line-api\src\System.CommandLine.Tests\bin\Debug\net462\System.CommandLine.Tests.dll" adapterTypeName="executor://xunit/VsTestRunner2/net" className="System.CommandLine.Tests.Help.HelpBuilderTests" name="Option_arguments_with_default_values_that_are_array_display_pipe_delimited_list" />
    </UnitTest>
    <UnitTest name="System.CommandLine.Tests.ParsingValidationTests+FileExistence.An_option_argument_with_multiple_files_can_be_invalid_based_on_file_existence" storage="c:\dev\command-line-api\src\system.commandline.tests\bin\debug\net462\system.commandline.tests.dll" id="f58285b2-4245-e646-51e4-f6225cf7e3e0">
      <Execution id="b6e8d7a3-f0a1-4ad7-b360-73c0d62e66df" />
      <TestMethod codeBase="C:\dev\command-line-api\src\System.CommandLine.Tests\bin\Debug\net462\System.CommandLine.Tests.dll" adapterTypeName="executor://xunit/VsTestRunner2/net" className="System.CommandLine.Tests.ParsingValidationTests+FileExistence" name="An_option_argument_with_multiple_files_can_be_invalid_based_on_file_existence" />
    </UnitTest>
    <UnitTest name="System.CommandLine.Tests.CompletionTests.Arguments_of_type_enum_provide_enum_values_as_suggestions" storage="c:\dev\command-line-api\src\system.commandline.tests\bin\debug\net462\system.commandline.tests.dll" id="15d39bf6-fe74-b6d6-9228-bc180fefb2a7">
      <Execution id="8114c5f7-6a0b-41d3-8ce3-9112f5e5ec1d" />
      <TestMethod codeBase="C:\dev\command-line-api\src\System.CommandLine.Tests\bin\Debug\net462\System.CommandLine.Tests.dll" adapterTypeName="executor://xunit/VsTestRunner2/net" className="System.CommandLine.Tests.CompletionTests" name="Arguments_of_type_enum_provide_enum_values_as_suggestions" />
    </UnitTest>
    <UnitTest name="System.CommandLine.Tests.CompletionTests.Completions_can_be_provided_in_the_absence_of_validation" storage="c:\dev\command-line-api\src\system.commandline.tests\bin\debug\net462\system.commandline.tests.dll" id="9886bd6b-f8ee-5a5d-eaf1-e068c8e0d832">
      <Execution id="e3d30837-3316-4897-8ac4-94e6b158b085" />
      <TestMethod codeBase="C:\dev\command-line-api\src\System.CommandLine.Tests\bin\Debug\net462\System.CommandLine.Tests.dll" adapterTypeName="executor://xunit/VsTestRunner2/net" className="System.CommandLine.Tests.CompletionTests" name="Completions_can_be_provided_in_the_absence_of_validation" />
    </UnitTest>
    <UnitTest name="System.CommandLine.Tests.CommandTests.ParseResult_Command_identifies_innermost_command(input: &quot;outer&quot;, expectedCommand: &quot;outer&quot;)" storage="c:\dev\command-line-api\src\system.commandline.tests\bin\debug\net462\system.commandline.tests.dll" id="d7c25286-ab60-57c1-e5db-7ba34a993d7e">
      <Execution id="4b3ef043-f129-4516-800f-1a8bc91d7df1" />
      <TestMethod codeBase="C:\dev\command-line-api\src\System.CommandLine.Tests\bin\Debug\net462\System.CommandLine.Tests.dll" adapterTypeName="executor://xunit/VsTestRunner2/net" className="System.CommandLine.Tests.CommandTests" name="ParseResult_Command_identifies_innermost_command" />
    </UnitTest>
    <UnitTest name="System.CommandLine.Tests.Binding.TypeConversionTests.Max_arity_greater_than_1_converts_to_enumerable_types(minArity: 1, maxArity: 100000, argumentType: typeof(System.Collections.Generic.IEnumerable&lt;string&gt;))" storage="c:\dev\command-line-api\src\system.commandline.tests\bin\debug\net462\system.commandline.tests.dll" id="53acb159-6e4e-8167-3891-6d73f01e96b4">
      <Execution id="02e8e95e-e5aa-44a6-82bd-b20064da5e25" />
      <TestMethod codeBase="C:\dev\command-line-api\src\System.CommandLine.Tests\bin\Debug\net462\System.CommandLine.Tests.dll" adapterTypeName="executor://xunit/VsTestRunner2/net" className="System.CommandLine.Tests.Binding.TypeConversionTests" name="Max_arity_greater_than_1_converts_to_enumerable_types" />
    </UnitTest>
    <UnitTest name="System.CommandLine.Tests.Binding.TypeConversionTests.Values_can_be_correctly_converted_to_uint_without_the_parser_specifying_a_custom_converter" storage="c:\dev\command-line-api\src\system.commandline.tests\bin\debug\net462\system.commandline.tests.dll" id="cc2c17ac-6825-992e-14fb-d0eb02fc1082">
      <Execution id="c0800fd1-b75d-403b-98dd-8091563f8fc5" />
      <TestMethod codeBase="C:\dev\command-line-api\src\System.CommandLine.Tests\bin\Debug\net462\System.CommandLine.Tests.dll" adapterTypeName="executor://xunit/VsTestRunner2/net" className="System.CommandLine.Tests.Binding.TypeConversionTests" name="Values_can_be_correctly_converted_to_uint_without_the_parser_specifying_a_custom_converter" />
    </UnitTest>
    <UnitTest name="System.CommandLine.Tests.ParserTests+MultiplePositions.A_command_can_be_specified_in_more_than_one_position(commandLine: &quot;outer inner2 reused --the-option 456&quot;, expectedParent: &quot;inner2&quot;)" storage="c:\dev\command-line-api\src\system.commandline.tests\bin\debug\net462\system.commandline.tests.dll" id="f88eb778-9bea-1184-4a39-047ce4409402">
      <Execution id="71120b71-bac6-4623-ab58-97d15284dad3" />
      <TestMethod codeBase="C:\dev\command-line-api\src\System.CommandLine.Tests\bin\Debug\net462\System.CommandLine.Tests.dll" adapterTypeName="executor://xunit/VsTestRunner2/net" className="System.CommandLine.Tests.ParserTests+MultiplePositions" name="A_command_can_be_specified_in_more_than_one_position" />
    </UnitTest>
    <UnitTest name="System.CommandLine.Tests.EnvironmentVariableDirectiveTests.Trims_environment_variable_value" storage="c:\dev\command-line-api\src\system.commandline.tests\bin\debug\net462\system.commandline.tests.dll" id="ae6da703-53bc-446d-b32c-48b689684606">
      <Execution id="45bc9c50-fa7a-4f9f-a0c7-42cb6df162ef" />
      <TestMethod codeBase="C:\dev\command-line-api\src\System.CommandLine.Tests\bin\Debug\net462\System.CommandLine.Tests.dll" adapterTypeName="executor://xunit/VsTestRunner2/net" className="System.CommandLine.Tests.EnvironmentVariableDirectiveTests" name="Trims_environment_variable_value" />
    </UnitTest>
    <UnitTest name="System.CommandLine.Tests.ParserTests.Absolute_unix_style_paths_are_lexed_correctly" storage="c:\dev\command-line-api\src\system.commandline.tests\bin\debug\net462\system.commandline.tests.dll" id="04f86dd9-4b52-df8d-9979-fcc8c29577fe">
      <Execution id="e77dab65-c03f-4e76-938c-e1b52f324349" />
      <TestMethod codeBase="C:\dev\command-line-api\src\System.CommandLine.Tests\bin\Debug\net462\System.CommandLine.Tests.dll" adapterTypeName="executor://xunit/VsTestRunner2/net" className="System.CommandLine.Tests.ParserTests" name="Absolute_unix_style_paths_are_lexed_correctly" />
    </UnitTest>
    <UnitTest name="System.CommandLine.Tests.ParsingValidationTests.The_parsed_value_of_an_argument_is_available_within_a_validator" storage="c:\dev\command-line-api\src\system.commandline.tests\bin\debug\net462\system.commandline.tests.dll" id="586a15e9-8f85-9924-c889-902d60b1036a">
      <Execution id="5f6e1578-18ac-4fba-851a-bb4175cfaa4d" />
      <TestMethod codeBase="C:\dev\command-line-api\src\System.CommandLine.Tests\bin\Debug\net462\System.CommandLine.Tests.dll" adapterTypeName="executor://xunit/VsTestRunner2/net" className="System.CommandLine.Tests.ParsingValidationTests" name="The_parsed_value_of_an_argument_is_available_within_a_validator" />
    </UnitTest>
    <UnitTest name="System.CommandLine.Tests.DirectiveTests.Directives_can_have_a_value_which_is_everything_after_the_first_colon(directive: &quot;[key:value:more]&quot;, expectedKey: &quot;key&quot;, expectedValue: &quot;value:more&quot;)" storage="c:\dev\command-line-api\src\system.commandline.tests\bin\debug\net462\system.commandline.tests.dll" id="36ddf80c-6660-7ec9-65e2-97e8bd5c15e1">
      <Execution id="da184d92-fa84-4db3-bd58-77edf72efd54" />
      <TestMethod codeBase="C:\dev\command-line-api\src\System.CommandLine.Tests\bin\Debug\net462\System.CommandLine.Tests.dll" adapterTypeName="executor://xunit/VsTestRunner2/net" className="System.CommandLine.Tests.DirectiveTests" name="Directives_can_have_a_value_which_is_everything_after_the_first_colon" />
    </UnitTest>
    <UnitTest name="System.CommandLine.Tests.OptionTests+MultipleArgumentsPerToken+Allowed.When_max_arity_is_1_then_subsequent_option_args_overwrite_previous_ones(commandLine: &quot;xyz --option 1 --option 2&quot;)" storage="c:\dev\command-line-api\src\system.commandline.tests\bin\debug\net462\system.commandline.tests.dll" id="e27b47b2-0951-e76c-94b2-fb12712bce0f">
      <Execution id="02b52149-34c0-4758-854b-15f77a8fd2c8" />
      <TestMethod codeBase="C:\dev\command-line-api\src\System.CommandLine.Tests\bin\Debug\net462\System.CommandLine.Tests.dll" adapterTypeName="executor://xunit/VsTestRunner2/net" className="System.CommandLine.Tests.OptionTests+MultipleArgumentsPerToken+Allowed" name="When_max_arity_is_1_then_subsequent_option_args_overwrite_previous_ones" />
    </UnitTest>
    <UnitTest name="System.CommandLine.Tests.CompletionContextTests.When_position_is_specified_in_string_command_line_then_it_returns_argument_at_cursor_position(commandLine: &quot;the-command $one --two&quot;, expected: &quot;one&quot;)" storage="c:\dev\command-line-api\src\system.commandline.tests\bin\debug\net462\system.commandline.tests.dll" id="83b8085f-157c-7ec3-dc8b-346eec1b1ffc">
      <Execution id="ee634fa7-7df0-4246-932d-8a3ccfd93a93" />
      <TestMethod codeBase="C:\dev\command-line-api\src\System.CommandLine.Tests\bin\Debug\net462\System.CommandLine.Tests.dll" adapterTypeName="executor://xunit/VsTestRunner2/net" className="System.CommandLine.Tests.CompletionContextTests" name="When_position_is_specified_in_string_command_line_then_it_returns_argument_at_cursor_position" />
    </UnitTest>
    <UnitTest name="System.CommandLine.Tests.OptionTests.An_option_must_have_at_least_one_alias" storage="c:\dev\command-line-api\src\system.commandline.tests\bin\debug\net462\system.commandline.tests.dll" id="6ecaba8d-fa56-4981-a985-5981718960b5">
      <Execution id="ef37bbbd-0721-4350-8bf6-9975e1db11de" />
      <TestMethod codeBase="C:\dev\command-line-api\src\System.CommandLine.Tests\bin\Debug\net462\System.CommandLine.Tests.dll" adapterTypeName="executor://xunit/VsTestRunner2/net" className="System.CommandLine.Tests.OptionTests" name="An_option_must_have_at_least_one_alias" />
    </UnitTest>
    <UnitTest name="System.CommandLine.Tests.Help.HelpBuilderTests+Customization.Argument_can_fallback_to_default_when_customizing(conditionA: False, conditionB: False, conditionC: False, expected: &quot;\\&lt;arg\\&gt;\\s*description\\s*\\[default\\: default\&quot;...)" storage="c:\dev\command-line-api\src\system.commandline.tests\bin\debug\net462\system.commandline.tests.dll" id="07639e18-a1fc-4a6c-2382-52a9bd5b0753">
      <Execution id="47c75bbb-2ce8-4510-b83e-75bde24790cb" />
      <TestMethod codeBase="C:\dev\command-line-api\src\System.CommandLine.Tests\bin\Debug\net462\System.CommandLine.Tests.dll" adapterTypeName="executor://xunit/VsTestRunner2/net" className="System.CommandLine.Tests.Help.HelpBuilderTests+Customization" name="Argument_can_fallback_to_default_when_customizing" />
    </UnitTest>
    <UnitTest name="System.CommandLine.Tests.Binding.TypeConversionTests.Nullable_bool_parses_as_false_when_the_option_has_been_applied(commandLine: &quot;the-command -x false&quot;)" storage="c:\dev\command-line-api\src\system.commandline.tests\bin\debug\net462\system.commandline.tests.dll" id="a2d275df-4bf1-d3f9-a19e-312ba274cf77">
      <Execution id="50cef6ad-1581-4ce7-87d6-2cbeffd776da" />
      <TestMethod codeBase="C:\dev\command-line-api\src\System.CommandLine.Tests\bin\Debug\net462\System.CommandLine.Tests.dll" adapterTypeName="executor://xunit/VsTestRunner2/net" className="System.CommandLine.Tests.Binding.TypeConversionTests" name="Nullable_bool_parses_as_false_when_the_option_has_been_applied" />
    </UnitTest>
    <UnitTest name="System.CommandLine.Tests.Binding.TypeConversionTests.Nullable_bool_parses_as_false_when_the_option_has_been_applied(commandLine: &quot;the-command -x:false&quot;)" storage="c:\dev\command-line-api\src\system.commandline.tests\bin\debug\net462\system.commandline.tests.dll" id="830d1e26-1975-ba11-5d1a-131f199bedd0">
      <Execution id="429b4332-eb6c-493c-a1a7-53caa3668ddc" />
      <TestMethod codeBase="C:\dev\command-line-api\src\System.CommandLine.Tests\bin\Debug\net462\System.CommandLine.Tests.dll" adapterTypeName="executor://xunit/VsTestRunner2/net" className="System.CommandLine.Tests.Binding.TypeConversionTests" name="Nullable_bool_parses_as_false_when_the_option_has_been_applied" />
    </UnitTest>
    <UnitTest name="System.CommandLine.Tests.ParserTests.Boolean_options_are_not_greedy(commandLine: &quot;-x:true -y:true&quot;)" storage="c:\dev\command-line-api\src\system.commandline.tests\bin\debug\net462\system.commandline.tests.dll" id="c8e2c74d-a939-9f3b-9bf4-c6147f369a1e">
      <Execution id="499a2998-292c-4c4c-a92a-a5855977bae7" />
      <TestMethod codeBase="C:\dev\command-line-api\src\System.CommandLine.Tests\bin\Debug\net462\System.CommandLine.Tests.dll" adapterTypeName="executor://xunit/VsTestRunner2/net" className="System.CommandLine.Tests.ParserTests" name="Boolean_options_are_not_greedy" />
    </UnitTest>
    <UnitTest name="System.CommandLine.Tests.Binding.TypeConversionTests.Nullable_bool_parses_as_false_when_the_option_has_been_applied(commandLine: &quot;the-command -x=false&quot;)" storage="c:\dev\command-line-api\src\system.commandline.tests\bin\debug\net462\system.commandline.tests.dll" id="b5b8b0d5-2246-4416-9935-4e5632ca3f17">
      <Execution id="d6d833f9-065c-4d9c-ae0c-765dc6e59fab" />
      <TestMethod codeBase="C:\dev\command-line-api\src\System.CommandLine.Tests\bin\Debug\net462\System.CommandLine.Tests.dll" adapterTypeName="executor://xunit/VsTestRunner2/net" className="System.CommandLine.Tests.Binding.TypeConversionTests" name="Nullable_bool_parses_as_false_when_the_option_has_been_applied" />
    </UnitTest>
    <UnitTest name="System.CommandLine.Tests.Invocation.TypoCorrectionTests.When_option_is_mistyped_it_is_suggested" storage="c:\dev\command-line-api\src\system.commandline.tests\bin\debug\net462\system.commandline.tests.dll" id="762defa5-56d0-412f-438e-9508742c4a7e">
      <Execution id="a7f257d8-241e-4657-a719-e4895f3f8db6" />
      <TestMethod codeBase="C:\dev\command-line-api\src\System.CommandLine.Tests\bin\Debug\net462\System.CommandLine.Tests.dll" adapterTypeName="executor://xunit/VsTestRunner2/net" className="System.CommandLine.Tests.Invocation.TypoCorrectionTests" name="When_option_is_mistyped_it_is_suggested" />
    </UnitTest>
    <UnitTest name="System.CommandLine.Tests.UseHelpTests.UseHelp_with_custom_aliases_default_aliases_replaced(helpAlias: &quot;/?&quot;)" storage="c:\dev\command-line-api\src\system.commandline.tests\bin\debug\net462\system.commandline.tests.dll" id="d750886f-193d-c70b-33f7-af3f93c0c792">
      <Execution id="84ddda73-3252-4a28-9788-d08c29bebfba" />
      <TestMethod codeBase="C:\dev\command-line-api\src\System.CommandLine.Tests\bin\Debug\net462\System.CommandLine.Tests.dll" adapterTypeName="executor://xunit/VsTestRunner2/net" className="System.CommandLine.Tests.UseHelpTests" name="UseHelp_with_custom_aliases_default_aliases_replaced" />
    </UnitTest>
    <UnitTest name="System.CommandLine.Tests.CompletionTests.Default_completions_can_be_cleared_and_replaced" storage="c:\dev\command-line-api\src\system.commandline.tests\bin\debug\net462\system.commandline.tests.dll" id="d4efeab0-aff4-3d76-ac40-e597d003c798">
      <Execution id="38c4fa59-bfb7-4fd6-aadc-d70afb6c0e01" />
      <TestMethod codeBase="C:\dev\command-line-api\src\System.CommandLine.Tests\bin\Debug\net462\System.CommandLine.Tests.dll" adapterTypeName="executor://xunit/VsTestRunner2/net" className="System.CommandLine.Tests.CompletionTests" name="Default_completions_can_be_cleared_and_replaced" />
    </UnitTest>
    <UnitTest name="System.CommandLine.Tests.ParsingValidationTests.When_FromAmong_is_used_for_multiple_arguments_and_invalid_input_is_provided_for_the_second_one_then_the_error_is_informative" storage="c:\dev\command-line-api\src\system.commandline.tests\bin\debug\net462\system.commandline.tests.dll" id="4184f5af-b2d4-e1c0-6da7-7cb6bdb12e9c">
      <Execution id="749c9ef9-b774-42e1-8b5f-2c1b806db0ff" />
      <TestMethod codeBase="C:\dev\command-line-api\src\System.CommandLine.Tests\bin\Debug\net462\System.CommandLine.Tests.dll" adapterTypeName="executor://xunit/VsTestRunner2/net" className="System.CommandLine.Tests.ParsingValidationTests" name="When_FromAmong_is_used_for_multiple_arguments_and_invalid_input_is_provided_for_the_second_one_then_the_error_is_informative" />
    </UnitTest>
    <UnitTest name="System.CommandLine.Tests.Parsing.CommandLineStringSplitterTests.It_does_not_split_double_quote_delimited_values_when_a_non_whitespace_argument_delimiter_is_used(prefix: &quot;-&quot;, delimiter: '=')" storage="c:\dev\command-line-api\src\system.commandline.tests\bin\debug\net462\system.commandline.tests.dll" id="bf7e8037-b9eb-e95b-22de-c880e57a3e9e">
      <Execution id="0ad2ced7-5c76-4997-8c7f-33100ae2fc51" />
      <TestMethod codeBase="C:\dev\command-line-api\src\System.CommandLine.Tests\bin\Debug\net462\System.CommandLine.Tests.dll" adapterTypeName="executor://xunit/VsTestRunner2/net" className="System.CommandLine.Tests.Parsing.CommandLineStringSplitterTests" name="It_does_not_split_double_quote_delimited_values_when_a_non_whitespace_argument_delimiter_is_used" />
    </UnitTest>
    <UnitTest name="System.CommandLine.Tests.UseExceptionHandlerTests.UseExceptionHandler_set_custom_result_code" storage="c:\dev\command-line-api\src\system.commandline.tests\bin\debug\net462\system.commandline.tests.dll" id="34c445de-8663-19ab-63b1-97f4ea0730d0">
      <Execution id="f5a8b004-e029-4a34-b132-070be39ad635" />
      <TestMethod codeBase="C:\dev\command-line-api\src\System.CommandLine.Tests\bin\Debug\net462\System.CommandLine.Tests.dll" adapterTypeName="executor://xunit/VsTestRunner2/net" className="System.CommandLine.Tests.UseExceptionHandlerTests" name="UseExceptionHandler_set_custom_result_code" />
    </UnitTest>
    <UnitTest name="System.CommandLine.Tests.Help.HelpBuilderTests+Customization.Option_can_customize_default_value" storage="c:\dev\command-line-api\src\system.commandline.tests\bin\debug\net462\system.commandline.tests.dll" id="c2d93b06-e49e-3fec-cdc1-0387d7384613">
      <Execution id="b9ee049e-4190-4116-8dda-09267eb848c6" />
      <TestMethod codeBase="C:\dev\command-line-api\src\System.CommandLine.Tests\bin\Debug\net462\System.CommandLine.Tests.dll" adapterTypeName="executor://xunit/VsTestRunner2/net" className="System.CommandLine.Tests.Help.HelpBuilderTests+Customization" name="Option_can_customize_default_value" />
    </UnitTest>
    <UnitTest name="System.CommandLine.Tests.EnvironmentVariableDirectiveTests.Sets_environment_variable_value_containing_equals_sign" storage="c:\dev\command-line-api\src\system.commandline.tests\bin\debug\net462\system.commandline.tests.dll" id="e161d28c-ddfe-753e-21f8-39700db06ba0">
      <Execution id="24e73ad1-acfc-4607-a4a3-0130a53c4855" />
      <TestMethod codeBase="C:\dev\command-line-api\src\System.CommandLine.Tests\bin\Debug\net462\System.CommandLine.Tests.dll" adapterTypeName="executor://xunit/VsTestRunner2/net" className="System.CommandLine.Tests.EnvironmentVariableDirectiveTests" name="Sets_environment_variable_value_containing_equals_sign" />
    </UnitTest>
    <UnitTest name="System.CommandLine.Tests.VersionOptionTests.Version_is_not_valid_with_other_tokens(commandLine: &quot;--version subcommand&quot;)" storage="c:\dev\command-line-api\src\system.commandline.tests\bin\debug\net462\system.commandline.tests.dll" id="13350c06-e6b9-0959-2747-3e2c83b58259">
      <Execution id="dcbccdc8-60a8-4dcc-a6d7-748cd4b67faa" />
      <TestMethod codeBase="C:\dev\command-line-api\src\System.CommandLine.Tests\bin\Debug\net462\System.CommandLine.Tests.dll" adapterTypeName="executor://xunit/VsTestRunner2/net" className="System.CommandLine.Tests.VersionOptionTests" name="Version_is_not_valid_with_other_tokens" />
    </UnitTest>
    <UnitTest name="System.CommandLine.Tests.ParserTests.Original_order_of_tokens_is_preserved_in_ParseResult_Tokens(commandLine: &quot;not a valid command line --one 1&quot;)" storage="c:\dev\command-line-api\src\system.commandline.tests\bin\debug\net462\system.commandline.tests.dll" id="7e25932d-af79-c733-7c4d-de5aa18e9347">
      <Execution id="fd1ec11d-7c40-4560-a02c-14c458518e3c" />
      <TestMethod codeBase="C:\dev\command-line-api\src\System.CommandLine.Tests\bin\Debug\net462\System.CommandLine.Tests.dll" adapterTypeName="executor://xunit/VsTestRunner2/net" className="System.CommandLine.Tests.ParserTests" name="Original_order_of_tokens_is_preserved_in_ParseResult_Tokens" />
    </UnitTest>
    <UnitTest name="System.CommandLine.Tests.Binding.TypeConversionTests.Values_can_be_correctly_converted_to_nullable_short_without_the_parser_specifying_a_custom_converter" storage="c:\dev\command-line-api\src\system.commandline.tests\bin\debug\net462\system.commandline.tests.dll" id="5a0bf2f3-97be-bfc9-d34a-903505234358">
      <Execution id="57523df2-181e-42e9-b7d4-cb07f17d64a0" />
      <TestMethod codeBase="C:\dev\command-line-api\src\System.CommandLine.Tests\bin\Debug\net462\System.CommandLine.Tests.dll" adapterTypeName="executor://xunit/VsTestRunner2/net" className="System.CommandLine.Tests.Binding.TypeConversionTests" name="Values_can_be_correctly_converted_to_nullable_short_without_the_parser_specifying_a_custom_converter" />
    </UnitTest>
    <UnitTest name="System.CommandLine.Tests.UseHelpTests.There_are_no_parse_errors_when_help_is_invoked_on_subcommand" storage="c:\dev\command-line-api\src\system.commandline.tests\bin\debug\net462\system.commandline.tests.dll" id="981aa8a9-9b9b-d494-7b69-e08e48900904">
      <Execution id="1e1e8df7-3db4-4701-9753-ef51e99c8867" />
      <TestMethod codeBase="C:\dev\command-line-api\src\System.CommandLine.Tests\bin\Debug\net462\System.CommandLine.Tests.dll" adapterTypeName="executor://xunit/VsTestRunner2/net" className="System.CommandLine.Tests.UseHelpTests" name="There_are_no_parse_errors_when_help_is_invoked_on_subcommand" />
    </UnitTest>
    <UnitTest name="System.CommandLine.Tests.Invocation.InvocationPipelineTests.InvokeAsync_chooses_the_appropriate_command" storage="c:\dev\command-line-api\src\system.commandline.tests\bin\debug\net462\system.commandline.tests.dll" id="194c37d9-ace7-300a-9d7d-4deb0e9eb868">
      <Execution id="c2b74be7-0339-487e-b346-4a42f6262bae" />
      <TestMethod codeBase="C:\dev\command-line-api\src\System.CommandLine.Tests\bin\Debug\net462\System.CommandLine.Tests.dll" adapterTypeName="executor://xunit/VsTestRunner2/net" className="System.CommandLine.Tests.Invocation.InvocationPipelineTests" name="InvokeAsync_chooses_the_appropriate_command" />
    </UnitTest>
    <UnitTest name="System.CommandLine.Tests.ParsingValidationTests.When_an_option_has_en_error_then_the_error_has_a_reference_to_the_option" storage="c:\dev\command-line-api\src\system.commandline.tests\bin\debug\net462\system.commandline.tests.dll" id="d64b8e6a-a1d7-a0f5-cd3c-a149a882c081">
      <Execution id="3a7dc424-683f-4aff-a989-2ad176ab3fe5" />
      <TestMethod codeBase="C:\dev\command-line-api\src\System.CommandLine.Tests\bin\Debug\net462\System.CommandLine.Tests.dll" adapterTypeName="executor://xunit/VsTestRunner2/net" className="System.CommandLine.Tests.ParsingValidationTests" name="When_an_option_has_en_error_then_the_error_has_a_reference_to_the_option" />
    </UnitTest>
    <UnitTest name="System.CommandLine.Tests.ParseDiagramTests.Parse_result_diagram_displays_unmatched_tokens" storage="c:\dev\command-line-api\src\system.commandline.tests\bin\debug\net462\system.commandline.tests.dll" id="1bf3bb1b-b80b-cd73-0615-5326fdb7f40f">
      <Execution id="b79ac6e2-9232-425d-9f18-87b5e6015fb8" />
      <TestMethod codeBase="C:\dev\command-line-api\src\System.CommandLine.Tests\bin\Debug\net462\System.CommandLine.Tests.dll" adapterTypeName="executor://xunit/VsTestRunner2/net" className="System.CommandLine.Tests.ParseDiagramTests" name="Parse_result_diagram_displays_unmatched_tokens" />
    </UnitTest>
    <UnitTest name="System.CommandLine.Tests.ResponseFileTests.When_response_file_options_or_arguments_contain_leading_spaces_they_are_ignored" storage="c:\dev\command-line-api\src\system.commandline.tests\bin\debug\net462\system.commandline.tests.dll" id="2314fc1c-4abf-aa3c-ab22-abb6661f576f">
      <Execution id="d6708b77-a59a-48e9-8170-4c59a6f6d23c" />
      <TestMethod codeBase="C:\dev\command-line-api\src\System.CommandLine.Tests\bin\Debug\net462\System.CommandLine.Tests.dll" adapterTypeName="executor://xunit/VsTestRunner2/net" className="System.CommandLine.Tests.ResponseFileTests" name="When_response_file_options_or_arguments_contain_leading_spaces_they_are_ignored" />
    </UnitTest>
    <UnitTest name="System.CommandLine.Tests.OptionTests.Option_T_default_value_is_validated" storage="c:\dev\command-line-api\src\system.commandline.tests\bin\debug\net462\system.commandline.tests.dll" id="a58bf2dd-e946-f2d3-21d9-8449df9769df">
      <Execution id="d9e5180b-566d-4083-ae12-4d24896fb65e" />
      <TestMethod codeBase="C:\dev\command-line-api\src\System.CommandLine.Tests\bin\Debug\net462\System.CommandLine.Tests.dll" adapterTypeName="executor://xunit/VsTestRunner2/net" className="System.CommandLine.Tests.OptionTests" name="Option_T_default_value_is_validated" />
    </UnitTest>
    <UnitTest name="System.CommandLine.Tests.Help.HelpBuilderTests.Constructor_ignores_non_positive_max_width(maxWidth: -1)" storage="c:\dev\command-line-api\src\system.commandline.tests\bin\debug\net462\system.commandline.tests.dll" id="29c55c05-30d6-3e6a-d771-741ed8d392c8">
      <Execution id="b29d85e7-d2fd-4fd0-b176-e0867f87d947" />
      <TestMethod codeBase="C:\dev\command-line-api\src\System.CommandLine.Tests\bin\Debug\net462\System.CommandLine.Tests.dll" adapterTypeName="executor://xunit/VsTestRunner2/net" className="System.CommandLine.Tests.Help.HelpBuilderTests" name="Constructor_ignores_non_positive_max_width" />
    </UnitTest>
    <UnitTest name="System.CommandLine.Tests.Help.HelpBuilderTests.Option_argument_first_column_indicates_enums_values(nullable: True)" storage="c:\dev\command-line-api\src\system.commandline.tests\bin\debug\net462\system.commandline.tests.dll" id="bc663c58-4b52-a612-1cb6-d73b76de9962">
      <Execution id="5db064d1-1fab-42cc-ac63-d608d255644a" />
      <TestMethod codeBase="C:\dev\command-line-api\src\System.CommandLine.Tests\bin\Debug\net462\System.CommandLine.Tests.dll" adapterTypeName="executor://xunit/VsTestRunner2/net" className="System.CommandLine.Tests.Help.HelpBuilderTests" name="Option_argument_first_column_indicates_enums_values" />
    </UnitTest>
    <UnitTest name="System.CommandLine.Tests.Help.HelpBuilderTests.Arguments_section_aligns_arguments_on_new_lines" storage="c:\dev\command-line-api\src\system.commandline.tests\bin\debug\net462\system.commandline.tests.dll" id="09b6476f-5f57-af66-ec75-2bdb8b45fe24">
      <Execution id="9ac19e98-606c-405b-b32a-5bea6f41db14" />
      <TestMethod codeBase="C:\dev\command-line-api\src\System.CommandLine.Tests\bin\Debug\net462\System.CommandLine.Tests.dll" adapterTypeName="executor://xunit/VsTestRunner2/net" className="System.CommandLine.Tests.Help.HelpBuilderTests" name="Arguments_section_aligns_arguments_on_new_lines" />
    </UnitTest>
    <UnitTest name="System.CommandLine.Tests.CompletionTests.When_caller_does_the_tokenizing_then_argument_completions_are_based_on_the_proximate_option" storage="c:\dev\command-line-api\src\system.commandline.tests\bin\debug\net462\system.commandline.tests.dll" id="b4b2cd64-8323-b12b-b402-18fb462c7e38">
      <Execution id="9b97371c-ed27-4c27-818b-86d3d8d45f80" />
      <TestMethod codeBase="C:\dev\command-line-api\src\System.CommandLine.Tests\bin\Debug\net462\System.CommandLine.Tests.dll" adapterTypeName="executor://xunit/VsTestRunner2/net" className="System.CommandLine.Tests.CompletionTests" name="When_caller_does_the_tokenizing_then_argument_completions_are_based_on_the_proximate_option" />
    </UnitTest>
    <UnitTest name="System.CommandLine.Tests.Help.HelpBuilderTests+Customization.Argument_can_fallback_to_default_when_customizing(conditionA: False, conditionB: False, conditionC: True, expected: &quot;\\&lt;arg\\&gt;\\s*description\\s*\\[default\\: custom d&quot;...)" storage="c:\dev\command-line-api\src\system.commandline.tests\bin\debug\net462\system.commandline.tests.dll" id="0456f2ad-c6dd-63ab-08db-4886322b46fd">
      <Execution id="b0bed1e8-4b8c-46ac-a249-d7ef7ed2bd39" />
      <TestMethod codeBase="C:\dev\command-line-api\src\System.CommandLine.Tests\bin\Debug\net462\System.CommandLine.Tests.dll" adapterTypeName="executor://xunit/VsTestRunner2/net" className="System.CommandLine.Tests.Help.HelpBuilderTests+Customization" name="Argument_can_fallback_to_default_when_customizing" />
    </UnitTest>
    <UnitTest name="System.CommandLine.Tests.Binding.SetHandlerTests.Binding_is_correct_for_Func_overload_having_arity_(arity: 8)" storage="c:\dev\command-line-api\src\system.commandline.tests\bin\debug\net462\system.commandline.tests.dll" id="e13a596d-a04e-db4f-cc18-00ed978d3e42">
      <Execution id="2933e50c-fc60-491a-848f-01af874f04c0" />
      <TestMethod codeBase="C:\dev\command-line-api\src\System.CommandLine.Tests\bin\Debug\net462\System.CommandLine.Tests.dll" adapterTypeName="executor://xunit/VsTestRunner2/net" className="System.CommandLine.Tests.Binding.SetHandlerTests" name="Binding_is_correct_for_Func_overload_having_arity_" />
    </UnitTest>
    <UnitTest name="System.CommandLine.Tests.ParserTests.Option_long_forms_do_not_get_unbundled" storage="c:\dev\command-line-api\src\system.commandline.tests\bin\debug\net462\system.commandline.tests.dll" id="43278dd0-ccff-e6a9-e941-e3143313b897">
      <Execution id="10f1c99d-70c9-485d-836f-b634c6deb715" />
      <TestMethod codeBase="C:\dev\command-line-api\src\System.CommandLine.Tests\bin\Debug\net462\System.CommandLine.Tests.dll" adapterTypeName="executor://xunit/VsTestRunner2/net" className="System.CommandLine.Tests.ParserTests" name="Option_long_forms_do_not_get_unbundled" />
    </UnitTest>
    <UnitTest name="System.CommandLine.Tests.DirectiveTests.Directives_must_be_the_first_argument" storage="c:\dev\command-line-api\src\system.commandline.tests\bin\debug\net462\system.commandline.tests.dll" id="41740b73-0f5d-aabe-8c4f-3c46cc63add2">
      <Execution id="8b63278b-edda-44f9-8cfe-6680034c27b6" />
      <TestMethod codeBase="C:\dev\command-line-api\src\System.CommandLine.Tests\bin\Debug\net462\System.CommandLine.Tests.dll" adapterTypeName="executor://xunit/VsTestRunner2/net" className="System.CommandLine.Tests.DirectiveTests" name="Directives_must_be_the_first_argument" />
    </UnitTest>
    <UnitTest name="System.CommandLine.Tests.ArgumentTests+CustomParsing.Custom_parser_can_pass_on_remaining_tokens(commandLine: &quot;-o 999 1 2 3 4 5 6 7 8&quot;)" storage="c:\dev\command-line-api\src\system.commandline.tests\bin\debug\net462\system.commandline.tests.dll" id="2fe0e175-7ad7-c379-3621-15aa7276b652">
      <Execution id="16c281a1-74bd-4075-8353-640ff63d12be" />
      <TestMethod codeBase="C:\dev\command-line-api\src\System.CommandLine.Tests\bin\Debug\net462\System.CommandLine.Tests.dll" adapterTypeName="executor://xunit/VsTestRunner2/net" className="System.CommandLine.Tests.ArgumentTests+CustomParsing" name="Custom_parser_can_pass_on_remaining_tokens" />
    </UnitTest>
    <UnitTest name="System.CommandLine.Tests.Help.HelpBuilderTests.Retains_single_dash_on_multi_char_option" storage="c:\dev\command-line-api\src\system.commandline.tests\bin\debug\net462\system.commandline.tests.dll" id="4f1bceb6-88cb-14d0-c387-d04592741194">
      <Execution id="657ca064-8553-4812-9ae3-9df706e4c3ca" />
      <TestMethod codeBase="C:\dev\command-line-api\src\System.CommandLine.Tests\bin\Debug\net462\System.CommandLine.Tests.dll" adapterTypeName="executor://xunit/VsTestRunner2/net" className="System.CommandLine.Tests.Help.HelpBuilderTests" name="Retains_single_dash_on_multi_char_option" />
    </UnitTest>
    <UnitTest name="System.CommandLine.Tests.VersionOptionTests.When_the_version_option_is_specified_and_there_are_default_options_then_the_version_is_written_to_standard_out" storage="c:\dev\command-line-api\src\system.commandline.tests\bin\debug\net462\system.commandline.tests.dll" id="d8a8c83d-96c1-af60-3e64-db1019de32c4">
      <Execution id="e023ee78-734b-45ce-a64d-21dfbde1a9bf" />
      <TestMethod codeBase="C:\dev\command-line-api\src\System.CommandLine.Tests\bin\Debug\net462\System.CommandLine.Tests.dll" adapterTypeName="executor://xunit/VsTestRunner2/net" className="System.CommandLine.Tests.VersionOptionTests" name="When_the_version_option_is_specified_and_there_are_default_options_then_the_version_is_written_to_standard_out" />
    </UnitTest>
    <UnitTest name="System.CommandLine.Tests.Help.HelpBuilderTests.Usage_section_shows_arguments_if_there_are_arguments_for_command_when_there_is_one_argument(minArity: 1, maxArity: 1, expectedArgsUsage: &quot;&lt;the-args&gt;&quot;)" storage="c:\dev\command-line-api\src\system.commandline.tests\bin\debug\net462\system.commandline.tests.dll" id="fe3c4fad-c3c1-e3c5-a47e-1ec0cb83888d">
      <Execution id="eceaa1fd-96b8-4a09-9717-f2ea69f5e081" />
      <TestMethod codeBase="C:\dev\command-line-api\src\System.CommandLine.Tests\bin\Debug\net462\System.CommandLine.Tests.dll" adapterTypeName="executor://xunit/VsTestRunner2/net" className="System.CommandLine.Tests.Help.HelpBuilderTests" name="Usage_section_shows_arguments_if_there_are_arguments_for_command_when_there_is_one_argument" />
    </UnitTest>
    <UnitTest name="System.CommandLine.Tests.ParserTests.When_an_option_argument_is_enclosed_in_double_quotes_its_value_retains_the_quotes(arg1: &quot;-x:&quot;, arg2: &quot;\&quot;hello\&quot;&quot;)" storage="c:\dev\command-line-api\src\system.commandline.tests\bin\debug\net462\system.commandline.tests.dll" id="eb77de9a-124a-9480-5d4c-a79996de10ba">
      <Execution id="103e467b-d19f-4e5e-bfec-ed26fd99811f" />
      <TestMethod codeBase="C:\dev\command-line-api\src\System.CommandLine.Tests\bin\Debug\net462\System.CommandLine.Tests.dll" adapterTypeName="executor://xunit/VsTestRunner2/net" className="System.CommandLine.Tests.ParserTests" name="When_an_option_argument_is_enclosed_in_double_quotes_its_value_retains_the_quotes" />
    </UnitTest>
    <UnitTest name="System.CommandLine.Tests.Invocation.InvocationExtensionsTests.RootCommand_Invoke_can_set_custom_result_code" storage="c:\dev\command-line-api\src\system.commandline.tests\bin\debug\net462\system.commandline.tests.dll" id="6479efde-1f0e-e8e5-435c-7dd67e297cfc">
      <Execution id="a07e6e59-13ae-44a1-b6bd-e06b0c049ab5" />
      <TestMethod codeBase="C:\dev\command-line-api\src\System.CommandLine.Tests\bin\Debug\net462\System.CommandLine.Tests.dll" adapterTypeName="executor://xunit/VsTestRunner2/net" className="System.CommandLine.Tests.Invocation.InvocationExtensionsTests" name="RootCommand_Invoke_can_set_custom_result_code" />
    </UnitTest>
    <UnitTest name="System.CommandLine.Tests.CommandLineConfigurationTests.ThrowIfInvalid_throws_if_a_parentage_cycle_is_detected" storage="c:\dev\command-line-api\src\system.commandline.tests\bin\debug\net462\system.commandline.tests.dll" id="67c1aef7-5178-77ba-f8dc-4709f169b131">
      <Execution id="d39f0c43-a4db-4a4d-9029-b9c41f8e099d" />
      <TestMethod codeBase="C:\dev\command-line-api\src\System.CommandLine.Tests\bin\Debug\net462\System.CommandLine.Tests.dll" adapterTypeName="executor://xunit/VsTestRunner2/net" className="System.CommandLine.Tests.CommandLineConfigurationTests" name="ThrowIfInvalid_throws_if_a_parentage_cycle_is_detected" />
    </UnitTest>
    <UnitTest name="System.CommandLine.Tests.ParserTests.Arguments_only_apply_to_the_nearest_command" storage="c:\dev\command-line-api\src\system.commandline.tests\bin\debug\net462\system.commandline.tests.dll" id="30b9eafd-17f1-ff75-c438-66071e56828d">
      <Execution id="fefaf541-1c7b-468f-8470-8f489e002a3d" />
      <TestMethod codeBase="C:\dev\command-line-api\src\System.CommandLine.Tests\bin\Debug\net462\System.CommandLine.Tests.dll" adapterTypeName="executor://xunit/VsTestRunner2/net" className="System.CommandLine.Tests.ParserTests" name="Arguments_only_apply_to_the_nearest_command" />
    </UnitTest>
    <UnitTest name="System.CommandLine.Tests.OptionTests.An_option_cannot_have_an_empty_alias" storage="c:\dev\command-line-api\src\system.commandline.tests\bin\debug\net462\system.commandline.tests.dll" id="83ff5d7b-9071-fe06-758f-9e6c41df7f7b">
      <Execution id="91ebdf42-49c3-45e5-b58e-a6e0d1ac90e3" />
      <TestMethod codeBase="C:\dev\command-line-api\src\System.CommandLine.Tests\bin\Debug\net462\System.CommandLine.Tests.dll" adapterTypeName="executor://xunit/VsTestRunner2/net" className="System.CommandLine.Tests.OptionTests" name="An_option_cannot_have_an_empty_alias" />
    </UnitTest>
    <UnitTest name="System.CommandLine.Tests.ParsingValidationTests+FileExistence.Command_argument_does_not_return_errors_when_Directory_exists" storage="c:\dev\command-line-api\src\system.commandline.tests\bin\debug\net462\system.commandline.tests.dll" id="3384d366-7408-7a95-583e-7a9243577073">
      <Execution id="d45a415f-9230-4ba3-850d-b9aa064e97f9" />
      <TestMethod codeBase="C:\dev\command-line-api\src\System.CommandLine.Tests\bin\Debug\net462\System.CommandLine.Tests.dll" adapterTypeName="executor://xunit/VsTestRunner2/net" className="System.CommandLine.Tests.ParsingValidationTests+FileExistence" name="Command_argument_does_not_return_errors_when_Directory_exists" />
    </UnitTest>
    <UnitTest name="System.CommandLine.Tests.CompletionTests.Command_GetCompletions_with_text_to_match_orders_by_match_position_then_alphabetically" storage="c:\dev\command-line-api\src\system.commandline.tests\bin\debug\net462\system.commandline.tests.dll" id="43846ae7-73ef-8bb9-93f1-bad746e14d01">
      <Execution id="86bf35f6-a83c-44ac-a61e-c2b310593a72" />
      <TestMethod codeBase="C:\dev\command-line-api\src\System.CommandLine.Tests\bin\Debug\net462\System.CommandLine.Tests.dll" adapterTypeName="executor://xunit/VsTestRunner2/net" className="System.CommandLine.Tests.CompletionTests" name="Command_GetCompletions_with_text_to_match_orders_by_match_position_then_alphabetically" />
    </UnitTest>
    <UnitTest name="System.CommandLine.Tests.CompletionContextTests.When_position_is_specified_in_string_command_line_then_it_returns_argument_at_cursor_position(commandLine: &quot; the-command  $one --two &quot;, expected: &quot;one&quot;)" storage="c:\dev\command-line-api\src\system.commandline.tests\bin\debug\net462\system.commandline.tests.dll" id="8d511568-82ce-a390-73e4-0a758cdaf949">
      <Execution id="f6a64d94-1224-48e7-aed1-a588c07f1418" />
      <TestMethod codeBase="C:\dev\command-line-api\src\System.CommandLine.Tests\bin\Debug\net462\System.CommandLine.Tests.dll" adapterTypeName="executor://xunit/VsTestRunner2/net" className="System.CommandLine.Tests.CompletionContextTests" name="When_position_is_specified_in_string_command_line_then_it_returns_argument_at_cursor_position" />
    </UnitTest>
    <UnitTest name="System.CommandLine.Tests.UseExceptionHandlerTests.Declaration_of_UseExceptionHandler_can_come_before_other_middleware" storage="c:\dev\command-line-api\src\system.commandline.tests\bin\debug\net462\system.commandline.tests.dll" id="7d7f4519-d626-ad66-0e6d-793be16bcc79">
      <Execution id="34be4939-31a8-43c7-b968-f11d6cffa117" />
      <TestMethod codeBase="C:\dev\command-line-api\src\System.CommandLine.Tests\bin\Debug\net462\System.CommandLine.Tests.dll" adapterTypeName="executor://xunit/VsTestRunner2/net" className="System.CommandLine.Tests.UseExceptionHandlerTests" name="Declaration_of_UseExceptionHandler_can_come_before_other_middleware" />
    </UnitTest>
    <UnitTest name="System.CommandLine.Tests.ParsingValidationTests.A_command_with_subcommands_is_invalid_to_invoke_if_it_has_no_handler" storage="c:\dev\command-line-api\src\system.commandline.tests\bin\debug\net462\system.commandline.tests.dll" id="bac82071-58fa-ead2-2b91-a45e47859264">
      <Execution id="0001f7ae-4998-494f-8b05-f224ba439e31" />
      <TestMethod codeBase="C:\dev\command-line-api\src\System.CommandLine.Tests\bin\Debug\net462\System.CommandLine.Tests.dll" adapterTypeName="executor://xunit/VsTestRunner2/net" className="System.CommandLine.Tests.ParsingValidationTests" name="A_command_with_subcommands_is_invalid_to_invoke_if_it_has_no_handler" />
    </UnitTest>
    <UnitTest name="System.CommandLine.Tests.ResponseFileTests.When_response_file_is_specified_it_loads_command_arguments_from_response_file" storage="c:\dev\command-line-api\src\system.commandline.tests\bin\debug\net462\system.commandline.tests.dll" id="70473627-4abc-e0ce-fcd2-b90eca46d97d">
      <Execution id="5bb1e301-acdf-4a7b-93c9-d398fca6b72e" />
      <TestMethod codeBase="C:\dev\command-line-api\src\System.CommandLine.Tests\bin\Debug\net462\System.CommandLine.Tests.dll" adapterTypeName="executor://xunit/VsTestRunner2/net" className="System.CommandLine.Tests.ResponseFileTests" name="When_response_file_is_specified_it_loads_command_arguments_from_response_file" />
    </UnitTest>
    <UnitTest name="System.CommandLine.Tests.Binding.TypeConversionTests.Sequence_type_defaults_to_empty_when_not_specified(sequenceType: typeof(System.Collections.Generic.IList&lt;int&gt;))" storage="c:\dev\command-line-api\src\system.commandline.tests\bin\debug\net462\system.commandline.tests.dll" id="be03133c-531d-cb7b-70b6-6d7fc7fc459c">
      <Execution id="d78b11ba-a3b3-473f-b344-5fb81b1a82c6" />
      <TestMethod codeBase="C:\dev\command-line-api\src\System.CommandLine.Tests\bin\Debug\net462\System.CommandLine.Tests.dll" adapterTypeName="executor://xunit/VsTestRunner2/net" className="System.CommandLine.Tests.Binding.TypeConversionTests" name="Sequence_type_defaults_to_empty_when_not_specified" />
    </UnitTest>
    <UnitTest name="System.CommandLine.Tests.ResourceLocalizationTests.Default_validation_messages_can_be_replaced_in_order_to_add_localization_support" storage="c:\dev\command-line-api\src\system.commandline.tests\bin\debug\net462\system.commandline.tests.dll" id="33c59317-2c8f-929e-63aa-05a0c00e2464">
      <Execution id="3af121c2-1037-49fd-96ca-a03c5c2aca0d" />
      <TestMethod codeBase="C:\dev\command-line-api\src\System.CommandLine.Tests\bin\Debug\net462\System.CommandLine.Tests.dll" adapterTypeName="executor://xunit/VsTestRunner2/net" className="System.CommandLine.Tests.ResourceLocalizationTests" name="Default_validation_messages_can_be_replaced_in_order_to_add_localization_support" />
    </UnitTest>
    <UnitTest name="System.CommandLine.Tests.ParserTests+MultipleArguments.When_subsequent_argument_with_ZeroOrOne_arity_is_not_provided_then_parse_is_correct" storage="c:\dev\command-line-api\src\system.commandline.tests\bin\debug\net462\system.commandline.tests.dll" id="b4781cbf-9537-d3ac-99e6-4f5512b74b53">
      <Execution id="ce15cc68-b66c-4870-b189-df660de94e67" />
      <TestMethod codeBase="C:\dev\command-line-api\src\System.CommandLine.Tests\bin\Debug\net462\System.CommandLine.Tests.dll" adapterTypeName="executor://xunit/VsTestRunner2/net" className="System.CommandLine.Tests.ParserTests+MultipleArguments" name="When_subsequent_argument_with_ZeroOrOne_arity_is_not_provided_then_parse_is_correct" />
    </UnitTest>
    <UnitTest name="System.CommandLine.Tests.Help.HelpBuilderTests.Command_argument_usage_indicates_enums_values(nullable: True)" storage="c:\dev\command-line-api\src\system.commandline.tests\bin\debug\net462\system.commandline.tests.dll" id="3fa5e22a-dc83-342e-57d7-fd76de21a7e2">
      <Execution id="9ac5ac8a-8ca3-4fbd-8aad-c958bc0c45e2" />
      <TestMethod codeBase="C:\dev\command-line-api\src\System.CommandLine.Tests\bin\Debug\net462\System.CommandLine.Tests.dll" adapterTypeName="executor://xunit/VsTestRunner2/net" className="System.CommandLine.Tests.Help.HelpBuilderTests" name="Command_argument_usage_indicates_enums_values" />
    </UnitTest>
    <UnitTest name="System.CommandLine.Tests.Binding.SetHandlerTests.Binding_is_correct_for_Func_overload_having_arity_(arity: 3)" storage="c:\dev\command-line-api\src\system.commandline.tests\bin\debug\net462\system.commandline.tests.dll" id="c6806561-4f73-52d5-957f-810803dbec3a">
      <Execution id="53119249-001e-44dc-9259-670286eb3a34" />
      <TestMethod codeBase="C:\dev\command-line-api\src\System.CommandLine.Tests\bin\Debug\net462\System.CommandLine.Tests.dll" adapterTypeName="executor://xunit/VsTestRunner2/net" className="System.CommandLine.Tests.Binding.SetHandlerTests" name="Binding_is_correct_for_Func_overload_having_arity_" />
    </UnitTest>
    <UnitTest name="System.CommandLine.Tests.Binding.TypeConversionTests.Argument_defaults_arity_to_ExactlyOne_for_string" storage="c:\dev\command-line-api\src\system.commandline.tests\bin\debug\net462\system.commandline.tests.dll" id="d4a0d41c-5eef-1d5a-c9c2-8c16bbe8e44d">
      <Execution id="fb331083-9f10-4393-ace2-b2eb8caa4383" />
      <TestMethod codeBase="C:\dev\command-line-api\src\System.CommandLine.Tests\bin\Debug\net462\System.CommandLine.Tests.dll" adapterTypeName="executor://xunit/VsTestRunner2/net" className="System.CommandLine.Tests.Binding.TypeConversionTests" name="Argument_defaults_arity_to_ExactlyOne_for_string" />
    </UnitTest>
    <UnitTest name="System.CommandLine.Tests.ParseDiagramTests.Parse_diagram_shows_type_conversion_errors" storage="c:\dev\command-line-api\src\system.commandline.tests\bin\debug\net462\system.commandline.tests.dll" id="1e064cbf-72e6-4084-0606-4cc44e078cd2">
      <Execution id="8c3988eb-8626-4ab9-8135-46ef58848bd8" />
      <TestMethod codeBase="C:\dev\command-line-api\src\System.CommandLine.Tests\bin\Debug\net462\System.CommandLine.Tests.dll" adapterTypeName="executor://xunit/VsTestRunner2/net" className="System.CommandLine.Tests.ParseDiagramTests" name="Parse_diagram_shows_type_conversion_errors" />
    </UnitTest>
    <UnitTest name="System.CommandLine.Tests.Binding.TypeConversionTests.Values_can_be_correctly_converted_to_ipaddress_without_the_parser_specifying_a_custom_converter" storage="c:\dev\command-line-api\src\system.commandline.tests\bin\debug\net462\system.commandline.tests.dll" id="0d0afc44-0ce5-c296-336b-683bc3b411be">
      <Execution id="34759ec8-95ba-444a-b1f5-e47cb32395cb" />
      <TestMethod codeBase="C:\dev\command-line-api\src\System.CommandLine.Tests\bin\Debug\net462\System.CommandLine.Tests.dll" adapterTypeName="executor://xunit/VsTestRunner2/net" className="System.CommandLine.Tests.Binding.TypeConversionTests" name="Values_can_be_correctly_converted_to_ipaddress_without_the_parser_specifying_a_custom_converter" />
    </UnitTest>
    <UnitTest name="System.CommandLine.Tests.CompletionTests.When_a_subcommand_has_been_specified_then_its_sibling_commands_will_not_be_suggested" storage="c:\dev\command-line-api\src\system.commandline.tests\bin\debug\net462\system.commandline.tests.dll" id="5d157e8b-05fa-0aa6-6dbb-3ccc8de24517">
      <Execution id="906e81f0-eb1d-496d-8d7d-456051e8d195" />
      <TestMethod codeBase="C:\dev\command-line-api\src\System.CommandLine.Tests\bin\Debug\net462\System.CommandLine.Tests.dll" adapterTypeName="executor://xunit/VsTestRunner2/net" className="System.CommandLine.Tests.CompletionTests" name="When_a_subcommand_has_been_specified_then_its_sibling_commands_will_not_be_suggested" />
    </UnitTest>
    <UnitTest name="System.CommandLine.Tests.Binding.TypeConversionTests.Values_can_be_correctly_converted_to_nullable_float_without_the_parser_specifying_a_custom_converter" storage="c:\dev\command-line-api\src\system.commandline.tests\bin\debug\net462\system.commandline.tests.dll" id="e114a3f0-7ff9-283c-0e6c-31f39dc2a17f">
      <Execution id="a140c1bc-4246-471d-880c-2161acb22f3e" />
      <TestMethod codeBase="C:\dev\command-line-api\src\System.CommandLine.Tests\bin\Debug\net462\System.CommandLine.Tests.dll" adapterTypeName="executor://xunit/VsTestRunner2/net" className="System.CommandLine.Tests.Binding.TypeConversionTests" name="Values_can_be_correctly_converted_to_nullable_float_without_the_parser_specifying_a_custom_converter" />
    </UnitTest>
    <UnitTest name="System.CommandLine.Tests.Binding.TypeConversionTests.Nullable_bool_parses_as_true_when_the_option_has_been_applied(commandLine: &quot;the-command -x:true&quot;)" storage="c:\dev\command-line-api\src\system.commandline.tests\bin\debug\net462\system.commandline.tests.dll" id="126b408e-6cd4-1009-ac15-690b45ec3d29">
      <Execution id="e19d71c7-906b-4b65-b0f1-6ffb5a263770" />
      <TestMethod codeBase="C:\dev\command-line-api\src\System.CommandLine.Tests\bin\Debug\net462\System.CommandLine.Tests.dll" adapterTypeName="executor://xunit/VsTestRunner2/net" className="System.CommandLine.Tests.Binding.TypeConversionTests" name="Nullable_bool_parses_as_true_when_the_option_has_been_applied" />
    </UnitTest>
    <UnitTest name="System.CommandLine.Tests.ParsingValidationTests.A_custom_validator_can_be_added_to_a_command" storage="c:\dev\command-line-api\src\system.commandline.tests\bin\debug\net462\system.commandline.tests.dll" id="ea7898a5-7f73-8804-09bd-cd2104a4e1ea">
      <Execution id="5f0e9a47-3f27-40fe-a98d-e10b7d581154" />
      <TestMethod codeBase="C:\dev\command-line-api\src\System.CommandLine.Tests\bin\Debug\net462\System.CommandLine.Tests.dll" adapterTypeName="executor://xunit/VsTestRunner2/net" className="System.CommandLine.Tests.ParsingValidationTests" name="A_custom_validator_can_be_added_to_a_command" />
    </UnitTest>
    <UnitTest name="System.CommandLine.Tests.ParserTests.Multiple_option_arguments_that_match_multiple_arity_option_aliases_are_parsed_correctly" storage="c:\dev\command-line-api\src\system.commandline.tests\bin\debug\net462\system.commandline.tests.dll" id="60e9bfdf-09e2-f869-2a7e-df9a86eb5caf">
      <Execution id="f8a3fe70-c353-4e6e-b862-ae49d29eb69d" />
      <TestMethod codeBase="C:\dev\command-line-api\src\System.CommandLine.Tests\bin\Debug\net462\System.CommandLine.Tests.dll" adapterTypeName="executor://xunit/VsTestRunner2/net" className="System.CommandLine.Tests.ParserTests" name="Multiple_option_arguments_that_match_multiple_arity_option_aliases_are_parsed_correctly" />
    </UnitTest>
    <UnitTest name="System.CommandLine.Tests.ParsingValidationTests.A_custom_validator_added_to_a_global_option_is_checked(commandLine: &quot;child grandchild --value=123 &quot;)" storage="c:\dev\command-line-api\src\system.commandline.tests\bin\debug\net462\system.commandline.tests.dll" id="4511fa79-d3c5-b890-7779-82532a34cb5b">
      <Execution id="10cc87d6-7075-4fad-8d0f-3676ebdac372" />
      <TestMethod codeBase="C:\dev\command-line-api\src\System.CommandLine.Tests\bin\Debug\net462\System.CommandLine.Tests.dll" adapterTypeName="executor://xunit/VsTestRunner2/net" className="System.CommandLine.Tests.ParsingValidationTests" name="A_custom_validator_added_to_a_global_option_is_checked" />
    </UnitTest>
    <UnitTest name="System.CommandLine.Tests.ParsingValidationTests.A_custom_validator_added_to_a_global_option_is_checked(commandLine: &quot;child --value=123&quot;)" storage="c:\dev\command-line-api\src\system.commandline.tests\bin\debug\net462\system.commandline.tests.dll" id="1ff34d0b-f268-2cfb-ba56-b6b09170c95b">
      <Execution id="6f7a6d77-0036-4bde-bc22-3f2de116e8e0" />
      <TestMethod codeBase="C:\dev\command-line-api\src\System.CommandLine.Tests\bin\Debug\net462\System.CommandLine.Tests.dll" adapterTypeName="executor://xunit/VsTestRunner2/net" className="System.CommandLine.Tests.ParsingValidationTests" name="A_custom_validator_added_to_a_global_option_is_checked" />
    </UnitTest>
    <UnitTest name="System.CommandLine.Tests.CommandLineConfigurationTests.ThrowIfInvalid_throws_if_there_are_duplicate_sibling_global_option_aliases_on_the_root_command" storage="c:\dev\command-line-api\src\system.commandline.tests\bin\debug\net462\system.commandline.tests.dll" id="62a2e4f3-b40b-bc4e-fc9a-cba5859dd3df">
      <Execution id="167e89ad-dc5d-4c09-8e13-51cb4796cd73" />
      <TestMethod codeBase="C:\dev\command-line-api\src\System.CommandLine.Tests\bin\Debug\net462\System.CommandLine.Tests.dll" adapterTypeName="executor://xunit/VsTestRunner2/net" className="System.CommandLine.Tests.CommandLineConfigurationTests" name="ThrowIfInvalid_throws_if_there_are_duplicate_sibling_global_option_aliases_on_the_root_command" />
    </UnitTest>
    <UnitTest name="System.CommandLine.Tests.Binding.TypeConversionTests.A_default_value_of_a_non_string_type_can_be_specified" storage="c:\dev\command-line-api\src\system.commandline.tests\bin\debug\net462\system.commandline.tests.dll" id="3474595f-fbe7-422c-7477-9509bdb7f598">
      <Execution id="60af2861-8f11-4ac8-bb7b-cb233c5cd5e2" />
      <TestMethod codeBase="C:\dev\command-line-api\src\System.CommandLine.Tests\bin\Debug\net462\System.CommandLine.Tests.dll" adapterTypeName="executor://xunit/VsTestRunner2/net" className="System.CommandLine.Tests.Binding.TypeConversionTests" name="A_default_value_of_a_non_string_type_can_be_specified" />
    </UnitTest>
    <UnitTest name="System.CommandLine.Tests.ParserTests+RootCommandAndArg0.When_parsing_an_unsplit_string_a_root_command_can_be_omitted_from_the_parsed_args" storage="c:\dev\command-line-api\src\system.commandline.tests\bin\debug\net462\system.commandline.tests.dll" id="a4fb1c47-03bb-fc59-7594-749503bcfcf3">
      <Execution id="1c5df622-ae4e-44c0-bfdf-cb7235939283" />
      <TestMethod codeBase="C:\dev\command-line-api\src\System.CommandLine.Tests\bin\Debug\net462\System.CommandLine.Tests.dll" adapterTypeName="executor://xunit/VsTestRunner2/net" className="System.CommandLine.Tests.ParserTests+RootCommandAndArg0" name="When_parsing_an_unsplit_string_a_root_command_can_be_omitted_from_the_parsed_args" />
    </UnitTest>
    <UnitTest name="System.CommandLine.Tests.Help.HelpBuilderTests.Arguments_section_keeps_added_newlines" storage="c:\dev\command-line-api\src\system.commandline.tests\bin\debug\net462\system.commandline.tests.dll" id="2c5ac178-b50b-e72a-8b02-92e6e69034f2">
      <Execution id="a51976fb-6434-4bfa-87d7-ff713fecde83" />
      <TestMethod codeBase="C:\dev\command-line-api\src\System.CommandLine.Tests\bin\Debug\net462\System.CommandLine.Tests.dll" adapterTypeName="executor://xunit/VsTestRunner2/net" className="System.CommandLine.Tests.Help.HelpBuilderTests" name="Arguments_section_keeps_added_newlines" />
    </UnitTest>
    <UnitTest name="System.CommandLine.Tests.Binding.TypeConversionTests.Values_can_be_correctly_converted_to_nullable_DateTime_without_the_parser_specifying_a_custom_converter" storage="c:\dev\command-line-api\src\system.commandline.tests\bin\debug\net462\system.commandline.tests.dll" id="a37fef0c-e295-dc7a-fb58-7e37aadfce03">
      <Execution id="977365a4-021b-418d-8f64-b6a877011aab" />
      <TestMethod codeBase="C:\dev\command-line-api\src\System.CommandLine.Tests\bin\Debug\net462\System.CommandLine.Tests.dll" adapterTypeName="executor://xunit/VsTestRunner2/net" className="System.CommandLine.Tests.Binding.TypeConversionTests" name="Values_can_be_correctly_converted_to_nullable_DateTime_without_the_parser_specifying_a_custom_converter" />
    </UnitTest>
    <UnitTest name="System.CommandLine.Tests.Help.HelpBuilderTests.Arguments_section_uses_name_over_suggestions_if_specified" storage="c:\dev\command-line-api\src\system.commandline.tests\bin\debug\net462\system.commandline.tests.dll" id="e5dab2f0-3620-fd09-04be-87614dc788f5">
      <Execution id="a77001c8-8e64-4f7e-bbcb-e92753925be0" />
      <TestMethod codeBase="C:\dev\command-line-api\src\System.CommandLine.Tests\bin\Debug\net462\System.CommandLine.Tests.dll" adapterTypeName="executor://xunit/VsTestRunner2/net" className="System.CommandLine.Tests.Help.HelpBuilderTests" name="Arguments_section_uses_name_over_suggestions_if_specified" />
    </UnitTest>
    <UnitTest name="System.CommandLine.Tests.SuggestDirectiveTests.It_writes_suggestions_for_option_aliases_under_subcommand(commandLine: &quot;[suggest:4] \&quot;eat\&quot;&quot;)" storage="c:\dev\command-line-api\src\system.commandline.tests\bin\debug\net462\system.commandline.tests.dll" id="29b8e82f-600b-73b1-0135-fb57ef37a948">
      <Execution id="cf399ebb-95bb-4d1e-a0b8-2b79d851fa80" />
      <TestMethod codeBase="C:\dev\command-line-api\src\System.CommandLine.Tests\bin\Debug\net462\System.CommandLine.Tests.dll" adapterTypeName="executor://xunit/VsTestRunner2/net" className="System.CommandLine.Tests.SuggestDirectiveTests" name="It_writes_suggestions_for_option_aliases_under_subcommand" />
    </UnitTest>
    <UnitTest name="System.CommandLine.Tests.ParsingValidationTests+FileExistence.Option_argument_does_not_return_errors_when_file_exists" storage="c:\dev\command-line-api\src\system.commandline.tests\bin\debug\net462\system.commandline.tests.dll" id="86650feb-e18e-8412-645c-ecd01ac84a85">
      <Execution id="4f43e6f3-cff9-4235-aef9-ea968695f4f5" />
      <TestMethod codeBase="C:\dev\command-line-api\src\System.CommandLine.Tests\bin\Debug\net462\System.CommandLine.Tests.dll" adapterTypeName="executor://xunit/VsTestRunner2/net" className="System.CommandLine.Tests.ParsingValidationTests+FileExistence" name="Option_argument_does_not_return_errors_when_file_exists" />
    </UnitTest>
    <UnitTest name="System.CommandLine.Tests.OptionTests.When_aliases_overlap_the_longer_alias_is_chosen(parseInput: &quot;-option:value&quot;)" storage="c:\dev\command-line-api\src\system.commandline.tests\bin\debug\net462\system.commandline.tests.dll" id="5248364a-cb81-388c-cc86-e995f86e2a0d">
      <Execution id="be3641cf-cb2c-4375-b322-d92a7c8977c4" />
      <TestMethod codeBase="C:\dev\command-line-api\src\System.CommandLine.Tests\bin\Debug\net462\System.CommandLine.Tests.dll" adapterTypeName="executor://xunit/VsTestRunner2/net" className="System.CommandLine.Tests.OptionTests" name="When_aliases_overlap_the_longer_alias_is_chosen" />
    </UnitTest>
    <UnitTest name="System.CommandLine.Tests.Binding.TypeConversionTests.Values_can_be_correctly_converted_to_Guid_without_the_parser_specifying_a_custom_converter" storage="c:\dev\command-line-api\src\system.commandline.tests\bin\debug\net462\system.commandline.tests.dll" id="a8efd25b-6140-34cd-dd1c-f7d24b8fd959">
      <Execution id="ae015a8c-4b7f-400b-959d-e1b5e6ff3e1e" />
      <TestMethod codeBase="C:\dev\command-line-api\src\System.CommandLine.Tests\bin\Debug\net462\System.CommandLine.Tests.dll" adapterTypeName="executor://xunit/VsTestRunner2/net" className="System.CommandLine.Tests.Binding.TypeConversionTests" name="Values_can_be_correctly_converted_to_Guid_without_the_parser_specifying_a_custom_converter" />
    </UnitTest>
    <UnitTest name="System.CommandLine.Tests.Binding.TypeConversionTests.Max_arity_greater_than_1_converts_to_enumerable_types(minArity: 0, maxArity: 100000, argumentType: typeof(System.Collections.Generic.IEnumerable&lt;string&gt;))" storage="c:\dev\command-line-api\src\system.commandline.tests\bin\debug\net462\system.commandline.tests.dll" id="a68f8e78-5c0f-55a0-203f-cc491c7fe675">
      <Execution id="34f79588-c0bb-4fa8-b95f-4de4b01b3d12" />
      <TestMethod codeBase="C:\dev\command-line-api\src\System.CommandLine.Tests\bin\Debug\net462\System.CommandLine.Tests.dll" adapterTypeName="executor://xunit/VsTestRunner2/net" className="System.CommandLine.Tests.Binding.TypeConversionTests" name="Max_arity_greater_than_1_converts_to_enumerable_types" />
    </UnitTest>
    <UnitTest name="System.CommandLine.Tests.Binding.TypeConversionTests.Bool_parses_as_true_when_the_option_has_been_applied(commandLine: &quot;the-command -x:true&quot;)" storage="c:\dev\command-line-api\src\system.commandline.tests\bin\debug\net462\system.commandline.tests.dll" id="184de548-7f99-9eb6-bdf9-38e9199c1a70">
      <Execution id="2651b298-edaf-4d6c-bbd1-fe9f5b5bee61" />
      <TestMethod codeBase="C:\dev\command-line-api\src\System.CommandLine.Tests\bin\Debug\net462\System.CommandLine.Tests.dll" adapterTypeName="executor://xunit/VsTestRunner2/net" className="System.CommandLine.Tests.Binding.TypeConversionTests" name="Bool_parses_as_true_when_the_option_has_been_applied" />
    </UnitTest>
    <UnitTest name="System.CommandLine.Tests.Binding.SetHandlerTests.Unexpected_return_types_result_in_exit_code_0_if_no_exception_was_thrown" storage="c:\dev\command-line-api\src\system.commandline.tests\bin\debug\net462\system.commandline.tests.dll" id="1ae6a775-4a77-a385-1154-dcc2fe00ca53">
      <Execution id="28f9ea3b-7a94-44fb-bcdf-fd16424835b8" />
      <TestMethod codeBase="C:\dev\command-line-api\src\System.CommandLine.Tests\bin\Debug\net462\System.CommandLine.Tests.dll" adapterTypeName="executor://xunit/VsTestRunner2/net" className="System.CommandLine.Tests.Binding.SetHandlerTests" name="Unexpected_return_types_result_in_exit_code_0_if_no_exception_was_thrown" />
    </UnitTest>
    <UnitTest name="System.CommandLine.Tests.CompletionTests.Default_completions_can_be_appended_to" storage="c:\dev\command-line-api\src\system.commandline.tests\bin\debug\net462\system.commandline.tests.dll" id="0f3de1f4-b2e2-60ce-8436-4835e90a4f00">
      <Execution id="5b2ca9f0-ff3a-44e4-9ac7-6d9f6132f900" />
      <TestMethod codeBase="C:\dev\command-line-api\src\System.CommandLine.Tests\bin\Debug\net462\System.CommandLine.Tests.dll" adapterTypeName="executor://xunit/VsTestRunner2/net" className="System.CommandLine.Tests.CompletionTests" name="Default_completions_can_be_appended_to" />
    </UnitTest>
    <UnitTest name="System.CommandLine.Tests.ResponseFileTests.When_response_file_parse_as_space_separated_returns_expected_values(input: &quot;--flag:\&quot;first value\&quot; --flag2:123&quot;)" storage="c:\dev\command-line-api\src\system.commandline.tests\bin\debug\net462\system.commandline.tests.dll" id="22ff85c1-cdb8-44bb-7394-9c9d7568fbc8">
      <Execution id="2fd104d6-6843-416d-959a-13ae68e2a6af" />
      <TestMethod codeBase="C:\dev\command-line-api\src\System.CommandLine.Tests\bin\Debug\net462\System.CommandLine.Tests.dll" adapterTypeName="executor://xunit/VsTestRunner2/net" className="System.CommandLine.Tests.ResponseFileTests" name="When_response_file_parse_as_space_separated_returns_expected_values" />
    </UnitTest>
    <UnitTest name="System.CommandLine.Tests.Binding.TypeConversionTests.Sequence_type_defaults_to_empty_when_not_specified(sequenceType: typeof(System.Collections.Generic.ICollection&lt;int&gt;))" storage="c:\dev\command-line-api\src\system.commandline.tests\bin\debug\net462\system.commandline.tests.dll" id="7515484a-1841-829f-5504-3cae0d85d491">
      <Execution id="506f4219-b1ff-4660-b76b-e672c5676c23" />
      <TestMethod codeBase="C:\dev\command-line-api\src\System.CommandLine.Tests\bin\Debug\net462\System.CommandLine.Tests.dll" adapterTypeName="executor://xunit/VsTestRunner2/net" className="System.CommandLine.Tests.Binding.TypeConversionTests" name="Sequence_type_defaults_to_empty_when_not_specified" />
    </UnitTest>
    <UnitTest name="System.CommandLine.Tests.Help.HelpBuilderTests+Customization.Option_can_customize_first_column_text_based_on_parse_result" storage="c:\dev\command-line-api\src\system.commandline.tests\bin\debug\net462\system.commandline.tests.dll" id="e2fe134d-3006-9e4d-3bf3-81a128e7ab8b">
      <Execution id="09c07ac7-2cf3-4ae6-852c-4d26e2fbb109" />
      <TestMethod codeBase="C:\dev\command-line-api\src\System.CommandLine.Tests\bin\Debug\net462\System.CommandLine.Tests.dll" adapterTypeName="executor://xunit/VsTestRunner2/net" className="System.CommandLine.Tests.Help.HelpBuilderTests+Customization" name="Option_can_customize_first_column_text_based_on_parse_result" />
    </UnitTest>
    <UnitTest name="System.CommandLine.Tests.CompletionContextTests.When_position_is_greater_than_input_length_in_a_string_command_line_then_it_returns_empty" storage="c:\dev\command-line-api\src\system.commandline.tests\bin\debug\net462\system.commandline.tests.dll" id="60123227-df68-7b12-ad49-7395b4f8430b">
      <Execution id="39b5a131-991a-460a-b2f2-2a1ee7995051" />
      <TestMethod codeBase="C:\dev\command-line-api\src\System.CommandLine.Tests\bin\Debug\net462\System.CommandLine.Tests.dll" adapterTypeName="executor://xunit/VsTestRunner2/net" className="System.CommandLine.Tests.CompletionContextTests" name="When_position_is_greater_than_input_length_in_a_string_command_line_then_it_returns_empty" />
    </UnitTest>
    <UnitTest name="System.CommandLine.Tests.OptionTests+MultipleArgumentsPerToken+Disallowed.When_max_arity_is_greater_than_1_then_multiple_option_args_are_matched" storage="c:\dev\command-line-api\src\system.commandline.tests\bin\debug\net462\system.commandline.tests.dll" id="1403f23a-42c4-29df-3c47-80d4ae16abf7">
      <Execution id="709062dc-ea50-4070-ad33-2d5743f68cf9" />
      <TestMethod codeBase="C:\dev\command-line-api\src\System.CommandLine.Tests\bin\Debug\net462\System.CommandLine.Tests.dll" adapterTypeName="executor://xunit/VsTestRunner2/net" className="System.CommandLine.Tests.OptionTests+MultipleArgumentsPerToken+Disallowed" name="When_max_arity_is_greater_than_1_then_multiple_option_args_are_matched" />
    </UnitTest>
    <UnitTest name="System.CommandLine.Tests.ParserTests.Last_bundled_option_can_accept_argument_with_equals_separator" storage="c:\dev\command-line-api\src\system.commandline.tests\bin\debug\net462\system.commandline.tests.dll" id="3b0a7669-0934-cc00-73a1-f7af85f2fe1c">
      <Execution id="4308068c-5022-4acf-a3b8-522fd1016d4e" />
      <TestMethod codeBase="C:\dev\command-line-api\src\System.CommandLine.Tests\bin\Debug\net462\System.CommandLine.Tests.dll" adapterTypeName="executor://xunit/VsTestRunner2/net" className="System.CommandLine.Tests.ParserTests" name="Last_bundled_option_can_accept_argument_with_equals_separator" />
    </UnitTest>
    <UnitTest name="System.CommandLine.Tests.UseHelpTests.UseHelp_with_custom_aliases_default_aliases_replaced(helpAlias: &quot;-?&quot;)" storage="c:\dev\command-line-api\src\system.commandline.tests\bin\debug\net462\system.commandline.tests.dll" id="4e8217d0-0eb1-3bb5-a229-f59542fa5d1d">
      <Execution id="6ca8404e-1801-45bc-9fef-598f3c3e7bbf" />
      <TestMethod codeBase="C:\dev\command-line-api\src\System.CommandLine.Tests\bin\Debug\net462\System.CommandLine.Tests.dll" adapterTypeName="executor://xunit/VsTestRunner2/net" className="System.CommandLine.Tests.UseHelpTests" name="UseHelp_with_custom_aliases_default_aliases_replaced" />
    </UnitTest>
    <UnitTest name="System.CommandLine.Tests.ParserTests.Long_form_options_can_be_specified_using_equals_delimiter" storage="c:\dev\command-line-api\src\system.commandline.tests\bin\debug\net462\system.commandline.tests.dll" id="378ea644-b561-634e-af5e-94516b72f7b5">
      <Execution id="2727814a-b5b1-4162-aab2-d697c72c07e5" />
      <TestMethod codeBase="C:\dev\command-line-api\src\System.CommandLine.Tests\bin\Debug\net462\System.CommandLine.Tests.dll" adapterTypeName="executor://xunit/VsTestRunner2/net" className="System.CommandLine.Tests.ParserTests" name="Long_form_options_can_be_specified_using_equals_delimiter" />
    </UnitTest>
    <UnitTest name="System.CommandLine.Tests.ParserTests.Last_bundled_option_can_accept_argument_with_no_separator" storage="c:\dev\command-line-api\src\system.commandline.tests\bin\debug\net462\system.commandline.tests.dll" id="8751b378-2478-d2e8-ff98-eb5f5e9a5b9d">
      <Execution id="73fe7819-2954-41d9-bf70-2f7a601f0e30" />
      <TestMethod codeBase="C:\dev\command-line-api\src\System.CommandLine.Tests\bin\Debug\net462\System.CommandLine.Tests.dll" adapterTypeName="executor://xunit/VsTestRunner2/net" className="System.CommandLine.Tests.ParserTests" name="Last_bundled_option_can_accept_argument_with_no_separator" />
    </UnitTest>
    <UnitTest name="System.CommandLine.Tests.Binding.TypeConversionTests.Argument_defaults_arity_to_One_for_non_IEnumerable_types" storage="c:\dev\command-line-api\src\system.commandline.tests\bin\debug\net462\system.commandline.tests.dll" id="9fbd3a87-0b1f-d820-0ca7-d67bad1e344b">
      <Execution id="c73bc788-e468-4f10-9531-adca05c4619f" />
      <TestMethod codeBase="C:\dev\command-line-api\src\System.CommandLine.Tests\bin\Debug\net462\System.CommandLine.Tests.dll" adapterTypeName="executor://xunit/VsTestRunner2/net" className="System.CommandLine.Tests.Binding.TypeConversionTests" name="Argument_defaults_arity_to_One_for_non_IEnumerable_types" />
    </UnitTest>
    <UnitTest name="System.CommandLine.Tests.UseHelpTests.UseHelp_with_custom_aliases_uses_aliases(helpAlias: &quot;/lost&quot;)" storage="c:\dev\command-line-api\src\system.commandline.tests\bin\debug\net462\system.commandline.tests.dll" id="2bace46a-5156-26f3-b1d5-50e3640c3581">
      <Execution id="6672b26f-a149-4e5c-b28b-45b7b0a78570" />
      <TestMethod codeBase="C:\dev\command-line-api\src\System.CommandLine.Tests\bin\Debug\net462\System.CommandLine.Tests.dll" adapterTypeName="executor://xunit/VsTestRunner2/net" className="System.CommandLine.Tests.UseHelpTests" name="UseHelp_with_custom_aliases_uses_aliases" />
    </UnitTest>
    <UnitTest name="System.CommandLine.Tests.CompletionTests.Parser_options_can_supply_context_sensitive_matches" storage="c:\dev\command-line-api\src\system.commandline.tests\bin\debug\net462\system.commandline.tests.dll" id="a8cdaeff-e928-ff8a-2e2a-8b2cf641c90e">
      <Execution id="d1132457-aadc-4cf7-8f29-a8372ee47352" />
      <TestMethod codeBase="C:\dev\command-line-api\src\System.CommandLine.Tests\bin\Debug\net462\System.CommandLine.Tests.dll" adapterTypeName="executor://xunit/VsTestRunner2/net" className="System.CommandLine.Tests.CompletionTests" name="Parser_options_can_supply_context_sensitive_matches" />
    </UnitTest>
    <UnitTest name="System.CommandLine.Tests.Binding.TypeConversionTests.Max_arity_greater_than_1_converts_to_enumerable_types(minArity: 0, maxArity: 3, argumentType: typeof(System.Collections.Generic.IList&lt;string&gt;))" storage="c:\dev\command-line-api\src\system.commandline.tests\bin\debug\net462\system.commandline.tests.dll" id="ecb7cc21-1c19-2dcb-f7e8-fcc0eddf23ca">
      <Execution id="5031dbc0-f4b1-4caa-81d4-791a7d3c30ab" />
      <TestMethod codeBase="C:\dev\command-line-api\src\System.CommandLine.Tests\bin\Debug\net462\System.CommandLine.Tests.dll" adapterTypeName="executor://xunit/VsTestRunner2/net" className="System.CommandLine.Tests.Binding.TypeConversionTests" name="Max_arity_greater_than_1_converts_to_enumerable_types" />
    </UnitTest>
    <UnitTest name="System.CommandLine.Tests.CompletionContextTests.When_position_is_specified_in_string_command_line_then_it_returns_argument_at_cursor_position(commandLine: &quot; the-command  one$ --two &quot;, expected: &quot;one&quot;)" storage="c:\dev\command-line-api\src\system.commandline.tests\bin\debug\net462\system.commandline.tests.dll" id="61a93953-8691-a5db-b725-20c4afc63457">
      <Execution id="b4705768-0c58-4ec7-9b6b-4ef923477e49" />
      <TestMethod codeBase="C:\dev\command-line-api\src\System.CommandLine.Tests\bin\Debug\net462\System.CommandLine.Tests.dll" adapterTypeName="executor://xunit/VsTestRunner2/net" className="System.CommandLine.Tests.CompletionContextTests" name="When_position_is_specified_in_string_command_line_then_it_returns_argument_at_cursor_position" />
    </UnitTest>
    <UnitTest name="System.CommandLine.Tests.EnvironmentVariableDirectiveTests.Ignores_environment_directive_with_empty_variable_name" storage="c:\dev\command-line-api\src\system.commandline.tests\bin\debug\net462\system.commandline.tests.dll" id="997f84cf-bdc5-bd89-03ec-cbf394a13c8b">
      <Execution id="a7303020-95cc-4735-b6c1-62e9dafce8dc" />
      <TestMethod codeBase="C:\dev\command-line-api\src\System.CommandLine.Tests\bin\Debug\net462\System.CommandLine.Tests.dll" adapterTypeName="executor://xunit/VsTestRunner2/net" className="System.CommandLine.Tests.EnvironmentVariableDirectiveTests" name="Ignores_environment_directive_with_empty_variable_name" />
    </UnitTest>
    <UnitTest name="System.CommandLine.Tests.ParsingValidationTests+FileExistence.A_command_argument_can_be_invalid_based_on_file_or_directory_existence" storage="c:\dev\command-line-api\src\system.commandline.tests\bin\debug\net462\system.commandline.tests.dll" id="4746f96b-944e-42a5-9719-d42e04274585">
      <Execution id="7aeebf39-e788-45b0-9e84-1d83ec377139" />
      <TestMethod codeBase="C:\dev\command-line-api\src\System.CommandLine.Tests\bin\Debug\net462\System.CommandLine.Tests.dll" adapterTypeName="executor://xunit/VsTestRunner2/net" className="System.CommandLine.Tests.ParsingValidationTests+FileExistence" name="A_command_argument_can_be_invalid_based_on_file_or_directory_existence" />
    </UnitTest>
    <UnitTest name="System.CommandLine.Tests.Help.HelpBuilderTests.Command_name_in_synopsis_can_be_specified" storage="c:\dev\command-line-api\src\system.commandline.tests\bin\debug\net462\system.commandline.tests.dll" id="6d65999e-1b01-00d0-01d1-e6c7d3a6f6a4">
      <Execution id="ad9d5745-3d4d-4ee4-9da5-c0c873d8d677" />
      <TestMethod codeBase="C:\dev\command-line-api\src\System.CommandLine.Tests\bin\Debug\net462\System.CommandLine.Tests.dll" adapterTypeName="executor://xunit/VsTestRunner2/net" className="System.CommandLine.Tests.Help.HelpBuilderTests" name="Command_name_in_synopsis_can_be_specified" />
    </UnitTest>
    <UnitTest name="System.CommandLine.Tests.DirectiveTests.Directive_count_is_based_on_distinct_instances_of_directive_name" storage="c:\dev\command-line-api\src\system.commandline.tests\bin\debug\net462\system.commandline.tests.dll" id="e3eb007f-9887-7251-eccb-7afdb3abb0dc">
      <Execution id="bcb1cd99-29dc-4c85-8b7f-48339572e9bf" />
      <TestMethod codeBase="C:\dev\command-line-api\src\System.CommandLine.Tests\bin\Debug\net462\System.CommandLine.Tests.dll" adapterTypeName="executor://xunit/VsTestRunner2/net" className="System.CommandLine.Tests.DirectiveTests" name="Directive_count_is_based_on_distinct_instances_of_directive_name" />
    </UnitTest>
    <UnitTest name="System.CommandLine.Tests.ParserTests.Original_order_of_tokens_is_preserved_in_ParseResult_Tokens(commandLine: &quot;--one 1 --many 1 --many 2&quot;)" storage="c:\dev\command-line-api\src\system.commandline.tests\bin\debug\net462\system.commandline.tests.dll" id="1379fad0-ced4-9420-f4de-07272775a436">
      <Execution id="ea03e820-85f3-4989-a9fe-0c98a58416c5" />
      <TestMethod codeBase="C:\dev\command-line-api\src\System.CommandLine.Tests\bin\Debug\net462\System.CommandLine.Tests.dll" adapterTypeName="executor://xunit/VsTestRunner2/net" className="System.CommandLine.Tests.ParserTests" name="Original_order_of_tokens_is_preserved_in_ParseResult_Tokens" />
    </UnitTest>
    <UnitTest name="System.CommandLine.Tests.Binding.SetHandlerTests.Binding_is_correct_for_Action_overload_having_arity_(arity: 4)" storage="c:\dev\command-line-api\src\system.commandline.tests\bin\debug\net462\system.commandline.tests.dll" id="96a4c1e6-3cc7-0bb1-c7d6-51055f4a0124">
      <Execution id="ff2ea410-93f1-4025-be56-32dcc82d6f80" />
      <TestMethod codeBase="C:\dev\command-line-api\src\System.CommandLine.Tests\bin\Debug\net462\System.CommandLine.Tests.dll" adapterTypeName="executor://xunit/VsTestRunner2/net" className="System.CommandLine.Tests.Binding.SetHandlerTests" name="Binding_is_correct_for_Action_overload_having_arity_" />
    </UnitTest>
    <UnitTest name="System.CommandLine.Tests.Help.HelpBuilderTests.Arguments_section_does_not_contain_hidden_argument" storage="c:\dev\command-line-api\src\system.commandline.tests\bin\debug\net462\system.commandline.tests.dll" id="5c04b272-592b-e6b5-e6a3-3f9cbcdba0bb">
      <Execution id="a534b727-156f-482f-a456-2aea83dfd6ad" />
      <TestMethod codeBase="C:\dev\command-line-api\src\System.CommandLine.Tests\bin\Debug\net462\System.CommandLine.Tests.dll" adapterTypeName="executor://xunit/VsTestRunner2/net" className="System.CommandLine.Tests.Help.HelpBuilderTests" name="Arguments_section_does_not_contain_hidden_argument" />
    </UnitTest>
    <UnitTest name="System.CommandLine.Tests.VersionOptionTests.Version_option_appears_in_help" storage="c:\dev\command-line-api\src\system.commandline.tests\bin\debug\net462\system.commandline.tests.dll" id="92dc4b16-2bff-4593-06a8-47aecaec1762">
      <Execution id="99366f23-fd52-4a77-968d-4c6e11d025e7" />
      <TestMethod codeBase="C:\dev\command-line-api\src\System.CommandLine.Tests\bin\Debug\net462\System.CommandLine.Tests.dll" adapterTypeName="executor://xunit/VsTestRunner2/net" className="System.CommandLine.Tests.VersionOptionTests" name="Version_option_appears_in_help" />
    </UnitTest>
    <UnitTest name="System.CommandLine.Tests.Binding.TypeConversionTests.Sequence_type_defaults_to_empty_when_not_specified(sequenceType: typeof(System.Collections.IList))" storage="c:\dev\command-line-api\src\system.commandline.tests\bin\debug\net462\system.commandline.tests.dll" id="1796c14f-7f38-e945-3630-189aafd22352">
      <Execution id="86e5e7dc-c795-4e06-93d5-50bec212c526" />
      <TestMethod codeBase="C:\dev\command-line-api\src\System.CommandLine.Tests\bin\Debug\net462\System.CommandLine.Tests.dll" adapterTypeName="executor://xunit/VsTestRunner2/net" className="System.CommandLine.Tests.Binding.TypeConversionTests" name="Sequence_type_defaults_to_empty_when_not_specified" />
    </UnitTest>
    <UnitTest name="System.CommandLine.Tests.Binding.TypeConversionTests.Values_can_be_correctly_converted_to_sbyte_without_the_parser_specifying_a_custom_converter" storage="c:\dev\command-line-api\src\system.commandline.tests\bin\debug\net462\system.commandline.tests.dll" id="f88ffaf1-4314-e4e7-c41a-60096c83b1ee">
      <Execution id="4a1c6946-b244-4e6a-9d82-5a5f8a3372e6" />
      <TestMethod codeBase="C:\dev\command-line-api\src\System.CommandLine.Tests\bin\Debug\net462\System.CommandLine.Tests.dll" adapterTypeName="executor://xunit/VsTestRunner2/net" className="System.CommandLine.Tests.Binding.TypeConversionTests" name="Values_can_be_correctly_converted_to_sbyte_without_the_parser_specifying_a_custom_converter" />
    </UnitTest>
    <UnitTest name="System.CommandLine.Tests.ParsingValidationTests.All_custom_validators_are_called(commandLine: &quot;-o=optionValue argValue&quot;)" storage="c:\dev\command-line-api\src\system.commandline.tests\bin\debug\net462\system.commandline.tests.dll" id="051d60ac-ba2b-436d-cd60-186f2365d041">
      <Execution id="74ed29b2-3bd3-4432-84ea-fa7906409484" />
      <TestMethod codeBase="C:\dev\command-line-api\src\System.CommandLine.Tests\bin\Debug\net462\System.CommandLine.Tests.dll" adapterTypeName="executor://xunit/VsTestRunner2/net" className="System.CommandLine.Tests.ParsingValidationTests" name="All_custom_validators_are_called" />
    </UnitTest>
    <UnitTest name="System.CommandLine.Tests.ParsingValidationTests.A_custom_validator_added_to_a_global_option_is_checked(commandLine: &quot;child --value=123 grandchild&quot;)" storage="c:\dev\command-line-api\src\system.commandline.tests\bin\debug\net462\system.commandline.tests.dll" id="e6ea6f48-829f-3bb4-b3cc-850a5b2d429e">
      <Execution id="4b089b17-c8b1-4feb-95b0-edebe0d24736" />
      <TestMethod codeBase="C:\dev\command-line-api\src\System.CommandLine.Tests\bin\Debug\net462\System.CommandLine.Tests.dll" adapterTypeName="executor://xunit/VsTestRunner2/net" className="System.CommandLine.Tests.ParsingValidationTests" name="A_custom_validator_added_to_a_global_option_is_checked" />
    </UnitTest>
    <UnitTest name="System.CommandLine.Tests.Help.HelpBuilderTests.Usage_section_does_not_show_additional_arguments_when_TreatUnmatchedTokensAsErrors_is_not_specified" storage="c:\dev\command-line-api\src\system.commandline.tests\bin\debug\net462\system.commandline.tests.dll" id="4f0e7a32-d868-2ac0-c230-21d5cbdd997c">
      <Execution id="215d45ce-1b10-40be-9872-cf5899c7276d" />
      <TestMethod codeBase="C:\dev\command-line-api\src\System.CommandLine.Tests\bin\Debug\net462\System.CommandLine.Tests.dll" adapterTypeName="executor://xunit/VsTestRunner2/net" className="System.CommandLine.Tests.Help.HelpBuilderTests" name="Usage_section_does_not_show_additional_arguments_when_TreatUnmatchedTokensAsErrors_is_not_specified" />
    </UnitTest>
    <UnitTest name="System.CommandLine.Tests.ParserTests.Original_order_of_tokens_is_preserved_in_ParseResult_Tokens(commandLine: &quot;[parse] --one 1 --many 1 --many 2&quot;)" storage="c:\dev\command-line-api\src\system.commandline.tests\bin\debug\net462\system.commandline.tests.dll" id="1234cd3d-8e59-9289-e3c5-c96b7df65332">
      <Execution id="7d20f88f-4fa7-4f9f-903d-94d281b0204b" />
      <TestMethod codeBase="C:\dev\command-line-api\src\System.CommandLine.Tests\bin\Debug\net462\System.CommandLine.Tests.dll" adapterTypeName="executor://xunit/VsTestRunner2/net" className="System.CommandLine.Tests.ParserTests" name="Original_order_of_tokens_is_preserved_in_ParseResult_Tokens" />
    </UnitTest>
    <UnitTest name="System.CommandLine.Tests.TokenReplacementTests.When_token_replacer_returns_false_without_setting_an_error_message_then_the_command_line_is_unchanged_and_no_parse_error_is_produced" storage="c:\dev\command-line-api\src\system.commandline.tests\bin\debug\net462\system.commandline.tests.dll" id="69da81c6-e73f-4cff-5ca6-b4611f484cdc">
      <Execution id="e50635ed-e2b9-4abb-ac8a-fda36c0b80a3" />
      <TestMethod codeBase="C:\dev\command-line-api\src\System.CommandLine.Tests\bin\Debug\net462\System.CommandLine.Tests.dll" adapterTypeName="executor://xunit/VsTestRunner2/net" className="System.CommandLine.Tests.TokenReplacementTests" name="When_token_replacer_returns_false_without_setting_an_error_message_then_the_command_line_is_unchanged_and_no_parse_error_is_produced" />
    </UnitTest>
    <UnitTest name="System.CommandLine.Tests.CommandTests.ParseResult_Command_identifies_innermost_command(input: &quot;outer sibling&quot;, expectedCommand: &quot;sibling&quot;)" storage="c:\dev\command-line-api\src\system.commandline.tests\bin\debug\net462\system.commandline.tests.dll" id="c5c959af-f6f7-75f3-6703-4fa084d7f8cc">
      <Execution id="571c0ff1-4171-4156-8bae-a1a931fbd1d6" />
      <TestMethod codeBase="C:\dev\command-line-api\src\System.CommandLine.Tests\bin\Debug\net462\System.CommandLine.Tests.dll" adapterTypeName="executor://xunit/VsTestRunner2/net" className="System.CommandLine.Tests.CommandTests" name="ParseResult_Command_identifies_innermost_command" />
    </UnitTest>
    <UnitTest name="System.CommandLine.Tests.ResponseFileTests.When_response_file_options_or_arguments_contain_trailing_and_leading_spaces_they_are_ignored" storage="c:\dev\command-line-api\src\system.commandline.tests\bin\debug\net462\system.commandline.tests.dll" id="475f2711-676e-6f3f-c5e4-e9c66466eaac">
      <Execution id="ecd6a83b-7af4-4bb1-bdbb-35dbacec9f17" />
      <TestMethod codeBase="C:\dev\command-line-api\src\System.CommandLine.Tests\bin\Debug\net462\System.CommandLine.Tests.dll" adapterTypeName="executor://xunit/VsTestRunner2/net" className="System.CommandLine.Tests.ResponseFileTests" name="When_response_file_options_or_arguments_contain_trailing_and_leading_spaces_they_are_ignored" />
    </UnitTest>
    <UnitTest name="System.CommandLine.Tests.CompletionContextTests.CommandLineText_is_preserved_when_adjusting_position" storage="c:\dev\command-line-api\src\system.commandline.tests\bin\debug\net462\system.commandline.tests.dll" id="f2e14c2f-1b47-3882-7e02-bba19a92b6f0">
      <Execution id="1c358a89-4784-4083-a469-242e98986e39" />
      <TestMethod codeBase="C:\dev\command-line-api\src\System.CommandLine.Tests\bin\Debug\net462\System.CommandLine.Tests.dll" adapterTypeName="executor://xunit/VsTestRunner2/net" className="System.CommandLine.Tests.CompletionContextTests" name="CommandLineText_is_preserved_when_adjusting_position" />
    </UnitTest>
    <UnitTest name="System.CommandLine.Tests.ParserTests.When_command_arguments_are_greater_than_maximum_arity_then_an_error_is_returned" storage="c:\dev\command-line-api\src\system.commandline.tests\bin\debug\net462\system.commandline.tests.dll" id="c9cfc125-08b9-0420-1fec-8029bc6b7e73">
      <Execution id="0053b89c-5e82-4fd6-82ab-c1247795eea3" />
      <TestMethod codeBase="C:\dev\command-line-api\src\System.CommandLine.Tests\bin\Debug\net462\System.CommandLine.Tests.dll" adapterTypeName="executor://xunit/VsTestRunner2/net" className="System.CommandLine.Tests.ParserTests" name="When_command_arguments_are_greater_than_maximum_arity_then_an_error_is_returned" />
    </UnitTest>
    <UnitTest name="System.CommandLine.Tests.OptionTests.When_options_use_different_prefixes_they_still_work(prefix: &quot;/&quot;)" storage="c:\dev\command-line-api\src\system.commandline.tests\bin\debug\net462\system.commandline.tests.dll" id="630c6c49-100e-a3ad-5145-7055a4cb1dd9">
      <Execution id="f8400ca6-9905-440c-996d-b512dc9e7a35" />
      <TestMethod codeBase="C:\dev\command-line-api\src\System.CommandLine.Tests\bin\Debug\net462\System.CommandLine.Tests.dll" adapterTypeName="executor://xunit/VsTestRunner2/net" className="System.CommandLine.Tests.OptionTests" name="When_options_use_different_prefixes_they_still_work" />
    </UnitTest>
    <UnitTest name="System.CommandLine.Tests.Help.HelpBuilderTests+Customization.Argument_can_fallback_to_default_when_customizing(conditionA: True, conditionB: False, conditionC: False, expected: &quot;custom 1st\\s*description\\s*\\[default\\: default&quot;...)" storage="c:\dev\command-line-api\src\system.commandline.tests\bin\debug\net462\system.commandline.tests.dll" id="7c20882e-2609-915b-37b6-e41f3bd0dbc7">
      <Execution id="99758fc3-e632-455c-bc2a-760c43370c65" />
      <TestMethod codeBase="C:\dev\command-line-api\src\System.CommandLine.Tests\bin\Debug\net462\System.CommandLine.Tests.dll" adapterTypeName="executor://xunit/VsTestRunner2/net" className="System.CommandLine.Tests.Help.HelpBuilderTests+Customization" name="Argument_can_fallback_to_default_when_customizing" />
    </UnitTest>
    <UnitTest name="System.CommandLine.Tests.SplitCommandLineTests.It_handles_multiple_options_with_quoted_arguments" storage="c:\dev\command-line-api\src\system.commandline.tests\bin\debug\net462\system.commandline.tests.dll" id="a7ef85fa-080f-ec06-173c-c2ae15eadd2e">
      <Execution id="b6780b14-3d8d-4869-ad76-5279f6653711" />
      <TestMethod codeBase="C:\dev\command-line-api\src\System.CommandLine.Tests\bin\Debug\net462\System.CommandLine.Tests.dll" adapterTypeName="executor://xunit/VsTestRunner2/net" className="System.CommandLine.Tests.SplitCommandLineTests" name="It_handles_multiple_options_with_quoted_arguments" />
    </UnitTest>
    <UnitTest name="System.CommandLine.Tests.ParserTests.Options_do_not_get_unbundled_unless_all_resulting_options_would_be_valid_for_the_current_command" storage="c:\dev\command-line-api\src\system.commandline.tests\bin\debug\net462\system.commandline.tests.dll" id="e6a4b5f4-eee7-3951-0dfa-af696f388c09">
      <Execution id="50c19014-fcb5-4c25-ab24-d28bea8e7cd1" />
      <TestMethod codeBase="C:\dev\command-line-api\src\System.CommandLine.Tests\bin\Debug\net462\System.CommandLine.Tests.dll" adapterTypeName="executor://xunit/VsTestRunner2/net" className="System.CommandLine.Tests.ParserTests" name="Options_do_not_get_unbundled_unless_all_resulting_options_would_be_valid_for_the_current_command" />
    </UnitTest>
    <UnitTest name="System.CommandLine.Tests.CompletionContextTests.When_position_is_unspecified_in_array_command_line_and_final_token_is_unmatched_then_it_returns_final_token" storage="c:\dev\command-line-api\src\system.commandline.tests\bin\debug\net462\system.commandline.tests.dll" id="f2094941-9d86-04c0-8230-529a5c09a501">
      <Execution id="5db36604-6bf6-48f3-b5bd-f8f45689bbfd" />
      <TestMethod codeBase="C:\dev\command-line-api\src\System.CommandLine.Tests\bin\Debug\net462\System.CommandLine.Tests.dll" adapterTypeName="executor://xunit/VsTestRunner2/net" className="System.CommandLine.Tests.CompletionContextTests" name="When_position_is_unspecified_in_array_command_line_and_final_token_is_unmatched_then_it_returns_final_token" />
    </UnitTest>
    <UnitTest name="System.CommandLine.Tests.CompletionTests.Option_GetCompletions_can_be_based_on_the_proximate_option_and_partial_input" storage="c:\dev\command-line-api\src\system.commandline.tests\bin\debug\net462\system.commandline.tests.dll" id="b05b0bed-bf3a-a179-fdc7-9c75ca6177e0">
      <Execution id="01895c7e-837f-4842-948e-57b0f36875eb" />
      <TestMethod codeBase="C:\dev\command-line-api\src\System.CommandLine.Tests\bin\Debug\net462\System.CommandLine.Tests.dll" adapterTypeName="executor://xunit/VsTestRunner2/net" className="System.CommandLine.Tests.CompletionTests" name="Option_GetCompletions_can_be_based_on_the_proximate_option_and_partial_input" />
    </UnitTest>
    <UnitTest name="System.CommandLine.Tests.UseHelpTests.UseHelp_accepts_default_values(value: &quot;/?&quot;)" storage="c:\dev\command-line-api\src\system.commandline.tests\bin\debug\net462\system.commandline.tests.dll" id="b718c7fb-2b95-5e94-1ce2-941873d54365">
      <Execution id="c26d5d86-d5ae-4d80-95d2-21ca07176fde" />
      <TestMethod codeBase="C:\dev\command-line-api\src\System.CommandLine.Tests\bin\Debug\net462\System.CommandLine.Tests.dll" adapterTypeName="executor://xunit/VsTestRunner2/net" className="System.CommandLine.Tests.UseHelpTests" name="UseHelp_accepts_default_values" />
    </UnitTest>
    <UnitTest name="System.CommandLine.Tests.ParsingValidationTests.A_custom_validator_added_to_a_global_option_is_checked(commandLine: &quot;--value=123 child grandchild&quot;)" storage="c:\dev\command-line-api\src\system.commandline.tests\bin\debug\net462\system.commandline.tests.dll" id="41c38d66-4d89-e6d1-ccb6-18a830402dee">
      <Execution id="7fa421c2-ab72-45d4-9281-8f670bdd9dfc" />
      <TestMethod codeBase="C:\dev\command-line-api\src\System.CommandLine.Tests\bin\Debug\net462\System.CommandLine.Tests.dll" adapterTypeName="executor://xunit/VsTestRunner2/net" className="System.CommandLine.Tests.ParsingValidationTests" name="A_custom_validator_added_to_a_global_option_is_checked" />
    </UnitTest>
    <UnitTest name="System.CommandLine.Tests.Binding.TypeConversionTests.Values_can_be_correctly_converted_to_nullable_ushort_without_the_parser_specifying_a_custom_converter" storage="c:\dev\command-line-api\src\system.commandline.tests\bin\debug\net462\system.commandline.tests.dll" id="69e644e2-36f0-4b0c-1057-3e4c903db0ec">
      <Execution id="121e428c-6f78-4545-a2b9-763fef33361d" />
      <TestMethod codeBase="C:\dev\command-line-api\src\System.CommandLine.Tests\bin\Debug\net462\System.CommandLine.Tests.dll" adapterTypeName="executor://xunit/VsTestRunner2/net" className="System.CommandLine.Tests.Binding.TypeConversionTests" name="Values_can_be_correctly_converted_to_nullable_ushort_without_the_parser_specifying_a_custom_converter" />
    </UnitTest>
    <UnitTest name="System.CommandLine.Tests.CompletionTests.Option_substring_matching_when_arguments_have_default_values" storage="c:\dev\command-line-api\src\system.commandline.tests\bin\debug\net462\system.commandline.tests.dll" id="edddd1b6-3603-4eed-ca04-30c5f2c50bb1">
      <Execution id="f71a1961-0942-4804-9ce2-ef1699b4373e" />
      <TestMethod codeBase="C:\dev\command-line-api\src\System.CommandLine.Tests\bin\Debug\net462\System.CommandLine.Tests.dll" adapterTypeName="executor://xunit/VsTestRunner2/net" className="System.CommandLine.Tests.CompletionTests" name="Option_substring_matching_when_arguments_have_default_values" />
    </UnitTest>
    <UnitTest name="System.CommandLine.Tests.ArgumentTests.When_there_is_no_default_value_then_GetDefaultValue_throws" storage="c:\dev\command-line-api\src\system.commandline.tests\bin\debug\net462\system.commandline.tests.dll" id="8ae29edf-494c-07da-ced6-d3d84deea937">
      <Execution id="71021555-7864-45ff-b21b-4862f817adcc" />
      <TestMethod codeBase="C:\dev\command-line-api\src\System.CommandLine.Tests\bin\Debug\net462\System.CommandLine.Tests.dll" adapterTypeName="executor://xunit/VsTestRunner2/net" className="System.CommandLine.Tests.ArgumentTests" name="When_there_is_no_default_value_then_GetDefaultValue_throws" />
    </UnitTest>
    <UnitTest name="System.CommandLine.Tests.Help.HelpBuilderTests.Help_option_is_shown_in_help" storage="c:\dev\command-line-api\src\system.commandline.tests\bin\debug\net462\system.commandline.tests.dll" id="4601ec3d-3f6c-e5ad-fb89-2b7258f59c7b">
      <Execution id="9437966a-3c60-4b94-9aa9-306a3461ad97" />
      <TestMethod codeBase="C:\dev\command-line-api\src\System.CommandLine.Tests\bin\Debug\net462\System.CommandLine.Tests.dll" adapterTypeName="executor://xunit/VsTestRunner2/net" className="System.CommandLine.Tests.Help.HelpBuilderTests" name="Help_option_is_shown_in_help" />
    </UnitTest>
    <UnitTest name="System.CommandLine.Tests.ParserTests.Boolean_options_are_not_greedy(commandLine: &quot;-x -y true&quot;)" storage="c:\dev\command-line-api\src\system.commandline.tests\bin\debug\net462\system.commandline.tests.dll" id="d4c31a81-c593-dfbb-0870-12380eed7ad2">
      <Execution id="2cf69f58-fd35-4cb7-9b0c-ef678ecebab1" />
      <TestMethod codeBase="C:\dev\command-line-api\src\System.CommandLine.Tests\bin\Debug\net462\System.CommandLine.Tests.dll" adapterTypeName="executor://xunit/VsTestRunner2/net" className="System.CommandLine.Tests.ParserTests" name="Boolean_options_are_not_greedy" />
    </UnitTest>
    <UnitTest name="System.CommandLine.Tests.TokenReplacementTests.Token_replacer_can_expand_argument_values" storage="c:\dev\command-line-api\src\system.commandline.tests\bin\debug\net462\system.commandline.tests.dll" id="3998fa14-d27c-171a-29fa-f0c4246f785c">
      <Execution id="a27aabac-d64a-4337-83f4-8b132eeb9486" />
      <TestMethod codeBase="C:\dev\command-line-api\src\System.CommandLine.Tests\bin\Debug\net462\System.CommandLine.Tests.dll" adapterTypeName="executor://xunit/VsTestRunner2/net" className="System.CommandLine.Tests.TokenReplacementTests" name="Token_replacer_can_expand_argument_values" />
    </UnitTest>
    <UnitTest name="System.CommandLine.Tests.Binding.TypeConversionTests.Sequence_type_defaults_to_empty_when_not_specified(sequenceType: typeof(System.IO.FileAccess[]))" storage="c:\dev\command-line-api\src\system.commandline.tests\bin\debug\net462\system.commandline.tests.dll" id="98d9e93a-730a-265a-3084-aa78ffa006e4">
      <Execution id="6c369130-a459-414d-9ccd-e2b44ce6ea92" />
      <TestMethod codeBase="C:\dev\command-line-api\src\System.CommandLine.Tests\bin\Debug\net462\System.CommandLine.Tests.dll" adapterTypeName="executor://xunit/VsTestRunner2/net" className="System.CommandLine.Tests.Binding.TypeConversionTests" name="Sequence_type_defaults_to_empty_when_not_specified" />
    </UnitTest>
    <UnitTest name="System.CommandLine.Tests.Binding.TypeConversionTests.The_default_value_of_a_bool_option_with_no_arguments_is_true" storage="c:\dev\command-line-api\src\system.commandline.tests\bin\debug\net462\system.commandline.tests.dll" id="bfc9a12e-730a-1f91-f170-3e12c631435a">
      <Execution id="33229f0e-0cd0-4979-8bb7-8c630d30992b" />
      <TestMethod codeBase="C:\dev\command-line-api\src\System.CommandLine.Tests\bin\Debug\net462\System.CommandLine.Tests.dll" adapterTypeName="executor://xunit/VsTestRunner2/net" className="System.CommandLine.Tests.Binding.TypeConversionTests" name="The_default_value_of_a_bool_option_with_no_arguments_is_true" />
    </UnitTest>
    <UnitTest name="System.CommandLine.Tests.Parsing.CommandLineStringSplitterTests.It_does_not_split_double_quote_delimited_values_when_a_non_whitespace_argument_delimiter_is_used(prefix: &quot;--&quot;, delimiter: '=')" storage="c:\dev\command-line-api\src\system.commandline.tests\bin\debug\net462\system.commandline.tests.dll" id="24e9e63a-5616-0d48-623b-50e67afe154d">
      <Execution id="3c61ecb5-af4a-4dc4-9b11-93d017087fa3" />
      <TestMethod codeBase="C:\dev\command-line-api\src\System.CommandLine.Tests\bin\Debug\net462\System.CommandLine.Tests.dll" adapterTypeName="executor://xunit/VsTestRunner2/net" className="System.CommandLine.Tests.Parsing.CommandLineStringSplitterTests" name="It_does_not_split_double_quote_delimited_values_when_a_non_whitespace_argument_delimiter_is_used" />
    </UnitTest>
    <UnitTest name="System.CommandLine.Tests.Binding.TypeConversionTests.Values_can_be_correctly_converted_to_nullable_byte_without_the_parser_specifying_a_custom_converter" storage="c:\dev\command-line-api\src\system.commandline.tests\bin\debug\net462\system.commandline.tests.dll" id="f23b9530-1aa3-4624-74e0-9d51378c158f">
      <Execution id="1be0a394-81d2-4650-8907-882ea2f9e575" />
      <TestMethod codeBase="C:\dev\command-line-api\src\System.CommandLine.Tests\bin\Debug\net462\System.CommandLine.Tests.dll" adapterTypeName="executor://xunit/VsTestRunner2/net" className="System.CommandLine.Tests.Binding.TypeConversionTests" name="Values_can_be_correctly_converted_to_nullable_byte_without_the_parser_specifying_a_custom_converter" />
    </UnitTest>
    <UnitTest name="System.CommandLine.Tests.CommandLineConfigurationTests.ThrowIfInvalid_throws_if_a_command_is_its_own_parent" storage="c:\dev\command-line-api\src\system.commandline.tests\bin\debug\net462\system.commandline.tests.dll" id="b87fd0e6-98e7-4198-d719-7d9832377557">
      <Execution id="faa778c7-5b49-48bf-bca2-87da6fa47702" />
      <TestMethod codeBase="C:\dev\command-line-api\src\System.CommandLine.Tests\bin\Debug\net462\System.CommandLine.Tests.dll" adapterTypeName="executor://xunit/VsTestRunner2/net" className="System.CommandLine.Tests.CommandLineConfigurationTests" name="ThrowIfInvalid_throws_if_a_command_is_its_own_parent" />
    </UnitTest>
    <UnitTest name="System.CommandLine.Tests.OptionTests.HasAliasIgnorePrefix_accepts_unprefixed_short_value" storage="c:\dev\command-line-api\src\system.commandline.tests\bin\debug\net462\system.commandline.tests.dll" id="6c4f8206-1293-8552-6fad-28bbe5cc5810">
      <Execution id="8a0a8246-f5da-4447-acdc-e7dd67f0f8ad" />
      <TestMethod codeBase="C:\dev\command-line-api\src\System.CommandLine.Tests\bin\Debug\net462\System.CommandLine.Tests.dll" adapterTypeName="executor://xunit/VsTestRunner2/net" className="System.CommandLine.Tests.OptionTests" name="HasAliasIgnorePrefix_accepts_unprefixed_short_value" />
    </UnitTest>
    <UnitTest name="System.CommandLine.Tests.RootCommandTests.When_Name_is_set_then_executable_name_is_still_an_alias" storage="c:\dev\command-line-api\src\system.commandline.tests\bin\debug\net462\system.commandline.tests.dll" id="2e3c4daa-ef50-f860-5db3-805efed59c5d">
      <Execution id="2b921419-7dc3-44ed-8c8f-12e648d58569" />
      <TestMethod codeBase="C:\dev\command-line-api\src\System.CommandLine.Tests\bin\Debug\net462\System.CommandLine.Tests.dll" adapterTypeName="executor://xunit/VsTestRunner2/net" className="System.CommandLine.Tests.RootCommandTests" name="When_Name_is_set_then_executable_name_is_still_an_alias" />
    </UnitTest>
    <UnitTest name="System.CommandLine.Tests.Parsing.CommandLineStringSplitterTests.Internal_whitespaces_are_preserved_and_do_not_cause_string_to_be_split" storage="c:\dev\command-line-api\src\system.commandline.tests\bin\debug\net462\system.commandline.tests.dll" id="b22de866-c6bd-b576-4c6e-f86b9795a6d4">
      <Execution id="72402046-5d1b-4d0a-a265-6ee7a2ed3a0f" />
      <TestMethod codeBase="C:\dev\command-line-api\src\System.CommandLine.Tests\bin\Debug\net462\System.CommandLine.Tests.dll" adapterTypeName="executor://xunit/VsTestRunner2/net" className="System.CommandLine.Tests.Parsing.CommandLineStringSplitterTests" name="Internal_whitespaces_are_preserved_and_do_not_cause_string_to_be_split" />
    </UnitTest>
    <UnitTest name="System.CommandLine.Tests.ParserTests.Tokens_are_not_split_if_the_part_before_the_delimiter_is_not_an_option" storage="c:\dev\command-line-api\src\system.commandline.tests\bin\debug\net462\system.commandline.tests.dll" id="c6f26efb-a757-d592-4aef-07acee0be42a">
      <Execution id="f148392a-bc9e-4bc2-8877-d4d83665c816" />
      <TestMethod codeBase="C:\dev\command-line-api\src\System.CommandLine.Tests\bin\Debug\net462\System.CommandLine.Tests.dll" adapterTypeName="executor://xunit/VsTestRunner2/net" className="System.CommandLine.Tests.ParserTests" name="Tokens_are_not_split_if_the_part_before_the_delimiter_is_not_an_option" />
    </UnitTest>
    <UnitTest name="System.CommandLine.Tests.CompletionTests.Both_subcommands_and_options_are_available_as_suggestions" storage="c:\dev\command-line-api\src\system.commandline.tests\bin\debug\net462\system.commandline.tests.dll" id="7119413e-e57c-f21d-5779-fcfcd0145e21">
      <Execution id="538949ed-efb4-4edc-91b4-35336fc04644" />
      <TestMethod codeBase="C:\dev\command-line-api\src\System.CommandLine.Tests\bin\Debug\net462\System.CommandLine.Tests.dll" adapterTypeName="executor://xunit/VsTestRunner2/net" className="System.CommandLine.Tests.CompletionTests" name="Both_subcommands_and_options_are_available_as_suggestions" />
    </UnitTest>
    <UnitTest name="System.CommandLine.Tests.OptionTests+MultipleArgumentsPerToken+Allowed.When_option_is_not_respecified_and_limit_is_reached_then_the_following_token_is_unmatched" storage="c:\dev\command-line-api\src\system.commandline.tests\bin\debug\net462\system.commandline.tests.dll" id="063bb450-31b9-554e-cdc7-2d45ade53859">
      <Execution id="1d686131-273e-42f0-8ef1-1d48bcc43252" />
      <TestMethod codeBase="C:\dev\command-line-api\src\System.CommandLine.Tests\bin\Debug\net462\System.CommandLine.Tests.dll" adapterTypeName="executor://xunit/VsTestRunner2/net" className="System.CommandLine.Tests.OptionTests+MultipleArgumentsPerToken+Allowed" name="When_option_is_not_respecified_and_limit_is_reached_then_the_following_token_is_unmatched" />
    </UnitTest>
    <UnitTest name="System.CommandLine.Tests.Help.HelpBuilderTests.Options_section_aligns_options_on_new_lines" storage="c:\dev\command-line-api\src\system.commandline.tests\bin\debug\net462\system.commandline.tests.dll" id="314cd252-5aba-8b8a-6b66-888a2fe0e6aa">
      <Execution id="adc4fc95-94d2-439d-8ae0-8b53e6efbf7d" />
      <TestMethod codeBase="C:\dev\command-line-api\src\System.CommandLine.Tests\bin\Debug\net462\System.CommandLine.Tests.dll" adapterTypeName="executor://xunit/VsTestRunner2/net" className="System.CommandLine.Tests.Help.HelpBuilderTests" name="Options_section_aligns_options_on_new_lines" />
    </UnitTest>
    <UnitTest name="System.CommandLine.Tests.UseHelpTests.UseHelp_accepts_default_values(value: &quot;-?&quot;)" storage="c:\dev\command-line-api\src\system.commandline.tests\bin\debug\net462\system.commandline.tests.dll" id="95e961af-097d-b374-acd0-e00a21d970e9">
      <Execution id="e688875c-f928-41d8-8a4e-3011e67b3553" />
      <TestMethod codeBase="C:\dev\command-line-api\src\System.CommandLine.Tests\bin\Debug\net462\System.CommandLine.Tests.dll" adapterTypeName="executor://xunit/VsTestRunner2/net" className="System.CommandLine.Tests.UseHelpTests" name="UseHelp_accepts_default_values" />
    </UnitTest>
    <UnitTest name="System.CommandLine.Tests.CommandTests.Parse_extension_method_reuses_implicit_parser_instance" storage="c:\dev\command-line-api\src\system.commandline.tests\bin\debug\net462\system.commandline.tests.dll" id="6510d799-10aa-b5d6-9b8c-42ec3f8c3da5">
      <Execution id="52b2877b-64cd-4d76-a706-1928599400ec" />
      <TestMethod codeBase="C:\dev\command-line-api\src\System.CommandLine.Tests\bin\Debug\net462\System.CommandLine.Tests.dll" adapterTypeName="executor://xunit/VsTestRunner2/net" className="System.CommandLine.Tests.CommandTests" name="Parse_extension_method_reuses_implicit_parser_instance" />
    </UnitTest>
    <UnitTest name="System.CommandLine.Tests.SplitCommandLineTests.It_does_not_split_double_quote_delimited_values_when_a_non_whitespace_argument_delimiter_is_used(prefix: &quot;--&quot;, delimiter: '=')" storage="c:\dev\command-line-api\src\system.commandline.tests\bin\debug\net462\system.commandline.tests.dll" id="494c62a0-99e7-df99-4c59-61ea78454839">
      <Execution id="b71d180f-ed62-4760-b02d-3ac7b2e2f0c5" />
      <TestMethod codeBase="C:\dev\command-line-api\src\System.CommandLine.Tests\bin\Debug\net462\System.CommandLine.Tests.dll" adapterTypeName="executor://xunit/VsTestRunner2/net" className="System.CommandLine.Tests.SplitCommandLineTests" name="It_does_not_split_double_quote_delimited_values_when_a_non_whitespace_argument_delimiter_is_used" />
    </UnitTest>
    <UnitTest name="System.CommandLine.Tests.Help.HelpBuilderTests.Options_section_includes_option_with_empty_description" storage="c:\dev\command-line-api\src\system.commandline.tests\bin\debug\net462\system.commandline.tests.dll" id="cb2ed069-7082-7588-5e28-6cfdae580736">
      <Execution id="df4c8015-390d-4262-8c7f-915434de7c40" />
      <TestMethod codeBase="C:\dev\command-line-api\src\System.CommandLine.Tests\bin\Debug\net462\System.CommandLine.Tests.dll" adapterTypeName="executor://xunit/VsTestRunner2/net" className="System.CommandLine.Tests.Help.HelpBuilderTests" name="Options_section_includes_option_with_empty_description" />
    </UnitTest>
    <UnitTest name="System.CommandLine.Tests.Binding.TypeConversionTests.String_defaults_to_null_when_not_specified" storage="c:\dev\command-line-api\src\system.commandline.tests\bin\debug\net462\system.commandline.tests.dll" id="93586719-faae-7e93-53ea-469ae034d26b">
      <Execution id="3b9d0771-c10f-4844-92b8-6ea3a41476a2" />
      <TestMethod codeBase="C:\dev\command-line-api\src\System.CommandLine.Tests\bin\Debug\net462\System.CommandLine.Tests.dll" adapterTypeName="executor://xunit/VsTestRunner2/net" className="System.CommandLine.Tests.Binding.TypeConversionTests" name="String_defaults_to_null_when_not_specified" />
    </UnitTest>
    <UnitTest name="System.CommandLine.Tests.ParserTests.When_an_option_argument_is_enclosed_in_double_quotes_its_value_retains_the_quotes(arg1: &quot;-x=&quot;, arg2: &quot;\&quot;hello\&quot;&quot;)" storage="c:\dev\command-line-api\src\system.commandline.tests\bin\debug\net462\system.commandline.tests.dll" id="ae665f18-a704-d3f5-b197-370c962df54c">
      <Execution id="64e29308-2fa1-4aa9-b3db-752a1e59619a" />
      <TestMethod codeBase="C:\dev\command-line-api\src\System.CommandLine.Tests\bin\Debug\net462\System.CommandLine.Tests.dll" adapterTypeName="executor://xunit/VsTestRunner2/net" className="System.CommandLine.Tests.ParserTests" name="When_an_option_argument_is_enclosed_in_double_quotes_its_value_retains_the_quotes" />
    </UnitTest>
    <UnitTest name="System.CommandLine.Tests.ParserTests.Required_arguments_on_parent_commands_do_not_create_parse_errors_when_an_inner_command_is_specified" storage="c:\dev\command-line-api\src\system.commandline.tests\bin\debug\net462\system.commandline.tests.dll" id="52aef40d-20be-e9d1-dae7-145742d9e91f">
      <Execution id="fb5f6499-b468-4bbd-aa52-69df339e5adc" />
      <TestMethod codeBase="C:\dev\command-line-api\src\System.CommandLine.Tests\bin\Debug\net462\System.CommandLine.Tests.dll" adapterTypeName="executor://xunit/VsTestRunner2/net" className="System.CommandLine.Tests.ParserTests" name="Required_arguments_on_parent_commands_do_not_create_parse_errors_when_an_inner_command_is_specified" />
    </UnitTest>
    <UnitTest name="System.CommandLine.Tests.Parsing.CommandLineStringSplitterTests.It_splits_strings_based_on_whitespace(commandLine: &quot;one two three four&quot;)" storage="c:\dev\command-line-api\src\system.commandline.tests\bin\debug\net462\system.commandline.tests.dll" id="a0bef3e6-f530-684b-5f18-c22aa478272c">
      <Execution id="6265da4c-9dc8-4a58-9ece-25e675a8cfdb" />
      <TestMethod codeBase="C:\dev\command-line-api\src\System.CommandLine.Tests\bin\Debug\net462\System.CommandLine.Tests.dll" adapterTypeName="executor://xunit/VsTestRunner2/net" className="System.CommandLine.Tests.Parsing.CommandLineStringSplitterTests" name="It_splits_strings_based_on_whitespace" />
    </UnitTest>
    <UnitTest name="System.CommandLine.Tests.Binding.SetHandlerTests.Binding_is_correct_for_Func_overload_having_arity_(arity: 4)" storage="c:\dev\command-line-api\src\system.commandline.tests\bin\debug\net462\system.commandline.tests.dll" id="473c66a7-9f23-0ad9-7bf7-affc6856090f">
      <Execution id="51910017-1eb0-4290-9d20-818b2aa02f6c" />
      <TestMethod codeBase="C:\dev\command-line-api\src\System.CommandLine.Tests\bin\Debug\net462\System.CommandLine.Tests.dll" adapterTypeName="executor://xunit/VsTestRunner2/net" className="System.CommandLine.Tests.Binding.SetHandlerTests" name="Binding_is_correct_for_Func_overload_having_arity_" />
    </UnitTest>
    <UnitTest name="System.CommandLine.Tests.ParseResultTests.HasOption_can_be_used_to_check_the_presence_of_an_option" storage="c:\dev\command-line-api\src\system.commandline.tests\bin\debug\net462\system.commandline.tests.dll" id="bccb663d-6e80-cdaa-34ff-e13591060925">
      <Execution id="0a423589-649e-44e8-860e-24365548907f" />
      <TestMethod codeBase="C:\dev\command-line-api\src\System.CommandLine.Tests\bin\Debug\net462\System.CommandLine.Tests.dll" adapterTypeName="executor://xunit/VsTestRunner2/net" className="System.CommandLine.Tests.ParseResultTests" name="HasOption_can_be_used_to_check_the_presence_of_an_option" />
    </UnitTest>
    <UnitTest name="System.CommandLine.Tests.CompletionTests.When_an_option_has_a_default_value_it_will_still_be_suggested" storage="c:\dev\command-line-api\src\system.commandline.tests\bin\debug\net462\system.commandline.tests.dll" id="587dcafb-2f78-bc46-25d4-effa70230304">
      <Execution id="78f2ab85-cd3b-4db5-aa3c-43665957ce51" />
      <TestMethod codeBase="C:\dev\command-line-api\src\System.CommandLine.Tests\bin\Debug\net462\System.CommandLine.Tests.dll" adapterTypeName="executor://xunit/VsTestRunner2/net" className="System.CommandLine.Tests.CompletionTests" name="When_an_option_has_a_default_value_it_will_still_be_suggested" />
    </UnitTest>
    <UnitTest name="System.CommandLine.Tests.Binding.SetHandlerTests.Binding_is_correct_for_Func_overload_having_arity_(arity: 6)" storage="c:\dev\command-line-api\src\system.commandline.tests\bin\debug\net462\system.commandline.tests.dll" id="7cae383a-f0eb-2db2-ef14-379339bdf815">
      <Execution id="56b59cc3-b433-4c1f-8901-698e6703936d" />
      <TestMethod codeBase="C:\dev\command-line-api\src\System.CommandLine.Tests\bin\Debug\net462\System.CommandLine.Tests.dll" adapterTypeName="executor://xunit/VsTestRunner2/net" className="System.CommandLine.Tests.Binding.SetHandlerTests" name="Binding_is_correct_for_Func_overload_having_arity_" />
    </UnitTest>
    <UnitTest name="System.CommandLine.Tests.CompletionTests.An_option_can_be_hidden_from_completions_by_setting_IsHidden_to_true" storage="c:\dev\command-line-api\src\system.commandline.tests\bin\debug\net462\system.commandline.tests.dll" id="da69d0ff-4ed3-8a54-cc3b-f6c5c50df99c">
      <Execution id="4b36f2df-e86c-4760-94f1-b259fe149b20" />
      <TestMethod codeBase="C:\dev\command-line-api\src\System.CommandLine.Tests\bin\Debug\net462\System.CommandLine.Tests.dll" adapterTypeName="executor://xunit/VsTestRunner2/net" className="System.CommandLine.Tests.CompletionTests" name="An_option_can_be_hidden_from_completions_by_setting_IsHidden_to_true" />
    </UnitTest>
    <UnitTest name="System.CommandLine.Tests.ParserTests.Relative_order_of_arguments_and_options_within_a_command_does_not_matter" storage="c:\dev\command-line-api\src\system.commandline.tests\bin\debug\net462\system.commandline.tests.dll" id="7826baef-c5f1-e06f-1f99-e8d128ed0ef8">
      <Execution id="e460e099-ab7c-4198-a68a-a211893b74e4" />
      <TestMethod codeBase="C:\dev\command-line-api\src\System.CommandLine.Tests\bin\Debug\net462\System.CommandLine.Tests.dll" adapterTypeName="executor://xunit/VsTestRunner2/net" className="System.CommandLine.Tests.ParserTests" name="Relative_order_of_arguments_and_options_within_a_command_does_not_matter" />
    </UnitTest>
    <UnitTest name="System.CommandLine.Tests.UseHelpTests.UseHelp_does_not_display_when_option_defined_with_same_alias" storage="c:\dev\command-line-api\src\system.commandline.tests\bin\debug\net462\system.commandline.tests.dll" id="47e76fbc-12f3-c773-5d80-878b6e3b98bf">
      <Execution id="55c64fe5-6b30-4951-aa61-44f066c20c9f" />
      <TestMethod codeBase="C:\dev\command-line-api\src\System.CommandLine.Tests\bin\Debug\net462\System.CommandLine.Tests.dll" adapterTypeName="executor://xunit/VsTestRunner2/net" className="System.CommandLine.Tests.UseHelpTests" name="UseHelp_does_not_display_when_option_defined_with_same_alias" />
    </UnitTest>
    <UnitTest name="System.CommandLine.Tests.DirectiveTests.Directives_can_be_disabled" storage="c:\dev\command-line-api\src\system.commandline.tests\bin\debug\net462\system.commandline.tests.dll" id="ca524d45-13c3-e32e-1280-fda00b8e7c7f">
      <Execution id="0173cc36-be5b-4e0e-9229-11354d6de22c" />
      <TestMethod codeBase="C:\dev\command-line-api\src\System.CommandLine.Tests\bin\Debug\net462\System.CommandLine.Tests.dll" adapterTypeName="executor://xunit/VsTestRunner2/net" className="System.CommandLine.Tests.DirectiveTests" name="Directives_can_be_disabled" />
    </UnitTest>
    <UnitTest name="System.CommandLine.Tests.Invocation.InvocationPipelineTests.When_no_help_builder_is_specified_it_uses_default_implementation" storage="c:\dev\command-line-api\src\system.commandline.tests\bin\debug\net462\system.commandline.tests.dll" id="f88a4725-b8ed-82ff-2330-877f7f26d837">
      <Execution id="347b8986-3492-4f58-bc32-b416117c1ae8" />
      <TestMethod codeBase="C:\dev\command-line-api\src\System.CommandLine.Tests\bin\Debug\net462\System.CommandLine.Tests.dll" adapterTypeName="executor://xunit/VsTestRunner2/net" className="System.CommandLine.Tests.Invocation.InvocationPipelineTests" name="When_no_help_builder_is_specified_it_uses_default_implementation" />
    </UnitTest>
    <UnitTest name="System.CommandLine.Tests.OptionTests+MultipleArgumentsPerToken+Allowed.Multiple_option_arguments_that_match_single_arity_option_aliases_are_parsed_correctly" storage="c:\dev\command-line-api\src\system.commandline.tests\bin\debug\net462\system.commandline.tests.dll" id="71d35295-32f3-c06b-7b8c-1f9de332c1f3">
      <Execution id="69c69ef8-75e7-491c-b058-2ef52eee5719" />
      <TestMethod codeBase="C:\dev\command-line-api\src\System.CommandLine.Tests\bin\Debug\net462\System.CommandLine.Tests.dll" adapterTypeName="executor://xunit/VsTestRunner2/net" className="System.CommandLine.Tests.OptionTests+MultipleArgumentsPerToken+Allowed" name="Multiple_option_arguments_that_match_single_arity_option_aliases_are_parsed_correctly" />
    </UnitTest>
    <UnitTest name="System.CommandLine.Tests.Invocation.InvocationExtensionsTests.Command_Invoke_uses_default_pipeline_by_default" storage="c:\dev\command-line-api\src\system.commandline.tests\bin\debug\net462\system.commandline.tests.dll" id="8f10b8b6-6cb4-3ed6-6982-9f67017fdbd6">
      <Execution id="4161eed5-bd36-461b-a96f-ca01e2f35801" />
      <TestMethod codeBase="C:\dev\command-line-api\src\System.CommandLine.Tests\bin\Debug\net462\System.CommandLine.Tests.dll" adapterTypeName="executor://xunit/VsTestRunner2/net" className="System.CommandLine.Tests.Invocation.InvocationExtensionsTests" name="Command_Invoke_uses_default_pipeline_by_default" />
    </UnitTest>
    <UnitTest name="System.CommandLine.Tests.Help.HelpBuilderTests.Help_describes_default_value_for_argument" storage="c:\dev\command-line-api\src\system.commandline.tests\bin\debug\net462\system.commandline.tests.dll" id="ef58bea7-b1b4-47a0-d80b-a4728fa2a51c">
      <Execution id="79269dea-ae20-45c0-bdf7-32f6b2e78223" />
      <TestMethod codeBase="C:\dev\command-line-api\src\System.CommandLine.Tests\bin\Debug\net462\System.CommandLine.Tests.dll" adapterTypeName="executor://xunit/VsTestRunner2/net" className="System.CommandLine.Tests.Help.HelpBuilderTests" name="Help_describes_default_value_for_argument" />
    </UnitTest>
    <UnitTest name="System.CommandLine.Tests.ArgumentTests+CustomParsing.Option_ArgumentResult_parentage_to_root_symbol_is_set_correctly_when_token_is_implicit" storage="c:\dev\command-line-api\src\system.commandline.tests\bin\debug\net462\system.commandline.tests.dll" id="dd9dc598-4686-a13b-857c-ac1f3ab26b15">
      <Execution id="d7596714-0846-44df-be55-714a89521998" />
      <TestMethod codeBase="C:\dev\command-line-api\src\System.CommandLine.Tests\bin\Debug\net462\System.CommandLine.Tests.dll" adapterTypeName="executor://xunit/VsTestRunner2/net" className="System.CommandLine.Tests.ArgumentTests+CustomParsing" name="Option_ArgumentResult_parentage_to_root_symbol_is_set_correctly_when_token_is_implicit" />
    </UnitTest>
    <UnitTest name="System.CommandLine.Tests.ParserTests.Options_short_forms_do_not_get_unbundled_if_unbundling_is_turned_off" storage="c:\dev\command-line-api\src\system.commandline.tests\bin\debug\net462\system.commandline.tests.dll" id="d780b406-2877-14bc-7fc8-f9dab6e94077">
      <Execution id="d2adeb01-eda9-4f21-a148-b837c9338330" />
      <TestMethod codeBase="C:\dev\command-line-api\src\System.CommandLine.Tests\bin\Debug\net462\System.CommandLine.Tests.dll" adapterTypeName="executor://xunit/VsTestRunner2/net" className="System.CommandLine.Tests.ParserTests" name="Options_short_forms_do_not_get_unbundled_if_unbundling_is_turned_off" />
    </UnitTest>
    <UnitTest name="System.CommandLine.Tests.ParserTests.Boolean_options_are_not_greedy(commandLine: &quot;-x true -y&quot;)" storage="c:\dev\command-line-api\src\system.commandline.tests\bin\debug\net462\system.commandline.tests.dll" id="1644f6ee-f96f-2d15-1b84-94778750a4ac">
      <Execution id="a5208bb5-95af-4f37-99a3-85d9da91d298" />
      <TestMethod codeBase="C:\dev\command-line-api\src\System.CommandLine.Tests\bin\Debug\net462\System.CommandLine.Tests.dll" adapterTypeName="executor://xunit/VsTestRunner2/net" className="System.CommandLine.Tests.ParserTests" name="Boolean_options_are_not_greedy" />
    </UnitTest>
    <UnitTest name="System.CommandLine.Tests.ParsingValidationTests.A_root_command_is_invalid_if_it_has_no_handler" storage="c:\dev\command-line-api\src\system.commandline.tests\bin\debug\net462\system.commandline.tests.dll" id="796d8216-5e0c-8aee-9f6c-d378b788beed">
      <Execution id="96a008ea-a54d-455e-9ac1-2406e0daf06f" />
      <TestMethod codeBase="C:\dev\command-line-api\src\System.CommandLine.Tests\bin\Debug\net462\System.CommandLine.Tests.dll" adapterTypeName="executor://xunit/VsTestRunner2/net" className="System.CommandLine.Tests.ParsingValidationTests" name="A_root_command_is_invalid_if_it_has_no_handler" />
    </UnitTest>
    <UnitTest name="System.CommandLine.Tests.OptionTests.RawAliases_is_aware_of_added_alias" storage="c:\dev\command-line-api\src\system.commandline.tests\bin\debug\net462\system.commandline.tests.dll" id="2c34a6bb-b75d-72fd-0eb5-c2bbc33df6c3">
      <Execution id="948f5dd4-268a-4114-a908-b7d8ec3ed19b" />
      <TestMethod codeBase="C:\dev\command-line-api\src\System.CommandLine.Tests\bin\Debug\net462\System.CommandLine.Tests.dll" adapterTypeName="executor://xunit/VsTestRunner2/net" className="System.CommandLine.Tests.OptionTests" name="RawAliases_is_aware_of_added_alias" />
    </UnitTest>
    <UnitTest name="System.CommandLine.Tests.SplitCommandLineTests.It_does_not_split_double_quote_delimited_values_when_a_non_whitespace_argument_delimiter_is_used(prefix: &quot;-&quot;, delimiter: '=')" storage="c:\dev\command-line-api\src\system.commandline.tests\bin\debug\net462\system.commandline.tests.dll" id="7898bc66-0ebe-cdcb-f3ad-1f9904d9e069">
      <Execution id="6c702dcb-f66c-4732-b56d-0d791df6fd19" />
      <TestMethod codeBase="C:\dev\command-line-api\src\System.CommandLine.Tests\bin\Debug\net462\System.CommandLine.Tests.dll" adapterTypeName="executor://xunit/VsTestRunner2/net" className="System.CommandLine.Tests.SplitCommandLineTests" name="It_does_not_split_double_quote_delimited_values_when_a_non_whitespace_argument_delimiter_is_used" />
    </UnitTest>
    <UnitTest name="System.CommandLine.Tests.ArgumentTests+CustomParsing.OnlyTake_can_pass_on_all_tokens" storage="c:\dev\command-line-api\src\system.commandline.tests\bin\debug\net462\system.commandline.tests.dll" id="dde12278-c5df-4d93-e4c2-1802b6f5dabf">
      <Execution id="a2913f54-5c39-4f22-b06c-5465eb2f6794" />
      <TestMethod codeBase="C:\dev\command-line-api\src\System.CommandLine.Tests\bin\Debug\net462\System.CommandLine.Tests.dll" adapterTypeName="executor://xunit/VsTestRunner2/net" className="System.CommandLine.Tests.ArgumentTests+CustomParsing" name="OnlyTake_can_pass_on_all_tokens" />
    </UnitTest>
    <UnitTest name="System.CommandLine.Tests.Invocation.TypoCorrectionTests.When_there_are_no_matches_then_nothing_is_suggested" storage="c:\dev\command-line-api\src\system.commandline.tests\bin\debug\net462\system.commandline.tests.dll" id="6b943a87-faf7-b662-4bc3-1cef7946c338">
      <Execution id="4e6863d0-866d-4f8f-b4a7-28c8c1127e3f" />
      <TestMethod codeBase="C:\dev\command-line-api\src\System.CommandLine.Tests\bin\Debug\net462\System.CommandLine.Tests.dll" adapterTypeName="executor://xunit/VsTestRunner2/net" className="System.CommandLine.Tests.Invocation.TypoCorrectionTests" name="When_there_are_no_matches_then_nothing_is_suggested" />
    </UnitTest>
    <UnitTest name="System.CommandLine.Tests.CommandLineConfigurationTests.ThrowIfInvalid_does_not_throw_if_global_option_alias_is_the_same_as_subcommand_alias" storage="c:\dev\command-line-api\src\system.commandline.tests\bin\debug\net462\system.commandline.tests.dll" id="ce8b6d54-908c-0d05-a007-a65d38aad14a">
      <Execution id="787150a7-96f8-49db-b32d-004b66174853" />
      <TestMethod codeBase="C:\dev\command-line-api\src\System.CommandLine.Tests\bin\Debug\net462\System.CommandLine.Tests.dll" adapterTypeName="executor://xunit/VsTestRunner2/net" className="System.CommandLine.Tests.CommandLineConfigurationTests" name="ThrowIfInvalid_does_not_throw_if_global_option_alias_is_the_same_as_subcommand_alias" />
    </UnitTest>
    <UnitTest name="System.CommandLine.Tests.ParserTests.When_an_option_with_a_default_value_is_not_matched_then_there_are_no_tokens" storage="c:\dev\command-line-api\src\system.commandline.tests\bin\debug\net462\system.commandline.tests.dll" id="02aec12b-662e-fc1c-194f-d3778a62ca1a">
      <Execution id="f9b07886-e53f-4bfe-a6e1-2f9971f64905" />
      <TestMethod codeBase="C:\dev\command-line-api\src\System.CommandLine.Tests\bin\Debug\net462\System.CommandLine.Tests.dll" adapterTypeName="executor://xunit/VsTestRunner2/net" className="System.CommandLine.Tests.ParserTests" name="When_an_option_with_a_default_value_is_not_matched_then_there_are_no_tokens" />
    </UnitTest>
    <UnitTest name="System.CommandLine.Tests.ParsingValidationTests+FileExistence.An_option_argument_can_be_invalid_based_on_file_existence" storage="c:\dev\command-line-api\src\system.commandline.tests\bin\debug\net462\system.commandline.tests.dll" id="265d5f15-e02f-ac09-3c06-0b36676e99fa">
      <Execution id="0451edeb-9fa1-471b-a87f-5a5acd6f8190" />
      <TestMethod codeBase="C:\dev\command-line-api\src\System.CommandLine.Tests\bin\Debug\net462\System.CommandLine.Tests.dll" adapterTypeName="executor://xunit/VsTestRunner2/net" className="System.CommandLine.Tests.ParsingValidationTests+FileExistence" name="An_option_argument_can_be_invalid_based_on_file_existence" />
    </UnitTest>
    <UnitTest name="System.CommandLine.Tests.Help.HelpBuilderTests.Options_help_preserves_the_order_options_are_added_the_the_parent_command" storage="c:\dev\command-line-api\src\system.commandline.tests\bin\debug\net462\system.commandline.tests.dll" id="da20de46-a2bd-6e38-4ea8-f0ab1d13feff">
      <Execution id="958199f2-f0ee-4a81-acef-bd91cb338263" />
      <TestMethod codeBase="C:\dev\command-line-api\src\System.CommandLine.Tests\bin\Debug\net462\System.CommandLine.Tests.dll" adapterTypeName="executor://xunit/VsTestRunner2/net" className="System.CommandLine.Tests.Help.HelpBuilderTests" name="Options_help_preserves_the_order_options_are_added_the_the_parent_command" />
    </UnitTest>
    <UnitTest name="System.CommandLine.Tests.Parsing.CommandLineStringSplitterTests.It_splits_strings_based_on_whitespace(commandLine: &quot;one two\tthree   four &quot;)" storage="c:\dev\command-line-api\src\system.commandline.tests\bin\debug\net462\system.commandline.tests.dll" id="a2554254-68b2-06c3-cff1-7c1d921c1382">
      <Execution id="390a15fe-52bc-433e-a1f5-f0f475a09f88" />
      <TestMethod codeBase="C:\dev\command-line-api\src\System.CommandLine.Tests\bin\Debug\net462\System.CommandLine.Tests.dll" adapterTypeName="executor://xunit/VsTestRunner2/net" className="System.CommandLine.Tests.Parsing.CommandLineStringSplitterTests" name="It_splits_strings_based_on_whitespace" />
    </UnitTest>
    <UnitTest name="System.CommandLine.Tests.CommandLineConfigurationTests.ThrowIfInvalid_throws_if_there_are_duplicate_sibling_option_aliases_on_the_root_command" storage="c:\dev\command-line-api\src\system.commandline.tests\bin\debug\net462\system.commandline.tests.dll" id="7ea331e8-ab03-9256-684b-a72671d5fab2">
      <Execution id="9ba41b2f-a168-48e0-89af-54e268c5f010" />
      <TestMethod codeBase="C:\dev\command-line-api\src\System.CommandLine.Tests\bin\Debug\net462\System.CommandLine.Tests.dll" adapterTypeName="executor://xunit/VsTestRunner2/net" className="System.CommandLine.Tests.CommandLineConfigurationTests" name="ThrowIfInvalid_throws_if_there_are_duplicate_sibling_option_aliases_on_the_root_command" />
    </UnitTest>
    <UnitTest name="System.CommandLine.Tests.DirectiveTests.Directives_should_not_be_considered_as_unmatched_tokens" storage="c:\dev\command-line-api\src\system.commandline.tests\bin\debug\net462\system.commandline.tests.dll" id="cd60c276-9d80-fa36-759a-71812ff47662">
      <Execution id="07520b9f-0265-4423-8cc4-66292746a28a" />
      <TestMethod codeBase="C:\dev\command-line-api\src\System.CommandLine.Tests\bin\Debug\net462\System.CommandLine.Tests.dll" adapterTypeName="executor://xunit/VsTestRunner2/net" className="System.CommandLine.Tests.DirectiveTests" name="Directives_should_not_be_considered_as_unmatched_tokens" />
    </UnitTest>
    <UnitTest name="System.CommandLine.Tests.Help.HelpBuilderTests.Synopsis_section_keeps_added_newlines" storage="c:\dev\command-line-api\src\system.commandline.tests\bin\debug\net462\system.commandline.tests.dll" id="a94de9e0-d357-9956-bb85-157dd1b8b2ad">
      <Execution id="533878b1-32dd-4d1b-b9d4-f22987e6b95f" />
      <TestMethod codeBase="C:\dev\command-line-api\src\System.CommandLine.Tests\bin\Debug\net462\System.CommandLine.Tests.dll" adapterTypeName="executor://xunit/VsTestRunner2/net" className="System.CommandLine.Tests.Help.HelpBuilderTests" name="Synopsis_section_keeps_added_newlines" />
    </UnitTest>
    <UnitTest name="System.CommandLine.Tests.Binding.TypeConversionTests.Max_arity_greater_than_1_converts_to_enumerable_types(minArity: 0, maxArity: 100000, argumentType: typeof(System.Collections.Generic.ICollection&lt;string&gt;))" storage="c:\dev\command-line-api\src\system.commandline.tests\bin\debug\net462\system.commandline.tests.dll" id="54f80413-b8fd-c102-cef8-03cdd0a1819b">
      <Execution id="c860cbd0-001f-477a-a5af-067ffa5e44ec" />
      <TestMethod codeBase="C:\dev\command-line-api\src\System.CommandLine.Tests\bin\Debug\net462\System.CommandLine.Tests.dll" adapterTypeName="executor://xunit/VsTestRunner2/net" className="System.CommandLine.Tests.Binding.TypeConversionTests" name="Max_arity_greater_than_1_converts_to_enumerable_types" />
    </UnitTest>
    <UnitTest name="System.CommandLine.Tests.ParsingValidationTests+FileExistence.A_command_argument_with_multiple_FileSystemInfos_can_be_invalid_based_on_directory_existence" storage="c:\dev\command-line-api\src\system.commandline.tests\bin\debug\net462\system.commandline.tests.dll" id="3bcb18e1-4bf8-55ed-31df-261cfa231adc">
      <Execution id="b891f7d9-5c20-4887-9348-ff41bbe7565a" />
      <TestMethod codeBase="C:\dev\command-line-api\src\System.CommandLine.Tests\bin\Debug\net462\System.CommandLine.Tests.dll" adapterTypeName="executor://xunit/VsTestRunner2/net" className="System.CommandLine.Tests.ParsingValidationTests+FileExistence" name="A_command_argument_with_multiple_FileSystemInfos_can_be_invalid_based_on_directory_existence" />
    </UnitTest>
    <UnitTest name="System.CommandLine.Tests.CompletionTests.Command_GetCompletions_returns_available_option_aliases" storage="c:\dev\command-line-api\src\system.commandline.tests\bin\debug\net462\system.commandline.tests.dll" id="4693aa31-b4d3-b473-28c9-fbd0ad855df0">
      <Execution id="eb7d6110-5512-4877-88e6-20d45a36e74f" />
      <TestMethod codeBase="C:\dev\command-line-api\src\System.CommandLine.Tests\bin\Debug\net462\System.CommandLine.Tests.dll" adapterTypeName="executor://xunit/VsTestRunner2/net" className="System.CommandLine.Tests.CompletionTests" name="Command_GetCompletions_returns_available_option_aliases" />
    </UnitTest>
    <UnitTest name="System.CommandLine.Tests.CommandLineConfigurationTests.ThrowIfInvalid_throws_if_sibling_command_and_option_aliases_collide_on_a_subcommand" storage="c:\dev\command-line-api\src\system.commandline.tests\bin\debug\net462\system.commandline.tests.dll" id="752defa0-d8d7-b81a-eeea-15c17f91496c">
      <Execution id="7f6bec31-3e14-4fdc-aa9c-af6b31eefa9d" />
      <TestMethod codeBase="C:\dev\command-line-api\src\System.CommandLine.Tests\bin\Debug\net462\System.CommandLine.Tests.dll" adapterTypeName="executor://xunit/VsTestRunner2/net" className="System.CommandLine.Tests.CommandLineConfigurationTests" name="ThrowIfInvalid_throws_if_sibling_command_and_option_aliases_collide_on_a_subcommand" />
    </UnitTest>
    <UnitTest name="System.CommandLine.Tests.OptionTests.Parse_extension_method_reuses_implicit_parser_instance" storage="c:\dev\command-line-api\src\system.commandline.tests\bin\debug\net462\system.commandline.tests.dll" id="6f8bd9db-8210-4e92-1067-a6fba3001169">
      <Execution id="11f51889-ad0b-4e63-86a0-982eefca294b" />
      <TestMethod codeBase="C:\dev\command-line-api\src\System.CommandLine.Tests\bin\Debug\net462\System.CommandLine.Tests.dll" adapterTypeName="executor://xunit/VsTestRunner2/net" className="System.CommandLine.Tests.OptionTests" name="Parse_extension_method_reuses_implicit_parser_instance" />
    </UnitTest>
    <UnitTest name="System.CommandLine.Tests.CommandTests.Commands_at_multiple_levels_can_have_their_own_arguments" storage="c:\dev\command-line-api\src\system.commandline.tests\bin\debug\net462\system.commandline.tests.dll" id="d1695251-91ee-cbc1-0626-5fd58b053685">
      <Execution id="0a91b35d-1590-4e67-957a-b9503c2405fa" />
      <TestMethod codeBase="C:\dev\command-line-api\src\System.CommandLine.Tests\bin\Debug\net462\System.CommandLine.Tests.dll" adapterTypeName="executor://xunit/VsTestRunner2/net" className="System.CommandLine.Tests.CommandTests" name="Commands_at_multiple_levels_can_have_their_own_arguments" />
    </UnitTest>
    <UnitTest name="System.CommandLine.Tests.ParsingValidationTests+PathValidity.LegalFilePathsOnly_rejects_option_arguments_containing_invalid_path_characters" storage="c:\dev\command-line-api\src\system.commandline.tests\bin\debug\net462\system.commandline.tests.dll" id="3cfc624a-e79e-e5fd-bbbe-c5061decabce">
      <Execution id="bb0bcbb5-20fa-4e5a-a408-292f0f398d39" />
      <TestMethod codeBase="C:\dev\command-line-api\src\System.CommandLine.Tests\bin\Debug\net462\System.CommandLine.Tests.dll" adapterTypeName="executor://xunit/VsTestRunner2/net" className="System.CommandLine.Tests.ParsingValidationTests+PathValidity" name="LegalFilePathsOnly_rejects_option_arguments_containing_invalid_path_characters" />
    </UnitTest>
    <UnitTest name="System.CommandLine.Tests.ParserTests+LegacyDoubleDashBehavior.Subsequent_tokens_matching_options_will_be_treated_as_unparsed_tokens" storage="c:\dev\command-line-api\src\system.commandline.tests\bin\debug\net462\system.commandline.tests.dll" id="2730a681-172a-c99b-6105-f9958aafa962">
      <Execution id="d233aa4a-4e0d-4668-bb62-054f7821f606" />
      <TestMethod codeBase="C:\dev\command-line-api\src\System.CommandLine.Tests\bin\Debug\net462\System.CommandLine.Tests.dll" adapterTypeName="executor://xunit/VsTestRunner2/net" className="System.CommandLine.Tests.ParserTests+LegacyDoubleDashBehavior" name="Subsequent_tokens_matching_options_will_be_treated_as_unparsed_tokens" />
    </UnitTest>
    <UnitTest name="System.CommandLine.Tests.Binding.TypeConversionTests.By_default_a_bool_option_without_arguments_parses_as_false_when_it_is_not_applied" storage="c:\dev\command-line-api\src\system.commandline.tests\bin\debug\net462\system.commandline.tests.dll" id="d09ebefd-71c7-a5b2-12f4-ddf49814ce4d">
      <Execution id="e4e703b4-d5a5-4162-9f41-7ac520743095" />
      <TestMethod codeBase="C:\dev\command-line-api\src\System.CommandLine.Tests\bin\Debug\net462\System.CommandLine.Tests.dll" adapterTypeName="executor://xunit/VsTestRunner2/net" className="System.CommandLine.Tests.Binding.TypeConversionTests" name="By_default_a_bool_option_without_arguments_parses_as_false_when_it_is_not_applied" />
    </UnitTest>
    <UnitTest name="System.CommandLine.Tests.Binding.TypeConversionTests.Sequence_type_defaults_to_empty_when_not_specified(sequenceType: typeof(System.Collections.ICollection))" storage="c:\dev\command-line-api\src\system.commandline.tests\bin\debug\net462\system.commandline.tests.dll" id="d54289a5-a908-d19c-3711-2a5f63da5a52">
      <Execution id="9b99d446-2f6a-412e-8e74-cb1a782fbc4d" />
      <TestMethod codeBase="C:\dev\command-line-api\src\System.CommandLine.Tests\bin\Debug\net462\System.CommandLine.Tests.dll" adapterTypeName="executor://xunit/VsTestRunner2/net" className="System.CommandLine.Tests.Binding.TypeConversionTests" name="Sequence_type_defaults_to_empty_when_not_specified" />
    </UnitTest>
    <UnitTest name="System.CommandLine.Tests.ParserTests+DefaultDoubleDashBehavior.Subsequent_tokens_are_parsed_as_arguments_even_if_they_match_option_identifiers" storage="c:\dev\command-line-api\src\system.commandline.tests\bin\debug\net462\system.commandline.tests.dll" id="b3c6ad9a-f4d2-b958-dc1e-23cc1e5a4cfb">
      <Execution id="b8103de2-122d-49e5-9bdd-8c7055ef621e" />
      <TestMethod codeBase="C:\dev\command-line-api\src\System.CommandLine.Tests\bin\Debug\net462\System.CommandLine.Tests.dll" adapterTypeName="executor://xunit/VsTestRunner2/net" className="System.CommandLine.Tests.ParserTests+DefaultDoubleDashBehavior" name="Subsequent_tokens_are_parsed_as_arguments_even_if_they_match_option_identifiers" />
    </UnitTest>
    <UnitTest name="System.CommandLine.Tests.ParsingValidationTests.When_no_option_accepts_arguments_but_one_is_supplied_then_an_error_is_returned" storage="c:\dev\command-line-api\src\system.commandline.tests\bin\debug\net462\system.commandline.tests.dll" id="703bd765-5ba4-7a05-d256-3ade8cede181">
      <Execution id="f0571ec2-4c14-4749-8882-371c14da85ea" />
      <TestMethod codeBase="C:\dev\command-line-api\src\System.CommandLine.Tests\bin\Debug\net462\System.CommandLine.Tests.dll" adapterTypeName="executor://xunit/VsTestRunner2/net" className="System.CommandLine.Tests.ParsingValidationTests" name="When_no_option_accepts_arguments_but_one_is_supplied_then_an_error_is_returned" />
    </UnitTest>
    <UnitTest name="System.CommandLine.Tests.Binding.TypeConversionTests.Sequence_type_defaults_to_empty_when_not_specified(sequenceType: typeof(System.Collections.Generic.IList&lt;System.IO.FileAccess&gt;))" storage="c:\dev\command-line-api\src\system.commandline.tests\bin\debug\net462\system.commandline.tests.dll" id="b5ad250c-5414-614e-aaf8-e8cc6504a266">
      <Execution id="56d6a877-d1ff-4a26-a621-3a53bdee27d7" />
      <TestMethod codeBase="C:\dev\command-line-api\src\System.CommandLine.Tests\bin\Debug\net462\System.CommandLine.Tests.dll" adapterTypeName="executor://xunit/VsTestRunner2/net" className="System.CommandLine.Tests.Binding.TypeConversionTests" name="Sequence_type_defaults_to_empty_when_not_specified" />
    </UnitTest>
    <UnitTest name="System.CommandLine.Tests.OptionTests.When_option_not_explicitly_provides_help_will_use_default_help" storage="c:\dev\command-line-api\src\system.commandline.tests\bin\debug\net462\system.commandline.tests.dll" id="8801ffc2-1aa8-685f-bb85-653a5cd8eb94">
      <Execution id="70cc681d-670f-49bb-9e61-a6daeb0dcba1" />
      <TestMethod codeBase="C:\dev\command-line-api\src\System.CommandLine.Tests\bin\Debug\net462\System.CommandLine.Tests.dll" adapterTypeName="executor://xunit/VsTestRunner2/net" className="System.CommandLine.Tests.OptionTests" name="When_option_not_explicitly_provides_help_will_use_default_help" />
    </UnitTest>
    <UnitTest name="System.CommandLine.Tests.Binding.TypeConversionTests.Values_can_be_correctly_converted_to_DateTime_without_the_parser_specifying_a_custom_converter" storage="c:\dev\command-line-api\src\system.commandline.tests\bin\debug\net462\system.commandline.tests.dll" id="84316d38-7b73-280f-b34a-f0a1f14277bd">
      <Execution id="6c05124e-e894-418e-983d-c0a4b16da73d" />
      <TestMethod codeBase="C:\dev\command-line-api\src\System.CommandLine.Tests\bin\Debug\net462\System.CommandLine.Tests.dll" adapterTypeName="executor://xunit/VsTestRunner2/net" className="System.CommandLine.Tests.Binding.TypeConversionTests" name="Values_can_be_correctly_converted_to_DateTime_without_the_parser_specifying_a_custom_converter" />
    </UnitTest>
    <UnitTest name="System.CommandLine.Tests.CommandExtensionsTests.Implicit_parsers_for_Parse_and_Invoke_do_not_affect_one_another" storage="c:\dev\command-line-api\src\system.commandline.tests\bin\debug\net462\system.commandline.tests.dll" id="9d740681-1cd0-c3e7-f798-909663e284ed">
      <Execution id="759c1e07-8889-4e3e-a13c-8c5bbce0b0e6" />
      <TestMethod codeBase="C:\dev\command-line-api\src\System.CommandLine.Tests\bin\Debug\net462\System.CommandLine.Tests.dll" adapterTypeName="executor://xunit/VsTestRunner2/net" className="System.CommandLine.Tests.CommandExtensionsTests" name="Implicit_parsers_for_Parse_and_Invoke_do_not_affect_one_another" />
    </UnitTest>
    <UnitTest name="System.CommandLine.Tests.ParserTests.Option_arguments_can_start_with_prefixes_that_make_them_look_like_options(input: &quot;-x:-y&quot;)" storage="c:\dev\command-line-api\src\system.commandline.tests\bin\debug\net462\system.commandline.tests.dll" id="b93f8aeb-f38d-be1c-b5ff-b1d0aa2f510b">
      <Execution id="389821e1-e6af-4814-92bf-99ddec630721" />
      <TestMethod codeBase="C:\dev\command-line-api\src\System.CommandLine.Tests\bin\Debug\net462\System.CommandLine.Tests.dll" adapterTypeName="executor://xunit/VsTestRunner2/net" className="System.CommandLine.Tests.ParserTests" name="Option_arguments_can_start_with_prefixes_that_make_them_look_like_options" />
    </UnitTest>
    <UnitTest name="System.CommandLine.Tests.Binding.TypeConversionTests.Command_argument_of_FileInfo_returns_null_when_argument_is_not_provided" storage="c:\dev\command-line-api\src\system.commandline.tests\bin\debug\net462\system.commandline.tests.dll" id="465009b0-7990-f5f5-8715-4dac05fe5d7c">
      <Execution id="efe6a037-c8f4-4ec1-a239-cf2884ae6f63" />
      <TestMethod codeBase="C:\dev\command-line-api\src\System.CommandLine.Tests\bin\Debug\net462\System.CommandLine.Tests.dll" adapterTypeName="executor://xunit/VsTestRunner2/net" className="System.CommandLine.Tests.Binding.TypeConversionTests" name="Command_argument_of_FileInfo_returns_null_when_argument_is_not_provided" />
    </UnitTest>
    <UnitTest name="System.CommandLine.Tests.ArgumentTests.Parse_extension_method_reuses_implicit_parser_instance" storage="c:\dev\command-line-api\src\system.commandline.tests\bin\debug\net462\system.commandline.tests.dll" id="5761ad12-f445-ce5c-3583-155df0ef31ed">
      <Execution id="2b9c31b3-6f2e-432b-989b-458c3eeaccad" />
      <TestMethod codeBase="C:\dev\command-line-api\src\System.CommandLine.Tests\bin\Debug\net462\System.CommandLine.Tests.dll" adapterTypeName="executor://xunit/VsTestRunner2/net" className="System.CommandLine.Tests.ArgumentTests" name="Parse_extension_method_reuses_implicit_parser_instance" />
    </UnitTest>
    <UnitTest name="System.CommandLine.Tests.ParserTests.Parsed_value_of_empty_string_arg_is_an_empty_string(arg1: &quot;--exec-prefix:&quot;, arg2: &quot;&quot;)" storage="c:\dev\command-line-api\src\system.commandline.tests\bin\debug\net462\system.commandline.tests.dll" id="e43fc2e6-ad81-e3cd-1cd5-86f5a42934b5">
      <Execution id="5f9b763d-0196-4766-a5ad-7883ac984c01" />
      <TestMethod codeBase="C:\dev\command-line-api\src\System.CommandLine.Tests\bin\Debug\net462\System.CommandLine.Tests.dll" adapterTypeName="executor://xunit/VsTestRunner2/net" className="System.CommandLine.Tests.ParserTests" name="Parsed_value_of_empty_string_arg_is_an_empty_string" />
    </UnitTest>
    <UnitTest name="System.CommandLine.Tests.Help.HelpBuilderTests.Usage_section_shows_arguments_if_there_are_arguments_for_command_when_there_is_one_argument(minArity: 0, maxArity: 2, expectedArgsUsage: &quot;[&lt;the-args&gt;...]&quot;)" storage="c:\dev\command-line-api\src\system.commandline.tests\bin\debug\net462\system.commandline.tests.dll" id="a32d0650-57c2-63c1-2f76-1167f23256bd">
      <Execution id="b1e470e4-6360-49a2-a059-6e81ce192db8" />
      <TestMethod codeBase="C:\dev\command-line-api\src\System.CommandLine.Tests\bin\Debug\net462\System.CommandLine.Tests.dll" adapterTypeName="executor://xunit/VsTestRunner2/net" className="System.CommandLine.Tests.Help.HelpBuilderTests" name="Usage_section_shows_arguments_if_there_are_arguments_for_command_when_there_is_one_argument" />
    </UnitTest>
    <UnitTest name="System.CommandLine.Tests.ArgumentTests+CustomParsing.Command_ArgumentResult_Parent_is_set_correctly_when_token_is_implicit" storage="c:\dev\command-line-api\src\system.commandline.tests\bin\debug\net462\system.commandline.tests.dll" id="52018b09-e82b-a347-1b76-85d0170b2341">
      <Execution id="eec8ccbf-78e7-43ea-95d7-3789a528ff56" />
      <TestMethod codeBase="C:\dev\command-line-api\src\System.CommandLine.Tests\bin\Debug\net462\System.CommandLine.Tests.dll" adapterTypeName="executor://xunit/VsTestRunner2/net" className="System.CommandLine.Tests.ArgumentTests+CustomParsing" name="Command_ArgumentResult_Parent_is_set_correctly_when_token_is_implicit" />
    </UnitTest>
    <UnitTest name="System.CommandLine.Tests.ParserTests.When_nested_commands_all_accept_arguments_then_the_nearest_captures_the_arguments" storage="c:\dev\command-line-api\src\system.commandline.tests\bin\debug\net462\system.commandline.tests.dll" id="051d0280-be2e-398f-282b-3aee381de8e1">
      <Execution id="13332b36-a053-44b6-830f-fc3fc3be0a99" />
      <TestMethod codeBase="C:\dev\command-line-api\src\System.CommandLine.Tests\bin\Debug\net462\System.CommandLine.Tests.dll" adapterTypeName="executor://xunit/VsTestRunner2/net" className="System.CommandLine.Tests.ParserTests" name="When_nested_commands_all_accept_arguments_then_the_nearest_captures_the_arguments" />
    </UnitTest>
    <UnitTest name="System.CommandLine.Tests.CompletionTests.Command_argument_completions_can_be_provided_using_a_delegate" storage="c:\dev\command-line-api\src\system.commandline.tests\bin\debug\net462\system.commandline.tests.dll" id="786033b0-08eb-d42c-f242-bf5cda23bcda">
      <Execution id="912e2f55-5fa1-431a-bcab-11863c39f6bb" />
      <TestMethod codeBase="C:\dev\command-line-api\src\System.CommandLine.Tests\bin\Debug\net462\System.CommandLine.Tests.dll" adapterTypeName="executor://xunit/VsTestRunner2/net" className="System.CommandLine.Tests.CompletionTests" name="Command_argument_completions_can_be_provided_using_a_delegate" />
    </UnitTest>
    <UnitTest name="System.CommandLine.Tests.Help.HelpBuilderTests+Customization.Option_can_fallback_to_default_when_customizing(conditionA: False, conditionB: False, expected: &quot;--option &lt;option&gt;\\s*description&quot;)" storage="c:\dev\command-line-api\src\system.commandline.tests\bin\debug\net462\system.commandline.tests.dll" id="da9aa09b-e172-f03d-e538-dafe7388fe6c">
      <Execution id="9e9ca0eb-2861-4db6-8970-ee6533ef85f4" />
      <TestMethod codeBase="C:\dev\command-line-api\src\System.CommandLine.Tests\bin\Debug\net462\System.CommandLine.Tests.dll" adapterTypeName="executor://xunit/VsTestRunner2/net" className="System.CommandLine.Tests.Help.HelpBuilderTests+Customization" name="Option_can_fallback_to_default_when_customizing" />
    </UnitTest>
    <UnitTest name="System.CommandLine.Tests.ParserTests.When_an_option_with_a_default_value_is_not_matched_then_the_option_can_still_be_accessed_as_though_it_had_been_applied" storage="c:\dev\command-line-api\src\system.commandline.tests\bin\debug\net462\system.commandline.tests.dll" id="73eb0c9e-c3f8-a788-f459-4182df886d5c">
      <Execution id="055cc497-0099-43c7-bd36-f3b9ad0b265c" />
      <TestMethod codeBase="C:\dev\command-line-api\src\System.CommandLine.Tests\bin\Debug\net462\System.CommandLine.Tests.dll" adapterTypeName="executor://xunit/VsTestRunner2/net" className="System.CommandLine.Tests.ParserTests" name="When_an_option_with_a_default_value_is_not_matched_then_the_option_can_still_be_accessed_as_though_it_had_been_applied" />
    </UnitTest>
    <UnitTest name="System.CommandLine.Tests.UseHelpTests.UseHelp_can_be_called_more_than_once_on_the_same_command_with_different_CommandLineBuilders(commandline: &quot;-h&quot;)" storage="c:\dev\command-line-api\src\system.commandline.tests\bin\debug\net462\system.commandline.tests.dll" id="dc67b81a-0ff9-5396-5820-5d0bd417e0c5">
      <Execution id="f8703e1a-ffb8-481e-89ba-3334fd3d35af" />
      <TestMethod codeBase="C:\dev\command-line-api\src\System.CommandLine.Tests\bin\Debug\net462\System.CommandLine.Tests.dll" adapterTypeName="executor://xunit/VsTestRunner2/net" className="System.CommandLine.Tests.UseHelpTests" name="UseHelp_can_be_called_more_than_once_on_the_same_command_with_different_CommandLineBuilders" />
    </UnitTest>
    <UnitTest name="System.CommandLine.Tests.VersionOptionTests.Version_not_added_if_it_exists" storage="c:\dev\command-line-api\src\system.commandline.tests\bin\debug\net462\system.commandline.tests.dll" id="62ac9d11-d9a5-de45-2781-253dce2f4ed4">
      <Execution id="a64a41b2-aa9a-45f2-bd5f-59e4d0b12a02" />
      <TestMethod codeBase="C:\dev\command-line-api\src\System.CommandLine.Tests\bin\Debug\net462\System.CommandLine.Tests.dll" adapterTypeName="executor://xunit/VsTestRunner2/net" className="System.CommandLine.Tests.VersionOptionTests" name="Version_not_added_if_it_exists" />
    </UnitTest>
    <UnitTest name="System.CommandLine.Tests.CompletionTests.Command_GetCompletions_returns_available_option_aliases_for_global_options" storage="c:\dev\command-line-api\src\system.commandline.tests\bin\debug\net462\system.commandline.tests.dll" id="825486bc-3492-c2ac-63c3-be219ddeecf8">
      <Execution id="1398a39d-8143-45bb-8055-9e6104a93bab" />
      <TestMethod codeBase="C:\dev\command-line-api\src\System.CommandLine.Tests\bin\Debug\net462\System.CommandLine.Tests.dll" adapterTypeName="executor://xunit/VsTestRunner2/net" className="System.CommandLine.Tests.CompletionTests" name="Command_GetCompletions_returns_available_option_aliases_for_global_options" />
    </UnitTest>
    <UnitTest name="System.CommandLine.Tests.CommandLineConfigurationTests.ThrowIfInvalid_throws_if_sibling_command_and_option_aliases_collide_on_the_root_command" storage="c:\dev\command-line-api\src\system.commandline.tests\bin\debug\net462\system.commandline.tests.dll" id="dc63a283-10d4-0e0c-d622-3c0d87694860">
      <Execution id="82d8aaf0-7ad3-40c0-bdf4-11908968bc08" />
      <TestMethod codeBase="C:\dev\command-line-api\src\System.CommandLine.Tests\bin\Debug\net462\System.CommandLine.Tests.dll" adapterTypeName="executor://xunit/VsTestRunner2/net" className="System.CommandLine.Tests.CommandLineConfigurationTests" name="ThrowIfInvalid_throws_if_sibling_command_and_option_aliases_collide_on_the_root_command" />
    </UnitTest>
    <UnitTest name="System.CommandLine.Tests.Parsing.CommandLineStringSplitterTests.It_splits_strings_based_on_whitespace(commandLine: &quot; one two three   four&quot;)" storage="c:\dev\command-line-api\src\system.commandline.tests\bin\debug\net462\system.commandline.tests.dll" id="6e7ccdb1-0215-699b-1013-1247564dd82b">
      <Execution id="9163c1f4-7d4a-42b2-9396-c1eaaab4869b" />
      <TestMethod codeBase="C:\dev\command-line-api\src\System.CommandLine.Tests\bin\Debug\net462\System.CommandLine.Tests.dll" adapterTypeName="executor://xunit/VsTestRunner2/net" className="System.CommandLine.Tests.Parsing.CommandLineStringSplitterTests" name="It_splits_strings_based_on_whitespace" />
    </UnitTest>
    <UnitTest name="System.CommandLine.Tests.ParserTests.When_an_option_argument_is_enclosed_in_double_quotes_its_value_retains_the_quotes(arg1: &quot;-x&quot;, arg2: &quot;\&quot;\&quot;&quot;)" storage="c:\dev\command-line-api\src\system.commandline.tests\bin\debug\net462\system.commandline.tests.dll" id="7997f320-b0fc-f6e6-7137-1aed29fae045">
      <Execution id="6c9ed436-a178-4f15-be3c-7b998de6f468" />
      <TestMethod codeBase="C:\dev\command-line-api\src\System.CommandLine.Tests\bin\Debug\net462\System.CommandLine.Tests.dll" adapterTypeName="executor://xunit/VsTestRunner2/net" className="System.CommandLine.Tests.ParserTests" name="When_an_option_argument_is_enclosed_in_double_quotes_its_value_retains_the_quotes" />
    </UnitTest>
    <UnitTest name="System.CommandLine.Tests.OptionTests.Option_of_string_defaults_to_null_when_not_specified" storage="c:\dev\command-line-api\src\system.commandline.tests\bin\debug\net462\system.commandline.tests.dll" id="760a0efe-6b0e-95e5-8580-5bc4fb438620">
      <Execution id="dfeb85e1-25ff-4a6b-b185-9b26dfddf1a6" />
      <TestMethod codeBase="C:\dev\command-line-api\src\System.CommandLine.Tests\bin\Debug\net462\System.CommandLine.Tests.dll" adapterTypeName="executor://xunit/VsTestRunner2/net" className="System.CommandLine.Tests.OptionTests" name="Option_of_string_defaults_to_null_when_not_specified" />
    </UnitTest>
    <UnitTest name="System.CommandLine.Tests.Help.HelpBuilderTests.Required_options_are_indicated_when_argument_is_named" storage="c:\dev\command-line-api\src\system.commandline.tests\bin\debug\net462\system.commandline.tests.dll" id="58d210c6-7a24-5545-edfd-63dc3da81c21">
      <Execution id="fd7d845f-2e6c-4f2d-9634-831c4e7fb9bd" />
      <TestMethod codeBase="C:\dev\command-line-api\src\System.CommandLine.Tests\bin\Debug\net462\System.CommandLine.Tests.dll" adapterTypeName="executor://xunit/VsTestRunner2/net" className="System.CommandLine.Tests.Help.HelpBuilderTests" name="Required_options_are_indicated_when_argument_is_named" />
    </UnitTest>
    <UnitTest name="System.CommandLine.Tests.CompletionTests.Option_GetCompletions_are_not_provided_without_matching_prefix" storage="c:\dev\command-line-api\src\system.commandline.tests\bin\debug\net462\system.commandline.tests.dll" id="e120f455-db5b-9cf6-e978-84ea15158a22">
      <Execution id="6b04cebe-e5fb-4427-9808-879f2a75c1a8" />
      <TestMethod codeBase="C:\dev\command-line-api\src\System.CommandLine.Tests\bin\Debug\net462\System.CommandLine.Tests.dll" adapterTypeName="executor://xunit/VsTestRunner2/net" className="System.CommandLine.Tests.CompletionTests" name="Option_GetCompletions_are_not_provided_without_matching_prefix" />
    </UnitTest>
    <UnitTest name="System.CommandLine.Tests.ParserTests.Short_form_options_can_be_specified_using_equals_delimiter" storage="c:\dev\command-line-api\src\system.commandline.tests\bin\debug\net462\system.commandline.tests.dll" id="ad039325-0b11-7ea3-4516-4f081d0ec34c">
      <Execution id="02fccfc0-e492-4648-ae25-ae314586f479" />
      <TestMethod codeBase="C:\dev\command-line-api\src\System.CommandLine.Tests\bin\Debug\net462\System.CommandLine.Tests.dll" adapterTypeName="executor://xunit/VsTestRunner2/net" className="System.CommandLine.Tests.ParserTests" name="Short_form_options_can_be_specified_using_equals_delimiter" />
    </UnitTest>
    <UnitTest name="System.CommandLine.Tests.ParseDiagramTests.Parse_result_diagram_helps_explain_parse_operation" storage="c:\dev\command-line-api\src\system.commandline.tests\bin\debug\net462\system.commandline.tests.dll" id="4262e7d9-138f-c86b-f60b-a6e003110daa">
      <Execution id="26322307-e23e-4f1b-a539-0ff6d80dfac4" />
      <TestMethod codeBase="C:\dev\command-line-api\src\System.CommandLine.Tests\bin\Debug\net462\System.CommandLine.Tests.dll" adapterTypeName="executor://xunit/VsTestRunner2/net" className="System.CommandLine.Tests.ParseDiagramTests" name="Parse_result_diagram_helps_explain_parse_operation" />
    </UnitTest>
    <UnitTest name="System.CommandLine.Tests.ParseDirectiveTests.When_there_are_errors_then_parse_directive_sets_exit_code_to_custom_value" storage="c:\dev\command-line-api\src\system.commandline.tests\bin\debug\net462\system.commandline.tests.dll" id="7c07edce-b11f-3d48-e835-f3d0173acbae">
      <Execution id="56e9cd7f-3636-4147-bc59-4e9964a54792" />
      <TestMethod codeBase="C:\dev\command-line-api\src\System.CommandLine.Tests\bin\Debug\net462\System.CommandLine.Tests.dll" adapterTypeName="executor://xunit/VsTestRunner2/net" className="System.CommandLine.Tests.ParseDirectiveTests" name="When_there_are_errors_then_parse_directive_sets_exit_code_to_custom_value" />
    </UnitTest>
    <UnitTest name="System.CommandLine.Tests.ParserTests.Parser_root_Options_can_be_specified_multiple_times_and_their_arguments_are_collated" storage="c:\dev\command-line-api\src\system.commandline.tests\bin\debug\net462\system.commandline.tests.dll" id="d53be94b-d1a9-07ef-7bd9-7359cadbb90f">
      <Execution id="65218ad5-37ad-4c84-8ca4-09b5815af319" />
      <TestMethod codeBase="C:\dev\command-line-api\src\System.CommandLine.Tests\bin\Debug\net462\System.CommandLine.Tests.dll" adapterTypeName="executor://xunit/VsTestRunner2/net" className="System.CommandLine.Tests.ParserTests" name="Parser_root_Options_can_be_specified_multiple_times_and_their_arguments_are_collated" />
    </UnitTest>
    <UnitTest name="System.CommandLine.Tests.ParserTests.Options_only_apply_to_the_nearest_command" storage="c:\dev\command-line-api\src\system.commandline.tests\bin\debug\net462\system.commandline.tests.dll" id="d03067b8-44ab-05ac-e653-136e27c562c8">
      <Execution id="7d7674c2-5ad8-48fd-9bb2-11f0935a662c" />
      <TestMethod codeBase="C:\dev\command-line-api\src\System.CommandLine.Tests\bin\Debug\net462\System.CommandLine.Tests.dll" adapterTypeName="executor://xunit/VsTestRunner2/net" className="System.CommandLine.Tests.ParserTests" name="Options_only_apply_to_the_nearest_command" />
    </UnitTest>
    <UnitTest name="System.CommandLine.Tests.Binding.TypeConversionTests.Values_can_be_correctly_converted_to_nullable_double_without_the_parser_specifying_a_custom_converter" storage="c:\dev\command-line-api\src\system.commandline.tests\bin\debug\net462\system.commandline.tests.dll" id="89c08d51-9dad-2986-2e21-2c9929394f24">
      <Execution id="0d7680a5-4232-43da-812c-27174fb76476" />
      <TestMethod codeBase="C:\dev\command-line-api\src\System.CommandLine.Tests\bin\Debug\net462\System.CommandLine.Tests.dll" adapterTypeName="executor://xunit/VsTestRunner2/net" className="System.CommandLine.Tests.Binding.TypeConversionTests" name="Values_can_be_correctly_converted_to_nullable_double_without_the_parser_specifying_a_custom_converter" />
    </UnitTest>
    <UnitTest name="System.CommandLine.Tests.OptionTests.When_an_option_alias_is_added_and_contains_whitespace_then_an_informative_error_is_returned(alias: &quot;--aa aa&quot;)" storage="c:\dev\command-line-api\src\system.commandline.tests\bin\debug\net462\system.commandline.tests.dll" id="67ac82e4-644c-66d1-7918-3cf1f8d6c562">
      <Execution id="ecfffa60-c63e-4d6e-adbf-6e8db1669b3b" />
      <TestMethod codeBase="C:\dev\command-line-api\src\System.CommandLine.Tests\bin\Debug\net462\System.CommandLine.Tests.dll" adapterTypeName="executor://xunit/VsTestRunner2/net" className="System.CommandLine.Tests.OptionTests" name="When_an_option_alias_is_added_and_contains_whitespace_then_an_informative_error_is_returned" />
    </UnitTest>
    <UnitTest name="System.CommandLine.Tests.UseExceptionHandlerTests.UseExceptionHandler_catches_command_handler_exceptions_and_sets_result_code_to_1" storage="c:\dev\command-line-api\src\system.commandline.tests\bin\debug\net462\system.commandline.tests.dll" id="3292e858-037d-15c3-5f6f-c7d347cb25e6">
      <Execution id="df5b4a7d-1d2b-47b2-92aa-8ad00c0a5bbf" />
      <TestMethod codeBase="C:\dev\command-line-api\src\System.CommandLine.Tests\bin\Debug\net462\System.CommandLine.Tests.dll" adapterTypeName="executor://xunit/VsTestRunner2/net" className="System.CommandLine.Tests.UseExceptionHandlerTests" name="UseExceptionHandler_catches_command_handler_exceptions_and_sets_result_code_to_1" />
    </UnitTest>
    <UnitTest name="System.CommandLine.Tests.CommandTests.When_Options_is_referenced_before_a_global_option_is_added_then_adding_a_global_option_updates_the_Options_collection" storage="c:\dev\command-line-api\src\system.commandline.tests\bin\debug\net462\system.commandline.tests.dll" id="eb0c3112-4b4d-3f89-9dd7-ff5efd9eff93">
      <Execution id="5ea1ae40-9ca2-4dfc-9640-cfe75898c507" />
      <TestMethod codeBase="C:\dev\command-line-api\src\System.CommandLine.Tests\bin\Debug\net462\System.CommandLine.Tests.dll" adapterTypeName="executor://xunit/VsTestRunner2/net" className="System.CommandLine.Tests.CommandTests" name="When_Options_is_referenced_before_a_global_option_is_added_then_adding_a_global_option_updates_the_Options_collection" />
    </UnitTest>
    <UnitTest name="System.CommandLine.Tests.CommandExtensionsTests.Command_Invoke_can_be_called_more_than_once_for_the_same_command" storage="c:\dev\command-line-api\src\system.commandline.tests\bin\debug\net462\system.commandline.tests.dll" id="3f6a338b-a9ad-1e6b-1857-a3cdb7212cc8">
      <Execution id="805ddabc-602e-4650-8e4d-493d74514643" />
      <TestMethod codeBase="C:\dev\command-line-api\src\System.CommandLine.Tests\bin\Debug\net462\System.CommandLine.Tests.dll" adapterTypeName="executor://xunit/VsTestRunner2/net" className="System.CommandLine.Tests.CommandExtensionsTests" name="Command_Invoke_can_be_called_more_than_once_for_the_same_command" />
    </UnitTest>
    <UnitTest name="System.CommandLine.Tests.ArgumentTests+CustomParsing.GetDefaultValue_returns_null_when_parse_delegate_returns_true_without_setting_a_value" storage="c:\dev\command-line-api\src\system.commandline.tests\bin\debug\net462\system.commandline.tests.dll" id="6c177ce0-4aee-ec4f-3402-143bf0a901e4">
      <Execution id="be6ecf26-5436-4325-bb77-1c9a4818a294" />
      <TestMethod codeBase="C:\dev\command-line-api\src\System.CommandLine.Tests\bin\Debug\net462\System.CommandLine.Tests.dll" adapterTypeName="executor://xunit/VsTestRunner2/net" className="System.CommandLine.Tests.ArgumentTests+CustomParsing" name="GetDefaultValue_returns_null_when_parse_delegate_returns_true_without_setting_a_value" />
    </UnitTest>
    <UnitTest name="System.CommandLine.Tests.DirectiveTests.Directives_should_parse_into_the_directives_collection" storage="c:\dev\command-line-api\src\system.commandline.tests\bin\debug\net462\system.commandline.tests.dll" id="313e2743-f25e-8a4e-f804-7f69b7bb4144">
      <Execution id="a8a142b2-ac81-4629-8e3f-ef4ac96743b2" />
      <TestMethod codeBase="C:\dev\command-line-api\src\System.CommandLine.Tests\bin\Debug\net462\System.CommandLine.Tests.dll" adapterTypeName="executor://xunit/VsTestRunner2/net" className="System.CommandLine.Tests.DirectiveTests" name="Directives_should_parse_into_the_directives_collection" />
    </UnitTest>
    <UnitTest name="System.CommandLine.Tests.ParsingValidationTests+FileNameValidity.LegalFileNamesOnly_accepts_command_arguments_containing_valid_file_name_characters" storage="c:\dev\command-line-api\src\system.commandline.tests\bin\debug\net462\system.commandline.tests.dll" id="93b5b853-f286-b5b6-6f48-1a7fbeab427c">
      <Execution id="46dc5a59-7029-42bc-befe-89aa3694e5d5" />
      <TestMethod codeBase="C:\dev\command-line-api\src\System.CommandLine.Tests\bin\Debug\net462\System.CommandLine.Tests.dll" adapterTypeName="executor://xunit/VsTestRunner2/net" className="System.CommandLine.Tests.ParsingValidationTests+FileNameValidity" name="LegalFileNamesOnly_accepts_command_arguments_containing_valid_file_name_characters" />
    </UnitTest>
    <UnitTest name="System.CommandLine.Tests.Help.HelpBuilderTests.Usage_section_does_not_show_additional_arguments_when_TreatUnmatchedTokensAsErrors_is_true" storage="c:\dev\command-line-api\src\system.commandline.tests\bin\debug\net462\system.commandline.tests.dll" id="23f65ddb-48bd-ab0f-a4c6-3e77a62d19e7">
      <Execution id="f2d2c34f-969d-4d05-a8c5-c2c25d80d8a4" />
      <TestMethod codeBase="C:\dev\command-line-api\src\System.CommandLine.Tests\bin\Debug\net462\System.CommandLine.Tests.dll" adapterTypeName="executor://xunit/VsTestRunner2/net" className="System.CommandLine.Tests.Help.HelpBuilderTests" name="Usage_section_does_not_show_additional_arguments_when_TreatUnmatchedTokensAsErrors_is_true" />
    </UnitTest>
    <UnitTest name="System.CommandLine.Tests.Help.HelpBuilderTests.Arguments_section_properly_wraps_description" storage="c:\dev\command-line-api\src\system.commandline.tests\bin\debug\net462\system.commandline.tests.dll" id="e6ea05e9-e6cb-4024-ad1f-c04385487810">
      <Execution id="6e9276d3-2fd8-43b3-b3f0-d9ee5f27db66" />
      <TestMethod codeBase="C:\dev\command-line-api\src\System.CommandLine.Tests\bin\Debug\net462\System.CommandLine.Tests.dll" adapterTypeName="executor://xunit/VsTestRunner2/net" className="System.CommandLine.Tests.Help.HelpBuilderTests" name="Arguments_section_properly_wraps_description" />
    </UnitTest>
    <UnitTest name="System.CommandLine.Tests.Help.HelpBuilderTests.Usage_section_keeps_added_newlines" storage="c:\dev\command-line-api\src\system.commandline.tests\bin\debug\net462\system.commandline.tests.dll" id="28726830-9487-eaeb-43fc-0a4c2ca6251a">
      <Execution id="6e2f2f32-ea0f-492e-b3bf-891a6c33ebbe" />
      <TestMethod codeBase="C:\dev\command-line-api\src\System.CommandLine.Tests\bin\Debug\net462\System.CommandLine.Tests.dll" adapterTypeName="executor://xunit/VsTestRunner2/net" className="System.CommandLine.Tests.Help.HelpBuilderTests" name="Usage_section_keeps_added_newlines" />
    </UnitTest>
    <UnitTest name="System.CommandLine.Tests.SuggestDirectiveTests.It_writes_suggestions_for_option_aliases_under_root_command(input: &quot;[suggest] &quot;)" storage="c:\dev\command-line-api\src\system.commandline.tests\bin\debug\net462\system.commandline.tests.dll" id="b0e8f779-33ae-e8f6-468e-f14809498c24">
      <Execution id="fbc4dc8d-c614-4031-8380-bbd5d8b5a453" />
      <TestMethod codeBase="C:\dev\command-line-api\src\System.CommandLine.Tests\bin\Debug\net462\System.CommandLine.Tests.dll" adapterTypeName="executor://xunit/VsTestRunner2/net" className="System.CommandLine.Tests.SuggestDirectiveTests" name="It_writes_suggestions_for_option_aliases_under_root_command" />
    </UnitTest>
    <UnitTest name="System.CommandLine.Tests.ParserTests+MultiplePositions.When_an_option_is_shared_between_an_outer_and_inner_command_then_specifying_in_one_does_not_result_in_error_on_other(commandLine: &quot;outer inner --the-option xyz&quot;)" storage="c:\dev\command-line-api\src\system.commandline.tests\bin\debug\net462\system.commandline.tests.dll" id="f4e37fc4-f7af-1ec1-4fde-72c121206c68">
      <Execution id="ffc8ab90-83de-45fe-8006-b03c30083a28" />
      <TestMethod codeBase="C:\dev\command-line-api\src\System.CommandLine.Tests\bin\Debug\net462\System.CommandLine.Tests.dll" adapterTypeName="executor://xunit/VsTestRunner2/net" className="System.CommandLine.Tests.ParserTests+MultiplePositions" name="When_an_option_is_shared_between_an_outer_and_inner_command_then_specifying_in_one_does_not_result_in_error_on_other" />
    </UnitTest>
    <UnitTest name="System.CommandLine.Tests.OptionTests.Option_T_default_value_factory_can_be_set_after_instantiation" storage="c:\dev\command-line-api\src\system.commandline.tests\bin\debug\net462\system.commandline.tests.dll" id="fa6818b5-b1ab-b724-ae49-55e3c66d5cdc">
      <Execution id="d1527624-3249-479d-8a89-5948a53e8fb6" />
      <TestMethod codeBase="C:\dev\command-line-api\src\System.CommandLine.Tests\bin\Debug\net462\System.CommandLine.Tests.dll" adapterTypeName="executor://xunit/VsTestRunner2/net" className="System.CommandLine.Tests.OptionTests" name="Option_T_default_value_factory_can_be_set_after_instantiation" />
    </UnitTest>
    <UnitTest name="System.CommandLine.Tests.CommandTests.ParseResult_Command_identifies_innermost_command(input: &quot;outer inner&quot;, expectedCommand: &quot;inner&quot;)" storage="c:\dev\command-line-api\src\system.commandline.tests\bin\debug\net462\system.commandline.tests.dll" id="68c365fa-59cc-ff58-37dc-1bd6b9f6491f">
      <Execution id="e052817a-c9c2-4a7b-ae89-3202de875d16" />
      <TestMethod codeBase="C:\dev\command-line-api\src\System.CommandLine.Tests\bin\Debug\net462\System.CommandLine.Tests.dll" adapterTypeName="executor://xunit/VsTestRunner2/net" className="System.CommandLine.Tests.CommandTests" name="ParseResult_Command_identifies_innermost_command" />
    </UnitTest>
    <UnitTest name="System.CommandLine.Tests.ParserTests.When_an_option_argument_is_enclosed_in_double_quotes_its_value_retains_the_quotes(arg1: &quot;-x=&quot;, arg2: &quot;\&quot;\&quot;&quot;)" storage="c:\dev\command-line-api\src\system.commandline.tests\bin\debug\net462\system.commandline.tests.dll" id="1f1ad0e5-b487-0910-96c9-43bf9024432e">
      <Execution id="f253842b-cb52-4d83-887e-b3fae557008e" />
      <TestMethod codeBase="C:\dev\command-line-api\src\System.CommandLine.Tests\bin\Debug\net462\System.CommandLine.Tests.dll" adapterTypeName="executor://xunit/VsTestRunner2/net" className="System.CommandLine.Tests.ParserTests" name="When_an_option_argument_is_enclosed_in_double_quotes_its_value_retains_the_quotes" />
    </UnitTest>
    <UnitTest name="System.CommandLine.Tests.ParsingValidationTests.When_FromAmong_is_used_then_the_ArgumentResult_ErrorMessage_is_set" storage="c:\dev\command-line-api\src\system.commandline.tests\bin\debug\net462\system.commandline.tests.dll" id="d3e6b30a-398a-067b-2c7a-0956945ff11d">
      <Execution id="db18cb88-53a9-494b-9d23-e7a329ea7a90" />
      <TestMethod codeBase="C:\dev\command-line-api\src\System.CommandLine.Tests\bin\Debug\net462\System.CommandLine.Tests.dll" adapterTypeName="executor://xunit/VsTestRunner2/net" className="System.CommandLine.Tests.ParsingValidationTests" name="When_FromAmong_is_used_then_the_ArgumentResult_ErrorMessage_is_set" />
    </UnitTest>
    <UnitTest name="System.CommandLine.Tests.OptionTests.When_an_option_is_created_with_an_alias_that_contains_whitespace_then_an_informative_error_is_returned(alias: &quot;-x &quot;)" storage="c:\dev\command-line-api\src\system.commandline.tests\bin\debug\net462\system.commandline.tests.dll" id="207c519c-ade4-1312-faba-011d74975c82">
      <Execution id="16bb445a-0f01-4683-99f8-803f0ac73f98" />
      <TestMethod codeBase="C:\dev\command-line-api\src\System.CommandLine.Tests\bin\Debug\net462\System.CommandLine.Tests.dll" adapterTypeName="executor://xunit/VsTestRunner2/net" className="System.CommandLine.Tests.OptionTests" name="When_an_option_is_created_with_an_alias_that_contains_whitespace_then_an_informative_error_is_returned" />
    </UnitTest>
    <UnitTest name="System.CommandLine.Tests.ParserTests+MultipleArguments.When_multiple_arguments_are_present_then_their_order_relative_to_sibling_options_is_not_significant(commandLine: &quot;one two three four --verbose five&quot;)" storage="c:\dev\command-line-api\src\system.commandline.tests\bin\debug\net462\system.commandline.tests.dll" id="e434ad10-1c4a-59ac-1671-2adc840f11df">
      <Execution id="29aca22b-0d84-4d2f-b74d-28ffd0ec3b13" />
      <TestMethod codeBase="C:\dev\command-line-api\src\System.CommandLine.Tests\bin\Debug\net462\System.CommandLine.Tests.dll" adapterTypeName="executor://xunit/VsTestRunner2/net" className="System.CommandLine.Tests.ParserTests+MultipleArguments" name="When_multiple_arguments_are_present_then_their_order_relative_to_sibling_options_is_not_significant" />
    </UnitTest>
    <UnitTest name="System.CommandLine.Tests.Invocation.TypoCorrectionTests.When_command_is_mistyped_it_is_suggested" storage="c:\dev\command-line-api\src\system.commandline.tests\bin\debug\net462\system.commandline.tests.dll" id="b6d2c8b0-9169-4b71-d4bc-1eaebd49c309">
      <Execution id="ca3b841e-dd5c-442e-83a3-6246b893f3a3" />
      <TestMethod codeBase="C:\dev\command-line-api\src\System.CommandLine.Tests\bin\Debug\net462\System.CommandLine.Tests.dll" adapterTypeName="executor://xunit/VsTestRunner2/net" className="System.CommandLine.Tests.Invocation.TypoCorrectionTests" name="When_command_is_mistyped_it_is_suggested" />
    </UnitTest>
    <UnitTest name="System.CommandLine.Tests.ArgumentTests.When_Name_is_explicitly_set_then_adding_aliases_does_not_change_it" storage="c:\dev\command-line-api\src\system.commandline.tests\bin\debug\net462\system.commandline.tests.dll" id="09840a9b-8dd6-34ee-6ef0-5434187f9bd4">
      <Execution id="7b5a5881-596e-4aa8-8645-e8e0dee0d012" />
      <TestMethod codeBase="C:\dev\command-line-api\src\System.CommandLine.Tests\bin\Debug\net462\System.CommandLine.Tests.dll" adapterTypeName="executor://xunit/VsTestRunner2/net" className="System.CommandLine.Tests.ArgumentTests" name="When_Name_is_explicitly_set_then_adding_aliases_does_not_change_it" />
    </UnitTest>
    <UnitTest name="System.CommandLine.Tests.ResponseFileTests.When_response_file_parse_as_space_separated_returns_expected_values(input: &quot;--flag=\&quot;first value\&quot; --flag2=123&quot;)" storage="c:\dev\command-line-api\src\system.commandline.tests\bin\debug\net462\system.commandline.tests.dll" id="55d2f6c7-242f-6dce-26fe-43a69169c5cd">
      <Execution id="8b27c7a6-7e8c-4369-997b-d31eea1fb526" />
      <TestMethod codeBase="C:\dev\command-line-api\src\System.CommandLine.Tests\bin\Debug\net462\System.CommandLine.Tests.dll" adapterTypeName="executor://xunit/VsTestRunner2/net" className="System.CommandLine.Tests.ResponseFileTests" name="When_response_file_parse_as_space_separated_returns_expected_values" />
    </UnitTest>
    <UnitTest name="System.CommandLine.Tests.ParserTests+MultipleArguments.When_multiple_arguments_are_present_then_their_order_relative_to_sibling_options_is_not_significant(commandLine: &quot;one two --verbose true three four five&quot;)" storage="c:\dev\command-line-api\src\system.commandline.tests\bin\debug\net462\system.commandline.tests.dll" id="508300a0-833a-5946-872b-c7161fbce9d1">
      <Execution id="0215d87c-573e-4bb6-9dad-12a8fe00bee8" />
      <TestMethod codeBase="C:\dev\command-line-api\src\System.CommandLine.Tests\bin\Debug\net462\System.CommandLine.Tests.dll" adapterTypeName="executor://xunit/VsTestRunner2/net" className="System.CommandLine.Tests.ParserTests+MultipleArguments" name="When_multiple_arguments_are_present_then_their_order_relative_to_sibling_options_is_not_significant" />
    </UnitTest>
    <UnitTest name="System.CommandLine.Tests.CommandTests.When_a_command_alias_is_added_and_contains_whitespace_then_an_informative_error_is_returned(alias: &quot;aa aa&quot;)" storage="c:\dev\command-line-api\src\system.commandline.tests\bin\debug\net462\system.commandline.tests.dll" id="68e55109-2a7d-56b8-8447-905f309cbed2">
      <Execution id="b56ca8ca-f8e4-4ddf-ac4c-9fa585a54bc8" />
      <TestMethod codeBase="C:\dev\command-line-api\src\System.CommandLine.Tests\bin\Debug\net462\System.CommandLine.Tests.dll" adapterTypeName="executor://xunit/VsTestRunner2/net" className="System.CommandLine.Tests.CommandTests" name="When_a_command_alias_is_added_and_contains_whitespace_then_an_informative_error_is_returned" />
    </UnitTest>
    <UnitTest name="System.CommandLine.Tests.Binding.TypeConversionTests.Values_can_be_correctly_converted_to_nullable_ulong_without_the_parser_specifying_a_custom_converter" storage="c:\dev\command-line-api\src\system.commandline.tests\bin\debug\net462\system.commandline.tests.dll" id="9710df6f-7afc-54b9-8fa2-058c477a15ac">
      <Execution id="57f9eb01-2594-4401-b2b9-e9d28dd0f13b" />
      <TestMethod codeBase="C:\dev\command-line-api\src\System.CommandLine.Tests\bin\Debug\net462\System.CommandLine.Tests.dll" adapterTypeName="executor://xunit/VsTestRunner2/net" className="System.CommandLine.Tests.Binding.TypeConversionTests" name="Values_can_be_correctly_converted_to_nullable_ulong_without_the_parser_specifying_a_custom_converter" />
    </UnitTest>
    <UnitTest name="System.CommandLine.Tests.ParserTests+MultipleArguments.When_multiple_arguments_are_present_then_their_order_relative_to_sibling_options_is_not_significant(commandLine: &quot;one two three four --verbose true five&quot;)" storage="c:\dev\command-line-api\src\system.commandline.tests\bin\debug\net462\system.commandline.tests.dll" id="cdf8f6c5-3190-22c4-12b5-d39e5ff4b4c4">
      <Execution id="26efb71e-8e5f-4eb9-be00-a8017b582610" />
      <TestMethod codeBase="C:\dev\command-line-api\src\System.CommandLine.Tests\bin\Debug\net462\System.CommandLine.Tests.dll" adapterTypeName="executor://xunit/VsTestRunner2/net" className="System.CommandLine.Tests.ParserTests+MultipleArguments" name="When_multiple_arguments_are_present_then_their_order_relative_to_sibling_options_is_not_significant" />
    </UnitTest>
    <UnitTest name="System.CommandLine.Tests.CompletionTests.When_a_subcommand_has_been_specified_then_its_child_options_will_be_suggested" storage="c:\dev\command-line-api\src\system.commandline.tests\bin\debug\net462\system.commandline.tests.dll" id="937ce516-625e-959e-a419-60a747e35e75">
      <Execution id="72bddc9e-39e0-4163-8c41-43398e4a69ef" />
      <TestMethod codeBase="C:\dev\command-line-api\src\System.CommandLine.Tests\bin\Debug\net462\System.CommandLine.Tests.dll" adapterTypeName="executor://xunit/VsTestRunner2/net" className="System.CommandLine.Tests.CompletionTests" name="When_a_subcommand_has_been_specified_then_its_child_options_will_be_suggested" />
    </UnitTest>
    <UnitTest name="System.CommandLine.Tests.ParsingValidationTests.When_a_required_option_is_allowed_at_more_than_one_position_it_only_needs_to_be_satisfied_in_one(commandLine: &quot;-x arg subcommand&quot;)" storage="c:\dev\command-line-api\src\system.commandline.tests\bin\debug\net462\system.commandline.tests.dll" id="ef6c779e-dde0-7973-4a96-afcb357d4861">
      <Execution id="72a7a0af-71ed-491a-8725-30f3b7fb0c11" />
      <TestMethod codeBase="C:\dev\command-line-api\src\System.CommandLine.Tests\bin\Debug\net462\System.CommandLine.Tests.dll" adapterTypeName="executor://xunit/VsTestRunner2/net" className="System.CommandLine.Tests.ParsingValidationTests" name="When_a_required_option_is_allowed_at_more_than_one_position_it_only_needs_to_be_satisfied_in_one" />
    </UnitTest>
    <UnitTest name="System.CommandLine.Tests.ParserTests.Boolean_options_are_not_greedy(commandLine: &quot;-x=true -y:true&quot;)" storage="c:\dev\command-line-api\src\system.commandline.tests\bin\debug\net462\system.commandline.tests.dll" id="87135aab-d871-0ffe-5ec3-989ec3bf5c44">
      <Execution id="8e70c394-cc61-4adc-8849-ab3c7f3c1dad" />
      <TestMethod codeBase="C:\dev\command-line-api\src\System.CommandLine.Tests\bin\Debug\net462\System.CommandLine.Tests.dll" adapterTypeName="executor://xunit/VsTestRunner2/net" className="System.CommandLine.Tests.ParserTests" name="Boolean_options_are_not_greedy" />
    </UnitTest>
    <UnitTest name="System.CommandLine.Tests.CommandTests.When_a_command_is_created_with_an_alias_that_contains_whitespace_then_an_informative_error_is_returned(alias: &quot;aa aa&quot;)" storage="c:\dev\command-line-api\src\system.commandline.tests\bin\debug\net462\system.commandline.tests.dll" id="472a7af0-91e3-8057-b091-26378ec50b80">
      <Execution id="1d1e1b51-aa67-4de7-8a37-d38da7855af1" />
      <TestMethod codeBase="C:\dev\command-line-api\src\System.CommandLine.Tests\bin\Debug\net462\System.CommandLine.Tests.dll" adapterTypeName="executor://xunit/VsTestRunner2/net" className="System.CommandLine.Tests.CommandTests" name="When_a_command_is_created_with_an_alias_that_contains_whitespace_then_an_informative_error_is_returned" />
    </UnitTest>
    <UnitTest name="System.CommandLine.Tests.ParserTests.Options_can_be_specified_multiple_times_and_their_arguments_are_collated" storage="c:\dev\command-line-api\src\system.commandline.tests\bin\debug\net462\system.commandline.tests.dll" id="2900f02f-c4e6-329b-2aa6-b55e55fbb8f9">
      <Execution id="991c536d-bfc3-4bcf-864a-f61ccfb2cdb0" />
      <TestMethod codeBase="C:\dev\command-line-api\src\System.CommandLine.Tests\bin\Debug\net462\System.CommandLine.Tests.dll" adapterTypeName="executor://xunit/VsTestRunner2/net" className="System.CommandLine.Tests.ParserTests" name="Options_can_be_specified_multiple_times_and_their_arguments_are_collated" />
    </UnitTest>
    <UnitTest name="System.CommandLine.Tests.CommandTests.ParseResult_Command_identifies_innermost_command(input: &quot;outer inner arg inner-er&quot;, expectedCommand: &quot;inner-er&quot;)" storage="c:\dev\command-line-api\src\system.commandline.tests\bin\debug\net462\system.commandline.tests.dll" id="1d988a50-8ab9-6e95-67d1-cfdbed0e3055">
      <Execution id="1be680b6-c2cc-4441-b3b0-f0b565779d5d" />
      <TestMethod codeBase="C:\dev\command-line-api\src\System.CommandLine.Tests\bin\Debug\net462\System.CommandLine.Tests.dll" adapterTypeName="executor://xunit/VsTestRunner2/net" className="System.CommandLine.Tests.CommandTests" name="ParseResult_Command_identifies_innermost_command" />
    </UnitTest>
    <UnitTest name="System.CommandLine.Tests.Binding.TypeConversionTests.Values_can_be_correctly_converted_to_nullable_long_without_the_parser_specifying_a_custom_converter" storage="c:\dev\command-line-api\src\system.commandline.tests\bin\debug\net462\system.commandline.tests.dll" id="2c6238c2-437c-aba2-f878-c69eae942ca1">
      <Execution id="2f875a84-4973-4c7a-9cec-e01ba9c372bf" />
      <TestMethod codeBase="C:\dev\command-line-api\src\System.CommandLine.Tests\bin\Debug\net462\System.CommandLine.Tests.dll" adapterTypeName="executor://xunit/VsTestRunner2/net" className="System.CommandLine.Tests.Binding.TypeConversionTests" name="Values_can_be_correctly_converted_to_nullable_long_without_the_parser_specifying_a_custom_converter" />
    </UnitTest>
    <UnitTest name="System.CommandLine.Tests.Binding.TypeConversionTests.When_command_argument_has_arity_greater_than_one_it_captures_arguments_before_and_after_option(commandLine: &quot;c c c&quot;)" storage="c:\dev\command-line-api\src\system.commandline.tests\bin\debug\net462\system.commandline.tests.dll" id="957fa02a-3002-3be2-8b18-e37169161e08">
      <Execution id="c548831b-340f-4efa-a699-d11a2c14ae87" />
      <TestMethod codeBase="C:\dev\command-line-api\src\System.CommandLine.Tests\bin\Debug\net462\System.CommandLine.Tests.dll" adapterTypeName="executor://xunit/VsTestRunner2/net" className="System.CommandLine.Tests.Binding.TypeConversionTests" name="When_command_argument_has_arity_greater_than_one_it_captures_arguments_before_and_after_option" />
    </UnitTest>
    <UnitTest name="System.CommandLine.Tests.ParserTests.Boolean_options_are_not_greedy(commandLine: &quot;-x true -y true&quot;)" storage="c:\dev\command-line-api\src\system.commandline.tests\bin\debug\net462\system.commandline.tests.dll" id="ab0713c9-2c2f-37e8-a84e-44cafdfd1d13">
      <Execution id="4a771078-48f4-4457-a942-f758b38d7f0f" />
      <TestMethod codeBase="C:\dev\command-line-api\src\System.CommandLine.Tests\bin\Debug\net462\System.CommandLine.Tests.dll" adapterTypeName="executor://xunit/VsTestRunner2/net" className="System.CommandLine.Tests.ParserTests" name="Boolean_options_are_not_greedy" />
    </UnitTest>
    <UnitTest name="System.CommandLine.Tests.ArgumentTests+CustomParsing.HasDefaultValue_can_be_set_to_true" storage="c:\dev\command-line-api\src\system.commandline.tests\bin\debug\net462\system.commandline.tests.dll" id="a7ca98a1-0b53-646c-ad87-6450322a3f67">
      <Execution id="3f9e862a-c69b-47d8-9c03-2ceaaaf35f62" />
      <TestMethod codeBase="C:\dev\command-line-api\src\System.CommandLine.Tests\bin\Debug\net462\System.CommandLine.Tests.dll" adapterTypeName="executor://xunit/VsTestRunner2/net" className="System.CommandLine.Tests.ArgumentTests+CustomParsing" name="HasDefaultValue_can_be_set_to_true" />
    </UnitTest>
    <UnitTest name="System.CommandLine.Tests.ParserTests+MultipleArguments.When_multiple_arguments_are_present_then_their_order_relative_to_sibling_options_is_not_significant(commandLine: &quot;--verbose one two three four five&quot;)" storage="c:\dev\command-line-api\src\system.commandline.tests\bin\debug\net462\system.commandline.tests.dll" id="841d8885-d5cc-2daa-86fe-e5dc56765474">
      <Execution id="674c2530-bcdf-40f3-87e5-5dd69f090f1a" />
      <TestMethod codeBase="C:\dev\command-line-api\src\System.CommandLine.Tests\bin\Debug\net462\System.CommandLine.Tests.dll" adapterTypeName="executor://xunit/VsTestRunner2/net" className="System.CommandLine.Tests.ParserTests+MultipleArguments" name="When_multiple_arguments_are_present_then_their_order_relative_to_sibling_options_is_not_significant" />
    </UnitTest>
    <UnitTest name="System.CommandLine.Tests.Help.HelpBuilderTests.Commands_without_arguments_do_not_produce_extra_newlines_between_usage_and_options_sections" storage="c:\dev\command-line-api\src\system.commandline.tests\bin\debug\net462\system.commandline.tests.dll" id="1c9080b6-c2e9-9e5e-f725-e2ae6417dfa7">
      <Execution id="7c8a3537-4c3d-4061-a164-146e927b80f3" />
      <TestMethod codeBase="C:\dev\command-line-api\src\System.CommandLine.Tests\bin\Debug\net462\System.CommandLine.Tests.dll" adapterTypeName="executor://xunit/VsTestRunner2/net" className="System.CommandLine.Tests.Help.HelpBuilderTests" name="Commands_without_arguments_do_not_produce_extra_newlines_between_usage_and_options_sections" />
    </UnitTest>
    <UnitTest name="System.CommandLine.Tests.ParsingValidationTests+FileNameValidity.LegalFileNamesOnly_rejects_option_arguments_containing_invalid_file_name_characters" storage="c:\dev\command-line-api\src\system.commandline.tests\bin\debug\net462\system.commandline.tests.dll" id="4721a0e9-6def-2aa1-1486-69cc1d16fcf3">
      <Execution id="2af3deb3-4245-4352-bbef-f52088d72ba8" />
      <TestMethod codeBase="C:\dev\command-line-api\src\System.CommandLine.Tests\bin\Debug\net462\System.CommandLine.Tests.dll" adapterTypeName="executor://xunit/VsTestRunner2/net" className="System.CommandLine.Tests.ParsingValidationTests+FileNameValidity" name="LegalFileNamesOnly_rejects_option_arguments_containing_invalid_file_name_characters" />
    </UnitTest>
    <UnitTest name="System.CommandLine.Tests.CompletionContextTests.When_position_is_unspecified_in_array_command_line_and_final_token_matches_an_option_then_it_returns_empty" storage="c:\dev\command-line-api\src\system.commandline.tests\bin\debug\net462\system.commandline.tests.dll" id="b82dab5a-d5ab-ec05-2a78-f5e374760a31">
      <Execution id="20799c0e-34b8-4e0b-9310-14002b447b6c" />
      <TestMethod codeBase="C:\dev\command-line-api\src\System.CommandLine.Tests\bin\Debug\net462\System.CommandLine.Tests.dll" adapterTypeName="executor://xunit/VsTestRunner2/net" className="System.CommandLine.Tests.CompletionContextTests" name="When_position_is_unspecified_in_array_command_line_and_final_token_matches_an_option_then_it_returns_empty" />
    </UnitTest>
    <UnitTest name="System.CommandLine.Tests.Binding.TypeConversionTests.Values_can_be_correctly_converted_to_ushort_without_the_parser_specifying_a_custom_converter" storage="c:\dev\command-line-api\src\system.commandline.tests\bin\debug\net462\system.commandline.tests.dll" id="df00c239-0d5e-3d40-aaf8-b2078d397b27">
      <Execution id="152b9939-ccf7-4ce2-a1b3-6b714039f71f" />
      <TestMethod codeBase="C:\dev\command-line-api\src\System.CommandLine.Tests\bin\Debug\net462\System.CommandLine.Tests.dll" adapterTypeName="executor://xunit/VsTestRunner2/net" className="System.CommandLine.Tests.Binding.TypeConversionTests" name="Values_can_be_correctly_converted_to_ushort_without_the_parser_specifying_a_custom_converter" />
    </UnitTest>
    <UnitTest name="System.CommandLine.Tests.ParserTests+MultipleArguments.When_there_are_not_enough_tokens_for_all_arguments_then_the_correct_number_of_errors_is_reported(providedArgs: &quot;a&quot;)" storage="c:\dev\command-line-api\src\system.commandline.tests\bin\debug\net462\system.commandline.tests.dll" id="c8a0e1d0-6712-2c11-2fd6-9d0cf00f178c">
      <Execution id="7bec7fc7-2b48-47a0-9322-f3c6edcd50e6" />
      <TestMethod codeBase="C:\dev\command-line-api\src\System.CommandLine.Tests\bin\Debug\net462\System.CommandLine.Tests.dll" adapterTypeName="executor://xunit/VsTestRunner2/net" className="System.CommandLine.Tests.ParserTests+MultipleArguments" name="When_there_are_not_enough_tokens_for_all_arguments_then_the_correct_number_of_errors_is_reported" />
    </UnitTest>
    <UnitTest name="System.CommandLine.Tests.Help.HelpBuilderTests+Customization.Argument_can_fallback_to_default_when_customizing(conditionA: True, conditionB: True, conditionC: True, expected: &quot;custom 1st\\s*custom 2nd\\s*\\[default\\: custom d&quot;...)" storage="c:\dev\command-line-api\src\system.commandline.tests\bin\debug\net462\system.commandline.tests.dll" id="a520717e-6ccc-efec-699a-74671663f97d">
      <Execution id="e080f740-9985-45aa-b3cc-5639017c0cdb" />
      <TestMethod codeBase="C:\dev\command-line-api\src\System.CommandLine.Tests\bin\Debug\net462\System.CommandLine.Tests.dll" adapterTypeName="executor://xunit/VsTestRunner2/net" className="System.CommandLine.Tests.Help.HelpBuilderTests+Customization" name="Argument_can_fallback_to_default_when_customizing" />
    </UnitTest>
    <UnitTest name="System.CommandLine.Tests.Binding.TypeConversionTests.An_option_with_a_default_value_parses_as_the_default_value_when_the_option_has_not_been_applied" storage="c:\dev\command-line-api\src\system.commandline.tests\bin\debug\net462\system.commandline.tests.dll" id="7e9c3a48-0d82-bfc3-7ff0-17cbb45eb2da">
      <Execution id="fb7a69dc-0a1b-46f1-8d9f-bc9a07b072bd" />
      <TestMethod codeBase="C:\dev\command-line-api\src\System.CommandLine.Tests\bin\Debug\net462\System.CommandLine.Tests.dll" adapterTypeName="executor://xunit/VsTestRunner2/net" className="System.CommandLine.Tests.Binding.TypeConversionTests" name="An_option_with_a_default_value_parses_as_the_default_value_when_the_option_has_not_been_applied" />
    </UnitTest>
    <UnitTest name="System.CommandLine.Tests.ParserTests+MultipleArguments.Multiple_arguments_can_differ_by_arity" storage="c:\dev\command-line-api\src\system.commandline.tests\bin\debug\net462\system.commandline.tests.dll" id="c213fab6-299d-b2c1-0da8-3aaf1fcdbd7f">
      <Execution id="405c1e49-02af-4da4-8b6e-33ba0957d1e9" />
      <TestMethod codeBase="C:\dev\command-line-api\src\System.CommandLine.Tests\bin\Debug\net462\System.CommandLine.Tests.dll" adapterTypeName="executor://xunit/VsTestRunner2/net" className="System.CommandLine.Tests.ParserTests+MultipleArguments" name="Multiple_arguments_can_differ_by_arity" />
    </UnitTest>
    <UnitTest name="System.CommandLine.Tests.CompletionTests.Subcommand_names_are_available_as_suggestions" storage="c:\dev\command-line-api\src\system.commandline.tests\bin\debug\net462\system.commandline.tests.dll" id="b0ebae1a-2d62-4c99-6f2f-c32e2880c559">
      <Execution id="f5c70f95-1c26-4859-aa90-7ab87ffdfa24" />
      <TestMethod codeBase="C:\dev\command-line-api\src\System.CommandLine.Tests\bin\Debug\net462\System.CommandLine.Tests.dll" adapterTypeName="executor://xunit/VsTestRunner2/net" className="System.CommandLine.Tests.CompletionTests" name="Subcommand_names_are_available_as_suggestions" />
    </UnitTest>
    <UnitTest name="System.CommandLine.Tests.ParsingValidationTests.When_an_option_accepts_only_specific_arguments_but_a_wrong_one_is_supplied_then_an_informative_error_is_returned" storage="c:\dev\command-line-api\src\system.commandline.tests\bin\debug\net462\system.commandline.tests.dll" id="77bf0cb4-62b3-f26b-2970-1c2b044c1ba2">
      <Execution id="5cfeea08-11be-435a-add4-b376c68818bb" />
      <TestMethod codeBase="C:\dev\command-line-api\src\System.CommandLine.Tests\bin\Debug\net462\System.CommandLine.Tests.dll" adapterTypeName="executor://xunit/VsTestRunner2/net" className="System.CommandLine.Tests.ParsingValidationTests" name="When_an_option_accepts_only_specific_arguments_but_a_wrong_one_is_supplied_then_an_informative_error_is_returned" />
    </UnitTest>
    <UnitTest name="System.CommandLine.Tests.Help.HelpBuilderTests.Options_section_properly_wraps_description_when_long_default_value_is_specified" storage="c:\dev\command-line-api\src\system.commandline.tests\bin\debug\net462\system.commandline.tests.dll" id="42be3d8e-e6fb-7969-7c06-89c182ee7b90">
      <Execution id="6f1882ad-6e0d-4fe6-bb85-d748f69236ab" />
      <TestMethod codeBase="C:\dev\command-line-api\src\System.CommandLine.Tests\bin\Debug\net462\System.CommandLine.Tests.dll" adapterTypeName="executor://xunit/VsTestRunner2/net" className="System.CommandLine.Tests.Help.HelpBuilderTests" name="Options_section_properly_wraps_description_when_long_default_value_is_specified" />
    </UnitTest>
    <UnitTest name="System.CommandLine.Tests.ParserTests+MultipleArguments.Unsatisfied_subsequent_argument_with_min_arity_0_parses_as_default_value" storage="c:\dev\command-line-api\src\system.commandline.tests\bin\debug\net462\system.commandline.tests.dll" id="e4ca6c3a-c470-e1a5-c803-b44d54627ee1">
      <Execution id="7d07d6c3-dc17-48f0-94d3-95f5a2959462" />
      <TestMethod codeBase="C:\dev\command-line-api\src\System.CommandLine.Tests\bin\Debug\net462\System.CommandLine.Tests.dll" adapterTypeName="executor://xunit/VsTestRunner2/net" className="System.CommandLine.Tests.ParserTests+MultipleArguments" name="Unsatisfied_subsequent_argument_with_min_arity_0_parses_as_default_value" />
    </UnitTest>
    <UnitTest name="System.CommandLine.Tests.ParseDirectiveTests.Parse_directive_writes_parse_diagram" storage="c:\dev\command-line-api\src\system.commandline.tests\bin\debug\net462\system.commandline.tests.dll" id="e7f99cc4-6bcc-a310-04e4-20c4bbacaf18">
      <Execution id="b4d817cd-bd7d-4d58-b5e7-a2de2de7984c" />
      <TestMethod codeBase="C:\dev\command-line-api\src\System.CommandLine.Tests\bin\Debug\net462\System.CommandLine.Tests.dll" adapterTypeName="executor://xunit/VsTestRunner2/net" className="System.CommandLine.Tests.ParseDirectiveTests" name="Parse_directive_writes_parse_diagram" />
    </UnitTest>
    <UnitTest name="System.CommandLine.Tests.Invocation.TypoCorrectionTests.Hidden_commands_are_not_suggested" storage="c:\dev\command-line-api\src\system.commandline.tests\bin\debug\net462\system.commandline.tests.dll" id="98e63dba-6d9e-7119-afa0-c4537c9ca366">
      <Execution id="712464b4-e4ac-45a3-a69d-b0c0160452a2" />
      <TestMethod codeBase="C:\dev\command-line-api\src\System.CommandLine.Tests\bin\Debug\net462\System.CommandLine.Tests.dll" adapterTypeName="executor://xunit/VsTestRunner2/net" className="System.CommandLine.Tests.Invocation.TypoCorrectionTests" name="Hidden_commands_are_not_suggested" />
    </UnitTest>
    <UnitTest name="System.CommandLine.Tests.ParserTests.Option_arguments_can_start_with_prefixes_that_make_them_look_like_bundled_options" storage="c:\dev\command-line-api\src\system.commandline.tests\bin\debug\net462\system.commandline.tests.dll" id="4d0507ae-a0db-1e30-5d30-6e0afa67224d">
      <Execution id="5a548380-e0c3-4e28-922f-c7685cbdfcf4" />
      <TestMethod codeBase="C:\dev\command-line-api\src\System.CommandLine.Tests\bin\Debug\net462\System.CommandLine.Tests.dll" adapterTypeName="executor://xunit/VsTestRunner2/net" className="System.CommandLine.Tests.ParserTests" name="Option_arguments_can_start_with_prefixes_that_make_them_look_like_bundled_options" />
    </UnitTest>
    <UnitTest name="System.CommandLine.Tests.ParsingValidationTests.Custom_validator_error_messages_are_not_repeated" storage="c:\dev\command-line-api\src\system.commandline.tests\bin\debug\net462\system.commandline.tests.dll" id="ee5b4c09-a1c8-847c-30c8-353f5546dc9b">
      <Execution id="591ab611-039e-44a0-b77d-fb6a25dda679" />
      <TestMethod codeBase="C:\dev\command-line-api\src\System.CommandLine.Tests\bin\Debug\net462\System.CommandLine.Tests.dll" adapterTypeName="executor://xunit/VsTestRunner2/net" className="System.CommandLine.Tests.ParsingValidationTests" name="Custom_validator_error_messages_are_not_repeated" />
    </UnitTest>
    <UnitTest name="System.CommandLine.Tests.ResponseFileTests.Response_file_can_contain_comments_which_are_ignored_when_loaded" storage="c:\dev\command-line-api\src\system.commandline.tests\bin\debug\net462\system.commandline.tests.dll" id="f67d805a-ec46-3843-a081-ca231ece311d">
      <Execution id="c9c1ab62-cba8-4888-81d5-4bbfc13fd2ac" />
      <TestMethod codeBase="C:\dev\command-line-api\src\System.CommandLine.Tests\bin\Debug\net462\System.CommandLine.Tests.dll" adapterTypeName="executor://xunit/VsTestRunner2/net" className="System.CommandLine.Tests.ResponseFileTests" name="Response_file_can_contain_comments_which_are_ignored_when_loaded" />
    </UnitTest>
    <UnitTest name="System.CommandLine.Tests.EnvironmentVariableDirectiveTests.Ignores_environment_directive_with_whitespace_variable_name" storage="c:\dev\command-line-api\src\system.commandline.tests\bin\debug\net462\system.commandline.tests.dll" id="894a5d72-ee55-99bd-582f-5b13739439e3">
      <Execution id="221cfb17-88d2-4ad8-a294-8ed840aacbe4" />
      <TestMethod codeBase="C:\dev\command-line-api\src\System.CommandLine.Tests\bin\Debug\net462\System.CommandLine.Tests.dll" adapterTypeName="executor://xunit/VsTestRunner2/net" className="System.CommandLine.Tests.EnvironmentVariableDirectiveTests" name="Ignores_environment_directive_with_whitespace_variable_name" />
    </UnitTest>
    <UnitTest name="System.CommandLine.Tests.Invocation.InvocationPipelineTests.ParseResult_can_be_replaced_by_middleware" storage="c:\dev\command-line-api\src\system.commandline.tests\bin\debug\net462\system.commandline.tests.dll" id="09b9dc0e-b6a1-4f15-b443-533006b3bbc2">
      <Execution id="1021731f-6710-42a7-a55a-5f34958f65a7" />
      <TestMethod codeBase="C:\dev\command-line-api\src\System.CommandLine.Tests\bin\Debug\net462\System.CommandLine.Tests.dll" adapterTypeName="executor://xunit/VsTestRunner2/net" className="System.CommandLine.Tests.Invocation.InvocationPipelineTests" name="ParseResult_can_be_replaced_by_middleware" />
    </UnitTest>
    <UnitTest name="System.CommandLine.Tests.ParsingValidationTests+FileExistence.An_option_argument_with_multiple_directories_can_be_invalid_based_on_directory_existence" storage="c:\dev\command-line-api\src\system.commandline.tests\bin\debug\net462\system.commandline.tests.dll" id="f037b953-11d5-0a4f-0494-bb387f69baf2">
      <Execution id="86d99d27-ec84-4eb9-b139-2bf91227d52f" />
      <TestMethod codeBase="C:\dev\command-line-api\src\System.CommandLine.Tests\bin\Debug\net462\System.CommandLine.Tests.dll" adapterTypeName="executor://xunit/VsTestRunner2/net" className="System.CommandLine.Tests.ParsingValidationTests+FileExistence" name="An_option_argument_with_multiple_directories_can_be_invalid_based_on_directory_existence" />
    </UnitTest>
    <UnitTest name="System.CommandLine.Tests.ParsingValidationTests+FileExistence.A_command_argument_can_be_invalid_based_on_directory_existence" storage="c:\dev\command-line-api\src\system.commandline.tests\bin\debug\net462\system.commandline.tests.dll" id="a514999a-92c9-5370-9812-54b642da8926">
      <Execution id="e65f47b8-b6b0-43db-8665-35817bfc8171" />
      <TestMethod codeBase="C:\dev\command-line-api\src\System.CommandLine.Tests\bin\Debug\net462\System.CommandLine.Tests.dll" adapterTypeName="executor://xunit/VsTestRunner2/net" className="System.CommandLine.Tests.ParsingValidationTests+FileExistence" name="A_command_argument_can_be_invalid_based_on_directory_existence" />
    </UnitTest>
    <UnitTest name="System.CommandLine.Tests.OptionTests.Option_names_do_not_contain_prefix_characters" storage="c:\dev\command-line-api\src\system.commandline.tests\bin\debug\net462\system.commandline.tests.dll" id="be7a70f2-8da1-a2bd-658e-0012279b4040">
      <Execution id="1d37d01d-ab92-45db-abcc-da445377b9f8" />
      <TestMethod codeBase="C:\dev\command-line-api\src\System.CommandLine.Tests\bin\Debug\net462\System.CommandLine.Tests.dll" adapterTypeName="executor://xunit/VsTestRunner2/net" className="System.CommandLine.Tests.OptionTests" name="Option_names_do_not_contain_prefix_characters" />
    </UnitTest>
    <UnitTest name="System.CommandLine.Tests.ParserTests.When_option_arguments_are_greater_than_maximum_arity_then_an_error_is_returned" storage="c:\dev\command-line-api\src\system.commandline.tests\bin\debug\net462\system.commandline.tests.dll" id="0f439c4e-9f83-5e82-d667-6d5a7f98440c">
      <Execution id="2b441b2b-23f3-4de3-a92b-c1f113705cdc" />
      <TestMethod codeBase="C:\dev\command-line-api\src\System.CommandLine.Tests\bin\Debug\net462\System.CommandLine.Tests.dll" adapterTypeName="executor://xunit/VsTestRunner2/net" className="System.CommandLine.Tests.ParserTests" name="When_option_arguments_are_greater_than_maximum_arity_then_an_error_is_returned" />
    </UnitTest>
    <UnitTest name="System.CommandLine.Tests.Help.HelpBuilderTests+Customization.Subcommand_can_customize_first_column_text" storage="c:\dev\command-line-api\src\system.commandline.tests\bin\debug\net462\system.commandline.tests.dll" id="646a2c20-817f-5bb6-70b8-8395a443d835">
      <Execution id="02e0b7bd-41d7-4527-b8bb-91df2f980e3e" />
      <TestMethod codeBase="C:\dev\command-line-api\src\System.CommandLine.Tests\bin\Debug\net462\System.CommandLine.Tests.dll" adapterTypeName="executor://xunit/VsTestRunner2/net" className="System.CommandLine.Tests.Help.HelpBuilderTests+Customization" name="Subcommand_can_customize_first_column_text" />
    </UnitTest>
    <UnitTest name="System.CommandLine.Tests.ParseDiagramTests.Parse_diagram_indicates_which_tokens_were_applied_to_which_command_argument" storage="c:\dev\command-line-api\src\system.commandline.tests\bin\debug\net462\system.commandline.tests.dll" id="a1ac72ca-e944-f1f2-fd7f-14624d33fe2f">
      <Execution id="108031ac-98c9-4a2b-8739-325915bc478e" />
      <TestMethod codeBase="C:\dev\command-line-api\src\System.CommandLine.Tests\bin\Debug\net462\System.CommandLine.Tests.dll" adapterTypeName="executor://xunit/VsTestRunner2/net" className="System.CommandLine.Tests.ParseDiagramTests" name="Parse_diagram_indicates_which_tokens_were_applied_to_which_command_argument" />
    </UnitTest>
    <UnitTest name="System.CommandLine.Tests.CompletionContextTests.When_position_is_specified_in_string_command_line_then_it_returns_argument_at_cursor_position(commandLine: &quot;the-command one$ --two&quot;, expected: &quot;one&quot;)" storage="c:\dev\command-line-api\src\system.commandline.tests\bin\debug\net462\system.commandline.tests.dll" id="b20b7884-5156-5d21-0812-b3bd11eeb100">
      <Execution id="12d4e9c0-3459-4ba4-aa87-155a1fe3e80f" />
      <TestMethod codeBase="C:\dev\command-line-api\src\System.CommandLine.Tests\bin\Debug\net462\System.CommandLine.Tests.dll" adapterTypeName="executor://xunit/VsTestRunner2/net" className="System.CommandLine.Tests.CompletionContextTests" name="When_position_is_specified_in_string_command_line_then_it_returns_argument_at_cursor_position" />
    </UnitTest>
    <UnitTest name="System.CommandLine.Tests.Invocation.InvocationPipelineTests.Invoke_chooses_the_appropriate_command" storage="c:\dev\command-line-api\src\system.commandline.tests\bin\debug\net462\system.commandline.tests.dll" id="073b3041-6c37-e9a8-935f-1dd0922e5b77">
      <Execution id="3dd7ba79-3181-4265-80e3-00f1e00dbbb7" />
      <TestMethod codeBase="C:\dev\command-line-api\src\System.CommandLine.Tests\bin\Debug\net462\System.CommandLine.Tests.dll" adapterTypeName="executor://xunit/VsTestRunner2/net" className="System.CommandLine.Tests.Invocation.InvocationPipelineTests" name="Invoke_chooses_the_appropriate_command" />
    </UnitTest>
    <UnitTest name="System.CommandLine.Tests.OptionTests+MultipleArgumentsPerToken+Disallowed.Single_option_arg_is_matched" storage="c:\dev\command-line-api\src\system.commandline.tests\bin\debug\net462\system.commandline.tests.dll" id="51738dc9-764d-8ec3-5596-49b59903b160">
      <Execution id="add53a9d-4f24-48c4-ab55-dd0b61442f87" />
      <TestMethod codeBase="C:\dev\command-line-api\src\System.CommandLine.Tests\bin\Debug\net462\System.CommandLine.Tests.dll" adapterTypeName="executor://xunit/VsTestRunner2/net" className="System.CommandLine.Tests.OptionTests+MultipleArgumentsPerToken+Disallowed" name="Single_option_arg_is_matched" />
    </UnitTest>
    <UnitTest name="System.CommandLine.Tests.ParserTests+MultiplePositions.When_an_option_is_shared_between_an_outer_and_inner_command_then_specifying_in_one_does_not_result_in_error_on_other(commandLine: &quot;outer --the-option xyz inner&quot;)" storage="c:\dev\command-line-api\src\system.commandline.tests\bin\debug\net462\system.commandline.tests.dll" id="472d13fc-641c-287a-f50b-c2a802534522">
      <Execution id="afa22fac-4ac5-4e4c-bdf1-6036f95f169d" />
      <TestMethod codeBase="C:\dev\command-line-api\src\System.CommandLine.Tests\bin\Debug\net462\System.CommandLine.Tests.dll" adapterTypeName="executor://xunit/VsTestRunner2/net" className="System.CommandLine.Tests.ParserTests+MultiplePositions" name="When_an_option_is_shared_between_an_outer_and_inner_command_then_specifying_in_one_does_not_result_in_error_on_other" />
    </UnitTest>
    <UnitTest name="System.CommandLine.Tests.ParserTests+RootCommandAndArg0.When_parsing_a_string_array_a_root_command_can_be_omitted_from_the_parsed_args" storage="c:\dev\command-line-api\src\system.commandline.tests\bin\debug\net462\system.commandline.tests.dll" id="3d037075-738f-f3b3-8730-5e7b0494f58a">
      <Execution id="fa43a5ff-8e95-4c78-8f16-46aa0d8452ec" />
      <TestMethod codeBase="C:\dev\command-line-api\src\System.CommandLine.Tests\bin\Debug\net462\System.CommandLine.Tests.dll" adapterTypeName="executor://xunit/VsTestRunner2/net" className="System.CommandLine.Tests.ParserTests+RootCommandAndArg0" name="When_parsing_a_string_array_a_root_command_can_be_omitted_from_the_parsed_args" />
    </UnitTest>
    <UnitTest name="System.CommandLine.Tests.OptionTests+MultipleArgumentsPerToken+Disallowed.Subsequent_matched_arguments_result_in_errors" storage="c:\dev\command-line-api\src\system.commandline.tests\bin\debug\net462\system.commandline.tests.dll" id="cfc4234b-5383-c76c-ebfe-186541794054">
      <Execution id="731455bb-32ef-4d29-9559-2bd5c00dcd81" />
      <TestMethod codeBase="C:\dev\command-line-api\src\System.CommandLine.Tests\bin\Debug\net462\System.CommandLine.Tests.dll" adapterTypeName="executor://xunit/VsTestRunner2/net" className="System.CommandLine.Tests.OptionTests+MultipleArgumentsPerToken+Disallowed" name="Subsequent_matched_arguments_result_in_errors" />
    </UnitTest>
    <UnitTest name="System.CommandLine.Tests.ParserTests.When_command_arguments_are_fewer_than_minimum_arity_then_an_error_is_returned" storage="c:\dev\command-line-api\src\system.commandline.tests\bin\debug\net462\system.commandline.tests.dll" id="a21dc712-deca-5a4b-e971-c3e0b7f012fc">
      <Execution id="3f1bc78d-52b9-46d1-b076-4b7ef131d37c" />
      <TestMethod codeBase="C:\dev\command-line-api\src\System.CommandLine.Tests\bin\Debug\net462\System.CommandLine.Tests.dll" adapterTypeName="executor://xunit/VsTestRunner2/net" className="System.CommandLine.Tests.ParserTests" name="When_command_arguments_are_fewer_than_minimum_arity_then_an_error_is_returned" />
    </UnitTest>
    <UnitTest name="System.CommandLine.Tests.Binding.TypeConversionTests.Max_arity_greater_than_1_converts_to_enumerable_types(minArity: 1, maxArity: 100000, argumentType: typeof(System.Collections.Generic.ICollection&lt;string&gt;))" storage="c:\dev\command-line-api\src\system.commandline.tests\bin\debug\net462\system.commandline.tests.dll" id="614bc178-bb41-5381-800a-1ca982d71716">
      <Execution id="d80f50b6-536d-441c-9645-b16ce5e84824" />
      <TestMethod codeBase="C:\dev\command-line-api\src\System.CommandLine.Tests\bin\Debug\net462\System.CommandLine.Tests.dll" adapterTypeName="executor://xunit/VsTestRunner2/net" className="System.CommandLine.Tests.Binding.TypeConversionTests" name="Max_arity_greater_than_1_converts_to_enumerable_types" />
    </UnitTest>
    <UnitTest name="System.CommandLine.Tests.UseHelpTests.There_are_no_parse_errors_when_help_is_invoked_on_root_command" storage="c:\dev\command-line-api\src\system.commandline.tests\bin\debug\net462\system.commandline.tests.dll" id="832d2f5c-3cf1-e96d-92be-b8f808e63094">
      <Execution id="6f23ff76-6690-4c65-a815-d189fbfb7d0e" />
      <TestMethod codeBase="C:\dev\command-line-api\src\System.CommandLine.Tests\bin\Debug\net462\System.CommandLine.Tests.dll" adapterTypeName="executor://xunit/VsTestRunner2/net" className="System.CommandLine.Tests.UseHelpTests" name="There_are_no_parse_errors_when_help_is_invoked_on_root_command" />
    </UnitTest>
    <UnitTest name="System.CommandLine.Tests.ParsingValidationTests.When_an_option_has_a_default_value_then_the_default_should_apply_if_not_specified" storage="c:\dev\command-line-api\src\system.commandline.tests\bin\debug\net462\system.commandline.tests.dll" id="0953c5ee-ee82-195b-a891-4c743beee0dc">
      <Execution id="f2170e35-7e1b-47ba-91ed-2080cdd74764" />
      <TestMethod codeBase="C:\dev\command-line-api\src\System.CommandLine.Tests\bin\Debug\net462\System.CommandLine.Tests.dll" adapterTypeName="executor://xunit/VsTestRunner2/net" className="System.CommandLine.Tests.ParsingValidationTests" name="When_an_option_has_a_default_value_then_the_default_should_apply_if_not_specified" />
    </UnitTest>
    <UnitTest name="System.CommandLine.Tests.ParsingValidationTests.A_custom_validator_added_to_a_global_option_is_checked(commandLine: &quot;--value 123&quot;)" storage="c:\dev\command-line-api\src\system.commandline.tests\bin\debug\net462\system.commandline.tests.dll" id="8728cd3b-db11-89aa-c2c2-619494b43a8e">
      <Execution id="956d8d5f-0144-464b-b090-4992ada33450" />
      <TestMethod codeBase="C:\dev\command-line-api\src\System.CommandLine.Tests\bin\Debug\net462\System.CommandLine.Tests.dll" adapterTypeName="executor://xunit/VsTestRunner2/net" className="System.CommandLine.Tests.ParsingValidationTests" name="A_custom_validator_added_to_a_global_option_is_checked" />
    </UnitTest>
    <UnitTest name="System.CommandLine.Tests.Binding.TypeConversionTests.Max_arity_greater_than_1_converts_to_enumerable_types(minArity: 0, maxArity: 100000, argumentType: typeof(System.Collections.Generic.List&lt;string&gt;))" storage="c:\dev\command-line-api\src\system.commandline.tests\bin\debug\net462\system.commandline.tests.dll" id="ba52aa91-897f-d2fc-7070-16d0f7412e77">
      <Execution id="e126fb61-1f74-4b4b-adbc-c42ede4f6bdf" />
      <TestMethod codeBase="C:\dev\command-line-api\src\System.CommandLine.Tests\bin\Debug\net462\System.CommandLine.Tests.dll" adapterTypeName="executor://xunit/VsTestRunner2/net" className="System.CommandLine.Tests.Binding.TypeConversionTests" name="Max_arity_greater_than_1_converts_to_enumerable_types" />
    </UnitTest>
    <UnitTest name="System.CommandLine.Tests.ResponseFileTests.When_response_file_is_specified_it_loads_subcommand_arguments_from_response_file" storage="c:\dev\command-line-api\src\system.commandline.tests\bin\debug\net462\system.commandline.tests.dll" id="92cdebf3-449e-6ce6-77a4-947c50158b0d">
      <Execution id="706fc4aa-8c1e-43aa-bd3f-2ee1d783c5c9" />
      <TestMethod codeBase="C:\dev\command-line-api\src\System.CommandLine.Tests\bin\Debug\net462\System.CommandLine.Tests.dll" adapterTypeName="executor://xunit/VsTestRunner2/net" className="System.CommandLine.Tests.ResponseFileTests" name="When_response_file_is_specified_it_loads_subcommand_arguments_from_response_file" />
    </UnitTest>
    <UnitTest name="System.CommandLine.Tests.OptionTests.HasAlias_accepts_prefixed_long_value" storage="c:\dev\command-line-api\src\system.commandline.tests\bin\debug\net462\system.commandline.tests.dll" id="d6ca8df2-3ac4-13ec-4162-cd7de312ad84">
      <Execution id="c31a9198-e6c5-45c0-b5af-89b27fc559dd" />
      <TestMethod codeBase="C:\dev\command-line-api\src\System.CommandLine.Tests\bin\Debug\net462\System.CommandLine.Tests.dll" adapterTypeName="executor://xunit/VsTestRunner2/net" className="System.CommandLine.Tests.OptionTests" name="HasAlias_accepts_prefixed_long_value" />
    </UnitTest>
    <UnitTest name="System.CommandLine.Tests.Binding.SetHandlerTests.Binding_is_correct_for_Func_overload_having_arity_(arity: 1)" storage="c:\dev\command-line-api\src\system.commandline.tests\bin\debug\net462\system.commandline.tests.dll" id="efe84732-e7a0-a700-46d1-85ff32187409">
      <Execution id="3a21daa0-67e7-4c38-9fd4-6afcca076a11" />
      <TestMethod codeBase="C:\dev\command-line-api\src\System.CommandLine.Tests\bin\Debug\net462\System.CommandLine.Tests.dll" adapterTypeName="executor://xunit/VsTestRunner2/net" className="System.CommandLine.Tests.Binding.SetHandlerTests" name="Binding_is_correct_for_Func_overload_having_arity_" />
    </UnitTest>
    <UnitTest name="System.CommandLine.Tests.CompletionContextTests.When_position_is_unspecified_in_string_command_line_ending_with_a_space_then_it_returns_empty" storage="c:\dev\command-line-api\src\system.commandline.tests\bin\debug\net462\system.commandline.tests.dll" id="334632cb-b51e-0d95-b62b-b5ecb1c50ede">
      <Execution id="71f2ede6-4a4d-432a-836e-4ad5e9ebc9f6" />
      <TestMethod codeBase="C:\dev\command-line-api\src\System.CommandLine.Tests\bin\Debug\net462\System.CommandLine.Tests.dll" adapterTypeName="executor://xunit/VsTestRunner2/net" className="System.CommandLine.Tests.CompletionContextTests" name="When_position_is_unspecified_in_string_command_line_ending_with_a_space_then_it_returns_empty" />
    </UnitTest>
    <UnitTest name="System.CommandLine.Tests.ParserTests+MultipleArguments.When_multiple_arguments_are_present_then_their_order_relative_to_sibling_options_is_not_significant(commandLine: &quot;--verbose true one two three four five&quot;)" storage="c:\dev\command-line-api\src\system.commandline.tests\bin\debug\net462\system.commandline.tests.dll" id="ed51a3fe-6e3e-26e2-ca0e-427e7a250c06">
      <Execution id="0c393896-3c8a-4d74-b90d-edebfc752869" />
      <TestMethod codeBase="C:\dev\command-line-api\src\System.CommandLine.Tests\bin\Debug\net462\System.CommandLine.Tests.dll" adapterTypeName="executor://xunit/VsTestRunner2/net" className="System.CommandLine.Tests.ParserTests+MultipleArguments" name="When_multiple_arguments_are_present_then_their_order_relative_to_sibling_options_is_not_significant" />
    </UnitTest>
    <UnitTest name="System.CommandLine.Tests.Binding.TypeConversionTests.Argument_of_FileInfo_that_is_empty_results_in_an_informative_error" storage="c:\dev\command-line-api\src\system.commandline.tests\bin\debug\net462\system.commandline.tests.dll" id="3c9fc311-eb64-b045-6538-9a6698b3a6e5">
      <Execution id="b0044b84-5319-4ef2-9e5b-8135912565fc" />
      <TestMethod codeBase="C:\dev\command-line-api\src\System.CommandLine.Tests\bin\Debug\net462\System.CommandLine.Tests.dll" adapterTypeName="executor://xunit/VsTestRunner2/net" className="System.CommandLine.Tests.Binding.TypeConversionTests" name="Argument_of_FileInfo_that_is_empty_results_in_an_informative_error" />
    </UnitTest>
    <UnitTest name="System.CommandLine.Tests.ParserTests.Boolean_options_are_not_greedy(commandLine: &quot;-x:true -y&quot;)" storage="c:\dev\command-line-api\src\system.commandline.tests\bin\debug\net462\system.commandline.tests.dll" id="746bcc8a-a0cd-be32-0efa-3c8ed89cae74">
      <Execution id="6beefbb8-fdb3-4df8-9d5a-739c398f7d63" />
      <TestMethod codeBase="C:\dev\command-line-api\src\System.CommandLine.Tests\bin\Debug\net462\System.CommandLine.Tests.dll" adapterTypeName="executor://xunit/VsTestRunner2/net" className="System.CommandLine.Tests.ParserTests" name="Boolean_options_are_not_greedy" />
    </UnitTest>
    <UnitTest name="System.CommandLine.Tests.ParsingValidationTests.Multiple_validators_on_the_same_argument_do_not_report_duplicate_errors" storage="c:\dev\command-line-api\src\system.commandline.tests\bin\debug\net462\system.commandline.tests.dll" id="dc753695-28fc-7895-1911-2a9696f33623">
      <Execution id="56f5239e-6a63-4318-8286-f45bc681e093" />
      <TestMethod codeBase="C:\dev\command-line-api\src\System.CommandLine.Tests\bin\Debug\net462\System.CommandLine.Tests.dll" adapterTypeName="executor://xunit/VsTestRunner2/net" className="System.CommandLine.Tests.ParsingValidationTests" name="Multiple_validators_on_the_same_argument_do_not_report_duplicate_errors" />
    </UnitTest>
    <UnitTest name="System.CommandLine.Tests.CompletionContextTests.When_position_is_unspecified_in_string_command_line_not_ending_with_a_space_then_it_returns_final_token" storage="c:\dev\command-line-api\src\system.commandline.tests\bin\debug\net462\system.commandline.tests.dll" id="ef9e7612-8154-65f5-577d-355422e503a1">
      <Execution id="d018c254-ef54-4cd2-88a0-2dafe223a6a3" />
      <TestMethod codeBase="C:\dev\command-line-api\src\System.CommandLine.Tests\bin\Debug\net462\System.CommandLine.Tests.dll" adapterTypeName="executor://xunit/VsTestRunner2/net" className="System.CommandLine.Tests.CompletionContextTests" name="When_position_is_unspecified_in_string_command_line_not_ending_with_a_space_then_it_returns_final_token" />
    </UnitTest>
    <UnitTest name="System.CommandLine.Tests.UseHelpTests.UseHelp_can_be_called_more_than_once_on_the_same_CommandLineBuilder(commandline: &quot;-h&quot;)" storage="c:\dev\command-line-api\src\system.commandline.tests\bin\debug\net462\system.commandline.tests.dll" id="3f19c2ff-df25-c2cb-e346-3bfab08d5257">
      <Execution id="14bbf9e8-5a77-4ae2-b370-85ea1061d2f8" />
      <TestMethod codeBase="C:\dev\command-line-api\src\System.CommandLine.Tests\bin\Debug\net462\System.CommandLine.Tests.dll" adapterTypeName="executor://xunit/VsTestRunner2/net" className="System.CommandLine.Tests.UseHelpTests" name="UseHelp_can_be_called_more_than_once_on_the_same_CommandLineBuilder" />
    </UnitTest>
    <UnitTest name="System.CommandLine.Tests.CompletionContextTests.When_position_is_specified_in_string_command_line_then_it_returns_argument_at_cursor_position(commandLine: &quot;the-command on$e --two &quot;, expected: &quot;one&quot;)" storage="c:\dev\command-line-api\src\system.commandline.tests\bin\debug\net462\system.commandline.tests.dll" id="d4a7534a-11ba-2638-4bca-c01a5433283c">
      <Execution id="1cf4e447-7ac6-4529-bdad-9b777e8c04b6" />
      <TestMethod codeBase="C:\dev\command-line-api\src\System.CommandLine.Tests\bin\Debug\net462\System.CommandLine.Tests.dll" adapterTypeName="executor://xunit/VsTestRunner2/net" className="System.CommandLine.Tests.CompletionContextTests" name="When_position_is_specified_in_string_command_line_then_it_returns_argument_at_cursor_position" />
    </UnitTest>
    <UnitTest name="System.CommandLine.Tests.CommandTests.Inner_command_option_is_identified_correctly" storage="c:\dev\command-line-api\src\system.commandline.tests\bin\debug\net462\system.commandline.tests.dll" id="94453860-1c9d-a59c-478c-3703e9298e65">
      <Execution id="e03fd3f0-ec6e-49eb-8d80-8e84d3cc0aff" />
      <TestMethod codeBase="C:\dev\command-line-api\src\System.CommandLine.Tests\bin\Debug\net462\System.CommandLine.Tests.dll" adapterTypeName="executor://xunit/VsTestRunner2/net" className="System.CommandLine.Tests.CommandTests" name="Inner_command_option_is_identified_correctly" />
    </UnitTest>
    <UnitTest name="System.CommandLine.Tests.UseHelpTests.UseHelp_with_custom_aliases_uses_aliases(helpAlias: &quot;--confused&quot;)" storage="c:\dev\command-line-api\src\system.commandline.tests\bin\debug\net462\system.commandline.tests.dll" id="ae76f38e-4957-8c29-0b96-b1a78522ac4f">
      <Execution id="2712d5ba-1788-486d-b98a-0926be71b3fe" />
      <TestMethod codeBase="C:\dev\command-line-api\src\System.CommandLine.Tests\bin\Debug\net462\System.CommandLine.Tests.dll" adapterTypeName="executor://xunit/VsTestRunner2/net" className="System.CommandLine.Tests.UseHelpTests" name="UseHelp_with_custom_aliases_uses_aliases" />
    </UnitTest>
    <UnitTest name="System.CommandLine.Tests.ParserTests.Original_order_of_tokens_is_preserved_in_ParseResult_Tokens(commandLine: &quot;--many 2 --many 1 --one 1&quot;)" storage="c:\dev\command-line-api\src\system.commandline.tests\bin\debug\net462\system.commandline.tests.dll" id="b38dc1b6-f225-93e6-3272-c624f0363b03">
      <Execution id="a33dce6f-27f0-49b6-b02e-b8d77a9fd4e5" />
      <TestMethod codeBase="C:\dev\command-line-api\src\System.CommandLine.Tests\bin\Debug\net462\System.CommandLine.Tests.dll" adapterTypeName="executor://xunit/VsTestRunner2/net" className="System.CommandLine.Tests.ParserTests" name="Original_order_of_tokens_is_preserved_in_ParseResult_Tokens" />
    </UnitTest>
    <UnitTest name="System.CommandLine.Tests.ParserTests+DefaultDoubleDashBehavior.No_errors_are_generated" storage="c:\dev\command-line-api\src\system.commandline.tests\bin\debug\net462\system.commandline.tests.dll" id="68fe325e-a25a-1ac8-f9a6-6003e04ca98d">
      <Execution id="9dc62bc2-8394-4b2a-be0e-5692cfea67f7" />
      <TestMethod codeBase="C:\dev\command-line-api\src\System.CommandLine.Tests\bin\Debug\net462\System.CommandLine.Tests.dll" adapterTypeName="executor://xunit/VsTestRunner2/net" className="System.CommandLine.Tests.ParserTests+DefaultDoubleDashBehavior" name="No_errors_are_generated" />
    </UnitTest>
    <UnitTest name="System.CommandLine.Tests.CompletionTests.Option_GetCompletions_returns_argument_completions_if_configured" storage="c:\dev\command-line-api\src\system.commandline.tests\bin\debug\net462\system.commandline.tests.dll" id="44af512f-0be6-8af9-f4c8-513cd80bb544">
      <Execution id="2e455189-8a75-408f-8828-efab29ab8b5b" />
      <TestMethod codeBase="C:\dev\command-line-api\src\System.CommandLine.Tests\bin\Debug\net462\System.CommandLine.Tests.dll" adapterTypeName="executor://xunit/VsTestRunner2/net" className="System.CommandLine.Tests.CompletionTests" name="Option_GetCompletions_returns_argument_completions_if_configured" />
    </UnitTest>
    <UnitTest name="System.CommandLine.Tests.Help.HelpBuilderTests.Help_layout_has_not_changed" storage="c:\dev\command-line-api\src\system.commandline.tests\bin\debug\net462\system.commandline.tests.dll" id="0351d9d0-3327-df80-c4cf-fd916c7a2614">
      <Execution id="573cb809-54cc-451d-a877-e1e7ff5c0c6f" />
      <TestMethod codeBase="C:\dev\command-line-api\src\System.CommandLine.Tests\bin\Debug\net462\System.CommandLine.Tests.dll" adapterTypeName="executor://xunit/VsTestRunner2/net" className="System.CommandLine.Tests.Help.HelpBuilderTests" name="Help_layout_has_not_changed" />
    </UnitTest>
    <UnitTest name="System.CommandLine.Tests.ArgumentTests+CustomParsing.Symbol_can_be_found_without_explicitly_traversing_result_tree(commandLine: &quot;-x value-x -y value-y&quot;)" storage="c:\dev\command-line-api\src\system.commandline.tests\bin\debug\net462\system.commandline.tests.dll" id="c48ae148-0ba6-4280-c833-f26892cba006">
      <Execution id="4784e853-5fcd-4cec-8c1c-246e45b8c345" />
      <TestMethod codeBase="C:\dev\command-line-api\src\System.CommandLine.Tests\bin\Debug\net462\System.CommandLine.Tests.dll" adapterTypeName="executor://xunit/VsTestRunner2/net" className="System.CommandLine.Tests.ArgumentTests+CustomParsing" name="Symbol_can_be_found_without_explicitly_traversing_result_tree" />
    </UnitTest>
    <UnitTest name="System.CommandLine.Tests.Binding.TypeConversionTests.Bool_parses_as_true_when_the_option_has_been_applied(commandLine: &quot;the-command -x true&quot;)" storage="c:\dev\command-line-api\src\system.commandline.tests\bin\debug\net462\system.commandline.tests.dll" id="b383fd6c-7f9d-a34b-7857-1290cf788af5">
      <Execution id="7c14c889-69ea-474d-b4b5-a8f1afc6b12e" />
      <TestMethod codeBase="C:\dev\command-line-api\src\System.CommandLine.Tests\bin\Debug\net462\System.CommandLine.Tests.dll" adapterTypeName="executor://xunit/VsTestRunner2/net" className="System.CommandLine.Tests.Binding.TypeConversionTests" name="Bool_parses_as_true_when_the_option_has_been_applied" />
    </UnitTest>
    <UnitTest name="System.CommandLine.Tests.ParserTests+MultiplePositions.A_command_can_be_specified_in_more_than_one_position(commandLine: &quot;outer inner1 reused --the-option 123&quot;, expectedParent: &quot;inner1&quot;)" storage="c:\dev\command-line-api\src\system.commandline.tests\bin\debug\net462\system.commandline.tests.dll" id="9660105a-5220-ee33-0c49-e88a33d03481">
      <Execution id="3d3090e1-12fa-4a2e-b7de-37e647e06425" />
      <TestMethod codeBase="C:\dev\command-line-api\src\System.CommandLine.Tests\bin\Debug\net462\System.CommandLine.Tests.dll" adapterTypeName="executor://xunit/VsTestRunner2/net" className="System.CommandLine.Tests.ParserTests+MultiplePositions" name="A_command_can_be_specified_in_more_than_one_position" />
    </UnitTest>
    <UnitTest name="System.CommandLine.Tests.UseExceptionHandlerTests.When_thrown_exception_is_from_cancelation_no_output_is_generated" storage="c:\dev\command-line-api\src\system.commandline.tests\bin\debug\net462\system.commandline.tests.dll" id="c952e77d-babe-d985-78b2-05a56de7d165">
      <Execution id="9c50fa13-29e8-48a0-9135-3442434897aa" />
      <TestMethod codeBase="C:\dev\command-line-api\src\System.CommandLine.Tests\bin\Debug\net462\System.CommandLine.Tests.dll" adapterTypeName="executor://xunit/VsTestRunner2/net" className="System.CommandLine.Tests.UseExceptionHandlerTests" name="When_thrown_exception_is_from_cancelation_no_output_is_generated" />
    </UnitTest>
    <UnitTest name="System.CommandLine.Tests.ParserTests.An_outer_command_with_the_same_name_does_not_capture" storage="c:\dev\command-line-api\src\system.commandline.tests\bin\debug\net462\system.commandline.tests.dll" id="f2920f73-08d4-cbc6-9fe0-618c126416ab">
      <Execution id="ece0994e-2b65-47e6-8ba5-823a3ffabb5e" />
      <TestMethod codeBase="C:\dev\command-line-api\src\System.CommandLine.Tests\bin\Debug\net462\System.CommandLine.Tests.dll" adapterTypeName="executor://xunit/VsTestRunner2/net" className="System.CommandLine.Tests.ParserTests" name="An_outer_command_with_the_same_name_does_not_capture" />
    </UnitTest>
    <UnitTest name="System.CommandLine.Tests.Binding.TypeConversionTests.Sequence_type_defaults_to_empty_when_not_specified(sequenceType: typeof(System.Collections.Generic.IEnumerable&lt;System.IO.FileAccess&gt;))" storage="c:\dev\command-line-api\src\system.commandline.tests\bin\debug\net462\system.commandline.tests.dll" id="77b9d51a-a279-5421-de35-5438da9e49df">
      <Execution id="de717c54-25a2-4d1e-b1bd-b1e0bb2be583" />
      <TestMethod codeBase="C:\dev\command-line-api\src\System.CommandLine.Tests\bin\Debug\net462\System.CommandLine.Tests.dll" adapterTypeName="executor://xunit/VsTestRunner2/net" className="System.CommandLine.Tests.Binding.TypeConversionTests" name="Sequence_type_defaults_to_empty_when_not_specified" />
    </UnitTest>
    <UnitTest name="System.CommandLine.Tests.ParsingValidationTests.Multiple_validators_on_the_same_option_do_not_report_duplicate_errors" storage="c:\dev\command-line-api\src\system.commandline.tests\bin\debug\net462\system.commandline.tests.dll" id="57c9ab83-c808-b779-ff24-fd51d6596505">
      <Execution id="25653962-fbbe-4c0a-ac86-b1d240fb2b41" />
      <TestMethod codeBase="C:\dev\command-line-api\src\System.CommandLine.Tests\bin\Debug\net462\System.CommandLine.Tests.dll" adapterTypeName="executor://xunit/VsTestRunner2/net" className="System.CommandLine.Tests.ParsingValidationTests" name="Multiple_validators_on_the_same_option_do_not_report_duplicate_errors" />
    </UnitTest>
    <UnitTest name="System.CommandLine.Tests.DirectiveTests.Directives_must_have_a_non_empty_key(directive: &quot;[]&quot;)" storage="c:\dev\command-line-api\src\system.commandline.tests\bin\debug\net462\system.commandline.tests.dll" id="4ad0ed94-8848-7f0a-6dcf-2ea144627864">
      <Execution id="b6e49e7c-aab5-46d2-80ce-5edc7794ea54" />
      <TestMethod codeBase="C:\dev\command-line-api\src\System.CommandLine.Tests\bin\Debug\net462\System.CommandLine.Tests.dll" adapterTypeName="executor://xunit/VsTestRunner2/net" className="System.CommandLine.Tests.DirectiveTests" name="Directives_must_have_a_non_empty_key" />
    </UnitTest>
    <UnitTest name="System.CommandLine.Tests.Help.HelpBuilderTests.Usage_section_shows_arguments_if_there_are_arguments_for_command_when_there_is_one_argument(minArity: 1, maxArity: 2, expectedArgsUsage: &quot;&lt;the-args&gt;...&quot;)" storage="c:\dev\command-line-api\src\system.commandline.tests\bin\debug\net462\system.commandline.tests.dll" id="7f8f60c9-4b08-46e4-a815-fccfff3c2537">
      <Execution id="3e92afab-af2d-4dc5-9538-8e6529a97ff2" />
      <TestMethod codeBase="C:\dev\command-line-api\src\System.CommandLine.Tests\bin\Debug\net462\System.CommandLine.Tests.dll" adapterTypeName="executor://xunit/VsTestRunner2/net" className="System.CommandLine.Tests.Help.HelpBuilderTests" name="Usage_section_shows_arguments_if_there_are_arguments_for_command_when_there_is_one_argument" />
    </UnitTest>
    <UnitTest name="System.CommandLine.Tests.ParserTests.Required_arguments_on_grandparent_commands_do_not_create_parse_errors_when_an_inner_command_is_specified" storage="c:\dev\command-line-api\src\system.commandline.tests\bin\debug\net462\system.commandline.tests.dll" id="817bdf08-3485-d1c9-9df0-b33fcaa3fee8">
      <Execution id="5ff75d54-3ce8-4bdf-b599-dbe608492c52" />
      <TestMethod codeBase="C:\dev\command-line-api\src\System.CommandLine.Tests\bin\Debug\net462\System.CommandLine.Tests.dll" adapterTypeName="executor://xunit/VsTestRunner2/net" className="System.CommandLine.Tests.ParserTests" name="Required_arguments_on_grandparent_commands_do_not_create_parse_errors_when_an_inner_command_is_specified" />
    </UnitTest>
    <UnitTest name="System.CommandLine.Tests.UseExceptionHandlerTests.UseExceptionHandler_catches_middleware_exceptions_and_writes_details_to_standard_error" storage="c:\dev\command-line-api\src\system.commandline.tests\bin\debug\net462\system.commandline.tests.dll" id="259b2f6d-2f3d-c992-812b-c1502af0b55f">
      <Execution id="719d1539-67b2-4c0e-b157-d002ddff6b3c" />
      <TestMethod codeBase="C:\dev\command-line-api\src\System.CommandLine.Tests\bin\Debug\net462\System.CommandLine.Tests.dll" adapterTypeName="executor://xunit/VsTestRunner2/net" className="System.CommandLine.Tests.UseExceptionHandlerTests" name="UseExceptionHandler_catches_middleware_exceptions_and_writes_details_to_standard_error" />
    </UnitTest>
    <UnitTest name="System.CommandLine.Tests.ResponseFileTests.Response_file_can_contain_blank_lines" storage="c:\dev\command-line-api\src\system.commandline.tests\bin\debug\net462\system.commandline.tests.dll" id="b6a0cb6c-8197-2edd-b0c6-d16c52db3d64">
      <Execution id="24a513bc-1102-459d-9d82-91e820ac1d68" />
      <TestMethod codeBase="C:\dev\command-line-api\src\System.CommandLine.Tests\bin\Debug\net462\System.CommandLine.Tests.dll" adapterTypeName="executor://xunit/VsTestRunner2/net" className="System.CommandLine.Tests.ResponseFileTests" name="Response_file_can_contain_blank_lines" />
    </UnitTest>
    <UnitTest name="System.CommandLine.Tests.Parsing.CommandLineStringSplitterTests.It_splits_strings_based_on_whitespace(commandLine: &quot; one\r\ntwo\r\nthree\r\nfour\r\n&quot;)" storage="c:\dev\command-line-api\src\system.commandline.tests\bin\debug\net462\system.commandline.tests.dll" id="71d6a4c0-8a9e-dc82-bc19-e2f92f0b198e">
      <Execution id="f9b6ffda-1696-48e6-b032-6978ee9ac46d" />
      <TestMethod codeBase="C:\dev\command-line-api\src\System.CommandLine.Tests\bin\Debug\net462\System.CommandLine.Tests.dll" adapterTypeName="executor://xunit/VsTestRunner2/net" className="System.CommandLine.Tests.Parsing.CommandLineStringSplitterTests" name="It_splits_strings_based_on_whitespace" />
    </UnitTest>
    <UnitTest name="System.CommandLine.Tests.ParserTests.Parse_can_be_called_with_null_args" storage="c:\dev\command-line-api\src\system.commandline.tests\bin\debug\net462\system.commandline.tests.dll" id="cf72cf81-666e-ca1b-47f3-876186b4e8d2">
      <Execution id="198e39af-1a4e-46fb-99db-f97d21316a24" />
      <TestMethod codeBase="C:\dev\command-line-api\src\System.CommandLine.Tests\bin\Debug\net462\System.CommandLine.Tests.dll" adapterTypeName="executor://xunit/VsTestRunner2/net" className="System.CommandLine.Tests.ParserTests" name="Parse_can_be_called_with_null_args" />
    </UnitTest>
    <UnitTest name="System.CommandLine.Tests.OptionTests+MultipleArgumentsPerToken+Allowed.All_consumed_tokens_are_present_in_option_result" storage="c:\dev\command-line-api\src\system.commandline.tests\bin\debug\net462\system.commandline.tests.dll" id="a9a3fc0a-b94f-7b0e-d632-6e36a711aa9e">
      <Execution id="52c6eb6a-97e5-4a1f-8545-ac4eb737bfd2" />
      <TestMethod codeBase="C:\dev\command-line-api\src\System.CommandLine.Tests\bin\Debug\net462\System.CommandLine.Tests.dll" adapterTypeName="executor://xunit/VsTestRunner2/net" className="System.CommandLine.Tests.OptionTests+MultipleArgumentsPerToken+Allowed" name="All_consumed_tokens_are_present_in_option_result" />
    </UnitTest>
    <UnitTest name="System.CommandLine.Tests.ParsingValidationTests+FileExistence.An_option_argument_can_be_invalid_based_on_directory_existence" storage="c:\dev\command-line-api\src\system.commandline.tests\bin\debug\net462\system.commandline.tests.dll" id="779d1767-8bb5-20e7-405e-258e0aca4c00">
      <Execution id="f94377c7-4117-4fbb-be0c-b25534b4ee8f" />
      <TestMethod codeBase="C:\dev\command-line-api\src\System.CommandLine.Tests\bin\Debug\net462\System.CommandLine.Tests.dll" adapterTypeName="executor://xunit/VsTestRunner2/net" className="System.CommandLine.Tests.ParsingValidationTests+FileExistence" name="An_option_argument_can_be_invalid_based_on_directory_existence" />
    </UnitTest>
    <UnitTest name="System.CommandLine.Tests.ParserTests.Commands_can_have_default_argument_values" storage="c:\dev\command-line-api\src\system.commandline.tests\bin\debug\net462\system.commandline.tests.dll" id="f2f721e5-24e2-5524-2d84-1567c1045d78">
      <Execution id="1541f783-d4ce-4bd1-9a6b-c3dbd14b2c55" />
      <TestMethod codeBase="C:\dev\command-line-api\src\System.CommandLine.Tests\bin\Debug\net462\System.CommandLine.Tests.dll" adapterTypeName="executor://xunit/VsTestRunner2/net" className="System.CommandLine.Tests.ParserTests" name="Commands_can_have_default_argument_values" />
    </UnitTest>
    <UnitTest name="System.CommandLine.Tests.ParsingValidationTests+FileNameValidity.LegalFileNamesOnly_rejects_command_arguments_containing_invalid_file_name_characters" storage="c:\dev\command-line-api\src\system.commandline.tests\bin\debug\net462\system.commandline.tests.dll" id="dae8352c-92bd-e8d1-a2a7-e96dfc77fe9f">
      <Execution id="7b69c67d-3d21-42e4-8820-3936797ef656" />
      <TestMethod codeBase="C:\dev\command-line-api\src\System.CommandLine.Tests\bin\Debug\net462\System.CommandLine.Tests.dll" adapterTypeName="executor://xunit/VsTestRunner2/net" className="System.CommandLine.Tests.ParsingValidationTests+FileNameValidity" name="LegalFileNamesOnly_rejects_command_arguments_containing_invalid_file_name_characters" />
    </UnitTest>
    <UnitTest name="System.CommandLine.Tests.Binding.TypeConversionTests.Max_arity_greater_than_1_converts_to_enumerable_types(minArity: 0, maxArity: 100000, argumentType: typeof(System.Collections.Generic.IList&lt;string&gt;))" storage="c:\dev\command-line-api\src\system.commandline.tests\bin\debug\net462\system.commandline.tests.dll" id="14b232d2-f082-89d0-7be4-32a22802eb20">
      <Execution id="e06d347d-a6d3-40dd-b478-5eb70bc39276" />
      <TestMethod codeBase="C:\dev\command-line-api\src\System.CommandLine.Tests\bin\Debug\net462\System.CommandLine.Tests.dll" adapterTypeName="executor://xunit/VsTestRunner2/net" className="System.CommandLine.Tests.Binding.TypeConversionTests" name="Max_arity_greater_than_1_converts_to_enumerable_types" />
    </UnitTest>
    <UnitTest name="System.CommandLine.Tests.ParsingValidationTests+FileExistence.Option_argument_does_not_return_errors_when_Directory_exists" storage="c:\dev\command-line-api\src\system.commandline.tests\bin\debug\net462\system.commandline.tests.dll" id="7b2554e4-dcc6-8434-7750-cd47ed3a7858">
      <Execution id="15edf8d4-b0e4-49cf-9be7-bc8df24c07da" />
      <TestMethod codeBase="C:\dev\command-line-api\src\System.CommandLine.Tests\bin\Debug\net462\System.CommandLine.Tests.dll" adapterTypeName="executor://xunit/VsTestRunner2/net" className="System.CommandLine.Tests.ParsingValidationTests+FileExistence" name="Option_argument_does_not_return_errors_when_Directory_exists" />
    </UnitTest>
    <UnitTest name="System.CommandLine.Tests.CommandTests.When_a_command_is_created_with_an_alias_that_contains_whitespace_then_an_informative_error_is_returned(alias: &quot; aa&quot;)" storage="c:\dev\command-line-api\src\system.commandline.tests\bin\debug\net462\system.commandline.tests.dll" id="ae218cb8-6086-102a-b05e-1b0bc295b64e">
      <Execution id="c1841a1a-9d5e-457a-9fa3-9ac48eac5c97" />
      <TestMethod codeBase="C:\dev\command-line-api\src\System.CommandLine.Tests\bin\Debug\net462\System.CommandLine.Tests.dll" adapterTypeName="executor://xunit/VsTestRunner2/net" className="System.CommandLine.Tests.CommandTests" name="When_a_command_is_created_with_an_alias_that_contains_whitespace_then_an_informative_error_is_returned" />
    </UnitTest>
    <UnitTest name="System.CommandLine.Tests.Help.HelpBuilderTests.Option_argument_usage_is_empty_for_boolean_values(nullable: True)" storage="c:\dev\command-line-api\src\system.commandline.tests\bin\debug\net462\system.commandline.tests.dll" id="0b629dad-3f66-d293-5c73-d74fa2bbe913">
      <Execution id="06137c67-e747-4964-b51e-b46475d0c003" />
      <TestMethod codeBase="C:\dev\command-line-api\src\System.CommandLine.Tests\bin\Debug\net462\System.CommandLine.Tests.dll" adapterTypeName="executor://xunit/VsTestRunner2/net" className="System.CommandLine.Tests.Help.HelpBuilderTests" name="Option_argument_usage_is_empty_for_boolean_values" />
    </UnitTest>
    <UnitTest name="System.CommandLine.Tests.ArgumentTests+CustomParsing.HasDefaultValue_can_be_set_to_false" storage="c:\dev\command-line-api\src\system.commandline.tests\bin\debug\net462\system.commandline.tests.dll" id="2fc237fe-8655-367b-91c5-2d22d7670839">
      <Execution id="a4267d1b-d816-4115-8238-1efdf07ccf8c" />
      <TestMethod codeBase="C:\dev\command-line-api\src\System.CommandLine.Tests\bin\Debug\net462\System.CommandLine.Tests.dll" adapterTypeName="executor://xunit/VsTestRunner2/net" className="System.CommandLine.Tests.ArgumentTests+CustomParsing" name="HasDefaultValue_can_be_set_to_false" />
    </UnitTest>
    <UnitTest name="System.CommandLine.Tests.ParserTests+RootCommandAndArg0.When_parsing_an_unsplit_string_then_input_a_full_path_to_an_executable_is_matched_by_the_root_command" storage="c:\dev\command-line-api\src\system.commandline.tests\bin\debug\net462\system.commandline.tests.dll" id="45d811de-230f-a3d8-24fa-6bb76d15f674">
      <Execution id="98ca145e-b208-4a9d-9f6b-b7f0a6e99ffb" />
      <TestMethod codeBase="C:\dev\command-line-api\src\System.CommandLine.Tests\bin\Debug\net462\System.CommandLine.Tests.dll" adapterTypeName="executor://xunit/VsTestRunner2/net" className="System.CommandLine.Tests.ParserTests+RootCommandAndArg0" name="When_parsing_an_unsplit_string_then_input_a_full_path_to_an_executable_is_matched_by_the_root_command" />
    </UnitTest>
    <UnitTest name="System.CommandLine.Tests.ParseResultTests.An_option_with_a_default_value_and_no_explicitly_provided_argument_has_an_empty_arguments_property" storage="c:\dev\command-line-api\src\system.commandline.tests\bin\debug\net462\system.commandline.tests.dll" id="a9cc297c-c7a7-4f0d-2ea9-36b9afae028b">
      <Execution id="00c01c24-c4d6-46fc-bd1a-e0dd8c50c8ac" />
      <TestMethod codeBase="C:\dev\command-line-api\src\System.CommandLine.Tests\bin\Debug\net462\System.CommandLine.Tests.dll" adapterTypeName="executor://xunit/VsTestRunner2/net" className="System.CommandLine.Tests.ParseResultTests" name="An_option_with_a_default_value_and_no_explicitly_provided_argument_has_an_empty_arguments_property" />
    </UnitTest>
    <UnitTest name="System.CommandLine.Tests.Binding.SetHandlerTests.Binding_is_correct_for_Func_overload_having_arity_(arity: 7)" storage="c:\dev\command-line-api\src\system.commandline.tests\bin\debug\net462\system.commandline.tests.dll" id="a3707569-ae4c-898f-6fa3-72df0b13c95f">
      <Execution id="5ec8b3fb-315f-4cc0-92ca-f4e57553a47e" />
      <TestMethod codeBase="C:\dev\command-line-api\src\System.CommandLine.Tests\bin\Debug\net462\System.CommandLine.Tests.dll" adapterTypeName="executor://xunit/VsTestRunner2/net" className="System.CommandLine.Tests.Binding.SetHandlerTests" name="Binding_is_correct_for_Func_overload_having_arity_" />
    </UnitTest>
    <UnitTest name="System.CommandLine.Tests.Binding.TypeConversionTests.Values_can_be_correctly_converted_to_nullable_sbyte_without_the_parser_specifying_a_custom_converter" storage="c:\dev\command-line-api\src\system.commandline.tests\bin\debug\net462\system.commandline.tests.dll" id="1c20baf1-7119-9b0d-a43b-88f180c69ef0">
      <Execution id="1aa65883-d298-438b-b047-ba5989552817" />
      <TestMethod codeBase="C:\dev\command-line-api\src\System.CommandLine.Tests\bin\Debug\net462\System.CommandLine.Tests.dll" adapterTypeName="executor://xunit/VsTestRunner2/net" className="System.CommandLine.Tests.Binding.TypeConversionTests" name="Values_can_be_correctly_converted_to_nullable_sbyte_without_the_parser_specifying_a_custom_converter" />
    </UnitTest>
    <UnitTest name="System.CommandLine.Tests.SplitCommandLineTests.It_does_not_split_double_quote_delimited_values_when_a_non_whitespace_argument_delimiter_is_used(prefix: &quot;/&quot;, delimiter: ':')" storage="c:\dev\command-line-api\src\system.commandline.tests\bin\debug\net462\system.commandline.tests.dll" id="1a7b803c-e22e-e6a7-0169-72221a5ad6b5">
      <Execution id="5c8e2893-82f3-4767-b5a4-3ad8bcc5a7a7" />
      <TestMethod codeBase="C:\dev\command-line-api\src\System.CommandLine.Tests\bin\Debug\net462\System.CommandLine.Tests.dll" adapterTypeName="executor://xunit/VsTestRunner2/net" className="System.CommandLine.Tests.SplitCommandLineTests" name="It_does_not_split_double_quote_delimited_values_when_a_non_whitespace_argument_delimiter_is_used" />
    </UnitTest>
    <UnitTest name="System.CommandLine.Tests.Help.HelpBuilderTests.Help_describes_default_values_for_subcommand_with_multiple_defaultable_arguments" storage="c:\dev\command-line-api\src\system.commandline.tests\bin\debug\net462\system.commandline.tests.dll" id="aa30ed8f-2999-9380-18e0-e2ecbf1e7426">
      <Execution id="1f607897-1c25-454f-a99e-d104ee282cbe" />
      <TestMethod codeBase="C:\dev\command-line-api\src\System.CommandLine.Tests\bin\Debug\net462\System.CommandLine.Tests.dll" adapterTypeName="executor://xunit/VsTestRunner2/net" className="System.CommandLine.Tests.Help.HelpBuilderTests" name="Help_describes_default_values_for_subcommand_with_multiple_defaultable_arguments" />
    </UnitTest>
    <UnitTest name="System.CommandLine.Tests.UseHelpTests.UseHelp_can_be_called_more_than_once_on_the_same_command_with_different_CommandLineBuilders(commandline: &quot;inner -h&quot;)" storage="c:\dev\command-line-api\src\system.commandline.tests\bin\debug\net462\system.commandline.tests.dll" id="9eec9fcb-0edd-4449-d718-a46e4a5d33fc">
      <Execution id="7980846e-4c04-4df4-92a9-cf0114b40a6e" />
      <TestMethod codeBase="C:\dev\command-line-api\src\System.CommandLine.Tests\bin\Debug\net462\System.CommandLine.Tests.dll" adapterTypeName="executor://xunit/VsTestRunner2/net" className="System.CommandLine.Tests.UseHelpTests" name="UseHelp_can_be_called_more_than_once_on_the_same_command_with_different_CommandLineBuilders" />
    </UnitTest>
    <UnitTest name="System.CommandLine.Tests.VersionOptionTests.When_the_version_option_is_specified_and_there_are_default_arguments_then_the_version_is_written_to_standard_out" storage="c:\dev\command-line-api\src\system.commandline.tests\bin\debug\net462\system.commandline.tests.dll" id="e5aa1e96-d9a3-bb68-f4b1-e034f912e563">
      <Execution id="2e40207c-2258-410c-8f89-d2e28f28cb98" />
      <TestMethod codeBase="C:\dev\command-line-api\src\System.CommandLine.Tests\bin\Debug\net462\System.CommandLine.Tests.dll" adapterTypeName="executor://xunit/VsTestRunner2/net" className="System.CommandLine.Tests.VersionOptionTests" name="When_the_version_option_is_specified_and_there_are_default_arguments_then_the_version_is_written_to_standard_out" />
    </UnitTest>
    <UnitTest name="System.CommandLine.Tests.ParsingValidationTests+PathValidity.LegalFilePathsOnly_rejects_command_arguments_containing_invalid_path_characters" storage="c:\dev\command-line-api\src\system.commandline.tests\bin\debug\net462\system.commandline.tests.dll" id="0b557c4d-f521-ec7c-76ad-b001c56a0e30">
      <Execution id="ce5aa8f8-4dc9-484e-b764-dc02e68ad710" />
      <TestMethod codeBase="C:\dev\command-line-api\src\System.CommandLine.Tests\bin\Debug\net462\System.CommandLine.Tests.dll" adapterTypeName="executor://xunit/VsTestRunner2/net" className="System.CommandLine.Tests.ParsingValidationTests+PathValidity" name="LegalFilePathsOnly_rejects_command_arguments_containing_invalid_path_characters" />
    </UnitTest>
    <UnitTest name="System.CommandLine.Tests.Binding.TypeConversionTests.Values_can_be_correctly_converted_to_IEnumerable_of_int_without_the_parser_specifying_a_custom_converter" storage="c:\dev\command-line-api\src\system.commandline.tests\bin\debug\net462\system.commandline.tests.dll" id="6ce16860-5086-8779-ca92-317e7e82f7ab">
      <Execution id="16a6cec8-3c03-439d-924c-46947f51d15f" />
      <TestMethod codeBase="C:\dev\command-line-api\src\System.CommandLine.Tests\bin\Debug\net462\System.CommandLine.Tests.dll" adapterTypeName="executor://xunit/VsTestRunner2/net" className="System.CommandLine.Tests.Binding.TypeConversionTests" name="Values_can_be_correctly_converted_to_IEnumerable_of_int_without_the_parser_specifying_a_custom_converter" />
    </UnitTest>
    <UnitTest name="System.CommandLine.Tests.Help.HelpBuilderTests.Arguments_section_includes_configured_argument_aliases" storage="c:\dev\command-line-api\src\system.commandline.tests\bin\debug\net462\system.commandline.tests.dll" id="0af71caa-acbe-a5da-174f-71448d11ecbf">
      <Execution id="ffce1f4a-ae93-47e0-b3a6-c2812fb2ae37" />
      <TestMethod codeBase="C:\dev\command-line-api\src\System.CommandLine.Tests\bin\Debug\net462\System.CommandLine.Tests.dll" adapterTypeName="executor://xunit/VsTestRunner2/net" className="System.CommandLine.Tests.Help.HelpBuilderTests" name="Arguments_section_includes_configured_argument_aliases" />
    </UnitTest>
    <UnitTest name="System.CommandLine.Tests.Help.HelpBuilderTests+Customization.Command_arguments_can_customize_default_value" storage="c:\dev\command-line-api\src\system.commandline.tests\bin\debug\net462\system.commandline.tests.dll" id="260fef9d-c332-cb08-542c-1362647c8eb6">
      <Execution id="cc524146-2490-4108-9d27-e2ccb8eced5f" />
      <TestMethod codeBase="C:\dev\command-line-api\src\System.CommandLine.Tests\bin\Debug\net462\System.CommandLine.Tests.dll" adapterTypeName="executor://xunit/VsTestRunner2/net" className="System.CommandLine.Tests.Help.HelpBuilderTests+Customization" name="Command_arguments_can_customize_default_value" />
    </UnitTest>
    <UnitTest name="System.CommandLine.Tests.Help.HelpBuilderTests.Subcommand_help_does_not_include_names_of_sibling_commands" storage="c:\dev\command-line-api\src\system.commandline.tests\bin\debug\net462\system.commandline.tests.dll" id="2d85f8e9-ef79-0be5-2d84-116ff57aa6a5">
      <Execution id="73483573-8493-464b-8ce3-a7e3c335ad16" />
      <TestMethod codeBase="C:\dev\command-line-api\src\System.CommandLine.Tests\bin\Debug\net462\System.CommandLine.Tests.dll" adapterTypeName="executor://xunit/VsTestRunner2/net" className="System.CommandLine.Tests.Help.HelpBuilderTests" name="Subcommand_help_does_not_include_names_of_sibling_commands" />
    </UnitTest>
    <UnitTest name="System.CommandLine.Tests.ParserTests+MultipleArguments.Tokens_that_cannot_be_converted_by_multiple_arity_argument_flow_to_next_multiple_arity_argument" storage="c:\dev\command-line-api\src\system.commandline.tests\bin\debug\net462\system.commandline.tests.dll" id="d199125b-17ff-0f25-fe5f-914b4463f2d7">
      <Execution id="075fd451-2310-47ee-8866-ea3993be09ae" />
      <TestMethod codeBase="C:\dev\command-line-api\src\System.CommandLine.Tests\bin\Debug\net462\System.CommandLine.Tests.dll" adapterTypeName="executor://xunit/VsTestRunner2/net" className="System.CommandLine.Tests.ParserTests+MultipleArguments" name="Tokens_that_cannot_be_converted_by_multiple_arity_argument_flow_to_next_multiple_arity_argument" />
    </UnitTest>
    <UnitTest name="System.CommandLine.Tests.ResourceLocalizationTests.Default_validation_messages_can_be_replaced_using_CommandLineBuilder_in_order_to_add_localization_support" storage="c:\dev\command-line-api\src\system.commandline.tests\bin\debug\net462\system.commandline.tests.dll" id="4317cbca-c033-c7eb-0e31-e5c4b14f92aa">
      <Execution id="8e7dcf74-71a3-45db-ab36-ad01d5935307" />
      <TestMethod codeBase="C:\dev\command-line-api\src\System.CommandLine.Tests\bin\Debug\net462\System.CommandLine.Tests.dll" adapterTypeName="executor://xunit/VsTestRunner2/net" className="System.CommandLine.Tests.ResourceLocalizationTests" name="Default_validation_messages_can_be_replaced_using_CommandLineBuilder_in_order_to_add_localization_support" />
    </UnitTest>
    <UnitTest name="System.CommandLine.Tests.Binding.TypeConversionTests.Sequence_type_defaults_to_empty_when_not_specified(sequenceType: typeof(System.Collections.Generic.IList&lt;string&gt;))" storage="c:\dev\command-line-api\src\system.commandline.tests\bin\debug\net462\system.commandline.tests.dll" id="6f801ac9-c4de-b875-f7a6-b1992e189ae8">
      <Execution id="91df2010-a0fe-46ca-8a5a-40e0b492d67f" />
      <TestMethod codeBase="C:\dev\command-line-api\src\System.CommandLine.Tests\bin\Debug\net462\System.CommandLine.Tests.dll" adapterTypeName="executor://xunit/VsTestRunner2/net" className="System.CommandLine.Tests.Binding.TypeConversionTests" name="Sequence_type_defaults_to_empty_when_not_specified" />
    </UnitTest>
    <UnitTest name="System.CommandLine.Tests.ResponseFileTests.Response_file_can_provide_subcommand_arguments" storage="c:\dev\command-line-api\src\system.commandline.tests\bin\debug\net462\system.commandline.tests.dll" id="a5cd94cd-a902-4ef2-b236-0d2cbcce9825">
      <Execution id="b2ee2802-9343-4d12-b8e9-7eb97ad8becc" />
      <TestMethod codeBase="C:\dev\command-line-api\src\System.CommandLine.Tests\bin\Debug\net462\System.CommandLine.Tests.dll" adapterTypeName="executor://xunit/VsTestRunner2/net" className="System.CommandLine.Tests.ResponseFileTests" name="Response_file_can_provide_subcommand_arguments" />
    </UnitTest>
    <UnitTest name="System.CommandLine.Tests.CommandLineConfigurationTests.ThrowIfInvalid_does_not_throw_if_global_option_alias_is_the_same_as_local_option_alias" storage="c:\dev\command-line-api\src\system.commandline.tests\bin\debug\net462\system.commandline.tests.dll" id="c3dba931-c736-9f6a-b322-a68554fbf891">
      <Execution id="082d4544-264d-41f8-a8cf-bf7829c5c994" />
      <TestMethod codeBase="C:\dev\command-line-api\src\System.CommandLine.Tests\bin\Debug\net462\System.CommandLine.Tests.dll" adapterTypeName="executor://xunit/VsTestRunner2/net" className="System.CommandLine.Tests.CommandLineConfigurationTests" name="ThrowIfInvalid_does_not_throw_if_global_option_alias_is_the_same_as_local_option_alias" />
    </UnitTest>
    <UnitTest name="System.CommandLine.Tests.Binding.TypeConversionTests.Argument_parses_as_the_default_value_when_the_option_has_not_been_applied" storage="c:\dev\command-line-api\src\system.commandline.tests\bin\debug\net462\system.commandline.tests.dll" id="707786f0-7818-268b-720f-b8c3e8aa5dc8">
      <Execution id="145dbcbf-b878-419f-bef9-65fc0e8b22b3" />
      <TestMethod codeBase="C:\dev\command-line-api\src\System.CommandLine.Tests\bin\Debug\net462\System.CommandLine.Tests.dll" adapterTypeName="executor://xunit/VsTestRunner2/net" className="System.CommandLine.Tests.Binding.TypeConversionTests" name="Argument_parses_as_the_default_value_when_the_option_has_not_been_applied" />
    </UnitTest>
    <UnitTest name="System.CommandLine.Tests.Binding.TypeConversionTests.Values_can_be_correctly_converted_to_nullable_Guid_without_the_parser_specifying_a_custom_converter" storage="c:\dev\command-line-api\src\system.commandline.tests\bin\debug\net462\system.commandline.tests.dll" id="04e51b36-03b1-34d5-f535-16a18e5d3e98">
      <Execution id="dba4d602-3a5e-4f2a-a29e-3faf716bdca8" />
      <TestMethod codeBase="C:\dev\command-line-api\src\System.CommandLine.Tests\bin\Debug\net462\System.CommandLine.Tests.dll" adapterTypeName="executor://xunit/VsTestRunner2/net" className="System.CommandLine.Tests.Binding.TypeConversionTests" name="Values_can_be_correctly_converted_to_nullable_Guid_without_the_parser_specifying_a_custom_converter" />
    </UnitTest>
    <UnitTest name="System.CommandLine.Tests.Help.HelpBuilderTests.Constructor_ignores_non_positive_max_width(maxWidth: -2147483648)" storage="c:\dev\command-line-api\src\system.commandline.tests\bin\debug\net462\system.commandline.tests.dll" id="ca149993-f6be-2b63-d040-67a444cc3760">
      <Execution id="02baf7d0-f3f7-42dd-9316-f0e26a48a5e8" />
      <TestMethod codeBase="C:\dev\command-line-api\src\System.CommandLine.Tests\bin\Debug\net462\System.CommandLine.Tests.dll" adapterTypeName="executor://xunit/VsTestRunner2/net" className="System.CommandLine.Tests.Help.HelpBuilderTests" name="Constructor_ignores_non_positive_max_width" />
    </UnitTest>
    <UnitTest name="System.CommandLine.Tests.CompletionTests.When_parsing_from_text_if_the_proximate_option_is_completed_then_completions_consider_other_option_tokens" storage="c:\dev\command-line-api\src\system.commandline.tests\bin\debug\net462\system.commandline.tests.dll" id="130f5588-98db-6b1d-ca48-bcfd91f22303">
      <Execution id="59355e69-0457-4fa6-9f55-2b94776fab20" />
      <TestMethod codeBase="C:\dev\command-line-api\src\System.CommandLine.Tests\bin\Debug\net462\System.CommandLine.Tests.dll" adapterTypeName="executor://xunit/VsTestRunner2/net" className="System.CommandLine.Tests.CompletionTests" name="When_parsing_from_text_if_the_proximate_option_is_completed_then_completions_consider_other_option_tokens" />
    </UnitTest>
    <UnitTest name="System.CommandLine.Tests.ParserTests.When_an_argument_with_a_default_value_is_not_matched_then_there_are_no_tokens" storage="c:\dev\command-line-api\src\system.commandline.tests\bin\debug\net462\system.commandline.tests.dll" id="e5719df1-d45a-f496-677b-e8853cdbf8d5">
      <Execution id="ea0db480-bdca-437c-81ad-9f596eff94b2" />
      <TestMethod codeBase="C:\dev\command-line-api\src\System.CommandLine.Tests\bin\Debug\net462\System.CommandLine.Tests.dll" adapterTypeName="executor://xunit/VsTestRunner2/net" className="System.CommandLine.Tests.ParserTests" name="When_an_argument_with_a_default_value_is_not_matched_then_there_are_no_tokens" />
    </UnitTest>
    <UnitTest name="System.CommandLine.Tests.CompletionTests.When_a_subcommand_has_been_specified_then_its_sibling_commands_aliases_will_not_be_suggested" storage="c:\dev\command-line-api\src\system.commandline.tests\bin\debug\net462\system.commandline.tests.dll" id="2a2b9b7d-4ec4-6b11-bd0c-29704eb955e2">
      <Execution id="096782d4-9146-4f82-a8e3-f18a14d9763f" />
      <TestMethod codeBase="C:\dev\command-line-api\src\System.CommandLine.Tests\bin\Debug\net462\System.CommandLine.Tests.dll" adapterTypeName="executor://xunit/VsTestRunner2/net" className="System.CommandLine.Tests.CompletionTests" name="When_a_subcommand_has_been_specified_then_its_sibling_commands_aliases_will_not_be_suggested" />
    </UnitTest>
    <UnitTest name="System.CommandLine.Tests.ParserTests+MultipleArguments.When_multiple_arguments_are_present_then_their_order_relative_to_sibling_options_is_not_significant(commandLine: &quot;one two three --verbose true four five&quot;)" storage="c:\dev\command-line-api\src\system.commandline.tests\bin\debug\net462\system.commandline.tests.dll" id="6b15e0c3-c25e-f743-8f79-bfb356fc0bcd">
      <Execution id="8ea537af-c88e-469b-84f6-61640e63be76" />
      <TestMethod codeBase="C:\dev\command-line-api\src\System.CommandLine.Tests\bin\Debug\net462\System.CommandLine.Tests.dll" adapterTypeName="executor://xunit/VsTestRunner2/net" className="System.CommandLine.Tests.ParserTests+MultipleArguments" name="When_multiple_arguments_are_present_then_their_order_relative_to_sibling_options_is_not_significant" />
    </UnitTest>
    <UnitTest name="System.CommandLine.Tests.Help.HelpBuilderTests+Customization.Argument_can_fallback_to_default_when_customizing(conditionA: True, conditionB: True, conditionC: False, expected: &quot;custom 1st\\s*custom 2nd\\s*\\[default\\: default\&quot;...)" storage="c:\dev\command-line-api\src\system.commandline.tests\bin\debug\net462\system.commandline.tests.dll" id="a096b663-6b69-9f43-e3ea-4afe858c5872">
      <Execution id="36af8cfa-26b2-428d-a9dc-3cbaef1c1cb8" />
      <TestMethod codeBase="C:\dev\command-line-api\src\System.CommandLine.Tests\bin\Debug\net462\System.CommandLine.Tests.dll" adapterTypeName="executor://xunit/VsTestRunner2/net" className="System.CommandLine.Tests.Help.HelpBuilderTests+Customization" name="Argument_can_fallback_to_default_when_customizing" />
    </UnitTest>
    <UnitTest name="System.CommandLine.Tests.UseExceptionHandlerTests.UseExceptionHandler_catches_command_handler_exceptions_and_writes_details_to_standard_error" storage="c:\dev\command-line-api\src\system.commandline.tests\bin\debug\net462\system.commandline.tests.dll" id="477a34c5-d2a8-0f8d-1d3c-0b0b17eef668">
      <Execution id="4003d8c5-4dde-464f-9fff-c6e7308c3489" />
      <TestMethod codeBase="C:\dev\command-line-api\src\System.CommandLine.Tests\bin\Debug\net462\System.CommandLine.Tests.dll" adapterTypeName="executor://xunit/VsTestRunner2/net" className="System.CommandLine.Tests.UseExceptionHandlerTests" name="UseExceptionHandler_catches_command_handler_exceptions_and_writes_details_to_standard_error" />
    </UnitTest>
    <UnitTest name="System.CommandLine.Tests.Binding.TypeConversionTests.A_default_value_with_a_custom_constructor_can_be_specified_for_an_option_argument" storage="c:\dev\command-line-api\src\system.commandline.tests\bin\debug\net462\system.commandline.tests.dll" id="8abf8bb1-13bf-c83d-79e2-643d783cb61d">
      <Execution id="57fae02f-58ed-4b30-8d73-87142a445b5c" />
      <TestMethod codeBase="C:\dev\command-line-api\src\System.CommandLine.Tests\bin\Debug\net462\System.CommandLine.Tests.dll" adapterTypeName="executor://xunit/VsTestRunner2/net" className="System.CommandLine.Tests.Binding.TypeConversionTests" name="A_default_value_with_a_custom_constructor_can_be_specified_for_an_option_argument" />
    </UnitTest>
    <UnitTest name="System.CommandLine.Tests.OptionTests.A_prefixed_alias_can_be_added_to_an_option" storage="c:\dev\command-line-api\src\system.commandline.tests\bin\debug\net462\system.commandline.tests.dll" id="b82718d8-741c-0fe4-e6da-56431432a20e">
      <Execution id="eafd1363-6b61-4893-8902-9c2aa85854d9" />
      <TestMethod codeBase="C:\dev\command-line-api\src\System.CommandLine.Tests\bin\Debug\net462\System.CommandLine.Tests.dll" adapterTypeName="executor://xunit/VsTestRunner2/net" className="System.CommandLine.Tests.OptionTests" name="A_prefixed_alias_can_be_added_to_an_option" />
    </UnitTest>
    <UnitTest name="System.CommandLine.Tests.TokenReplacementTests.Token_replacer_can_set_a_custom_error_message" storage="c:\dev\command-line-api\src\system.commandline.tests\bin\debug\net462\system.commandline.tests.dll" id="a2c0304d-f4e0-bf4a-e2e6-823b0eeec1c2">
      <Execution id="37b2aa1d-b937-4055-a717-8cab33e8fb36" />
      <TestMethod codeBase="C:\dev\command-line-api\src\System.CommandLine.Tests\bin\Debug\net462\System.CommandLine.Tests.dll" adapterTypeName="executor://xunit/VsTestRunner2/net" className="System.CommandLine.Tests.TokenReplacementTests" name="Token_replacer_can_set_a_custom_error_message" />
    </UnitTest>
    <UnitTest name="System.CommandLine.Tests.ParserTests.An_inner_command_with_the_same_name_does_not_capture" storage="c:\dev\command-line-api\src\system.commandline.tests\bin\debug\net462\system.commandline.tests.dll" id="25d407ac-a5ec-3997-9e4c-587445ecf742">
      <Execution id="7f7ad5cf-c035-4eee-84c0-6942599ef251" />
      <TestMethod codeBase="C:\dev\command-line-api\src\System.CommandLine.Tests\bin\Debug\net462\System.CommandLine.Tests.dll" adapterTypeName="executor://xunit/VsTestRunner2/net" className="System.CommandLine.Tests.ParserTests" name="An_inner_command_with_the_same_name_does_not_capture" />
    </UnitTest>
    <UnitTest name="System.CommandLine.Tests.Binding.TypeConversionTests.When_command_argument_has_arity_greater_than_one_it_captures_arguments_before_and_after_option(commandLine: &quot;c c -a o c&quot;)" storage="c:\dev\command-line-api\src\system.commandline.tests\bin\debug\net462\system.commandline.tests.dll" id="b7703c60-4ea1-f7c9-6ef2-bed4acdbb0e1">
      <Execution id="a13445e5-24e2-4d37-912f-033928d6bdc3" />
      <TestMethod codeBase="C:\dev\command-line-api\src\System.CommandLine.Tests\bin\Debug\net462\System.CommandLine.Tests.dll" adapterTypeName="executor://xunit/VsTestRunner2/net" className="System.CommandLine.Tests.Binding.TypeConversionTests" name="When_command_argument_has_arity_greater_than_one_it_captures_arguments_before_and_after_option" />
    </UnitTest>
    <UnitTest name="System.CommandLine.Tests.ArgumentTests+CustomParsing.custom_parsing_of_sequence_value_from_an_argument_with_one_token" storage="c:\dev\command-line-api\src\system.commandline.tests\bin\debug\net462\system.commandline.tests.dll" id="6c401c1d-7853-203e-ed50-499fadc5448e">
      <Execution id="49edd93d-4f26-4572-b7af-5129a915c3fd" />
      <TestMethod codeBase="C:\dev\command-line-api\src\System.CommandLine.Tests\bin\Debug\net462\System.CommandLine.Tests.dll" adapterTypeName="executor://xunit/VsTestRunner2/net" className="System.CommandLine.Tests.ArgumentTests+CustomParsing" name="custom_parsing_of_sequence_value_from_an_argument_with_one_token" />
    </UnitTest>
    <UnitTest name="System.CommandLine.Tests.ParserTests.Required_option_arguments_are_not_unbundled" storage="c:\dev\command-line-api\src\system.commandline.tests\bin\debug\net462\system.commandline.tests.dll" id="0a6202ae-72ad-4c3c-10f8-4d69e7aead23">
      <Execution id="33c8310e-c53f-42ad-b78f-a6fb03b7e922" />
      <TestMethod codeBase="C:\dev\command-line-api\src\System.CommandLine.Tests\bin\Debug\net462\System.CommandLine.Tests.dll" adapterTypeName="executor://xunit/VsTestRunner2/net" className="System.CommandLine.Tests.ParserTests" name="Required_option_arguments_are_not_unbundled" />
    </UnitTest>
    <UnitTest name="System.CommandLine.Tests.Parsing.CommandLineStringSplitterTests.Internal_quotes_do_not_cause_string_to_be_split" storage="c:\dev\command-line-api\src\system.commandline.tests\bin\debug\net462\system.commandline.tests.dll" id="09436d90-e490-0952-a555-1506787c6f20">
      <Execution id="1ad24356-8d52-4f47-8127-5b4fd7002dd6" />
      <TestMethod codeBase="C:\dev\command-line-api\src\System.CommandLine.Tests\bin\Debug\net462\System.CommandLine.Tests.dll" adapterTypeName="executor://xunit/VsTestRunner2/net" className="System.CommandLine.Tests.Parsing.CommandLineStringSplitterTests" name="Internal_quotes_do_not_cause_string_to_be_split" />
    </UnitTest>
    <UnitTest name="System.CommandLine.Tests.ParserTests.When_options_with_the_same_name_are_defined_on_parent_and_child_commands_and_specified_in_between_then_it_attaches_to_the_outer_command" storage="c:\dev\command-line-api\src\system.commandline.tests\bin\debug\net462\system.commandline.tests.dll" id="917eda42-c17c-85a7-bdf7-521ffd7aca88">
      <Execution id="18b00fd5-d62a-4800-b7a9-8aded16dfc8f" />
      <TestMethod codeBase="C:\dev\command-line-api\src\System.CommandLine.Tests\bin\Debug\net462\System.CommandLine.Tests.dll" adapterTypeName="executor://xunit/VsTestRunner2/net" className="System.CommandLine.Tests.ParserTests" name="When_options_with_the_same_name_are_defined_on_parent_and_child_commands_and_specified_in_between_then_it_attaches_to_the_outer_command" />
    </UnitTest>
    <UnitTest name="System.CommandLine.Tests.DirectiveTests.Directives_must_have_a_non_empty_key(directive: &quot;[:value]&quot;)" storage="c:\dev\command-line-api\src\system.commandline.tests\bin\debug\net462\system.commandline.tests.dll" id="63c14431-2209-290e-6784-8d6cb6428542">
      <Execution id="7be69cb8-c992-48e5-b17f-1a1d9bf70539" />
      <TestMethod codeBase="C:\dev\command-line-api\src\System.CommandLine.Tests\bin\Debug\net462\System.CommandLine.Tests.dll" adapterTypeName="executor://xunit/VsTestRunner2/net" className="System.CommandLine.Tests.DirectiveTests" name="Directives_must_have_a_non_empty_key" />
    </UnitTest>
    <UnitTest name="System.CommandLine.Tests.DirectiveTests.Directives_can_have_a_value_which_is_everything_after_the_first_colon(directive: &quot;[key:]&quot;, expectedKey: &quot;key&quot;, expectedValue: &quot;&quot;)" storage="c:\dev\command-line-api\src\system.commandline.tests\bin\debug\net462\system.commandline.tests.dll" id="4d8f6eea-3f2a-7c7f-37e3-585d90cda31e">
      <Execution id="cac942a1-3873-4381-8079-6e42fbb6355d" />
      <TestMethod codeBase="C:\dev\command-line-api\src\System.CommandLine.Tests\bin\Debug\net462\System.CommandLine.Tests.dll" adapterTypeName="executor://xunit/VsTestRunner2/net" className="System.CommandLine.Tests.DirectiveTests" name="Directives_can_have_a_value_which_is_everything_after_the_first_colon" />
    </UnitTest>
    <UnitTest name="System.CommandLine.Tests.ParsingValidationTests.Multiple_validators_on_the_same_command_do_not_report_duplicate_errors" storage="c:\dev\command-line-api\src\system.commandline.tests\bin\debug\net462\system.commandline.tests.dll" id="6b67ebb8-e8b0-1829-1945-91f2624df780">
      <Execution id="12126173-7c9b-4a06-9aa2-65842f9ecdaf" />
      <TestMethod codeBase="C:\dev\command-line-api\src\System.CommandLine.Tests\bin\Debug\net462\System.CommandLine.Tests.dll" adapterTypeName="executor://xunit/VsTestRunner2/net" className="System.CommandLine.Tests.ParsingValidationTests" name="Multiple_validators_on_the_same_command_do_not_report_duplicate_errors" />
    </UnitTest>
    <UnitTest name="System.CommandLine.Tests.ParserTests.Option_argument_arity_can_be_a_fixed_value_greater_than_1" storage="c:\dev\command-line-api\src\system.commandline.tests\bin\debug\net462\system.commandline.tests.dll" id="6c6a82c2-5599-a7d0-115c-2a9d8e26ed60">
      <Execution id="3d79930f-3d05-4b30-885d-3c57491f2697" />
      <TestMethod codeBase="C:\dev\command-line-api\src\System.CommandLine.Tests\bin\Debug\net462\System.CommandLine.Tests.dll" adapterTypeName="executor://xunit/VsTestRunner2/net" className="System.CommandLine.Tests.ParserTests" name="Option_argument_arity_can_be_a_fixed_value_greater_than_1" />
    </UnitTest>
    <UnitTest name="System.CommandLine.Tests.Help.HelpBuilderTests.Usage_section_shows_arguments_if_there_are_arguments_for_command_when_there_is_more_than_one_argument(minArityForArg1: 0, maxArityForArg1: 1, minArityForArg2: 0, maxArityForArg2: 1, expectedArgsUsage: &quot;[&lt;arg1&gt; [&lt;arg2&gt;]]&quot;)" storage="c:\dev\command-line-api\src\system.commandline.tests\bin\debug\net462\system.commandline.tests.dll" id="a4f78ca1-d173-749a-c924-54a92a7de92d">
      <Execution id="3205cb34-928c-47e8-aaf4-73527f6788db" />
      <TestMethod codeBase="C:\dev\command-line-api\src\System.CommandLine.Tests\bin\Debug\net462\System.CommandLine.Tests.dll" adapterTypeName="executor://xunit/VsTestRunner2/net" className="System.CommandLine.Tests.Help.HelpBuilderTests" name="Usage_section_shows_arguments_if_there_are_arguments_for_command_when_there_is_more_than_one_argument" />
    </UnitTest>
    <UnitTest name="System.CommandLine.Tests.ParserTests.Unmatched_tokens_that_look_like_options_are_not_split_into_smaller_tokens" storage="c:\dev\command-line-api\src\system.commandline.tests\bin\debug\net462\system.commandline.tests.dll" id="f4024ec0-56d0-177d-eae8-27c8c705c0bd">
      <Execution id="9364c96b-e8f5-4af9-873d-1a5f0329ba42" />
      <TestMethod codeBase="C:\dev\command-line-api\src\System.CommandLine.Tests\bin\Debug\net462\System.CommandLine.Tests.dll" adapterTypeName="executor://xunit/VsTestRunner2/net" className="System.CommandLine.Tests.ParserTests" name="Unmatched_tokens_that_look_like_options_are_not_split_into_smaller_tokens" />
    </UnitTest>
    <UnitTest name="System.CommandLine.Tests.Binding.TypeConversionTests.Max_arity_greater_than_1_converts_to_enumerable_types(minArity: 0, maxArity: 100000, argumentType: typeof(string[]))" storage="c:\dev\command-line-api\src\system.commandline.tests\bin\debug\net462\system.commandline.tests.dll" id="5bf81900-ceed-0d83-e3da-d2225f7e2b91">
      <Execution id="8b3e4598-6860-4b46-b1e6-34022ae28bf8" />
      <TestMethod codeBase="C:\dev\command-line-api\src\System.CommandLine.Tests\bin\Debug\net462\System.CommandLine.Tests.dll" adapterTypeName="executor://xunit/VsTestRunner2/net" className="System.CommandLine.Tests.Binding.TypeConversionTests" name="Max_arity_greater_than_1_converts_to_enumerable_types" />
    </UnitTest>
    <UnitTest name="System.CommandLine.Tests.ArgumentTests+CustomParsing.When_custom_conversion_fails_then_an_option_does_not_accept_further_arguments" storage="c:\dev\command-line-api\src\system.commandline.tests\bin\debug\net462\system.commandline.tests.dll" id="b8a441a8-9773-d194-af35-bfb8cdedde0f">
      <Execution id="800a6cf9-c814-4edc-b454-6ea6cfb24bcc" />
      <TestMethod codeBase="C:\dev\command-line-api\src\System.CommandLine.Tests\bin\Debug\net462\System.CommandLine.Tests.dll" adapterTypeName="executor://xunit/VsTestRunner2/net" className="System.CommandLine.Tests.ArgumentTests+CustomParsing" name="When_custom_conversion_fails_then_an_option_does_not_accept_further_arguments" />
    </UnitTest>
    <UnitTest name="System.CommandLine.Tests.ParsingValidationTests+FileExistence.A_command_argument_with_multiple_files_can_be_invalid_based_on_file_existence" storage="c:\dev\command-line-api\src\system.commandline.tests\bin\debug\net462\system.commandline.tests.dll" id="7cef2c0a-2a8e-572a-671d-f668a5339185">
      <Execution id="5da5471b-78dc-41b4-99c4-83ab0b4fcc5e" />
      <TestMethod codeBase="C:\dev\command-line-api\src\System.CommandLine.Tests\bin\Debug\net462\System.CommandLine.Tests.dll" adapterTypeName="executor://xunit/VsTestRunner2/net" className="System.CommandLine.Tests.ParsingValidationTests+FileExistence" name="A_command_argument_with_multiple_files_can_be_invalid_based_on_file_existence" />
    </UnitTest>
    <UnitTest name="System.CommandLine.Tests.Binding.SetHandlerTests.Binding_is_correct_for_Func_overload_having_arity_(arity: 5)" storage="c:\dev\command-line-api\src\system.commandline.tests\bin\debug\net462\system.commandline.tests.dll" id="6ffa0f75-f3fb-9ed5-36b1-66677d42394a">
      <Execution id="c7c471e2-289f-478c-8918-a69dac7bc926" />
      <TestMethod codeBase="C:\dev\command-line-api\src\System.CommandLine.Tests\bin\Debug\net462\System.CommandLine.Tests.dll" adapterTypeName="executor://xunit/VsTestRunner2/net" className="System.CommandLine.Tests.Binding.SetHandlerTests" name="Binding_is_correct_for_Func_overload_having_arity_" />
    </UnitTest>
    <UnitTest name="System.CommandLine.Tests.Binding.TypeConversionTests.Nullable_bool_parses_as_null_when_the_option_has_not_been_applied" storage="c:\dev\command-line-api\src\system.commandline.tests\bin\debug\net462\system.commandline.tests.dll" id="46cd727a-c1d2-4fdd-a223-6a2705ce63bd">
      <Execution id="15058a36-ea82-4a2b-9935-af7d56b3f4a7" />
      <TestMethod codeBase="C:\dev\command-line-api\src\System.CommandLine.Tests\bin\Debug\net462\System.CommandLine.Tests.dll" adapterTypeName="executor://xunit/VsTestRunner2/net" className="System.CommandLine.Tests.Binding.TypeConversionTests" name="Nullable_bool_parses_as_null_when_the_option_has_not_been_applied" />
    </UnitTest>
    <UnitTest name="System.CommandLine.Tests.ParserTests+MultipleArguments.When_there_are_not_enough_tokens_for_all_arguments_then_the_correct_number_of_errors_is_reported(providedArgs: &quot;a b c&quot;)" storage="c:\dev\command-line-api\src\system.commandline.tests\bin\debug\net462\system.commandline.tests.dll" id="c145f636-fed9-458d-5056-8764e05b7f7b">
      <Execution id="06167d78-eb3d-45d4-9cd6-129cb4af9011" />
      <TestMethod codeBase="C:\dev\command-line-api\src\System.CommandLine.Tests\bin\Debug\net462\System.CommandLine.Tests.dll" adapterTypeName="executor://xunit/VsTestRunner2/net" className="System.CommandLine.Tests.ParserTests+MultipleArguments" name="When_there_are_not_enough_tokens_for_all_arguments_then_the_correct_number_of_errors_is_reported" />
    </UnitTest>
    <UnitTest name="System.CommandLine.Tests.ParserTests.When_parent_option_will_not_accept_arg_then_child_can" storage="c:\dev\command-line-api\src\system.commandline.tests\bin\debug\net462\system.commandline.tests.dll" id="4d87cdfa-9202-882a-9bd8-21ffec1fa74a">
      <Execution id="747ca75e-258e-4ebd-ad63-650bfb4834e1" />
      <TestMethod codeBase="C:\dev\command-line-api\src\System.CommandLine.Tests\bin\Debug\net462\System.CommandLine.Tests.dll" adapterTypeName="executor://xunit/VsTestRunner2/net" className="System.CommandLine.Tests.ParserTests" name="When_parent_option_will_not_accept_arg_then_child_can" />
    </UnitTest>
    <UnitTest name="System.CommandLine.Tests.ParserTests.Two_options_are_parsed_correctly" storage="c:\dev\command-line-api\src\system.commandline.tests\bin\debug\net462\system.commandline.tests.dll" id="f41d1f62-31a9-f884-4a77-efef49144520">
      <Execution id="18489ed9-9cf5-43b5-afa7-5f0779a98fdb" />
      <TestMethod codeBase="C:\dev\command-line-api\src\System.CommandLine.Tests\bin\Debug\net462\System.CommandLine.Tests.dll" adapterTypeName="executor://xunit/VsTestRunner2/net" className="System.CommandLine.Tests.ParserTests" name="Two_options_are_parsed_correctly" />
    </UnitTest>
    <UnitTest name="System.CommandLine.Tests.ResponseFileTests.When_response_filepath_is_not_specified_then_error_is_returned" storage="c:\dev\command-line-api\src\system.commandline.tests\bin\debug\net462\system.commandline.tests.dll" id="804cefc7-3428-79f2-0614-07b428acd28e">
      <Execution id="7355e150-60f7-4a34-9863-6dff1bc15810" />
      <TestMethod codeBase="C:\dev\command-line-api\src\System.CommandLine.Tests\bin\Debug\net462\System.CommandLine.Tests.dll" adapterTypeName="executor://xunit/VsTestRunner2/net" className="System.CommandLine.Tests.ResponseFileTests" name="When_response_filepath_is_not_specified_then_error_is_returned" />
    </UnitTest>
    <UnitTest name="System.CommandLine.Tests.Help.HelpBuilderTests+Customization.Option_can_fallback_to_default_when_customizing(conditionA: True, conditionB: False, expected: &quot;custom 1st\\s*description&quot;)" storage="c:\dev\command-line-api\src\system.commandline.tests\bin\debug\net462\system.commandline.tests.dll" id="9bbf15b6-0a30-0829-b10a-ce1e904ebfc4">
      <Execution id="7c732e73-a010-4056-a48d-97e601389a84" />
      <TestMethod codeBase="C:\dev\command-line-api\src\System.CommandLine.Tests\bin\Debug\net462\System.CommandLine.Tests.dll" adapterTypeName="executor://xunit/VsTestRunner2/net" className="System.CommandLine.Tests.Help.HelpBuilderTests+Customization" name="Option_can_fallback_to_default_when_customizing" />
    </UnitTest>
    <UnitTest name="System.CommandLine.Tests.OptionTests.When_Name_is_set_to_its_current_value_then_it_is_not_removed_from_aliases" storage="c:\dev\command-line-api\src\system.commandline.tests\bin\debug\net462\system.commandline.tests.dll" id="93a22788-41c4-6bc5-6594-5977dd4eee9c">
      <Execution id="451888ba-db52-4fba-8312-048aab7d6085" />
      <TestMethod codeBase="C:\dev\command-line-api\src\System.CommandLine.Tests\bin\Debug\net462\System.CommandLine.Tests.dll" adapterTypeName="executor://xunit/VsTestRunner2/net" className="System.CommandLine.Tests.OptionTests" name="When_Name_is_set_to_its_current_value_then_it_is_not_removed_from_aliases" />
    </UnitTest>
    <UnitTest name="System.CommandLine.Tests.OptionTests.When_an_option_alias_is_added_and_contains_whitespace_then_an_informative_error_is_returned(alias: &quot; -x&quot;)" storage="c:\dev\command-line-api\src\system.commandline.tests\bin\debug\net462\system.commandline.tests.dll" id="7c9175fe-5729-dad0-7316-b8e640417016">
      <Execution id="7cb7a2b6-8050-45c6-a7eb-ff0f1c093d3f" />
      <TestMethod codeBase="C:\dev\command-line-api\src\System.CommandLine.Tests\bin\Debug\net462\System.CommandLine.Tests.dll" adapterTypeName="executor://xunit/VsTestRunner2/net" className="System.CommandLine.Tests.OptionTests" name="When_an_option_alias_is_added_and_contains_whitespace_then_an_informative_error_is_returned" />
    </UnitTest>
    <UnitTest name="System.CommandLine.Tests.RootCommandTests.Root_command_name_defaults_to_executable_name" storage="c:\dev\command-line-api\src\system.commandline.tests\bin\debug\net462\system.commandline.tests.dll" id="c681b0ae-9925-9abe-dc77-cbdbb3af14c3">
      <Execution id="d8703ff6-135e-4f41-8f6e-193200926747" />
      <TestMethod codeBase="C:\dev\command-line-api\src\System.CommandLine.Tests\bin\Debug\net462\System.CommandLine.Tests.dll" adapterTypeName="executor://xunit/VsTestRunner2/net" className="System.CommandLine.Tests.RootCommandTests" name="Root_command_name_defaults_to_executable_name" />
    </UnitTest>
    <UnitTest name="System.CommandLine.Tests.OptionTests.When_an_option_has_several_aliases_then_the_longest_alias_is_its_name" storage="c:\dev\command-line-api\src\system.commandline.tests\bin\debug\net462\system.commandline.tests.dll" id="be476ef6-d817-10b6-d51f-0f45759413d6">
      <Execution id="6c1e6048-9999-451d-9e5f-12f5fcaa5f90" />
      <TestMethod codeBase="C:\dev\command-line-api\src\System.CommandLine.Tests\bin\Debug\net462\System.CommandLine.Tests.dll" adapterTypeName="executor://xunit/VsTestRunner2/net" className="System.CommandLine.Tests.OptionTests" name="When_an_option_has_several_aliases_then_the_longest_alias_is_its_name" />
    </UnitTest>
    <UnitTest name="System.CommandLine.Tests.CompletionTests.When_parsing_from_text_then_argument_completions_are_based_on_the_proximate_command" storage="c:\dev\command-line-api\src\system.commandline.tests\bin\debug\net462\system.commandline.tests.dll" id="3785e267-6029-66a3-14d4-17ccfe725583">
      <Execution id="408116e3-beb5-4ac2-bf52-121119f0a11d" />
      <TestMethod codeBase="C:\dev\command-line-api\src\System.CommandLine.Tests\bin\Debug\net462\System.CommandLine.Tests.dll" adapterTypeName="executor://xunit/VsTestRunner2/net" className="System.CommandLine.Tests.CompletionTests" name="When_parsing_from_text_then_argument_completions_are_based_on_the_proximate_command" />
    </UnitTest>
    <UnitTest name="System.CommandLine.Tests.SuggestDirectiveTests.It_does_not_repeat_suggestion_for_already_specified_bool_option" storage="c:\dev\command-line-api\src\system.commandline.tests\bin\debug\net462\system.commandline.tests.dll" id="6e01a7ba-3878-bdc3-5fb7-4ccf5abed61e">
      <Execution id="964624da-260e-45f0-8147-e4e66253c493" />
      <TestMethod codeBase="C:\dev\command-line-api\src\System.CommandLine.Tests\bin\Debug\net462\System.CommandLine.Tests.dll" adapterTypeName="executor://xunit/VsTestRunner2/net" className="System.CommandLine.Tests.SuggestDirectiveTests" name="It_does_not_repeat_suggestion_for_already_specified_bool_option" />
    </UnitTest>
    <UnitTest name="System.CommandLine.Tests.Help.HelpBuilderTests.Subcommands_keep_added_newlines" storage="c:\dev\command-line-api\src\system.commandline.tests\bin\debug\net462\system.commandline.tests.dll" id="43f3783d-2f0a-efcb-cb21-bc14b53b3538">
      <Execution id="502952cb-d5f6-4542-a938-d5f06a47629d" />
      <TestMethod codeBase="C:\dev\command-line-api\src\System.CommandLine.Tests\bin\Debug\net462\System.CommandLine.Tests.dll" adapterTypeName="executor://xunit/VsTestRunner2/net" className="System.CommandLine.Tests.Help.HelpBuilderTests" name="Subcommands_keep_added_newlines" />
    </UnitTest>
    <UnitTest name="System.CommandLine.Tests.ArgumentTests.When_default_value_factory_is_set_then_HasDefaultValue_is_true" storage="c:\dev\command-line-api\src\system.commandline.tests\bin\debug\net462\system.commandline.tests.dll" id="5e3a8d7e-28e6-8060-5970-dc7ee84b73ec">
      <Execution id="c7733498-4013-4aba-b126-f4a461f72a68" />
      <TestMethod codeBase="C:\dev\command-line-api\src\System.CommandLine.Tests\bin\Debug\net462\System.CommandLine.Tests.dll" adapterTypeName="executor://xunit/VsTestRunner2/net" className="System.CommandLine.Tests.ArgumentTests" name="When_default_value_factory_is_set_then_HasDefaultValue_is_true" />
    </UnitTest>
    <UnitTest name="System.CommandLine.Tests.ResponseFileTests.When_response_file_processing_is_disabled_then_it_returns_response_file_name_as_argument" storage="c:\dev\command-line-api\src\system.commandline.tests\bin\debug\net462\system.commandline.tests.dll" id="75d5f092-1977-d9a5-922e-d35f550c184f">
      <Execution id="6a4c26c3-658e-4505-9336-7c6a662919dc" />
      <TestMethod codeBase="C:\dev\command-line-api\src\System.CommandLine.Tests\bin\Debug\net462\System.CommandLine.Tests.dll" adapterTypeName="executor://xunit/VsTestRunner2/net" className="System.CommandLine.Tests.ResponseFileTests" name="When_response_file_processing_is_disabled_then_it_returns_response_file_name_as_argument" />
    </UnitTest>
    <UnitTest name="System.CommandLine.Tests.Help.HelpBuilderTests.Usage_section_for_subcommand_shows_names_of_parent_commands" storage="c:\dev\command-line-api\src\system.commandline.tests\bin\debug\net462\system.commandline.tests.dll" id="c2cd96d9-4814-d641-9d76-94ab8111194b">
      <Execution id="e5d9bbba-b3d5-4a9e-9e99-791bc1d26a24" />
      <TestMethod codeBase="C:\dev\command-line-api\src\System.CommandLine.Tests\bin\Debug\net462\System.CommandLine.Tests.dll" adapterTypeName="executor://xunit/VsTestRunner2/net" className="System.CommandLine.Tests.Help.HelpBuilderTests" name="Usage_section_for_subcommand_shows_names_of_parent_commands" />
    </UnitTest>
    <UnitTest name="System.CommandLine.Tests.Invocation.InvocationPipelineTests.When_help_builder_factory_is_specified_it_is_used_to_create_the_help_builder" storage="c:\dev\command-line-api\src\system.commandline.tests\bin\debug\net462\system.commandline.tests.dll" id="e213cf6c-897f-4d12-a9a5-3c8bcadeaa33">
      <Execution id="dac6e4cc-f7ea-424c-9818-b950a135741c" />
      <TestMethod codeBase="C:\dev\command-line-api\src\System.CommandLine.Tests\bin\Debug\net462\System.CommandLine.Tests.dll" adapterTypeName="executor://xunit/VsTestRunner2/net" className="System.CommandLine.Tests.Invocation.InvocationPipelineTests" name="When_help_builder_factory_is_specified_it_is_used_to_create_the_help_builder" />
    </UnitTest>
    <UnitTest name="System.CommandLine.Tests.ArgumentTests+CustomParsing.GetDefaultValue_can_return_null" storage="c:\dev\command-line-api\src\system.commandline.tests\bin\debug\net462\system.commandline.tests.dll" id="de86e775-3f25-b412-e7be-72a82e582f65">
      <Execution id="7a1623a7-9a1f-46f8-a786-ef86f75aa307" />
      <TestMethod codeBase="C:\dev\command-line-api\src\System.CommandLine.Tests\bin\Debug\net462\System.CommandLine.Tests.dll" adapterTypeName="executor://xunit/VsTestRunner2/net" className="System.CommandLine.Tests.ArgumentTests+CustomParsing" name="GetDefaultValue_can_return_null" />
    </UnitTest>
    <UnitTest name="System.CommandLine.Tests.Binding.TypeConversionTests.Values_can_be_correctly_converted_to_Uri_without_the_parser_specifying_a_custom_converter" storage="c:\dev\command-line-api\src\system.commandline.tests\bin\debug\net462\system.commandline.tests.dll" id="63bbe5c5-69e9-d388-1e1f-2c8d4e104c49">
      <Execution id="4c35a437-6609-4552-946e-619d767d52b6" />
      <TestMethod codeBase="C:\dev\command-line-api\src\System.CommandLine.Tests\bin\Debug\net462\System.CommandLine.Tests.dll" adapterTypeName="executor://xunit/VsTestRunner2/net" className="System.CommandLine.Tests.Binding.TypeConversionTests" name="Values_can_be_correctly_converted_to_Uri_without_the_parser_specifying_a_custom_converter" />
    </UnitTest>
    <UnitTest name="System.CommandLine.Tests.ArgumentTests+CustomParsing.Option_ArgumentResult_Parent_is_set_correctly_when_token_is_implicit" storage="c:\dev\command-line-api\src\system.commandline.tests\bin\debug\net462\system.commandline.tests.dll" id="1da40574-99e0-2d48-9817-1a1c8d42c602">
      <Execution id="8cf85d73-17cb-495c-b5dd-84cb3649de83" />
      <TestMethod codeBase="C:\dev\command-line-api\src\System.CommandLine.Tests\bin\Debug\net462\System.CommandLine.Tests.dll" adapterTypeName="executor://xunit/VsTestRunner2/net" className="System.CommandLine.Tests.ArgumentTests+CustomParsing" name="Option_ArgumentResult_Parent_is_set_correctly_when_token_is_implicit" />
    </UnitTest>
    <UnitTest name="System.CommandLine.Tests.ParserTests.Arguments_can_match_subcommands" storage="c:\dev\command-line-api\src\system.commandline.tests\bin\debug\net462\system.commandline.tests.dll" id="daf22257-b01f-48eb-dd27-7fa83b85cef9">
      <Execution id="b1f58842-0895-4e05-a9d8-22df334dc0b5" />
      <TestMethod codeBase="C:\dev\command-line-api\src\System.CommandLine.Tests\bin\Debug\net462\System.CommandLine.Tests.dll" adapterTypeName="executor://xunit/VsTestRunner2/net" className="System.CommandLine.Tests.ParserTests" name="Arguments_can_match_subcommands" />
    </UnitTest>
    <UnitTest name="System.CommandLine.Tests.CompletionTests.When_a_subcommand_with_subcommands_has_been_specified_then_its_sibling_commands_will_not_be_suggested" storage="c:\dev\command-line-api\src\system.commandline.tests\bin\debug\net462\system.commandline.tests.dll" id="f5293418-5216-fc3b-323a-25d39fefc9d0">
      <Execution id="d8515daf-dcc6-471c-8991-e7e77a019275" />
      <TestMethod codeBase="C:\dev\command-line-api\src\System.CommandLine.Tests\bin\Debug\net462\System.CommandLine.Tests.dll" adapterTypeName="executor://xunit/VsTestRunner2/net" className="System.CommandLine.Tests.CompletionTests" name="When_a_subcommand_with_subcommands_has_been_specified_then_its_sibling_commands_will_not_be_suggested" />
    </UnitTest>
    <UnitTest name="System.CommandLine.Tests.UseExceptionHandlerTests.Declaration_of_UseExceptionHandler_can_come_after_other_middleware" storage="c:\dev\command-line-api\src\system.commandline.tests\bin\debug\net462\system.commandline.tests.dll" id="2e4b5a75-b2a4-3c9a-8398-7c0a61aa58e4">
      <Execution id="0be6b940-6c98-4737-bc15-e19437eed886" />
      <TestMethod codeBase="C:\dev\command-line-api\src\System.CommandLine.Tests\bin\Debug\net462\System.CommandLine.Tests.dll" adapterTypeName="executor://xunit/VsTestRunner2/net" className="System.CommandLine.Tests.UseExceptionHandlerTests" name="Declaration_of_UseExceptionHandler_can_come_after_other_middleware" />
    </UnitTest>
    <UnitTest name="System.CommandLine.Tests.CommandTests.ParseResult_Command_identifies_innermost_command(input: &quot;outer arg inner arg inner-er arg&quot;, expectedCommand: &quot;inner-er&quot;)" storage="c:\dev\command-line-api\src\system.commandline.tests\bin\debug\net462\system.commandline.tests.dll" id="8a1e383b-5d75-2b45-fd51-d92e320c45f1">
      <Execution id="8ef945c3-b387-4f19-b08f-e91460350094" />
      <TestMethod codeBase="C:\dev\command-line-api\src\System.CommandLine.Tests\bin\Debug\net462\System.CommandLine.Tests.dll" adapterTypeName="executor://xunit/VsTestRunner2/net" className="System.CommandLine.Tests.CommandTests" name="ParseResult_Command_identifies_innermost_command" />
    </UnitTest>
    <UnitTest name="System.CommandLine.Tests.Help.HelpBuilderTests.Constructor_ignores_non_positive_max_width(maxWidth: 0)" storage="c:\dev\command-line-api\src\system.commandline.tests\bin\debug\net462\system.commandline.tests.dll" id="097d61c7-fd86-8230-2ff9-ff8bd3dd066d">
      <Execution id="6568b17c-fb50-41ac-b60b-60caaa3d29d9" />
      <TestMethod codeBase="C:\dev\command-line-api\src\System.CommandLine.Tests\bin\Debug\net462\System.CommandLine.Tests.dll" adapterTypeName="executor://xunit/VsTestRunner2/net" className="System.CommandLine.Tests.Help.HelpBuilderTests" name="Constructor_ignores_non_positive_max_width" />
    </UnitTest>
    <UnitTest name="System.CommandLine.Tests.ParseDiagramTests.Parse_diagram_identifies_options_where_default_values_have_been_applied" storage="c:\dev\command-line-api\src\system.commandline.tests\bin\debug\net462\system.commandline.tests.dll" id="4f16a7a7-7f20-5314-d570-20a63195cb98">
      <Execution id="b7cbb2e2-52c7-4680-9d47-044ec0103e31" />
      <TestMethod codeBase="C:\dev\command-line-api\src\System.CommandLine.Tests\bin\Debug\net462\System.CommandLine.Tests.dll" adapterTypeName="executor://xunit/VsTestRunner2/net" className="System.CommandLine.Tests.ParseDiagramTests" name="Parse_diagram_identifies_options_where_default_values_have_been_applied" />
    </UnitTest>
    <UnitTest name="System.CommandLine.Tests.OptionTests.When_Name_is_explicitly_set_then_adding_aliases_does_not_change_it" storage="c:\dev\command-line-api\src\system.commandline.tests\bin\debug\net462\system.commandline.tests.dll" id="f24bf065-d0a4-b41b-07bd-3c45dbeb56af">
      <Execution id="15625c30-2cfd-4d59-95b4-04a66ca15cd7" />
      <TestMethod codeBase="C:\dev\command-line-api\src\System.CommandLine.Tests\bin\Debug\net462\System.CommandLine.Tests.dll" adapterTypeName="executor://xunit/VsTestRunner2/net" className="System.CommandLine.Tests.OptionTests" name="When_Name_is_explicitly_set_then_adding_aliases_does_not_change_it" />
    </UnitTest>
    <UnitTest name="System.CommandLine.Tests.ParsingValidationTests.Validators_on_global_options_are_executed_when_invoking_a_subcommand(commandLine: &quot;--file \&quot;Foo\&quot; subcommand&quot;)" storage="c:\dev\command-line-api\src\system.commandline.tests\bin\debug\net462\system.commandline.tests.dll" id="9731ed4c-289b-f9a7-6968-4968965e5e9e">
      <Execution id="897a5c95-e73c-421e-9eb1-c456ac5c6384" />
      <TestMethod codeBase="C:\dev\command-line-api\src\System.CommandLine.Tests\bin\Debug\net462\System.CommandLine.Tests.dll" adapterTypeName="executor://xunit/VsTestRunner2/net" className="System.CommandLine.Tests.ParsingValidationTests" name="Validators_on_global_options_are_executed_when_invoking_a_subcommand" />
    </UnitTest>
    <UnitTest name="System.CommandLine.Tests.DirectiveTests.Directives_can_have_a_value_which_is_everything_after_the_first_colon(directive: &quot;[key:value]&quot;, expectedKey: &quot;key&quot;, expectedValue: &quot;value&quot;)" storage="c:\dev\command-line-api\src\system.commandline.tests\bin\debug\net462\system.commandline.tests.dll" id="7a875c11-1e6c-a70b-aed4-4fd27bb157aa">
      <Execution id="b7b50226-2faa-4216-b0a8-e58b40b553a6" />
      <TestMethod codeBase="C:\dev\command-line-api\src\System.CommandLine.Tests\bin\Debug\net462\System.CommandLine.Tests.dll" adapterTypeName="executor://xunit/VsTestRunner2/net" className="System.CommandLine.Tests.DirectiveTests" name="Directives_can_have_a_value_which_is_everything_after_the_first_colon" />
    </UnitTest>
    <UnitTest name="System.CommandLine.Tests.Binding.TypeConversionTests.Option_argument_of_FileInfo_can_be_bound_without_custom_conversion_logic" storage="c:\dev\command-line-api\src\system.commandline.tests\bin\debug\net462\system.commandline.tests.dll" id="c025585a-91dd-3739-0b08-0978c5dffe6f">
      <Execution id="440fba0c-8ad1-44c9-a8d3-693a8fb31919" />
      <TestMethod codeBase="C:\dev\command-line-api\src\System.CommandLine.Tests\bin\Debug\net462\System.CommandLine.Tests.dll" adapterTypeName="executor://xunit/VsTestRunner2/net" className="System.CommandLine.Tests.Binding.TypeConversionTests" name="Option_argument_of_FileInfo_can_be_bound_without_custom_conversion_logic" />
    </UnitTest>
    <UnitTest name="System.CommandLine.Tests.ParsingValidationTests.When_there_is_an_arity_error_then_further_errors_are_not_reported" storage="c:\dev\command-line-api\src\system.commandline.tests\bin\debug\net462\system.commandline.tests.dll" id="1b2cef08-0a55-b1c7-6565-e4118416529e">
      <Execution id="5dc96a6e-4b53-43ed-a000-b4971b70f06e" />
      <TestMethod codeBase="C:\dev\command-line-api\src\System.CommandLine.Tests\bin\Debug\net462\System.CommandLine.Tests.dll" adapterTypeName="executor://xunit/VsTestRunner2/net" className="System.CommandLine.Tests.ParsingValidationTests" name="When_there_is_an_arity_error_then_further_errors_are_not_reported" />
    </UnitTest>
    <UnitTest name="System.CommandLine.Tests.ParserTests+DefaultDoubleDashBehavior.A_second_double_dash_is_parsed_as_an_argument" storage="c:\dev\command-line-api\src\system.commandline.tests\bin\debug\net462\system.commandline.tests.dll" id="cbbac9d2-25c4-a44f-d81f-d3bf713af20b">
      <Execution id="e4c73a2d-16ef-4e0d-9282-5c7ae00353f1" />
      <TestMethod codeBase="C:\dev\command-line-api\src\System.CommandLine.Tests\bin\Debug\net462\System.CommandLine.Tests.dll" adapterTypeName="executor://xunit/VsTestRunner2/net" className="System.CommandLine.Tests.ParserTests+DefaultDoubleDashBehavior" name="A_second_double_dash_is_parsed_as_an_argument" />
    </UnitTest>
    <UnitTest name="System.CommandLine.Tests.ArgumentTests+CustomParsing.Parse_delegate_is_called_when_Option_Arity_allows_zero_tokens(commandLine: &quot;--bananas&quot;, expectedValue: &quot;argument-is-implicit&quot;)" storage="c:\dev\command-line-api\src\system.commandline.tests\bin\debug\net462\system.commandline.tests.dll" id="ddc6eabf-c623-d590-23f3-38648bcd14e1">
      <Execution id="e9225e8c-20f4-4cbb-a5cf-27e9a226d873" />
      <TestMethod codeBase="C:\dev\command-line-api\src\System.CommandLine.Tests\bin\Debug\net462\System.CommandLine.Tests.dll" adapterTypeName="executor://xunit/VsTestRunner2/net" className="System.CommandLine.Tests.ArgumentTests+CustomParsing" name="Parse_delegate_is_called_when_Option_Arity_allows_zero_tokens" />
    </UnitTest>
    <UnitTest name="System.CommandLine.Tests.Binding.TypeConversionTests.Specifying_an_option_argument_overrides_the_default_value" storage="c:\dev\command-line-api\src\system.commandline.tests\bin\debug\net462\system.commandline.tests.dll" id="6bce0163-ea0b-121c-223a-e1d5174348e7">
      <Execution id="23083941-d202-4fd0-9a69-5a0c570e1df0" />
      <TestMethod codeBase="C:\dev\command-line-api\src\System.CommandLine.Tests\bin\Debug\net462\System.CommandLine.Tests.dll" adapterTypeName="executor://xunit/VsTestRunner2/net" className="System.CommandLine.Tests.Binding.TypeConversionTests" name="Specifying_an_option_argument_overrides_the_default_value" />
    </UnitTest>
    <UnitTest name="System.CommandLine.Tests.ParserTests+DefaultDoubleDashBehavior.Unparsed_tokens_is_empty" storage="c:\dev\command-line-api\src\system.commandline.tests\bin\debug\net462\system.commandline.tests.dll" id="75b73a3b-b452-3ac4-f6e5-a71a7529cfb1">
      <Execution id="3188b6b5-c6f1-4dd6-b36e-2e8bacf5baab" />
      <TestMethod codeBase="C:\dev\command-line-api\src\System.CommandLine.Tests\bin\Debug\net462\System.CommandLine.Tests.dll" adapterTypeName="executor://xunit/VsTestRunner2/net" className="System.CommandLine.Tests.ParserTests+DefaultDoubleDashBehavior" name="Unparsed_tokens_is_empty" />
    </UnitTest>
    <UnitTest name="System.CommandLine.Tests.OptionTests.Argument_takes_option_alias_as_its_name_when_it_is_not_provided" storage="c:\dev\command-line-api\src\system.commandline.tests\bin\debug\net462\system.commandline.tests.dll" id="8cf4db24-2e4a-e236-b1e9-ae83d4a83ed9">
      <Execution id="fafb0bcb-099a-443c-af2e-3647752a3275" />
      <TestMethod codeBase="C:\dev\command-line-api\src\System.CommandLine.Tests\bin\Debug\net462\System.CommandLine.Tests.dll" adapterTypeName="executor://xunit/VsTestRunner2/net" className="System.CommandLine.Tests.OptionTests" name="Argument_takes_option_alias_as_its_name_when_it_is_not_provided" />
    </UnitTest>
    <UnitTest name="System.CommandLine.Tests.ArgumentTests.By_default_there_is_no_default_value" storage="c:\dev\command-line-api\src\system.commandline.tests\bin\debug\net462\system.commandline.tests.dll" id="2991765c-dec2-3480-df51-654c422f1cd8">
      <Execution id="2436a17f-eae5-43e7-90a1-e75cdcec663b" />
      <TestMethod codeBase="C:\dev\command-line-api\src\System.CommandLine.Tests\bin\Debug\net462\System.CommandLine.Tests.dll" adapterTypeName="executor://xunit/VsTestRunner2/net" className="System.CommandLine.Tests.ArgumentTests" name="By_default_there_is_no_default_value" />
    </UnitTest>
    <UnitTest name="System.CommandLine.Tests.ParserTests.When_an_option_argument_is_enclosed_in_double_quotes_its_value_retains_the_quotes(arg1: &quot;-x:&quot;, arg2: &quot;\&quot;\&quot;&quot;)" storage="c:\dev\command-line-api\src\system.commandline.tests\bin\debug\net462\system.commandline.tests.dll" id="f198f86c-cbda-5eee-742e-aad05061fbc3">
      <Execution id="bebc7818-809e-4bdc-8edb-c4a36420b83c" />
      <TestMethod codeBase="C:\dev\command-line-api\src\System.CommandLine.Tests\bin\Debug\net462\System.CommandLine.Tests.dll" adapterTypeName="executor://xunit/VsTestRunner2/net" className="System.CommandLine.Tests.ParserTests" name="When_an_option_argument_is_enclosed_in_double_quotes_its_value_retains_the_quotes" />
    </UnitTest>
    <UnitTest name="System.CommandLine.Tests.Binding.TypeConversionTests.Values_can_be_correctly_converted_to_TimeSpan_without_the_parser_specifying_a_custom_converter" storage="c:\dev\command-line-api\src\system.commandline.tests\bin\debug\net462\system.commandline.tests.dll" id="ffa07479-56c2-69d1-e3ea-5ebe6e24df90">
      <Execution id="bf847b4d-9159-4ff3-87c1-e3d0cd95ee8a" />
      <TestMethod codeBase="C:\dev\command-line-api\src\System.CommandLine.Tests\bin\Debug\net462\System.CommandLine.Tests.dll" adapterTypeName="executor://xunit/VsTestRunner2/net" className="System.CommandLine.Tests.Binding.TypeConversionTests" name="Values_can_be_correctly_converted_to_TimeSpan_without_the_parser_specifying_a_custom_converter" />
    </UnitTest>
    <UnitTest name="System.CommandLine.Tests.ParsingValidationTests.Required_options_on_parent_commands_do_not_create_parse_errors_when_an_inner_command_is_specified" storage="c:\dev\command-line-api\src\system.commandline.tests\bin\debug\net462\system.commandline.tests.dll" id="a28c379c-383c-ca2f-f7f0-1a122b37b6a7">
      <Execution id="fc112753-7096-4c38-ae88-61fb97845b9d" />
      <TestMethod codeBase="C:\dev\command-line-api\src\System.CommandLine.Tests\bin\Debug\net462\System.CommandLine.Tests.dll" adapterTypeName="executor://xunit/VsTestRunner2/net" className="System.CommandLine.Tests.ParsingValidationTests" name="Required_options_on_parent_commands_do_not_create_parse_errors_when_an_inner_command_is_specified" />
    </UnitTest>
    <UnitTest name="System.CommandLine.Tests.SuggestDirectiveTests.It_writes_suggestions_for_option_aliases_under_subcommand(commandLine: &quot;[suggest:6] \&quot;eat --\&quot;&quot;)" storage="c:\dev\command-line-api\src\system.commandline.tests\bin\debug\net462\system.commandline.tests.dll" id="4343635f-7694-f67b-db50-81f7cc627131">
      <Execution id="4b5bde1c-1a60-4ebe-b5c8-25112b8c237b" />
      <TestMethod codeBase="C:\dev\command-line-api\src\System.CommandLine.Tests\bin\Debug\net462\System.CommandLine.Tests.dll" adapterTypeName="executor://xunit/VsTestRunner2/net" className="System.CommandLine.Tests.SuggestDirectiveTests" name="It_writes_suggestions_for_option_aliases_under_subcommand" />
    </UnitTest>
    <UnitTest name="System.CommandLine.Tests.CompletionTests.When_parsing_from_array_if_the_proximate_option_is_completed_then_completions_consider_other_option_tokens" storage="c:\dev\command-line-api\src\system.commandline.tests\bin\debug\net462\system.commandline.tests.dll" id="1dc3e485-e296-f5d9-f271-1712d6690fdf">
      <Execution id="f30d7144-7504-45a2-ab1c-0adfe87df65c" />
      <TestMethod codeBase="C:\dev\command-line-api\src\System.CommandLine.Tests\bin\Debug\net462\System.CommandLine.Tests.dll" adapterTypeName="executor://xunit/VsTestRunner2/net" className="System.CommandLine.Tests.CompletionTests" name="When_parsing_from_array_if_the_proximate_option_is_completed_then_completions_consider_other_option_tokens" />
    </UnitTest>
    <UnitTest name="System.CommandLine.Tests.EnvironmentVariableDirectiveTests.Trims_environment_variable_name" storage="c:\dev\command-line-api\src\system.commandline.tests\bin\debug\net462\system.commandline.tests.dll" id="85dbf703-9a05-261e-cc19-01c633f7b37d">
      <Execution id="d02b2375-75be-4800-8f2e-c5cace471b14" />
      <TestMethod codeBase="C:\dev\command-line-api\src\System.CommandLine.Tests\bin\Debug\net462\System.CommandLine.Tests.dll" adapterTypeName="executor://xunit/VsTestRunner2/net" className="System.CommandLine.Tests.EnvironmentVariableDirectiveTests" name="Trims_environment_variable_name" />
    </UnitTest>
    <UnitTest name="System.CommandLine.Tests.ParserTests.When_option_arguments_are_fewer_than_minimum_arity_then_an_error_is_returned" storage="c:\dev\command-line-api\src\system.commandline.tests\bin\debug\net462\system.commandline.tests.dll" id="f89fb551-2062-556e-f76f-e6dc7e3e2176">
      <Execution id="8b1ea0e3-f8d8-4f34-854d-b8e92eb554b5" />
      <TestMethod codeBase="C:\dev\command-line-api\src\System.CommandLine.Tests\bin\Debug\net462\System.CommandLine.Tests.dll" adapterTypeName="executor://xunit/VsTestRunner2/net" className="System.CommandLine.Tests.ParserTests" name="When_option_arguments_are_fewer_than_minimum_arity_then_an_error_is_returned" />
    </UnitTest>
    <UnitTest name="System.CommandLine.Tests.TokenReplacementTests.Custom_token_replacer_can_expand_subcommands_and_options_and_argument" storage="c:\dev\command-line-api\src\system.commandline.tests\bin\debug\net462\system.commandline.tests.dll" id="74a06077-3057-8bb0-6435-e7a666431553">
      <Execution id="da2c5c37-fb1c-46e4-a157-200c5d0b0add" />
      <TestMethod codeBase="C:\dev\command-line-api\src\System.CommandLine.Tests\bin\Debug\net462\System.CommandLine.Tests.dll" adapterTypeName="executor://xunit/VsTestRunner2/net" className="System.CommandLine.Tests.TokenReplacementTests" name="Custom_token_replacer_can_expand_subcommands_and_options_and_argument" />
    </UnitTest>
    <UnitTest name="System.CommandLine.Tests.CommandTests.When_a_command_alias_is_added_and_contains_whitespace_then_an_informative_error_is_returned(alias: &quot;aa &quot;)" storage="c:\dev\command-line-api\src\system.commandline.tests\bin\debug\net462\system.commandline.tests.dll" id="bbf9b0ad-6cd9-2e05-0096-e9a8e49a82a2">
      <Execution id="2078248b-b4b9-47d2-ba47-8af5253f492d" />
      <TestMethod codeBase="C:\dev\command-line-api\src\System.CommandLine.Tests\bin\Debug\net462\System.CommandLine.Tests.dll" adapterTypeName="executor://xunit/VsTestRunner2/net" className="System.CommandLine.Tests.CommandTests" name="When_a_command_alias_is_added_and_contains_whitespace_then_an_informative_error_is_returned" />
    </UnitTest>
    <UnitTest name="System.CommandLine.Tests.Help.HelpBuilderTests.Usage_section_shows_additional_arguments_when_TreatUnmatchedTokensAsErrors_is_false" storage="c:\dev\command-line-api\src\system.commandline.tests\bin\debug\net462\system.commandline.tests.dll" id="e3907ebe-e3bc-4410-8213-e4304dfe145f">
      <Execution id="654ee983-104d-4eee-a19a-9271123cc3d8" />
      <TestMethod codeBase="C:\dev\command-line-api\src\System.CommandLine.Tests\bin\Debug\net462\System.CommandLine.Tests.dll" adapterTypeName="executor://xunit/VsTestRunner2/net" className="System.CommandLine.Tests.Help.HelpBuilderTests" name="Usage_section_shows_additional_arguments_when_TreatUnmatchedTokensAsErrors_is_false" />
    </UnitTest>
    <UnitTest name="System.CommandLine.Tests.Parsing.CommandLineStringSplitterTests.It_does_not_break_up_double_quote_delimited_values" storage="c:\dev\command-line-api\src\system.commandline.tests\bin\debug\net462\system.commandline.tests.dll" id="a521d166-c094-e51f-809e-1a320c0771b1">
      <Execution id="95b758b5-60ac-4650-9b1b-3c7172bd304f" />
      <TestMethod codeBase="C:\dev\command-line-api\src\System.CommandLine.Tests\bin\Debug\net462\System.CommandLine.Tests.dll" adapterTypeName="executor://xunit/VsTestRunner2/net" className="System.CommandLine.Tests.Parsing.CommandLineStringSplitterTests" name="It_does_not_break_up_double_quote_delimited_values" />
    </UnitTest>
    <UnitTest name="System.CommandLine.Tests.UseHelpTests.UseHelp_with_custom_aliases_default_aliases_replaced(helpAlias: &quot;-h&quot;)" storage="c:\dev\command-line-api\src\system.commandline.tests\bin\debug\net462\system.commandline.tests.dll" id="788a916b-8987-76bb-d724-e799b4ea1163">
      <Execution id="7681c9cc-b9ae-4cb2-909d-a194b758518f" />
      <TestMethod codeBase="C:\dev\command-line-api\src\System.CommandLine.Tests\bin\Debug\net462\System.CommandLine.Tests.dll" adapterTypeName="executor://xunit/VsTestRunner2/net" className="System.CommandLine.Tests.UseHelpTests" name="UseHelp_with_custom_aliases_default_aliases_replaced" />
    </UnitTest>
    <UnitTest name="System.CommandLine.Tests.ParserTests.Original_order_of_tokens_is_preserved_in_ParseResult_Tokens(commandLine: &quot;--many 1 --one 1 --many 2&quot;)" storage="c:\dev\command-line-api\src\system.commandline.tests\bin\debug\net462\system.commandline.tests.dll" id="c0abdbb5-6c73-ed79-78a9-b6dd0157732b">
      <Execution id="83d05096-ff90-44a2-b9c9-64e3a729f90f" />
      <TestMethod codeBase="C:\dev\command-line-api\src\System.CommandLine.Tests\bin\Debug\net462\System.CommandLine.Tests.dll" adapterTypeName="executor://xunit/VsTestRunner2/net" className="System.CommandLine.Tests.ParserTests" name="Original_order_of_tokens_is_preserved_in_ParseResult_Tokens" />
    </UnitTest>
    <UnitTest name="System.CommandLine.Tests.UseHelpTests.Individual_symbols_can_be_customized" storage="c:\dev\command-line-api\src\system.commandline.tests\bin\debug\net462\system.commandline.tests.dll" id="10d5db04-ee55-bcea-7233-0c5e74566f28">
      <Execution id="10d4a49d-cb19-4c84-b90e-0adbc170ab93" />
      <TestMethod codeBase="C:\dev\command-line-api\src\System.CommandLine.Tests\bin\Debug\net462\System.CommandLine.Tests.dll" adapterTypeName="executor://xunit/VsTestRunner2/net" className="System.CommandLine.Tests.UseHelpTests" name="Individual_symbols_can_be_customized" />
    </UnitTest>
    <UnitTest name="System.CommandLine.Tests.ParserTests.Short_form_options_can_be_specified_using_colon_delimiter" storage="c:\dev\command-line-api\src\system.commandline.tests\bin\debug\net462\system.commandline.tests.dll" id="35cb7d62-e597-4805-a8f7-68389e6a27d5">
      <Execution id="ce13b207-3ac3-49b0-9f4e-2cb5a3f7abeb" />
      <TestMethod codeBase="C:\dev\command-line-api\src\System.CommandLine.Tests\bin\Debug\net462\System.CommandLine.Tests.dll" adapterTypeName="executor://xunit/VsTestRunner2/net" className="System.CommandLine.Tests.ParserTests" name="Short_form_options_can_be_specified_using_colon_delimiter" />
    </UnitTest>
    <UnitTest name="System.CommandLine.Tests.SuggestDirectiveTests.It_writes_suggestions_for_partial_option_and_subcommand_aliases_under_root_command" storage="c:\dev\command-line-api\src\system.commandline.tests\bin\debug\net462\system.commandline.tests.dll" id="cfa3db60-12b9-aae2-5f10-b1c425f61722">
      <Execution id="1bd47e15-8d90-498e-999b-38dbb523d00b" />
      <TestMethod codeBase="C:\dev\command-line-api\src\System.CommandLine.Tests\bin\Debug\net462\System.CommandLine.Tests.dll" adapterTypeName="executor://xunit/VsTestRunner2/net" className="System.CommandLine.Tests.SuggestDirectiveTests" name="It_writes_suggestions_for_partial_option_and_subcommand_aliases_under_root_command" />
    </UnitTest>
    <UnitTest name="System.CommandLine.Tests.SplitCommandLineTests.It_splits_strings_based_on_whitespace" storage="c:\dev\command-line-api\src\system.commandline.tests\bin\debug\net462\system.commandline.tests.dll" id="9c018593-3cdc-9c7b-5dfe-d598c8fe8c71">
      <Execution id="ee6d7acf-3320-449d-b6c1-5db66c78ea4e" />
      <TestMethod codeBase="C:\dev\command-line-api\src\System.CommandLine.Tests\bin\Debug\net462\System.CommandLine.Tests.dll" adapterTypeName="executor://xunit/VsTestRunner2/net" className="System.CommandLine.Tests.SplitCommandLineTests" name="It_splits_strings_based_on_whitespace" />
    </UnitTest>
    <UnitTest name="System.CommandLine.Tests.OptionTests.An_option_cannot_have_an_alias_consisting_entirely_of_whitespace" storage="c:\dev\command-line-api\src\system.commandline.tests\bin\debug\net462\system.commandline.tests.dll" id="962f0957-d9aa-afbb-13cf-1b43b0f1f548">
      <Execution id="0bfd5b7d-3436-45aa-8009-1cf207136ccc" />
      <TestMethod codeBase="C:\dev\command-line-api\src\System.CommandLine.Tests\bin\Debug\net462\System.CommandLine.Tests.dll" adapterTypeName="executor://xunit/VsTestRunner2/net" className="System.CommandLine.Tests.OptionTests" name="An_option_cannot_have_an_alias_consisting_entirely_of_whitespace" />
    </UnitTest>
    <UnitTest name="System.CommandLine.Tests.ArgumentTests+CustomParsing.When_argument_cannot_be_parsed_as_the_specified_type_then_getting_value_throws" storage="c:\dev\command-line-api\src\system.commandline.tests\bin\debug\net462\system.commandline.tests.dll" id="6db59974-0498-647e-c3cb-27af8dcf960c">
      <Execution id="afafde53-ef3d-4a41-b16d-5c02939dae64" />
      <TestMethod codeBase="C:\dev\command-line-api\src\System.CommandLine.Tests\bin\Debug\net462\System.CommandLine.Tests.dll" adapterTypeName="executor://xunit/VsTestRunner2/net" className="System.CommandLine.Tests.ArgumentTests+CustomParsing" name="When_argument_cannot_be_parsed_as_the_specified_type_then_getting_value_throws" />
    </UnitTest>
    <UnitTest name="System.CommandLine.Tests.ParsingValidationTests.When_FromAmong_is_used_then_the_OptionResult_ErrorMessage_is_set" storage="c:\dev\command-line-api\src\system.commandline.tests\bin\debug\net462\system.commandline.tests.dll" id="8595af98-66ea-7de8-177b-8554b5361559">
      <Execution id="8e1d7064-f200-4f37-ae24-48fcd2032576" />
      <TestMethod codeBase="C:\dev\command-line-api\src\System.CommandLine.Tests\bin\Debug\net462\System.CommandLine.Tests.dll" adapterTypeName="executor://xunit/VsTestRunner2/net" className="System.CommandLine.Tests.ParsingValidationTests" name="When_FromAmong_is_used_then_the_OptionResult_ErrorMessage_is_set" />
    </UnitTest>
    <UnitTest name="System.CommandLine.Tests.Help.HelpBuilderTests.Synopsis_section_properly_uses_localized_HelpDescriptionTitle" storage="c:\dev\command-line-api\src\system.commandline.tests\bin\debug\net462\system.commandline.tests.dll" id="467d5040-9b0c-f815-7d6d-adff54ed88fa">
      <Execution id="7a83bf4a-065a-426c-8c7f-5d4b23cfe763" />
      <TestMethod codeBase="C:\dev\command-line-api\src\System.CommandLine.Tests\bin\Debug\net462\System.CommandLine.Tests.dll" adapterTypeName="executor://xunit/VsTestRunner2/net" className="System.CommandLine.Tests.Help.HelpBuilderTests" name="Synopsis_section_properly_uses_localized_HelpDescriptionTitle" />
    </UnitTest>
    <UnitTest name="System.CommandLine.Tests.CompletionTests.Argument_completions_can_be_based_on_the_proximate_option" storage="c:\dev\command-line-api\src\system.commandline.tests\bin\debug\net462\system.commandline.tests.dll" id="d3beeb34-f909-7537-f434-e33d6741a1a9">
      <Execution id="22fc69c7-1092-438d-9eb8-796a54e579dd" />
      <TestMethod codeBase="C:\dev\command-line-api\src\System.CommandLine.Tests\bin\Debug\net462\System.CommandLine.Tests.dll" adapterTypeName="executor://xunit/VsTestRunner2/net" className="System.CommandLine.Tests.CompletionTests" name="Argument_completions_can_be_based_on_the_proximate_option" />
    </UnitTest>
    <UnitTest name="System.CommandLine.Tests.ParserTests.Last_bundled_option_can_accept_argument_with_colon_separator" storage="c:\dev\command-line-api\src\system.commandline.tests\bin\debug\net462\system.commandline.tests.dll" id="b36c40df-ab95-f89a-e3df-4d04ee091c56">
      <Execution id="1fdae81f-1db7-446a-93e7-f4aee66b8a7d" />
      <TestMethod codeBase="C:\dev\command-line-api\src\System.CommandLine.Tests\bin\Debug\net462\System.CommandLine.Tests.dll" adapterTypeName="executor://xunit/VsTestRunner2/net" className="System.CommandLine.Tests.ParserTests" name="Last_bundled_option_can_accept_argument_with_colon_separator" />
    </UnitTest>
    <UnitTest name="System.CommandLine.Tests.ParsingValidationTests+FileExistence.An_option_argument_with_multiple_FileSystemInfos_can_be_invalid_based_on_directory_existence" storage="c:\dev\command-line-api\src\system.commandline.tests\bin\debug\net462\system.commandline.tests.dll" id="538690fb-d715-457b-c338-5dce93c86218">
      <Execution id="ccc2c687-86ee-45c1-8944-84cf3a4354dd" />
      <TestMethod codeBase="C:\dev\command-line-api\src\System.CommandLine.Tests\bin\Debug\net462\System.CommandLine.Tests.dll" adapterTypeName="executor://xunit/VsTestRunner2/net" className="System.CommandLine.Tests.ParsingValidationTests+FileExistence" name="An_option_argument_with_multiple_FileSystemInfos_can_be_invalid_based_on_directory_existence" />
    </UnitTest>
    <UnitTest name="System.CommandLine.Tests.ParserTests+MultiplePositions.When_an_argument_is_shared_between_an_outer_and_inner_command_then_specifying_in_one_does_not_result_in_error_on_other(commandLine: &quot;outer inner xyz&quot;)" storage="c:\dev\command-line-api\src\system.commandline.tests\bin\debug\net462\system.commandline.tests.dll" id="6301015f-0cca-e923-a2e2-4fb953ca481b">
      <Execution id="a8eb666f-10b3-449a-bc9e-2c1471b3c7e1" />
      <TestMethod codeBase="C:\dev\command-line-api\src\System.CommandLine.Tests\bin\Debug\net462\System.CommandLine.Tests.dll" adapterTypeName="executor://xunit/VsTestRunner2/net" className="System.CommandLine.Tests.ParserTests+MultiplePositions" name="When_an_argument_is_shared_between_an_outer_and_inner_command_then_specifying_in_one_does_not_result_in_error_on_other" />
    </UnitTest>
    <UnitTest name="System.CommandLine.Tests.Help.HelpBuilderTests.Option_argument_first_column_indicates_enums_values(nullable: False)" storage="c:\dev\command-line-api\src\system.commandline.tests\bin\debug\net462\system.commandline.tests.dll" id="1457637a-d7b3-c4b3-2170-65c4cfa95b23">
      <Execution id="a0acc23e-e47f-4822-8c5a-58eeb000ae09" />
      <TestMethod codeBase="C:\dev\command-line-api\src\System.CommandLine.Tests\bin\Debug\net462\System.CommandLine.Tests.dll" adapterTypeName="executor://xunit/VsTestRunner2/net" className="System.CommandLine.Tests.Help.HelpBuilderTests" name="Option_argument_first_column_indicates_enums_values" />
    </UnitTest>
    <UnitTest name="System.CommandLine.Tests.Help.HelpBuilderTests+Customization.Command_arguments_can_customize_first_column_text" storage="c:\dev\command-line-api\src\system.commandline.tests\bin\debug\net462\system.commandline.tests.dll" id="20a6330a-437d-6b38-4a3f-601ddc7a3791">
      <Execution id="fd428269-4e45-4bf2-a69e-8227f6e8412d" />
      <TestMethod codeBase="C:\dev\command-line-api\src\System.CommandLine.Tests\bin\Debug\net462\System.CommandLine.Tests.dll" adapterTypeName="executor://xunit/VsTestRunner2/net" className="System.CommandLine.Tests.Help.HelpBuilderTests+Customization" name="Command_arguments_can_customize_first_column_text" />
    </UnitTest>
    <UnitTest name="System.CommandLine.Tests.CompletionContextTests.CommandLineText_is_unavailable_when_string_array_is_parsed" storage="c:\dev\command-line-api\src\system.commandline.tests\bin\debug\net462\system.commandline.tests.dll" id="72d5d433-4a03-98ef-f6c8-502f1204c023">
      <Execution id="65df73cc-2b32-4a17-8caf-c0666db13e38" />
      <TestMethod codeBase="C:\dev\command-line-api\src\System.CommandLine.Tests\bin\Debug\net462\System.CommandLine.Tests.dll" adapterTypeName="executor://xunit/VsTestRunner2/net" className="System.CommandLine.Tests.CompletionContextTests" name="CommandLineText_is_unavailable_when_string_array_is_parsed" />
    </UnitTest>
    <UnitTest name="System.CommandLine.Tests.Help.HelpBuilderTests.Usage_section_does_not_contain_hidden_argument" storage="c:\dev\command-line-api\src\system.commandline.tests\bin\debug\net462\system.commandline.tests.dll" id="52b00f1b-748c-8071-9e3d-00e2eee4270a">
      <Execution id="9c4ff6ce-5fcb-46e3-8450-7cdee5766c45" />
      <TestMethod codeBase="C:\dev\command-line-api\src\System.CommandLine.Tests\bin\Debug\net462\System.CommandLine.Tests.dll" adapterTypeName="executor://xunit/VsTestRunner2/net" className="System.CommandLine.Tests.Help.HelpBuilderTests" name="Usage_section_does_not_contain_hidden_argument" />
    </UnitTest>
    <UnitTest name="System.CommandLine.Tests.OptionTests.When_an_option_has_only_one_alias_then_that_alias_is_its_name" storage="c:\dev\command-line-api\src\system.commandline.tests\bin\debug\net462\system.commandline.tests.dll" id="8ccc82e1-31d2-13cc-6ada-a9477cb66acc">
      <Execution id="4cedd080-7fcc-4441-be16-ec4c731e6817" />
      <TestMethod codeBase="C:\dev\command-line-api\src\System.CommandLine.Tests\bin\Debug\net462\System.CommandLine.Tests.dll" adapterTypeName="executor://xunit/VsTestRunner2/net" className="System.CommandLine.Tests.OptionTests" name="When_an_option_has_only_one_alias_then_that_alias_is_its_name" />
    </UnitTest>
    <UnitTest name="System.CommandLine.Tests.ArgumentTests+CustomParsing.Multiple_command_arguments_can_have_custom_parse_delegates" storage="c:\dev\command-line-api\src\system.commandline.tests\bin\debug\net462\system.commandline.tests.dll" id="13048c7e-0241-16d5-76ec-d3e853de586e">
      <Execution id="fda3c1d3-451f-465b-b0e3-a059e8513e44" />
      <TestMethod codeBase="C:\dev\command-line-api\src\System.CommandLine.Tests\bin\Debug\net462\System.CommandLine.Tests.dll" adapterTypeName="executor://xunit/VsTestRunner2/net" className="System.CommandLine.Tests.ArgumentTests+CustomParsing" name="Multiple_command_arguments_can_have_custom_parse_delegates" />
    </UnitTest>
    <UnitTest name="System.CommandLine.Tests.Binding.TypeConversionTests.Argument_infers_arity_of_IEnumerable_types_as_OneOrMore(type: typeof(System.Collections.Generic.IEnumerable&lt;int&gt;))" storage="c:\dev\command-line-api\src\system.commandline.tests\bin\debug\net462\system.commandline.tests.dll" id="29bd4516-0e58-633d-5bbe-29af36fbe13c">
      <Execution id="899ce21c-45c6-4b37-8de2-be8d530bd9b5" />
      <TestMethod codeBase="C:\dev\command-line-api\src\System.CommandLine.Tests\bin\Debug\net462\System.CommandLine.Tests.dll" adapterTypeName="executor://xunit/VsTestRunner2/net" className="System.CommandLine.Tests.Binding.TypeConversionTests" name="Argument_infers_arity_of_IEnumerable_types_as_OneOrMore" />
    </UnitTest>
    <UnitTest name="System.CommandLine.Tests.CommandTests.Subcommands_can_have_aliases" storage="c:\dev\command-line-api\src\system.commandline.tests\bin\debug\net462\system.commandline.tests.dll" id="9e3ceb6c-8d24-d68b-6ab6-fe5ba58ec338">
      <Execution id="b051ab79-29f1-46f9-a154-910c5777e245" />
      <TestMethod codeBase="C:\dev\command-line-api\src\System.CommandLine.Tests\bin\Debug\net462\System.CommandLine.Tests.dll" adapterTypeName="executor://xunit/VsTestRunner2/net" className="System.CommandLine.Tests.CommandTests" name="Subcommands_can_have_aliases" />
    </UnitTest>
    <UnitTest name="System.CommandLine.Tests.CompletionTests.Command_GetCompletions_returns_available_subcommands_and_option_aliases_and_configured_arguments" storage="c:\dev\command-line-api\src\system.commandline.tests\bin\debug\net462\system.commandline.tests.dll" id="f0e6cba9-8eb5-5f4c-c910-c945a5b507a4">
      <Execution id="208904a8-a025-4423-96ce-3dc77c98b711" />
      <TestMethod codeBase="C:\dev\command-line-api\src\System.CommandLine.Tests\bin\Debug\net462\System.CommandLine.Tests.dll" adapterTypeName="executor://xunit/VsTestRunner2/net" className="System.CommandLine.Tests.CompletionTests" name="Command_GetCompletions_returns_available_subcommands_and_option_aliases_and_configured_arguments" />
    </UnitTest>
    <UnitTest name="System.CommandLine.Tests.ParserTests+MultipleArguments.Multiple_arguments_of_unspecified_type_are_parsed_correctly" storage="c:\dev\command-line-api\src\system.commandline.tests\bin\debug\net462\system.commandline.tests.dll" id="ee1fbbe6-a5f0-3960-0d41-c9bd443d5054">
      <Execution id="9027d85b-6fd9-4f73-ba38-83d7a1a4e652" />
      <TestMethod codeBase="C:\dev\command-line-api\src\System.CommandLine.Tests\bin\Debug\net462\System.CommandLine.Tests.dll" adapterTypeName="executor://xunit/VsTestRunner2/net" className="System.CommandLine.Tests.ParserTests+MultipleArguments" name="Multiple_arguments_of_unspecified_type_are_parsed_correctly" />
    </UnitTest>
    <UnitTest name="System.CommandLine.Tests.ParserTests+MultipleArguments.When_there_are_not_enough_tokens_for_all_arguments_then_the_correct_number_of_errors_is_reported(providedArgs: &quot;&quot;)" storage="c:\dev\command-line-api\src\system.commandline.tests\bin\debug\net462\system.commandline.tests.dll" id="a28ab789-c479-7cf2-6b7f-c503b9472c4f">
      <Execution id="6d473e6b-1762-469f-9ad7-b5fa8e58d348" />
      <TestMethod codeBase="C:\dev\command-line-api\src\System.CommandLine.Tests\bin\Debug\net462\System.CommandLine.Tests.dll" adapterTypeName="executor://xunit/VsTestRunner2/net" className="System.CommandLine.Tests.ParserTests+MultipleArguments" name="When_there_are_not_enough_tokens_for_all_arguments_then_the_correct_number_of_errors_is_reported" />
    </UnitTest>
    <UnitTest name="System.CommandLine.Tests.Binding.TypeConversionTests.Max_arity_greater_than_1_converts_to_enumerable_types(minArity: 1, maxArity: 3, argumentType: typeof(string[]))" storage="c:\dev\command-line-api\src\system.commandline.tests\bin\debug\net462\system.commandline.tests.dll" id="1d51af23-0666-22df-5bc6-0c77cc577656">
      <Execution id="01d643b4-3ae8-43b5-a8c7-d74b978c851b" />
      <TestMethod codeBase="C:\dev\command-line-api\src\System.CommandLine.Tests\bin\Debug\net462\System.CommandLine.Tests.dll" adapterTypeName="executor://xunit/VsTestRunner2/net" className="System.CommandLine.Tests.Binding.TypeConversionTests" name="Max_arity_greater_than_1_converts_to_enumerable_types" />
    </UnitTest>
    <UnitTest name="System.CommandLine.Tests.Binding.TypeConversionTests.Bool_parses_as_true_when_the_option_has_been_applied(commandLine: &quot;the-command -x&quot;)" storage="c:\dev\command-line-api\src\system.commandline.tests\bin\debug\net462\system.commandline.tests.dll" id="66a69ac2-09fd-0905-e569-8ef4c3ea34a6">
      <Execution id="a24e8d8a-a988-45ab-af30-82e6a676018a" />
      <TestMethod codeBase="C:\dev\command-line-api\src\System.CommandLine.Tests\bin\Debug\net462\System.CommandLine.Tests.dll" adapterTypeName="executor://xunit/VsTestRunner2/net" className="System.CommandLine.Tests.Binding.TypeConversionTests" name="Bool_parses_as_true_when_the_option_has_been_applied" />
    </UnitTest>
    <UnitTest name="System.CommandLine.Tests.Help.HelpBuilderTests.Subcommand_help_contains_command_with_empty_description" storage="c:\dev\command-line-api\src\system.commandline.tests\bin\debug\net462\system.commandline.tests.dll" id="4fcf7664-68f0-a073-3eb5-cb544245f477">
      <Execution id="9fb2fb9f-b1c3-496a-9d5c-f1c3057151c3" />
      <TestMethod codeBase="C:\dev\command-line-api\src\System.CommandLine.Tests\bin\Debug\net462\System.CommandLine.Tests.dll" adapterTypeName="executor://xunit/VsTestRunner2/net" className="System.CommandLine.Tests.Help.HelpBuilderTests" name="Subcommand_help_contains_command_with_empty_description" />
    </UnitTest>
    <UnitTest name="System.CommandLine.Tests.TokenReplacementTests.Token_replacer_will_delete_token_when_delegate_returns_true_and_sets_tokens_to_empty_array" storage="c:\dev\command-line-api\src\system.commandline.tests\bin\debug\net462\system.commandline.tests.dll" id="eedfab86-2b0e-136c-8a31-9f5fa7c6f26b">
      <Execution id="f031e36f-983d-4605-bc4b-da63c1748adf" />
      <TestMethod codeBase="C:\dev\command-line-api\src\System.CommandLine.Tests\bin\Debug\net462\System.CommandLine.Tests.dll" adapterTypeName="executor://xunit/VsTestRunner2/net" className="System.CommandLine.Tests.TokenReplacementTests" name="Token_replacer_will_delete_token_when_delegate_returns_true_and_sets_tokens_to_empty_array" />
    </UnitTest>
    <UnitTest name="System.CommandLine.Tests.Binding.TypeConversionTests.Max_arity_greater_than_1_converts_to_enumerable_types(minArity: 0, maxArity: 3, argumentType: typeof(string[]))" storage="c:\dev\command-line-api\src\system.commandline.tests\bin\debug\net462\system.commandline.tests.dll" id="e0b18837-6a6c-dc1d-07dc-6234bd8e46a8">
      <Execution id="a4cda9b6-cf0d-41f4-a19c-d2a6ded94ea6" />
      <TestMethod codeBase="C:\dev\command-line-api\src\System.CommandLine.Tests\bin\Debug\net462\System.CommandLine.Tests.dll" adapterTypeName="executor://xunit/VsTestRunner2/net" className="System.CommandLine.Tests.Binding.TypeConversionTests" name="Max_arity_greater_than_1_converts_to_enumerable_types" />
    </UnitTest>
    <UnitTest name="System.CommandLine.Tests.Binding.TypeConversionTests.Nullable_bool_parses_as_true_when_the_option_has_been_applied(commandLine: &quot;the-command -x=true&quot;)" storage="c:\dev\command-line-api\src\system.commandline.tests\bin\debug\net462\system.commandline.tests.dll" id="d0b2bd17-4598-09df-0d23-11ac5b5ed4ec">
      <Execution id="008067c0-7262-4628-a629-99b7ccd951b5" />
      <TestMethod codeBase="C:\dev\command-line-api\src\System.CommandLine.Tests\bin\Debug\net462\System.CommandLine.Tests.dll" adapterTypeName="executor://xunit/VsTestRunner2/net" className="System.CommandLine.Tests.Binding.TypeConversionTests" name="Nullable_bool_parses_as_true_when_the_option_has_been_applied" />
    </UnitTest>
    <UnitTest name="System.CommandLine.Tests.ParserTests.An_option_can_be_checked_by_object_instance" storage="c:\dev\command-line-api\src\system.commandline.tests\bin\debug\net462\system.commandline.tests.dll" id="ac3262ee-2af4-46ed-9365-6453e83a3571">
      <Execution id="91145584-76e6-48b8-86f5-e4b88792f435" />
      <TestMethod codeBase="C:\dev\command-line-api\src\System.CommandLine.Tests\bin\Debug\net462\System.CommandLine.Tests.dll" adapterTypeName="executor://xunit/VsTestRunner2/net" className="System.CommandLine.Tests.ParserTests" name="An_option_can_be_checked_by_object_instance" />
    </UnitTest>
    <UnitTest name="System.CommandLine.Tests.Binding.TypeConversionTests.Max_arity_greater_than_1_converts_to_enumerable_types(minArity: 0, maxArity: 3, argumentType: typeof(System.Collections.Generic.List&lt;string&gt;))" storage="c:\dev\command-line-api\src\system.commandline.tests\bin\debug\net462\system.commandline.tests.dll" id="4ff2ec2f-f7f2-aede-9def-7e479a8d13df">
      <Execution id="f2c64ddc-1fe5-46f0-8e07-d345a0a4adbb" />
      <TestMethod codeBase="C:\dev\command-line-api\src\System.CommandLine.Tests\bin\Debug\net462\System.CommandLine.Tests.dll" adapterTypeName="executor://xunit/VsTestRunner2/net" className="System.CommandLine.Tests.Binding.TypeConversionTests" name="Max_arity_greater_than_1_converts_to_enumerable_types" />
    </UnitTest>
    <UnitTest name="System.CommandLine.Tests.Binding.TypeConversionTests.Nullable_bool_parses_as_true_when_the_option_has_been_applied(commandLine: &quot;the-command -x true&quot;)" storage="c:\dev\command-line-api\src\system.commandline.tests\bin\debug\net462\system.commandline.tests.dll" id="e04f8160-b5e3-120c-0e51-05d7dba514d1">
      <Execution id="8e751a05-f0e5-4333-8891-817b6407ce13" />
      <TestMethod codeBase="C:\dev\command-line-api\src\System.CommandLine.Tests\bin\Debug\net462\System.CommandLine.Tests.dll" adapterTypeName="executor://xunit/VsTestRunner2/net" className="System.CommandLine.Tests.Binding.TypeConversionTests" name="Nullable_bool_parses_as_true_when_the_option_has_been_applied" />
    </UnitTest>
    <UnitTest name="System.CommandLine.Tests.Help.HelpBuilderTests.Usage_section_shows_arguments_if_there_are_arguments_for_command_when_there_is_more_than_one_argument(minArityForArg1: 1, maxArityForArg1: 1, minArityForArg2: 1, maxArityForArg2: 1, expectedArgsUsage: &quot;&lt;arg1&gt; &lt;arg2&gt;&quot;)" storage="c:\dev\command-line-api\src\system.commandline.tests\bin\debug\net462\system.commandline.tests.dll" id="69ed0940-aee0-2aed-0804-43832203c798">
      <Execution id="202516d3-baef-4948-986d-30b95b23bcd2" />
      <TestMethod codeBase="C:\dev\command-line-api\src\System.CommandLine.Tests\bin\Debug\net462\System.CommandLine.Tests.dll" adapterTypeName="executor://xunit/VsTestRunner2/net" className="System.CommandLine.Tests.Help.HelpBuilderTests" name="Usage_section_shows_arguments_if_there_are_arguments_for_command_when_there_is_more_than_one_argument" />
    </UnitTest>
    <UnitTest name="System.CommandLine.Tests.ParserTests.Option_arguments_can_start_with_prefixes_that_make_them_look_like_options(input: &quot;-x -y&quot;)" storage="c:\dev\command-line-api\src\system.commandline.tests\bin\debug\net462\system.commandline.tests.dll" id="bd4c0a5f-3ad2-3bcb-fce8-1b3c65877067">
      <Execution id="c84af0ba-db1e-45b4-be05-783b81e41620" />
      <TestMethod codeBase="C:\dev\command-line-api\src\System.CommandLine.Tests\bin\Debug\net462\System.CommandLine.Tests.dll" adapterTypeName="executor://xunit/VsTestRunner2/net" className="System.CommandLine.Tests.ParserTests" name="Option_arguments_can_start_with_prefixes_that_make_them_look_like_options" />
    </UnitTest>
    <UnitTest name="System.CommandLine.Tests.Binding.TypeConversionTests.Max_arity_greater_than_1_converts_to_enumerable_types(minArity: 1, maxArity: 100000, argumentType: typeof(System.Collections.Generic.IList&lt;string&gt;))" storage="c:\dev\command-line-api\src\system.commandline.tests\bin\debug\net462\system.commandline.tests.dll" id="17db097c-12f8-55b3-336a-1eed3e7d593f">
      <Execution id="4d2ff6e4-f5e8-4f51-a8c1-afffbafaf792" />
      <TestMethod codeBase="C:\dev\command-line-api\src\System.CommandLine.Tests\bin\Debug\net462\System.CommandLine.Tests.dll" adapterTypeName="executor://xunit/VsTestRunner2/net" className="System.CommandLine.Tests.Binding.TypeConversionTests" name="Max_arity_greater_than_1_converts_to_enumerable_types" />
    </UnitTest>
    <UnitTest name="System.CommandLine.Tests.CompletionTests.When_a_subcommand_has_been_specified_then_its_sibling_options_will_not_be_suggested" storage="c:\dev\command-line-api\src\system.commandline.tests\bin\debug\net462\system.commandline.tests.dll" id="e0b377a9-8961-1718-03dd-60f9c1f75caf">
      <Execution id="a81d1736-935d-4323-8bf9-e056046f6d96" />
      <TestMethod codeBase="C:\dev\command-line-api\src\System.CommandLine.Tests\bin\Debug\net462\System.CommandLine.Tests.dll" adapterTypeName="executor://xunit/VsTestRunner2/net" className="System.CommandLine.Tests.CompletionTests" name="When_a_subcommand_has_been_specified_then_its_sibling_options_will_not_be_suggested" />
    </UnitTest>
    <UnitTest name="System.CommandLine.Tests.Help.HelpBuilderTests.Options_aliases_differing_only_by_prefix_are_deduplicated_favoring_double_dashed_prefixes" storage="c:\dev\command-line-api\src\system.commandline.tests\bin\debug\net462\system.commandline.tests.dll" id="503c0166-7d88-7c58-45fa-5728dbda5f09">
      <Execution id="6ca7dac2-5c3d-4588-8c82-a56603fb6c5e" />
      <TestMethod codeBase="C:\dev\command-line-api\src\System.CommandLine.Tests\bin\Debug\net462\System.CommandLine.Tests.dll" adapterTypeName="executor://xunit/VsTestRunner2/net" className="System.CommandLine.Tests.Help.HelpBuilderTests" name="Options_aliases_differing_only_by_prefix_are_deduplicated_favoring_double_dashed_prefixes" />
    </UnitTest>
    <UnitTest name="System.CommandLine.Tests.Help.HelpBuilderTests.Usage_section_properly_wraps_description" storage="c:\dev\command-line-api\src\system.commandline.tests\bin\debug\net462\system.commandline.tests.dll" id="d852140d-e1e0-934e-8b19-4c73870a3308">
      <Execution id="92d49c24-de72-404a-a991-e77f275f2380" />
      <TestMethod codeBase="C:\dev\command-line-api\src\System.CommandLine.Tests\bin\Debug\net462\System.CommandLine.Tests.dll" adapterTypeName="executor://xunit/VsTestRunner2/net" className="System.CommandLine.Tests.Help.HelpBuilderTests" name="Usage_section_properly_wraps_description" />
    </UnitTest>
    <UnitTest name="System.CommandLine.Tests.OptionTests.Aliases_is_aware_of_added_alias" storage="c:\dev\command-line-api\src\system.commandline.tests\bin\debug\net462\system.commandline.tests.dll" id="3dc2ef93-2a9e-17a0-7621-214804aea72b">
      <Execution id="3e3372ad-0a2b-4b7f-bda3-4dcc94e7da39" />
      <TestMethod codeBase="C:\dev\command-line-api\src\System.CommandLine.Tests\bin\Debug\net462\System.CommandLine.Tests.dll" adapterTypeName="executor://xunit/VsTestRunner2/net" className="System.CommandLine.Tests.OptionTests" name="Aliases_is_aware_of_added_alias" />
    </UnitTest>
    <UnitTest name="System.CommandLine.Tests.ParsingValidationTests+FileExistence.A_command_argument_can_be_invalid_based_on_file_existence" storage="c:\dev\command-line-api\src\system.commandline.tests\bin\debug\net462\system.commandline.tests.dll" id="7d3e8dab-817c-6405-d5da-5ac4d03badf2">
      <Execution id="99519998-0518-44e5-bde3-75069cdc67ba" />
      <TestMethod codeBase="C:\dev\command-line-api\src\System.CommandLine.Tests\bin\Debug\net462\System.CommandLine.Tests.dll" adapterTypeName="executor://xunit/VsTestRunner2/net" className="System.CommandLine.Tests.ParsingValidationTests+FileExistence" name="A_command_argument_can_be_invalid_based_on_file_existence" />
    </UnitTest>
    <UnitTest name="System.CommandLine.Tests.CommandTests.When_a_command_alias_is_added_and_contains_whitespace_then_an_informative_error_is_returned(alias: &quot; aa&quot;)" storage="c:\dev\command-line-api\src\system.commandline.tests\bin\debug\net462\system.commandline.tests.dll" id="375e3dca-fde9-dc67-3d1b-c6fdbadaee73">
      <Execution id="cda5eff8-013b-422e-86df-0a8e04a2fc6f" />
      <TestMethod codeBase="C:\dev\command-line-api\src\System.CommandLine.Tests\bin\Debug\net462\System.CommandLine.Tests.dll" adapterTypeName="executor://xunit/VsTestRunner2/net" className="System.CommandLine.Tests.CommandTests" name="When_a_command_alias_is_added_and_contains_whitespace_then_an_informative_error_is_returned" />
    </UnitTest>
    <UnitTest name="System.CommandLine.Tests.Parsing.CommandLineStringSplitterTests.It_splits_strings_based_on_whitespace(commandLine: &quot; one\ntwo\nthree\nfour\n&quot;)" storage="c:\dev\command-line-api\src\system.commandline.tests\bin\debug\net462\system.commandline.tests.dll" id="bebfe675-00de-0530-61f9-8809fd21f00c">
      <Execution id="80b7a957-eed1-438f-9dfb-307be67c3633" />
      <TestMethod codeBase="C:\dev\command-line-api\src\System.CommandLine.Tests\bin\Debug\net462\System.CommandLine.Tests.dll" adapterTypeName="executor://xunit/VsTestRunner2/net" className="System.CommandLine.Tests.Parsing.CommandLineStringSplitterTests" name="It_splits_strings_based_on_whitespace" />
    </UnitTest>
    <UnitTest name="System.CommandLine.Tests.CommandExtensionsTests.Parse_and_Invoke_extension_methods_use_different_implicit_parsers" storage="c:\dev\command-line-api\src\system.commandline.tests\bin\debug\net462\system.commandline.tests.dll" id="ec29f196-5d78-9bc0-0c47-028421c1fbb4">
      <Execution id="cb2dd3e9-2ad0-407f-95ee-373bcc7bc17c" />
      <TestMethod codeBase="C:\dev\command-line-api\src\System.CommandLine.Tests\bin\Debug\net462\System.CommandLine.Tests.dll" adapterTypeName="executor://xunit/VsTestRunner2/net" className="System.CommandLine.Tests.CommandExtensionsTests" name="Parse_and_Invoke_extension_methods_use_different_implicit_parsers" />
    </UnitTest>
    <UnitTest name="System.CommandLine.Tests.GlobalOptionTests.Subcommands_added_after_a_global_option_is_added_to_parent_will_recognize_the_global_option" storage="c:\dev\command-line-api\src\system.commandline.tests\bin\debug\net462\system.commandline.tests.dll" id="5a0c8629-a1df-8f60-4a61-6ec9954f7f20">
      <Execution id="934d5925-0c11-48dc-8daf-a5e3e36a3acd" />
      <TestMethod codeBase="C:\dev\command-line-api\src\System.CommandLine.Tests\bin\Debug\net462\System.CommandLine.Tests.dll" adapterTypeName="executor://xunit/VsTestRunner2/net" className="System.CommandLine.Tests.GlobalOptionTests" name="Subcommands_added_after_a_global_option_is_added_to_parent_will_recognize_the_global_option" />
    </UnitTest>
    <UnitTest name="System.CommandLine.Tests.ParsingValidationTests.A_command_with_subcommands_is_valid_to_invoke_if_it_has_a_handler" storage="c:\dev\command-line-api\src\system.commandline.tests\bin\debug\net462\system.commandline.tests.dll" id="b4c89dc8-80d9-f7f3-981e-a0a29f3f23e3">
      <Execution id="af60127a-b90c-460f-ba57-637ffe2a2ba8" />
      <TestMethod codeBase="C:\dev\command-line-api\src\System.CommandLine.Tests\bin\Debug\net462\System.CommandLine.Tests.dll" adapterTypeName="executor://xunit/VsTestRunner2/net" className="System.CommandLine.Tests.ParsingValidationTests" name="A_command_with_subcommands_is_valid_to_invoke_if_it_has_a_handler" />
    </UnitTest>
    <UnitTest name="System.CommandLine.Tests.ParserTests+MultipleArguments.When_multiple_arguments_are_present_then_their_order_relative_to_sibling_options_is_not_significant(commandLine: &quot;one --verbose two three four five&quot;)" storage="c:\dev\command-line-api\src\system.commandline.tests\bin\debug\net462\system.commandline.tests.dll" id="5d8f1366-6ceb-d083-c9e0-74feb71c3036">
      <Execution id="e67fb6e8-fcd2-4d30-be41-60e69c7ba0ae" />
      <TestMethod codeBase="C:\dev\command-line-api\src\System.CommandLine.Tests\bin\Debug\net462\System.CommandLine.Tests.dll" adapterTypeName="executor://xunit/VsTestRunner2/net" className="System.CommandLine.Tests.ParserTests+MultipleArguments" name="When_multiple_arguments_are_present_then_their_order_relative_to_sibling_options_is_not_significant" />
    </UnitTest>
    <UnitTest name="System.CommandLine.Tests.ArgumentTests+CustomParsing.Default_value_and_custom_argument_parser_can_be_used_together" storage="c:\dev\command-line-api\src\system.commandline.tests\bin\debug\net462\system.commandline.tests.dll" id="89f26a7f-ba7a-1796-c4c8-f96b13143932">
      <Execution id="c7061d04-2982-46f8-bdde-70a613ab307c" />
      <TestMethod codeBase="C:\dev\command-line-api\src\System.CommandLine.Tests\bin\Debug\net462\System.CommandLine.Tests.dll" adapterTypeName="executor://xunit/VsTestRunner2/net" className="System.CommandLine.Tests.ArgumentTests+CustomParsing" name="Default_value_and_custom_argument_parser_can_be_used_together" />
    </UnitTest>
    <UnitTest name="System.CommandLine.Tests.Parsing.CommandLineStringSplitterTests.It_does_not_split_double_quote_delimited_values_when_a_non_whitespace_argument_delimiter_is_used(prefix: &quot;-&quot;, delimiter: ':')" storage="c:\dev\command-line-api\src\system.commandline.tests\bin\debug\net462\system.commandline.tests.dll" id="d0b9a590-8960-6afa-3cfe-42db9cc86cdd">
      <Execution id="d6bbc6a1-2dec-4ec1-972f-88d412ffe91f" />
      <TestMethod codeBase="C:\dev\command-line-api\src\System.CommandLine.Tests\bin\Debug\net462\System.CommandLine.Tests.dll" adapterTypeName="executor://xunit/VsTestRunner2/net" className="System.CommandLine.Tests.Parsing.CommandLineStringSplitterTests" name="It_does_not_split_double_quote_delimited_values_when_a_non_whitespace_argument_delimiter_is_used" />
    </UnitTest>
    <UnitTest name="System.CommandLine.Tests.Invocation.TypoCorrectionTests.When_there_are_multiple_matches_it_picks_the_best_matches" storage="c:\dev\command-line-api\src\system.commandline.tests\bin\debug\net462\system.commandline.tests.dll" id="87a7f4c4-7a67-98a5-7f61-35f494abe69c">
      <Execution id="7751e760-ea60-4d85-aa37-d8ddeb998eab" />
      <TestMethod codeBase="C:\dev\command-line-api\src\System.CommandLine.Tests\bin\Debug\net462\System.CommandLine.Tests.dll" adapterTypeName="executor://xunit/VsTestRunner2/net" className="System.CommandLine.Tests.Invocation.TypoCorrectionTests" name="When_there_are_multiple_matches_it_picks_the_best_matches" />
    </UnitTest>
    <UnitTest name="System.CommandLine.Tests.CommandLineConfigurationTests.ThrowIfInvalid_throws_if_there_are_duplicate_sibling_option_aliases_on_a_subcommand" storage="c:\dev\command-line-api\src\system.commandline.tests\bin\debug\net462\system.commandline.tests.dll" id="e2fa2fab-4dcd-360b-dbce-94d5fe1299ed">
      <Execution id="df3fa1c1-503e-4a71-8c00-18dd7228e582" />
      <TestMethod codeBase="C:\dev\command-line-api\src\System.CommandLine.Tests\bin\Debug\net462\System.CommandLine.Tests.dll" adapterTypeName="executor://xunit/VsTestRunner2/net" className="System.CommandLine.Tests.CommandLineConfigurationTests" name="ThrowIfInvalid_throws_if_there_are_duplicate_sibling_option_aliases_on_a_subcommand" />
    </UnitTest>
    <UnitTest name="System.CommandLine.Tests.CompletionTests.Option_GetCompletions_can_be_based_on_the_proximate_option" storage="c:\dev\command-line-api\src\system.commandline.tests\bin\debug\net462\system.commandline.tests.dll" id="84a543fb-ac41-4b30-8c23-52f7e31b8652">
      <Execution id="f9887828-ae44-4b91-8303-57ece02a76d3" />
      <TestMethod codeBase="C:\dev\command-line-api\src\System.CommandLine.Tests\bin\Debug\net462\System.CommandLine.Tests.dll" adapterTypeName="executor://xunit/VsTestRunner2/net" className="System.CommandLine.Tests.CompletionTests" name="Option_GetCompletions_can_be_based_on_the_proximate_option" />
    </UnitTest>
    <UnitTest name="System.CommandLine.Tests.ParserTests.When_a_token_is_just_a_prefix_then_an_error_is_returned(prefix: &quot;-&quot;)" storage="c:\dev\command-line-api\src\system.commandline.tests\bin\debug\net462\system.commandline.tests.dll" id="9a317c0e-f0d9-8826-bb20-a3aa04194d0a">
      <Execution id="5da745a8-663b-41b6-9186-f1c4f4dbb9aa" />
      <TestMethod codeBase="C:\dev\command-line-api\src\System.CommandLine.Tests\bin\Debug\net462\System.CommandLine.Tests.dll" adapterTypeName="executor://xunit/VsTestRunner2/net" className="System.CommandLine.Tests.ParserTests" name="When_a_token_is_just_a_prefix_then_an_error_is_returned" />
    </UnitTest>
    <UnitTest name="System.CommandLine.Tests.OptionTests.When_an_option_alias_is_added_and_contains_whitespace_then_an_informative_error_is_returned(alias: &quot;-x &quot;)" storage="c:\dev\command-line-api\src\system.commandline.tests\bin\debug\net462\system.commandline.tests.dll" id="0aed0967-f5cb-eb1d-4811-1acc75168cf8">
      <Execution id="82f0609b-6f08-451b-8bff-5dedf508c546" />
      <TestMethod codeBase="C:\dev\command-line-api\src\System.CommandLine.Tests\bin\Debug\net462\System.CommandLine.Tests.dll" adapterTypeName="executor://xunit/VsTestRunner2/net" className="System.CommandLine.Tests.OptionTests" name="When_an_option_alias_is_added_and_contains_whitespace_then_an_informative_error_is_returned" />
    </UnitTest>
    <UnitTest name="System.CommandLine.Tests.VersionOptionTests.When_the_version_option_is_specified_then_invocation_is_short_circuited" storage="c:\dev\command-line-api\src\system.commandline.tests\bin\debug\net462\system.commandline.tests.dll" id="c9fc080f-5602-a1ea-e61d-e1195198a4f6">
      <Execution id="d75dc2d3-ff88-416b-8965-fe99abe9cfcd" />
      <TestMethod codeBase="C:\dev\command-line-api\src\System.CommandLine.Tests\bin\Debug\net462\System.CommandLine.Tests.dll" adapterTypeName="executor://xunit/VsTestRunner2/net" className="System.CommandLine.Tests.VersionOptionTests" name="When_the_version_option_is_specified_then_invocation_is_short_circuited" />
    </UnitTest>
    <UnitTest name="System.CommandLine.Tests.UseHelpTests.UseHelp_accepts_default_values(value: &quot;--help&quot;)" storage="c:\dev\command-line-api\src\system.commandline.tests\bin\debug\net462\system.commandline.tests.dll" id="2c42ad7b-9488-6b10-287a-d04dca9b08a7">
      <Execution id="9e1e587a-6aa7-4c84-9990-8937b641f8ac" />
      <TestMethod codeBase="C:\dev\command-line-api\src\System.CommandLine.Tests\bin\Debug\net462\System.CommandLine.Tests.dll" adapterTypeName="executor://xunit/VsTestRunner2/net" className="System.CommandLine.Tests.UseHelpTests" name="UseHelp_accepts_default_values" />
    </UnitTest>
    <UnitTest name="System.CommandLine.Tests.UseHelpTests.Layout_can_be_composed_dynamically_based_on_context" storage="c:\dev\command-line-api\src\system.commandline.tests\bin\debug\net462\system.commandline.tests.dll" id="b10a885d-e6e4-8505-1fcf-7086d3761c32">
      <Execution id="13cfa638-a9a2-4f0f-891c-8e600e368837" />
      <TestMethod codeBase="C:\dev\command-line-api\src\System.CommandLine.Tests\bin\Debug\net462\System.CommandLine.Tests.dll" adapterTypeName="executor://xunit/VsTestRunner2/net" className="System.CommandLine.Tests.UseHelpTests" name="Layout_can_be_composed_dynamically_based_on_context" />
    </UnitTest>
    <UnitTest name="System.CommandLine.Tests.Binding.TypeConversionTests.Sequence_type_defaults_to_empty_when_not_specified(sequenceType: typeof(int[]))" storage="c:\dev\command-line-api\src\system.commandline.tests\bin\debug\net462\system.commandline.tests.dll" id="a450d5c2-6095-a8ae-6185-5b03610216eb">
      <Execution id="fbbc9612-c9b5-4e1a-8fed-b7d2b1c7b3b5" />
      <TestMethod codeBase="C:\dev\command-line-api\src\System.CommandLine.Tests\bin\Debug\net462\System.CommandLine.Tests.dll" adapterTypeName="executor://xunit/VsTestRunner2/net" className="System.CommandLine.Tests.Binding.TypeConversionTests" name="Sequence_type_defaults_to_empty_when_not_specified" />
    </UnitTest>
    <UnitTest name="System.CommandLine.Tests.ParserTests+MultiplePositions.An_argument_can_be_specified_in_more_than_one_position(commandLine: &quot;outer inner xyz&quot;)" storage="c:\dev\command-line-api\src\system.commandline.tests\bin\debug\net462\system.commandline.tests.dll" id="5d2ab3cc-1da7-4252-6b9e-8764661a7eec">
      <Execution id="84adadf6-7322-434b-a1bb-6bacb06ebd03" />
      <TestMethod codeBase="C:\dev\command-line-api\src\System.CommandLine.Tests\bin\Debug\net462\System.CommandLine.Tests.dll" adapterTypeName="executor://xunit/VsTestRunner2/net" className="System.CommandLine.Tests.ParserTests+MultiplePositions" name="An_argument_can_be_specified_in_more_than_one_position" />
    </UnitTest>
    <UnitTest name="System.CommandLine.Tests.Binding.SetHandlerTests.Binding_is_correct_for_Action_overload_having_arity_(arity: 7)" storage="c:\dev\command-line-api\src\system.commandline.tests\bin\debug\net462\system.commandline.tests.dll" id="7b6a1e49-803c-f076-28b7-877c804d5b80">
      <Execution id="a0958114-c753-4f94-bd1f-0305ea6e3b96" />
      <TestMethod codeBase="C:\dev\command-line-api\src\System.CommandLine.Tests\bin\Debug\net462\System.CommandLine.Tests.dll" adapterTypeName="executor://xunit/VsTestRunner2/net" className="System.CommandLine.Tests.Binding.SetHandlerTests" name="Binding_is_correct_for_Action_overload_having_arity_" />
    </UnitTest>
    <UnitTest name="System.CommandLine.Tests.Help.HelpBuilderTests.Options_section_is_not_included_if_only_subcommands_configured" storage="c:\dev\command-line-api\src\system.commandline.tests\bin\debug\net462\system.commandline.tests.dll" id="c04c9819-19fd-c3d7-dc90-5906f12af004">
      <Execution id="cfcf52fb-9845-4f3b-b310-c1bc5884bb83" />
      <TestMethod codeBase="C:\dev\command-line-api\src\System.CommandLine.Tests\bin\Debug\net462\System.CommandLine.Tests.dll" adapterTypeName="executor://xunit/VsTestRunner2/net" className="System.CommandLine.Tests.Help.HelpBuilderTests" name="Options_section_is_not_included_if_only_subcommands_configured" />
    </UnitTest>
    <UnitTest name="System.CommandLine.Tests.Help.HelpBuilderTests.Usage_section_for_subcommand_shows_arguments_for_subcommand_and_parent_command" storage="c:\dev\command-line-api\src\system.commandline.tests\bin\debug\net462\system.commandline.tests.dll" id="ca1c00e9-9a57-ee03-56f0-343df7c654f7">
      <Execution id="6bd07adf-56bd-4725-aff5-b2a1e25b4fe3" />
      <TestMethod codeBase="C:\dev\command-line-api\src\System.CommandLine.Tests\bin\Debug\net462\System.CommandLine.Tests.dll" adapterTypeName="executor://xunit/VsTestRunner2/net" className="System.CommandLine.Tests.Help.HelpBuilderTests" name="Usage_section_for_subcommand_shows_arguments_for_subcommand_and_parent_command" />
    </UnitTest>
    <UnitTest name="System.CommandLine.Tests.ParserTests.Options_can_have_the_same_alias_differentiated_only_by_prefix" storage="c:\dev\command-line-api\src\system.commandline.tests\bin\debug\net462\system.commandline.tests.dll" id="95cee718-e556-5907-43f5-8a8bd02f4877">
      <Execution id="f913f11b-1845-445e-a56f-b0a294e64ce2" />
      <TestMethod codeBase="C:\dev\command-line-api\src\System.CommandLine.Tests\bin\Debug\net462\System.CommandLine.Tests.dll" adapterTypeName="executor://xunit/VsTestRunner2/net" className="System.CommandLine.Tests.ParserTests" name="Options_can_have_the_same_alias_differentiated_only_by_prefix" />
    </UnitTest>
    <UnitTest name="System.CommandLine.Tests.Invocation.InvocationPipelineTests.When_command_handler_throws_then_Invoke_does_not_handle_the_exception" storage="c:\dev\command-line-api\src\system.commandline.tests\bin\debug\net462\system.commandline.tests.dll" id="1fae9aa2-a59e-867c-953f-fe5d046687fc">
      <Execution id="90ce6518-b5ca-40ec-8b61-41fe591b9826" />
      <TestMethod codeBase="C:\dev\command-line-api\src\System.CommandLine.Tests\bin\Debug\net462\System.CommandLine.Tests.dll" adapterTypeName="executor://xunit/VsTestRunner2/net" className="System.CommandLine.Tests.Invocation.InvocationPipelineTests" name="When_command_handler_throws_then_Invoke_does_not_handle_the_exception" />
    </UnitTest>
    <UnitTest name="System.CommandLine.Tests.Binding.TypeConversionTests.Values_can_be_correctly_converted_to_short_without_the_parser_specifying_a_custom_converter" storage="c:\dev\command-line-api\src\system.commandline.tests\bin\debug\net462\system.commandline.tests.dll" id="0360c01c-426c-d1e3-cf3f-a0b674a9af99">
      <Execution id="8e1b6b1f-e208-4ac9-a0a3-a3e690e0e710" />
      <TestMethod codeBase="C:\dev\command-line-api\src\System.CommandLine.Tests\bin\Debug\net462\System.CommandLine.Tests.dll" adapterTypeName="executor://xunit/VsTestRunner2/net" className="System.CommandLine.Tests.Binding.TypeConversionTests" name="Values_can_be_correctly_converted_to_short_without_the_parser_specifying_a_custom_converter" />
    </UnitTest>
    <UnitTest name="System.CommandLine.Tests.ParserTests+MultipleArguments.When_multiple_arguments_are_present_then_their_order_relative_to_sibling_options_is_not_significant(commandLine: &quot;one two three four five --verbose&quot;)" storage="c:\dev\command-line-api\src\system.commandline.tests\bin\debug\net462\system.commandline.tests.dll" id="7a3c7b7e-59f1-5d62-4392-4b4b626c0ae9">
      <Execution id="3db7117c-cec9-4d50-9311-6b1a636d4bdb" />
      <TestMethod codeBase="C:\dev\command-line-api\src\System.CommandLine.Tests\bin\Debug\net462\System.CommandLine.Tests.dll" adapterTypeName="executor://xunit/VsTestRunner2/net" className="System.CommandLine.Tests.ParserTests+MultipleArguments" name="When_multiple_arguments_are_present_then_their_order_relative_to_sibling_options_is_not_significant" />
    </UnitTest>
    <UnitTest name="System.CommandLine.Tests.ParserTests+MultipleArguments.When_multiple_arguments_are_defined_but_not_provided_then_option_parses_correctly" storage="c:\dev\command-line-api\src\system.commandline.tests\bin\debug\net462\system.commandline.tests.dll" id="8545239c-2d76-a97e-527e-6e3c30c7c7ce">
      <Execution id="9e84f297-25c2-49ac-9b92-1acee0e0ae6b" />
      <TestMethod codeBase="C:\dev\command-line-api\src\System.CommandLine.Tests\bin\Debug\net462\System.CommandLine.Tests.dll" adapterTypeName="executor://xunit/VsTestRunner2/net" className="System.CommandLine.Tests.ParserTests+MultipleArguments" name="When_multiple_arguments_are_defined_but_not_provided_then_option_parses_correctly" />
    </UnitTest>
    <UnitTest name="System.CommandLine.Tests.Binding.TypeConversionTests.Values_can_be_correctly_converted_to_double_without_the_parser_specifying_a_custom_converter" storage="c:\dev\command-line-api\src\system.commandline.tests\bin\debug\net462\system.commandline.tests.dll" id="c6d8c8b9-d4e8-bb90-a6c7-ad2569fb3cc7">
      <Execution id="7cf56851-1096-4361-baf9-f440f4599830" />
      <TestMethod codeBase="C:\dev\command-line-api\src\System.CommandLine.Tests\bin\Debug\net462\System.CommandLine.Tests.dll" adapterTypeName="executor://xunit/VsTestRunner2/net" className="System.CommandLine.Tests.Binding.TypeConversionTests" name="Values_can_be_correctly_converted_to_double_without_the_parser_specifying_a_custom_converter" />
    </UnitTest>
    <UnitTest name="System.CommandLine.Tests.ArgumentTests+CustomParsing.custom_parsing_of_scalar_value_from_an_argument_with_multiple_tokens" storage="c:\dev\command-line-api\src\system.commandline.tests\bin\debug\net462\system.commandline.tests.dll" id="acbfcb96-f7e7-65b0-c32d-412e74055f49">
      <Execution id="baee073a-b8fa-4ca8-a965-4cd017e232e0" />
      <TestMethod codeBase="C:\dev\command-line-api\src\System.CommandLine.Tests\bin\Debug\net462\System.CommandLine.Tests.dll" adapterTypeName="executor://xunit/VsTestRunner2/net" className="System.CommandLine.Tests.ArgumentTests+CustomParsing" name="custom_parsing_of_scalar_value_from_an_argument_with_multiple_tokens" />
    </UnitTest>
    <UnitTest name="System.CommandLine.Tests.Binding.TypeConversionTests.Max_arity_greater_than_1_converts_to_enumerable_types(minArity: 1, maxArity: 3, argumentType: typeof(System.Collections.Generic.IList&lt;string&gt;))" storage="c:\dev\command-line-api\src\system.commandline.tests\bin\debug\net462\system.commandline.tests.dll" id="db751158-a590-075d-6ca3-23d1ce2a3528">
      <Execution id="49b02df0-5a9e-4329-8371-9a6f7b7eed98" />
      <TestMethod codeBase="C:\dev\command-line-api\src\System.CommandLine.Tests\bin\Debug\net462\System.CommandLine.Tests.dll" adapterTypeName="executor://xunit/VsTestRunner2/net" className="System.CommandLine.Tests.Binding.TypeConversionTests" name="Max_arity_greater_than_1_converts_to_enumerable_types" />
    </UnitTest>
    <UnitTest name="System.CommandLine.Tests.Invocation.InvocationExtensionsTests.RootCommand_Invoke_returns_1_when_handler_throws" storage="c:\dev\command-line-api\src\system.commandline.tests\bin\debug\net462\system.commandline.tests.dll" id="5f42e2c8-9b30-ca56-2cf0-c35b8f37ca14">
      <Execution id="a1a2ac44-91e3-44b4-92e3-dc6afa92bc27" />
      <TestMethod codeBase="C:\dev\command-line-api\src\System.CommandLine.Tests\bin\Debug\net462\System.CommandLine.Tests.dll" adapterTypeName="executor://xunit/VsTestRunner2/net" className="System.CommandLine.Tests.Invocation.InvocationExtensionsTests" name="RootCommand_Invoke_returns_1_when_handler_throws" />
    </UnitTest>
    <UnitTest name="System.CommandLine.Tests.Help.HelpBuilderTests.Synopsis_section_properly_wraps_description" storage="c:\dev\command-line-api\src\system.commandline.tests\bin\debug\net462\system.commandline.tests.dll" id="9f3d9b63-c85b-4e91-6d66-32b53c6ecd3f">
      <Execution id="e2417134-dc0d-44c7-9aa0-2ebd68cb2023" />
      <TestMethod codeBase="C:\dev\command-line-api\src\System.CommandLine.Tests\bin\Debug\net462\System.CommandLine.Tests.dll" adapterTypeName="executor://xunit/VsTestRunner2/net" className="System.CommandLine.Tests.Help.HelpBuilderTests" name="Synopsis_section_properly_wraps_description" />
    </UnitTest>
    <UnitTest name="System.CommandLine.Tests.ResponseFileTests.When_response_file_options_or_arguments_contain_trailing_spaces_they_are_ignored" storage="c:\dev\command-line-api\src\system.commandline.tests\bin\debug\net462\system.commandline.tests.dll" id="53a7f6da-23da-fc3a-ba6a-0d9c3d502d32">
      <Execution id="70937551-25bc-467c-b65e-f5d128513e7f" />
      <TestMethod codeBase="C:\dev\command-line-api\src\System.CommandLine.Tests\bin\Debug\net462\System.CommandLine.Tests.dll" adapterTypeName="executor://xunit/VsTestRunner2/net" className="System.CommandLine.Tests.ResponseFileTests" name="When_response_file_options_or_arguments_contain_trailing_spaces_they_are_ignored" />
    </UnitTest>
    <UnitTest name="System.CommandLine.Tests.Invocation.InvocationExtensionsTests.RootCommand_InvokeAsync_returns_1_when_handler_throws" storage="c:\dev\command-line-api\src\system.commandline.tests\bin\debug\net462\system.commandline.tests.dll" id="418204e1-873b-71df-1cfb-bcb0c2dc0027">
      <Execution id="2de31c7c-934b-49e2-82d0-b25ee1e3df17" />
      <TestMethod codeBase="C:\dev\command-line-api\src\System.CommandLine.Tests\bin\Debug\net462\System.CommandLine.Tests.dll" adapterTypeName="executor://xunit/VsTestRunner2/net" className="System.CommandLine.Tests.Invocation.InvocationExtensionsTests" name="RootCommand_InvokeAsync_returns_1_when_handler_throws" />
    </UnitTest>
    <UnitTest name="System.CommandLine.Tests.Binding.TypeConversionTests.Values_can_be_correctly_converted_to_DateTimeOffset_without_the_parser_specifying_a_custom_converter" storage="c:\dev\command-line-api\src\system.commandline.tests\bin\debug\net462\system.commandline.tests.dll" id="b9fe70ce-60f6-9891-bec1-cc6403d5e017">
      <Execution id="2dd59794-3cb8-477d-a4de-3526e40e1e16" />
      <TestMethod codeBase="C:\dev\command-line-api\src\System.CommandLine.Tests\bin\Debug\net462\System.CommandLine.Tests.dll" adapterTypeName="executor://xunit/VsTestRunner2/net" className="System.CommandLine.Tests.Binding.TypeConversionTests" name="Values_can_be_correctly_converted_to_DateTimeOffset_without_the_parser_specifying_a_custom_converter" />
    </UnitTest>
    <UnitTest name="System.CommandLine.Tests.OptionTests.When_aliases_overlap_the_longer_alias_is_chosen(parseInput: &quot;-option value&quot;)" storage="c:\dev\command-line-api\src\system.commandline.tests\bin\debug\net462\system.commandline.tests.dll" id="6ca4f350-79cf-0d3e-df5c-e65a047411db">
      <Execution id="a77d57ca-9e8f-4a39-b63c-b6f874db8210" />
      <TestMethod codeBase="C:\dev\command-line-api\src\System.CommandLine.Tests\bin\Debug\net462\System.CommandLine.Tests.dll" adapterTypeName="executor://xunit/VsTestRunner2/net" className="System.CommandLine.Tests.OptionTests" name="When_aliases_overlap_the_longer_alias_is_chosen" />
    </UnitTest>
    <UnitTest name="System.CommandLine.Tests.ResponseFileTests.Response_file_can_provide_subcommand" storage="c:\dev\command-line-api\src\system.commandline.tests\bin\debug\net462\system.commandline.tests.dll" id="b9cca1c7-0d89-2973-0b01-60b1d8752be2">
      <Execution id="2839d34a-6470-4653-9804-6eb048a8ad29" />
      <TestMethod codeBase="C:\dev\command-line-api\src\System.CommandLine.Tests\bin\Debug\net462\System.CommandLine.Tests.dll" adapterTypeName="executor://xunit/VsTestRunner2/net" className="System.CommandLine.Tests.ResponseFileTests" name="Response_file_can_provide_subcommand" />
    </UnitTest>
    <UnitTest name="System.CommandLine.Tests.Help.HelpBuilderTests.Arguments_section_is_included_if_there_are_commands_with_arguments_configured" storage="c:\dev\command-line-api\src\system.commandline.tests\bin\debug\net462\system.commandline.tests.dll" id="79eb1021-b34f-48c0-185c-99f62f808c62">
      <Execution id="e0a6df79-f931-48c4-8852-80f23d12659a" />
      <TestMethod codeBase="C:\dev\command-line-api\src\System.CommandLine.Tests\bin\Debug\net462\System.CommandLine.Tests.dll" adapterTypeName="executor://xunit/VsTestRunner2/net" className="System.CommandLine.Tests.Help.HelpBuilderTests" name="Arguments_section_is_included_if_there_are_commands_with_arguments_configured" />
    </UnitTest>
    <UnitTest name="System.CommandLine.Tests.ParseResultTests.Command_will_not_accept_a_command_if_a_sibling_command_has_already_been_accepted" storage="c:\dev\command-line-api\src\system.commandline.tests\bin\debug\net462\system.commandline.tests.dll" id="00614c2b-900f-7f4e-8c54-4637b0c0dd5f">
      <Execution id="21048f0d-d9ed-4edc-a30d-bf6002fd3471" />
      <TestMethod codeBase="C:\dev\command-line-api\src\System.CommandLine.Tests\bin\Debug\net462\System.CommandLine.Tests.dll" adapterTypeName="executor://xunit/VsTestRunner2/net" className="System.CommandLine.Tests.ParseResultTests" name="Command_will_not_accept_a_command_if_a_sibling_command_has_already_been_accepted" />
    </UnitTest>
    <UnitTest name="System.CommandLine.Tests.Invocation.InvocationExtensionsTests.RootCommand_InvokeAsync_returns_0_when_handler_is_successful" storage="c:\dev\command-line-api\src\system.commandline.tests\bin\debug\net462\system.commandline.tests.dll" id="3c3ed840-30f2-b38d-39b9-b93cf68c951a">
      <Execution id="4432241a-fe1e-4967-bb92-bad911998634" />
      <TestMethod codeBase="C:\dev\command-line-api\src\System.CommandLine.Tests\bin\Debug\net462\System.CommandLine.Tests.dll" adapterTypeName="executor://xunit/VsTestRunner2/net" className="System.CommandLine.Tests.Invocation.InvocationExtensionsTests" name="RootCommand_InvokeAsync_returns_0_when_handler_is_successful" />
    </UnitTest>
    <UnitTest name="System.CommandLine.Tests.ParserTests.Boolean_options_with_no_argument_specified_do_not_match_subsequent_arguments" storage="c:\dev\command-line-api\src\system.commandline.tests\bin\debug\net462\system.commandline.tests.dll" id="6284b2eb-6b5a-b445-fd6a-08c9071f6b9c">
      <Execution id="b40799ff-189c-4e39-85c3-f3642f3d69db" />
      <TestMethod codeBase="C:\dev\command-line-api\src\System.CommandLine.Tests\bin\Debug\net462\System.CommandLine.Tests.dll" adapterTypeName="executor://xunit/VsTestRunner2/net" className="System.CommandLine.Tests.ParserTests" name="Boolean_options_with_no_argument_specified_do_not_match_subsequent_arguments" />
    </UnitTest>
    <UnitTest name="System.CommandLine.Tests.Help.HelpBuilderTests.Options_section_does_not_contain_option_with_HelpDefinition_that_IsHidden" storage="c:\dev\command-line-api\src\system.commandline.tests\bin\debug\net462\system.commandline.tests.dll" id="f5f513a1-1fca-6e1d-f4d9-98eff60bfdfd">
      <Execution id="10e5e7f4-697c-46ed-bdd1-fdaf07454f00" />
      <TestMethod codeBase="C:\dev\command-line-api\src\System.CommandLine.Tests\bin\Debug\net462\System.CommandLine.Tests.dll" adapterTypeName="executor://xunit/VsTestRunner2/net" className="System.CommandLine.Tests.Help.HelpBuilderTests" name="Options_section_does_not_contain_option_with_HelpDefinition_that_IsHidden" />
    </UnitTest>
    <UnitTest name="System.CommandLine.Tests.CommandTests.ParseResult_Command_identifies_innermost_command(input: &quot;outer arg inner&quot;, expectedCommand: &quot;inner&quot;)" storage="c:\dev\command-line-api\src\system.commandline.tests\bin\debug\net462\system.commandline.tests.dll" id="517ab37f-6858-5749-639b-9058f3f61453">
      <Execution id="b5211c67-dca6-4d8b-bff8-096d92fba8da" />
      <TestMethod codeBase="C:\dev\command-line-api\src\System.CommandLine.Tests\bin\Debug\net462\System.CommandLine.Tests.dll" adapterTypeName="executor://xunit/VsTestRunner2/net" className="System.CommandLine.Tests.CommandTests" name="ParseResult_Command_identifies_innermost_command" />
    </UnitTest>
    <UnitTest name="System.CommandLine.Tests.ParsingValidationTests+FileExistence.An_option_argument_can_be_invalid_based_on_file_or_directory_existence" storage="c:\dev\command-line-api\src\system.commandline.tests\bin\debug\net462\system.commandline.tests.dll" id="9bfd3fd8-d3bc-9a0a-aa59-9681d83fa5ec">
      <Execution id="bb3d4078-8ef8-4c33-aa14-0ab131a4766a" />
      <TestMethod codeBase="C:\dev\command-line-api\src\System.CommandLine.Tests\bin\Debug\net462\System.CommandLine.Tests.dll" adapterTypeName="executor://xunit/VsTestRunner2/net" className="System.CommandLine.Tests.ParsingValidationTests+FileExistence" name="An_option_argument_can_be_invalid_based_on_file_or_directory_existence" />
    </UnitTest>
    <UnitTest name="System.CommandLine.Tests.ParserTests.Command_with_multiple_options_is_parsed_correctly" storage="c:\dev\command-line-api\src\system.commandline.tests\bin\debug\net462\system.commandline.tests.dll" id="1cf54829-aa16-468b-28f7-082f50e1fff0">
      <Execution id="4f667a3c-dd36-4ec6-9fed-17ac08a1dca6" />
      <TestMethod codeBase="C:\dev\command-line-api\src\System.CommandLine.Tests\bin\Debug\net462\System.CommandLine.Tests.dll" adapterTypeName="executor://xunit/VsTestRunner2/net" className="System.CommandLine.Tests.ParserTests" name="Command_with_multiple_options_is_parsed_correctly" />
    </UnitTest>
    <UnitTest name="System.CommandLine.Tests.CompletionTests.When_option_completions_are_available_then_they_are_suggested_when_a_validation_error_occurs" storage="c:\dev\command-line-api\src\system.commandline.tests\bin\debug\net462\system.commandline.tests.dll" id="adfbc3a4-8c24-89fb-b525-89ce759d85cb">
      <Execution id="b0ec3698-bdd7-4404-8025-5776c6fdb421" />
      <TestMethod codeBase="C:\dev\command-line-api\src\System.CommandLine.Tests\bin\Debug\net462\System.CommandLine.Tests.dll" adapterTypeName="executor://xunit/VsTestRunner2/net" className="System.CommandLine.Tests.CompletionTests" name="When_option_completions_are_available_then_they_are_suggested_when_a_validation_error_occurs" />
    </UnitTest>
    <UnitTest name="System.CommandLine.Tests.Binding.TypeConversionTests.Nullable_bool_parses_as_true_when_the_option_has_been_applied(commandLine: &quot;the-command -x&quot;)" storage="c:\dev\command-line-api\src\system.commandline.tests\bin\debug\net462\system.commandline.tests.dll" id="cf51281b-37fb-1297-5497-358eb26c5740">
      <Execution id="9819bce9-dc2c-4520-b229-8040b8ad2c87" />
      <TestMethod codeBase="C:\dev\command-line-api\src\System.CommandLine.Tests\bin\Debug\net462\System.CommandLine.Tests.dll" adapterTypeName="executor://xunit/VsTestRunner2/net" className="System.CommandLine.Tests.Binding.TypeConversionTests" name="Nullable_bool_parses_as_true_when_the_option_has_been_applied" />
    </UnitTest>
    <UnitTest name="System.CommandLine.Tests.UseParseErrorReportingTests.Parse_error_reporting_reports_error_when_help_is_used_and_required_subcommand_is_missing" storage="c:\dev\command-line-api\src\system.commandline.tests\bin\debug\net462\system.commandline.tests.dll" id="972d3eec-d868-fb52-f967-5b8e4f9fe263">
      <Execution id="95439f7e-37b1-48e2-9d95-385f914cfac6" />
      <TestMethod codeBase="C:\dev\command-line-api\src\System.CommandLine.Tests\bin\Debug\net462\System.CommandLine.Tests.dll" adapterTypeName="executor://xunit/VsTestRunner2/net" className="System.CommandLine.Tests.UseParseErrorReportingTests" name="Parse_error_reporting_reports_error_when_help_is_used_and_required_subcommand_is_missing" />
    </UnitTest>
    <UnitTest name="System.CommandLine.Tests.ParserTests+MultipleArguments.When_multiple_arguments_are_present_then_their_order_relative_to_sibling_options_is_not_significant(commandLine: &quot;one two --verbose three four five&quot;)" storage="c:\dev\command-line-api\src\system.commandline.tests\bin\debug\net462\system.commandline.tests.dll" id="593c3f0f-4485-290a-8d12-59e5b61fa200">
      <Execution id="cc5f3a9f-ae19-41c8-9ba7-be794c2486b9" />
      <TestMethod codeBase="C:\dev\command-line-api\src\System.CommandLine.Tests\bin\Debug\net462\System.CommandLine.Tests.dll" adapterTypeName="executor://xunit/VsTestRunner2/net" className="System.CommandLine.Tests.ParserTests+MultipleArguments" name="When_multiple_arguments_are_present_then_their_order_relative_to_sibling_options_is_not_significant" />
    </UnitTest>
    <UnitTest name="System.CommandLine.Tests.ParserTests.Command_default_argument_value_does_not_override_parsed_value" storage="c:\dev\command-line-api\src\system.commandline.tests\bin\debug\net462\system.commandline.tests.dll" id="cc41c1ca-fe9b-d30a-fcd6-4a4309ce269f">
      <Execution id="aafc5266-3536-43de-afe5-c74888e4f1fd" />
      <TestMethod codeBase="C:\dev\command-line-api\src\System.CommandLine.Tests\bin\Debug\net462\System.CommandLine.Tests.dll" adapterTypeName="executor://xunit/VsTestRunner2/net" className="System.CommandLine.Tests.ParserTests" name="Command_default_argument_value_does_not_override_parsed_value" />
    </UnitTest>
    <UnitTest name="System.CommandLine.Tests.Binding.TypeConversionTests.Values_can_be_correctly_converted_to_nullable_uint_without_the_parser_specifying_a_custom_converter" storage="c:\dev\command-line-api\src\system.commandline.tests\bin\debug\net462\system.commandline.tests.dll" id="bb6c0d29-9f79-7be6-4c86-975e3f4c9f7c">
      <Execution id="ff2bdf17-504f-4a1b-b62d-5e109eb4aa5c" />
      <TestMethod codeBase="C:\dev\command-line-api\src\System.CommandLine.Tests\bin\Debug\net462\System.CommandLine.Tests.dll" adapterTypeName="executor://xunit/VsTestRunner2/net" className="System.CommandLine.Tests.Binding.TypeConversionTests" name="Values_can_be_correctly_converted_to_nullable_uint_without_the_parser_specifying_a_custom_converter" />
    </UnitTest>
    <UnitTest name="System.CommandLine.Tests.ParseDiagramTests.Parse_diagram_indicates_which_tokens_were_applied_to_which_command_argument_for_sequences_of_complex_types" storage="c:\dev\command-line-api\src\system.commandline.tests\bin\debug\net462\system.commandline.tests.dll" id="81155e16-1a7c-2f8e-c9e0-8009f2a50156">
      <Execution id="997c2a41-500b-4492-8418-5eaad89ce2b8" />
      <TestMethod codeBase="C:\dev\command-line-api\src\System.CommandLine.Tests\bin\Debug\net462\System.CommandLine.Tests.dll" adapterTypeName="executor://xunit/VsTestRunner2/net" className="System.CommandLine.Tests.ParseDiagramTests" name="Parse_diagram_indicates_which_tokens_were_applied_to_which_command_argument_for_sequences_of_complex_types" />
    </UnitTest>
    <UnitTest name="System.CommandLine.Tests.CompletionTests.Completions_for_options_provide_a_description" storage="c:\dev\command-line-api\src\system.commandline.tests\bin\debug\net462\system.commandline.tests.dll" id="7cf68fea-1f0a-7fe9-7c59-5f8e97411d50">
      <Execution id="f0f88e70-6b4e-4b29-911e-944974681877" />
      <TestMethod codeBase="C:\dev\command-line-api\src\System.CommandLine.Tests\bin\Debug\net462\System.CommandLine.Tests.dll" adapterTypeName="executor://xunit/VsTestRunner2/net" className="System.CommandLine.Tests.CompletionTests" name="Completions_for_options_provide_a_description" />
    </UnitTest>
    <UnitTest name="System.CommandLine.Tests.SuggestDirectiveTests.It_writes_suggestions_for_option_aliases_under_root_command(input: &quot;[suggest]&quot;)" storage="c:\dev\command-line-api\src\system.commandline.tests\bin\debug\net462\system.commandline.tests.dll" id="c96a686d-315c-899f-040f-f6fd1ccc9028">
      <Execution id="68b04f4c-5d12-4c9b-8e44-b012aa948101" />
      <TestMethod codeBase="C:\dev\command-line-api\src\System.CommandLine.Tests\bin\Debug\net462\System.CommandLine.Tests.dll" adapterTypeName="executor://xunit/VsTestRunner2/net" className="System.CommandLine.Tests.SuggestDirectiveTests" name="It_writes_suggestions_for_option_aliases_under_root_command" />
    </UnitTest>
    <UnitTest name="System.CommandLine.Tests.Binding.TypeConversionTests.Max_arity_greater_than_1_converts_to_enumerable_types(minArity: 0, maxArity: 3, argumentType: typeof(System.Collections.Generic.ICollection&lt;string&gt;))" storage="c:\dev\command-line-api\src\system.commandline.tests\bin\debug\net462\system.commandline.tests.dll" id="3d34427e-252b-d6b8-0fbc-032a09774c6a">
      <Execution id="c8e989e6-8346-43f8-a816-eef21fae87a2" />
      <TestMethod codeBase="C:\dev\command-line-api\src\System.CommandLine.Tests\bin\Debug\net462\System.CommandLine.Tests.dll" adapterTypeName="executor://xunit/VsTestRunner2/net" className="System.CommandLine.Tests.Binding.TypeConversionTests" name="Max_arity_greater_than_1_converts_to_enumerable_types" />
    </UnitTest>
    <UnitTest name="System.CommandLine.Tests.CompletionTests.Command_GetCompletions_does_not_return_argument_names" storage="c:\dev\command-line-api\src\system.commandline.tests\bin\debug\net462\system.commandline.tests.dll" id="81bede6e-b970-879f-0f51-3f5d346de716">
      <Execution id="fde58d00-be00-47d9-9476-a26d6a36c745" />
      <TestMethod codeBase="C:\dev\command-line-api\src\System.CommandLine.Tests\bin\Debug\net462\System.CommandLine.Tests.dll" adapterTypeName="executor://xunit/VsTestRunner2/net" className="System.CommandLine.Tests.CompletionTests" name="Command_GetCompletions_does_not_return_argument_names" />
    </UnitTest>
    <UnitTest name="System.CommandLine.Tests.Help.HelpBuilderTests.Command_arguments_with_default_values_that_are_enumerable_display_pipe_delimited_list" storage="c:\dev\command-line-api\src\system.commandline.tests\bin\debug\net462\system.commandline.tests.dll" id="47cd8cd7-50c9-1622-7173-45f412ec305b">
      <Execution id="baadc119-f5f8-4ff1-b7e4-f232757bb08f" />
      <TestMethod codeBase="C:\dev\command-line-api\src\System.CommandLine.Tests\bin\Debug\net462\System.CommandLine.Tests.dll" adapterTypeName="executor://xunit/VsTestRunner2/net" className="System.CommandLine.Tests.Help.HelpBuilderTests" name="Command_arguments_with_default_values_that_are_enumerable_display_pipe_delimited_list" />
    </UnitTest>
    <UnitTest name="System.CommandLine.Tests.ParserTests+MultiplePositions.An_option_can_have_multiple_parents_with_the_same_name" storage="c:\dev\command-line-api\src\system.commandline.tests\bin\debug\net462\system.commandline.tests.dll" id="43d0012d-51fd-a1fc-9a4b-0b1327e6bf88">
      <Execution id="82a67694-8f72-434a-92c9-1caa77ee2b00" />
      <TestMethod codeBase="C:\dev\command-line-api\src\System.CommandLine.Tests\bin\Debug\net462\System.CommandLine.Tests.dll" adapterTypeName="executor://xunit/VsTestRunner2/net" className="System.CommandLine.Tests.ParserTests+MultiplePositions" name="An_option_can_have_multiple_parents_with_the_same_name" />
    </UnitTest>
    <UnitTest name="System.CommandLine.Tests.DirectiveTests.Directives_cannot_contain_spaces(value: &quot;[parse ]&quot;)" storage="c:\dev\command-line-api\src\system.commandline.tests\bin\debug\net462\system.commandline.tests.dll" id="9c074071-b890-c25c-2b9a-42ad73d53a2a">
      <Execution id="c6b04666-fdbc-4850-93a7-e0bdf5d62d3d" />
      <TestMethod codeBase="C:\dev\command-line-api\src\System.CommandLine.Tests\bin\Debug\net462\System.CommandLine.Tests.dll" adapterTypeName="executor://xunit/VsTestRunner2/net" className="System.CommandLine.Tests.DirectiveTests" name="Directives_cannot_contain_spaces" />
    </UnitTest>
    <UnitTest name="System.CommandLine.Tests.SuggestDirectiveTests.It_writes_suggestions_for_partial_subcommand_aliases_under_root_command" storage="c:\dev\command-line-api\src\system.commandline.tests\bin\debug\net462\system.commandline.tests.dll" id="b3f575ff-34dd-078d-71c8-6268d54a3152">
      <Execution id="5255a21a-9a09-4a28-8ae2-a08ff5e55be3" />
      <TestMethod codeBase="C:\dev\command-line-api\src\System.CommandLine.Tests\bin\Debug\net462\System.CommandLine.Tests.dll" adapterTypeName="executor://xunit/VsTestRunner2/net" className="System.CommandLine.Tests.SuggestDirectiveTests" name="It_writes_suggestions_for_partial_subcommand_aliases_under_root_command" />
    </UnitTest>
    <UnitTest name="System.CommandLine.Tests.UseHelpTests.There_are_no_parse_errors_when_help_is_invoked_on_a_command_with_subcommands" storage="c:\dev\command-line-api\src\system.commandline.tests\bin\debug\net462\system.commandline.tests.dll" id="faa6676a-63ae-f98a-ff8d-25214fd2deae">
      <Execution id="50c218ca-e086-46a6-97f1-e6b9069ad0d2" />
      <TestMethod codeBase="C:\dev\command-line-api\src\System.CommandLine.Tests\bin\Debug\net462\System.CommandLine.Tests.dll" adapterTypeName="executor://xunit/VsTestRunner2/net" className="System.CommandLine.Tests.UseHelpTests" name="There_are_no_parse_errors_when_help_is_invoked_on_a_command_with_subcommands" />
    </UnitTest>
    <UnitTest name="System.CommandLine.Tests.ParserTests.A_subcommand_wont_overflow_when_checking_maximum_argument_capacity" storage="c:\dev\command-line-api\src\system.commandline.tests\bin\debug\net462\system.commandline.tests.dll" id="f96f8a81-d82b-8a4a-97e3-b2058baefdb1">
      <Execution id="522de670-f4c6-40af-a5cd-e03e63fe655b" />
      <TestMethod codeBase="C:\dev\command-line-api\src\System.CommandLine.Tests\bin\Debug\net462\System.CommandLine.Tests.dll" adapterTypeName="executor://xunit/VsTestRunner2/net" className="System.CommandLine.Tests.ParserTests" name="A_subcommand_wont_overflow_when_checking_maximum_argument_capacity" />
    </UnitTest>
    <UnitTest name="System.CommandLine.Tests.SuggestDirectiveTests.It_writes_suggestions_for_partial_option_and_subcommand_aliases_under_root_command_with_an_argument" storage="c:\dev\command-line-api\src\system.commandline.tests\bin\debug\net462\system.commandline.tests.dll" id="d84d9360-1328-aa6a-dd6a-91e08a367e25">
      <Execution id="96ebaf59-0b6c-4b13-a343-0d109c33eb6a" />
      <TestMethod codeBase="C:\dev\command-line-api\src\System.CommandLine.Tests\bin\Debug\net462\System.CommandLine.Tests.dll" adapterTypeName="executor://xunit/VsTestRunner2/net" className="System.CommandLine.Tests.SuggestDirectiveTests" name="It_writes_suggestions_for_partial_option_and_subcommand_aliases_under_root_command_with_an_argument" />
    </UnitTest>
    <UnitTest name="System.CommandLine.Tests.ParserTests.Boolean_options_are_not_greedy(commandLine: &quot;-x=true -y&quot;)" storage="c:\dev\command-line-api\src\system.commandline.tests\bin\debug\net462\system.commandline.tests.dll" id="5733e246-4fee-c43b-33c3-a1c392f0a15b">
      <Execution id="5d27241c-3c7a-4586-82cf-47b6da90278a" />
      <TestMethod codeBase="C:\dev\command-line-api\src\System.CommandLine.Tests\bin\Debug\net462\System.CommandLine.Tests.dll" adapterTypeName="executor://xunit/VsTestRunner2/net" className="System.CommandLine.Tests.ParserTests" name="Boolean_options_are_not_greedy" />
    </UnitTest>
    <UnitTest name="System.CommandLine.Tests.ResponseFileTests.When_response_file_specified_it_loads_options_from_response_file" storage="c:\dev\command-line-api\src\system.commandline.tests\bin\debug\net462\system.commandline.tests.dll" id="10845555-f433-bddf-b73e-3a0607c32711">
      <Execution id="b9f7bc0e-d2fb-4ab4-91a0-c5869ee53f3e" />
      <TestMethod codeBase="C:\dev\command-line-api\src\System.CommandLine.Tests\bin\Debug\net462\System.CommandLine.Tests.dll" adapterTypeName="executor://xunit/VsTestRunner2/net" className="System.CommandLine.Tests.ResponseFileTests" name="When_response_file_specified_it_loads_options_from_response_file" />
    </UnitTest>
    <UnitTest name="System.CommandLine.Tests.Invocation.CancelOnProcessTerminationTests.CancelOnProcessTermination_cancels_on_process_termination" storage="c:\dev\command-line-api\src\system.commandline.tests\bin\debug\net462\system.commandline.tests.dll" id="b74c3937-8f77-79b4-8ff0-aaa584f49602">
      <Execution id="0778b581-2c74-446c-b025-f418cb9df963" />
      <TestMethod codeBase="C:\dev\command-line-api\src\System.CommandLine.Tests\bin\Debug\net462\System.CommandLine.Tests.dll" adapterTypeName="executor://xunit/VsTestRunner2/net" className="System.CommandLine.Tests.Invocation.CancelOnProcessTerminationTests" name="CancelOnProcessTermination_cancels_on_process_termination" />
    </UnitTest>
    <UnitTest name="System.CommandLine.Tests.ParserTests+LegacyDoubleDashBehavior.Subsequent_tokens_matching_argument_will_be_treated_as_unparsed_tokens" storage="c:\dev\command-line-api\src\system.commandline.tests\bin\debug\net462\system.commandline.tests.dll" id="cdda66eb-4fe9-22cf-2761-13191ea24085">
      <Execution id="62916945-1c2f-465c-beb7-a0023bf5bcda" />
      <TestMethod codeBase="C:\dev\command-line-api\src\System.CommandLine.Tests\bin\Debug\net462\System.CommandLine.Tests.dll" adapterTypeName="executor://xunit/VsTestRunner2/net" className="System.CommandLine.Tests.ParserTests+LegacyDoubleDashBehavior" name="Subsequent_tokens_matching_argument_will_be_treated_as_unparsed_tokens" />
    </UnitTest>
    <UnitTest name="System.CommandLine.Tests.DirectiveTests.Directives_cannot_contain_spaces(value: &quot;[ parse]&quot;)" storage="c:\dev\command-line-api\src\system.commandline.tests\bin\debug\net462\system.commandline.tests.dll" id="b21a2989-3054-7c09-93e0-306e2b35e28f">
      <Execution id="d751023e-ef9b-4870-87eb-504a400b6282" />
      <TestMethod codeBase="C:\dev\command-line-api\src\System.CommandLine.Tests\bin\Debug\net462\System.CommandLine.Tests.dll" adapterTypeName="executor://xunit/VsTestRunner2/net" className="System.CommandLine.Tests.DirectiveTests" name="Directives_cannot_contain_spaces" />
    </UnitTest>
    <UnitTest name="System.CommandLine.Tests.ParserTests.Command_argument_arity_can_be_a_range_with_a_lower_bound_greater_than_1" storage="c:\dev\command-line-api\src\system.commandline.tests\bin\debug\net462\system.commandline.tests.dll" id="8a3d7f86-43c0-b1cd-e637-85a95e06cf91">
      <Execution id="3987ebb5-9f6c-4dde-ab1e-e551ee78669c" />
      <TestMethod codeBase="C:\dev\command-line-api\src\System.CommandLine.Tests\bin\Debug\net462\System.CommandLine.Tests.dll" adapterTypeName="executor://xunit/VsTestRunner2/net" className="System.CommandLine.Tests.ParserTests" name="Command_argument_arity_can_be_a_range_with_a_lower_bound_greater_than_1" />
    </UnitTest>
    <UnitTest name="System.CommandLine.Tests.Binding.TypeConversionTests.When_exactly_one_argument_is_expected_and_none_are_provided_then_getting_value_throws" storage="c:\dev\command-line-api\src\system.commandline.tests\bin\debug\net462\system.commandline.tests.dll" id="af84eed7-7aa7-5e31-15a2-15085dfb851f">
      <Execution id="bd2a15de-6f33-42ad-9db3-c905641ab17c" />
      <TestMethod codeBase="C:\dev\command-line-api\src\System.CommandLine.Tests\bin\Debug\net462\System.CommandLine.Tests.dll" adapterTypeName="executor://xunit/VsTestRunner2/net" className="System.CommandLine.Tests.Binding.TypeConversionTests" name="When_exactly_one_argument_is_expected_and_none_are_provided_then_getting_value_throws" />
    </UnitTest>
    <UnitTest name="System.CommandLine.Tests.ResponseFileTests.Response_files_can_refer_to_other_response_files" storage="c:\dev\command-line-api\src\system.commandline.tests\bin\debug\net462\system.commandline.tests.dll" id="df3593b7-00c9-d5cb-a9a0-a08dc9aef95b">
      <Execution id="047951bf-b77f-4eb6-9831-582929f72f4c" />
      <TestMethod codeBase="C:\dev\command-line-api\src\System.CommandLine.Tests\bin\Debug\net462\System.CommandLine.Tests.dll" adapterTypeName="executor://xunit/VsTestRunner2/net" className="System.CommandLine.Tests.ResponseFileTests" name="Response_files_can_refer_to_other_response_files" />
    </UnitTest>
    <UnitTest name="System.CommandLine.Tests.SplitCommandLineTests.It_does_not_split_double_quote_delimited_values_when_a_non_whitespace_argument_delimiter_is_used(prefix: &quot;-&quot;, delimiter: ':')" storage="c:\dev\command-line-api\src\system.commandline.tests\bin\debug\net462\system.commandline.tests.dll" id="861008ba-750b-057e-4c9b-d8656f40c16a">
      <Execution id="22348574-1f8b-4556-8411-5b2985c1113a" />
      <TestMethod codeBase="C:\dev\command-line-api\src\System.CommandLine.Tests\bin\Debug\net462\System.CommandLine.Tests.dll" adapterTypeName="executor://xunit/VsTestRunner2/net" className="System.CommandLine.Tests.SplitCommandLineTests" name="It_does_not_split_double_quote_delimited_values_when_a_non_whitespace_argument_delimiter_is_used" />
    </UnitTest>
    <UnitTest name="System.CommandLine.Tests.Binding.SetHandlerTests.Binding_is_correct_for_Action_overload_having_arity_(arity: 1)" storage="c:\dev\command-line-api\src\system.commandline.tests\bin\debug\net462\system.commandline.tests.dll" id="e19b5edd-e4ed-24a1-b1b2-53add198b56d">
      <Execution id="fc83f959-4b3a-4d40-b5cf-ebf223c1eddb" />
      <TestMethod codeBase="C:\dev\command-line-api\src\System.CommandLine.Tests\bin\Debug\net462\System.CommandLine.Tests.dll" adapterTypeName="executor://xunit/VsTestRunner2/net" className="System.CommandLine.Tests.Binding.SetHandlerTests" name="Binding_is_correct_for_Action_overload_having_arity_" />
    </UnitTest>
    <UnitTest name="System.CommandLine.Tests.OptionTests.Option_T_default_value_can_be_set_via_the_constructor" storage="c:\dev\command-line-api\src\system.commandline.tests\bin\debug\net462\system.commandline.tests.dll" id="aebbb129-e6b5-2e02-0974-7ae74ceb03c0">
      <Execution id="ceaa285e-16e2-4f54-8924-749603fbda81" />
      <TestMethod codeBase="C:\dev\command-line-api\src\System.CommandLine.Tests\bin\Debug\net462\System.CommandLine.Tests.dll" adapterTypeName="executor://xunit/VsTestRunner2/net" className="System.CommandLine.Tests.OptionTests" name="Option_T_default_value_can_be_set_via_the_constructor" />
    </UnitTest>
    <UnitTest name="System.CommandLine.Tests.ParsingValidationTests+FileExistence.An_option_argument_with_multiple_FileSystemInfos_can_be_invalid_based_on_file_existence" storage="c:\dev\command-line-api\src\system.commandline.tests\bin\debug\net462\system.commandline.tests.dll" id="e97d8949-3e87-3ef3-55af-8928e7dd3ea5">
      <Execution id="293b8017-7b31-4d26-a5dd-f84bf53cfffb" />
      <TestMethod codeBase="C:\dev\command-line-api\src\System.CommandLine.Tests\bin\Debug\net462\System.CommandLine.Tests.dll" adapterTypeName="executor://xunit/VsTestRunner2/net" className="System.CommandLine.Tests.ParsingValidationTests+FileExistence" name="An_option_argument_with_multiple_FileSystemInfos_can_be_invalid_based_on_file_existence" />
    </UnitTest>
    <UnitTest name="System.CommandLine.Tests.OptionTests.When_options_use_different_prefixes_they_still_work(prefix: &quot;-&quot;)" storage="c:\dev\command-line-api\src\system.commandline.tests\bin\debug\net462\system.commandline.tests.dll" id="57c75c70-0ec8-6225-c67c-b00754051474">
      <Execution id="e56fea33-50d6-4ae2-b4fd-42c4956c9d21" />
      <TestMethod codeBase="C:\dev\command-line-api\src\System.CommandLine.Tests\bin\Debug\net462\System.CommandLine.Tests.dll" adapterTypeName="executor://xunit/VsTestRunner2/net" className="System.CommandLine.Tests.OptionTests" name="When_options_use_different_prefixes_they_still_work" />
    </UnitTest>
    <UnitTest name="System.CommandLine.Tests.SplitCommandLineTests.It_does_not_split_double_quote_delimited_values_when_a_non_whitespace_argument_delimiter_is_used(prefix: &quot;--&quot;, delimiter: ':')" storage="c:\dev\command-line-api\src\system.commandline.tests\bin\debug\net462\system.commandline.tests.dll" id="62f233d3-232f-a7b1-d7dc-ba411e8632d8">
      <Execution id="f1477664-2746-4c99-864f-39608e721a88" />
      <TestMethod codeBase="C:\dev\command-line-api\src\System.CommandLine.Tests\bin\Debug\net462\System.CommandLine.Tests.dll" adapterTypeName="executor://xunit/VsTestRunner2/net" className="System.CommandLine.Tests.SplitCommandLineTests" name="It_does_not_split_double_quote_delimited_values_when_a_non_whitespace_argument_delimiter_is_used" />
    </UnitTest>
    <UnitTest name="System.CommandLine.Tests.Help.HelpBuilderTests+Customization.Option_can_customize_first_column_text" storage="c:\dev\command-line-api\src\system.commandline.tests\bin\debug\net462\system.commandline.tests.dll" id="e88aa9e8-bb6c-5698-3daa-d879ea7c7900">
      <Execution id="60cd6384-7f08-4e8c-bb70-8b90eefbd155" />
      <TestMethod codeBase="C:\dev\command-line-api\src\System.CommandLine.Tests\bin\Debug\net462\System.CommandLine.Tests.dll" adapterTypeName="executor://xunit/VsTestRunner2/net" className="System.CommandLine.Tests.Help.HelpBuilderTests+Customization" name="Option_can_customize_first_column_text" />
    </UnitTest>
    <UnitTest name="System.CommandLine.Tests.Binding.SetHandlerTests.Binding_is_correct_for_Func_overload_having_arity_(arity: 2)" storage="c:\dev\command-line-api\src\system.commandline.tests\bin\debug\net462\system.commandline.tests.dll" id="233f512e-8019-332c-bf28-e8d332624dfb">
      <Execution id="620ad110-30ba-4d3f-8098-cdb15dae735e" />
      <TestMethod codeBase="C:\dev\command-line-api\src\System.CommandLine.Tests\bin\Debug\net462\System.CommandLine.Tests.dll" adapterTypeName="executor://xunit/VsTestRunner2/net" className="System.CommandLine.Tests.Binding.SetHandlerTests" name="Binding_is_correct_for_Func_overload_having_arity_" />
    </UnitTest>
    <UnitTest name="System.CommandLine.Tests.Help.HelpBuilderTests.Help_describes_default_value_for_option_with_argument_having_default_value" storage="c:\dev\command-line-api\src\system.commandline.tests\bin\debug\net462\system.commandline.tests.dll" id="1def6e82-0829-700b-a9ac-048c5dece641">
      <Execution id="a1aa31fb-73dc-4ad6-bd5b-de17473911a9" />
      <TestMethod codeBase="C:\dev\command-line-api\src\System.CommandLine.Tests\bin\Debug\net462\System.CommandLine.Tests.dll" adapterTypeName="executor://xunit/VsTestRunner2/net" className="System.CommandLine.Tests.Help.HelpBuilderTests" name="Help_describes_default_value_for_option_with_argument_having_default_value" />
    </UnitTest>
    <UnitTest name="System.CommandLine.Tests.ParserTests.Option_aliases_do_not_need_to_be_prefixed" storage="c:\dev\command-line-api\src\system.commandline.tests\bin\debug\net462\system.commandline.tests.dll" id="64e51264-8e74-1843-3a75-b8b522a8f09a">
      <Execution id="dc10285f-cfca-4213-aafa-237b98dd3847" />
      <TestMethod codeBase="C:\dev\command-line-api\src\System.CommandLine.Tests\bin\Debug\net462\System.CommandLine.Tests.dll" adapterTypeName="executor://xunit/VsTestRunner2/net" className="System.CommandLine.Tests.ParserTests" name="Option_aliases_do_not_need_to_be_prefixed" />
    </UnitTest>
    <UnitTest name="System.CommandLine.Tests.Binding.TypeConversionTests.Argument_infers_arity_of_IEnumerable_types_as_OneOrMore(type: typeof(System.Collections.Generic.List&lt;int&gt;))" storage="c:\dev\command-line-api\src\system.commandline.tests\bin\debug\net462\system.commandline.tests.dll" id="be45c27d-f27a-5e77-2341-a31e9b03334d">
      <Execution id="5aeb9a54-112e-4621-9fcc-3d01588efd6b" />
      <TestMethod codeBase="C:\dev\command-line-api\src\System.CommandLine.Tests\bin\Debug\net462\System.CommandLine.Tests.dll" adapterTypeName="executor://xunit/VsTestRunner2/net" className="System.CommandLine.Tests.Binding.TypeConversionTests" name="Argument_infers_arity_of_IEnumerable_types_as_OneOrMore" />
    </UnitTest>
    <UnitTest name="System.CommandLine.Tests.SuggestDirectiveTests.It_writes_suggestions_for_option_arguments_when_under_root_command" storage="c:\dev\command-line-api\src\system.commandline.tests\bin\debug\net462\system.commandline.tests.dll" id="09b482a0-0997-2d0e-5d16-1f362bb8254e">
      <Execution id="8c42e317-e1c6-4c3c-ba7b-6a65e6c823ab" />
      <TestMethod codeBase="C:\dev\command-line-api\src\System.CommandLine.Tests\bin\Debug\net462\System.CommandLine.Tests.dll" adapterTypeName="executor://xunit/VsTestRunner2/net" className="System.CommandLine.Tests.SuggestDirectiveTests" name="It_writes_suggestions_for_option_arguments_when_under_root_command" />
    </UnitTest>
    <UnitTest name="System.CommandLine.Tests.ParserTests+MultipleArguments.When_multiple_arguments_are_present_then_their_order_relative_to_sibling_options_is_not_significant(commandLine: &quot;one two three --verbose four five&quot;)" storage="c:\dev\command-line-api\src\system.commandline.tests\bin\debug\net462\system.commandline.tests.dll" id="f7b1802a-4563-0b12-0623-5bcb23dc97f4">
      <Execution id="17cec423-5230-4d9b-9187-665777b85d93" />
      <TestMethod codeBase="C:\dev\command-line-api\src\System.CommandLine.Tests\bin\Debug\net462\System.CommandLine.Tests.dll" adapterTypeName="executor://xunit/VsTestRunner2/net" className="System.CommandLine.Tests.ParserTests+MultipleArguments" name="When_multiple_arguments_are_present_then_their_order_relative_to_sibling_options_is_not_significant" />
    </UnitTest>
    <UnitTest name="System.CommandLine.Tests.ArgumentTests+CustomParsing.OnlyTake_throws_when_called_with_a_negative_value" storage="c:\dev\command-line-api\src\system.commandline.tests\bin\debug\net462\system.commandline.tests.dll" id="be4908a0-cb61-d6a1-5c2a-4b5574d53276">
      <Execution id="357ee282-35fa-4689-9c1d-cab03d598616" />
      <TestMethod codeBase="C:\dev\command-line-api\src\System.CommandLine.Tests\bin\Debug\net462\System.CommandLine.Tests.dll" adapterTypeName="executor://xunit/VsTestRunner2/net" className="System.CommandLine.Tests.ArgumentTests+CustomParsing" name="OnlyTake_throws_when_called_with_a_negative_value" />
    </UnitTest>
    <UnitTest name="System.CommandLine.Tests.Binding.TypeConversionTests.Max_arity_greater_than_1_converts_to_enumerable_types(minArity: 1, maxArity: 100000, argumentType: typeof(System.Collections.Generic.List&lt;string&gt;))" storage="c:\dev\command-line-api\src\system.commandline.tests\bin\debug\net462\system.commandline.tests.dll" id="6c5040f8-5427-b2ed-74a3-038b5a49454f">
      <Execution id="e24d77ae-a380-4464-8992-99f41ebca0ae" />
      <TestMethod codeBase="C:\dev\command-line-api\src\System.CommandLine.Tests\bin\Debug\net462\System.CommandLine.Tests.dll" adapterTypeName="executor://xunit/VsTestRunner2/net" className="System.CommandLine.Tests.Binding.TypeConversionTests" name="Max_arity_greater_than_1_converts_to_enumerable_types" />
    </UnitTest>
    <UnitTest name="System.CommandLine.Tests.ParseDirectiveTests.When_there_are_errors_then_parse_directive_sets_exit_code_1" storage="c:\dev\command-line-api\src\system.commandline.tests\bin\debug\net462\system.commandline.tests.dll" id="50efd4ee-7210-5e1e-4d7a-de63bd4d6377">
      <Execution id="7708027b-432d-4228-a98f-796f5bbfbc37" />
      <TestMethod codeBase="C:\dev\command-line-api\src\System.CommandLine.Tests\bin\Debug\net462\System.CommandLine.Tests.dll" adapterTypeName="executor://xunit/VsTestRunner2/net" className="System.CommandLine.Tests.ParseDirectiveTests" name="When_there_are_errors_then_parse_directive_sets_exit_code_1" />
    </UnitTest>
    <UnitTest name="System.CommandLine.Tests.ParsingValidationTests+FileExistence.A_command_argument_with_multiple_directories_can_be_invalid_based_on_directory_existence" storage="c:\dev\command-line-api\src\system.commandline.tests\bin\debug\net462\system.commandline.tests.dll" id="38578f6b-7a28-4989-893a-c3d9e6e18a08">
      <Execution id="9876e01c-37ff-43f9-9f7d-5677e3953232" />
      <TestMethod codeBase="C:\dev\command-line-api\src\System.CommandLine.Tests\bin\Debug\net462\System.CommandLine.Tests.dll" adapterTypeName="executor://xunit/VsTestRunner2/net" className="System.CommandLine.Tests.ParsingValidationTests+FileExistence" name="A_command_argument_with_multiple_directories_can_be_invalid_based_on_directory_existence" />
    </UnitTest>
    <UnitTest name="System.CommandLine.Tests.CommandLineConfigurationTests.ThrowIfInvalid_throws_if_there_are_duplicate_sibling_subcommand_aliases_on_the_root_command" storage="c:\dev\command-line-api\src\system.commandline.tests\bin\debug\net462\system.commandline.tests.dll" id="d8514299-c571-db0c-a51b-06d4f7c8e3b5">
      <Execution id="64f1c5f1-eafe-4455-88d2-996b5d3c04a9" />
      <TestMethod codeBase="C:\dev\command-line-api\src\System.CommandLine.Tests\bin\Debug\net462\System.CommandLine.Tests.dll" adapterTypeName="executor://xunit/VsTestRunner2/net" className="System.CommandLine.Tests.CommandLineConfigurationTests" name="ThrowIfInvalid_throws_if_there_are_duplicate_sibling_subcommand_aliases_on_the_root_command" />
    </UnitTest>
    <UnitTest name="System.CommandLine.Tests.Help.HelpBuilderTests.Arguments_section_is_not_included_if_there_are_options_with_no_arguments_configured" storage="c:\dev\command-line-api\src\system.commandline.tests\bin\debug\net462\system.commandline.tests.dll" id="05d7c1e8-9388-8da4-ddd9-b95511dbed51">
      <Execution id="d56835a5-ca13-4b3d-98b7-5f5ac37c3648" />
      <TestMethod codeBase="C:\dev\command-line-api\src\System.CommandLine.Tests\bin\Debug\net462\System.CommandLine.Tests.dll" adapterTypeName="executor://xunit/VsTestRunner2/net" className="System.CommandLine.Tests.Help.HelpBuilderTests" name="Arguments_section_is_not_included_if_there_are_options_with_no_arguments_configured" />
    </UnitTest>
    <UnitTest name="System.CommandLine.Tests.ArgumentTests.When_default_value_is_set_to_null_then_HasDefaultValue_is_true" storage="c:\dev\command-line-api\src\system.commandline.tests\bin\debug\net462\system.commandline.tests.dll" id="0f83d2eb-ed2b-4789-817b-d78d337fe0ac">
      <Execution id="95650041-f236-4ce8-a1d8-e10d8db6c340" />
      <TestMethod codeBase="C:\dev\command-line-api\src\System.CommandLine.Tests\bin\Debug\net462\System.CommandLine.Tests.dll" adapterTypeName="executor://xunit/VsTestRunner2/net" className="System.CommandLine.Tests.ArgumentTests" name="When_default_value_is_set_to_null_then_HasDefaultValue_is_true" />
    </UnitTest>
    <UnitTest name="System.CommandLine.Tests.ParsingValidationTests+FileExistence.A_command_argument_with_multiple_FileSystemInfos_can_be_invalid_based_on_file_existence" storage="c:\dev\command-line-api\src\system.commandline.tests\bin\debug\net462\system.commandline.tests.dll" id="72602933-3f6a-a7b2-d093-5d8e09ae5d95">
      <Execution id="f012a000-8798-4ec3-b32f-b53a3bb1efdf" />
      <TestMethod codeBase="C:\dev\command-line-api\src\System.CommandLine.Tests\bin\Debug\net462\System.CommandLine.Tests.dll" adapterTypeName="executor://xunit/VsTestRunner2/net" className="System.CommandLine.Tests.ParsingValidationTests+FileExistence" name="A_command_argument_with_multiple_FileSystemInfos_can_be_invalid_based_on_file_existence" />
    </UnitTest>
    <UnitTest name="System.CommandLine.Tests.OptionTests.When_options_use_different_prefixes_they_still_work(prefix: &quot;--&quot;)" storage="c:\dev\command-line-api\src\system.commandline.tests\bin\debug\net462\system.commandline.tests.dll" id="1b6ec68b-76c6-5be0-f25f-fb67d2bff9b5">
      <Execution id="719540c3-84be-42f3-a733-32ccac2f9632" />
      <TestMethod codeBase="C:\dev\command-line-api\src\System.CommandLine.Tests\bin\Debug\net462\System.CommandLine.Tests.dll" adapterTypeName="executor://xunit/VsTestRunner2/net" className="System.CommandLine.Tests.OptionTests" name="When_options_use_different_prefixes_they_still_work" />
    </UnitTest>
    <UnitTest name="System.CommandLine.Tests.VersionOptionTests.Version_option_is_not_added_to_subcommands" storage="c:\dev\command-line-api\src\system.commandline.tests\bin\debug\net462\system.commandline.tests.dll" id="11b7616f-ff1d-f071-ad93-d8803b691ec2">
      <Execution id="f2a0f244-c191-4fd8-9cf1-2bf9c78a0a75" />
      <TestMethod codeBase="C:\dev\command-line-api\src\System.CommandLine.Tests\bin\Debug\net462\System.CommandLine.Tests.dll" adapterTypeName="executor://xunit/VsTestRunner2/net" className="System.CommandLine.Tests.VersionOptionTests" name="Version_option_is_not_added_to_subcommands" />
    </UnitTest>
    <UnitTest name="System.CommandLine.Tests.ParseDirectiveTests.When_there_are_no_errors_then_parse_directive_sets_exit_code_0" storage="c:\dev\command-line-api\src\system.commandline.tests\bin\debug\net462\system.commandline.tests.dll" id="ec3f230f-ed76-f9ec-cab5-4550ab369d96">
      <Execution id="e0660079-1e19-4110-98e0-fb6a4588e093" />
      <TestMethod codeBase="C:\dev\command-line-api\src\System.CommandLine.Tests\bin\Debug\net462\System.CommandLine.Tests.dll" adapterTypeName="executor://xunit/VsTestRunner2/net" className="System.CommandLine.Tests.ParseDirectiveTests" name="When_there_are_no_errors_then_parse_directive_sets_exit_code_0" />
    </UnitTest>
    <UnitTest name="System.CommandLine.Tests.CompletionTests.When_a_subcommand_has_been_specified_then_its_sibling_options_with_argument_limit_reached_will_be_not_be_suggested" storage="c:\dev\command-line-api\src\system.commandline.tests\bin\debug\net462\system.commandline.tests.dll" id="a7240e15-ddd8-3f19-5a5a-c962b3e11653">
      <Execution id="9c91e95f-1018-49a8-82bf-103052ff15fe" />
      <TestMethod codeBase="C:\dev\command-line-api\src\System.CommandLine.Tests\bin\Debug\net462\System.CommandLine.Tests.dll" adapterTypeName="executor://xunit/VsTestRunner2/net" className="System.CommandLine.Tests.CompletionTests" name="When_a_subcommand_has_been_specified_then_its_sibling_options_with_argument_limit_reached_will_be_not_be_suggested" />
    </UnitTest>
    <UnitTest name="System.CommandLine.Tests.OptionTests.HasAliasIgnorePrefix_accepts_unprefixed_long_value" storage="c:\dev\command-line-api\src\system.commandline.tests\bin\debug\net462\system.commandline.tests.dll" id="a70379f7-b372-9955-3c62-3890b645dd65">
      <Execution id="681da33e-afe4-4a22-becf-b4677f70fa77" />
      <TestMethod codeBase="C:\dev\command-line-api\src\System.CommandLine.Tests\bin\Debug\net462\System.CommandLine.Tests.dll" adapterTypeName="executor://xunit/VsTestRunner2/net" className="System.CommandLine.Tests.OptionTests" name="HasAliasIgnorePrefix_accepts_unprefixed_long_value" />
    </UnitTest>
    <UnitTest name="System.CommandLine.Tests.ArgumentTests+CustomParsing.custom_parsing_of_scalar_value_from_an_argument_with_one_token" storage="c:\dev\command-line-api\src\system.commandline.tests\bin\debug\net462\system.commandline.tests.dll" id="546d3a09-8c42-27a2-5a8c-646077a40298">
      <Execution id="05932a3f-88c1-4c96-bfe8-87cef56568a2" />
      <TestMethod codeBase="C:\dev\command-line-api\src\System.CommandLine.Tests\bin\Debug\net462\System.CommandLine.Tests.dll" adapterTypeName="executor://xunit/VsTestRunner2/net" className="System.CommandLine.Tests.ArgumentTests+CustomParsing" name="custom_parsing_of_scalar_value_from_an_argument_with_one_token" />
    </UnitTest>
    <UnitTest name="System.CommandLine.Tests.Invocation.TypoCorrectionTests.Suggestions_favor_matches_with_prefix" storage="c:\dev\command-line-api\src\system.commandline.tests\bin\debug\net462\system.commandline.tests.dll" id="38ded00f-5889-8c16-efe0-a536cbdaf3b3">
      <Execution id="7781a91b-19b4-4104-8aa1-19c37d0eb132" />
      <TestMethod codeBase="C:\dev\command-line-api\src\System.CommandLine.Tests\bin\Debug\net462\System.CommandLine.Tests.dll" adapterTypeName="executor://xunit/VsTestRunner2/net" className="System.CommandLine.Tests.Invocation.TypoCorrectionTests" name="Suggestions_favor_matches_with_prefix" />
    </UnitTest>
    <UnitTest name="System.CommandLine.Tests.VersionOptionTests.When_the_version_option_is_specified_then_the_version_is_written_to_standard_out" storage="c:\dev\command-line-api\src\system.commandline.tests\bin\debug\net462\system.commandline.tests.dll" id="5d68064d-daaa-d760-bd53-63fc1525aafd">
      <Execution id="7474ea00-d152-4dcc-b878-f54856d8f02c" />
      <TestMethod codeBase="C:\dev\command-line-api\src\System.CommandLine.Tests\bin\Debug\net462\System.CommandLine.Tests.dll" adapterTypeName="executor://xunit/VsTestRunner2/net" className="System.CommandLine.Tests.VersionOptionTests" name="When_the_version_option_is_specified_then_the_version_is_written_to_standard_out" />
    </UnitTest>
    <UnitTest name="System.CommandLine.Tests.Binding.TypeConversionTests.Max_arity_greater_than_1_converts_to_enumerable_types(minArity: 1, maxArity: 3, argumentType: typeof(System.Collections.Generic.IEnumerable&lt;string&gt;))" storage="c:\dev\command-line-api\src\system.commandline.tests\bin\debug\net462\system.commandline.tests.dll" id="3c97e10b-16f7-c01d-5c65-5037d4f66ce4">
      <Execution id="de1fd9e1-3cc7-4a31-85f0-2fe930d234b9" />
      <TestMethod codeBase="C:\dev\command-line-api\src\System.CommandLine.Tests\bin\Debug\net462\System.CommandLine.Tests.dll" adapterTypeName="executor://xunit/VsTestRunner2/net" className="System.CommandLine.Tests.Binding.TypeConversionTests" name="Max_arity_greater_than_1_converts_to_enumerable_types" />
    </UnitTest>
    <UnitTest name="System.CommandLine.Tests.GlobalOptionTests.Global_options_appear_in_options_list" storage="c:\dev\command-line-api\src\system.commandline.tests\bin\debug\net462\system.commandline.tests.dll" id="d34dd7fe-8729-4b0f-024b-311388e37f59">
      <Execution id="eaf37363-c049-4d85-83a9-8adb4a436395" />
      <TestMethod codeBase="C:\dev\command-line-api\src\System.CommandLine.Tests\bin\Debug\net462\System.CommandLine.Tests.dll" adapterTypeName="executor://xunit/VsTestRunner2/net" className="System.CommandLine.Tests.GlobalOptionTests" name="Global_options_appear_in_options_list" />
    </UnitTest>
    <UnitTest name="System.CommandLine.Tests.Help.HelpBuilderTests.Arguments_section_uses_description_if_provided" storage="c:\dev\command-line-api\src\system.commandline.tests\bin\debug\net462\system.commandline.tests.dll" id="ba2992c1-3a06-18c7-4fa6-02c81c02a39a">
      <Execution id="652a95be-def2-4e0a-a6e3-c5b28e74cddb" />
      <TestMethod codeBase="C:\dev\command-line-api\src\System.CommandLine.Tests\bin\Debug\net462\System.CommandLine.Tests.dll" adapterTypeName="executor://xunit/VsTestRunner2/net" className="System.CommandLine.Tests.Help.HelpBuilderTests" name="Arguments_section_uses_description_if_provided" />
    </UnitTest>
    <UnitTest name="System.CommandLine.Tests.CompletionContextTests.CommandLineText_preserves_command_line_prior_to_splitting_when_complete_command_line_is_parsed" storage="c:\dev\command-line-api\src\system.commandline.tests\bin\debug\net462\system.commandline.tests.dll" id="d1235aa3-3849-dec3-3287-463fc5b43cbb">
      <Execution id="9a351aff-5999-46f2-9141-1a4009e3f1ed" />
      <TestMethod codeBase="C:\dev\command-line-api\src\System.CommandLine.Tests\bin\Debug\net462\System.CommandLine.Tests.dll" adapterTypeName="executor://xunit/VsTestRunner2/net" className="System.CommandLine.Tests.CompletionContextTests" name="CommandLineText_preserves_command_line_prior_to_splitting_when_complete_command_line_is_parsed" />
    </UnitTest>
    <UnitTest name="System.CommandLine.Tests.Binding.TypeConversionTests.Values_can_be_correctly_converted_to_float_without_the_parser_specifying_a_custom_converter" storage="c:\dev\command-line-api\src\system.commandline.tests\bin\debug\net462\system.commandline.tests.dll" id="476bb3fc-0df7-6f23-5af8-3601594a7c58">
      <Execution id="ef16c9d1-c56a-41c0-a305-ff3daf6db4e2" />
      <TestMethod codeBase="C:\dev\command-line-api\src\System.CommandLine.Tests\bin\Debug\net462\System.CommandLine.Tests.dll" adapterTypeName="executor://xunit/VsTestRunner2/net" className="System.CommandLine.Tests.Binding.TypeConversionTests" name="Values_can_be_correctly_converted_to_float_without_the_parser_specifying_a_custom_converter" />
    </UnitTest>
    <UnitTest name="System.CommandLine.Tests.Help.HelpBuilderTests.Subcommands_section_properly_wraps" storage="c:\dev\command-line-api\src\system.commandline.tests\bin\debug\net462\system.commandline.tests.dll" id="2aefc21c-1050-b998-6743-0cab10edb04c">
      <Execution id="9bd3448e-ebff-4083-b74b-06f469f107ac" />
      <TestMethod codeBase="C:\dev\command-line-api\src\System.CommandLine.Tests\bin\Debug\net462\System.CommandLine.Tests.dll" adapterTypeName="executor://xunit/VsTestRunner2/net" className="System.CommandLine.Tests.Help.HelpBuilderTests" name="Subcommands_section_properly_wraps" />
    </UnitTest>
    <UnitTest name="System.CommandLine.Tests.TokenReplacementTests.Token_replacer_will_delete_token_when_delegate_returns_true_and_sets_tokens_to_null" storage="c:\dev\command-line-api\src\system.commandline.tests\bin\debug\net462\system.commandline.tests.dll" id="194a3312-02fe-172d-ed3b-01b403aa4fd8">
      <Execution id="0cc695e7-701c-408e-a4ab-da5f2488f78e" />
      <TestMethod codeBase="C:\dev\command-line-api\src\System.CommandLine.Tests\bin\Debug\net462\System.CommandLine.Tests.dll" adapterTypeName="executor://xunit/VsTestRunner2/net" className="System.CommandLine.Tests.TokenReplacementTests" name="Token_replacer_will_delete_token_when_delegate_returns_true_and_sets_tokens_to_null" />
    </UnitTest>
    <UnitTest name="System.CommandLine.Tests.CompletionTests.Option_argument_completions_can_be_provided_using_a_delegate" storage="c:\dev\command-line-api\src\system.commandline.tests\bin\debug\net462\system.commandline.tests.dll" id="16a3581e-ca14-c950-95ad-51cd636043bc">
      <Execution id="1648e00d-833e-4cd1-baad-514943ab53e4" />
      <TestMethod codeBase="C:\dev\command-line-api\src\System.CommandLine.Tests\bin\Debug\net462\System.CommandLine.Tests.dll" adapterTypeName="executor://xunit/VsTestRunner2/net" className="System.CommandLine.Tests.CompletionTests" name="Option_argument_completions_can_be_provided_using_a_delegate" />
    </UnitTest>
    <UnitTest name="System.CommandLine.Tests.ParserTests.When_an_option_is_not_respecified_but_limit_is_reached_then_the_following_token_is_considered_an_argument_to_the_parent_command" storage="c:\dev\command-line-api\src\system.commandline.tests\bin\debug\net462\system.commandline.tests.dll" id="f347d628-ce49-0561-5311-e824befb397f">
      <Execution id="0fece5ac-c212-476b-95f6-e88639b18ed2" />
      <TestMethod codeBase="C:\dev\command-line-api\src\System.CommandLine.Tests\bin\Debug\net462\System.CommandLine.Tests.dll" adapterTypeName="executor://xunit/VsTestRunner2/net" className="System.CommandLine.Tests.ParserTests" name="When_an_option_is_not_respecified_but_limit_is_reached_then_the_following_token_is_considered_an_argument_to_the_parent_command" />
    </UnitTest>
    <UnitTest name="System.CommandLine.Tests.CommandTests.Commands_can_have_aliases" storage="c:\dev\command-line-api\src\system.commandline.tests\bin\debug\net462\system.commandline.tests.dll" id="412dc1bd-9e71-ca8f-24ad-386219764ec6">
      <Execution id="00e4cc3d-10f9-488e-9df4-5a1fb7604fa4" />
      <TestMethod codeBase="C:\dev\command-line-api\src\System.CommandLine.Tests\bin\Debug\net462\System.CommandLine.Tests.dll" adapterTypeName="executor://xunit/VsTestRunner2/net" className="System.CommandLine.Tests.CommandTests" name="Commands_can_have_aliases" />
    </UnitTest>
    <UnitTest name="System.CommandLine.Tests.Binding.TypeConversionTests.When_getting_an_array_of_values_and_specifying_a_conversion_type_that_is_not_supported_then_it_throws" storage="c:\dev\command-line-api\src\system.commandline.tests\bin\debug\net462\system.commandline.tests.dll" id="64990ca3-31ea-a050-64d6-138a917de6ca">
      <Execution id="aee1cae7-7710-4172-a62b-ed023821c7fb" />
      <TestMethod codeBase="C:\dev\command-line-api\src\System.CommandLine.Tests\bin\Debug\net462\System.CommandLine.Tests.dll" adapterTypeName="executor://xunit/VsTestRunner2/net" className="System.CommandLine.Tests.Binding.TypeConversionTests" name="When_getting_an_array_of_values_and_specifying_a_conversion_type_that_is_not_supported_then_it_throws" />
    </UnitTest>
    <UnitTest name="System.CommandLine.Tests.DirectiveTests.When_a_directive_is_specified_more_than_once_then_its_values_are_aggregated" storage="c:\dev\command-line-api\src\system.commandline.tests\bin\debug\net462\system.commandline.tests.dll" id="279019a0-ecd4-141c-7fce-76fe3165d451">
      <Execution id="8561decf-7109-4cef-a7a1-2b8be988621d" />
      <TestMethod codeBase="C:\dev\command-line-api\src\System.CommandLine.Tests\bin\Debug\net462\System.CommandLine.Tests.dll" adapterTypeName="executor://xunit/VsTestRunner2/net" className="System.CommandLine.Tests.DirectiveTests" name="When_a_directive_is_specified_more_than_once_then_its_values_are_aggregated" />
    </UnitTest>
    <UnitTest name="System.CommandLine.Tests.DirectiveTests.Directives_cannot_contain_spaces(value: &quot;[par se]&quot;)" storage="c:\dev\command-line-api\src\system.commandline.tests\bin\debug\net462\system.commandline.tests.dll" id="d65ec81c-d422-f90e-59e1-73580b5c3bda">
      <Execution id="361a4a20-f1f3-4d6a-8d5f-ace1f880157e" />
      <TestMethod codeBase="C:\dev\command-line-api\src\System.CommandLine.Tests\bin\Debug\net462\System.CommandLine.Tests.dll" adapterTypeName="executor://xunit/VsTestRunner2/net" className="System.CommandLine.Tests.DirectiveTests" name="Directives_cannot_contain_spaces" />
    </UnitTest>
    <UnitTest name="System.CommandLine.Tests.OptionTests+MultipleArgumentsPerToken+Allowed.When_option_is_not_respecified_but_limit_is_not_reached_then_the_following_token_is_used_as_value" storage="c:\dev\command-line-api\src\system.commandline.tests\bin\debug\net462\system.commandline.tests.dll" id="5de0bd5c-f38f-b0ec-e4da-d8344ce07618">
      <Execution id="346d9d48-4be3-48e7-8a20-63964cfab90b" />
      <TestMethod codeBase="C:\dev\command-line-api\src\System.CommandLine.Tests\bin\Debug\net462\System.CommandLine.Tests.dll" adapterTypeName="executor://xunit/VsTestRunner2/net" className="System.CommandLine.Tests.OptionTests+MultipleArgumentsPerToken+Allowed" name="When_option_is_not_respecified_but_limit_is_not_reached_then_the_following_token_is_used_as_value" />
    </UnitTest>
    <UnitTest name="System.CommandLine.Tests.Parsing.CommandLineStringSplitterTests.It_handles_multiple_options_with_quoted_arguments" storage="c:\dev\command-line-api\src\system.commandline.tests\bin\debug\net462\system.commandline.tests.dll" id="59d0c6a8-10a5-60e4-4ac6-0d58451cb54b">
      <Execution id="87cba9fa-add9-4adc-88d4-422c51a11bd7" />
      <TestMethod codeBase="C:\dev\command-line-api\src\System.CommandLine.Tests\bin\Debug\net462\System.CommandLine.Tests.dll" adapterTypeName="executor://xunit/VsTestRunner2/net" className="System.CommandLine.Tests.Parsing.CommandLineStringSplitterTests" name="It_handles_multiple_options_with_quoted_arguments" />
    </UnitTest>
    <UnitTest name="System.CommandLine.Tests.ResponseFileTests.When_response_file_does_not_exist_then_error_is_returned" storage="c:\dev\command-line-api\src\system.commandline.tests\bin\debug\net462\system.commandline.tests.dll" id="c3b10790-3116-1ab1-67d0-f6c4ee18241e">
      <Execution id="16ccdd1c-944d-4b34-b67e-8582ab1a2720" />
      <TestMethod codeBase="C:\dev\command-line-api\src\System.CommandLine.Tests\bin\Debug\net462\System.CommandLine.Tests.dll" adapterTypeName="executor://xunit/VsTestRunner2/net" className="System.CommandLine.Tests.ResponseFileTests" name="When_response_file_does_not_exist_then_error_is_returned" />
    </UnitTest>
    <UnitTest name="System.CommandLine.Tests.CompletionTests.Command_GetCompletions_without_text_to_match_orders_alphabetically" storage="c:\dev\command-line-api\src\system.commandline.tests\bin\debug\net462\system.commandline.tests.dll" id="0e22101f-5e18-c784-e104-4a359bafaa03">
      <Execution id="6a4d357a-609c-4484-8bb3-41bf2ff1ce33" />
      <TestMethod codeBase="C:\dev\command-line-api\src\System.CommandLine.Tests\bin\Debug\net462\System.CommandLine.Tests.dll" adapterTypeName="executor://xunit/VsTestRunner2/net" className="System.CommandLine.Tests.CompletionTests" name="Command_GetCompletions_without_text_to_match_orders_alphabetically" />
    </UnitTest>
    <UnitTest name="System.CommandLine.Tests.Binding.TypeConversionTests.Argument_infers_arity_of_IEnumerable_types_as_OneOrMore(type: typeof(int[]))" storage="c:\dev\command-line-api\src\system.commandline.tests\bin\debug\net462\system.commandline.tests.dll" id="8afc5f37-5c9f-05f1-a907-b9d3a86ff4ef">
      <Execution id="5b2f1b60-bec6-401c-bbc6-fd27d4d98537" />
      <TestMethod codeBase="C:\dev\command-line-api\src\System.CommandLine.Tests\bin\Debug\net462\System.CommandLine.Tests.dll" adapterTypeName="executor://xunit/VsTestRunner2/net" className="System.CommandLine.Tests.Binding.TypeConversionTests" name="Argument_infers_arity_of_IEnumerable_types_as_OneOrMore" />
    </UnitTest>
    <UnitTest name="System.CommandLine.Tests.ParserTests.When_a_command_line_has_unmatched_tokens_they_are_not_applied_to_subsequent_options" storage="c:\dev\command-line-api\src\system.commandline.tests\bin\debug\net462\system.commandline.tests.dll" id="2a89ac7c-c836-9ed3-1495-7171bd0580fa">
      <Execution id="65e770a4-a995-4ceb-b64d-d6e98da5e4fe" />
      <TestMethod codeBase="C:\dev\command-line-api\src\System.CommandLine.Tests\bin\Debug\net462\System.CommandLine.Tests.dll" adapterTypeName="executor://xunit/VsTestRunner2/net" className="System.CommandLine.Tests.ParserTests" name="When_a_command_line_has_unmatched_tokens_they_are_not_applied_to_subsequent_options" />
    </UnitTest>
    <UnitTest name="System.CommandLine.Tests.Help.HelpBuilderTests.Help_describes_default_value_for_subcommand_with_arguments_and_only_defaultable_is_shown" storage="c:\dev\command-line-api\src\system.commandline.tests\bin\debug\net462\system.commandline.tests.dll" id="81487ad1-000f-0edc-a541-17fba0554618">
      <Execution id="f8475eb0-e00a-45e7-90b4-7f9ffb401203" />
      <TestMethod codeBase="C:\dev\command-line-api\src\System.CommandLine.Tests\bin\Debug\net462\System.CommandLine.Tests.dll" adapterTypeName="executor://xunit/VsTestRunner2/net" className="System.CommandLine.Tests.Help.HelpBuilderTests" name="Help_describes_default_value_for_subcommand_with_arguments_and_only_defaultable_is_shown" />
    </UnitTest>
    <UnitTest name="System.CommandLine.Tests.ParserTests.Long_form_options_can_be_specified_using_colon_delimiter" storage="c:\dev\command-line-api\src\system.commandline.tests\bin\debug\net462\system.commandline.tests.dll" id="fe399cb4-5d61-d7cf-ad5e-45bebd6ada6b">
      <Execution id="2ed73ef6-f811-49ca-b065-4cdee0d6296c" />
      <TestMethod codeBase="C:\dev\command-line-api\src\System.CommandLine.Tests\bin\Debug\net462\System.CommandLine.Tests.dll" adapterTypeName="executor://xunit/VsTestRunner2/net" className="System.CommandLine.Tests.ParserTests" name="Long_form_options_can_be_specified_using_colon_delimiter" />
    </UnitTest>
    <UnitTest name="System.CommandLine.Tests.ArgumentTests+CustomParsing.Custom_parser_can_pass_on_remaining_tokens(commandLine: &quot;1 2 3 -o 999 4 5 6 7 8&quot;)" storage="c:\dev\command-line-api\src\system.commandline.tests\bin\debug\net462\system.commandline.tests.dll" id="d1e76cc2-ab5f-a34e-3d3d-b06689c7ae55">
      <Execution id="a631ba18-2602-4da8-ba61-263499f88dab" />
      <TestMethod codeBase="C:\dev\command-line-api\src\System.CommandLine.Tests\bin\Debug\net462\System.CommandLine.Tests.dll" adapterTypeName="executor://xunit/VsTestRunner2/net" className="System.CommandLine.Tests.ArgumentTests+CustomParsing" name="Custom_parser_can_pass_on_remaining_tokens" />
    </UnitTest>
    <UnitTest name="System.CommandLine.Tests.ParserTests+MultipleArguments.When_there_are_not_enough_tokens_for_all_arguments_then_the_correct_number_of_errors_is_reported(providedArgs: &quot;a b&quot;)" storage="c:\dev\command-line-api\src\system.commandline.tests\bin\debug\net462\system.commandline.tests.dll" id="855abe32-3a51-02f7-fed0-bee2a12a4c89">
      <Execution id="6c9cebc0-6af6-4571-be51-c01a0eb7704c" />
      <TestMethod codeBase="C:\dev\command-line-api\src\System.CommandLine.Tests\bin\Debug\net462\System.CommandLine.Tests.dll" adapterTypeName="executor://xunit/VsTestRunner2/net" className="System.CommandLine.Tests.ParserTests+MultipleArguments" name="When_there_are_not_enough_tokens_for_all_arguments_then_the_correct_number_of_errors_is_reported" />
    </UnitTest>
    <UnitTest name="System.CommandLine.Tests.CompletionContextTests.When_position_is_unspecified_in_array_command_line_and_final_token_matches_an_command_then_it_returns_empty" storage="c:\dev\command-line-api\src\system.commandline.tests\bin\debug\net462\system.commandline.tests.dll" id="d3c1071f-b261-66b8-9e41-b19095d047fa">
      <Execution id="f6a07e4b-09e2-4caf-b09d-bccf1784a001" />
      <TestMethod codeBase="C:\dev\command-line-api\src\System.CommandLine.Tests\bin\Debug\net462\System.CommandLine.Tests.dll" adapterTypeName="executor://xunit/VsTestRunner2/net" className="System.CommandLine.Tests.CompletionContextTests" name="When_position_is_unspecified_in_array_command_line_and_final_token_matches_an_command_then_it_returns_empty" />
    </UnitTest>
    <UnitTest name="System.CommandLine.Tests.CommandTests.ParseResult_Command_identifies_innermost_command(input: &quot;outer arg inner arg&quot;, expectedCommand: &quot;inner&quot;)" storage="c:\dev\command-line-api\src\system.commandline.tests\bin\debug\net462\system.commandline.tests.dll" id="a223f70f-e4bd-f681-ec02-04a084161c6f">
      <Execution id="d26d9b58-ed63-4971-9387-a42186926542" />
      <TestMethod codeBase="C:\dev\command-line-api\src\System.CommandLine.Tests\bin\Debug\net462\System.CommandLine.Tests.dll" adapterTypeName="executor://xunit/VsTestRunner2/net" className="System.CommandLine.Tests.CommandTests" name="ParseResult_Command_identifies_innermost_command" />
    </UnitTest>
    <UnitTest name="System.CommandLine.Tests.Help.HelpBuilderTests.Options_section_keeps_added_newlines" storage="c:\dev\command-line-api\src\system.commandline.tests\bin\debug\net462\system.commandline.tests.dll" id="54066824-43b7-bd97-d4de-9c9a011acf92">
      <Execution id="6be4eced-7f40-4f55-9778-55eaa84c332c" />
      <TestMethod codeBase="C:\dev\command-line-api\src\System.CommandLine.Tests\bin\Debug\net462\System.CommandLine.Tests.dll" adapterTypeName="executor://xunit/VsTestRunner2/net" className="System.CommandLine.Tests.Help.HelpBuilderTests" name="Options_section_keeps_added_newlines" />
    </UnitTest>
    <UnitTest name="System.CommandLine.Tests.UseHelpTests.UseHelp_interrupts_execution_of_the_specified_command" storage="c:\dev\command-line-api\src\system.commandline.tests\bin\debug\net462\system.commandline.tests.dll" id="68156bfa-d4e6-432e-915b-9979134a1275">
      <Execution id="10150dbd-ee34-4450-91a9-236b67cbf72f" />
      <TestMethod codeBase="C:\dev\command-line-api\src\System.CommandLine.Tests\bin\Debug\net462\System.CommandLine.Tests.dll" adapterTypeName="executor://xunit/VsTestRunner2/net" className="System.CommandLine.Tests.UseHelpTests" name="UseHelp_interrupts_execution_of_the_specified_command" />
    </UnitTest>
    <UnitTest name="System.CommandLine.Tests.Help.HelpBuilderTests+Customization.Option_can_fallback_to_default_when_customizing(conditionA: True, conditionB: True, expected: &quot;custom 1st\\s*custom 2nd&quot;)" storage="c:\dev\command-line-api\src\system.commandline.tests\bin\debug\net462\system.commandline.tests.dll" id="9eff6334-1331-0fc1-79e3-461bcd65e601">
      <Execution id="c4338137-ff41-4128-a18d-acda5192a847" />
      <TestMethod codeBase="C:\dev\command-line-api\src\System.CommandLine.Tests\bin\Debug\net462\System.CommandLine.Tests.dll" adapterTypeName="executor://xunit/VsTestRunner2/net" className="System.CommandLine.Tests.Help.HelpBuilderTests+Customization" name="Option_can_fallback_to_default_when_customizing" />
    </UnitTest>
    <UnitTest name="System.CommandLine.Tests.ParserTests.Single_option_arguments_that_match_option_aliases_are_parsed_correctly" storage="c:\dev\command-line-api\src\system.commandline.tests\bin\debug\net462\system.commandline.tests.dll" id="1914c66b-b034-bcd1-1c0b-205e9e7d30c6">
      <Execution id="4b8286fb-7e4e-4e16-934e-828589052ce7" />
      <TestMethod codeBase="C:\dev\command-line-api\src\System.CommandLine.Tests\bin\Debug\net462\System.CommandLine.Tests.dll" adapterTypeName="executor://xunit/VsTestRunner2/net" className="System.CommandLine.Tests.ParserTests" name="Single_option_arguments_that_match_option_aliases_are_parsed_correctly" />
    </UnitTest>
    <UnitTest name="System.CommandLine.Tests.UseHelpTests.There_are_no_parse_errors_when_help_is_invoked_on_a_command_with_required_options" storage="c:\dev\command-line-api\src\system.commandline.tests\bin\debug\net462\system.commandline.tests.dll" id="a64ac05d-0617-d637-493b-9081955290c5">
      <Execution id="1169e332-04a1-4b9f-b316-99ca2d033adf" />
      <TestMethod codeBase="C:\dev\command-line-api\src\System.CommandLine.Tests\bin\Debug\net462\System.CommandLine.Tests.dll" adapterTypeName="executor://xunit/VsTestRunner2/net" className="System.CommandLine.Tests.UseHelpTests" name="There_are_no_parse_errors_when_help_is_invoked_on_a_command_with_required_options" />
    </UnitTest>
    <UnitTest name="System.CommandLine.Tests.ParserTests.Option_arguments_can_match_subcommands" storage="c:\dev\command-line-api\src\system.commandline.tests\bin\debug\net462\system.commandline.tests.dll" id="b8fd30f1-a08e-dee6-f707-844684686595">
      <Execution id="c53191b6-26be-47bb-8cab-7c26f01e06d2" />
      <TestMethod codeBase="C:\dev\command-line-api\src\System.CommandLine.Tests\bin\Debug\net462\System.CommandLine.Tests.dll" adapterTypeName="executor://xunit/VsTestRunner2/net" className="System.CommandLine.Tests.ParserTests" name="Option_arguments_can_match_subcommands" />
    </UnitTest>
    <UnitTest name="System.CommandLine.Tests.EnvironmentVariableDirectiveTests.Ignores_environment_directive_without_equals_sign" storage="c:\dev\command-line-api\src\system.commandline.tests\bin\debug\net462\system.commandline.tests.dll" id="d9480657-c36c-1879-c6e9-dbca807ea5e2">
      <Execution id="fe2e26b8-ba34-4123-9762-4c020e8f121a" />
      <TestMethod codeBase="C:\dev\command-line-api\src\System.CommandLine.Tests\bin\Debug\net462\System.CommandLine.Tests.dll" adapterTypeName="executor://xunit/VsTestRunner2/net" className="System.CommandLine.Tests.EnvironmentVariableDirectiveTests" name="Ignores_environment_directive_without_equals_sign" />
    </UnitTest>
    <UnitTest name="System.CommandLine.Tests.ArgumentTests+CustomParsing.Custom_argument_parser_is_only_called_once" storage="c:\dev\command-line-api\src\system.commandline.tests\bin\debug\net462\system.commandline.tests.dll" id="bc616ca3-b13c-b651-fdaa-0c8d8ef67a65">
      <Execution id="b549e505-d62e-4251-85dc-548c4645b144" />
      <TestMethod codeBase="C:\dev\command-line-api\src\System.CommandLine.Tests\bin\Debug\net462\System.CommandLine.Tests.dll" adapterTypeName="executor://xunit/VsTestRunner2/net" className="System.CommandLine.Tests.ArgumentTests+CustomParsing" name="Custom_argument_parser_is_only_called_once" />
    </UnitTest>
    <UnitTest name="System.CommandLine.Tests.OptionTests.When_an_option_is_created_with_an_alias_that_contains_whitespace_then_an_informative_error_is_returned(alias: &quot; -x&quot;)" storage="c:\dev\command-line-api\src\system.commandline.tests\bin\debug\net462\system.commandline.tests.dll" id="0b7c8fba-72eb-8caf-ac81-66f7e1f0e377">
      <Execution id="528d2620-545b-461e-8435-eb56a36160e2" />
      <TestMethod codeBase="C:\dev\command-line-api\src\System.CommandLine.Tests\bin\Debug\net462\System.CommandLine.Tests.dll" adapterTypeName="executor://xunit/VsTestRunner2/net" className="System.CommandLine.Tests.OptionTests" name="When_an_option_is_created_with_an_alias_that_contains_whitespace_then_an_informative_error_is_returned" />
    </UnitTest>
    <UnitTest name="System.CommandLine.Tests.OptionTests.Option_of_boolean_defaults_to_false_when_not_specified" storage="c:\dev\command-line-api\src\system.commandline.tests\bin\debug\net462\system.commandline.tests.dll" id="58f331db-3893-0439-ccba-98f96bafa497">
      <Execution id="8d61439c-f9f7-43d1-8d77-fb55e7d78a92" />
      <TestMethod codeBase="C:\dev\command-line-api\src\System.CommandLine.Tests\bin\Debug\net462\System.CommandLine.Tests.dll" adapterTypeName="executor://xunit/VsTestRunner2/net" className="System.CommandLine.Tests.OptionTests" name="Option_of_boolean_defaults_to_false_when_not_specified" />
    </UnitTest>
    <UnitTest name="System.CommandLine.Tests.ArgumentTests+CustomParsing.Symbol_can_be_found_without_explicitly_traversing_result_tree(commandLine: &quot;-y value-y -x value-x&quot;)" storage="c:\dev\command-line-api\src\system.commandline.tests\bin\debug\net462\system.commandline.tests.dll" id="578c0ac1-f743-d0d3-8855-fd920bfea2e6">
      <Execution id="d2c7a10b-313e-4654-804b-3af64cba75dd" />
      <TestMethod codeBase="C:\dev\command-line-api\src\System.CommandLine.Tests\bin\Debug\net462\System.CommandLine.Tests.dll" adapterTypeName="executor://xunit/VsTestRunner2/net" className="System.CommandLine.Tests.ArgumentTests+CustomParsing" name="Symbol_can_be_found_without_explicitly_traversing_result_tree" />
    </UnitTest>
    <UnitTest name="System.CommandLine.Tests.ParserTests.Nested_commands_with_colliding_names_cannot_both_be_applied" storage="c:\dev\command-line-api\src\system.commandline.tests\bin\debug\net462\system.commandline.tests.dll" id="e65ba778-3817-e3dd-e946-c7d1e6b3e1df">
      <Execution id="56f624a4-f937-40f2-9f7a-4154e6816a63" />
      <TestMethod codeBase="C:\dev\command-line-api\src\System.CommandLine.Tests\bin\Debug\net462\System.CommandLine.Tests.dll" adapterTypeName="executor://xunit/VsTestRunner2/net" className="System.CommandLine.Tests.ParserTests" name="Nested_commands_with_colliding_names_cannot_both_be_applied" />
    </UnitTest>
    <UnitTest name="System.CommandLine.Tests.Binding.TypeConversionTests.Sequence_type_defaults_to_empty_when_not_specified(sequenceType: typeof(System.Collections.Generic.IEnumerable&lt;string&gt;))" storage="c:\dev\command-line-api\src\system.commandline.tests\bin\debug\net462\system.commandline.tests.dll" id="55465719-c37c-d2c3-2ae0-f8ebd0c76a25">
      <Execution id="8575f693-09f4-45a9-952e-6d7b8d2c8105" />
      <TestMethod codeBase="C:\dev\command-line-api\src\System.CommandLine.Tests\bin\Debug\net462\System.CommandLine.Tests.dll" adapterTypeName="executor://xunit/VsTestRunner2/net" className="System.CommandLine.Tests.Binding.TypeConversionTests" name="Sequence_type_defaults_to_empty_when_not_specified" />
    </UnitTest>
    <UnitTest name="System.CommandLine.Tests.CompletionTests.Options_that_have_been_specified_to_their_maximum_arity_are_not_suggested" storage="c:\dev\command-line-api\src\system.commandline.tests\bin\debug\net462\system.commandline.tests.dll" id="a89f625d-def0-cb62-e64e-162da4e2cb91">
      <Execution id="60eca660-8b78-426e-b117-8d8fc6c309b8" />
      <TestMethod codeBase="C:\dev\command-line-api\src\System.CommandLine.Tests\bin\Debug\net462\System.CommandLine.Tests.dll" adapterTypeName="executor://xunit/VsTestRunner2/net" className="System.CommandLine.Tests.CompletionTests" name="Options_that_have_been_specified_to_their_maximum_arity_are_not_suggested" />
    </UnitTest>
    <UnitTest name="System.CommandLine.Tests.Binding.TypeConversionTests.Sequence_type_defaults_to_empty_when_not_specified(sequenceType: typeof(System.Collections.Generic.List&lt;int&gt;))" storage="c:\dev\command-line-api\src\system.commandline.tests\bin\debug\net462\system.commandline.tests.dll" id="76d7d570-b439-073c-b643-5aecdf21fac3">
      <Execution id="9674c4f4-8500-4526-a70e-d1b7e07a7822" />
      <TestMethod codeBase="C:\dev\command-line-api\src\System.CommandLine.Tests\bin\Debug\net462\System.CommandLine.Tests.dll" adapterTypeName="executor://xunit/VsTestRunner2/net" className="System.CommandLine.Tests.Binding.TypeConversionTests" name="Sequence_type_defaults_to_empty_when_not_specified" />
    </UnitTest>
    <UnitTest name="System.CommandLine.Tests.CommandTests.ParseResult_Command_identifies_innermost_command(input: &quot;outer arg&quot;, expectedCommand: &quot;outer&quot;)" storage="c:\dev\command-line-api\src\system.commandline.tests\bin\debug\net462\system.commandline.tests.dll" id="80f38830-b9fc-e6e0-034f-c42da02dbc42">
      <Execution id="5e2103b7-dc68-4ba3-9186-166916fc6634" />
      <TestMethod codeBase="C:\dev\command-line-api\src\System.CommandLine.Tests\bin\Debug\net462\System.CommandLine.Tests.dll" adapterTypeName="executor://xunit/VsTestRunner2/net" className="System.CommandLine.Tests.CommandTests" name="ParseResult_Command_identifies_innermost_command" />
    </UnitTest>
    <UnitTest name="System.CommandLine.Tests.CompletionTests.When_one_option_has_been_partially_specified_then_nonmatching_siblings_will_not_be_suggested" storage="c:\dev\command-line-api\src\system.commandline.tests\bin\debug\net462\system.commandline.tests.dll" id="65543548-90e6-b7bc-51c4-faba7e9d5ab7">
      <Execution id="143885ac-d710-428d-b2b3-d6743e9d5bde" />
      <TestMethod codeBase="C:\dev\command-line-api\src\System.CommandLine.Tests\bin\Debug\net462\System.CommandLine.Tests.dll" adapterTypeName="executor://xunit/VsTestRunner2/net" className="System.CommandLine.Tests.CompletionTests" name="When_one_option_has_been_partially_specified_then_nonmatching_siblings_will_not_be_suggested" />
    </UnitTest>
    <UnitTest name="System.CommandLine.Tests.Help.HelpBuilderTests.Usage_section_shows_arguments_if_there_are_arguments_for_command_when_there_is_more_than_one_argument(minArityForArg1: 0, maxArityForArg1: 1, minArityForArg2: 0, maxArityForArg2: 2, expectedArgsUsage: &quot;[&lt;arg1&gt; [&lt;arg2&gt;...]]&quot;)" storage="c:\dev\command-line-api\src\system.commandline.tests\bin\debug\net462\system.commandline.tests.dll" id="8cceedb9-4d83-22a2-ec26-ff0d53fbb5d3">
      <Execution id="bbf38047-c05d-4279-9ba0-b23eb13488d2" />
      <TestMethod codeBase="C:\dev\command-line-api\src\System.CommandLine.Tests\bin\Debug\net462\System.CommandLine.Tests.dll" adapterTypeName="executor://xunit/VsTestRunner2/net" className="System.CommandLine.Tests.Help.HelpBuilderTests" name="Usage_section_shows_arguments_if_there_are_arguments_for_command_when_there_is_more_than_one_argument" />
    </UnitTest>
    <UnitTest name="System.CommandLine.Tests.ParserTests.When_an_option_with_a_default_value_is_not_matched_then_the_option_result_is_implicit" storage="c:\dev\command-line-api\src\system.commandline.tests\bin\debug\net462\system.commandline.tests.dll" id="247fabc7-28ad-54a8-90fc-cea5559df235">
      <Execution id="9d6f6a11-8876-4017-9115-2476673b09fc" />
      <TestMethod codeBase="C:\dev\command-line-api\src\System.CommandLine.Tests\bin\Debug\net462\System.CommandLine.Tests.dll" adapterTypeName="executor://xunit/VsTestRunner2/net" className="System.CommandLine.Tests.ParserTests" name="When_an_option_with_a_default_value_is_not_matched_then_the_option_result_is_implicit" />
    </UnitTest>
    <UnitTest name="System.CommandLine.Tests.ParserTests.Subsequent_occurrences_of_tokens_matching_command_names_are_parsed_as_arguments" storage="c:\dev\command-line-api\src\system.commandline.tests\bin\debug\net462\system.commandline.tests.dll" id="c5348303-d7ac-637c-952c-dc4c4a0aeac5">
      <Execution id="ec453c83-8e8c-47df-bccc-8173b85ee94d" />
      <TestMethod codeBase="C:\dev\command-line-api\src\System.CommandLine.Tests\bin\Debug\net462\System.CommandLine.Tests.dll" adapterTypeName="executor://xunit/VsTestRunner2/net" className="System.CommandLine.Tests.ParserTests" name="Subsequent_occurrences_of_tokens_matching_command_names_are_parsed_as_arguments" />
    </UnitTest>
    <UnitTest name="System.CommandLine.Tests.Binding.TypeConversionTests.Values_can_be_correctly_converted_to_long_without_the_parser_specifying_a_custom_converter" storage="c:\dev\command-line-api\src\system.commandline.tests\bin\debug\net462\system.commandline.tests.dll" id="d6ee66d9-f108-5dce-e1c6-69f9b3a1f3ea">
      <Execution id="9a75e457-63c5-4a50-b30b-fb288c3bb6a1" />
      <TestMethod codeBase="C:\dev\command-line-api\src\System.CommandLine.Tests\bin\Debug\net462\System.CommandLine.Tests.dll" adapterTypeName="executor://xunit/VsTestRunner2/net" className="System.CommandLine.Tests.Binding.TypeConversionTests" name="Values_can_be_correctly_converted_to_long_without_the_parser_specifying_a_custom_converter" />
    </UnitTest>
    <UnitTest name="System.CommandLine.Tests.ParsingValidationTests.Arity_failures_are_not_reported_for_both_an_argument_and_its_parent_option" storage="c:\dev\command-line-api\src\system.commandline.tests\bin\debug\net462\system.commandline.tests.dll" id="9e734b36-763d-9f19-eee0-9fa8698739c0">
      <Execution id="81fbc6ea-961f-42b9-aafe-be335c75f0c2" />
      <TestMethod codeBase="C:\dev\command-line-api\src\System.CommandLine.Tests\bin\Debug\net462\System.CommandLine.Tests.dll" adapterTypeName="executor://xunit/VsTestRunner2/net" className="System.CommandLine.Tests.ParsingValidationTests" name="Arity_failures_are_not_reported_for_both_an_argument_and_its_parent_option" />
    </UnitTest>
    <UnitTest name="System.CommandLine.Tests.CompletionTests.It_can_provide_completions_within_quotes" storage="c:\dev\command-line-api\src\system.commandline.tests\bin\debug\net462\system.commandline.tests.dll" id="4ba78f5f-21cf-091d-f9e2-eb815bc7a89f">
      <Execution id="ca0e7fe8-e1ac-4282-9139-f95590c38dd5" />
      <TestMethod codeBase="C:\dev\command-line-api\src\System.CommandLine.Tests\bin\Debug\net462\System.CommandLine.Tests.dll" adapterTypeName="executor://xunit/VsTestRunner2/net" className="System.CommandLine.Tests.CompletionTests" name="It_can_provide_completions_within_quotes" />
    </UnitTest>
    <UnitTest name="System.CommandLine.Tests.Binding.TypeConversionTests.Sequence_type_defaults_to_empty_when_not_specified(sequenceType: typeof(System.Collections.Generic.ICollection&lt;string&gt;))" storage="c:\dev\command-line-api\src\system.commandline.tests\bin\debug\net462\system.commandline.tests.dll" id="c2100ce7-b261-fab5-eb43-6b3aa92b8130">
      <Execution id="94c1c8d0-f4c9-4339-a4cc-b57fe5c2daba" />
      <TestMethod codeBase="C:\dev\command-line-api\src\System.CommandLine.Tests\bin\Debug\net462\System.CommandLine.Tests.dll" adapterTypeName="executor://xunit/VsTestRunner2/net" className="System.CommandLine.Tests.Binding.TypeConversionTests" name="Sequence_type_defaults_to_empty_when_not_specified" />
    </UnitTest>
    <UnitTest name="System.CommandLine.Tests.ParserTests.Original_order_of_tokens_is_preserved_in_ParseResult_Tokens(commandLine: &quot;--one 1 --many 1 --many 2 arg1 arg2&quot;)" storage="c:\dev\command-line-api\src\system.commandline.tests\bin\debug\net462\system.commandline.tests.dll" id="85a2c9e8-85a3-0c22-daeb-75c31cea390f">
      <Execution id="7126eeae-4e9a-456d-b579-d042f3d478db" />
      <TestMethod codeBase="C:\dev\command-line-api\src\System.CommandLine.Tests\bin\Debug\net462\System.CommandLine.Tests.dll" adapterTypeName="executor://xunit/VsTestRunner2/net" className="System.CommandLine.Tests.ParserTests" name="Original_order_of_tokens_is_preserved_in_ParseResult_Tokens" />
    </UnitTest>
    <UnitTest name="System.CommandLine.Tests.Binding.TypeConversionTests.Command_argument_of_FileInfo_can_be_bound_without_custom_conversion_logic" storage="c:\dev\command-line-api\src\system.commandline.tests\bin\debug\net462\system.commandline.tests.dll" id="7ec8d1b1-a8f9-24f9-f8ea-ddb5d89b36b0">
      <Execution id="f4d26ee5-3ce1-4290-b67f-1fa000861c47" />
      <TestMethod codeBase="C:\dev\command-line-api\src\System.CommandLine.Tests\bin\Debug\net462\System.CommandLine.Tests.dll" adapterTypeName="executor://xunit/VsTestRunner2/net" className="System.CommandLine.Tests.Binding.TypeConversionTests" name="Command_argument_of_FileInfo_can_be_bound_without_custom_conversion_logic" />
    </UnitTest>
    <UnitTest name="System.CommandLine.Tests.ParsingValidationTests+FileExistence.Command_argument_does_not_return_errors_when_file_exists" storage="c:\dev\command-line-api\src\system.commandline.tests\bin\debug\net462\system.commandline.tests.dll" id="b227262e-c600-8644-1c38-986583219d19">
      <Execution id="ea5c955f-96a8-4b2f-b7d8-5a083e221f12" />
      <TestMethod codeBase="C:\dev\command-line-api\src\System.CommandLine.Tests\bin\Debug\net462\System.CommandLine.Tests.dll" adapterTypeName="executor://xunit/VsTestRunner2/net" className="System.CommandLine.Tests.ParsingValidationTests+FileExistence" name="Command_argument_does_not_return_errors_when_file_exists" />
    </UnitTest>
    <UnitTest name="System.CommandLine.Tests.ParserTests.When_an_option_argument_is_enclosed_in_double_quotes_its_value_retains_the_quotes(arg1: &quot;-x&quot;, arg2: &quot;\&quot;hello\&quot;&quot;)" storage="c:\dev\command-line-api\src\system.commandline.tests\bin\debug\net462\system.commandline.tests.dll" id="b1955191-54c2-f397-667f-80ff12ef6a09">
      <Execution id="38130a54-d959-4055-802f-f891b32109cf" />
      <TestMethod codeBase="C:\dev\command-line-api\src\System.CommandLine.Tests\bin\Debug\net462\System.CommandLine.Tests.dll" adapterTypeName="executor://xunit/VsTestRunner2/net" className="System.CommandLine.Tests.ParserTests" name="When_an_option_argument_is_enclosed_in_double_quotes_its_value_retains_the_quotes" />
    </UnitTest>
    <UnitTest name="System.CommandLine.Tests.Binding.TypeConversionTests.Max_arity_greater_than_1_converts_to_enumerable_types(minArity: 1, maxArity: 3, argumentType: typeof(System.Collections.Generic.List&lt;string&gt;))" storage="c:\dev\command-line-api\src\system.commandline.tests\bin\debug\net462\system.commandline.tests.dll" id="c4c2724f-c6dd-3f4e-3737-c5288577a6b7">
      <Execution id="66f188a9-9a52-4e9d-b467-7b26c502a94a" />
      <TestMethod codeBase="C:\dev\command-line-api\src\System.CommandLine.Tests\bin\Debug\net462\System.CommandLine.Tests.dll" adapterTypeName="executor://xunit/VsTestRunner2/net" className="System.CommandLine.Tests.Binding.TypeConversionTests" name="Max_arity_greater_than_1_converts_to_enumerable_types" />
    </UnitTest>
    <UnitTest name="System.CommandLine.Tests.ParserTests.Parsed_value_of_empty_string_arg_is_an_empty_string(arg1: &quot;--exec-prefix=&quot;, arg2: &quot;&quot;)" storage="c:\dev\command-line-api\src\system.commandline.tests\bin\debug\net462\system.commandline.tests.dll" id="68495141-bc51-fe79-33e1-9f43e238ce6d">
      <Execution id="bfb98b67-4ea0-45b5-8433-d3f7121d7b36" />
      <TestMethod codeBase="C:\dev\command-line-api\src\System.CommandLine.Tests\bin\Debug\net462\System.CommandLine.Tests.dll" adapterTypeName="executor://xunit/VsTestRunner2/net" className="System.CommandLine.Tests.ParserTests" name="Parsed_value_of_empty_string_arg_is_an_empty_string" />
    </UnitTest>
    <UnitTest name="System.CommandLine.Tests.OptionTests+MultipleArgumentsPerToken+Allowed.When_max_arity_is_1_then_subsequent_option_args_overwrite_previous_ones(commandLine: &quot;--option 1 --option 2 xyz&quot;)" storage="c:\dev\command-line-api\src\system.commandline.tests\bin\debug\net462\system.commandline.tests.dll" id="84f033e6-01ca-1916-500b-01e23498fdfd">
      <Execution id="81ed806a-dfd8-4ada-a097-015c5c452076" />
      <TestMethod codeBase="C:\dev\command-line-api\src\System.CommandLine.Tests\bin\Debug\net462\System.CommandLine.Tests.dll" adapterTypeName="executor://xunit/VsTestRunner2/net" className="System.CommandLine.Tests.OptionTests+MultipleArgumentsPerToken+Allowed" name="When_max_arity_is_1_then_subsequent_option_args_overwrite_previous_ones" />
    </UnitTest>
    <UnitTest name="System.CommandLine.Tests.Help.HelpBuilderTests.Options_section_retains_multiple_dashes_on_single_char_option" storage="c:\dev\command-line-api\src\system.commandline.tests\bin\debug\net462\system.commandline.tests.dll" id="fac56dc6-3972-9951-6d0d-8e1142f6e09d">
      <Execution id="a0e92dd1-c62f-4d2f-9d58-70cf42273b90" />
      <TestMethod codeBase="C:\dev\command-line-api\src\System.CommandLine.Tests\bin\Debug\net462\System.CommandLine.Tests.dll" adapterTypeName="executor://xunit/VsTestRunner2/net" className="System.CommandLine.Tests.Help.HelpBuilderTests" name="Options_section_retains_multiple_dashes_on_single_char_option" />
    </UnitTest>
    <UnitTest name="System.CommandLine.Tests.Binding.TypeConversionTests.Command_Argument_defaults_arity_to_ZeroOrOne_for_nullable_types" storage="c:\dev\command-line-api\src\system.commandline.tests\bin\debug\net462\system.commandline.tests.dll" id="9bd0a71a-cdd1-7c5c-0d0a-247dcd0b2022">
      <Execution id="b6b4ec3d-fa88-416b-8e6d-991408d0b58f" />
      <TestMethod codeBase="C:\dev\command-line-api\src\System.CommandLine.Tests\bin\Debug\net462\System.CommandLine.Tests.dll" adapterTypeName="executor://xunit/VsTestRunner2/net" className="System.CommandLine.Tests.Binding.TypeConversionTests" name="Command_Argument_defaults_arity_to_ZeroOrOne_for_nullable_types" />
    </UnitTest>
    <UnitTest name="System.CommandLine.Tests.ParsingValidationTests.The_parsed_value_of_an_option_is_available_within_a_validator" storage="c:\dev\command-line-api\src\system.commandline.tests\bin\debug\net462\system.commandline.tests.dll" id="dc388e35-2516-0ae9-fd0b-dedb330be21d">
      <Execution id="03eed401-4aaa-4fc1-ba6a-be1a4c4b52fd" />
      <TestMethod codeBase="C:\dev\command-line-api\src\System.CommandLine.Tests\bin\Debug\net462\System.CommandLine.Tests.dll" adapterTypeName="executor://xunit/VsTestRunner2/net" className="System.CommandLine.Tests.ParsingValidationTests" name="The_parsed_value_of_an_option_is_available_within_a_validator" />
    </UnitTest>
    <UnitTest name="System.CommandLine.Tests.ParserTests+LegacyDoubleDashBehavior.The_portion_of_the_command_line_following_a_double_is_treated_as_unparsed_tokens" storage="c:\dev\command-line-api\src\system.commandline.tests\bin\debug\net462\system.commandline.tests.dll" id="d0751aa5-eff6-3a29-e6c2-6ed67052006f">
      <Execution id="0efec5ef-32ff-473a-902c-6ffd73b7fc6f" />
      <TestMethod codeBase="C:\dev\command-line-api\src\System.CommandLine.Tests\bin\Debug\net462\System.CommandLine.Tests.dll" adapterTypeName="executor://xunit/VsTestRunner2/net" className="System.CommandLine.Tests.ParserTests+LegacyDoubleDashBehavior" name="The_portion_of_the_command_line_following_a_double_is_treated_as_unparsed_tokens" />
    </UnitTest>
    <UnitTest name="System.CommandLine.Tests.CompletionTests.Completions_for_subcommands_provide_a_description" storage="c:\dev\command-line-api\src\system.commandline.tests\bin\debug\net462\system.commandline.tests.dll" id="b1baddae-7ba5-ce58-c7f3-29e42f367a8a">
      <Execution id="b24fe122-b5ed-4895-aaae-f9b1b4dad398" />
      <TestMethod codeBase="C:\dev\command-line-api\src\System.CommandLine.Tests\bin\Debug\net462\System.CommandLine.Tests.dll" adapterTypeName="executor://xunit/VsTestRunner2/net" className="System.CommandLine.Tests.CompletionTests" name="Completions_for_subcommands_provide_a_description" />
    </UnitTest>
    <UnitTest name="System.CommandLine.Tests.ParserTests.Parsed_value_of_empty_string_arg_is_an_empty_string(arg1: &quot;--exec-prefix&quot;, arg2: &quot;&quot;)" storage="c:\dev\command-line-api\src\system.commandline.tests\bin\debug\net462\system.commandline.tests.dll" id="942c226a-b393-4faa-bb4f-5a57941f5ba0">
      <Execution id="b8a3491c-f547-416b-9dd0-b922a7d7e299" />
      <TestMethod codeBase="C:\dev\command-line-api\src\System.CommandLine.Tests\bin\Debug\net462\System.CommandLine.Tests.dll" adapterTypeName="executor://xunit/VsTestRunner2/net" className="System.CommandLine.Tests.ParserTests" name="Parsed_value_of_empty_string_arg_is_an_empty_string" />
    </UnitTest>
    <UnitTest name="System.CommandLine.Tests.UseHelpTests.Help_default_sections_can_be_wrapped" storage="c:\dev\command-line-api\src\system.commandline.tests\bin\debug\net462\system.commandline.tests.dll" id="2131847b-a35b-18ff-3768-e0f5a03da876">
      <Execution id="14dc90de-daa3-4452-9228-766058eb7c49" />
      <TestMethod codeBase="C:\dev\command-line-api\src\System.CommandLine.Tests\bin\Debug\net462\System.CommandLine.Tests.dll" adapterTypeName="executor://xunit/VsTestRunner2/net" className="System.CommandLine.Tests.UseHelpTests" name="Help_default_sections_can_be_wrapped" />
    </UnitTest>
    <UnitTest name="System.CommandLine.Tests.Help.HelpBuilderTests+Customization.Argument_can_fallback_to_default_when_customizing(conditionA: False, conditionB: True, conditionC: True, expected: &quot;\\&lt;arg\\&gt;\\s*custom 2nd\\s*\\[default\\: custom de&quot;...)" storage="c:\dev\command-line-api\src\system.commandline.tests\bin\debug\net462\system.commandline.tests.dll" id="e32d19d2-60dd-bf72-3a41-5128a54d69e5">
      <Execution id="7b150312-dfe9-4b62-b365-ba0cd24920bf" />
      <TestMethod codeBase="C:\dev\command-line-api\src\System.CommandLine.Tests\bin\Debug\net462\System.CommandLine.Tests.dll" adapterTypeName="executor://xunit/VsTestRunner2/net" className="System.CommandLine.Tests.Help.HelpBuilderTests+Customization" name="Argument_can_fallback_to_default_when_customizing" />
    </UnitTest>
    <UnitTest name="System.CommandLine.Tests.Binding.TypeConversionTests.Values_can_be_correctly_converted_to_byte_without_the_parser_specifying_a_custom_converter" storage="c:\dev\command-line-api\src\system.commandline.tests\bin\debug\net462\system.commandline.tests.dll" id="af05e9a1-9316-366e-63f2-e29bcf1c7609">
      <Execution id="c007a35b-e2d3-4256-819c-ca0b8e84939e" />
      <TestMethod codeBase="C:\dev\command-line-api\src\System.CommandLine.Tests\bin\Debug\net462\System.CommandLine.Tests.dll" adapterTypeName="executor://xunit/VsTestRunner2/net" className="System.CommandLine.Tests.Binding.TypeConversionTests" name="Values_can_be_correctly_converted_to_byte_without_the_parser_specifying_a_custom_converter" />
    </UnitTest>
    <UnitTest name="System.CommandLine.Tests.OptionTests.Option_T_default_value_can_be_set_after_instantiation" storage="c:\dev\command-line-api\src\system.commandline.tests\bin\debug\net462\system.commandline.tests.dll" id="b972de47-3b41-9b1d-d41e-ba8e4b894afb">
      <Execution id="42b7f958-1ce1-4d0d-955b-344a35bfee13" />
      <TestMethod codeBase="C:\dev\command-line-api\src\System.CommandLine.Tests\bin\Debug\net462\System.CommandLine.Tests.dll" adapterTypeName="executor://xunit/VsTestRunner2/net" className="System.CommandLine.Tests.OptionTests" name="Option_T_default_value_can_be_set_after_instantiation" />
    </UnitTest>
    <UnitTest name="System.CommandLine.Tests.ParserTests.Command_argument_arity_can_be_a_fixed_value_greater_than_1" storage="c:\dev\command-line-api\src\system.commandline.tests\bin\debug\net462\system.commandline.tests.dll" id="ee840b74-9ad5-87eb-ca42-f1c2a23d13f4">
      <Execution id="033fcb0a-123c-4af5-9ef3-a98f46135884" />
      <TestMethod codeBase="C:\dev\command-line-api\src\System.CommandLine.Tests\bin\Debug\net462\System.CommandLine.Tests.dll" adapterTypeName="executor://xunit/VsTestRunner2/net" className="System.CommandLine.Tests.ParserTests" name="Command_argument_arity_can_be_a_fixed_value_greater_than_1" />
    </UnitTest>
    <UnitTest name="System.CommandLine.Tests.ParserTests.When_child_option_will_not_accept_arg_then_parent_can" storage="c:\dev\command-line-api\src\system.commandline.tests\bin\debug\net462\system.commandline.tests.dll" id="509dfd01-6e93-b3a4-9e88-adeef3bbd373">
      <Execution id="88b0c589-b875-4145-9542-bc788207f5be" />
      <TestMethod codeBase="C:\dev\command-line-api\src\System.CommandLine.Tests\bin\Debug\net462\System.CommandLine.Tests.dll" adapterTypeName="executor://xunit/VsTestRunner2/net" className="System.CommandLine.Tests.ParserTests" name="When_child_option_will_not_accept_arg_then_parent_can" />
    </UnitTest>
    <UnitTest name="System.CommandLine.Tests.UseExceptionHandlerTests.UseExceptionHandler_output_can_be_customized" storage="c:\dev\command-line-api\src\system.commandline.tests\bin\debug\net462\system.commandline.tests.dll" id="3e29cd19-58dc-49c0-0456-664897087fbd">
      <Execution id="564dcca0-b457-48de-95fb-326a81542f24" />
      <TestMethod codeBase="C:\dev\command-line-api\src\System.CommandLine.Tests\bin\Debug\net462\System.CommandLine.Tests.dll" adapterTypeName="executor://xunit/VsTestRunner2/net" className="System.CommandLine.Tests.UseExceptionHandlerTests" name="UseExceptionHandler_output_can_be_customized" />
    </UnitTest>
    <UnitTest name="System.CommandLine.Tests.CompletionTests.When_parsing_from_array_then_argument_completions_are_based_on_the_proximate_option" storage="c:\dev\command-line-api\src\system.commandline.tests\bin\debug\net462\system.commandline.tests.dll" id="3bda99d9-d6fb-86a0-4ad9-f1e9b76c5d29">
      <Execution id="4d636e20-21ef-4285-8297-c8d751115b93" />
      <TestMethod codeBase="C:\dev\command-line-api\src\System.CommandLine.Tests\bin\Debug\net462\System.CommandLine.Tests.dll" adapterTypeName="executor://xunit/VsTestRunner2/net" className="System.CommandLine.Tests.CompletionTests" name="When_parsing_from_array_then_argument_completions_are_based_on_the_proximate_option" />
    </UnitTest>
    <UnitTest name="System.CommandLine.Tests.Binding.TypeConversionTests.Sequence_type_defaults_to_empty_when_not_specified(sequenceType: typeof(System.Collections.Generic.ICollection&lt;System.IO.FileAccess&gt;))" storage="c:\dev\command-line-api\src\system.commandline.tests\bin\debug\net462\system.commandline.tests.dll" id="8f6fa5e9-fcfd-2fc3-147c-8247ac97ff74">
      <Execution id="547be1a5-4b2c-4ee0-9478-e44f2d7c08b7" />
      <TestMethod codeBase="C:\dev\command-line-api\src\System.CommandLine.Tests\bin\Debug\net462\System.CommandLine.Tests.dll" adapterTypeName="executor://xunit/VsTestRunner2/net" className="System.CommandLine.Tests.Binding.TypeConversionTests" name="Sequence_type_defaults_to_empty_when_not_specified" />
    </UnitTest>
    <UnitTest name="System.CommandLine.Tests.Binding.TypeConversionTests.Values_can_be_correctly_converted_to_nullable_decimal_without_the_parser_specifying_a_custom_converter" storage="c:\dev\command-line-api\src\system.commandline.tests\bin\debug\net462\system.commandline.tests.dll" id="50974a82-736f-8ed8-0499-235801288c51">
      <Execution id="d4a80e01-40f4-43e8-ade0-0007011f7960" />
      <TestMethod codeBase="C:\dev\command-line-api\src\System.CommandLine.Tests\bin\Debug\net462\System.CommandLine.Tests.dll" adapterTypeName="executor://xunit/VsTestRunner2/net" className="System.CommandLine.Tests.Binding.TypeConversionTests" name="Values_can_be_correctly_converted_to_nullable_decimal_without_the_parser_specifying_a_custom_converter" />
    </UnitTest>
    <UnitTest name="System.CommandLine.Tests.SuggestDirectiveTests.It_writes_suggestions_for_option_arguments_when_under_subcommand" storage="c:\dev\command-line-api\src\system.commandline.tests\bin\debug\net462\system.commandline.tests.dll" id="f909d17f-a048-efe3-acd7-e654dec11d8b">
      <Execution id="79fe79c9-7e71-4772-abdd-b0426a31c829" />
      <TestMethod codeBase="C:\dev\command-line-api\src\System.CommandLine.Tests\bin\Debug\net462\System.CommandLine.Tests.dll" adapterTypeName="executor://xunit/VsTestRunner2/net" className="System.CommandLine.Tests.SuggestDirectiveTests" name="It_writes_suggestions_for_option_arguments_when_under_subcommand" />
    </UnitTest>
    <UnitTest name="System.CommandLine.Tests.Binding.TypeConversionTests.Sequence_type_defaults_to_empty_when_not_specified(sequenceType: typeof(System.Collections.Generic.List&lt;System.IO.FileAccess&gt;))" storage="c:\dev\command-line-api\src\system.commandline.tests\bin\debug\net462\system.commandline.tests.dll" id="b381f760-a7a3-4a53-c296-fce9c7d01e87">
      <Execution id="0f53e668-2d8b-44ed-a8a7-ec9559eb8e9f" />
      <TestMethod codeBase="C:\dev\command-line-api\src\System.CommandLine.Tests\bin\Debug\net462\System.CommandLine.Tests.dll" adapterTypeName="executor://xunit/VsTestRunner2/net" className="System.CommandLine.Tests.Binding.TypeConversionTests" name="Sequence_type_defaults_to_empty_when_not_specified" />
    </UnitTest>
    <UnitTest name="System.CommandLine.Tests.Binding.SetHandlerTests.Binding_is_correct_for_Action_overload_having_arity_(arity: 2)" storage="c:\dev\command-line-api\src\system.commandline.tests\bin\debug\net462\system.commandline.tests.dll" id="ed8df1d3-1a03-7315-b855-c9ce25581fe8">
      <Execution id="cc713d83-e805-4d9e-8102-0eefbb63ea99" />
      <TestMethod codeBase="C:\dev\command-line-api\src\System.CommandLine.Tests\bin\Debug\net462\System.CommandLine.Tests.dll" adapterTypeName="executor://xunit/VsTestRunner2/net" className="System.CommandLine.Tests.Binding.SetHandlerTests" name="Binding_is_correct_for_Action_overload_having_arity_" />
    </UnitTest>
    <UnitTest name="System.CommandLine.Tests.SuggestDirectiveTests.It_writes_suggestions_for_subcommand_aliases_under_root_command" storage="c:\dev\command-line-api\src\system.commandline.tests\bin\debug\net462\system.commandline.tests.dll" id="af033f6f-ff17-5da5-ace1-14655933f6e7">
      <Execution id="b57fa206-65d1-4bf0-ae2d-ffb91b7cdba6" />
      <TestMethod codeBase="C:\dev\command-line-api\src\System.CommandLine.Tests\bin\Debug\net462\System.CommandLine.Tests.dll" adapterTypeName="executor://xunit/VsTestRunner2/net" className="System.CommandLine.Tests.SuggestDirectiveTests" name="It_writes_suggestions_for_subcommand_aliases_under_root_command" />
    </UnitTest>
    <UnitTest name="System.CommandLine.Tests.ParserTests.When_options_with_the_same_name_are_defined_on_parent_and_child_commands_and_specified_at_the_end_then_it_attaches_to_the_inner_command" storage="c:\dev\command-line-api\src\system.commandline.tests\bin\debug\net462\system.commandline.tests.dll" id="22906423-4b91-33e7-a21a-797b8dcac751">
      <Execution id="a03929ba-3aa0-41eb-87fa-75bd1fd80bdc" />
      <TestMethod codeBase="C:\dev\command-line-api\src\System.CommandLine.Tests\bin\Debug\net462\System.CommandLine.Tests.dll" adapterTypeName="executor://xunit/VsTestRunner2/net" className="System.CommandLine.Tests.ParserTests" name="When_options_with_the_same_name_are_defined_on_parent_and_child_commands_and_specified_at_the_end_then_it_attaches_to_the_inner_command" />
    </UnitTest>
    <UnitTest name="System.CommandLine.Tests.CommandLineConfigurationTests.ThrowIfInvalid_throws_if_there_are_duplicate_sibling_subcommand_aliases_on_a_subcommand" storage="c:\dev\command-line-api\src\system.commandline.tests\bin\debug\net462\system.commandline.tests.dll" id="5275e8b3-3b5a-9ebe-fb21-2c5560049f22">
      <Execution id="85913030-9c44-4c0c-ae83-bcd638fd3829" />
      <TestMethod codeBase="C:\dev\command-line-api\src\System.CommandLine.Tests\bin\Debug\net462\System.CommandLine.Tests.dll" adapterTypeName="executor://xunit/VsTestRunner2/net" className="System.CommandLine.Tests.CommandLineConfigurationTests" name="ThrowIfInvalid_throws_if_there_are_duplicate_sibling_subcommand_aliases_on_a_subcommand" />
    </UnitTest>
    <UnitTest name="System.CommandLine.Tests.DirectiveTests.Raw_tokens_still_hold_directives" storage="c:\dev\command-line-api\src\system.commandline.tests\bin\debug\net462\system.commandline.tests.dll" id="5c074d24-8b7e-cfca-523f-981c9fb6d139">
      <Execution id="5c260604-6fa8-401f-90c3-9fb3d1dbc520" />
      <TestMethod codeBase="C:\dev\command-line-api\src\System.CommandLine.Tests\bin\Debug\net462\System.CommandLine.Tests.dll" adapterTypeName="executor://xunit/VsTestRunner2/net" className="System.CommandLine.Tests.DirectiveTests" name="Raw_tokens_still_hold_directives" />
    </UnitTest>
    <UnitTest name="System.CommandLine.Tests.ArgumentTests+CustomParsing.Validation_failure_message_can_be_specified_when_parsing_tokens" storage="c:\dev\command-line-api\src\system.commandline.tests\bin\debug\net462\system.commandline.tests.dll" id="6f8de926-fbce-634d-cd5f-ea5cc1f06a7b">
      <Execution id="062bcbb4-3423-4ca7-b9e7-e0b38c96e705" />
      <TestMethod codeBase="C:\dev\command-line-api\src\System.CommandLine.Tests\bin\Debug\net462\System.CommandLine.Tests.dll" adapterTypeName="executor://xunit/VsTestRunner2/net" className="System.CommandLine.Tests.ArgumentTests+CustomParsing" name="Validation_failure_message_can_be_specified_when_parsing_tokens" />
    </UnitTest>
    <UnitTest name="System.CommandLine.Tests.Binding.TypeConversionTests.When_command_argument_has_arity_greater_than_one_it_captures_arguments_before_and_after_option(commandLine: &quot;c -a o c c&quot;)" storage="c:\dev\command-line-api\src\system.commandline.tests\bin\debug\net462\system.commandline.tests.dll" id="19f2dcba-ced2-cbb0-dddb-b6930ff2013a">
      <Execution id="cec3014a-4fae-4f69-a551-df38a2574c5c" />
      <TestMethod codeBase="C:\dev\command-line-api\src\System.CommandLine.Tests\bin\Debug\net462\System.CommandLine.Tests.dll" adapterTypeName="executor://xunit/VsTestRunner2/net" className="System.CommandLine.Tests.Binding.TypeConversionTests" name="When_command_argument_has_arity_greater_than_one_it_captures_arguments_before_and_after_option" />
    </UnitTest>
    <UnitTest name="System.CommandLine.Tests.Binding.TypeConversionTests.A_default_value_with_a_custom_constructor_can_be_specified_for_a_command_argument" storage="c:\dev\command-line-api\src\system.commandline.tests\bin\debug\net462\system.commandline.tests.dll" id="a45d3345-db16-d1db-1cb1-ef12cfbc94ca">
      <Execution id="133b8f15-b77a-43ab-a36c-e36a022f2ee3" />
      <TestMethod codeBase="C:\dev\command-line-api\src\System.CommandLine.Tests\bin\Debug\net462\System.CommandLine.Tests.dll" adapterTypeName="executor://xunit/VsTestRunner2/net" className="System.CommandLine.Tests.Binding.TypeConversionTests" name="A_default_value_with_a_custom_constructor_can_be_specified_for_a_command_argument" />
    </UnitTest>
    <UnitTest name="System.CommandLine.Tests.Parsing.CommandLineStringSplitterTests.It_does_not_split_double_quote_delimited_values_when_a_non_whitespace_argument_delimiter_is_used(prefix: &quot;--&quot;, delimiter: ':')" storage="c:\dev\command-line-api\src\system.commandline.tests\bin\debug\net462\system.commandline.tests.dll" id="5573afc7-b6c8-0af1-e009-51c0708fbad4">
      <Execution id="a981b64b-33d6-4b02-b06d-21d3ced48700" />
      <TestMethod codeBase="C:\dev\command-line-api\src\System.CommandLine.Tests\bin\Debug\net462\System.CommandLine.Tests.dll" adapterTypeName="executor://xunit/VsTestRunner2/net" className="System.CommandLine.Tests.Parsing.CommandLineStringSplitterTests" name="It_does_not_split_double_quote_delimited_values_when_a_non_whitespace_argument_delimiter_is_used" />
    </UnitTest>
    <UnitTest name="System.CommandLine.Tests.Binding.TypeConversionTests.An_option_with_a_default_value_of_null_parses_as_null_when_the_option_has_not_been_applied" storage="c:\dev\command-line-api\src\system.commandline.tests\bin\debug\net462\system.commandline.tests.dll" id="bbec3d44-c0c6-9afa-a732-465c3f3642fa">
      <Execution id="b136eaea-6086-47d8-9c87-ab6987770e8d" />
      <TestMethod codeBase="C:\dev\command-line-api\src\System.CommandLine.Tests\bin\Debug\net462\System.CommandLine.Tests.dll" adapterTypeName="executor://xunit/VsTestRunner2/net" className="System.CommandLine.Tests.Binding.TypeConversionTests" name="An_option_with_a_default_value_of_null_parses_as_null_when_the_option_has_not_been_applied" />
    </UnitTest>
    <UnitTest name="System.CommandLine.Tests.ParsingValidationTests.When_a_required_option_is_not_supplied_then_an_error_is_returned" storage="c:\dev\command-line-api\src\system.commandline.tests\bin\debug\net462\system.commandline.tests.dll" id="d69dd957-40aa-a732-6840-480f1f1305c3">
      <Execution id="abc881fe-9f4c-4e99-a2e4-e169e7c25e13" />
      <TestMethod codeBase="C:\dev\command-line-api\src\System.CommandLine.Tests\bin\Debug\net462\System.CommandLine.Tests.dll" adapterTypeName="executor://xunit/VsTestRunner2/net" className="System.CommandLine.Tests.ParsingValidationTests" name="When_a_required_option_is_not_supplied_then_an_error_is_returned" />
    </UnitTest>
    <UnitTest name="System.CommandLine.Tests.Help.HelpBuilderTests.Command_arguments_default_value_provided" storage="c:\dev\command-line-api\src\system.commandline.tests\bin\debug\net462\system.commandline.tests.dll" id="71cb47c1-b665-18c8-4907-56702d586c39">
      <Execution id="1a880897-c356-4a7d-a0af-9994f0f13031" />
      <TestMethod codeBase="C:\dev\command-line-api\src\System.CommandLine.Tests\bin\Debug\net462\System.CommandLine.Tests.dll" adapterTypeName="executor://xunit/VsTestRunner2/net" className="System.CommandLine.Tests.Help.HelpBuilderTests" name="Command_arguments_default_value_provided" />
    </UnitTest>
    <UnitTest name="System.CommandLine.Tests.Help.HelpBuilderTests.Arguments_section_is_not_included_if_there_are_no_commands_configured" storage="c:\dev\command-line-api\src\system.commandline.tests\bin\debug\net462\system.commandline.tests.dll" id="81e9fa06-b40b-0ce1-8410-bd6fc6a128a2">
      <Execution id="28b565fe-d55f-44ae-b517-064a8becb8bf" />
      <TestMethod codeBase="C:\dev\command-line-api\src\System.CommandLine.Tests\bin\Debug\net462\System.CommandLine.Tests.dll" adapterTypeName="executor://xunit/VsTestRunner2/net" className="System.CommandLine.Tests.Help.HelpBuilderTests" name="Arguments_section_is_not_included_if_there_are_no_commands_configured" />
    </UnitTest>
    <UnitTest name="System.CommandLine.Tests.ArgumentTests+CustomParsing.Parse_delegate_is_called_when_Option_Arity_allows_zero_tokens(commandLine: &quot;--bananas argument-is-specified&quot;, expectedValue: &quot;argument-is-specified&quot;)" storage="c:\dev\command-line-api\src\system.commandline.tests\bin\debug\net462\system.commandline.tests.dll" id="065bd49c-bca8-50e5-e9aa-0a8b80dafd43">
      <Execution id="cd3d93f4-6adb-4db8-84b6-0611a0765973" />
      <TestMethod codeBase="C:\dev\command-line-api\src\System.CommandLine.Tests\bin\Debug\net462\System.CommandLine.Tests.dll" adapterTypeName="executor://xunit/VsTestRunner2/net" className="System.CommandLine.Tests.ArgumentTests+CustomParsing" name="Parse_delegate_is_called_when_Option_Arity_allows_zero_tokens" />
    </UnitTest>
    <UnitTest name="System.CommandLine.Tests.ParserTests+MultiplePositions.An_option_can_be_specified_in_more_than_one_position(commandLine: &quot;outer inner --the-option xyz&quot;)" storage="c:\dev\command-line-api\src\system.commandline.tests\bin\debug\net462\system.commandline.tests.dll" id="07e8723f-4c3f-2d30-d395-5e5ee533be5a">
      <Execution id="373aab37-2210-4ffa-bc8e-17d4a8b7e237" />
      <TestMethod codeBase="C:\dev\command-line-api\src\System.CommandLine.Tests\bin\Debug\net462\System.CommandLine.Tests.dll" adapterTypeName="executor://xunit/VsTestRunner2/net" className="System.CommandLine.Tests.ParserTests+MultiplePositions" name="An_option_can_be_specified_in_more_than_one_position" />
    </UnitTest>
    <UnitTest name="System.CommandLine.Tests.Invocation.InvocationPipelineTests.When_middleware_throws_then_InvokeAsync_does_not_handle_the_exception" storage="c:\dev\command-line-api\src\system.commandline.tests\bin\debug\net462\system.commandline.tests.dll" id="a7b2e422-debe-bc19-73b0-f606e978b0e8">
      <Execution id="7fafb4f1-22d0-4394-9797-0b8ffd6478ce" />
      <TestMethod codeBase="C:\dev\command-line-api\src\System.CommandLine.Tests\bin\Debug\net462\System.CommandLine.Tests.dll" adapterTypeName="executor://xunit/VsTestRunner2/net" className="System.CommandLine.Tests.Invocation.InvocationPipelineTests" name="When_middleware_throws_then_InvokeAsync_does_not_handle_the_exception" />
    </UnitTest>
    <UnitTest name="System.CommandLine.Tests.Invocation.InvocationExtensionsTests.RootCommand_InvokeAsync_can_set_custom_result_code" storage="c:\dev\command-line-api\src\system.commandline.tests\bin\debug\net462\system.commandline.tests.dll" id="e9c18483-6cdc-b6c1-4f85-5f483b09d019">
      <Execution id="54c52925-6a41-4bf0-9943-77cc36dedff4" />
      <TestMethod codeBase="C:\dev\command-line-api\src\System.CommandLine.Tests\bin\Debug\net462\System.CommandLine.Tests.dll" adapterTypeName="executor://xunit/VsTestRunner2/net" className="System.CommandLine.Tests.Invocation.InvocationExtensionsTests" name="RootCommand_InvokeAsync_can_set_custom_result_code" />
    </UnitTest>
    <UnitTest name="System.CommandLine.Tests.Binding.SetHandlerTests.Custom_types_can_be_bound" storage="c:\dev\command-line-api\src\system.commandline.tests\bin\debug\net462\system.commandline.tests.dll" id="62e01a0e-a51c-6cd1-b6fe-fe6eebe2a7bc">
      <Execution id="07206cb0-7eca-48c0-9a5d-78c95481976e" />
      <TestMethod codeBase="C:\dev\command-line-api\src\System.CommandLine.Tests\bin\Debug\net462\System.CommandLine.Tests.dll" adapterTypeName="executor://xunit/VsTestRunner2/net" className="System.CommandLine.Tests.Binding.SetHandlerTests" name="Custom_types_can_be_bound" />
    </UnitTest>
    <UnitTest name="System.CommandLine.Tests.CommandTests.RootCommand_can_have_aliases" storage="c:\dev\command-line-api\src\system.commandline.tests\bin\debug\net462\system.commandline.tests.dll" id="e9e0bbc4-2ef1-8803-fc4f-50b40918db67">
      <Execution id="7baa474b-561e-4123-9de1-e0e552894078" />
      <TestMethod codeBase="C:\dev\command-line-api\src\System.CommandLine.Tests\bin\Debug\net462\System.CommandLine.Tests.dll" adapterTypeName="executor://xunit/VsTestRunner2/net" className="System.CommandLine.Tests.CommandTests" name="RootCommand_can_have_aliases" />
    </UnitTest>
    <UnitTest name="System.CommandLine.Tests.ParserTests.Option_arguments_can_match_the_aliases_of_sibling_options_when_non_space_argument_delimiter_is_used(input: &quot;-x:-y&quot;)" storage="c:\dev\command-line-api\src\system.commandline.tests\bin\debug\net462\system.commandline.tests.dll" id="bbeb922d-e552-b66e-31b2-9acf279434c0">
      <Execution id="844c872c-c90c-4d8b-87fe-a576eefa11d7" />
      <TestMethod codeBase="C:\dev\command-line-api\src\System.CommandLine.Tests\bin\Debug\net462\System.CommandLine.Tests.dll" adapterTypeName="executor://xunit/VsTestRunner2/net" className="System.CommandLine.Tests.ParserTests" name="Option_arguments_can_match_the_aliases_of_sibling_options_when_non_space_argument_delimiter_is_used" />
    </UnitTest>
    <UnitTest name="System.CommandLine.Tests.Binding.TypeConversionTests.Enum_values_can_be_correctly_converted_based_on_enum_value_name_without_the_parser_specifying_a_custom_converter" storage="c:\dev\command-line-api\src\system.commandline.tests\bin\debug\net462\system.commandline.tests.dll" id="99684b5e-7811-ecfc-41cf-dad188e4e3df">
      <Execution id="16deb372-e98b-4379-be55-43baec95022a" />
      <TestMethod codeBase="C:\dev\command-line-api\src\System.CommandLine.Tests\bin\Debug\net462\System.CommandLine.Tests.dll" adapterTypeName="executor://xunit/VsTestRunner2/net" className="System.CommandLine.Tests.Binding.TypeConversionTests" name="Enum_values_can_be_correctly_converted_based_on_enum_value_name_without_the_parser_specifying_a_custom_converter" />
    </UnitTest>
    <UnitTest name="System.CommandLine.Tests.CompletionContextTests.When_position_is_specified_in_string_command_line_then_it_returns_argument_at_cursor_position(commandLine: &quot; the-command  on$e --two &quot;, expected: &quot;one&quot;)" storage="c:\dev\command-line-api\src\system.commandline.tests\bin\debug\net462\system.commandline.tests.dll" id="69dae6ed-c9d8-45c0-f1a2-52a9977fa389">
      <Execution id="b462fd4c-53a6-483f-8501-3f8f84c593bf" />
      <TestMethod codeBase="C:\dev\command-line-api\src\System.CommandLine.Tests\bin\Debug\net462\System.CommandLine.Tests.dll" adapterTypeName="executor://xunit/VsTestRunner2/net" className="System.CommandLine.Tests.CompletionContextTests" name="When_position_is_specified_in_string_command_line_then_it_returns_argument_at_cursor_position" />
    </UnitTest>
    <UnitTest name="System.CommandLine.Tests.Invocation.InvocationPipelineTests.When_middleware_throws_then_Invoke_does_not_handle_the_exception" storage="c:\dev\command-line-api\src\system.commandline.tests\bin\debug\net462\system.commandline.tests.dll" id="c81b6f09-3844-b1f8-ba20-98df57001e8a">
      <Execution id="460c8357-b1e5-401e-afb7-c96fb4bbd9a0" />
      <TestMethod codeBase="C:\dev\command-line-api\src\System.CommandLine.Tests\bin\Debug\net462\System.CommandLine.Tests.dll" adapterTypeName="executor://xunit/VsTestRunner2/net" className="System.CommandLine.Tests.Invocation.InvocationPipelineTests" name="When_middleware_throws_then_Invoke_does_not_handle_the_exception" />
    </UnitTest>
    <UnitTest name="System.CommandLine.Tests.ArgumentTests+CustomParsing.GetDefaultValue_returns_null_when_parse_delegate_returns_true_and_sets_value_to_null" storage="c:\dev\command-line-api\src\system.commandline.tests\bin\debug\net462\system.commandline.tests.dll" id="42ec4ac1-983e-edd6-1b56-da49e8471221">
      <Execution id="ac0e573f-2735-49d1-a2a3-582dd8c1ca54" />
      <TestMethod codeBase="C:\dev\command-line-api\src\System.CommandLine.Tests\bin\Debug\net462\System.CommandLine.Tests.dll" adapterTypeName="executor://xunit/VsTestRunner2/net" className="System.CommandLine.Tests.ArgumentTests+CustomParsing" name="GetDefaultValue_returns_null_when_parse_delegate_returns_true_and_sets_value_to_null" />
    </UnitTest>
    <UnitTest name="System.CommandLine.Tests.Binding.TypeConversionTests.Max_arity_greater_than_1_converts_to_enumerable_types(minArity: 1, maxArity: 3, argumentType: typeof(System.Collections.Generic.ICollection&lt;string&gt;))" storage="c:\dev\command-line-api\src\system.commandline.tests\bin\debug\net462\system.commandline.tests.dll" id="4cbd1a75-0bec-1467-d2c5-988a52ec2144">
      <Execution id="52eaebbe-f697-46d7-b48f-8af4e2367466" />
      <TestMethod codeBase="C:\dev\command-line-api\src\System.CommandLine.Tests\bin\Debug\net462\System.CommandLine.Tests.dll" adapterTypeName="executor://xunit/VsTestRunner2/net" className="System.CommandLine.Tests.Binding.TypeConversionTests" name="Max_arity_greater_than_1_converts_to_enumerable_types" />
    </UnitTest>
    <UnitTest name="System.CommandLine.Tests.ParserTests.Absolute_Windows_style_paths_are_lexed_correctly" storage="c:\dev\command-line-api\src\system.commandline.tests\bin\debug\net462\system.commandline.tests.dll" id="d068e6c3-cbce-df05-2e4e-0284a7e5cc57">
      <Execution id="6798050f-0df4-459b-b571-86a34411d93c" />
      <TestMethod codeBase="C:\dev\command-line-api\src\System.CommandLine.Tests\bin\Debug\net462\System.CommandLine.Tests.dll" adapterTypeName="executor://xunit/VsTestRunner2/net" className="System.CommandLine.Tests.ParserTests" name="Absolute_Windows_style_paths_are_lexed_correctly" />
    </UnitTest>
    <UnitTest name="System.CommandLine.Tests.UseHelpTests.UseHelp_can_be_called_more_than_once_on_the_same_CommandLineBuilder(commandline: &quot;inner -h&quot;)" storage="c:\dev\command-line-api\src\system.commandline.tests\bin\debug\net462\system.commandline.tests.dll" id="4ea0f0f9-1d32-54e7-dde4-8492b29bcda4">
      <Execution id="27d45f09-faf4-4b6f-965e-bd63272de740" />
      <TestMethod codeBase="C:\dev\command-line-api\src\System.CommandLine.Tests\bin\Debug\net462\System.CommandLine.Tests.dll" adapterTypeName="executor://xunit/VsTestRunner2/net" className="System.CommandLine.Tests.UseHelpTests" name="UseHelp_can_be_called_more_than_once_on_the_same_CommandLineBuilder" />
    </UnitTest>
    <UnitTest name="System.CommandLine.Tests.Binding.TypeConversionTests.Option_does_not_parse_as_the_default_value_when_the_option_has_been_applied" storage="c:\dev\command-line-api\src\system.commandline.tests\bin\debug\net462\system.commandline.tests.dll" id="fcd7051e-4142-332e-5649-a83685501ecb">
      <Execution id="d62b61d2-2231-4a99-8ee8-1c36b64a16be" />
      <TestMethod codeBase="C:\dev\command-line-api\src\System.CommandLine.Tests\bin\Debug\net462\System.CommandLine.Tests.dll" adapterTypeName="executor://xunit/VsTestRunner2/net" className="System.CommandLine.Tests.Binding.TypeConversionTests" name="Option_does_not_parse_as_the_default_value_when_the_option_has_been_applied" />
    </UnitTest>
    <UnitTest name="System.CommandLine.Tests.ParserTests.Option_short_forms_can_be_bundled" storage="c:\dev\command-line-api\src\system.commandline.tests\bin\debug\net462\system.commandline.tests.dll" id="228c5d98-4266-0716-6255-b57e77961c4b">
      <Execution id="ac994adf-4e1d-490f-836a-d691532de45d" />
      <TestMethod codeBase="C:\dev\command-line-api\src\System.CommandLine.Tests\bin\Debug\net462\System.CommandLine.Tests.dll" adapterTypeName="executor://xunit/VsTestRunner2/net" className="System.CommandLine.Tests.ParserTests" name="Option_short_forms_can_be_bundled" />
    </UnitTest>
    <UnitTest name="System.CommandLine.Tests.Help.HelpBuilderTests.Subcommand_help_does_not_contain_hidden_argument" storage="c:\dev\command-line-api\src\system.commandline.tests\bin\debug\net462\system.commandline.tests.dll" id="10d0450f-fa39-4063-6933-7e8cb6006019">
      <Execution id="31069a39-f6cd-467a-bf49-9f0498da855e" />
      <TestMethod codeBase="C:\dev\command-line-api\src\System.CommandLine.Tests\bin\Debug\net462\System.CommandLine.Tests.dll" adapterTypeName="executor://xunit/VsTestRunner2/net" className="System.CommandLine.Tests.Help.HelpBuilderTests" name="Subcommand_help_does_not_contain_hidden_argument" />
    </UnitTest>
    <UnitTest name="System.CommandLine.Tests.Help.HelpBuilderTests.Arguments_section_is_not_included_if_there_are_commands_but_no_arguments_configured" storage="c:\dev\command-line-api\src\system.commandline.tests\bin\debug\net462\system.commandline.tests.dll" id="ae9a65a2-8265-e928-9ed6-9db5ce5eed3a">
      <Execution id="163d8f93-a418-42e2-abb4-6f07cbf6daf5" />
      <TestMethod codeBase="C:\dev\command-line-api\src\System.CommandLine.Tests\bin\Debug\net462\System.CommandLine.Tests.dll" adapterTypeName="executor://xunit/VsTestRunner2/net" className="System.CommandLine.Tests.Help.HelpBuilderTests" name="Arguments_section_is_not_included_if_there_are_commands_but_no_arguments_configured" />
    </UnitTest>
    <UnitTest name="System.CommandLine.Tests.ParserTests+MultiplePositions.When_an_argument_is_shared_between_an_outer_and_inner_command_then_specifying_in_one_does_not_result_in_error_on_other(commandLine: &quot;outer xyz inner&quot;)" storage="c:\dev\command-line-api\src\system.commandline.tests\bin\debug\net462\system.commandline.tests.dll" id="262d0b6a-738a-e25d-0cb3-a3fd69595a26">
      <Execution id="6278b4dd-f02a-484c-909e-e0360a7b5126" />
      <TestMethod codeBase="C:\dev\command-line-api\src\System.CommandLine.Tests\bin\Debug\net462\System.CommandLine.Tests.dll" adapterTypeName="executor://xunit/VsTestRunner2/net" className="System.CommandLine.Tests.ParserTests+MultiplePositions" name="When_an_argument_is_shared_between_an_outer_and_inner_command_then_specifying_in_one_does_not_result_in_error_on_other" />
    </UnitTest>
    <UnitTest name="System.CommandLine.Tests.ParserTests+MultiplePositions.An_option_can_be_specified_in_more_than_one_position(commandLine: &quot;outer --the-option xyz&quot;)" storage="c:\dev\command-line-api\src\system.commandline.tests\bin\debug\net462\system.commandline.tests.dll" id="c617e23d-1495-b4c2-54ed-8f521e8eb5f4">
      <Execution id="92ead253-e53b-4a12-a97d-0e6ad809770b" />
      <TestMethod codeBase="C:\dev\command-line-api\src\System.CommandLine.Tests\bin\Debug\net462\System.CommandLine.Tests.dll" adapterTypeName="executor://xunit/VsTestRunner2/net" className="System.CommandLine.Tests.ParserTests+MultiplePositions" name="An_option_can_be_specified_in_more_than_one_position" />
    </UnitTest>
    <UnitTest name="System.CommandLine.Tests.Binding.SetHandlerTests.Binding_is_correct_for_Action_overload_having_arity_(arity: 8)" storage="c:\dev\command-line-api\src\system.commandline.tests\bin\debug\net462\system.commandline.tests.dll" id="6aa9d1b4-256b-969d-ac98-dd228b6772ee">
      <Execution id="cbcb0cf7-abda-4cf2-8b8d-6986908fdd70" />
      <TestMethod codeBase="C:\dev\command-line-api\src\System.CommandLine.Tests\bin\Debug\net462\System.CommandLine.Tests.dll" adapterTypeName="executor://xunit/VsTestRunner2/net" className="System.CommandLine.Tests.Binding.SetHandlerTests" name="Binding_is_correct_for_Action_overload_having_arity_" />
    </UnitTest>
    <UnitTest name="System.CommandLine.Tests.GlobalOptionTests.When_a_required_global_option_is_omitted_it_results_in_an_error" storage="c:\dev\command-line-api\src\system.commandline.tests\bin\debug\net462\system.commandline.tests.dll" id="f2e686c0-2d79-a015-b531-67dd438ea446">
      <Execution id="109d5791-8f5e-4731-8f1a-bcff15268bb4" />
      <TestMethod codeBase="C:\dev\command-line-api\src\System.CommandLine.Tests\bin\Debug\net462\System.CommandLine.Tests.dll" adapterTypeName="executor://xunit/VsTestRunner2/net" className="System.CommandLine.Tests.GlobalOptionTests" name="When_a_required_global_option_is_omitted_it_results_in_an_error" />
    </UnitTest>
    <UnitTest name="System.CommandLine.Tests.UseHelpTests.UseHelp_with_custom_aliases_default_aliases_replaced(helpAlias: &quot;/h&quot;)" storage="c:\dev\command-line-api\src\system.commandline.tests\bin\debug\net462\system.commandline.tests.dll" id="20764d6c-7b28-be8f-fb02-f777096dbd02">
      <Execution id="1edf4978-d18e-4541-8867-eb744cc9dbcb" />
      <TestMethod codeBase="C:\dev\command-line-api\src\System.CommandLine.Tests\bin\Debug\net462\System.CommandLine.Tests.dll" adapterTypeName="executor://xunit/VsTestRunner2/net" className="System.CommandLine.Tests.UseHelpTests" name="UseHelp_with_custom_aliases_default_aliases_replaced" />
    </UnitTest>
    <UnitTest name="System.CommandLine.Tests.ParsingValidationTests.Validators_on_global_options_are_executed_when_invoking_a_subcommand(commandLine: &quot;subcommand --file \&quot;Foo\&quot;&quot;)" storage="c:\dev\command-line-api\src\system.commandline.tests\bin\debug\net462\system.commandline.tests.dll" id="c65765b5-82e2-b3f2-26b4-62b0e50c3348">
      <Execution id="cc321375-345d-44d3-a7b4-2be0ba7f1a6e" />
      <TestMethod codeBase="C:\dev\command-line-api\src\System.CommandLine.Tests\bin\Debug\net462\System.CommandLine.Tests.dll" adapterTypeName="executor://xunit/VsTestRunner2/net" className="System.CommandLine.Tests.ParsingValidationTests" name="Validators_on_global_options_are_executed_when_invoking_a_subcommand" />
    </UnitTest>
    <UnitTest name="System.CommandLine.Tests.ResponseFileTests.When_response_file_is_specified_it_loads_options_with_arguments_from_response_file" storage="c:\dev\command-line-api\src\system.commandline.tests\bin\debug\net462\system.commandline.tests.dll" id="688c7c78-7175-0323-d631-7e6c4da8e93f">
      <Execution id="416f0830-eba3-4637-8769-c6167358572b" />
      <TestMethod codeBase="C:\dev\command-line-api\src\System.CommandLine.Tests\bin\Debug\net462\System.CommandLine.Tests.dll" adapterTypeName="executor://xunit/VsTestRunner2/net" className="System.CommandLine.Tests.ResponseFileTests" name="When_response_file_is_specified_it_loads_options_with_arguments_from_response_file" />
    </UnitTest>
    <UnitTest name="System.CommandLine.Tests.Binding.TypeConversionTests.When_getting_a_single_value_and_specifying_a_conversion_type_that_is_not_supported_then_it_throws" storage="c:\dev\command-line-api\src\system.commandline.tests\bin\debug\net462\system.commandline.tests.dll" id="1dbf939b-a139-0d4f-3c13-21f5cab51ba4">
      <Execution id="6f678ea7-4a84-4dc1-962c-177741387764" />
      <TestMethod codeBase="C:\dev\command-line-api\src\System.CommandLine.Tests\bin\Debug\net462\System.CommandLine.Tests.dll" adapterTypeName="executor://xunit/VsTestRunner2/net" className="System.CommandLine.Tests.Binding.TypeConversionTests" name="When_getting_a_single_value_and_specifying_a_conversion_type_that_is_not_supported_then_it_throws" />
    </UnitTest>
    <UnitTest name="System.CommandLine.Tests.Help.HelpBuilderTests.Command_argument_usage_indicates_enums_values(nullable: False)" storage="c:\dev\command-line-api\src\system.commandline.tests\bin\debug\net462\system.commandline.tests.dll" id="25dd2119-1cee-fdbf-0904-4e233bb0f8ca">
      <Execution id="a09b6049-edf5-4321-b002-d6a3890427de" />
      <TestMethod codeBase="C:\dev\command-line-api\src\System.CommandLine.Tests\bin\Debug\net462\System.CommandLine.Tests.dll" adapterTypeName="executor://xunit/VsTestRunner2/net" className="System.CommandLine.Tests.Help.HelpBuilderTests" name="Command_argument_usage_indicates_enums_values" />
    </UnitTest>
    <UnitTest name="System.CommandLine.Tests.Help.HelpBuilderTests+Customization.Customize_throws_when_symbol_is_null" storage="c:\dev\command-line-api\src\system.commandline.tests\bin\debug\net462\system.commandline.tests.dll" id="df24f017-93fe-679e-1e12-21134f34c5f7">
      <Execution id="a06cc428-ac32-4606-a790-58cbbdfaf45d" />
      <TestMethod codeBase="C:\dev\command-line-api\src\System.CommandLine.Tests\bin\Debug\net462\System.CommandLine.Tests.dll" adapterTypeName="executor://xunit/VsTestRunner2/net" className="System.CommandLine.Tests.Help.HelpBuilderTests+Customization" name="Customize_throws_when_symbol_is_null" />
    </UnitTest>
    <UnitTest name="System.CommandLine.Tests.CompletionTests.Command_GetCompletions_can_access_ParseResult" storage="c:\dev\command-line-api\src\system.commandline.tests\bin\debug\net462\system.commandline.tests.dll" id="824ea11d-d0e2-c3f7-aa98-05fed0d51917">
      <Execution id="0f5e7ec7-8385-49f1-83a3-693e944f9563" />
      <TestMethod codeBase="C:\dev\command-line-api\src\System.CommandLine.Tests\bin\Debug\net462\System.CommandLine.Tests.dll" adapterTypeName="executor://xunit/VsTestRunner2/net" className="System.CommandLine.Tests.CompletionTests" name="Command_GetCompletions_can_access_ParseResult" />
    </UnitTest>
    <UnitTest name="System.CommandLine.Tests.ParsingValidationTests.All_custom_validators_are_called(commandLine: &quot;argValue -o=optionValue&quot;)" storage="c:\dev\command-line-api\src\system.commandline.tests\bin\debug\net462\system.commandline.tests.dll" id="4cd7415d-d1dc-dfe4-d42c-0d3dc181d033">
      <Execution id="45ff98fd-8b5c-435b-ab2b-dd8f771a5c6b" />
      <TestMethod codeBase="C:\dev\command-line-api\src\System.CommandLine.Tests\bin\Debug\net462\System.CommandLine.Tests.dll" adapterTypeName="executor://xunit/VsTestRunner2/net" className="System.CommandLine.Tests.ParsingValidationTests" name="All_custom_validators_are_called" />
    </UnitTest>
    <UnitTest name="System.CommandLine.Tests.ParserTests.Trailing_option_delimiters_are_ignored" storage="c:\dev\command-line-api\src\system.commandline.tests\bin\debug\net462\system.commandline.tests.dll" id="5160c09f-d5b9-4b02-d58e-3bc9ac8533a6">
      <Execution id="d9f842e1-a6a8-4cbd-80c5-6595af83cd18" />
      <TestMethod codeBase="C:\dev\command-line-api\src\System.CommandLine.Tests\bin\Debug\net462\System.CommandLine.Tests.dll" adapterTypeName="executor://xunit/VsTestRunner2/net" className="System.CommandLine.Tests.ParserTests" name="Trailing_option_delimiters_are_ignored" />
    </UnitTest>
    <UnitTest name="System.CommandLine.Tests.ParsingValidationTests.When_FromAmong_is_used_for_multiple_arguments_and_invalid_input_is_provided_for_the_first_one_then_the_error_is_informative" storage="c:\dev\command-line-api\src\system.commandline.tests\bin\debug\net462\system.commandline.tests.dll" id="a50526f2-0b5b-bfa2-e280-5d7eeb2d80ac">
      <Execution id="b07fe7ef-c8d0-419f-b713-80092d56276c" />
      <TestMethod codeBase="C:\dev\command-line-api\src\System.CommandLine.Tests\bin\Debug\net462\System.CommandLine.Tests.dll" adapterTypeName="executor://xunit/VsTestRunner2/net" className="System.CommandLine.Tests.ParsingValidationTests" name="When_FromAmong_is_used_for_multiple_arguments_and_invalid_input_is_provided_for_the_first_one_then_the_error_is_informative" />
    </UnitTest>
    <UnitTest name="System.CommandLine.Tests.UseHelpTests.Help_sections_can_be_supplemented" storage="c:\dev\command-line-api\src\system.commandline.tests\bin\debug\net462\system.commandline.tests.dll" id="bab55f50-cf76-acb2-247d-8822b28defba">
      <Execution id="1ea6f16a-6000-4a58-a49e-e76d3c3ab485" />
      <TestMethod codeBase="C:\dev\command-line-api\src\System.CommandLine.Tests\bin\Debug\net462\System.CommandLine.Tests.dll" adapterTypeName="executor://xunit/VsTestRunner2/net" className="System.CommandLine.Tests.UseHelpTests" name="Help_sections_can_be_supplemented" />
    </UnitTest>
    <UnitTest name="System.CommandLine.Tests.Binding.TypeConversionTests.Sequence_type_defaults_to_empty_when_not_specified(sequenceType: typeof(string[]))" storage="c:\dev\command-line-api\src\system.commandline.tests\bin\debug\net462\system.commandline.tests.dll" id="b4a6de44-2c77-c4dc-85b9-3fc4638f76e7">
      <Execution id="46175e2e-b1e0-4090-8638-c40f4e0811b4" />
      <TestMethod codeBase="C:\dev\command-line-api\src\System.CommandLine.Tests\bin\Debug\net462\System.CommandLine.Tests.dll" adapterTypeName="executor://xunit/VsTestRunner2/net" className="System.CommandLine.Tests.Binding.TypeConversionTests" name="Sequence_type_defaults_to_empty_when_not_specified" />
    </UnitTest>
    <UnitTest name="System.CommandLine.Tests.Binding.TypeConversionTests.Values_can_be_correctly_converted_to_nullable_TimeSpan_without_the_parser_specifying_a_custom_converter" storage="c:\dev\command-line-api\src\system.commandline.tests\bin\debug\net462\system.commandline.tests.dll" id="a80ee12c-98b7-989f-9903-ecbdaac2a498">
      <Execution id="ed73cfa7-e1be-4cea-98d9-755dd6c3ce2f" />
      <TestMethod codeBase="C:\dev\command-line-api\src\System.CommandLine.Tests\bin\Debug\net462\System.CommandLine.Tests.dll" adapterTypeName="executor://xunit/VsTestRunner2/net" className="System.CommandLine.Tests.Binding.TypeConversionTests" name="Values_can_be_correctly_converted_to_nullable_TimeSpan_without_the_parser_specifying_a_custom_converter" />
    </UnitTest>
    <UnitTest name="System.CommandLine.Tests.CommandTests.AddGlobalOption_updates_Options_property" storage="c:\dev\command-line-api\src\system.commandline.tests\bin\debug\net462\system.commandline.tests.dll" id="294ef7e6-34f5-27f2-8e98-badbda1ecf1a">
      <Execution id="b66df453-7248-4659-8003-728eb1c5cd87" />
      <TestMethod codeBase="C:\dev\command-line-api\src\System.CommandLine.Tests\bin\Debug\net462\System.CommandLine.Tests.dll" adapterTypeName="executor://xunit/VsTestRunner2/net" className="System.CommandLine.Tests.CommandTests" name="AddGlobalOption_updates_Options_property" />
    </UnitTest>
    <UnitTest name="System.CommandLine.Tests.Binding.TypeConversionTests.Values_can_be_correctly_converted_to_array_of_int_without_the_parser_specifying_a_custom_converter" storage="c:\dev\command-line-api\src\system.commandline.tests\bin\debug\net462\system.commandline.tests.dll" id="0617c9f4-cb39-2beb-76ab-aded0ca5222e">
      <Execution id="f92bf3da-e574-453b-ae88-2d5516353ed6" />
      <TestMethod codeBase="C:\dev\command-line-api\src\System.CommandLine.Tests\bin\Debug\net462\System.CommandLine.Tests.dll" adapterTypeName="executor://xunit/VsTestRunner2/net" className="System.CommandLine.Tests.Binding.TypeConversionTests" name="Values_can_be_correctly_converted_to_array_of_int_without_the_parser_specifying_a_custom_converter" />
    </UnitTest>
    <UnitTest name="System.CommandLine.Tests.ParsingValidationTests.A_custom_validator_can_be_added_to_an_option" storage="c:\dev\command-line-api\src\system.commandline.tests\bin\debug\net462\system.commandline.tests.dll" id="7f69f0f9-02e6-3e07-c620-a49231774d14">
      <Execution id="8243206f-cc21-41ef-993d-d5b11d2b9eb3" />
      <TestMethod codeBase="C:\dev\command-line-api\src\System.CommandLine.Tests\bin\Debug\net462\System.CommandLine.Tests.dll" adapterTypeName="executor://xunit/VsTestRunner2/net" className="System.CommandLine.Tests.ParsingValidationTests" name="A_custom_validator_can_be_added_to_an_option" />
    </UnitTest>
    <UnitTest name="System.CommandLine.Tests.ArgumentTests+CustomParsing.issue_1759" storage="c:\dev\command-line-api\src\system.commandline.tests\bin\debug\net462\system.commandline.tests.dll" id="6c821a32-f040-9cd2-6f7a-3ca76cccaf31">
      <Execution id="3ef7fe33-c404-4247-8b66-e81f3fdddfd2" />
      <TestMethod codeBase="C:\dev\command-line-api\src\System.CommandLine.Tests\bin\Debug\net462\System.CommandLine.Tests.dll" adapterTypeName="executor://xunit/VsTestRunner2/net" className="System.CommandLine.Tests.ArgumentTests+CustomParsing" name="issue_1759" />
    </UnitTest>
    <UnitTest name="System.CommandLine.Tests.UseHelpTests.UseHelp_accepts_default_values(value: &quot;-h&quot;)" storage="c:\dev\command-line-api\src\system.commandline.tests\bin\debug\net462\system.commandline.tests.dll" id="7ed4e480-d7a1-f434-b88f-451952d05542">
      <Execution id="7326bede-e895-4349-9b50-696cabb7e898" />
      <TestMethod codeBase="C:\dev\command-line-api\src\System.CommandLine.Tests\bin\Debug\net462\System.CommandLine.Tests.dll" adapterTypeName="executor://xunit/VsTestRunner2/net" className="System.CommandLine.Tests.UseHelpTests" name="UseHelp_accepts_default_values" />
    </UnitTest>
    <UnitTest name="System.CommandLine.Tests.Invocation.TypoCorrectionTests.Hidden_options_are_not_suggested" storage="c:\dev\command-line-api\src\system.commandline.tests\bin\debug\net462\system.commandline.tests.dll" id="699e0078-ff67-f67d-2b9f-71f874666e85">
      <Execution id="33706a79-b1bb-4794-9bc1-be9823578ba6" />
      <TestMethod codeBase="C:\dev\command-line-api\src\System.CommandLine.Tests\bin\Debug\net462\System.CommandLine.Tests.dll" adapterTypeName="executor://xunit/VsTestRunner2/net" className="System.CommandLine.Tests.Invocation.TypoCorrectionTests" name="Hidden_options_are_not_suggested" />
    </UnitTest>
    <UnitTest name="System.CommandLine.Tests.Help.HelpBuilderTests.Option_arguments_with_default_values_that_are_enumerable_display_pipe_delimited_list" storage="c:\dev\command-line-api\src\system.commandline.tests\bin\debug\net462\system.commandline.tests.dll" id="ff954919-a809-3bf8-adaf-b93758a10786">
      <Execution id="327c899b-66bb-4b57-9a7a-02297cf89216" />
      <TestMethod codeBase="C:\dev\command-line-api\src\System.CommandLine.Tests\bin\Debug\net462\System.CommandLine.Tests.dll" adapterTypeName="executor://xunit/VsTestRunner2/net" className="System.CommandLine.Tests.Help.HelpBuilderTests" name="Option_arguments_with_default_values_that_are_enumerable_display_pipe_delimited_list" />
    </UnitTest>
    <UnitTest name="System.CommandLine.Tests.Binding.TypeConversionTests.Nullable_enum_values_can_be_correctly_converted_based_on_enum_value_name_without_the_parser_specifying_a_custom_converter" storage="c:\dev\command-line-api\src\system.commandline.tests\bin\debug\net462\system.commandline.tests.dll" id="84b0455e-4557-92b7-b989-72c4fcbcbe12">
      <Execution id="1d6b7510-5535-44f1-bbae-32c085cbbb94" />
      <TestMethod codeBase="C:\dev\command-line-api\src\System.CommandLine.Tests\bin\Debug\net462\System.CommandLine.Tests.dll" adapterTypeName="executor://xunit/VsTestRunner2/net" className="System.CommandLine.Tests.Binding.TypeConversionTests" name="Nullable_enum_values_can_be_correctly_converted_based_on_enum_value_name_without_the_parser_specifying_a_custom_converter" />
    </UnitTest>
    <UnitTest name="System.CommandLine.Tests.OptionTests.When_an_option_is_created_with_an_alias_that_contains_whitespace_then_an_informative_error_is_returned(alias: &quot;--aa aa&quot;)" storage="c:\dev\command-line-api\src\system.commandline.tests\bin\debug\net462\system.commandline.tests.dll" id="dc751c8e-0fef-a95f-65b3-d943ccdb0967">
      <Execution id="7018c6b1-4c04-4f5a-aeec-b253dc457b14" />
      <TestMethod codeBase="C:\dev\command-line-api\src\System.CommandLine.Tests\bin\Debug\net462\System.CommandLine.Tests.dll" adapterTypeName="executor://xunit/VsTestRunner2/net" className="System.CommandLine.Tests.OptionTests" name="When_an_option_is_created_with_an_alias_that_contains_whitespace_then_an_informative_error_is_returned" />
    </UnitTest>
    <UnitTest name="System.CommandLine.Tests.UseHelpTests.Help_sections_can_be_replaced" storage="c:\dev\command-line-api\src\system.commandline.tests\bin\debug\net462\system.commandline.tests.dll" id="bae20416-247d-b3bd-f849-0885607f52e5">
      <Execution id="bb12359b-9d20-4402-bc15-6905039610ae" />
      <TestMethod codeBase="C:\dev\command-line-api\src\System.CommandLine.Tests\bin\Debug\net462\System.CommandLine.Tests.dll" adapterTypeName="executor://xunit/VsTestRunner2/net" className="System.CommandLine.Tests.UseHelpTests" name="Help_sections_can_be_replaced" />
    </UnitTest>
    <UnitTest name="System.CommandLine.Tests.OptionTests+MultipleArgumentsPerToken+Allowed.When_max_arity_is_1_then_subsequent_option_args_overwrite_previous_ones(commandLine: &quot;--option 1 --option 2&quot;)" storage="c:\dev\command-line-api\src\system.commandline.tests\bin\debug\net462\system.commandline.tests.dll" id="cb3a8722-fc7d-dd2a-71ef-df322d28fe9c">
      <Execution id="7f42b7c2-2193-47b5-806c-83fb5f7c7211" />
      <TestMethod codeBase="C:\dev\command-line-api\src\System.CommandLine.Tests\bin\Debug\net462\System.CommandLine.Tests.dll" adapterTypeName="executor://xunit/VsTestRunner2/net" className="System.CommandLine.Tests.OptionTests+MultipleArgumentsPerToken+Allowed" name="When_max_arity_is_1_then_subsequent_option_args_overwrite_previous_ones" />
    </UnitTest>
    <UnitTest name="System.CommandLine.Tests.Binding.TypeConversionTests.Argument_of_array_of_FileInfo_can_be_called_without_custom_conversion_logic" storage="c:\dev\command-line-api\src\system.commandline.tests\bin\debug\net462\system.commandline.tests.dll" id="953172f2-5ae5-3a22-e166-12eaa03cd1de">
      <Execution id="d9235f5f-7de6-45f6-b2da-238276c312f5" />
      <TestMethod codeBase="C:\dev\command-line-api\src\System.CommandLine.Tests\bin\Debug\net462\System.CommandLine.Tests.dll" adapterTypeName="executor://xunit/VsTestRunner2/net" className="System.CommandLine.Tests.Binding.TypeConversionTests" name="Argument_of_array_of_FileInfo_can_be_called_without_custom_conversion_logic" />
    </UnitTest>
    <UnitTest name="System.CommandLine.Tests.Invocation.InvocationExtensionsTests.RootCommand_Invoke_returns_0_when_handler_is_successful" storage="c:\dev\command-line-api\src\system.commandline.tests\bin\debug\net462\system.commandline.tests.dll" id="50ffa6a7-9616-b786-fb5c-21cb7824a7ae">
      <Execution id="bb640ccc-0f2f-46af-9419-20f111e4fc4f" />
      <TestMethod codeBase="C:\dev\command-line-api\src\System.CommandLine.Tests\bin\Debug\net462\System.CommandLine.Tests.dll" adapterTypeName="executor://xunit/VsTestRunner2/net" className="System.CommandLine.Tests.Invocation.InvocationExtensionsTests" name="RootCommand_Invoke_returns_0_when_handler_is_successful" />
    </UnitTest>
    <UnitTest name="System.CommandLine.Tests.CommandTests.When_Name_is_set_to_its_current_value_then_it_is_not_removed_from_aliases" storage="c:\dev\command-line-api\src\system.commandline.tests\bin\debug\net462\system.commandline.tests.dll" id="7aac0fd5-b87d-5b03-7dec-d3b9f7c95d28">
      <Execution id="5489f10e-4680-4591-b3ea-427af1d17d84" />
      <TestMethod codeBase="C:\dev\command-line-api\src\System.CommandLine.Tests\bin\Debug\net462\System.CommandLine.Tests.dll" adapterTypeName="executor://xunit/VsTestRunner2/net" className="System.CommandLine.Tests.CommandTests" name="When_Name_is_set_to_its_current_value_then_it_is_not_removed_from_aliases" />
    </UnitTest>
    <UnitTest name="System.CommandLine.Tests.ParsingValidationTests+PathValidity.LegalFilePathsOnly_accepts_option_arguments_containing_valid_path_characters" storage="c:\dev\command-line-api\src\system.commandline.tests\bin\debug\net462\system.commandline.tests.dll" id="18b491f5-be04-a5bd-131b-624c62e4743f">
      <Execution id="170bb2a8-f0f2-4fa2-be60-737f4e021f06" />
      <TestMethod codeBase="C:\dev\command-line-api\src\System.CommandLine.Tests\bin\Debug\net462\System.CommandLine.Tests.dll" adapterTypeName="executor://xunit/VsTestRunner2/net" className="System.CommandLine.Tests.ParsingValidationTests+PathValidity" name="LegalFilePathsOnly_accepts_option_arguments_containing_valid_path_characters" />
    </UnitTest>
    <UnitTest name="System.CommandLine.Tests.ArgumentTests+CustomParsing.Validation_failure_message_can_be_specified_when_evaluating_default_option_value" storage="c:\dev\command-line-api\src\system.commandline.tests\bin\debug\net462\system.commandline.tests.dll" id="9f019916-0649-a2fc-ea01-1ba3f6c179d0">
      <Execution id="ba701547-7da2-478d-8988-d1da64c0e2f8" />
      <TestMethod codeBase="C:\dev\command-line-api\src\System.CommandLine.Tests\bin\Debug\net462\System.CommandLine.Tests.dll" adapterTypeName="executor://xunit/VsTestRunner2/net" className="System.CommandLine.Tests.ArgumentTests+CustomParsing" name="Validation_failure_message_can_be_specified_when_evaluating_default_option_value" />
    </UnitTest>
  </TestDefinitions>
  <TestEntries>
    <TestEntry testId="e3eb007f-9887-7251-eccb-7afdb3abb0dc" executionId="bcb1cd99-29dc-4c85-8b7f-48339572e9bf" testListId="8c84fa94-04c1-424b-9868-57a2d4851a1d" />
    <TestEntry testId="5a0c8629-a1df-8f60-4a61-6ec9954f7f20" executionId="934d5925-0c11-48dc-8daf-a5e3e36a3acd" testListId="8c84fa94-04c1-424b-9868-57a2d4851a1d" />
    <TestEntry testId="c3dba931-c736-9f6a-b322-a68554fbf891" executionId="082d4544-264d-41f8-a8cf-bf7829c5c994" testListId="8c84fa94-04c1-424b-9868-57a2d4851a1d" />
    <TestEntry testId="2b6fff24-58d3-ff66-327a-2cc6c8107d92" executionId="6f9fd4c9-cd53-4d56-8887-55719edf4f73" testListId="8c84fa94-04c1-424b-9868-57a2d4851a1d" />
    <TestEntry testId="472d13fc-641c-287a-f50b-c2a802534522" executionId="afa22fac-4ac5-4e4c-bdf1-6036f95f169d" testListId="8c84fa94-04c1-424b-9868-57a2d4851a1d" />
    <TestEntry testId="7fff435c-a4e3-d6fa-5607-bba259abff91" executionId="6987f4c5-f4c2-438d-a40c-e453f1ec8d25" testListId="8c84fa94-04c1-424b-9868-57a2d4851a1d" />
    <TestEntry testId="62ac9d11-d9a5-de45-2781-253dce2f4ed4" executionId="a64a41b2-aa9a-45f2-bd5f-59e4d0b12a02" testListId="8c84fa94-04c1-424b-9868-57a2d4851a1d" />
    <TestEntry testId="dd4fd515-3caa-0886-107a-7c83768d50b5" executionId="e4f1f37a-5fcd-45f3-957c-f554c8dda6bd" testListId="8c84fa94-04c1-424b-9868-57a2d4851a1d" />
    <TestEntry testId="74593b2c-226c-db2d-8d09-2283969d25de" executionId="b3bb8c5c-9429-4e71-aad6-57c8816ccefd" testListId="8c84fa94-04c1-424b-9868-57a2d4851a1d" />
    <TestEntry testId="29c55c05-30d6-3e6a-d771-741ed8d392c8" executionId="b29d85e7-d2fd-4fd0-b176-e0867f87d947" testListId="8c84fa94-04c1-424b-9868-57a2d4851a1d" />
    <TestEntry testId="ed8df1d3-1a03-7315-b855-c9ce25581fe8" executionId="cc713d83-e805-4d9e-8102-0eefbb63ea99" testListId="8c84fa94-04c1-424b-9868-57a2d4851a1d" />
    <TestEntry testId="c96a686d-315c-899f-040f-f6fd1ccc9028" executionId="68b04f4c-5d12-4c9b-8e44-b012aa948101" testListId="8c84fa94-04c1-424b-9868-57a2d4851a1d" />
    <TestEntry testId="f58285b2-4245-e646-51e4-f6225cf7e3e0" executionId="b6e8d7a3-f0a1-4ad7-b360-73c0d62e66df" testListId="8c84fa94-04c1-424b-9868-57a2d4851a1d" />
    <TestEntry testId="34c445de-8663-19ab-63b1-97f4ea0730d0" executionId="f5a8b004-e029-4a34-b132-070be39ad635" testListId="8c84fa94-04c1-424b-9868-57a2d4851a1d" />
    <TestEntry testId="4262e7d9-138f-c86b-f60b-a6e003110daa" executionId="26322307-e23e-4f1b-a539-0ff6d80dfac4" testListId="8c84fa94-04c1-424b-9868-57a2d4851a1d" />
    <TestEntry testId="41c38d66-4d89-e6d1-ccb6-18a830402dee" executionId="7fa421c2-ab72-45d4-9281-8f670bdd9dfc" testListId="8c84fa94-04c1-424b-9868-57a2d4851a1d" />
    <TestEntry testId="4511fa79-d3c5-b890-7779-82532a34cb5b" executionId="10cc87d6-7075-4fad-8d0f-3676ebdac372" testListId="8c84fa94-04c1-424b-9868-57a2d4851a1d" />
    <TestEntry testId="f4024ec0-56d0-177d-eae8-27c8c705c0bd" executionId="9364c96b-e8f5-4af9-873d-1a5f0329ba42" testListId="8c84fa94-04c1-424b-9868-57a2d4851a1d" />
    <TestEntry testId="c81b6f09-3844-b1f8-ba20-98df57001e8a" executionId="460c8357-b1e5-401e-afb7-c96fb4bbd9a0" testListId="8c84fa94-04c1-424b-9868-57a2d4851a1d" />
    <TestEntry testId="9731ed4c-289b-f9a7-6968-4968965e5e9e" executionId="897a5c95-e73c-421e-9eb1-c456ac5c6384" testListId="8c84fa94-04c1-424b-9868-57a2d4851a1d" />
    <TestEntry testId="2d85f8e9-ef79-0be5-2d84-116ff57aa6a5" executionId="73483573-8493-464b-8ce3-a7e3c335ad16" testListId="8c84fa94-04c1-424b-9868-57a2d4851a1d" />
    <TestEntry testId="813a7cca-7a39-a4a4-a2af-ef648198cdfa" executionId="919922a3-1ee3-4412-8458-b437bd23c476" testListId="8c84fa94-04c1-424b-9868-57a2d4851a1d" />
    <TestEntry testId="db751158-a590-075d-6ca3-23d1ce2a3528" executionId="49b02df0-5a9e-4329-8371-9a6f7b7eed98" testListId="8c84fa94-04c1-424b-9868-57a2d4851a1d" />
    <TestEntry testId="63bbe5c5-69e9-d388-1e1f-2c8d4e104c49" executionId="4c35a437-6609-4552-946e-619d767d52b6" testListId="8c84fa94-04c1-424b-9868-57a2d4851a1d" />
    <TestEntry testId="dc63a283-10d4-0e0c-d622-3c0d87694860" executionId="82d8aaf0-7ad3-40c0-bdf4-11908968bc08" testListId="8c84fa94-04c1-424b-9868-57a2d4851a1d" />
    <TestEntry testId="751fcab5-4dbd-df37-e88c-23461ab647dd" executionId="0279facb-3f39-4bc7-b913-2b62624fb3e0" testListId="8c84fa94-04c1-424b-9868-57a2d4851a1d" />
    <TestEntry testId="ae6da703-53bc-446d-b32c-48b689684606" executionId="45bc9c50-fa7a-4f9f-a0c7-42cb6df162ef" testListId="8c84fa94-04c1-424b-9868-57a2d4851a1d" />
    <TestEntry testId="aa30ed8f-2999-9380-18e0-e2ecbf1e7426" executionId="1f607897-1c25-454f-a99e-d104ee282cbe" testListId="8c84fa94-04c1-424b-9868-57a2d4851a1d" />
    <TestEntry testId="a1ac72ca-e944-f1f2-fd7f-14624d33fe2f" executionId="108031ac-98c9-4a2b-8739-325915bc478e" testListId="8c84fa94-04c1-424b-9868-57a2d4851a1d" />
    <TestEntry testId="bf3affe5-b07d-7187-f934-242bf7d7f2b2" executionId="64631db7-31c1-41a6-befd-b32721dc73fd" testListId="8c84fa94-04c1-424b-9868-57a2d4851a1d" />
    <TestEntry testId="d84d9360-1328-aa6a-dd6a-91e08a367e25" executionId="96ebaf59-0b6c-4b13-a343-0d109c33eb6a" testListId="8c84fa94-04c1-424b-9868-57a2d4851a1d" />
    <TestEntry testId="b38dc1b6-f225-93e6-3272-c624f0363b03" executionId="a33dce6f-27f0-49b6-b02e-b8d77a9fd4e5" testListId="8c84fa94-04c1-424b-9868-57a2d4851a1d" />
    <TestEntry testId="cfa3db60-12b9-aae2-5f10-b1c425f61722" executionId="1bd47e15-8d90-498e-999b-38dbb523d00b" testListId="8c84fa94-04c1-424b-9868-57a2d4851a1d" />
    <TestEntry testId="f2094941-9d86-04c0-8230-529a5c09a501" executionId="5db36604-6bf6-48f3-b5bd-f8f45689bbfd" testListId="8c84fa94-04c1-424b-9868-57a2d4851a1d" />
    <TestEntry testId="7594b40f-056b-c8b0-5471-d4f0252a1370" executionId="1c73ebb0-14f0-45d1-b13c-f8e48c791523" testListId="8c84fa94-04c1-424b-9868-57a2d4851a1d" />
    <TestEntry testId="33c59317-2c8f-929e-63aa-05a0c00e2464" executionId="3af121c2-1037-49fd-96ca-a03c5c2aca0d" testListId="8c84fa94-04c1-424b-9868-57a2d4851a1d" />
    <TestEntry testId="7cef2c0a-2a8e-572a-671d-f668a5339185" executionId="5da5471b-78dc-41b4-99c4-83ab0b4fcc5e" testListId="8c84fa94-04c1-424b-9868-57a2d4851a1d" />
    <TestEntry testId="0b2277fa-7894-0582-de6f-58231fa4424c" executionId="edece37e-d500-448b-a7e0-4dc11a34b27b" testListId="8c84fa94-04c1-424b-9868-57a2d4851a1d" />
    <TestEntry testId="1f1ad0e5-b487-0910-96c9-43bf9024432e" executionId="f253842b-cb52-4d83-887e-b3fae557008e" testListId="8c84fa94-04c1-424b-9868-57a2d4851a1d" />
    <TestEntry testId="1a7b803c-e22e-e6a7-0169-72221a5ad6b5" executionId="5c8e2893-82f3-4767-b5a4-3ad8bcc5a7a7" testListId="8c84fa94-04c1-424b-9868-57a2d4851a1d" />
    <TestEntry testId="556b8673-3eaf-f793-b13c-75a23299183e" executionId="4859fa37-85b5-4b2f-94f8-4a1a98f52e4c" testListId="8c84fa94-04c1-424b-9868-57a2d4851a1d" />
    <TestEntry testId="a0bef3e6-f530-684b-5f18-c22aa478272c" executionId="6265da4c-9dc8-4a58-9ece-25e675a8cfdb" testListId="8c84fa94-04c1-424b-9868-57a2d4851a1d" />
    <TestEntry testId="d4c31a81-c593-dfbb-0870-12380eed7ad2" executionId="2cf69f58-fd35-4cb7-9b0c-ef678ecebab1" testListId="8c84fa94-04c1-424b-9868-57a2d4851a1d" />
    <TestEntry testId="ae9a65a2-8265-e928-9ed6-9db5ce5eed3a" executionId="163d8f93-a418-42e2-abb4-6f07cbf6daf5" testListId="8c84fa94-04c1-424b-9868-57a2d4851a1d" />
    <TestEntry testId="a28c379c-383c-ca2f-f7f0-1a122b37b6a7" executionId="fc112753-7096-4c38-ae88-61fb97845b9d" testListId="8c84fa94-04c1-424b-9868-57a2d4851a1d" />
    <TestEntry testId="cdb15eaf-8d87-e05d-acbd-b5736cc935b5" executionId="55c600e4-1663-487b-8b12-babb6bd61a3b" testListId="8c84fa94-04c1-424b-9868-57a2d4851a1d" />
    <TestEntry testId="bd4c0a5f-3ad2-3bcb-fce8-1b3c65877067" executionId="c84af0ba-db1e-45b4-be05-783b81e41620" testListId="8c84fa94-04c1-424b-9868-57a2d4851a1d" />
    <TestEntry testId="b348642a-60a5-9f40-70c1-3493fe6b339f" executionId="69d4dcfc-ab1d-4253-8dc3-1c0036d11380" testListId="8c84fa94-04c1-424b-9868-57a2d4851a1d" />
    <TestEntry testId="7898bc66-0ebe-cdcb-f3ad-1f9904d9e069" executionId="6c702dcb-f66c-4732-b56d-0d791df6fd19" testListId="8c84fa94-04c1-424b-9868-57a2d4851a1d" />
    <TestEntry testId="c5c959af-f6f7-75f3-6703-4fa084d7f8cc" executionId="571c0ff1-4171-4156-8bae-a1a931fbd1d6" testListId="8c84fa94-04c1-424b-9868-57a2d4851a1d" />
    <TestEntry testId="4d8f6eea-3f2a-7c7f-37e3-585d90cda31e" executionId="cac942a1-3873-4381-8079-6e42fbb6355d" testListId="8c84fa94-04c1-424b-9868-57a2d4851a1d" />
    <TestEntry testId="6c4f8206-1293-8552-6fad-28bbe5cc5810" executionId="8a0a8246-f5da-4447-acdc-e7dd67f0f8ad" testListId="8c84fa94-04c1-424b-9868-57a2d4851a1d" />
    <TestEntry testId="7b6a1e49-803c-f076-28b7-877c804d5b80" executionId="a0958114-c753-4f94-bd1f-0305ea6e3b96" testListId="8c84fa94-04c1-424b-9868-57a2d4851a1d" />
    <TestEntry testId="ed514b2f-7e50-9b64-69f6-094d770cf7ad" executionId="2399fed3-6e13-4838-ab17-912979a20473" testListId="8c84fa94-04c1-424b-9868-57a2d4851a1d" />
    <TestEntry testId="44af512f-0be6-8af9-f4c8-513cd80bb544" executionId="2e455189-8a75-408f-8828-efab29ab8b5b" testListId="8c84fa94-04c1-424b-9868-57a2d4851a1d" />
    <TestEntry testId="1c3814b4-4c9b-2f5a-6310-7da0a4565700" executionId="db74dc53-004a-40aa-8bf2-78e50cbfdf36" testListId="8c84fa94-04c1-424b-9868-57a2d4851a1d" />
    <TestEntry testId="84a543fb-ac41-4b30-8c23-52f7e31b8652" executionId="f9887828-ae44-4b91-8303-57ece02a76d3" testListId="8c84fa94-04c1-424b-9868-57a2d4851a1d" />
    <TestEntry testId="1457637a-d7b3-c4b3-2170-65c4cfa95b23" executionId="a0acc23e-e47f-4822-8c5a-58eeb000ae09" testListId="8c84fa94-04c1-424b-9868-57a2d4851a1d" />
    <TestEntry testId="e4ca6c3a-c470-e1a5-c803-b44d54627ee1" executionId="7d07d6c3-dc17-48f0-94d3-95f5a2959462" testListId="8c84fa94-04c1-424b-9868-57a2d4851a1d" />
    <TestEntry testId="2c5ac178-b50b-e72a-8b02-92e6e69034f2" executionId="a51976fb-6434-4bfa-87d7-ff713fecde83" testListId="8c84fa94-04c1-424b-9868-57a2d4851a1d" />
    <TestEntry testId="796d8216-5e0c-8aee-9f6c-d378b788beed" executionId="96a008ea-a54d-455e-9ac1-2406e0daf06f" testListId="8c84fa94-04c1-424b-9868-57a2d4851a1d" />
    <TestEntry testId="bae20416-247d-b3bd-f849-0885607f52e5" executionId="bb12359b-9d20-4402-bc15-6905039610ae" testListId="8c84fa94-04c1-424b-9868-57a2d4851a1d" />
    <TestEntry testId="7c9175fe-5729-dad0-7316-b8e640417016" executionId="7cb7a2b6-8050-45c6-a7eb-ff0f1c093d3f" testListId="8c84fa94-04c1-424b-9868-57a2d4851a1d" />
    <TestEntry testId="be4908a0-cb61-d6a1-5c2a-4b5574d53276" executionId="357ee282-35fa-4689-9c1d-cab03d598616" testListId="8c84fa94-04c1-424b-9868-57a2d4851a1d" />
    <TestEntry testId="1b6ec68b-76c6-5be0-f25f-fb67d2bff9b5" executionId="719540c3-84be-42f3-a733-32ccac2f9632" testListId="8c84fa94-04c1-424b-9868-57a2d4851a1d" />
    <TestEntry testId="ce8b6d54-908c-0d05-a007-a65d38aad14a" executionId="787150a7-96f8-49db-b32d-004b66174853" testListId="8c84fa94-04c1-424b-9868-57a2d4851a1d" />
    <TestEntry testId="e5719df1-d45a-f496-677b-e8853cdbf8d5" executionId="ea0db480-bdca-437c-81ad-9f596eff94b2" testListId="8c84fa94-04c1-424b-9868-57a2d4851a1d" />
    <TestEntry testId="184de548-7f99-9eb6-bdf9-38e9199c1a70" executionId="2651b298-edaf-4d6c-bbd1-fe9f5b5bee61" testListId="8c84fa94-04c1-424b-9868-57a2d4851a1d" />
    <TestEntry testId="962f0957-d9aa-afbb-13cf-1b43b0f1f548" executionId="0bfd5b7d-3436-45aa-8009-1cf207136ccc" testListId="8c84fa94-04c1-424b-9868-57a2d4851a1d" />
    <TestEntry testId="f2e14c2f-1b47-3882-7e02-bba19a92b6f0" executionId="1c358a89-4784-4083-a469-242e98986e39" testListId="8c84fa94-04c1-424b-9868-57a2d4851a1d" />
    <TestEntry testId="c3b10790-3116-1ab1-67d0-f6c4ee18241e" executionId="16ccdd1c-944d-4b34-b67e-8582ab1a2720" testListId="8c84fa94-04c1-424b-9868-57a2d4851a1d" />
    <TestEntry testId="71cb47c1-b665-18c8-4907-56702d586c39" executionId="1a880897-c356-4a7d-a0af-9994f0f13031" testListId="8c84fa94-04c1-424b-9868-57a2d4851a1d" />
    <TestEntry testId="c681b0ae-9925-9abe-dc77-cbdbb3af14c3" executionId="d8703ff6-135e-4f41-8f6e-193200926747" testListId="8c84fa94-04c1-424b-9868-57a2d4851a1d" />
    <TestEntry testId="af033f6f-ff17-5da5-ace1-14655933f6e7" executionId="b57fa206-65d1-4bf0-ae2d-ffb91b7cdba6" testListId="8c84fa94-04c1-424b-9868-57a2d4851a1d" />
    <TestEntry testId="dc753695-28fc-7895-1911-2a9696f33623" executionId="56f5239e-6a63-4318-8286-f45bc681e093" testListId="8c84fa94-04c1-424b-9868-57a2d4851a1d" />
    <TestEntry testId="3b0a7669-0934-cc00-73a1-f7af85f2fe1c" executionId="4308068c-5022-4acf-a3b8-522fd1016d4e" testListId="8c84fa94-04c1-424b-9868-57a2d4851a1d" />
    <TestEntry testId="b36c40df-ab95-f89a-e3df-4d04ee091c56" executionId="1fdae81f-1db7-446a-93e7-f4aee66b8a7d" testListId="8c84fa94-04c1-424b-9868-57a2d4851a1d" />
    <TestEntry testId="855abe32-3a51-02f7-fed0-bee2a12a4c89" executionId="6c9cebc0-6af6-4571-be51-c01a0eb7704c" testListId="8c84fa94-04c1-424b-9868-57a2d4851a1d" />
    <TestEntry testId="4f0e7a32-d868-2ac0-c230-21d5cbdd997c" executionId="215d45ce-1b10-40be-9872-cf5899c7276d" testListId="8c84fa94-04c1-424b-9868-57a2d4851a1d" />
    <TestEntry testId="3cfc624a-e79e-e5fd-bbbe-c5061decabce" executionId="bb0bcbb5-20fa-4e5a-a408-292f0f398d39" testListId="8c84fa94-04c1-424b-9868-57a2d4851a1d" />
    <TestEntry testId="ba2992c1-3a06-18c7-4fa6-02c81c02a39a" executionId="652a95be-def2-4e0a-a6e3-c5b28e74cddb" testListId="8c84fa94-04c1-424b-9868-57a2d4851a1d" />
    <TestEntry testId="a80ee12c-98b7-989f-9903-ecbdaac2a498" executionId="ed73cfa7-e1be-4cea-98d9-755dd6c3ce2f" testListId="8c84fa94-04c1-424b-9868-57a2d4851a1d" />
    <TestEntry testId="39549c99-6b87-bc45-d690-02a35cc82fc4" executionId="457466ad-1650-463d-8177-bc9b48cf19ee" testListId="8c84fa94-04c1-424b-9868-57a2d4851a1d" />
    <TestEntry testId="4ff2ec2f-f7f2-aede-9def-7e479a8d13df" executionId="f2c64ddc-1fe5-46f0-8e07-d345a0a4adbb" testListId="8c84fa94-04c1-424b-9868-57a2d4851a1d" />
    <TestEntry testId="45d811de-230f-a3d8-24fa-6bb76d15f674" executionId="98ca145e-b208-4a9d-9f6b-b7f0a6e99ffb" testListId="8c84fa94-04c1-424b-9868-57a2d4851a1d" />
    <TestEntry testId="73eb0c9e-c3f8-a788-f459-4182df886d5c" executionId="055cc497-0099-43c7-bd36-f3b9ad0b265c" testListId="8c84fa94-04c1-424b-9868-57a2d4851a1d" />
    <TestEntry testId="6b15e0c3-c25e-f743-8f79-bfb356fc0bcd" executionId="8ea537af-c88e-469b-84f6-61640e63be76" testListId="8c84fa94-04c1-424b-9868-57a2d4851a1d" />
    <TestEntry testId="29b8e82f-600b-73b1-0135-fb57ef37a948" executionId="cf399ebb-95bb-4d1e-a0b8-2b79d851fa80" testListId="8c84fa94-04c1-424b-9868-57a2d4851a1d" />
    <TestEntry testId="1dbf939b-a139-0d4f-3c13-21f5cab51ba4" executionId="6f678ea7-4a84-4dc1-962c-177741387764" testListId="8c84fa94-04c1-424b-9868-57a2d4851a1d" />
    <TestEntry testId="6301015f-0cca-e923-a2e2-4fb953ca481b" executionId="a8eb666f-10b3-449a-bc9e-2c1471b3c7e1" testListId="8c84fa94-04c1-424b-9868-57a2d4851a1d" />
    <TestEntry testId="ae9f9f40-55a8-d345-9ec8-cbd38f882db2" executionId="02bb22db-c414-4a4a-a1f0-1986b826a3d5" testListId="8c84fa94-04c1-424b-9868-57a2d4851a1d" />
    <TestEntry testId="5de0bd5c-f38f-b0ec-e4da-d8344ce07618" executionId="346d9d48-4be3-48e7-8a20-63964cfab90b" testListId="8c84fa94-04c1-424b-9868-57a2d4851a1d" />
    <TestEntry testId="3998fa14-d27c-171a-29fa-f0c4246f785c" executionId="a27aabac-d64a-4337-83f4-8b132eeb9486" testListId="8c84fa94-04c1-424b-9868-57a2d4851a1d" />
    <TestEntry testId="d750886f-193d-c70b-33f7-af3f93c0c792" executionId="84ddda73-3252-4a28-9788-d08c29bebfba" testListId="8c84fa94-04c1-424b-9868-57a2d4851a1d" />
    <TestEntry testId="a450d5c2-6095-a8ae-6185-5b03610216eb" executionId="fbbc9612-c9b5-4e1a-8fed-b7d2b1c7b3b5" testListId="8c84fa94-04c1-424b-9868-57a2d4851a1d" />
    <TestEntry testId="76a69a57-9df8-454f-d98d-3486d55d8e1b" executionId="63b53968-3f6d-4b4a-9773-2fd1aaddb6f1" testListId="8c84fa94-04c1-424b-9868-57a2d4851a1d" />
    <TestEntry testId="3905dcc0-4216-e64c-25d9-017be63e6388" executionId="afa40457-114a-431c-b2b1-d08ae8f2091f" testListId="8c84fa94-04c1-424b-9868-57a2d4851a1d" />
    <TestEntry testId="81487ad1-000f-0edc-a541-17fba0554618" executionId="f8475eb0-e00a-45e7-90b4-7f9ffb401203" testListId="8c84fa94-04c1-424b-9868-57a2d4851a1d" />
    <TestEntry testId="7e4f7fab-8021-c82a-8ca8-da38e6a0375e" executionId="69257259-f055-4617-bdb4-3dc37a0f7730" testListId="8c84fa94-04c1-424b-9868-57a2d4851a1d" />
    <TestEntry testId="7ed4e480-d7a1-f434-b88f-451952d05542" executionId="7326bede-e895-4349-9b50-696cabb7e898" testListId="8c84fa94-04c1-424b-9868-57a2d4851a1d" />
    <TestEntry testId="c55cf5c9-0386-12e9-3a4e-6f748fad011e" executionId="ab9a63eb-9462-4184-89e6-df84b61829e4" testListId="8c84fa94-04c1-424b-9868-57a2d4851a1d" />
    <TestEntry testId="6479efde-1f0e-e8e5-435c-7dd67e297cfc" executionId="a07e6e59-13ae-44a1-b6bd-e06b0c049ab5" testListId="8c84fa94-04c1-424b-9868-57a2d4851a1d" />
    <TestEntry testId="04f86dd9-4b52-df8d-9979-fcc8c29577fe" executionId="e77dab65-c03f-4e76-938c-e1b52f324349" testListId="8c84fa94-04c1-424b-9868-57a2d4851a1d" />
    <TestEntry testId="a50526f2-0b5b-bfa2-e280-5d7eeb2d80ac" executionId="b07fe7ef-c8d0-419f-b713-80092d56276c" testListId="8c84fa94-04c1-424b-9868-57a2d4851a1d" />
    <TestEntry testId="97efa692-a0ad-c3b6-05d4-50eab519851d" executionId="015813bc-b52c-4d7b-abe7-56e4708394a0" testListId="8c84fa94-04c1-424b-9868-57a2d4851a1d" />
    <TestEntry testId="1d988a50-8ab9-6e95-67d1-cfdbed0e3055" executionId="1be680b6-c2cc-4441-b3b0-f0b565779d5d" testListId="8c84fa94-04c1-424b-9868-57a2d4851a1d" />
    <TestEntry testId="1c9080b6-c2e9-9e5e-f725-e2ae6417dfa7" executionId="7c8a3537-4c3d-4061-a164-146e927b80f3" testListId="8c84fa94-04c1-424b-9868-57a2d4851a1d" />
    <TestEntry testId="4ad0ed94-8848-7f0a-6dcf-2ea144627864" executionId="b6e49e7c-aab5-46d2-80ce-5edc7794ea54" testListId="8c84fa94-04c1-424b-9868-57a2d4851a1d" />
    <TestEntry testId="ae665f18-a704-d3f5-b197-370c962df54c" executionId="64e29308-2fa1-4aa9-b3db-752a1e59619a" testListId="8c84fa94-04c1-424b-9868-57a2d4851a1d" />
    <TestEntry testId="b5ad250c-5414-614e-aaf8-e8cc6504a266" executionId="56d6a877-d1ff-4a26-a621-3a53bdee27d7" testListId="8c84fa94-04c1-424b-9868-57a2d4851a1d" />
    <TestEntry testId="b9cca1c7-0d89-2973-0b01-60b1d8752be2" executionId="2839d34a-6470-4653-9804-6eb048a8ad29" testListId="8c84fa94-04c1-424b-9868-57a2d4851a1d" />
    <TestEntry testId="a8cdaeff-e928-ff8a-2e2a-8b2cf641c90e" executionId="d1132457-aadc-4cf7-8f29-a8372ee47352" testListId="8c84fa94-04c1-424b-9868-57a2d4851a1d" />
    <TestEntry testId="15d39bf6-fe74-b6d6-9228-bc180fefb2a7" executionId="8114c5f7-6a0b-41d3-8ce3-9112f5e5ec1d" testListId="8c84fa94-04c1-424b-9868-57a2d4851a1d" />
    <TestEntry testId="473c66a7-9f23-0ad9-7bf7-affc6856090f" executionId="51910017-1eb0-4290-9d20-818b2aa02f6c" testListId="8c84fa94-04c1-424b-9868-57a2d4851a1d" />
    <TestEntry testId="bfc9a12e-730a-1f91-f170-3e12c631435a" executionId="33229f0e-0cd0-4979-8bb7-8c630d30992b" testListId="8c84fa94-04c1-424b-9868-57a2d4851a1d" />
    <TestEntry testId="99684b5e-7811-ecfc-41cf-dad188e4e3df" executionId="16deb372-e98b-4379-be55-43baec95022a" testListId="8c84fa94-04c1-424b-9868-57a2d4851a1d" />
    <TestEntry testId="80d5b6ef-25b2-34b9-5425-84e942903912" executionId="ce88ce52-c7d5-4034-b973-8792b8474ab8" testListId="8c84fa94-04c1-424b-9868-57a2d4851a1d" />
    <TestEntry testId="51738dc9-764d-8ec3-5596-49b59903b160" executionId="add53a9d-4f24-48c4-ab55-dd0b61442f87" testListId="8c84fa94-04c1-424b-9868-57a2d4851a1d" />
    <TestEntry testId="8ae29edf-494c-07da-ced6-d3d84deea937" executionId="71021555-7864-45ff-b21b-4862f817adcc" testListId="8c84fa94-04c1-424b-9868-57a2d4851a1d" />
    <TestEntry testId="68495141-bc51-fe79-33e1-9f43e238ce6d" executionId="bfb98b67-4ea0-45b5-8433-d3f7121d7b36" testListId="8c84fa94-04c1-424b-9868-57a2d4851a1d" />
    <TestEntry testId="00e76fc9-1063-a248-e7e6-a78661490a6d" executionId="c1fd11f4-6f30-499a-b97e-7ebd0620f3d5" testListId="8c84fa94-04c1-424b-9868-57a2d4851a1d" />
    <TestEntry testId="0b557c4d-f521-ec7c-76ad-b001c56a0e30" executionId="ce5aa8f8-4dc9-484e-b764-dc02e68ad710" testListId="8c84fa94-04c1-424b-9868-57a2d4851a1d" />
    <TestEntry testId="b87fd0e6-98e7-4198-d719-7d9832377557" executionId="faa778c7-5b49-48bf-bca2-87da6fa47702" testListId="8c84fa94-04c1-424b-9868-57a2d4851a1d" />
    <TestEntry testId="d199125b-17ff-0f25-fe5f-914b4463f2d7" executionId="075fd451-2310-47ee-8866-ea3993be09ae" testListId="8c84fa94-04c1-424b-9868-57a2d4851a1d" />
    <TestEntry testId="77bf0cb4-62b3-f26b-2970-1c2b044c1ba2" executionId="5cfeea08-11be-435a-add4-b376c68818bb" testListId="8c84fa94-04c1-424b-9868-57a2d4851a1d" />
    <TestEntry testId="f88ffaf1-4314-e4e7-c41a-60096c83b1ee" executionId="4a1c6946-b244-4e6a-9d82-5a5f8a3372e6" testListId="8c84fa94-04c1-424b-9868-57a2d4851a1d" />
    <TestEntry testId="ecfa0a7f-17b4-6a63-730b-a37350902a7b" executionId="801f1f0c-2669-4032-af2d-c29cfe74001b" testListId="8c84fa94-04c1-424b-9868-57a2d4851a1d" />
    <TestEntry testId="f246bb2c-56d4-7f0d-4ff9-fff93cbf744b" executionId="b10eeb45-01f4-441f-95e0-a0ce1430d38f" testListId="8c84fa94-04c1-424b-9868-57a2d4851a1d" />
    <TestEntry testId="ca1c00e9-9a57-ee03-56f0-343df7c654f7" executionId="6bd07adf-56bd-4725-aff5-b2a1e25b4fe3" testListId="8c84fa94-04c1-424b-9868-57a2d4851a1d" />
    <TestEntry testId="bf73cc87-e94c-0226-cd8b-fe502e163cad" executionId="faf78e92-620e-48da-a0c1-ba21180bb3e5" testListId="8c84fa94-04c1-424b-9868-57a2d4851a1d" />
    <TestEntry testId="1def6e82-0829-700b-a9ac-048c5dece641" executionId="a1aa31fb-73dc-4ad6-bd5b-de17473911a9" testListId="8c84fa94-04c1-424b-9868-57a2d4851a1d" />
    <TestEntry testId="762defa5-56d0-412f-438e-9508742c4a7e" executionId="a7f257d8-241e-4657-a719-e4895f3f8db6" testListId="8c84fa94-04c1-424b-9868-57a2d4851a1d" />
    <TestEntry testId="43278dd0-ccff-e6a9-e941-e3143313b897" executionId="10f1c99d-70c9-485d-836f-b634c6deb715" testListId="8c84fa94-04c1-424b-9868-57a2d4851a1d" />
    <TestEntry testId="975c0aee-4457-4720-3244-5e503ecd462c" executionId="d45d7994-2fb5-4282-81d8-ec161b371133" testListId="8c84fa94-04c1-424b-9868-57a2d4851a1d" />
    <TestEntry testId="c6d8c8b9-d4e8-bb90-a6c7-ad2569fb3cc7" executionId="7cf56851-1096-4361-baf9-f440f4599830" testListId="8c84fa94-04c1-424b-9868-57a2d4851a1d" />
    <TestEntry testId="b718c7fb-2b95-5e94-1ce2-941873d54365" executionId="c26d5d86-d5ae-4d80-95d2-21ca07176fde" testListId="8c84fa94-04c1-424b-9868-57a2d4851a1d" />
    <TestEntry testId="12c79e6a-5ef2-e2eb-e7cb-897e2a16665c" executionId="d280140f-2bcf-457d-8f10-79b5b827a7ae" testListId="8c84fa94-04c1-424b-9868-57a2d4851a1d" />
    <TestEntry testId="8cf4db24-2e4a-e236-b1e9-ae83d4a83ed9" executionId="fafb0bcb-099a-443c-af2e-3647752a3275" testListId="8c84fa94-04c1-424b-9868-57a2d4851a1d" />
    <TestEntry testId="7cf68fea-1f0a-7fe9-7c59-5f8e97411d50" executionId="f0f88e70-6b4e-4b29-911e-944974681877" testListId="8c84fa94-04c1-424b-9868-57a2d4851a1d" />
    <TestEntry testId="08713170-2073-0042-3d34-3d0ddb730d0f" executionId="c297dea1-a854-4e6b-b689-88e2429a4d3b" testListId="8c84fa94-04c1-424b-9868-57a2d4851a1d" />
    <TestEntry testId="3fa5e22a-dc83-342e-57d7-fd76de21a7e2" executionId="9ac5ac8a-8ca3-4fbd-8aad-c958bc0c45e2" testListId="8c84fa94-04c1-424b-9868-57a2d4851a1d" />
    <TestEntry testId="ef6c779e-dde0-7973-4a96-afcb357d4861" executionId="72a7a0af-71ed-491a-8725-30f3b7fb0c11" testListId="8c84fa94-04c1-424b-9868-57a2d4851a1d" />
    <TestEntry testId="b10a885d-e6e4-8505-1fcf-7086d3761c32" executionId="13cfa638-a9a2-4f0f-891c-8e600e368837" testListId="8c84fa94-04c1-424b-9868-57a2d4851a1d" />
    <TestEntry testId="e5dab2f0-3620-fd09-04be-87614dc788f5" executionId="a77001c8-8e64-4f7e-bbcb-e92753925be0" testListId="8c84fa94-04c1-424b-9868-57a2d4851a1d" />
    <TestEntry testId="c8a0e1d0-6712-2c11-2fd6-9d0cf00f178c" executionId="7bec7fc7-2b48-47a0-9322-f3c6edcd50e6" testListId="8c84fa94-04c1-424b-9868-57a2d4851a1d" />
    <TestEntry testId="b4a6de44-2c77-c4dc-85b9-3fc4638f76e7" executionId="46175e2e-b1e0-4090-8638-c40f4e0811b4" testListId="8c84fa94-04c1-424b-9868-57a2d4851a1d" />
    <TestEntry testId="bab55f50-cf76-acb2-247d-8822b28defba" executionId="1ea6f16a-6000-4a58-a49e-e76d3c3ab485" testListId="8c84fa94-04c1-424b-9868-57a2d4851a1d" />
    <TestEntry testId="d4efeab0-aff4-3d76-ac40-e597d003c798" executionId="38c4fa59-bfb7-4fd6-aadc-d70afb6c0e01" testListId="8c84fa94-04c1-424b-9868-57a2d4851a1d" />
    <TestEntry testId="21233428-6d0f-2766-c573-4b185be8d47b" executionId="91461f3e-7cb8-4f1f-be45-a19bf0c9c683" testListId="8c84fa94-04c1-424b-9868-57a2d4851a1d" />
    <TestEntry testId="f5342758-e8c4-a438-2214-3b4e93287b4b" executionId="d882b28b-2017-4b57-9117-3f310f50a598" testListId="8c84fa94-04c1-424b-9868-57a2d4851a1d" />
    <TestEntry testId="630c6c49-100e-a3ad-5145-7055a4cb1dd9" executionId="f8400ca6-9905-440c-996d-b512dc9e7a35" testListId="8c84fa94-04c1-424b-9868-57a2d4851a1d" />
    <TestEntry testId="065bd49c-bca8-50e5-e9aa-0a8b80dafd43" executionId="cd3d93f4-6adb-4db8-84b6-0611a0765973" testListId="8c84fa94-04c1-424b-9868-57a2d4851a1d" />
    <TestEntry testId="4184f5af-b2d4-e1c0-6da7-7cb6bdb12e9c" executionId="749c9ef9-b774-42e1-8b5f-2c1b806db0ff" testListId="8c84fa94-04c1-424b-9868-57a2d4851a1d" />
    <TestEntry testId="c0891627-3bb1-c366-1b42-62017a5f4ae1" executionId="5e1b2072-a4f2-458b-a73a-bc79671bfb4c" testListId="8c84fa94-04c1-424b-9868-57a2d4851a1d" />
    <TestEntry testId="59d0c6a8-10a5-60e4-4ac6-0d58451cb54b" executionId="87cba9fa-add9-4adc-88d4-422c51a11bd7" testListId="8c84fa94-04c1-424b-9868-57a2d4851a1d" />
    <TestEntry testId="3474595f-fbe7-422c-7477-9509bdb7f598" executionId="60af2861-8f11-4ac8-bb7b-cb233c5cd5e2" testListId="8c84fa94-04c1-424b-9868-57a2d4851a1d" />
    <TestEntry testId="83ff5d7b-9071-fe06-758f-9e6c41df7f7b" executionId="91ebdf42-49c3-45e5-b58e-a6e0d1ac90e3" testListId="8c84fa94-04c1-424b-9868-57a2d4851a1d" />
    <TestEntry testId="f638df31-8a0d-db4d-fe3c-0deb5376bf30" executionId="2d98bc1d-f5af-4cd3-a16d-4bd36055fba6" testListId="8c84fa94-04c1-424b-9868-57a2d4851a1d" />
    <TestEntry testId="18573e1e-05cf-dc5c-8acf-f32456ac11de" executionId="20b06da5-9a7f-4d94-b22d-b1e240ba2751" testListId="8c84fa94-04c1-424b-9868-57a2d4851a1d" />
    <TestEntry testId="09b482a0-0997-2d0e-5d16-1f362bb8254e" executionId="8c42e317-e1c6-4c3c-ba7b-6a65e6c823ab" testListId="8c84fa94-04c1-424b-9868-57a2d4851a1d" />
    <TestEntry testId="614bc178-bb41-5381-800a-1ca982d71716" executionId="d80f50b6-536d-441c-9645-b16ce5e84824" testListId="8c84fa94-04c1-424b-9868-57a2d4851a1d" />
    <TestEntry testId="1e064cbf-72e6-4084-0606-4cc44e078cd2" executionId="8c3988eb-8626-4ab9-8135-46ef58848bd8" testListId="8c84fa94-04c1-424b-9868-57a2d4851a1d" />
    <TestEntry testId="a2d275df-4bf1-d3f9-a19e-312ba274cf77" executionId="50cef6ad-1581-4ce7-87d6-2cbeffd776da" testListId="8c84fa94-04c1-424b-9868-57a2d4851a1d" />
    <TestEntry testId="57c75c70-0ec8-6225-c67c-b00754051474" executionId="e56fea33-50d6-4ae2-b4fd-42c4956c9d21" testListId="8c84fa94-04c1-424b-9868-57a2d4851a1d" />
    <TestEntry testId="699e0078-ff67-f67d-2b9f-71f874666e85" executionId="33706a79-b1bb-4794-9bc1-be9823578ba6" testListId="8c84fa94-04c1-424b-9868-57a2d4851a1d" />
    <TestEntry testId="412dc1bd-9e71-ca8f-24ad-386219764ec6" executionId="00e4cc3d-10f9-488e-9df4-5a1fb7604fa4" testListId="8c84fa94-04c1-424b-9868-57a2d4851a1d" />
    <TestEntry testId="6d65999e-1b01-00d0-01d1-e6c7d3a6f6a4" executionId="ad9d5745-3d4d-4ee4-9da5-c0c873d8d677" testListId="8c84fa94-04c1-424b-9868-57a2d4851a1d" />
    <TestEntry testId="5761ad12-f445-ce5c-3583-155df0ef31ed" executionId="2b9c31b3-6f2e-432b-989b-458c3eeaccad" testListId="8c84fa94-04c1-424b-9868-57a2d4851a1d" />
    <TestEntry testId="e65ba778-3817-e3dd-e946-c7d1e6b3e1df" executionId="56f624a4-f937-40f2-9f7a-4154e6816a63" testListId="8c84fa94-04c1-424b-9868-57a2d4851a1d" />
    <TestEntry testId="d9480657-c36c-1879-c6e9-dbca807ea5e2" executionId="fe2e26b8-ba34-4123-9762-4c020e8f121a" testListId="8c84fa94-04c1-424b-9868-57a2d4851a1d" />
    <TestEntry testId="4fcf7664-68f0-a073-3eb5-cb544245f477" executionId="9fb2fb9f-b1c3-496a-9d5c-f1c3057151c3" testListId="8c84fa94-04c1-424b-9868-57a2d4851a1d" />
    <TestEntry testId="ca524d45-13c3-e32e-1280-fda00b8e7c7f" executionId="0173cc36-be5b-4e0e-9229-11354d6de22c" testListId="8c84fa94-04c1-424b-9868-57a2d4851a1d" />
    <TestEntry testId="7aac0fd5-b87d-5b03-7dec-d3b9f7c95d28" executionId="5489f10e-4680-4591-b3ea-427af1d17d84" testListId="8c84fa94-04c1-424b-9868-57a2d4851a1d" />
    <TestEntry testId="7119413e-e57c-f21d-5779-fcfcd0145e21" executionId="538949ed-efb4-4edc-91b4-35336fc04644" testListId="8c84fa94-04c1-424b-9868-57a2d4851a1d" />
    <TestEntry testId="cf51281b-37fb-1297-5497-358eb26c5740" executionId="9819bce9-dc2c-4520-b229-8040b8ad2c87" testListId="8c84fa94-04c1-424b-9868-57a2d4851a1d" />
    <TestEntry testId="8728cd3b-db11-89aa-c2c2-619494b43a8e" executionId="956d8d5f-0144-464b-b090-4992ada33450" testListId="8c84fa94-04c1-424b-9868-57a2d4851a1d" />
    <TestEntry testId="1dc3e485-e296-f5d9-f271-1712d6690fdf" executionId="f30d7144-7504-45a2-ab1c-0adfe87df65c" testListId="8c84fa94-04c1-424b-9868-57a2d4851a1d" />
    <TestEntry testId="75d5f092-1977-d9a5-922e-d35f550c184f" executionId="6a4c26c3-658e-4505-9336-7c6a662919dc" testListId="8c84fa94-04c1-424b-9868-57a2d4851a1d" />
    <TestEntry testId="8afc5f37-5c9f-05f1-a907-b9d3a86ff4ef" executionId="5b2f1b60-bec6-401c-bbc6-fd27d4d98537" testListId="8c84fa94-04c1-424b-9868-57a2d4851a1d" />
    <TestEntry testId="50974a82-736f-8ed8-0499-235801288c51" executionId="d4a80e01-40f4-43e8-ade0-0007011f7960" testListId="8c84fa94-04c1-424b-9868-57a2d4851a1d" />
    <TestEntry testId="41740b73-0f5d-aabe-8c4f-3c46cc63add2" executionId="8b63278b-edda-44f9-8cfe-6680034c27b6" testListId="8c84fa94-04c1-424b-9868-57a2d4851a1d" />
    <TestEntry testId="46cd727a-c1d2-4fdd-a223-6a2705ce63bd" executionId="15058a36-ea82-4a2b-9935-af7d56b3f4a7" testListId="8c84fa94-04c1-424b-9868-57a2d4851a1d" />
    <TestEntry testId="126b408e-6cd4-1009-ac15-690b45ec3d29" executionId="e19d71c7-906b-4b65-b0f1-6ffb5a263770" testListId="8c84fa94-04c1-424b-9868-57a2d4851a1d" />
    <TestEntry testId="f23b9530-1aa3-4624-74e0-9d51378c158f" executionId="1be0a394-81d2-4650-8907-882ea2f9e575" testListId="8c84fa94-04c1-424b-9868-57a2d4851a1d" />
    <TestEntry testId="9660105a-5220-ee33-0c49-e88a33d03481" executionId="3d3090e1-12fa-4a2e-b7de-37e647e06425" testListId="8c84fa94-04c1-424b-9868-57a2d4851a1d" />
    <TestEntry testId="265d5f15-e02f-ac09-3c06-0b36676e99fa" executionId="0451edeb-9fa1-471b-a87f-5a5acd6f8190" testListId="8c84fa94-04c1-424b-9868-57a2d4851a1d" />
    <TestEntry testId="7200b550-4c86-3369-d09a-e629ab153ef2" executionId="00f2df25-1a78-4a2b-81f2-d52d187aa3c4" testListId="8c84fa94-04c1-424b-9868-57a2d4851a1d" />
    <TestEntry testId="df3593b7-00c9-d5cb-a9a0-a08dc9aef95b" executionId="047951bf-b77f-4eb6-9831-582929f72f4c" testListId="8c84fa94-04c1-424b-9868-57a2d4851a1d" />
    <TestEntry testId="6ffa0f75-f3fb-9ed5-36b1-66677d42394a" executionId="c7c471e2-289f-478c-8918-a69dac7bc926" testListId="8c84fa94-04c1-424b-9868-57a2d4851a1d" />
    <TestEntry testId="d8514299-c571-db0c-a51b-06d4f7c8e3b5" executionId="64f1c5f1-eafe-4455-88d2-996b5d3c04a9" testListId="8c84fa94-04c1-424b-9868-57a2d4851a1d" />
    <TestEntry testId="5a0bf2f3-97be-bfc9-d34a-903505234358" executionId="57523df2-181e-42e9-b7d4-cb07f17d64a0" testListId="8c84fa94-04c1-424b-9868-57a2d4851a1d" />
    <TestEntry testId="1ff34d0b-f268-2cfb-ba56-b6b09170c95b" executionId="6f7a6d77-0036-4bde-bc22-3f2de116e8e0" testListId="8c84fa94-04c1-424b-9868-57a2d4851a1d" />
    <TestEntry testId="d0b2bd17-4598-09df-0d23-11ac5b5ed4ec" executionId="008067c0-7262-4628-a629-99b7ccd951b5" testListId="8c84fa94-04c1-424b-9868-57a2d4851a1d" />
    <TestEntry testId="6284b2eb-6b5a-b445-fd6a-08c9071f6b9c" executionId="b40799ff-189c-4e39-85c3-f3642f3d69db" testListId="8c84fa94-04c1-424b-9868-57a2d4851a1d" />
    <TestEntry testId="597149c1-5c77-ba04-1813-a39f871ffe26" executionId="d86d62ad-7a1d-4ee2-ab44-299920a58a5f" testListId="8c84fa94-04c1-424b-9868-57a2d4851a1d" />
    <TestEntry testId="68c365fa-59cc-ff58-37dc-1bd6b9f6491f" executionId="e052817a-c9c2-4a7b-ae89-3202de875d16" testListId="8c84fa94-04c1-424b-9868-57a2d4851a1d" />
    <TestEntry testId="5248364a-cb81-388c-cc86-e995f86e2a0d" executionId="be3641cf-cb2c-4375-b322-d92a7c8977c4" testListId="8c84fa94-04c1-424b-9868-57a2d4851a1d" />
    <TestEntry testId="b82718d8-741c-0fe4-e6da-56431432a20e" executionId="eafd1363-6b61-4893-8902-9c2aa85854d9" testListId="8c84fa94-04c1-424b-9868-57a2d4851a1d" />
    <TestEntry testId="f909d17f-a048-efe3-acd7-e654dec11d8b" executionId="79fe79c9-7e71-4772-abdd-b0426a31c829" testListId="8c84fa94-04c1-424b-9868-57a2d4851a1d" />
    <TestEntry testId="8801ffc2-1aa8-685f-bb85-653a5cd8eb94" executionId="70cc681d-670f-49bb-9e61-a6daeb0dcba1" testListId="8c84fa94-04c1-424b-9868-57a2d4851a1d" />
    <TestEntry testId="fb0ba314-2294-604a-1fa2-1994a56f5271" executionId="3c491214-0eda-404f-8b4f-ac85d890f050" testListId="8c84fa94-04c1-424b-9868-57a2d4851a1d" />
    <TestEntry testId="ec1f1172-ba94-d84f-6c43-763d313a4676" executionId="507fa2a8-2652-463d-a7f4-8b30c95ddca6" testListId="8c84fa94-04c1-424b-9868-57a2d4851a1d" />
    <TestEntry testId="77b9d51a-a279-5421-de35-5438da9e49df" executionId="de717c54-25a2-4d1e-b1bd-b1e0bb2be583" testListId="8c84fa94-04c1-424b-9868-57a2d4851a1d" />
    <TestEntry testId="b5b8b0d5-2246-4416-9935-4e5632ca3f17" executionId="d6d833f9-065c-4d9c-ae0c-765dc6e59fab" testListId="8c84fa94-04c1-424b-9868-57a2d4851a1d" />
    <TestEntry testId="c8329db2-c523-d71b-5638-a52f80694c7e" executionId="12d51301-9015-4b96-833d-151b941a9a6e" testListId="8c84fa94-04c1-424b-9868-57a2d4851a1d" />
    <TestEntry testId="6a979237-a18b-94bc-e47e-ca36dfbd816b" executionId="711441e1-641c-4d0a-9fcc-1542b0bc967b" testListId="8c84fa94-04c1-424b-9868-57a2d4851a1d" />
    <TestEntry testId="9c074071-b890-c25c-2b9a-42ad73d53a2a" executionId="c6b04666-fdbc-4850-93a7-e0bdf5d62d3d" testListId="8c84fa94-04c1-424b-9868-57a2d4851a1d" />
    <TestEntry testId="8751b378-2478-d2e8-ff98-eb5f5e9a5b9d" executionId="73fe7819-2954-41d9-bf70-2f7a601f0e30" testListId="8c84fa94-04c1-424b-9868-57a2d4851a1d" />
    <TestEntry testId="6ff8cd02-e627-0bb9-9a66-fc71eb573fec" executionId="f3f67426-74af-4a31-ae8b-5241fd1db39c" testListId="8c84fa94-04c1-424b-9868-57a2d4851a1d" />
    <TestEntry testId="63c14431-2209-290e-6784-8d6cb6428542" executionId="7be69cb8-c992-48e5-b17f-1a1d9bf70539" testListId="8c84fa94-04c1-424b-9868-57a2d4851a1d" />
    <TestEntry testId="997f84cf-bdc5-bd89-03ec-cbf394a13c8b" executionId="a7303020-95cc-4735-b6c1-62e9dafce8dc" testListId="8c84fa94-04c1-424b-9868-57a2d4851a1d" />
    <TestEntry testId="d4a0d41c-5eef-1d5a-c9c2-8c16bbe8e44d" executionId="fb331083-9f10-4393-ace2-b2eb8caa4383" testListId="8c84fa94-04c1-424b-9868-57a2d4851a1d" />
    <TestEntry testId="0456f2ad-c6dd-63ab-08db-4886322b46fd" executionId="b0bed1e8-4b8c-46ac-a249-d7ef7ed2bd39" testListId="8c84fa94-04c1-424b-9868-57a2d4851a1d" />
    <TestEntry testId="8606110e-b4fa-7b9b-1f60-3a924efe2eef" executionId="f71ff884-d7df-4417-ab4f-2bb7f7dc1b68" testListId="8c84fa94-04c1-424b-9868-57a2d4851a1d" />
    <TestEntry testId="79602ae7-b166-8904-0278-f066fb608eeb" executionId="697cfa05-e014-4af9-95c7-22b137371b46" testListId="8c84fa94-04c1-424b-9868-57a2d4851a1d" />
    <TestEntry testId="f5293418-5216-fc3b-323a-25d39fefc9d0" executionId="d8515daf-dcc6-471c-8991-e7e77a019275" testListId="8c84fa94-04c1-424b-9868-57a2d4851a1d" />
    <TestEntry testId="eb77de9a-124a-9480-5d4c-a79996de10ba" executionId="103e467b-d19f-4e5e-bfec-ed26fd99811f" testListId="8c84fa94-04c1-424b-9868-57a2d4851a1d" />
    <TestEntry testId="57c9ab83-c808-b779-ff24-fd51d6596505" executionId="25653962-fbbe-4c0a-ac86-b1d240fb2b41" testListId="8c84fa94-04c1-424b-9868-57a2d4851a1d" />
    <TestEntry testId="bbf9b0ad-6cd9-2e05-0096-e9a8e49a82a2" executionId="2078248b-b4b9-47d2-ba47-8af5253f492d" testListId="8c84fa94-04c1-424b-9868-57a2d4851a1d" />
    <TestEntry testId="d780b406-2877-14bc-7fc8-f9dab6e94077" executionId="d2adeb01-eda9-4f21-a148-b837c9338330" testListId="8c84fa94-04c1-424b-9868-57a2d4851a1d" />
    <TestEntry testId="b3c6ad9a-f4d2-b958-dc1e-23cc1e5a4cfb" executionId="b8103de2-122d-49e5-9bdd-8c7055ef621e" testListId="8c84fa94-04c1-424b-9868-57a2d4851a1d" />
    <TestEntry testId="96e88cbe-2c37-4067-1b71-3472f4dfe739" executionId="b9f26722-4908-443d-9bff-fcb7a5e46e87" testListId="8c84fa94-04c1-424b-9868-57a2d4851a1d" />
    <TestEntry testId="e2fa2fab-4dcd-360b-dbce-94d5fe1299ed" executionId="df3fa1c1-503e-4a71-8c00-18dd7228e582" testListId="8c84fa94-04c1-424b-9868-57a2d4851a1d" />
    <TestEntry testId="e6a4b5f4-eee7-3951-0dfa-af696f388c09" executionId="50c19014-fcb5-4c25-ab24-d28bea8e7cd1" testListId="8c84fa94-04c1-424b-9868-57a2d4851a1d" />
    <TestEntry testId="817bdf08-3485-d1c9-9df0-b33fcaa3fee8" executionId="5ff75d54-3ce8-4bdf-b599-dbe608492c52" testListId="8c84fa94-04c1-424b-9868-57a2d4851a1d" />
    <TestEntry testId="d12cfbbb-1ab5-84c3-20d1-c950c9ccf1ed" executionId="1fd22533-72ea-4ae3-9c47-89398f0bfe6c" testListId="8c84fa94-04c1-424b-9868-57a2d4851a1d" />
    <TestEntry testId="6f8bd9db-8210-4e92-1067-a6fba3001169" executionId="11f51889-ad0b-4e63-86a0-982eefca294b" testListId="8c84fa94-04c1-424b-9868-57a2d4851a1d" />
    <TestEntry testId="6ca4f350-79cf-0d3e-df5c-e65a047411db" executionId="a77d57ca-9e8f-4a39-b63c-b6f874db8210" testListId="8c84fa94-04c1-424b-9868-57a2d4851a1d" />
    <TestEntry testId="da69d0ff-4ed3-8a54-cc3b-f6c5c50df99c" executionId="4b36f2df-e86c-4760-94f1-b259fe149b20" testListId="8c84fa94-04c1-424b-9868-57a2d4851a1d" />
    <TestEntry testId="25d407ac-a5ec-3997-9e4c-587445ecf742" executionId="7f7ad5cf-c035-4eee-84c0-6942599ef251" testListId="8c84fa94-04c1-424b-9868-57a2d4851a1d" />
    <TestEntry testId="4d290eba-57d3-fde3-6439-a7be1e2da2e8" executionId="ee9c08dc-fe69-4f21-be34-6452d9443fa1" testListId="8c84fa94-04c1-424b-9868-57a2d4851a1d" />
    <TestEntry testId="68fe325e-a25a-1ac8-f9a6-6003e04ca98d" executionId="9dc62bc2-8394-4b2a-be0e-5692cfea67f7" testListId="8c84fa94-04c1-424b-9868-57a2d4851a1d" />
    <TestEntry testId="b22de866-c6bd-b576-4c6e-f86b9795a6d4" executionId="72402046-5d1b-4d0a-a265-6ee7a2ed3a0f" testListId="8c84fa94-04c1-424b-9868-57a2d4851a1d" />
    <TestEntry testId="8ccc82e1-31d2-13cc-6ada-a9477cb66acc" executionId="4cedd080-7fcc-4441-be16-ec4c731e6817" testListId="8c84fa94-04c1-424b-9868-57a2d4851a1d" />
    <TestEntry testId="e0d2829e-0c3d-6d52-067a-2d7e90fbec4f" executionId="0dc6168c-7837-4854-8e9b-fc080d543372" testListId="8c84fa94-04c1-424b-9868-57a2d4851a1d" />
    <TestEntry testId="334632cb-b51e-0d95-b62b-b5ecb1c50ede" executionId="71f2ede6-4a4d-432a-836e-4ad5e9ebc9f6" testListId="8c84fa94-04c1-424b-9868-57a2d4851a1d" />
    <TestEntry testId="d1695251-91ee-cbc1-0626-5fd58b053685" executionId="0a91b35d-1590-4e67-957a-b9503c2405fa" testListId="8c84fa94-04c1-424b-9868-57a2d4851a1d" />
    <TestEntry testId="c8e2c74d-a939-9f3b-9bf4-c6147f369a1e" executionId="499a2998-292c-4c4c-a92a-a5855977bae7" testListId="8c84fa94-04c1-424b-9868-57a2d4851a1d" />
    <TestEntry testId="3c97e10b-16f7-c01d-5c65-5037d4f66ce4" executionId="de1fd9e1-3cc7-4a31-85f0-2fe930d234b9" testListId="8c84fa94-04c1-424b-9868-57a2d4851a1d" />
    <TestEntry testId="0f3de1f4-b2e2-60ce-8436-4835e90a4f00" executionId="5b2ca9f0-ff3a-44e4-9ac7-6d9f6132f900" testListId="8c84fa94-04c1-424b-9868-57a2d4851a1d" />
    <TestEntry testId="6f801ac9-c4de-b875-f7a6-b1992e189ae8" executionId="91df2010-a0fe-46ca-8a5a-40e0b492d67f" testListId="8c84fa94-04c1-424b-9868-57a2d4851a1d" />
    <TestEntry testId="c691fed8-9126-c42e-69d0-fd41e75493f7" executionId="1f6f52b4-0769-419d-8271-1cb681d147a2" testListId="8c84fa94-04c1-424b-9868-57a2d4851a1d" />
    <TestEntry testId="74a06077-3057-8bb0-6435-e7a666431553" executionId="da2c5c37-fb1c-46e4-a157-200c5d0b0add" testListId="8c84fa94-04c1-424b-9868-57a2d4851a1d" />
    <TestEntry testId="f88a4725-b8ed-82ff-2330-877f7f26d837" executionId="347b8986-3492-4f58-bc32-b416117c1ae8" testListId="8c84fa94-04c1-424b-9868-57a2d4851a1d" />
    <TestEntry testId="a520717e-6ccc-efec-699a-74671663f97d" executionId="e080f740-9985-45aa-b3cc-5639017c0cdb" testListId="8c84fa94-04c1-424b-9868-57a2d4851a1d" />
    <TestEntry testId="5c074d24-8b7e-cfca-523f-981c9fb6d139" executionId="5c260604-6fa8-401f-90c3-9fb3d1dbc520" testListId="8c84fa94-04c1-424b-9868-57a2d4851a1d" />
    <TestEntry testId="22482f42-f088-7106-844a-b0b41346a82c" executionId="1db56b84-b657-4fb1-9f5a-b3d698c2b0fc" testListId="8c84fa94-04c1-424b-9868-57a2d4851a1d" />
    <TestEntry testId="804cefc7-3428-79f2-0614-07b428acd28e" executionId="7355e150-60f7-4a34-9863-6dff1bc15810" testListId="8c84fa94-04c1-424b-9868-57a2d4851a1d" />
    <TestEntry testId="130f5588-98db-6b1d-ca48-bcfd91f22303" executionId="59355e69-0457-4fa6-9f55-2b94776fab20" testListId="8c84fa94-04c1-424b-9868-57a2d4851a1d" />
    <TestEntry testId="42ec4ac1-983e-edd6-1b56-da49e8471221" executionId="ac0e573f-2735-49d1-a2a3-582dd8c1ca54" testListId="8c84fa94-04c1-424b-9868-57a2d4851a1d" />
    <TestEntry testId="0b7c8fba-72eb-8caf-ac81-66f7e1f0e377" executionId="528d2620-545b-461e-8435-eb56a36160e2" testListId="8c84fa94-04c1-424b-9868-57a2d4851a1d" />
    <TestEntry testId="81bede6e-b970-879f-0f51-3f5d346de716" executionId="fde58d00-be00-47d9-9476-a26d6a36c745" testListId="8c84fa94-04c1-424b-9868-57a2d4851a1d" />
    <TestEntry testId="1bf3bb1b-b80b-cd73-0615-5326fdb7f40f" executionId="b79ac6e2-9232-425d-9f18-87b5e6015fb8" testListId="8c84fa94-04c1-424b-9868-57a2d4851a1d" />
    <TestEntry testId="040ec28d-0ce6-c2d3-154b-c9dd9827f70e" executionId="27b5c9ce-9562-49ca-a0c5-04db32f59c09" testListId="8c84fa94-04c1-424b-9868-57a2d4851a1d" />
    <TestEntry testId="ff954919-a809-3bf8-adaf-b93758a10786" executionId="327c899b-66bb-4b57-9a7a-02297cf89216" testListId="8c84fa94-04c1-424b-9868-57a2d4851a1d" />
    <TestEntry testId="4343635f-7694-f67b-db50-81f7cc627131" executionId="4b5bde1c-1a60-4ebe-b5c8-25112b8c237b" testListId="8c84fa94-04c1-424b-9868-57a2d4851a1d" />
    <TestEntry testId="c0abdbb5-6c73-ed79-78a9-b6dd0157732b" executionId="83d05096-ff90-44a2-b9c9-64e3a729f90f" testListId="8c84fa94-04c1-424b-9868-57a2d4851a1d" />
    <TestEntry testId="2cf56132-51f6-ce17-c209-9c44eb3e7058" executionId="e603d619-424f-4946-ba28-ba1648031aea" testListId="8c84fa94-04c1-424b-9868-57a2d4851a1d" />
    <TestEntry testId="7c20882e-2609-915b-37b6-e41f3bd0dbc7" executionId="99758fc3-e632-455c-bc2a-760c43370c65" testListId="8c84fa94-04c1-424b-9868-57a2d4851a1d" />
    <TestEntry testId="bc663c58-4b52-a612-1cb6-d73b76de9962" executionId="5db064d1-1fab-42cc-ac63-d608d255644a" testListId="8c84fa94-04c1-424b-9868-57a2d4851a1d" />
    <TestEntry testId="d54ab2a5-3abc-11fe-2fa6-ea772cbef18a" executionId="bf404c33-275f-4572-bbe8-e56c700533fe" testListId="8c84fa94-04c1-424b-9868-57a2d4851a1d" />
    <TestEntry testId="dae8352c-92bd-e8d1-a2a7-e96dfc77fe9f" executionId="7b69c67d-3d21-42e4-8820-3936797ef656" testListId="8c84fa94-04c1-424b-9868-57a2d4851a1d" />
    <TestEntry testId="472a7af0-91e3-8057-b091-26378ec50b80" executionId="1d1e1b51-aa67-4de7-8a37-d38da7855af1" testListId="8c84fa94-04c1-424b-9868-57a2d4851a1d" />
    <TestEntry testId="b3f575ff-34dd-078d-71c8-6268d54a3152" executionId="5255a21a-9a09-4a28-8ae2-a08ff5e55be3" testListId="8c84fa94-04c1-424b-9868-57a2d4851a1d" />
    <TestEntry testId="ed34a6a5-ca42-ce49-59b4-93b530f70f4d" executionId="996281df-ef81-4f45-aab0-d1dffaf85376" testListId="8c84fa94-04c1-424b-9868-57a2d4851a1d" />
    <TestEntry testId="637f1202-d379-3c16-2198-fdd4b66cb681" executionId="c034843e-2ebc-4e70-9b10-f6d9796a4f91" testListId="8c84fa94-04c1-424b-9868-57a2d4851a1d" />
    <TestEntry testId="e2fe134d-3006-9e4d-3bf3-81a128e7ab8b" executionId="09c07ac7-2cf3-4ae6-852c-4d26e2fbb109" testListId="8c84fa94-04c1-424b-9868-57a2d4851a1d" />
    <TestEntry testId="259b2f6d-2f3d-c992-812b-c1502af0b55f" executionId="719d1539-67b2-4c0e-b157-d002ddff6b3c" testListId="8c84fa94-04c1-424b-9868-57a2d4851a1d" />
    <TestEntry testId="3d037075-738f-f3b3-8730-5e7b0494f58a" executionId="fa43a5ff-8e95-4c78-8f16-46aa0d8452ec" testListId="8c84fa94-04c1-424b-9868-57a2d4851a1d" />
    <TestEntry testId="de86e775-3f25-b412-e7be-72a82e582f65" executionId="7a1623a7-9a1f-46f8-a786-ef86f75aa307" testListId="8c84fa94-04c1-424b-9868-57a2d4851a1d" />
    <TestEntry testId="df00c239-0d5e-3d40-aaf8-b2078d397b27" executionId="152b9939-ccf7-4ce2-a1b3-6b714039f71f" testListId="8c84fa94-04c1-424b-9868-57a2d4851a1d" />
    <TestEntry testId="6c5040f8-5427-b2ed-74a3-038b5a49454f" executionId="e24d77ae-a380-4464-8992-99f41ebca0ae" testListId="8c84fa94-04c1-424b-9868-57a2d4851a1d" />
    <TestEntry testId="ec29f196-5d78-9bc0-0c47-028421c1fbb4" executionId="cb2dd3e9-2ad0-407f-95ee-373bcc7bc17c" testListId="8c84fa94-04c1-424b-9868-57a2d4851a1d" />
    <TestEntry testId="04e51b36-03b1-34d5-f535-16a18e5d3e98" executionId="dba4d602-3a5e-4f2a-a29e-3faf716bdca8" testListId="8c84fa94-04c1-424b-9868-57a2d4851a1d" />
    <TestEntry testId="3f19c2ff-df25-c2cb-e346-3bfab08d5257" executionId="14bbf9e8-5a77-4ae2-b370-85ea1061d2f8" testListId="8c84fa94-04c1-424b-9868-57a2d4851a1d" />
    <TestEntry testId="7b2554e4-dcc6-8434-7750-cd47ed3a7858" executionId="15edf8d4-b0e4-49cf-9be7-bc8df24c07da" testListId="8c84fa94-04c1-424b-9868-57a2d4851a1d" />
    <TestEntry testId="5cf3426c-93de-e47a-6bdb-35cbea4ed512" executionId="d487f42c-345a-4dae-a438-d0ccd00a642c" testListId="8c84fa94-04c1-424b-9868-57a2d4851a1d" />
    <TestEntry testId="076cfb1b-94cd-cdae-aa55-15c605c82c0c" executionId="a30fe50a-8444-4410-a6c4-5a34e6084cec" testListId="8c84fa94-04c1-424b-9868-57a2d4851a1d" />
    <TestEntry testId="193ef322-3a9f-73f5-8ca2-01ffd34c71e5" executionId="11126db0-6554-4ba9-9958-b4791d56f04e" testListId="8c84fa94-04c1-424b-9868-57a2d4851a1d" />
    <TestEntry testId="8545239c-2d76-a97e-527e-6e3c30c7c7ce" executionId="9e84f297-25c2-49ac-9b92-1acee0e0ae6b" testListId="8c84fa94-04c1-424b-9868-57a2d4851a1d" />
    <TestEntry testId="a94de9e0-d357-9956-bb85-157dd1b8b2ad" executionId="533878b1-32dd-4d1b-b9d4-f22987e6b95f" testListId="8c84fa94-04c1-424b-9868-57a2d4851a1d" />
    <TestEntry testId="6aa9d1b4-256b-969d-ac98-dd228b6772ee" executionId="cbcb0cf7-abda-4cf2-8b8d-6986908fdd70" testListId="8c84fa94-04c1-424b-9868-57a2d4851a1d" />
    <TestEntry testId="6c401c1d-7853-203e-ed50-499fadc5448e" executionId="49edd93d-4f26-4572-b7af-5129a915c3fd" testListId="8c84fa94-04c1-424b-9868-57a2d4851a1d" />
    <TestEntry testId="a096b663-6b69-9f43-e3ea-4afe858c5872" executionId="36af8cfa-26b2-428d-a9dc-3cbaef1c1cb8" testListId="8c84fa94-04c1-424b-9868-57a2d4851a1d" />
    <TestEntry testId="a58bf2dd-e946-f2d3-21d9-8449df9769df" executionId="d9e5180b-566d-4083-ae12-4d24896fb65e" testListId="8c84fa94-04c1-424b-9868-57a2d4851a1d" />
    <TestEntry testId="508300a0-833a-5946-872b-c7161fbce9d1" executionId="0215d87c-573e-4bb6-9dad-12a8fe00bee8" testListId="8c84fa94-04c1-424b-9868-57a2d4851a1d" />
    <TestEntry testId="1fae9aa2-a59e-867c-953f-fe5d046687fc" executionId="90ce6518-b5ca-40ec-8b61-41fe591b9826" testListId="8c84fa94-04c1-424b-9868-57a2d4851a1d" />
    <TestEntry testId="b8fd30f1-a08e-dee6-f707-844684686595" executionId="c53191b6-26be-47bb-8cab-7c26f01e06d2" testListId="8c84fa94-04c1-424b-9868-57a2d4851a1d" />
    <TestEntry testId="194a3312-02fe-172d-ed3b-01b403aa4fd8" executionId="0cc695e7-701c-408e-a4ab-da5f2488f78e" testListId="8c84fa94-04c1-424b-9868-57a2d4851a1d" />
    <TestEntry testId="10d5db04-ee55-bcea-7233-0c5e74566f28" executionId="10d4a49d-cb19-4c84-b90e-0adbc170ab93" testListId="8c84fa94-04c1-424b-9868-57a2d4851a1d" />
    <TestEntry testId="f23fd81f-11c2-74a8-a291-df30d65f281b" executionId="954e7b02-3bf1-4abd-9459-1e66b372bb77" testListId="8c84fa94-04c1-424b-9868-57a2d4851a1d" />
    <TestEntry testId="4cd7415d-d1dc-dfe4-d42c-0d3dc181d033" executionId="45ff98fd-8b5c-435b-ab2b-dd8f771a5c6b" testListId="8c84fa94-04c1-424b-9868-57a2d4851a1d" />
    <TestEntry testId="6510d799-10aa-b5d6-9b8c-42ec3f8c3da5" executionId="52b2877b-64cd-4d76-a706-1928599400ec" testListId="8c84fa94-04c1-424b-9868-57a2d4851a1d" />
    <TestEntry testId="894a5d72-ee55-99bd-582f-5b13739439e3" executionId="221cfb17-88d2-4ad8-a294-8ed840aacbe4" testListId="8c84fa94-04c1-424b-9868-57a2d4851a1d" />
    <TestEntry testId="a7240e15-ddd8-3f19-5a5a-c962b3e11653" executionId="9c91e95f-1018-49a8-82bf-103052ff15fe" testListId="8c84fa94-04c1-424b-9868-57a2d4851a1d" />
    <TestEntry testId="825486bc-3492-c2ac-63c3-be219ddeecf8" executionId="1398a39d-8143-45bb-8055-9e6104a93bab" testListId="8c84fa94-04c1-424b-9868-57a2d4851a1d" />
    <TestEntry testId="f24bf065-d0a4-b41b-07bd-3c45dbeb56af" executionId="15625c30-2cfd-4d59-95b4-04a66ca15cd7" testListId="8c84fa94-04c1-424b-9868-57a2d4851a1d" />
    <TestEntry testId="8d289615-96cc-1505-0f24-b94999af187f" executionId="7bf183ea-d136-4c59-88fc-508cc1d843aa" testListId="8c84fa94-04c1-424b-9868-57a2d4851a1d" />
    <TestEntry testId="752defa0-d8d7-b81a-eeea-15c17f91496c" executionId="7f6bec31-3e14-4fdc-aa9c-af6b31eefa9d" testListId="8c84fa94-04c1-424b-9868-57a2d4851a1d" />
    <TestEntry testId="b0ebae1a-2d62-4c99-6f2f-c32e2880c559" executionId="f5c70f95-1c26-4859-aa90-7ab87ffdfa24" testListId="8c84fa94-04c1-424b-9868-57a2d4851a1d" />
    <TestEntry testId="4ea0f0f9-1d32-54e7-dde4-8492b29bcda4" executionId="27d45f09-faf4-4b6f-965e-bd63272de740" testListId="8c84fa94-04c1-424b-9868-57a2d4851a1d" />
    <TestEntry testId="72d5d433-4a03-98ef-f6c8-502f1204c023" executionId="65df73cc-2b32-4a17-8caf-c0666db13e38" testListId="8c84fa94-04c1-424b-9868-57a2d4851a1d" />
    <TestEntry testId="d6c356c4-5d82-2f4c-25d8-caa61a81fd62" executionId="b4cd1270-d9cd-4ce0-85fe-a38d68a52041" testListId="8c84fa94-04c1-424b-9868-57a2d4851a1d" />
    <TestEntry testId="6e01a7ba-3878-bdc3-5fb7-4ccf5abed61e" executionId="964624da-260e-45f0-8147-e4e66253c493" testListId="8c84fa94-04c1-424b-9868-57a2d4851a1d" />
    <TestEntry testId="b93f8aeb-f38d-be1c-b5ff-b1d0aa2f510b" executionId="389821e1-e6af-4814-92bf-99ddec630721" testListId="8c84fa94-04c1-424b-9868-57a2d4851a1d" />
    <TestEntry testId="0f83d2eb-ed2b-4789-817b-d78d337fe0ac" executionId="95650041-f236-4ce8-a1d8-e10d8db6c340" testListId="8c84fa94-04c1-424b-9868-57a2d4851a1d" />
    <TestEntry testId="c952e77d-babe-d985-78b2-05a56de7d165" executionId="9c50fa13-29e8-48a0-9135-3442434897aa" testListId="8c84fa94-04c1-424b-9868-57a2d4851a1d" />
    <TestEntry testId="d34dd7fe-8729-4b0f-024b-311388e37f59" executionId="eaf37363-c049-4d85-83a9-8adb4a436395" testListId="8c84fa94-04c1-424b-9868-57a2d4851a1d" />
    <TestEntry testId="9fbd3a87-0b1f-d820-0ca7-d67bad1e344b" executionId="c73bc788-e468-4f10-9531-adca05c4619f" testListId="8c84fa94-04c1-424b-9868-57a2d4851a1d" />
    <TestEntry testId="6c177ce0-4aee-ec4f-3402-143bf0a901e4" executionId="be6ecf26-5436-4325-bb77-1c9a4818a294" testListId="8c84fa94-04c1-424b-9868-57a2d4851a1d" />
    <TestEntry testId="d1e76cc2-ab5f-a34e-3d3d-b06689c7ae55" executionId="a631ba18-2602-4da8-ba61-263499f88dab" testListId="8c84fa94-04c1-424b-9868-57a2d4851a1d" />
    <TestEntry testId="9e734b36-763d-9f19-eee0-9fa8698739c0" executionId="81fbc6ea-961f-42b9-aafe-be335c75f0c2" testListId="8c84fa94-04c1-424b-9868-57a2d4851a1d" />
    <TestEntry testId="61a93953-8691-a5db-b725-20c4afc63457" executionId="b4705768-0c58-4ec7-9b6b-4ef923477e49" testListId="8c84fa94-04c1-424b-9868-57a2d4851a1d" />
    <TestEntry testId="d64b8e6a-a1d7-a0f5-cd3c-a149a882c081" executionId="3a7dc424-683f-4aff-a989-2ad176ab3fe5" testListId="8c84fa94-04c1-424b-9868-57a2d4851a1d" />
    <TestEntry testId="7a3c7b7e-59f1-5d62-4392-4b4b626c0ae9" executionId="3db7117c-cec9-4d50-9311-6b1a636d4bdb" testListId="8c84fa94-04c1-424b-9868-57a2d4851a1d" />
    <TestEntry testId="746bcc8a-a0cd-be32-0efa-3c8ed89cae74" executionId="6beefbb8-fdb3-4df8-9d5a-739c398f7d63" testListId="8c84fa94-04c1-424b-9868-57a2d4851a1d" />
    <TestEntry testId="1c20baf1-7119-9b0d-a43b-88f180c69ef0" executionId="1aa65883-d298-438b-b047-ba5989552817" testListId="8c84fa94-04c1-424b-9868-57a2d4851a1d" />
    <TestEntry testId="e161d28c-ddfe-753e-21f8-39700db06ba0" executionId="24e73ad1-acfc-4607-a4a3-0130a53c4855" testListId="8c84fa94-04c1-424b-9868-57a2d4851a1d" />
    <TestEntry testId="e43fc2e6-ad81-e3cd-1cd5-86f5a42934b5" executionId="5f9b763d-0196-4766-a5ad-7883ac984c01" testListId="8c84fa94-04c1-424b-9868-57a2d4851a1d" />
    <TestEntry testId="b22f1a3c-45aa-eaa4-0c9e-a112e43f873e" executionId="6e5dc389-eb6c-46f6-b4a2-913cc2120d68" testListId="8c84fa94-04c1-424b-9868-57a2d4851a1d" />
    <TestEntry testId="3785e267-6029-66a3-14d4-17ccfe725583" executionId="408116e3-beb5-4ac2-bf52-121119f0a11d" testListId="8c84fa94-04c1-424b-9868-57a2d4851a1d" />
    <TestEntry testId="9a317c0e-f0d9-8826-bb20-a3aa04194d0a" executionId="5da745a8-663b-41b6-9186-f1c4f4dbb9aa" testListId="8c84fa94-04c1-424b-9868-57a2d4851a1d" />
    <TestEntry testId="f2f721e5-24e2-5524-2d84-1567c1045d78" executionId="1541f783-d4ce-4bd1-9a6b-c3dbd14b2c55" testListId="8c84fa94-04c1-424b-9868-57a2d4851a1d" />
    <TestEntry testId="09b6476f-5f57-af66-ec75-2bdb8b45fe24" executionId="9ac19e98-606c-405b-b32a-5bea6f41db14" testListId="8c84fa94-04c1-424b-9868-57a2d4851a1d" />
    <TestEntry testId="5d2ab3cc-1da7-4252-6b9e-8764661a7eec" executionId="84adadf6-7322-434b-a1bb-6bacb06ebd03" testListId="8c84fa94-04c1-424b-9868-57a2d4851a1d" />
    <TestEntry testId="98e63dba-6d9e-7119-afa0-c4537c9ca366" executionId="712464b4-e4ac-45a3-a69d-b0c0160452a2" testListId="8c84fa94-04c1-424b-9868-57a2d4851a1d" />
    <TestEntry testId="8cceedb9-4d83-22a2-ec26-ff0d53fbb5d3" executionId="bbf38047-c05d-4279-9ba0-b23eb13488d2" testListId="8c84fa94-04c1-424b-9868-57a2d4851a1d" />
    <TestEntry testId="54dd9369-ea46-13e9-7618-b5e8efe4d05f" executionId="a5fd42a8-69da-4738-9d55-11f7261fae3a" testListId="8c84fa94-04c1-424b-9868-57a2d4851a1d" />
    <TestEntry testId="d3e6b30a-398a-067b-2c7a-0956945ff11d" executionId="db18cb88-53a9-494b-9d23-e7a329ea7a90" testListId="8c84fa94-04c1-424b-9868-57a2d4851a1d" />
    <TestEntry testId="54f80413-b8fd-c102-cef8-03cdd0a1819b" executionId="c860cbd0-001f-477a-a5af-067ffa5e44ec" testListId="8c84fa94-04c1-424b-9868-57a2d4851a1d" />
    <TestEntry testId="edddd1b6-3603-4eed-ca04-30c5f2c50bb1" executionId="f71a1961-0942-4804-9ce2-ef1699b4373e" testListId="8c84fa94-04c1-424b-9868-57a2d4851a1d" />
    <TestEntry testId="75b73a3b-b452-3ac4-f6e5-a71a7529cfb1" executionId="3188b6b5-c6f1-4dd6-b36e-2e8bacf5baab" testListId="8c84fa94-04c1-424b-9868-57a2d4851a1d" />
    <TestEntry testId="e3907ebe-e3bc-4410-8213-e4304dfe145f" executionId="654ee983-104d-4eee-a19a-9271123cc3d8" testListId="8c84fa94-04c1-424b-9868-57a2d4851a1d" />
    <TestEntry testId="0617c9f4-cb39-2beb-76ab-aded0ca5222e" executionId="f92bf3da-e574-453b-ae88-2d5516353ed6" testListId="8c84fa94-04c1-424b-9868-57a2d4851a1d" />
    <TestEntry testId="10845555-f433-bddf-b73e-3a0607c32711" executionId="b9f7bc0e-d2fb-4ab4-91a0-c5869ee53f3e" testListId="8c84fa94-04c1-424b-9868-57a2d4851a1d" />
    <TestEntry testId="51968635-d12f-5238-593e-d3c2378c73db" executionId="c71259ad-6b1b-47ee-a62e-09be718eb5b0" testListId="8c84fa94-04c1-424b-9868-57a2d4851a1d" />
    <TestEntry testId="a45d3345-db16-d1db-1cb1-ef12cfbc94ca" executionId="133b8f15-b77a-43ab-a36c-e36a022f2ee3" testListId="8c84fa94-04c1-424b-9868-57a2d4851a1d" />
    <TestEntry testId="cdda66eb-4fe9-22cf-2761-13191ea24085" executionId="62916945-1c2f-465c-beb7-a0023bf5bcda" testListId="8c84fa94-04c1-424b-9868-57a2d4851a1d" />
    <TestEntry testId="a4f78ca1-d173-749a-c924-54a92a7de92d" executionId="3205cb34-928c-47e8-aaf4-73527f6788db" testListId="8c84fa94-04c1-424b-9868-57a2d4851a1d" />
    <TestEntry testId="e434ad10-1c4a-59ac-1671-2adc840f11df" executionId="29aca22b-0d84-4d2f-b74d-28ffd0ec3b13" testListId="8c84fa94-04c1-424b-9868-57a2d4851a1d" />
    <TestEntry testId="e6ea6f48-829f-3bb4-b3cc-850a5b2d429e" executionId="4b089b17-c8b1-4feb-95b0-edebe0d24736" testListId="8c84fa94-04c1-424b-9868-57a2d4851a1d" />
    <TestEntry testId="30b9eafd-17f1-ff75-c438-66071e56828d" executionId="fefaf541-1c7b-468f-8470-8f489e002a3d" testListId="8c84fa94-04c1-424b-9868-57a2d4851a1d" />
    <TestEntry testId="69dae6ed-c9d8-45c0-f1a2-52a9977fa389" executionId="b462fd4c-53a6-483f-8501-3f8f84c593bf" testListId="8c84fa94-04c1-424b-9868-57a2d4851a1d" />
    <TestEntry testId="427d35a7-cded-f96e-8ca9-f4d77f8298a1" executionId="4923faad-66ff-4e6e-a35c-126d09e6541e" testListId="8c84fa94-04c1-424b-9868-57a2d4851a1d" />
    <TestEntry testId="69e644e2-36f0-4b0c-1057-3e4c903db0ec" executionId="121e428c-6f78-4545-a2b9-763fef33361d" testListId="8c84fa94-04c1-424b-9868-57a2d4851a1d" />
    <TestEntry testId="22449ea9-c828-9210-d0c3-1ca0aacdea65" executionId="918e3bac-9fc1-46cc-9472-10f6f7552a16" testListId="8c84fa94-04c1-424b-9868-57a2d4851a1d" />
    <TestEntry testId="4f1bceb6-88cb-14d0-c387-d04592741194" executionId="657ca064-8553-4812-9ae3-9df706e4c3ca" testListId="8c84fa94-04c1-424b-9868-57a2d4851a1d" />
    <TestEntry testId="703f46ed-a414-f1c4-b5d6-a0dacbe5a21b" executionId="c4e7d1c8-6cc7-4bf7-88c8-e546a44908fc" testListId="8c84fa94-04c1-424b-9868-57a2d4851a1d" />
    <TestEntry testId="be03133c-531d-cb7b-70b6-6d7fc7fc459c" executionId="d78b11ba-a3b3-473f-b344-5fb81b1a82c6" testListId="8c84fa94-04c1-424b-9868-57a2d4851a1d" />
    <TestEntry testId="0aed0967-f5cb-eb1d-4811-1acc75168cf8" executionId="82f0609b-6f08-451b-8bff-5dedf508c546" testListId="8c84fa94-04c1-424b-9868-57a2d4851a1d" />
    <TestEntry testId="e0b18837-6a6c-dc1d-07dc-6234bd8e46a8" executionId="a4cda9b6-cf0d-41f4-a19c-d2a6ded94ea6" testListId="8c84fa94-04c1-424b-9868-57a2d4851a1d" />
    <TestEntry testId="233f512e-8019-332c-bf28-e8d332624dfb" executionId="620ad110-30ba-4d3f-8098-cdb15dae735e" testListId="8c84fa94-04c1-424b-9868-57a2d4851a1d" />
    <TestEntry testId="2131847b-a35b-18ff-3768-e0f5a03da876" executionId="14dc90de-daa3-4452-9228-766058eb7c49" testListId="8c84fa94-04c1-424b-9868-57a2d4851a1d" />
    <TestEntry testId="b4c89dc8-80d9-f7f3-981e-a0a29f3f23e3" executionId="af60127a-b90c-460f-ba57-637ffe2a2ba8" testListId="8c84fa94-04c1-424b-9868-57a2d4851a1d" />
    <TestEntry testId="824ea11d-d0e2-c3f7-aa98-05fed0d51917" executionId="0f5e7ec7-8385-49f1-83a3-693e944f9563" testListId="8c84fa94-04c1-424b-9868-57a2d4851a1d" />
    <TestEntry testId="097d61c7-fd86-8230-2ff9-ff8bd3dd066d" executionId="6568b17c-fb50-41ac-b60b-60caaa3d29d9" testListId="8c84fa94-04c1-424b-9868-57a2d4851a1d" />
    <TestEntry testId="dde12278-c5df-4d93-e4c2-1802b6f5dabf" executionId="a2913f54-5c39-4f22-b06c-5465eb2f6794" testListId="8c84fa94-04c1-424b-9868-57a2d4851a1d" />
    <TestEntry testId="82de17f7-54e2-f99e-d300-6bd3d8a2a3eb" executionId="6dfcf641-4c14-4a40-bf86-084b11b4277b" testListId="8c84fa94-04c1-424b-9868-57a2d4851a1d" />
    <TestEntry testId="b8a441a8-9773-d194-af35-bfb8cdedde0f" executionId="800a6cf9-c814-4edc-b454-6ea6cfb24bcc" testListId="8c84fa94-04c1-424b-9868-57a2d4851a1d" />
    <TestEntry testId="6ce16860-5086-8779-ca92-317e7e82f7ab" executionId="16a6cec8-3c03-439d-924c-46947f51d15f" testListId="8c84fa94-04c1-424b-9868-57a2d4851a1d" />
    <TestEntry testId="79eb1021-b34f-48c0-185c-99f62f808c62" executionId="e0a6df79-f931-48c4-8852-80f23d12659a" testListId="8c84fa94-04c1-424b-9868-57a2d4851a1d" />
    <TestEntry testId="cd60c276-9d80-fa36-759a-71812ff47662" executionId="07520b9f-0265-4423-8cc4-66292746a28a" testListId="8c84fa94-04c1-424b-9868-57a2d4851a1d" />
    <TestEntry testId="051d60ac-ba2b-436d-cd60-186f2365d041" executionId="74ed29b2-3bd3-4432-84ea-fa7906409484" testListId="8c84fa94-04c1-424b-9868-57a2d4851a1d" />
    <TestEntry testId="7d3e8dab-817c-6405-d5da-5ac4d03badf2" executionId="99519998-0518-44e5-bde3-75069cdc67ba" testListId="8c84fa94-04c1-424b-9868-57a2d4851a1d" />
    <TestEntry testId="16a3581e-ca14-c950-95ad-51cd636043bc" executionId="1648e00d-833e-4cd1-baad-514943ab53e4" testListId="8c84fa94-04c1-424b-9868-57a2d4851a1d" />
    <TestEntry testId="e6ea05e9-e6cb-4024-ad1f-c04385487810" executionId="6e9276d3-2fd8-43b3-b3f0-d9ee5f27db66" testListId="8c84fa94-04c1-424b-9868-57a2d4851a1d" />
    <TestEntry testId="937ce516-625e-959e-a419-60a747e35e75" executionId="72bddc9e-39e0-4163-8c41-43398e4a69ef" testListId="8c84fa94-04c1-424b-9868-57a2d4851a1d" />
    <TestEntry testId="6db59974-0498-647e-c3cb-27af8dcf960c" executionId="afafde53-ef3d-4a41-b16d-5c02939dae64" testListId="8c84fa94-04c1-424b-9868-57a2d4851a1d" />
    <TestEntry testId="1cf54829-aa16-468b-28f7-082f50e1fff0" executionId="4f667a3c-dd36-4ec6-9fed-17ac08a1dca6" testListId="8c84fa94-04c1-424b-9868-57a2d4851a1d" />
    <TestEntry testId="4ba78f5f-21cf-091d-f9e2-eb815bc7a89f" executionId="ca0e7fe8-e1ac-4282-9139-f95590c38dd5" testListId="8c84fa94-04c1-424b-9868-57a2d4851a1d" />
    <TestEntry testId="1796c14f-7f38-e945-3630-189aafd22352" executionId="86e5e7dc-c795-4e06-93d5-50bec212c526" testListId="8c84fa94-04c1-424b-9868-57a2d4851a1d" />
    <TestEntry testId="dd9dc598-4686-a13b-857c-ac1f3ab26b15" executionId="d7596714-0846-44df-be55-714a89521998" testListId="8c84fa94-04c1-424b-9868-57a2d4851a1d" />
    <TestEntry testId="47cd8cd7-50c9-1622-7173-45f412ec305b" executionId="baadc119-f5f8-4ff1-b7e4-f232757bb08f" testListId="8c84fa94-04c1-424b-9868-57a2d4851a1d" />
    <TestEntry testId="7ddb80ac-d411-16bd-8bb9-591ae075929f" executionId="20b86ec0-dcb1-4ca3-b254-0cad49361b0c" testListId="8c84fa94-04c1-424b-9868-57a2d4851a1d" />
    <TestEntry testId="80f38830-b9fc-e6e0-034f-c42da02dbc42" executionId="5e2103b7-dc68-4ba3-9186-166916fc6634" testListId="8c84fa94-04c1-424b-9868-57a2d4851a1d" />
    <TestEntry testId="c5348303-d7ac-637c-952c-dc4c4a0aeac5" executionId="ec453c83-8e8c-47df-bccc-8173b85ee94d" testListId="8c84fa94-04c1-424b-9868-57a2d4851a1d" />
    <TestEntry testId="4ade295d-e306-bb05-851b-0d01e7376585" executionId="bffff157-a128-4816-81aa-6f64cce1c1a9" testListId="8c84fa94-04c1-424b-9868-57a2d4851a1d" />
    <TestEntry testId="2aefc21c-1050-b998-6743-0cab10edb04c" executionId="9bd3448e-ebff-4083-b74b-06f469f107ac" testListId="8c84fa94-04c1-424b-9868-57a2d4851a1d" />
    <TestEntry testId="2991765c-dec2-3480-df51-654c422f1cd8" executionId="2436a17f-eae5-43e7-90a1-e75cdcec663b" testListId="8c84fa94-04c1-424b-9868-57a2d4851a1d" />
    <TestEntry testId="69ed0940-aee0-2aed-0804-43832203c798" executionId="202516d3-baef-4948-986d-30b95b23bcd2" testListId="8c84fa94-04c1-424b-9868-57a2d4851a1d" />
    <TestEntry testId="84f033e6-01ca-1916-500b-01e23498fdfd" executionId="81ed806a-dfd8-4ada-a097-015c5c452076" testListId="8c84fa94-04c1-424b-9868-57a2d4851a1d" />
    <TestEntry testId="c8e97f62-efd3-103b-d338-cee381405fac" executionId="00ed7a2f-e003-4c52-a6af-09c3e6f298b0" testListId="8c84fa94-04c1-424b-9868-57a2d4851a1d" />
    <TestEntry testId="6e7ccdb1-0215-699b-1013-1247564dd82b" executionId="9163c1f4-7d4a-42b2-9396-c1eaaab4869b" testListId="8c84fa94-04c1-424b-9868-57a2d4851a1d" />
    <TestEntry testId="a9cc297c-c7a7-4f0d-2ea9-36b9afae028b" executionId="00c01c24-c4d6-46fc-bd1a-e0dd8c50c8ac" testListId="8c84fa94-04c1-424b-9868-57a2d4851a1d" />
    <TestEntry testId="96a4c1e6-3cc7-0bb1-c7d6-51055f4a0124" executionId="ff2ea410-93f1-4025-be56-32dcc82d6f80" testListId="8c84fa94-04c1-424b-9868-57a2d4851a1d" />
    <TestEntry testId="e68597dc-4870-46d2-83a6-d8a07a225faa" executionId="597bce2e-94d8-4b46-aa44-80ac53725345" testListId="8c84fa94-04c1-424b-9868-57a2d4851a1d" />
    <TestEntry testId="68e55109-2a7d-56b8-8447-905f309cbed2" executionId="b56ca8ca-f8e4-4ddf-ac4c-9fa585a54bc8" testListId="8c84fa94-04c1-424b-9868-57a2d4851a1d" />
    <TestEntry testId="2730a681-172a-c99b-6105-f9958aafa962" executionId="d233aa4a-4e0d-4668-bb62-054f7821f606" testListId="8c84fa94-04c1-424b-9868-57a2d4851a1d" />
    <TestEntry testId="ca149993-f6be-2b63-d040-67a444cc3760" executionId="02baf7d0-f3f7-42dd-9316-f0e26a48a5e8" testListId="8c84fa94-04c1-424b-9868-57a2d4851a1d" />
    <TestEntry testId="ddc6eabf-c623-d590-23f3-38648bcd14e1" executionId="e9225e8c-20f4-4cbb-a5cf-27e9a226d873" testListId="8c84fa94-04c1-424b-9868-57a2d4851a1d" />
    <TestEntry testId="2314fc1c-4abf-aa3c-ab22-abb6661f576f" executionId="d6708b77-a59a-48e9-8170-4c59a6f6d23c" testListId="8c84fa94-04c1-424b-9868-57a2d4851a1d" />
    <TestEntry testId="d4a7534a-11ba-2638-4bca-c01a5433283c" executionId="1cf4e447-7ac6-4529-bdad-9b777e8c04b6" testListId="8c84fa94-04c1-424b-9868-57a2d4851a1d" />
    <TestEntry testId="2c34a6bb-b75d-72fd-0eb5-c2bbc33df6c3" executionId="948f5dd4-268a-4114-a908-b7d8ec3ed19b" testListId="8c84fa94-04c1-424b-9868-57a2d4851a1d" />
    <TestEntry testId="bccb663d-6e80-cdaa-34ff-e13591060925" executionId="0a423589-649e-44e8-860e-24365548907f" testListId="8c84fa94-04c1-424b-9868-57a2d4851a1d" />
    <TestEntry testId="e1aea82e-31ad-9506-8f1a-402fe8e5517d" executionId="49943196-77c4-4eac-aa68-31a70993f683" testListId="8c84fa94-04c1-424b-9868-57a2d4851a1d" />
    <TestEntry testId="c2cd96d9-4814-d641-9d76-94ab8111194b" executionId="e5d9bbba-b3d5-4a9e-9e99-791bc1d26a24" testListId="8c84fa94-04c1-424b-9868-57a2d4851a1d" />
    <TestEntry testId="538690fb-d715-457b-c338-5dce93c86218" executionId="ccc2c687-86ee-45c1-8944-84cf3a4354dd" testListId="8c84fa94-04c1-424b-9868-57a2d4851a1d" />
    <TestEntry testId="e27b47b2-0951-e76c-94b2-fb12712bce0f" executionId="02b52149-34c0-4758-854b-15f77a8fd2c8" testListId="8c84fa94-04c1-424b-9868-57a2d4851a1d" />
    <TestEntry testId="ef9e7612-8154-65f5-577d-355422e503a1" executionId="d018c254-ef54-4cd2-88a0-2dafe223a6a3" testListId="8c84fa94-04c1-424b-9868-57a2d4851a1d" />
    <TestEntry testId="760a0efe-6b0e-95e5-8580-5bc4fb438620" executionId="dfeb85e1-25ff-4a6b-b185-9b26dfddf1a6" testListId="8c84fa94-04c1-424b-9868-57a2d4851a1d" />
    <TestEntry testId="81e9fa06-b40b-0ce1-8410-bd6fc6a128a2" executionId="28b565fe-d55f-44ae-b517-064a8becb8bf" testListId="8c84fa94-04c1-424b-9868-57a2d4851a1d" />
    <TestEntry testId="c761f6eb-95f9-ed50-836f-42801f39523a" executionId="246e6008-b307-4917-8572-444b74f9fdbf" testListId="8c84fa94-04c1-424b-9868-57a2d4851a1d" />
    <TestEntry testId="53acb159-6e4e-8167-3891-6d73f01e96b4" executionId="02e8e95e-e5aa-44a6-82bd-b20064da5e25" testListId="8c84fa94-04c1-424b-9868-57a2d4851a1d" />
    <TestEntry testId="0f439c4e-9f83-5e82-d667-6d5a7f98440c" executionId="2b441b2b-23f3-4de3-a92b-c1f113705cdc" testListId="8c84fa94-04c1-424b-9868-57a2d4851a1d" />
    <TestEntry testId="e5aa1e96-d9a3-bb68-f4b1-e034f912e563" executionId="2e40207c-2258-410c-8f89-d2e28f28cb98" testListId="8c84fa94-04c1-424b-9868-57a2d4851a1d" />
    <TestEntry testId="e9c18483-6cdc-b6c1-4f85-5f483b09d019" executionId="54c52925-6a41-4bf0-9943-77cc36dedff4" testListId="8c84fa94-04c1-424b-9868-57a2d4851a1d" />
    <TestEntry testId="b1baddae-7ba5-ce58-c7f3-29e42f367a8a" executionId="b24fe122-b5ed-4895-aaae-f9b1b4dad398" testListId="8c84fa94-04c1-424b-9868-57a2d4851a1d" />
    <TestEntry testId="93b5b853-f286-b5b6-6f48-1a7fbeab427c" executionId="46dc5a59-7029-42bc-befe-89aa3694e5d5" testListId="8c84fa94-04c1-424b-9868-57a2d4851a1d" />
    <TestEntry testId="bf4dd4af-a398-1551-01d4-be2c0fb1ccf9" executionId="8899dbcf-ea47-465a-8496-bd40ef1ac3af" testListId="8c84fa94-04c1-424b-9868-57a2d4851a1d" />
    <TestEntry testId="e88aa9e8-bb6c-5698-3daa-d879ea7c7900" executionId="60cd6384-7f08-4e8c-bb70-8b90eefbd155" testListId="8c84fa94-04c1-424b-9868-57a2d4851a1d" />
    <TestEntry testId="b4781cbf-9537-d3ac-99e6-4f5512b74b53" executionId="ce15cc68-b66c-4870-b189-df660de94e67" testListId="8c84fa94-04c1-424b-9868-57a2d4851a1d" />
    <TestEntry testId="a21dc712-deca-5a4b-e971-c3e0b7f012fc" executionId="3f1bc78d-52b9-46d1-b076-4b7ef131d37c" testListId="8c84fa94-04c1-424b-9868-57a2d4851a1d" />
    <TestEntry testId="b383fd6c-7f9d-a34b-7857-1290cf788af5" executionId="7c14c889-69ea-474d-b4b5-a8f1afc6b12e" testListId="8c84fa94-04c1-424b-9868-57a2d4851a1d" />
    <TestEntry testId="17db097c-12f8-55b3-336a-1eed3e7d593f" executionId="4d2ff6e4-f5e8-4f51-a8c1-afffbafaf792" testListId="8c84fa94-04c1-424b-9868-57a2d4851a1d" />
    <TestEntry testId="8464ae0a-0008-aa9a-0bc0-75967211b6a8" executionId="ec55e58a-251d-4a62-8ea8-7d5fa765c45a" testListId="8c84fa94-04c1-424b-9868-57a2d4851a1d" />
    <TestEntry testId="0360c01c-426c-d1e3-cf3f-a0b674a9af99" executionId="8e1b6b1f-e208-4ac9-a0a3-a3e690e0e710" testListId="8c84fa94-04c1-424b-9868-57a2d4851a1d" />
    <TestEntry testId="4d39588c-34ea-b7a7-90db-859bd6b8b3b8" executionId="d869c4f9-bc3c-42f7-b685-7cd34fdc82c5" testListId="8c84fa94-04c1-424b-9868-57a2d4851a1d" />
    <TestEntry testId="cb3a8722-fc7d-dd2a-71ef-df322d28fe9c" executionId="7f42b7c2-2193-47b5-806c-83fb5f7c7211" testListId="8c84fa94-04c1-424b-9868-57a2d4851a1d" />
    <TestEntry testId="aebbb129-e6b5-2e02-0974-7ae74ceb03c0" executionId="ceaa285e-16e2-4f54-8924-749603fbda81" testListId="8c84fa94-04c1-424b-9868-57a2d4851a1d" />
    <TestEntry testId="79be5d62-7a99-74d9-fe2f-127f927c81af" executionId="2e9cfc2b-f0a7-47b2-8633-2a3969baa36e" testListId="8c84fa94-04c1-424b-9868-57a2d4851a1d" />
    <TestEntry testId="58f331db-3893-0439-ccba-98f96bafa497" executionId="8d61439c-f9f7-43d1-8d77-fb55e7d78a92" testListId="8c84fa94-04c1-424b-9868-57a2d4851a1d" />
    <TestEntry testId="bbec3d44-c0c6-9afa-a732-465c3f3642fa" executionId="b136eaea-6086-47d8-9c87-ab6987770e8d" testListId="8c84fa94-04c1-424b-9868-57a2d4851a1d" />
    <TestEntry testId="3dc2ef93-2a9e-17a0-7621-214804aea72b" executionId="3e3372ad-0a2b-4b7f-bda3-4dcc94e7da39" testListId="8c84fa94-04c1-424b-9868-57a2d4851a1d" />
    <TestEntry testId="d54289a5-a908-d19c-3711-2a5f63da5a52" executionId="9b99d446-2f6a-412e-8e74-cb1a782fbc4d" testListId="8c84fa94-04c1-424b-9868-57a2d4851a1d" />
    <TestEntry testId="bebfe675-00de-0530-61f9-8809fd21f00c" executionId="80b7a957-eed1-438f-9dfb-307be67c3633" testListId="8c84fa94-04c1-424b-9868-57a2d4851a1d" />
    <TestEntry testId="7a8c1b08-df1a-5650-2388-6546bf12f4da" executionId="057a299a-4779-462c-a465-52037af61152" testListId="8c84fa94-04c1-424b-9868-57a2d4851a1d" />
    <TestEntry testId="9710df6f-7afc-54b9-8fa2-058c477a15ac" executionId="57f9eb01-2594-4401-b2b9-e9d28dd0f13b" testListId="8c84fa94-04c1-424b-9868-57a2d4851a1d" />
    <TestEntry testId="917eda42-c17c-85a7-bdf7-521ffd7aca88" executionId="18b00fd5-d62a-4800-b7a9-8aded16dfc8f" testListId="8c84fa94-04c1-424b-9868-57a2d4851a1d" />
    <TestEntry testId="0af71caa-acbe-a5da-174f-71448d11ecbf" executionId="ffce1f4a-ae93-47e0-b3a6-c2812fb2ae37" testListId="8c84fa94-04c1-424b-9868-57a2d4851a1d" />
    <TestEntry testId="f2920f73-08d4-cbc6-9fe0-618c126416ab" executionId="ece0994e-2b65-47e6-8ba5-823a3ffabb5e" testListId="8c84fa94-04c1-424b-9868-57a2d4851a1d" />
    <TestEntry testId="972d3eec-d868-fb52-f967-5b8e4f9fe263" executionId="95439f7e-37b1-48e2-9d95-385f914cfac6" testListId="8c84fa94-04c1-424b-9868-57a2d4851a1d" />
    <TestEntry testId="ac3262ee-2af4-46ed-9365-6453e83a3571" executionId="91145584-76e6-48b8-86f5-e4b88792f435" testListId="8c84fa94-04c1-424b-9868-57a2d4851a1d" />
    <TestEntry testId="207c519c-ade4-1312-faba-011d74975c82" executionId="16bb445a-0f01-4683-99f8-803f0ac73f98" testListId="8c84fa94-04c1-424b-9868-57a2d4851a1d" />
    <TestEntry testId="c9c22965-040b-959d-baeb-3833b23fabe0" executionId="3c375a23-0969-4d1f-b01f-321623841552" testListId="8c84fa94-04c1-424b-9868-57a2d4851a1d" />
    <TestEntry testId="942c226a-b393-4faa-bb4f-5a57941f5ba0" executionId="b8a3491c-f547-416b-9dd0-b922a7d7e299" testListId="8c84fa94-04c1-424b-9868-57a2d4851a1d" />
    <TestEntry testId="953172f2-5ae5-3a22-e166-12eaa03cd1de" executionId="d9235f5f-7de6-45f6-b2da-238276c312f5" testListId="8c84fa94-04c1-424b-9868-57a2d4851a1d" />
    <TestEntry testId="43f3783d-2f0a-efcb-cb21-bc14b53b3538" executionId="502952cb-d5f6-4542-a938-d5f06a47629d" testListId="8c84fa94-04c1-424b-9868-57a2d4851a1d" />
    <TestEntry testId="87a7f4c4-7a67-98a5-7f61-35f494abe69c" executionId="7751e760-ea60-4d85-aa37-d8ddeb998eab" testListId="8c84fa94-04c1-424b-9868-57a2d4851a1d" />
    <TestEntry testId="714eb9fe-a526-773e-79a5-459f6a3237ba" executionId="bd4a5be0-184f-4486-8459-7eba5c6cfe06" testListId="8c84fa94-04c1-424b-9868-57a2d4851a1d" />
    <TestEntry testId="a521d166-c094-e51f-809e-1a320c0771b1" executionId="95b758b5-60ac-4650-9b1b-3c7172bd304f" testListId="8c84fa94-04c1-424b-9868-57a2d4851a1d" />
    <TestEntry testId="0953c5ee-ee82-195b-a891-4c743beee0dc" executionId="f2170e35-7e1b-47ba-91ed-2080cdd74764" testListId="8c84fa94-04c1-424b-9868-57a2d4851a1d" />
    <TestEntry testId="8d511568-82ce-a390-73e4-0a758cdaf949" executionId="f6a64d94-1224-48e7-aed1-a588c07f1418" testListId="8c84fa94-04c1-424b-9868-57a2d4851a1d" />
    <TestEntry testId="426de926-ce07-4cf6-7a01-b1a1c72d5673" executionId="62d20380-034b-41f3-a260-6a02bba83172" testListId="8c84fa94-04c1-424b-9868-57a2d4851a1d" />
    <TestEntry testId="5733e246-4fee-c43b-33c3-a1c392f0a15b" executionId="5d27241c-3c7a-4586-82cf-47b6da90278a" testListId="8c84fa94-04c1-424b-9868-57a2d4851a1d" />
    <TestEntry testId="9eff6334-1331-0fc1-79e3-461bcd65e601" executionId="c4338137-ff41-4128-a18d-acda5192a847" testListId="8c84fa94-04c1-424b-9868-57a2d4851a1d" />
    <TestEntry testId="957fa02a-3002-3be2-8b18-e37169161e08" executionId="c548831b-340f-4efa-a699-d11a2c14ae87" testListId="8c84fa94-04c1-424b-9868-57a2d4851a1d" />
    <TestEntry testId="8595af98-66ea-7de8-177b-8554b5361559" executionId="8e1d7064-f200-4f37-ae24-48fcd2032576" testListId="8c84fa94-04c1-424b-9868-57a2d4851a1d" />
    <TestEntry testId="c6f26efb-a757-d592-4aef-07acee0be42a" executionId="f148392a-bc9e-4bc2-8877-d4d83665c816" testListId="8c84fa94-04c1-424b-9868-57a2d4851a1d" />
    <TestEntry testId="477a34c5-d2a8-0f8d-1d3c-0b0b17eef668" executionId="4003d8c5-4dde-464f-9fff-c6e7308c3489" testListId="8c84fa94-04c1-424b-9868-57a2d4851a1d" />
    <TestEntry testId="e5d247a1-4209-3c8f-ba15-876ef58051f0" executionId="9e8b3750-613a-4904-b2d4-b8a627c43137" testListId="8c84fa94-04c1-424b-9868-57a2d4851a1d" />
    <TestEntry testId="60e9bfdf-09e2-f869-2a7e-df9a86eb5caf" executionId="f8a3fe70-c353-4e6e-b862-ae49d29eb69d" testListId="8c84fa94-04c1-424b-9868-57a2d4851a1d" />
    <TestEntry testId="a84fb040-072d-cc72-7442-49ce5a754d6d" executionId="d61a436c-8e8d-49e0-8194-059c9bd12d08" testListId="8c84fa94-04c1-424b-9868-57a2d4851a1d" />
    <TestEntry testId="6bce0163-ea0b-121c-223a-e1d5174348e7" executionId="23083941-d202-4fd0-9a69-5a0c570e1df0" testListId="8c84fa94-04c1-424b-9868-57a2d4851a1d" />
    <TestEntry testId="ed51a3fe-6e3e-26e2-ca0e-427e7a250c06" executionId="0c393896-3c8a-4d74-b90d-edebfc752869" testListId="8c84fa94-04c1-424b-9868-57a2d4851a1d" />
    <TestEntry testId="c2d93b06-e49e-3fec-cdc1-0387d7384613" executionId="b9ee049e-4190-4116-8dda-09267eb848c6" testListId="8c84fa94-04c1-424b-9868-57a2d4851a1d" />
    <TestEntry testId="ca48de7b-d5b5-d8ba-4d68-3a2f38cb6a9e" executionId="df143133-f983-4273-b772-ea14efe3232f" testListId="8c84fa94-04c1-424b-9868-57a2d4851a1d" />
    <TestEntry testId="830d1e26-1975-ba11-5d1a-131f199bedd0" executionId="429b4332-eb6c-493c-a1a7-53caa3668ddc" testListId="8c84fa94-04c1-424b-9868-57a2d4851a1d" />
    <TestEntry testId="587dcafb-2f78-bc46-25d4-effa70230304" executionId="78f2ab85-cd3b-4db5-aa3c-43665957ce51" testListId="8c84fa94-04c1-424b-9868-57a2d4851a1d" />
    <TestEntry testId="e32d19d2-60dd-bf72-3a41-5128a54d69e5" executionId="7b150312-dfe9-4b62-b365-ba0cd24920bf" testListId="8c84fa94-04c1-424b-9868-57a2d4851a1d" />
    <TestEntry testId="92dc4b16-2bff-4593-06a8-47aecaec1762" executionId="99366f23-fd52-4a77-968d-4c6e11d025e7" testListId="8c84fa94-04c1-424b-9868-57a2d4851a1d" />
    <TestEntry testId="d69dd957-40aa-a732-6840-480f1f1305c3" executionId="abc881fe-9f4c-4e99-a2e4-e169e7c25e13" testListId="8c84fa94-04c1-424b-9868-57a2d4851a1d" />
    <TestEntry testId="ea7898a5-7f73-8804-09bd-cd2104a4e1ea" executionId="5f0e9a47-3f27-40fe-a98d-e10b7d581154" testListId="8c84fa94-04c1-424b-9868-57a2d4851a1d" />
    <TestEntry testId="d0751aa5-eff6-3a29-e6c2-6ed67052006f" executionId="0efec5ef-32ff-473a-902c-6ffd73b7fc6f" testListId="8c84fa94-04c1-424b-9868-57a2d4851a1d" />
    <TestEntry testId="a70379f7-b372-9955-3c62-3890b645dd65" executionId="681da33e-afe4-4a22-becf-b4677f70fa77" testListId="8c84fa94-04c1-424b-9868-57a2d4851a1d" />
    <TestEntry testId="c213fab6-299d-b2c1-0da8-3aaf1fcdbd7f" executionId="405c1e49-02af-4da4-8b6e-33ba0957d1e9" testListId="8c84fa94-04c1-424b-9868-57a2d4851a1d" />
    <TestEntry testId="61476258-9ace-f644-e415-7164c2af6329" executionId="394e2206-027a-4e79-a90c-435f3a32a7ff" testListId="8c84fa94-04c1-424b-9868-57a2d4851a1d" />
    <TestEntry testId="f67d805a-ec46-3843-a081-ca231ece311d" executionId="c9c1ab62-cba8-4888-81d5-4bbfc13fd2ac" testListId="8c84fa94-04c1-424b-9868-57a2d4851a1d" />
    <TestEntry testId="e0b377a9-8961-1718-03dd-60f9c1f75caf" executionId="a81d1736-935d-4323-8bf9-e056046f6d96" testListId="8c84fa94-04c1-424b-9868-57a2d4851a1d" />
    <TestEntry testId="7997f320-b0fc-f6e6-7137-1aed29fae045" executionId="6c9ed436-a178-4f15-be3c-7b998de6f468" testListId="8c84fa94-04c1-424b-9868-57a2d4851a1d" />
    <TestEntry testId="ae76f38e-4957-8c29-0b96-b1a78522ac4f" executionId="2712d5ba-1788-486d-b98a-0926be71b3fe" testListId="8c84fa94-04c1-424b-9868-57a2d4851a1d" />
    <TestEntry testId="1ae6a775-4a77-a385-1154-dcc2fe00ca53" executionId="28f9ea3b-7a94-44fb-bcdf-fd16424835b8" testListId="8c84fa94-04c1-424b-9868-57a2d4851a1d" />
    <TestEntry testId="13048c7e-0241-16d5-76ec-d3e853de586e" executionId="fda3c1d3-451f-465b-b0e3-a059e8513e44" testListId="8c84fa94-04c1-424b-9868-57a2d4851a1d" />
    <TestEntry testId="d3c1071f-b261-66b8-9e41-b19095d047fa" executionId="f6a07e4b-09e2-4caf-b09d-bccf1784a001" testListId="8c84fa94-04c1-424b-9868-57a2d4851a1d" />
    <TestEntry testId="b1955191-54c2-f397-667f-80ff12ef6a09" executionId="38130a54-d959-4055-802f-f891b32109cf" testListId="8c84fa94-04c1-424b-9868-57a2d4851a1d" />
    <TestEntry testId="d852140d-e1e0-934e-8b19-4c73870a3308" executionId="92d49c24-de72-404a-a991-e77f275f2380" testListId="8c84fa94-04c1-424b-9868-57a2d4851a1d" />
    <TestEntry testId="bd5dde99-97c7-fbf5-2631-9eee9b0784b0" executionId="c7db62f7-9f94-49a2-ad9a-935993c28193" testListId="8c84fa94-04c1-424b-9868-57a2d4851a1d" />
    <TestEntry testId="c617e23d-1495-b4c2-54ed-8f521e8eb5f4" executionId="92ead253-e53b-4a12-a97d-0e6ad809770b" testListId="8c84fa94-04c1-424b-9868-57a2d4851a1d" />
    <TestEntry testId="89f26a7f-ba7a-1796-c4c8-f96b13143932" executionId="c7061d04-2982-46f8-bdde-70a613ab307c" testListId="8c84fa94-04c1-424b-9868-57a2d4851a1d" />
    <TestEntry testId="a64ac05d-0617-d637-493b-9081955290c5" executionId="1169e332-04a1-4b9f-b316-99ca2d033adf" testListId="8c84fa94-04c1-424b-9868-57a2d4851a1d" />
    <TestEntry testId="3292e858-037d-15c3-5f6f-c7d347cb25e6" executionId="df5b4a7d-1d2b-47b2-92aa-8ad00c0a5bbf" testListId="8c84fa94-04c1-424b-9868-57a2d4851a1d" />
    <TestEntry testId="2e4b5a75-b2a4-3c9a-8398-7c0a61aa58e4" executionId="0be6b940-6c98-4737-bc15-e19437eed886" testListId="8c84fa94-04c1-424b-9868-57a2d4851a1d" />
    <TestEntry testId="7f69f0f9-02e6-3e07-c620-a49231774d14" executionId="8243206f-cc21-41ef-993d-d5b11d2b9eb3" testListId="8c84fa94-04c1-424b-9868-57a2d4851a1d" />
    <TestEntry testId="9886bd6b-f8ee-5a5d-eaf1-e068c8e0d832" executionId="e3d30837-3316-4897-8ac4-94e6b158b085" testListId="8c84fa94-04c1-424b-9868-57a2d4851a1d" />
    <TestEntry testId="3d34427e-252b-d6b8-0fbc-032a09774c6a" executionId="c8e989e6-8346-43f8-a816-eef21fae87a2" testListId="8c84fa94-04c1-424b-9868-57a2d4851a1d" />
    <TestEntry testId="6c821a32-f040-9cd2-6f7a-3ca76cccaf31" executionId="3ef7fe33-c404-4247-8b66-e81f3fdddfd2" testListId="8c84fa94-04c1-424b-9868-57a2d4851a1d" />
    <TestEntry testId="07e8723f-4c3f-2d30-d395-5e5ee533be5a" executionId="373aab37-2210-4ffa-bc8e-17d4a8b7e237" testListId="8c84fa94-04c1-424b-9868-57a2d4851a1d" />
    <TestEntry testId="81155e16-1a7c-2f8e-c9e0-8009f2a50156" executionId="997c2a41-500b-4492-8418-5eaad89ce2b8" testListId="8c84fa94-04c1-424b-9868-57a2d4851a1d" />
    <TestEntry testId="19f2dcba-ced2-cbb0-dddb-b6930ff2013a" executionId="cec3014a-4fae-4f69-a551-df38a2574c5c" testListId="8c84fa94-04c1-424b-9868-57a2d4851a1d" />
    <TestEntry testId="b4b2cd64-8323-b12b-b402-18fb462c7e38" executionId="9b97371c-ed27-4c27-818b-86d3d8d45f80" testListId="8c84fa94-04c1-424b-9868-57a2d4851a1d" />
    <TestEntry testId="93586719-faae-7e93-53ea-469ae034d26b" executionId="3b9d0771-c10f-4844-92b8-6ea3a41476a2" testListId="8c84fa94-04c1-424b-9868-57a2d4851a1d" />
    <TestEntry testId="95e961af-097d-b374-acd0-e00a21d970e9" executionId="e688875c-f928-41d8-8a4e-3011e67b3553" testListId="8c84fa94-04c1-424b-9868-57a2d4851a1d" />
    <TestEntry testId="fe399cb4-5d61-d7cf-ad5e-45bebd6ada6b" executionId="2ed73ef6-f811-49ca-b065-4cdee0d6296c" testListId="8c84fa94-04c1-424b-9868-57a2d4851a1d" />
    <TestEntry testId="84b0455e-4557-92b7-b989-72c4fcbcbe12" executionId="1d6b7510-5535-44f1-bbae-32c085cbbb94" testListId="8c84fa94-04c1-424b-9868-57a2d4851a1d" />
    <TestEntry testId="88335f9d-5f51-fd59-a09e-a2bf8761aa58" executionId="9a35be68-383e-4c8c-afb5-865e6246d7b9" testListId="8c84fa94-04c1-424b-9868-57a2d4851a1d" />
    <TestEntry testId="87135aab-d871-0ffe-5ec3-989ec3bf5c44" executionId="8e70c394-cc61-4adc-8849-ab3c7f3c1dad" testListId="8c84fa94-04c1-424b-9868-57a2d4851a1d" />
    <TestEntry testId="86745548-1598-9dfc-0a8f-b0ddf60608c8" executionId="4c363ded-cd28-403a-8405-580fa5104026" testListId="8c84fa94-04c1-424b-9868-57a2d4851a1d" />
    <TestEntry testId="54066824-43b7-bd97-d4de-9c9a011acf92" executionId="6be4eced-7f40-4f55-9778-55eaa84c332c" testListId="8c84fa94-04c1-424b-9868-57a2d4851a1d" />
    <TestEntry testId="80eacfa2-feb6-2f32-ede2-74f9205548b8" executionId="2dcc33cc-53e3-4e13-b1bb-53696251aa74" testListId="8c84fa94-04c1-424b-9868-57a2d4851a1d" />
    <TestEntry testId="779d1767-8bb5-20e7-405e-258e0aca4c00" executionId="f94377c7-4117-4fbb-be0c-b25534b4ee8f" testListId="8c84fa94-04c1-424b-9868-57a2d4851a1d" />
    <TestEntry testId="89c08d51-9dad-2986-2e21-2c9929394f24" executionId="0d7680a5-4232-43da-812c-27174fb76476" testListId="8c84fa94-04c1-424b-9868-57a2d4851a1d" />
    <TestEntry testId="467d5040-9b0c-f815-7d6d-adff54ed88fa" executionId="7a83bf4a-065a-426c-8c7f-5d4b23cfe763" testListId="8c84fa94-04c1-424b-9868-57a2d4851a1d" />
    <TestEntry testId="1da40574-99e0-2d48-9817-1a1c8d42c602" executionId="8cf85d73-17cb-495c-b5dd-84cb3649de83" testListId="8c84fa94-04c1-424b-9868-57a2d4851a1d" />
    <TestEntry testId="7515484a-1841-829f-5504-3cae0d85d491" executionId="506f4219-b1ff-4660-b76b-e672c5676c23" testListId="8c84fa94-04c1-424b-9868-57a2d4851a1d" />
    <TestEntry testId="7826baef-c5f1-e06f-1f99-e8d128ed0ef8" executionId="e460e099-ab7c-4198-a68a-a211893b74e4" testListId="8c84fa94-04c1-424b-9868-57a2d4851a1d" />
    <TestEntry testId="38578f6b-7a28-4989-893a-c3d9e6e18a08" executionId="9876e01c-37ff-43f9-9f7d-5677e3953232" testListId="8c84fa94-04c1-424b-9868-57a2d4851a1d" />
    <TestEntry testId="ee5b4c09-a1c8-847c-30c8-353f5546dc9b" executionId="591ab611-039e-44a0-b77d-fb6a25dda679" testListId="8c84fa94-04c1-424b-9868-57a2d4851a1d" />
    <TestEntry testId="d6ee66d9-f108-5dce-e1c6-69f9b3a1f3ea" executionId="9a75e457-63c5-4a50-b30b-fb288c3bb6a1" testListId="8c84fa94-04c1-424b-9868-57a2d4851a1d" />
    <TestEntry testId="b74c3937-8f77-79b4-8ff0-aaa584f49602" executionId="0778b581-2c74-446c-b025-f418cb9df963" testListId="8c84fa94-04c1-424b-9868-57a2d4851a1d" />
    <TestEntry testId="14b232d2-f082-89d0-7be4-32a22802eb20" executionId="e06d347d-a6d3-40dd-b478-5eb70bc39276" testListId="8c84fa94-04c1-424b-9868-57a2d4851a1d" />
    <TestEntry testId="cc41c1ca-fe9b-d30a-fcd6-4a4309ce269f" executionId="aafc5266-3536-43de-afe5-c74888e4f1fd" testListId="8c84fa94-04c1-424b-9868-57a2d4851a1d" />
    <TestEntry testId="18b491f5-be04-a5bd-131b-624c62e4743f" executionId="170bb2a8-f0f2-4fa2-be60-737f4e021f06" testListId="8c84fa94-04c1-424b-9868-57a2d4851a1d" />
    <TestEntry testId="a2c0304d-f4e0-bf4a-e2e6-823b0eeec1c2" executionId="37b2aa1d-b937-4055-a717-8cab33e8fb36" testListId="8c84fa94-04c1-424b-9868-57a2d4851a1d" />
    <TestEntry testId="36ddf80c-6660-7ec9-65e2-97e8bd5c15e1" executionId="da184d92-fa84-4db3-bd58-77edf72efd54" testListId="8c84fa94-04c1-424b-9868-57a2d4851a1d" />
    <TestEntry testId="841d8885-d5cc-2daa-86fe-e5dc56765474" executionId="674c2530-bcdf-40f3-87e5-5dd69f090f1a" testListId="8c84fa94-04c1-424b-9868-57a2d4851a1d" />
    <TestEntry testId="66a69ac2-09fd-0905-e569-8ef4c3ea34a6" executionId="a24e8d8a-a988-45ab-af30-82e6a676018a" testListId="8c84fa94-04c1-424b-9868-57a2d4851a1d" />
    <TestEntry testId="e120f455-db5b-9cf6-e978-84ea15158a22" executionId="6b04cebe-e5fb-4427-9808-879f2a75c1a8" testListId="8c84fa94-04c1-424b-9868-57a2d4851a1d" />
    <TestEntry testId="8a3d7f86-43c0-b1cd-e637-85a95e06cf91" executionId="3987ebb5-9f6c-4dde-ab1e-e551ee78669c" testListId="8c84fa94-04c1-424b-9868-57a2d4851a1d" />
    <TestEntry testId="50ffa6a7-9616-b786-fb5c-21cb7824a7ae" executionId="bb640ccc-0f2f-46af-9419-20f111e4fc4f" testListId="8c84fa94-04c1-424b-9868-57a2d4851a1d" />
    <TestEntry testId="a28ab789-c479-7cf2-6b7f-c503b9472c4f" executionId="6d473e6b-1762-469f-9ad7-b5fa8e58d348" testListId="8c84fa94-04c1-424b-9868-57a2d4851a1d" />
    <TestEntry testId="6116a9ff-cb93-95bc-0373-5bfc178e8b04" executionId="1029fad3-6618-4ab3-86b9-27c182707779" testListId="8c84fa94-04c1-424b-9868-57a2d4851a1d" />
    <TestEntry testId="29bd4516-0e58-633d-5bbe-29af36fbe13c" executionId="899ce21c-45c6-4b37-8de2-be8d530bd9b5" testListId="8c84fa94-04c1-424b-9868-57a2d4851a1d" />
    <TestEntry testId="24e9e63a-5616-0d48-623b-50e67afe154d" executionId="3c61ecb5-af4a-4dc4-9b11-93d017087fa3" testListId="8c84fa94-04c1-424b-9868-57a2d4851a1d" />
    <TestEntry testId="a7ca98a1-0b53-646c-ad87-6450322a3f67" executionId="3f9e862a-c69b-47d8-9c03-2ceaaaf35f62" testListId="8c84fa94-04c1-424b-9868-57a2d4851a1d" />
    <TestEntry testId="4317cbca-c033-c7eb-0e31-e5c4b14f92aa" executionId="8e7dcf74-71a3-45db-ab36-ad01d5935307" testListId="8c84fa94-04c1-424b-9868-57a2d4851a1d" />
    <TestEntry testId="509dfd01-6e93-b3a4-9e88-adeef3bbd373" executionId="88b0c589-b875-4145-9542-bc788207f5be" testListId="8c84fa94-04c1-424b-9868-57a2d4851a1d" />
    <TestEntry testId="f1d9df11-dd16-2700-b25b-2daf8a8bf3f8" executionId="cd011ecc-6f8c-459a-aa68-1c5af37e6fc0" testListId="8c84fa94-04c1-424b-9868-57a2d4851a1d" />
    <TestEntry testId="ab0713c9-2c2f-37e8-a84e-44cafdfd1d13" executionId="4a771078-48f4-4457-a942-f758b38d7f0f" testListId="8c84fa94-04c1-424b-9868-57a2d4851a1d" />
    <TestEntry testId="4601ec3d-3f6c-e5ad-fb89-2b7258f59c7b" executionId="9437966a-3c60-4b94-9aa9-306a3461ad97" testListId="8c84fa94-04c1-424b-9868-57a2d4851a1d" />
    <TestEntry testId="dc751c8e-0fef-a95f-65b3-d943ccdb0967" executionId="7018c6b1-4c04-4f5a-aeec-b253dc457b14" testListId="8c84fa94-04c1-424b-9868-57a2d4851a1d" />
    <TestEntry testId="65543548-90e6-b7bc-51c4-faba7e9d5ab7" executionId="143885ac-d710-428d-b2b3-d6743e9d5bde" testListId="8c84fa94-04c1-424b-9868-57a2d4851a1d" />
    <TestEntry testId="9bfd3fd8-d3bc-9a0a-aa59-9681d83fa5ec" executionId="bb3d4078-8ef8-4c33-aa14-0ab131a4766a" testListId="8c84fa94-04c1-424b-9868-57a2d4851a1d" />
    <TestEntry testId="5d157e8b-05fa-0aa6-6dbb-3ccc8de24517" executionId="906e81f0-eb1d-496d-8d7d-456051e8d195" testListId="8c84fa94-04c1-424b-9868-57a2d4851a1d" />
    <TestEntry testId="7ec8d1b1-a8f9-24f9-f8ea-ddb5d89b36b0" executionId="f4d26ee5-3ce1-4290-b67f-1fa000861c47" testListId="8c84fa94-04c1-424b-9868-57a2d4851a1d" />
    <TestEntry testId="af84eed7-7aa7-5e31-15a2-15085dfb851f" executionId="bd2a15de-6f33-42ad-9db3-c905641ab17c" testListId="8c84fa94-04c1-424b-9868-57a2d4851a1d" />
    <TestEntry testId="b6d2c8b0-9169-4b71-d4bc-1eaebd49c309" executionId="ca3b841e-dd5c-442e-83a3-6246b893f3a3" testListId="8c84fa94-04c1-424b-9868-57a2d4851a1d" />
    <TestEntry testId="cfc4234b-5383-c76c-ebfe-186541794054" executionId="731455bb-32ef-4d29-9559-2bd5c00dcd81" testListId="8c84fa94-04c1-424b-9868-57a2d4851a1d" />
    <TestEntry testId="503c0166-7d88-7c58-45fa-5728dbda5f09" executionId="6ca7dac2-5c3d-4588-8c82-a56603fb6c5e" testListId="8c84fa94-04c1-424b-9868-57a2d4851a1d" />
    <TestEntry testId="58d210c6-7a24-5545-edfd-63dc3da81c21" executionId="fd7d845f-2e6c-4f2d-9634-831c4e7fb9bd" testListId="8c84fa94-04c1-424b-9868-57a2d4851a1d" />
    <TestEntry testId="bf2f00ac-9e0f-fdfc-355a-5643fd170a2d" executionId="e6e1dbc6-e115-4fc1-b25d-fe8d4b868e91" testListId="8c84fa94-04c1-424b-9868-57a2d4851a1d" />
    <TestEntry testId="c6fa4776-f6a9-6f9f-0139-9bf710ba6f3e" executionId="6446b396-5c11-4297-8753-0d003fdb1a80" testListId="8c84fa94-04c1-424b-9868-57a2d4851a1d" />
    <TestEntry testId="6c6a82c2-5599-a7d0-115c-2a9d8e26ed60" executionId="3d79930f-3d05-4b30-885d-3c57491f2697" testListId="8c84fa94-04c1-424b-9868-57a2d4851a1d" />
    <TestEntry testId="55465719-c37c-d2c3-2ae0-f8ebd0c76a25" executionId="8575f693-09f4-45a9-952e-6d7b8d2c8105" testListId="8c84fa94-04c1-424b-9868-57a2d4851a1d" />
    <TestEntry testId="ae218cb8-6086-102a-b05e-1b0bc295b64e" executionId="c1841a1a-9d5e-457a-9fa3-9ac48eac5c97" testListId="8c84fa94-04c1-424b-9868-57a2d4851a1d" />
    <TestEntry testId="c025585a-91dd-3739-0b08-0978c5dffe6f" executionId="440fba0c-8ad1-44c9-a8d3-693a8fb31919" testListId="8c84fa94-04c1-424b-9868-57a2d4851a1d" />
    <TestEntry testId="fdd8e98c-8390-b1c7-76c8-95986e6839b9" executionId="ab1d50c3-48b6-4b72-8c3f-7794bcf44d06" testListId="8c84fa94-04c1-424b-9868-57a2d4851a1d" />
    <TestEntry testId="063bb450-31b9-554e-cdc7-2d45ade53859" executionId="1d686131-273e-42f0-8ef1-1d48bcc43252" testListId="8c84fa94-04c1-424b-9868-57a2d4851a1d" />
    <TestEntry testId="05d7c1e8-9388-8da4-ddd9-b95511dbed51" executionId="d56835a5-ca13-4b3d-98b7-5f5ac37c3648" testListId="8c84fa94-04c1-424b-9868-57a2d4851a1d" />
    <TestEntry testId="6b67ebb8-e8b0-1829-1945-91f2624df780" executionId="12126173-7c9b-4a06-9aa2-65842f9ecdaf" testListId="8c84fa94-04c1-424b-9868-57a2d4851a1d" />
    <TestEntry testId="b05b0bed-bf3a-a179-fdc7-9c75ca6177e0" executionId="01895c7e-837f-4842-948e-57b0f36875eb" testListId="8c84fa94-04c1-424b-9868-57a2d4851a1d" />
    <TestEntry testId="2a89ac7c-c836-9ed3-1495-7171bd0580fa" executionId="65e770a4-a995-4ceb-b64d-d6e98da5e4fe" testListId="8c84fa94-04c1-424b-9868-57a2d4851a1d" />
    <TestEntry testId="2c6238c2-437c-aba2-f878-c69eae942ca1" executionId="2f875a84-4973-4c7a-9cec-e01ba9c372bf" testListId="8c84fa94-04c1-424b-9868-57a2d4851a1d" />
    <TestEntry testId="4a13ebcc-af0b-dd1b-0916-29b5471fb527" executionId="897fd836-6ed1-4d9c-9099-6e1e475b4323" testListId="8c84fa94-04c1-424b-9868-57a2d4851a1d" />
    <TestEntry testId="0e22101f-5e18-c784-e104-4a359bafaa03" executionId="6a4d357a-609c-4484-8bb3-41bf2ff1ce33" testListId="8c84fa94-04c1-424b-9868-57a2d4851a1d" />
    <TestEntry testId="ec3f230f-ed76-f9ec-cab5-4550ab369d96" executionId="e0660079-1e19-4110-98e0-fb6a4588e093" testListId="8c84fa94-04c1-424b-9868-57a2d4851a1d" />
    <TestEntry testId="a514999a-92c9-5370-9812-54b642da8926" executionId="e65f47b8-b6b0-43db-8665-35817bfc8171" testListId="8c84fa94-04c1-424b-9868-57a2d4851a1d" />
    <TestEntry testId="3c9fc311-eb64-b045-6538-9a6698b3a6e5" executionId="b0044b84-5319-4ef2-9e5b-8135912565fc" testListId="8c84fa94-04c1-424b-9868-57a2d4851a1d" />
    <TestEntry testId="dc67b81a-0ff9-5396-5820-5d0bd417e0c5" executionId="f8703e1a-ffb8-481e-89ba-3334fd3d35af" testListId="8c84fa94-04c1-424b-9868-57a2d4851a1d" />
    <TestEntry testId="da20de46-a2bd-6e38-4ea8-f0ab1d13feff" executionId="958199f2-f0ee-4a81-acef-bd91cb338263" testListId="8c84fa94-04c1-424b-9868-57a2d4851a1d" />
    <TestEntry testId="7e9c3a48-0d82-bfc3-7ff0-17cbb45eb2da" executionId="fb7a69dc-0a1b-46f1-8d9f-bc9a07b072bd" testListId="8c84fa94-04c1-424b-9868-57a2d4851a1d" />
    <TestEntry testId="3a460ecf-ec88-1145-11df-16b003568d49" executionId="5dbf7eb0-dfdc-45d4-9066-88e5c4715796" testListId="8c84fa94-04c1-424b-9868-57a2d4851a1d" />
    <TestEntry testId="8a1e383b-5d75-2b45-fd51-d92e320c45f1" executionId="8ef945c3-b387-4f19-b08f-e91460350094" testListId="8c84fa94-04c1-424b-9868-57a2d4851a1d" />
    <TestEntry testId="27eddf58-2be1-693f-e0d6-9d865f6e367a" executionId="966771f1-4145-4a6f-bb9a-cd8d68a41205" testListId="8c84fa94-04c1-424b-9868-57a2d4851a1d" />
    <TestEntry testId="4cbd1a75-0bec-1467-d2c5-988a52ec2144" executionId="52eaebbe-f697-46d7-b48f-8af4e2367466" testListId="8c84fa94-04c1-424b-9868-57a2d4851a1d" />
    <TestEntry testId="6f8de926-fbce-634d-cd5f-ea5cc1f06a7b" executionId="062bcbb4-3423-4ca7-b9e7-e0b38c96e705" testListId="8c84fa94-04c1-424b-9868-57a2d4851a1d" />
    <TestEntry testId="b2cc18df-cf5a-87a7-c185-c8f2ad1c9dad" executionId="6536551b-7d0c-4aab-8fcd-35a193a3f18c" testListId="8c84fa94-04c1-424b-9868-57a2d4851a1d" />
    <TestEntry testId="611dfc79-928e-0a46-c5c6-3633c11dd4c5" executionId="37ab3b75-7700-4541-9460-05b457324e9c" testListId="8c84fa94-04c1-424b-9868-57a2d4851a1d" />
    <TestEntry testId="69da81c6-e73f-4cff-5ca6-b4611f484cdc" executionId="e50635ed-e2b9-4abb-ac8a-fda36c0b80a3" testListId="8c84fa94-04c1-424b-9868-57a2d4851a1d" />
    <TestEntry testId="94453860-1c9d-a59c-478c-3703e9298e65" executionId="e03fd3f0-ec6e-49eb-8d80-8e84d3cc0aff" testListId="8c84fa94-04c1-424b-9868-57a2d4851a1d" />
    <TestEntry testId="00391295-eb70-9242-aa1c-8b6fd1ca0daa" executionId="077e53f4-79e3-49b4-b24d-5242cb9362db" testListId="8c84fa94-04c1-424b-9868-57a2d4851a1d" />
    <TestEntry testId="f41d1f62-31a9-f884-4a77-efef49144520" executionId="18489ed9-9cf5-43b5-afa7-5f0779a98fdb" testListId="8c84fa94-04c1-424b-9868-57a2d4851a1d" />
    <TestEntry testId="c9cfc125-08b9-0420-1fec-8029bc6b7e73" executionId="0053b89c-5e82-4fd6-82ab-c1247795eea3" testListId="8c84fa94-04c1-424b-9868-57a2d4851a1d" />
    <TestEntry testId="ef58bea7-b1b4-47a0-d80b-a4728fa2a51c" executionId="79269dea-ae20-45c0-bdf7-32f6b2e78223" testListId="8c84fa94-04c1-424b-9868-57a2d4851a1d" />
    <TestEntry testId="cbbac9d2-25c4-a44f-d81f-d3bf713af20b" executionId="e4c73a2d-16ef-4e0d-9282-5c7ae00353f1" testListId="8c84fa94-04c1-424b-9868-57a2d4851a1d" />
    <TestEntry testId="593c3f0f-4485-290a-8d12-59e5b61fa200" executionId="cc5f3a9f-ae19-41c8-9ba7-be794c2486b9" testListId="8c84fa94-04c1-424b-9868-57a2d4851a1d" />
    <TestEntry testId="9bd0a71a-cdd1-7c5c-0d0a-247dcd0b2022" executionId="b6b4ec3d-fa88-416b-8e6d-991408d0b58f" testListId="8c84fa94-04c1-424b-9868-57a2d4851a1d" />
    <TestEntry testId="d13dddec-f27f-1cd6-2c5f-fb15c7c98c86" executionId="5be65897-8fec-4917-8da1-2d50b7d8b454" testListId="8c84fa94-04c1-424b-9868-57a2d4851a1d" />
    <TestEntry testId="d65ec81c-d422-f90e-59e1-73580b5c3bda" executionId="361a4a20-f1f3-4d6a-8d5f-ace1f880157e" testListId="8c84fa94-04c1-424b-9868-57a2d4851a1d" />
    <TestEntry testId="d7c25286-ab60-57c1-e5db-7ba34a993d7e" executionId="4b3ef043-f129-4516-800f-1a8bc91d7df1" testListId="8c84fa94-04c1-424b-9868-57a2d4851a1d" />
    <TestEntry testId="4693aa31-b4d3-b473-28c9-fbd0ad855df0" executionId="eb7d6110-5512-4877-88e6-20d45a36e74f" testListId="8c84fa94-04c1-424b-9868-57a2d4851a1d" />
    <TestEntry testId="5e3a8d7e-28e6-8060-5970-dc7ee84b73ec" executionId="c7733498-4013-4aba-b126-f4a461f72a68" testListId="8c84fa94-04c1-424b-9868-57a2d4851a1d" />
    <TestEntry testId="7e25932d-af79-c733-7c4d-de5aa18e9347" executionId="fd1ec11d-7c40-4560-a02c-14c458518e3c" testListId="8c84fa94-04c1-424b-9868-57a2d4851a1d" />
    <TestEntry testId="b20b7884-5156-5d21-0812-b3bd11eeb100" executionId="12d4e9c0-3459-4ba4-aa87-155a1fe3e80f" testListId="8c84fa94-04c1-424b-9868-57a2d4851a1d" />
    <TestEntry testId="62a2e4f3-b40b-bc4e-fc9a-cba5859dd3df" executionId="167e89ad-dc5d-4c09-8e13-51cb4796cd73" testListId="8c84fa94-04c1-424b-9868-57a2d4851a1d" />
    <TestEntry testId="2900f02f-c4e6-329b-2aa6-b55e55fbb8f9" executionId="991c536d-bfc3-4bcf-864a-f61ccfb2cdb0" testListId="8c84fa94-04c1-424b-9868-57a2d4851a1d" />
    <TestEntry testId="8f6fa5e9-fcfd-2fc3-147c-8247ac97ff74" executionId="547be1a5-4b2c-4ee0-9478-e44f2d7c08b7" testListId="8c84fa94-04c1-424b-9868-57a2d4851a1d" />
    <TestEntry testId="f8936a5b-4bb4-cd2f-025d-5409c8ac63f0" executionId="3161138d-bef8-49a2-b484-a0ad7106a8fc" testListId="8c84fa94-04c1-424b-9868-57a2d4851a1d" />
    <TestEntry testId="0a6202ae-72ad-4c3c-10f8-4d69e7aead23" executionId="33c8310e-c53f-42ad-b78f-a6fb03b7e922" testListId="8c84fa94-04c1-424b-9868-57a2d4851a1d" />
    <TestEntry testId="09436d90-e490-0952-a555-1506787c6f20" executionId="1ad24356-8d52-4f47-8127-5b4fd7002dd6" testListId="8c84fa94-04c1-424b-9868-57a2d4851a1d" />
    <TestEntry testId="67ac82e4-644c-66d1-7918-3cf1f8d6c562" executionId="ecfffa60-c63e-4d6e-adbf-6e8db1669b3b" testListId="8c84fa94-04c1-424b-9868-57a2d4851a1d" />
    <TestEntry testId="707786f0-7818-268b-720f-b8c3e8aa5dc8" executionId="145dbcbf-b878-419f-bef9-65fc0e8b22b3" testListId="8c84fa94-04c1-424b-9868-57a2d4851a1d" />
    <TestEntry testId="557c7a1b-e02b-9219-8dc7-979d6c356a8d" executionId="f0c808ad-8053-411d-8da1-0a479f0f0e32" testListId="8c84fa94-04c1-424b-9868-57a2d4851a1d" />
    <TestEntry testId="85dbf703-9a05-261e-cc19-01c633f7b37d" executionId="d02b2375-75be-4800-8f2e-c5cace471b14" testListId="8c84fa94-04c1-424b-9868-57a2d4851a1d" />
    <TestEntry testId="a5cd94cd-a902-4ef2-b236-0d2cbcce9825" executionId="b2ee2802-9343-4d12-b8e9-7eb97ad8becc" testListId="8c84fa94-04c1-424b-9868-57a2d4851a1d" />
    <TestEntry testId="a2554254-68b2-06c3-cff1-7c1d921c1382" executionId="390a15fe-52bc-433e-a1f5-f0f475a09f88" testListId="8c84fa94-04c1-424b-9868-57a2d4851a1d" />
    <TestEntry testId="62e01a0e-a51c-6cd1-b6fe-fe6eebe2a7bc" executionId="07206cb0-7eca-48c0-9a5d-78c95481976e" testListId="8c84fa94-04c1-424b-9868-57a2d4851a1d" />
    <TestEntry testId="517ab37f-6858-5749-639b-9058f3f61453" executionId="b5211c67-dca6-4d8b-bff8-096d92fba8da" testListId="8c84fa94-04c1-424b-9868-57a2d4851a1d" />
    <TestEntry testId="84316d38-7b73-280f-b34a-f0a1f14277bd" executionId="6c05124e-e894-418e-983d-c0a4b16da73d" testListId="8c84fa94-04c1-424b-9868-57a2d4851a1d" />
    <TestEntry testId="7a875c11-1e6c-a70b-aed4-4fd27bb157aa" executionId="b7b50226-2faa-4216-b0a8-e58b40b553a6" testListId="8c84fa94-04c1-424b-9868-57a2d4851a1d" />
    <TestEntry testId="494c62a0-99e7-df99-4c59-61ea78454839" executionId="b71d180f-ed62-4760-b02d-3ac7b2e2f0c5" testListId="8c84fa94-04c1-424b-9868-57a2d4851a1d" />
    <TestEntry testId="e213cf6c-897f-4d12-a9a5-3c8bcadeaa33" executionId="dac6e4cc-f7ea-424c-9818-b950a135741c" testListId="8c84fa94-04c1-424b-9868-57a2d4851a1d" />
    <TestEntry testId="073b3041-6c37-e9a8-935f-1dd0922e5b77" executionId="3dd7ba79-3181-4265-80e3-00f1e00dbbb7" testListId="8c84fa94-04c1-424b-9868-57a2d4851a1d" />
    <TestEntry testId="b381f760-a7a3-4a53-c296-fce9c7d01e87" executionId="0f53e668-2d8b-44ed-a8a7-ec9559eb8e9f" testListId="8c84fa94-04c1-424b-9868-57a2d4851a1d" />
    <TestEntry testId="95cee718-e556-5907-43f5-8a8bd02f4877" executionId="f913f11b-1845-445e-a56f-b0a294e64ce2" testListId="8c84fa94-04c1-424b-9868-57a2d4851a1d" />
    <TestEntry testId="70473627-4abc-e0ce-fcd2-b90eca46d97d" executionId="5bb1e301-acdf-4a7b-93c9-d398fca6b72e" testListId="8c84fa94-04c1-424b-9868-57a2d4851a1d" />
    <TestEntry testId="378ea644-b561-634e-af5e-94516b72f7b5" executionId="2727814a-b5b1-4162-aab2-d697c72c07e5" testListId="8c84fa94-04c1-424b-9868-57a2d4851a1d" />
    <TestEntry testId="b7703c60-4ea1-f7c9-6ef2-bed4acdbb0e1" executionId="a13445e5-24e2-4d37-912f-033928d6bdc3" testListId="8c84fa94-04c1-424b-9868-57a2d4851a1d" />
    <TestEntry testId="62f233d3-232f-a7b1-d7dc-ba411e8632d8" executionId="f1477664-2746-4c99-864f-39608e721a88" testListId="8c84fa94-04c1-424b-9868-57a2d4851a1d" />
    <TestEntry testId="262d0b6a-738a-e25d-0cb3-a3fd69595a26" executionId="6278b4dd-f02a-484c-909e-e0360a7b5126" testListId="8c84fa94-04c1-424b-9868-57a2d4851a1d" />
    <TestEntry testId="f0e6cba9-8eb5-5f4c-c910-c945a5b507a4" executionId="208904a8-a025-4423-96ce-3dc77c98b711" testListId="8c84fa94-04c1-424b-9868-57a2d4851a1d" />
    <TestEntry testId="83b8085f-157c-7ec3-dc8b-346eec1b1ffc" executionId="ee634fa7-7df0-4246-932d-8a3ccfd93a93" testListId="8c84fa94-04c1-424b-9868-57a2d4851a1d" />
    <TestEntry testId="832d2f5c-3cf1-e96d-92be-b8f808e63094" executionId="6f23ff76-6690-4c65-a815-d189fbfb7d0e" testListId="8c84fa94-04c1-424b-9868-57a2d4851a1d" />
    <TestEntry testId="60d71034-adc5-fc32-6235-270ae0520929" executionId="d769092b-002a-4d98-b239-f8f2a080cfbd" testListId="8c84fa94-04c1-424b-9868-57a2d4851a1d" />
    <TestEntry testId="71d6a4c0-8a9e-dc82-bc19-e2f92f0b198e" executionId="f9b6ffda-1696-48e6-b032-6978ee9ac46d" testListId="8c84fa94-04c1-424b-9868-57a2d4851a1d" />
    <TestEntry testId="a7b2e422-debe-bc19-73b0-f606e978b0e8" executionId="7fafb4f1-22d0-4394-9797-0b8ffd6478ce" testListId="8c84fa94-04c1-424b-9868-57a2d4851a1d" />
    <TestEntry testId="be476ef6-d817-10b6-d51f-0f45759413d6" executionId="6c1e6048-9999-451d-9e5f-12f5fcaa5f90" testListId="8c84fa94-04c1-424b-9868-57a2d4851a1d" />
    <TestEntry testId="a9a3fc0a-b94f-7b0e-d632-6e36a711aa9e" executionId="52c6eb6a-97e5-4a1f-8545-ac4eb737bfd2" testListId="8c84fa94-04c1-424b-9868-57a2d4851a1d" />
    <TestEntry testId="11b7616f-ff1d-f071-ad93-d8803b691ec2" executionId="f2a0f244-c191-4fd8-9cf1-2bf9c78a0a75" testListId="8c84fa94-04c1-424b-9868-57a2d4851a1d" />
    <TestEntry testId="bbeb922d-e552-b66e-31b2-9acf279434c0" executionId="844c872c-c90c-4d8b-87fe-a576eefa11d7" testListId="8c84fa94-04c1-424b-9868-57a2d4851a1d" />
    <TestEntry testId="a37fef0c-e295-dc7a-fb58-7e37aadfce03" executionId="977365a4-021b-418d-8f64-b6a877011aab" testListId="8c84fa94-04c1-424b-9868-57a2d4851a1d" />
    <TestEntry testId="13350c06-e6b9-0959-2747-3e2c83b58259" executionId="dcbccdc8-60a8-4dcc-a6d7-748cd4b67faa" testListId="8c84fa94-04c1-424b-9868-57a2d4851a1d" />
    <TestEntry testId="a68f8e78-5c0f-55a0-203f-cc491c7fe675" executionId="34f79588-c0bb-4fa8-b95f-4de4b01b3d12" testListId="8c84fa94-04c1-424b-9868-57a2d4851a1d" />
    <TestEntry testId="cdf8f6c5-3190-22c4-12b5-d39e5ff4b4c4" executionId="26efb71e-8e5f-4eb9-be00-a8017b582610" testListId="8c84fa94-04c1-424b-9868-57a2d4851a1d" />
    <TestEntry testId="20a6330a-437d-6b38-4a3f-601ddc7a3791" executionId="fd428269-4e45-4bf2-a69e-8227f6e8412d" testListId="8c84fa94-04c1-424b-9868-57a2d4851a1d" />
    <TestEntry testId="313e2743-f25e-8a4e-f804-7f69b7bb4144" executionId="a8a142b2-ac81-4629-8e3f-ef4ac96743b2" testListId="8c84fa94-04c1-424b-9868-57a2d4851a1d" />
    <TestEntry testId="23f65ddb-48bd-ab0f-a4c6-3e77a62d19e7" executionId="f2d2c34f-969d-4d05-a8c5-c2c25d80d8a4" testListId="8c84fa94-04c1-424b-9868-57a2d4851a1d" />
    <TestEntry testId="ba52aa91-897f-d2fc-7070-16d0f7412e77" executionId="e126fb61-1f74-4b4b-adbc-c42ede4f6bdf" testListId="8c84fa94-04c1-424b-9868-57a2d4851a1d" />
    <TestEntry testId="f5f513a1-1fca-6e1d-f4d9-98eff60bfdfd" executionId="10e5e7f4-697c-46ed-bdd1-fdaf07454f00" testListId="8c84fa94-04c1-424b-9868-57a2d4851a1d" />
    <TestEntry testId="80ea0621-a9fa-23f2-8563-992b63d04b1e" executionId="0c9ca2be-8a1d-4244-9ee8-c69ad633b3db" testListId="8c84fa94-04c1-424b-9868-57a2d4851a1d" />
    <TestEntry testId="8468a2af-fc88-7c3f-b7fe-68e5504b4284" executionId="8102a488-4ada-41af-861b-dc121659d17c" testListId="8c84fa94-04c1-424b-9868-57a2d4851a1d" />
    <TestEntry testId="68156bfa-d4e6-432e-915b-9979134a1275" executionId="10150dbd-ee34-4450-91a9-236b67cbf72f" testListId="8c84fa94-04c1-424b-9868-57a2d4851a1d" />
    <TestEntry testId="5160c09f-d5b9-4b02-d58e-3bc9ac8533a6" executionId="d9f842e1-a6a8-4cbd-80c5-6595af83cd18" testListId="8c84fa94-04c1-424b-9868-57a2d4851a1d" />
    <TestEntry testId="358aa349-2fb2-5e56-6a67-1dacbfdfdd09" executionId="9356743b-8ede-4040-a0a9-feec9528effd" testListId="8c84fa94-04c1-424b-9868-57a2d4851a1d" />
    <TestEntry testId="646a2c20-817f-5bb6-70b8-8395a443d835" executionId="02e0b7bd-41d7-4527-b8bb-91df2f980e3e" testListId="8c84fa94-04c1-424b-9868-57a2d4851a1d" />
    <TestEntry testId="e04f8160-b5e3-120c-0e51-05d7dba514d1" executionId="8e751a05-f0e5-4333-8891-817b6407ce13" testListId="8c84fa94-04c1-424b-9868-57a2d4851a1d" />
    <TestEntry testId="4d87cdfa-9202-882a-9bd8-21ffec1fa74a" executionId="747ca75e-258e-4ebd-ad63-650bfb4834e1" testListId="8c84fa94-04c1-424b-9868-57a2d4851a1d" />
    <TestEntry testId="c6806561-4f73-52d5-957f-810803dbec3a" executionId="53119249-001e-44dc-9259-670286eb3a34" testListId="8c84fa94-04c1-424b-9868-57a2d4851a1d" />
    <TestEntry testId="4746f96b-944e-42a5-9719-d42e04274585" executionId="7aeebf39-e788-45b0-9e84-1d83ec377139" testListId="8c84fa94-04c1-424b-9868-57a2d4851a1d" />
    <TestEntry testId="52b00f1b-748c-8071-9e3d-00e2eee4270a" executionId="9c4ff6ce-5fcb-46e3-8450-7cdee5766c45" testListId="8c84fa94-04c1-424b-9868-57a2d4851a1d" />
    <TestEntry testId="3f6a338b-a9ad-1e6b-1857-a3cdb7212cc8" executionId="805ddabc-602e-4650-8e4d-493d74514643" testListId="8c84fa94-04c1-424b-9868-57a2d4851a1d" />
    <TestEntry testId="b21a2989-3054-7c09-93e0-306e2b35e28f" executionId="d751023e-ef9b-4870-87eb-504a400b6282" testListId="8c84fa94-04c1-424b-9868-57a2d4851a1d" />
    <TestEntry testId="d8a8c83d-96c1-af60-3e64-db1019de32c4" executionId="e023ee78-734b-45ce-a64d-21dfbde1a9bf" testListId="8c84fa94-04c1-424b-9868-57a2d4851a1d" />
    <TestEntry testId="b6a0cb6c-8197-2edd-b0c6-d16c52db3d64" executionId="24a513bc-1102-459d-9d82-91e820ac1d68" testListId="8c84fa94-04c1-424b-9868-57a2d4851a1d" />
    <TestEntry testId="4d0507ae-a0db-1e30-5d30-6e0afa67224d" executionId="5a548380-e0c3-4e28-922f-c7685cbdfcf4" testListId="8c84fa94-04c1-424b-9868-57a2d4851a1d" />
    <TestEntry testId="d068e6c3-cbce-df05-2e4e-0284a7e5cc57" executionId="6798050f-0df4-459b-b571-86a34411d93c" testListId="8c84fa94-04c1-424b-9868-57a2d4851a1d" />
    <TestEntry testId="192384be-b5db-07bc-9c12-d6f061c7f10a" executionId="82346faf-1abd-4b15-a185-d2d87f7c2044" testListId="8c84fa94-04c1-424b-9868-57a2d4851a1d" />
    <TestEntry testId="faa6676a-63ae-f98a-ff8d-25214fd2deae" executionId="50c218ca-e086-46a6-97f1-e6b9069ad0d2" testListId="8c84fa94-04c1-424b-9868-57a2d4851a1d" />
    <TestEntry testId="a32d0650-57c2-63c1-2f76-1167f23256bd" executionId="b1e470e4-6360-49a2-a059-6e81ce192db8" testListId="8c84fa94-04c1-424b-9868-57a2d4851a1d" />
    <TestEntry testId="a7ef85fa-080f-ec06-173c-c2ae15eadd2e" executionId="b6780b14-3d8d-4869-ad76-5279f6653711" testListId="8c84fa94-04c1-424b-9868-57a2d4851a1d" />
    <TestEntry testId="ecb7cc21-1c19-2dcb-f7e8-fcc0eddf23ca" executionId="5031dbc0-f4b1-4caa-81d4-791a7d3c30ab" testListId="8c84fa94-04c1-424b-9868-57a2d4851a1d" />
    <TestEntry testId="b82dab5a-d5ab-ec05-2a78-f5e374760a31" executionId="20799c0e-34b8-4e0b-9310-14002b447b6c" testListId="8c84fa94-04c1-424b-9868-57a2d4851a1d" />
    <TestEntry testId="0b629dad-3f66-d293-5c73-d74fa2bbe913" executionId="06137c67-e747-4964-b51e-b46475d0c003" testListId="8c84fa94-04c1-424b-9868-57a2d4851a1d" />
    <TestEntry testId="0d0afc44-0ce5-c296-336b-683bc3b411be" executionId="34759ec8-95ba-444a-b1f5-e47cb32395cb" testListId="8c84fa94-04c1-424b-9868-57a2d4851a1d" />
    <TestEntry testId="67c1aef7-5178-77ba-f8dc-4709f169b131" executionId="d39f0c43-a4db-4a4d-9029-b9c41f8e099d" testListId="8c84fa94-04c1-424b-9868-57a2d4851a1d" />
    <TestEntry testId="3bcb18e1-4bf8-55ed-31df-261cfa231adc" executionId="b891f7d9-5c20-4887-9348-ff41bbe7565a" testListId="8c84fa94-04c1-424b-9868-57a2d4851a1d" />
    <TestEntry testId="418204e1-873b-71df-1cfb-bcb0c2dc0027" executionId="2de31c7c-934b-49e2-82d0-b25ee1e3df17" testListId="8c84fa94-04c1-424b-9868-57a2d4851a1d" />
    <TestEntry testId="43846ae7-73ef-8bb9-93f1-bad746e14d01" executionId="86bf35f6-a83c-44ac-a61e-c2b310593a72" testListId="8c84fa94-04c1-424b-9868-57a2d4851a1d" />
    <TestEntry testId="9bbf15b6-0a30-0829-b10a-ce1e904ebfc4" executionId="7c732e73-a010-4056-a48d-97e601389a84" testListId="8c84fa94-04c1-424b-9868-57a2d4851a1d" />
    <TestEntry testId="9eec9fcb-0edd-4449-d718-a46e4a5d33fc" executionId="7980846e-4c04-4df4-92a9-cf0114b40a6e" testListId="8c84fa94-04c1-424b-9868-57a2d4851a1d" />
    <TestEntry testId="20764d6c-7b28-be8f-fb02-f777096dbd02" executionId="1edf4978-d18e-4541-8867-eb744cc9dbcb" testListId="8c84fa94-04c1-424b-9868-57a2d4851a1d" />
    <TestEntry testId="546d3a09-8c42-27a2-5a8c-646077a40298" executionId="05932a3f-88c1-4c96-bfe8-87cef56568a2" testListId="8c84fa94-04c1-424b-9868-57a2d4851a1d" />
    <TestEntry testId="a3707569-ae4c-898f-6fa3-72df0b13c95f" executionId="5ec8b3fb-315f-4cc0-92ca-f4e57553a47e" testListId="8c84fa94-04c1-424b-9868-57a2d4851a1d" />
    <TestEntry testId="da9aa09b-e172-f03d-e538-dafe7388fe6c" executionId="9e9ca0eb-2861-4db6-8970-ee6533ef85f4" testListId="8c84fa94-04c1-424b-9868-57a2d4851a1d" />
    <TestEntry testId="35cb7d62-e597-4805-a8f7-68389e6a27d5" executionId="ce13b207-3ac3-49b0-9f4e-2cb5a3f7abeb" testListId="8c84fa94-04c1-424b-9868-57a2d4851a1d" />
    <TestEntry testId="b972de47-3b41-9b1d-d41e-ba8e4b894afb" executionId="42b7f958-1ce1-4d0d-955b-344a35bfee13" testListId="8c84fa94-04c1-424b-9868-57a2d4851a1d" />
    <TestEntry testId="194c37d9-ace7-300a-9d7d-4deb0e9eb868" executionId="c2b74be7-0339-487e-b346-4a42f6262bae" testListId="8c84fa94-04c1-424b-9868-57a2d4851a1d" />
    <TestEntry testId="1d51af23-0666-22df-5bc6-0c77cc577656" executionId="01d643b4-3ae8-43b5-a8c7-d74b978c851b" testListId="8c84fa94-04c1-424b-9868-57a2d4851a1d" />
    <TestEntry testId="a651b7c1-5ace-8e62-aa13-d79c1b9adad1" executionId="189221fe-4587-48a6-8c9b-4b9b48000e2e" testListId="8c84fa94-04c1-424b-9868-57a2d4851a1d" />
    <TestEntry testId="4f16a7a7-7f20-5314-d570-20a63195cb98" executionId="b7cbb2e2-52c7-4680-9d47-044ec0103e31" testListId="8c84fa94-04c1-424b-9868-57a2d4851a1d" />
    <TestEntry testId="ffa07479-56c2-69d1-e3ea-5ebe6e24df90" executionId="bf847b4d-9159-4ff3-87c1-e3d0cd95ee8a" testListId="8c84fa94-04c1-424b-9868-57a2d4851a1d" />
    <TestEntry testId="f7200cf7-17c2-8823-20b9-a1a065fbd29e" executionId="584bbdc0-6674-4162-8016-5c44f8865bc1" testListId="8c84fa94-04c1-424b-9868-57a2d4851a1d" />
    <TestEntry testId="ed3a2640-4a72-6965-fe88-02986b5133fa" executionId="71c07946-c9c0-4e8e-9066-f9a98ec30d0f" testListId="8c84fa94-04c1-424b-9868-57a2d4851a1d" />
    <TestEntry testId="d6ca8df2-3ac4-13ec-4162-cd7de312ad84" executionId="c31a9198-e6c5-45c0-b5af-89b27fc559dd" testListId="8c84fa94-04c1-424b-9868-57a2d4851a1d" />
    <TestEntry testId="f96f8a81-d82b-8a4a-97e3-b2058baefdb1" executionId="522de670-f4c6-40af-a5cd-e03e63fe655b" testListId="8c84fa94-04c1-424b-9868-57a2d4851a1d" />
    <TestEntry testId="25dd2119-1cee-fdbf-0904-4e233bb0f8ca" executionId="a09b6049-edf5-4321-b002-d6a3890427de" testListId="8c84fa94-04c1-424b-9868-57a2d4851a1d" />
    <TestEntry testId="ea98e82d-f216-5591-7a6e-e1e87a6d0cf4" executionId="dc3ffcc7-226c-4fea-b61f-771e39690ece" testListId="8c84fa94-04c1-424b-9868-57a2d4851a1d" />
    <TestEntry testId="9c018593-3cdc-9c7b-5dfe-d598c8fe8c71" executionId="ee6d7acf-3320-449d-b6c1-5db66c78ea4e" testListId="8c84fa94-04c1-424b-9868-57a2d4851a1d" />
    <TestEntry testId="e7f99cc4-6bcc-a310-04e4-20c4bbacaf18" executionId="b4d817cd-bd7d-4d58-b5e7-a2de2de7984c" testListId="8c84fa94-04c1-424b-9868-57a2d4851a1d" />
    <TestEntry testId="92cdebf3-449e-6ce6-77a4-947c50158b0d" executionId="706fc4aa-8c1e-43aa-bd3f-2ee1d783c5c9" testListId="8c84fa94-04c1-424b-9868-57a2d4851a1d" />
    <TestEntry testId="1234cd3d-8e59-9289-e3c5-c96b7df65332" executionId="7d20f88f-4fa7-4f9f-903d-94d281b0204b" testListId="8c84fa94-04c1-424b-9868-57a2d4851a1d" />
    <TestEntry testId="bf7e8037-b9eb-e95b-22de-c880e57a3e9e" executionId="0ad2ced7-5c76-4997-8c7f-33100ae2fc51" testListId="8c84fa94-04c1-424b-9868-57a2d4851a1d" />
    <TestEntry testId="10d0450f-fa39-4063-6933-7e8cb6006019" executionId="31069a39-f6cd-467a-bf49-9f0498da855e" testListId="8c84fa94-04c1-424b-9868-57a2d4851a1d" />
    <TestEntry testId="47e76fbc-12f3-c773-5d80-878b6e3b98bf" executionId="55c64fe5-6b30-4951-aa61-44f066c20c9f" testListId="8c84fa94-04c1-424b-9868-57a2d4851a1d" />
    <TestEntry testId="2bace46a-5156-26f3-b1d5-50e3640c3581" executionId="6672b26f-a149-4e5c-b28b-45b7b0a78570" testListId="8c84fa94-04c1-424b-9868-57a2d4851a1d" />
    <TestEntry testId="a8efd25b-6140-34cd-dd1c-f7d24b8fd959" executionId="ae015a8c-4b7f-400b-959d-e1b5e6ff3e1e" testListId="8c84fa94-04c1-424b-9868-57a2d4851a1d" />
    <TestEntry testId="c9fc080f-5602-a1ea-e61d-e1195198a4f6" executionId="d75dc2d3-ff88-416b-8965-fe99abe9cfcd" testListId="8c84fa94-04c1-424b-9868-57a2d4851a1d" />
    <TestEntry testId="b9fe70ce-60f6-9891-bec1-cc6403d5e017" executionId="2dd59794-3cb8-477d-a4de-3526e40e1e16" testListId="8c84fa94-04c1-424b-9868-57a2d4851a1d" />
    <TestEntry testId="7d7f4519-d626-ad66-0e6d-793be16bcc79" executionId="34be4939-31a8-43c7-b968-f11d6cffa117" testListId="8c84fa94-04c1-424b-9868-57a2d4851a1d" />
    <TestEntry testId="42be3d8e-e6fb-7969-7c06-89c182ee7b90" executionId="6f1882ad-6e0d-4fe6-bb85-d748f69236ab" testListId="8c84fa94-04c1-424b-9868-57a2d4851a1d" />
    <TestEntry testId="c68267d2-6833-d470-302a-d8cb58a0e18e" executionId="83206150-ed3f-4245-8d0d-10118aa3276e" testListId="8c84fa94-04c1-424b-9868-57a2d4851a1d" />
    <TestEntry testId="247fabc7-28ad-54a8-90fc-cea5559df235" executionId="9d6f6a11-8876-4017-9115-2476673b09fc" testListId="8c84fa94-04c1-424b-9868-57a2d4851a1d" />
    <TestEntry testId="d0b9a590-8960-6afa-3cfe-42db9cc86cdd" executionId="d6bbc6a1-2dec-4ec1-972f-88d412ffe91f" testListId="8c84fa94-04c1-424b-9868-57a2d4851a1d" />
    <TestEntry testId="1b2cef08-0a55-b1c7-6565-e4118416529e" executionId="5dc96a6e-4b53-43ed-a000-b4971b70f06e" testListId="8c84fa94-04c1-424b-9868-57a2d4851a1d" />
    <TestEntry testId="375e3dca-fde9-dc67-3d1b-c6fdbadaee73" executionId="cda5eff8-013b-422e-86df-0a8e04a2fc6f" testListId="8c84fa94-04c1-424b-9868-57a2d4851a1d" />
    <TestEntry testId="de090c04-8024-dd5a-b09f-2f133e3bada4" executionId="c411bcc8-8929-4d1d-bf4a-91348173f03e" testListId="8c84fa94-04c1-424b-9868-57a2d4851a1d" />
    <TestEntry testId="9f019916-0649-a2fc-ea01-1ba3f6c179d0" executionId="ba701547-7da2-478d-8988-d1da64c0e2f8" testListId="8c84fa94-04c1-424b-9868-57a2d4851a1d" />
    <TestEntry testId="c65765b5-82e2-b3f2-26b4-62b0e50c3348" executionId="cc321375-345d-44d3-a7b4-2be0ba7f1a6e" testListId="8c84fa94-04c1-424b-9868-57a2d4851a1d" />
    <TestEntry testId="98d9e93a-730a-265a-3084-aa78ffa006e4" executionId="6c369130-a459-414d-9ccd-e2b44ce6ea92" testListId="8c84fa94-04c1-424b-9868-57a2d4851a1d" />
    <TestEntry testId="788a916b-8987-76bb-d724-e799b4ea1163" executionId="7681c9cc-b9ae-4cb2-909d-a194b758518f" testListId="8c84fa94-04c1-424b-9868-57a2d4851a1d" />
    <TestEntry testId="4721a0e9-6def-2aa1-1486-69cc1d16fcf3" executionId="2af3deb3-4245-4352-bbef-f52088d72ba8" testListId="8c84fa94-04c1-424b-9868-57a2d4851a1d" />
    <TestEntry testId="c145f636-fed9-458d-5056-8764e05b7f7b" executionId="06167d78-eb3d-45d4-9cd6-129cb4af9011" testListId="8c84fa94-04c1-424b-9868-57a2d4851a1d" />
    <TestEntry testId="a223f70f-e4bd-f681-ec02-04a084161c6f" executionId="d26d9b58-ed63-4971-9387-a42186926542" testListId="8c84fa94-04c1-424b-9868-57a2d4851a1d" />
    <TestEntry testId="2773ec04-ec35-d277-7a5d-792043e8abbd" executionId="4d790b73-0fd1-4822-a778-7a3070898890" testListId="8c84fa94-04c1-424b-9868-57a2d4851a1d" />
    <TestEntry testId="ad039325-0b11-7ea3-4516-4f081d0ec34c" executionId="02fccfc0-e492-4648-ae25-ae314586f479" testListId="8c84fa94-04c1-424b-9868-57a2d4851a1d" />
    <TestEntry testId="8abf8bb1-13bf-c83d-79e2-643d783cb61d" executionId="57fae02f-58ed-4b30-8d73-87142a445b5c" testListId="8c84fa94-04c1-424b-9868-57a2d4851a1d" />
    <TestEntry testId="314cd252-5aba-8b8a-6b66-888a2fe0e6aa" executionId="adc4fc95-94d2-439d-8ae0-8b53e6efbf7d" testListId="8c84fa94-04c1-424b-9868-57a2d4851a1d" />
    <TestEntry testId="adfbc3a4-8c24-89fb-b525-89ce759d85cb" executionId="b0ec3698-bdd7-4404-8025-5776c6fdb421" testListId="8c84fa94-04c1-424b-9868-57a2d4851a1d" />
    <TestEntry testId="43d0012d-51fd-a1fc-9a4b-0b1327e6bf88" executionId="82a67694-8f72-434a-92c9-1caa77ee2b00" testListId="8c84fa94-04c1-424b-9868-57a2d4851a1d" />
    <TestEntry testId="38ded00f-5889-8c16-efe0-a536cbdaf3b3" executionId="7781a91b-19b4-4104-8aa1-19c37d0eb132" testListId="8c84fa94-04c1-424b-9868-57a2d4851a1d" />
    <TestEntry testId="71d35295-32f3-c06b-7b8c-1f9de332c1f3" executionId="69c69ef8-75e7-491c-b058-2ef52eee5719" testListId="8c84fa94-04c1-424b-9868-57a2d4851a1d" />
    <TestEntry testId="09b9dc0e-b6a1-4f15-b443-533006b3bbc2" executionId="1021731f-6710-42a7-a55a-5f34958f65a7" testListId="8c84fa94-04c1-424b-9868-57a2d4851a1d" />
    <TestEntry testId="daf22257-b01f-48eb-dd27-7fa83b85cef9" executionId="b1f58842-0895-4e05-a9d8-22df334dc0b5" testListId="8c84fa94-04c1-424b-9868-57a2d4851a1d" />
    <TestEntry testId="78a5d3ce-f245-cfaa-9aa4-bfe324439361" executionId="5714948b-59e3-42e9-bea7-dfd28e83a368" testListId="8c84fa94-04c1-424b-9868-57a2d4851a1d" />
    <TestEntry testId="53a7f6da-23da-fc3a-ba6a-0d9c3d502d32" executionId="70937551-25bc-467c-b65e-f5d128513e7f" testListId="8c84fa94-04c1-424b-9868-57a2d4851a1d" />
    <TestEntry testId="6b943a87-faf7-b662-4bc3-1cef7946c338" executionId="4e6863d0-866d-4f8f-b4a7-28c8c1127e3f" testListId="8c84fa94-04c1-424b-9868-57a2d4851a1d" />
    <TestEntry testId="1644f6ee-f96f-2d15-1b84-94778750a4ac" executionId="a5208bb5-95af-4f37-99a3-85d9da91d298" testListId="8c84fa94-04c1-424b-9868-57a2d4851a1d" />
    <TestEntry testId="922849cb-8a4b-a5c1-f270-e61419f95dbb" executionId="9165a01b-1aaa-49c1-8675-ed473dfb4869" testListId="8c84fa94-04c1-424b-9868-57a2d4851a1d" />
    <TestEntry testId="fcd7051e-4142-332e-5649-a83685501ecb" executionId="d62b61d2-2231-4a99-8ee8-1c36b64a16be" testListId="8c84fa94-04c1-424b-9868-57a2d4851a1d" />
    <TestEntry testId="051d0280-be2e-398f-282b-3aee381de8e1" executionId="13332b36-a053-44b6-830f-fc3fc3be0a99" testListId="8c84fa94-04c1-424b-9868-57a2d4851a1d" />
    <TestEntry testId="d53be94b-d1a9-07ef-7bd9-7359cadbb90f" executionId="65218ad5-37ad-4c84-8ca4-09b5815af319" testListId="8c84fa94-04c1-424b-9868-57a2d4851a1d" />
    <TestEntry testId="6614e6cb-9b77-ecb5-9495-84997e7c1496" executionId="e0b613cd-9ed5-42d0-b22e-26a1bbc1d2fc" testListId="8c84fa94-04c1-424b-9868-57a2d4851a1d" />
    <TestEntry testId="475f2711-676e-6f3f-c5e4-e9c66466eaac" executionId="ecd6a83b-7af4-4bb1-bdbb-35dbacec9f17" testListId="8c84fa94-04c1-424b-9868-57a2d4851a1d" />
    <TestEntry testId="b5b608c3-6f3b-6f32-433c-bc42925c4edb" executionId="6cee1809-7779-4d38-9a06-7c1e8c5271c8" testListId="8c84fa94-04c1-424b-9868-57a2d4851a1d" />
    <TestEntry testId="5573afc7-b6c8-0af1-e009-51c0708fbad4" executionId="a981b64b-33d6-4b02-b06d-21d3ced48700" testListId="8c84fa94-04c1-424b-9868-57a2d4851a1d" />
    <TestEntry testId="476bb3fc-0df7-6f23-5af8-3601594a7c58" executionId="ef16c9d1-c56a-41c0-a305-ff3daf6db4e2" testListId="8c84fa94-04c1-424b-9868-57a2d4851a1d" />
    <TestEntry testId="f88eb778-9bea-1184-4a39-047ce4409402" executionId="71120b71-bac6-4623-ab58-97d15284dad3" testListId="8c84fa94-04c1-424b-9868-57a2d4851a1d" />
    <TestEntry testId="1403f23a-42c4-29df-3c47-80d4ae16abf7" executionId="709062dc-ea50-4070-ad33-2d5743f68cf9" testListId="8c84fa94-04c1-424b-9868-57a2d4851a1d" />
    <TestEntry testId="22906423-4b91-33e7-a21a-797b8dcac751" executionId="a03929ba-3aa0-41eb-87fa-75bd1fd80bdc" testListId="8c84fa94-04c1-424b-9868-57a2d4851a1d" />
    <TestEntry testId="f2e686c0-2d79-a015-b531-67dd438ea446" executionId="109d5791-8f5e-4731-8f1a-bcff15268bb4" testListId="8c84fa94-04c1-424b-9868-57a2d4851a1d" />
    <TestEntry testId="bac82071-58fa-ead2-2b91-a45e47859264" executionId="0001f7ae-4998-494f-8b05-f224ba439e31" testListId="8c84fa94-04c1-424b-9868-57a2d4851a1d" />
    <TestEntry testId="50efd4ee-7210-5e1e-4d7a-de63bd4d6377" executionId="7708027b-432d-4228-a98f-796f5bbfbc37" testListId="8c84fa94-04c1-424b-9868-57a2d4851a1d" />
    <TestEntry testId="60123227-df68-7b12-ad49-7395b4f8430b" executionId="39b5a131-991a-460a-b2f2-2a1ee7995051" testListId="8c84fa94-04c1-424b-9868-57a2d4851a1d" />
    <TestEntry testId="05597a5a-1369-543d-3cf4-fae47d64cea2" executionId="d777bf5d-2ce2-4328-b62b-85ef406ca312" testListId="8c84fa94-04c1-424b-9868-57a2d4851a1d" />
    <TestEntry testId="07639e18-a1fc-4a6c-2382-52a9bd5b0753" executionId="47c75bbb-2ce8-4510-b83e-75bde24790cb" testListId="8c84fa94-04c1-424b-9868-57a2d4851a1d" />
    <TestEntry testId="72602933-3f6a-a7b2-d093-5d8e09ae5d95" executionId="f012a000-8798-4ec3-b32f-b53a3bb1efdf" testListId="8c84fa94-04c1-424b-9868-57a2d4851a1d" />
    <TestEntry testId="acbfcb96-f7e7-65b0-c32d-412e74055f49" executionId="baee073a-b8fa-4ca8-a965-4cd017e232e0" testListId="8c84fa94-04c1-424b-9868-57a2d4851a1d" />
    <TestEntry testId="2fc237fe-8655-367b-91c5-2d22d7670839" executionId="a4267d1b-d816-4115-8238-1efdf07ccf8c" testListId="8c84fa94-04c1-424b-9868-57a2d4851a1d" />
    <TestEntry testId="e13a596d-a04e-db4f-cc18-00ed978d3e42" executionId="2933e50c-fc60-491a-848f-01af874f04c0" testListId="8c84fa94-04c1-424b-9868-57a2d4851a1d" />
    <TestEntry testId="ef888554-dff2-326b-5a48-3295f7554b58" executionId="17c5d425-d238-4208-a295-b7519ac889b3" testListId="8c84fa94-04c1-424b-9868-57a2d4851a1d" />
    <TestEntry testId="2a2b9b7d-4ec4-6b11-bd0c-29704eb955e2" executionId="096782d4-9146-4f82-a8e3-f18a14d9763f" testListId="8c84fa94-04c1-424b-9868-57a2d4851a1d" />
    <TestEntry testId="00614c2b-900f-7f4e-8c54-4637b0c0dd5f" executionId="21048f0d-d9ed-4edc-a30d-bf6002fd3471" testListId="8c84fa94-04c1-424b-9868-57a2d4851a1d" />
    <TestEntry testId="dc388e35-2516-0ae9-fd0b-dedb330be21d" executionId="03eed401-4aaa-4fc1-ba6a-be1a4c4b52fd" testListId="8c84fa94-04c1-424b-9868-57a2d4851a1d" />
    <TestEntry testId="cf72cf81-666e-ca1b-47f3-876186b4e8d2" executionId="198e39af-1a4e-46fb-99db-f97d21316a24" testListId="8c84fa94-04c1-424b-9868-57a2d4851a1d" />
    <TestEntry testId="5d8f1366-6ceb-d083-c9e0-74feb71c3036" executionId="e67fb6e8-fcd2-4d30-be41-60e69c7ba0ae" testListId="8c84fa94-04c1-424b-9868-57a2d4851a1d" />
    <TestEntry testId="7f8f60c9-4b08-46e4-a815-fccfff3c2537" executionId="3e92afab-af2d-4dc5-9538-8e6529a97ff2" testListId="8c84fa94-04c1-424b-9868-57a2d4851a1d" />
    <TestEntry testId="6ecaba8d-fa56-4981-a985-5981718960b5" executionId="ef37bbbd-0721-4350-8bf6-9975e1db11de" testListId="8c84fa94-04c1-424b-9868-57a2d4851a1d" />
    <TestEntry testId="55d2f6c7-242f-6dce-26fe-43a69169c5cd" executionId="8b27c7a6-7e8c-4369-997b-d31eea1fb526" testListId="8c84fa94-04c1-424b-9868-57a2d4851a1d" />
    <TestEntry testId="f7b1802a-4563-0b12-0623-5bcb23dc97f4" executionId="17cec423-5230-4d9b-9187-665777b85d93" testListId="8c84fa94-04c1-424b-9868-57a2d4851a1d" />
    <TestEntry testId="e9e0bbc4-2ef1-8803-fc4f-50b40918db67" executionId="7baa474b-561e-4123-9de1-e0e552894078" testListId="8c84fa94-04c1-424b-9868-57a2d4851a1d" />
    <TestEntry testId="52aef40d-20be-e9d1-dae7-145742d9e91f" executionId="fb5f6499-b468-4bbd-aa52-69df339e5adc" testListId="8c84fa94-04c1-424b-9868-57a2d4851a1d" />
    <TestEntry testId="3e29cd19-58dc-49c0-0456-664897087fbd" executionId="564dcca0-b457-48de-95fb-326a81542f24" testListId="8c84fa94-04c1-424b-9868-57a2d4851a1d" />
    <TestEntry testId="d1235aa3-3849-dec3-3287-463fc5b43cbb" executionId="9a351aff-5999-46f2-9141-1a4009e3f1ed" testListId="8c84fa94-04c1-424b-9868-57a2d4851a1d" />
    <TestEntry testId="0351d9d0-3327-df80-c4cf-fd916c7a2614" executionId="573cb809-54cc-451d-a877-e1e7ff5c0c6f" testListId="8c84fa94-04c1-424b-9868-57a2d4851a1d" />
    <TestEntry testId="eb0c3112-4b4d-3f89-9dd7-ff5efd9eff93" executionId="5ea1ae40-9ca2-4dfc-9640-cfe75898c507" testListId="8c84fa94-04c1-424b-9868-57a2d4851a1d" />
    <TestEntry testId="8db386ee-5c11-7c8b-dfe7-56b2b4a09adc" executionId="33f189ab-e1d4-4a7c-ba8c-a853f5501680" testListId="8c84fa94-04c1-424b-9868-57a2d4851a1d" />
    <TestEntry testId="cc2c17ac-6825-992e-14fb-d0eb02fc1082" executionId="c0800fd1-b75d-403b-98dd-8091563f8fc5" testListId="8c84fa94-04c1-424b-9868-57a2d4851a1d" />
    <TestEntry testId="5275e8b3-3b5a-9ebe-fb21-2c5560049f22" executionId="85913030-9c44-4c0c-ae83-bcd638fd3829" testListId="8c84fa94-04c1-424b-9868-57a2d4851a1d" />
    <TestEntry testId="c2100ce7-b261-fab5-eb43-6b3aa92b8130" executionId="94c1c8d0-f4c9-4339-a4cc-b57fe5c2daba" testListId="8c84fa94-04c1-424b-9868-57a2d4851a1d" />
    <TestEntry testId="228c5d98-4266-0716-6255-b57e77961c4b" executionId="ac994adf-4e1d-490f-836a-d691532de45d" testListId="8c84fa94-04c1-424b-9868-57a2d4851a1d" />
    <TestEntry testId="be7a70f2-8da1-a2bd-658e-0012279b4040" executionId="1d37d01d-ab92-45db-abcc-da445377b9f8" testListId="8c84fa94-04c1-424b-9868-57a2d4851a1d" />
    <TestEntry testId="fac56dc6-3972-9951-6d0d-8e1142f6e09d" executionId="a0e92dd1-c62f-4d2f-9d58-70cf42273b90" testListId="8c84fa94-04c1-424b-9868-57a2d4851a1d" />
    <TestEntry testId="cb980453-7d55-b9d9-7d93-f2719690c8d2" executionId="6f35fbd0-892a-49db-9d3b-5da61040e110" testListId="8c84fa94-04c1-424b-9868-57a2d4851a1d" />
    <TestEntry testId="7c07edce-b11f-3d48-e835-f3d0173acbae" executionId="56e9cd7f-3636-4147-bc59-4e9964a54792" testListId="8c84fa94-04c1-424b-9868-57a2d4851a1d" />
    <TestEntry testId="5f42e2c8-9b30-ca56-2cf0-c35b8f37ca14" executionId="a1a2ac44-91e3-44b4-92e3-dc6afa92bc27" testListId="8c84fa94-04c1-424b-9868-57a2d4851a1d" />
    <TestEntry testId="9d740681-1cd0-c3e7-f798-909663e284ed" executionId="759c1e07-8889-4e3e-a13c-8c5bbce0b0e6" testListId="8c84fa94-04c1-424b-9868-57a2d4851a1d" />
    <TestEntry testId="d3beeb34-f909-7537-f434-e33d6741a1a9" executionId="22fc69c7-1092-438d-9eb8-796a54e579dd" testListId="8c84fa94-04c1-424b-9868-57a2d4851a1d" />
    <TestEntry testId="ee1fbbe6-a5f0-3960-0d41-c9bd443d5054" executionId="9027d85b-6fd9-4f73-ba38-83d7a1a4e652" testListId="8c84fa94-04c1-424b-9868-57a2d4851a1d" />
    <TestEntry testId="64990ca3-31ea-a050-64d6-138a917de6ca" executionId="aee1cae7-7710-4172-a62b-ed023821c7fb" testListId="8c84fa94-04c1-424b-9868-57a2d4851a1d" />
    <TestEntry testId="7ea331e8-ab03-9256-684b-a72671d5fab2" executionId="9ba41b2f-a168-48e0-89af-54e268c5f010" testListId="8c84fa94-04c1-424b-9868-57a2d4851a1d" />
    <TestEntry testId="294ef7e6-34f5-27f2-8e98-badbda1ecf1a" executionId="b66df453-7248-4659-8003-728eb1c5cd87" testListId="8c84fa94-04c1-424b-9868-57a2d4851a1d" />
    <TestEntry testId="bb6c0d29-9f79-7be6-4c86-975e3f4c9f7c" executionId="ff2bdf17-504f-4a1b-b62d-5e109eb4aa5c" testListId="8c84fa94-04c1-424b-9868-57a2d4851a1d" />
    <TestEntry testId="e114a3f0-7ff9-283c-0e6c-31f39dc2a17f" executionId="a140c1bc-4246-471d-880c-2161acb22f3e" testListId="8c84fa94-04c1-424b-9868-57a2d4851a1d" />
    <TestEntry testId="981aa8a9-9b9b-d494-7b69-e08e48900904" executionId="1e1e8df7-3db4-4701-9753-ef51e99c8867" testListId="8c84fa94-04c1-424b-9868-57a2d4851a1d" />
    <TestEntry testId="9f3d9b63-c85b-4e91-6d66-32b53c6ecd3f" executionId="e2417134-dc0d-44c7-9aa0-2ebd68cb2023" testListId="8c84fa94-04c1-424b-9868-57a2d4851a1d" />
    <TestEntry testId="786033b0-08eb-d42c-f242-bf5cda23bcda" executionId="912e2f55-5fa1-431a-bcab-11863c39f6bb" testListId="8c84fa94-04c1-424b-9868-57a2d4851a1d" />
    <TestEntry testId="1379fad0-ced4-9420-f4de-07272775a436" executionId="ea03e820-85f3-4989-a9fe-0c98a58416c5" testListId="8c84fa94-04c1-424b-9868-57a2d4851a1d" />
    <TestEntry testId="be45c27d-f27a-5e77-2341-a31e9b03334d" executionId="5aeb9a54-112e-4621-9fcc-3d01588efd6b" testListId="8c84fa94-04c1-424b-9868-57a2d4851a1d" />
    <TestEntry testId="688c7c78-7175-0323-d631-7e6c4da8e93f" executionId="416f0830-eba3-4637-8769-c6167358572b" testListId="8c84fa94-04c1-424b-9868-57a2d4851a1d" />
    <TestEntry testId="6d7650f4-973a-fafd-5d4b-09f296ef2ed0" executionId="30e51c21-de44-48d3-94e2-57ccd71f1dc0" testListId="8c84fa94-04c1-424b-9868-57a2d4851a1d" />
    <TestEntry testId="f037b953-11d5-0a4f-0494-bb387f69baf2" executionId="86d99d27-ec84-4eb9-b139-2bf91227d52f" testListId="8c84fa94-04c1-424b-9868-57a2d4851a1d" />
    <TestEntry testId="d03067b8-44ab-05ac-e653-136e27c562c8" executionId="7d7674c2-5ad8-48fd-9bb2-11f0935a662c" testListId="8c84fa94-04c1-424b-9868-57a2d4851a1d" />
    <TestEntry testId="a4fb1c47-03bb-fc59-7594-749503bcfcf3" executionId="1c5df622-ae4e-44c0-bfdf-cb7235939283" testListId="8c84fa94-04c1-424b-9868-57a2d4851a1d" />
    <TestEntry testId="efe84732-e7a0-a700-46d1-85ff32187409" executionId="3a21daa0-67e7-4c38-9fd4-6afcca076a11" testListId="8c84fa94-04c1-424b-9868-57a2d4851a1d" />
    <TestEntry testId="703bd765-5ba4-7a05-d256-3ade8cede181" executionId="f0571ec2-4c14-4749-8882-371c14da85ea" testListId="8c84fa94-04c1-424b-9868-57a2d4851a1d" />
    <TestEntry testId="28726830-9487-eaeb-43fc-0a4c2ca6251a" executionId="6e2f2f32-ea0f-492e-b3bf-891a6c33ebbe" testListId="8c84fa94-04c1-424b-9868-57a2d4851a1d" />
    <TestEntry testId="fe3c4fad-c3c1-e3c5-a47e-1ec0cb83888d" executionId="eceaa1fd-96b8-4a09-9717-f2ea69f5e081" testListId="8c84fa94-04c1-424b-9868-57a2d4851a1d" />
    <TestEntry testId="0eb59fae-c028-a436-62be-498c033939ac" executionId="6ddd23e7-a549-4ed8-aeb6-7e158f3a34bd" testListId="8c84fa94-04c1-424b-9868-57a2d4851a1d" />
    <TestEntry testId="3c3ed840-30f2-b38d-39b9-b93cf68c951a" executionId="4432241a-fe1e-4967-bb92-bad911998634" testListId="8c84fa94-04c1-424b-9868-57a2d4851a1d" />
    <TestEntry testId="fa6818b5-b1ab-b724-ae49-55e3c66d5cdc" executionId="d1527624-3249-479d-8a89-5948a53e8fb6" testListId="8c84fa94-04c1-424b-9868-57a2d4851a1d" />
    <TestEntry testId="2e3c4daa-ef50-f860-5db3-805efed59c5d" executionId="2b921419-7dc3-44ed-8c8f-12e648d58569" testListId="8c84fa94-04c1-424b-9868-57a2d4851a1d" />
    <TestEntry testId="c4c2724f-c6dd-3f4e-3737-c5288577a6b7" executionId="66f188a9-9a52-4e9d-b467-7b26c502a94a" testListId="8c84fa94-04c1-424b-9868-57a2d4851a1d" />
    <TestEntry testId="2b85956d-a508-39c4-47da-5c6bec5be288" executionId="787e3661-8222-4d40-8893-a6746e8fb0e6" testListId="8c84fa94-04c1-424b-9868-57a2d4851a1d" />
    <TestEntry testId="e97d8949-3e87-3ef3-55af-8928e7dd3ea5" executionId="293b8017-7b31-4d26-a5dd-f84bf53cfffb" testListId="8c84fa94-04c1-424b-9868-57a2d4851a1d" />
    <TestEntry testId="cb2ed069-7082-7588-5e28-6cfdae580736" executionId="df4c8015-390d-4262-8c7f-915434de7c40" testListId="8c84fa94-04c1-424b-9868-57a2d4851a1d" />
    <TestEntry testId="02aec12b-662e-fc1c-194f-d3778a62ca1a" executionId="f9b07886-e53f-4bfe-a6e1-2f9971f64905" testListId="8c84fa94-04c1-424b-9868-57a2d4851a1d" />
    <TestEntry testId="ee840b74-9ad5-87eb-ca42-f1c2a23d13f4" executionId="033fcb0a-123c-4af5-9ef3-a98f46135884" testListId="8c84fa94-04c1-424b-9868-57a2d4851a1d" />
    <TestEntry testId="8f10b8b6-6cb4-3ed6-6982-9f67017fdbd6" executionId="4161eed5-bd36-461b-a96f-ca01e2f35801" testListId="8c84fa94-04c1-424b-9868-57a2d4851a1d" />
    <TestEntry testId="1914c66b-b034-bcd1-1c0b-205e9e7d30c6" executionId="4b8286fb-7e4e-4e16-934e-828589052ce7" testListId="8c84fa94-04c1-424b-9868-57a2d4851a1d" />
    <TestEntry testId="22ff85c1-cdb8-44bb-7394-9c9d7568fbc8" executionId="2fd104d6-6843-416d-959a-13ae68e2a6af" testListId="8c84fa94-04c1-424b-9868-57a2d4851a1d" />
    <TestEntry testId="4e8217d0-0eb1-3bb5-a229-f59542fa5d1d" executionId="6ca8404e-1801-45bc-9fef-598f3c3e7bbf" testListId="8c84fa94-04c1-424b-9868-57a2d4851a1d" />
    <TestEntry testId="c48ae148-0ba6-4280-c833-f26892cba006" executionId="4784e853-5fcd-4cec-8c1c-246e45b8c345" testListId="8c84fa94-04c1-424b-9868-57a2d4851a1d" />
    <TestEntry testId="86650feb-e18e-8412-645c-ecd01ac84a85" executionId="4f43e6f3-cff9-4235-aef9-ea968695f4f5" testListId="8c84fa94-04c1-424b-9868-57a2d4851a1d" />
    <TestEntry testId="b0e8f779-33ae-e8f6-468e-f14809498c24" executionId="fbc4dc8d-c614-4031-8380-bbd5d8b5a453" testListId="8c84fa94-04c1-424b-9868-57a2d4851a1d" />
    <TestEntry testId="76d7d570-b439-073c-b643-5aecdf21fac3" executionId="9674c4f4-8500-4526-a70e-d1b7e07a7822" testListId="8c84fa94-04c1-424b-9868-57a2d4851a1d" />
    <TestEntry testId="465009b0-7990-f5f5-8715-4dac05fe5d7c" executionId="efe6a037-c8f4-4ec1-a239-cf2884ae6f63" testListId="8c84fa94-04c1-424b-9868-57a2d4851a1d" />
    <TestEntry testId="5d68064d-daaa-d760-bd53-63fc1525aafd" executionId="7474ea00-d152-4dcc-b878-f54856d8f02c" testListId="8c84fa94-04c1-424b-9868-57a2d4851a1d" />
    <TestEntry testId="3bda99d9-d6fb-86a0-4ad9-f1e9b76c5d29" executionId="4d636e20-21ef-4285-8297-c8d751115b93" testListId="8c84fa94-04c1-424b-9868-57a2d4851a1d" />
    <TestEntry testId="9e3ceb6c-8d24-d68b-6ab6-fe5ba58ec338" executionId="b051ab79-29f1-46f9-a154-910c5777e245" testListId="8c84fa94-04c1-424b-9868-57a2d4851a1d" />
    <TestEntry testId="df24f017-93fe-679e-1e12-21134f34c5f7" executionId="a06cc428-ac32-4606-a790-58cbbdfaf45d" testListId="8c84fa94-04c1-424b-9868-57a2d4851a1d" />
    <TestEntry testId="e19b5edd-e4ed-24a1-b1b2-53add198b56d" executionId="fc83f959-4b3a-4d40-b5cf-ebf223c1eddb" testListId="8c84fa94-04c1-424b-9868-57a2d4851a1d" />
    <TestEntry testId="f4e37fc4-f7af-1ec1-4fde-72c121206c68" executionId="ffc8ab90-83de-45fe-8006-b03c30083a28" testListId="8c84fa94-04c1-424b-9868-57a2d4851a1d" />
    <TestEntry testId="af05e9a1-9316-366e-63f2-e29bcf1c7609" executionId="c007a35b-e2d3-4256-819c-ca0b8e84939e" testListId="8c84fa94-04c1-424b-9868-57a2d4851a1d" />
    <TestEntry testId="2fe0e175-7ad7-c379-3621-15aa7276b652" executionId="16c281a1-74bd-4075-8353-640ff63d12be" testListId="8c84fa94-04c1-424b-9868-57a2d4851a1d" />
    <TestEntry testId="eedfab86-2b0e-136c-8a31-9f5fa7c6f26b" executionId="f031e36f-983d-4605-bc4b-da63c1748adf" testListId="8c84fa94-04c1-424b-9868-57a2d4851a1d" />
    <TestEntry testId="c04c9819-19fd-c3d7-dc90-5906f12af004" executionId="cfcf52fb-9845-4f3b-b310-c1bc5884bb83" testListId="8c84fa94-04c1-424b-9868-57a2d4851a1d" />
    <TestEntry testId="d09ebefd-71c7-a5b2-12f4-ddf49814ce4d" executionId="e4e703b4-d5a5-4162-9f41-7ac520743095" testListId="8c84fa94-04c1-424b-9868-57a2d4851a1d" />
    <TestEntry testId="b227262e-c600-8644-1c38-986583219d19" executionId="ea5c955f-96a8-4b2f-b7d8-5a083e221f12" testListId="8c84fa94-04c1-424b-9868-57a2d4851a1d" />
    <TestEntry testId="861008ba-750b-057e-4c9b-d8656f40c16a" executionId="22348574-1f8b-4556-8411-5b2985c1113a" testListId="8c84fa94-04c1-424b-9868-57a2d4851a1d" />
    <TestEntry testId="578c0ac1-f743-d0d3-8855-fd920bfea2e6" executionId="d2c7a10b-313e-4654-804b-3af64cba75dd" testListId="8c84fa94-04c1-424b-9868-57a2d4851a1d" />
    <TestEntry testId="bc616ca3-b13c-b651-fdaa-0c8d8ef67a65" executionId="b549e505-d62e-4251-85dc-548c4645b144" testListId="8c84fa94-04c1-424b-9868-57a2d4851a1d" />
    <TestEntry testId="3384d366-7408-7a95-583e-7a9243577073" executionId="d45a415f-9230-4ba3-850d-b9aa064e97f9" testListId="8c84fa94-04c1-424b-9868-57a2d4851a1d" />
    <TestEntry testId="e8290e8f-880d-4d45-572a-af346cdc9729" executionId="50fa9d8a-906d-4405-ba3a-30ee8772a42c" testListId="8c84fa94-04c1-424b-9868-57a2d4851a1d" />
    <TestEntry testId="260fef9d-c332-cb08-542c-1362647c8eb6" executionId="cc524146-2490-4108-9d27-e2ccb8eced5f" testListId="8c84fa94-04c1-424b-9868-57a2d4851a1d" />
    <TestEntry testId="5bf81900-ceed-0d83-e3da-d2225f7e2b91" executionId="8b3e4598-6860-4b46-b1e6-34022ae28bf8" testListId="8c84fa94-04c1-424b-9868-57a2d4851a1d" />
    <TestEntry testId="64e51264-8e74-1843-3a75-b8b522a8f09a" executionId="dc10285f-cfca-4213-aafa-237b98dd3847" testListId="8c84fa94-04c1-424b-9868-57a2d4851a1d" />
    <TestEntry testId="5c04b272-592b-e6b5-e6a3-3f9cbcdba0bb" executionId="a534b727-156f-482f-a456-2aea83dfd6ad" testListId="8c84fa94-04c1-424b-9868-57a2d4851a1d" />
    <TestEntry testId="71609bd1-7af0-2663-6300-c74a1dcc6065" executionId="c596bacc-62e6-4ad7-9db4-b5fc345a9f28" testListId="8c84fa94-04c1-424b-9868-57a2d4851a1d" />
    <TestEntry testId="279019a0-ecd4-141c-7fce-76fe3165d451" executionId="8561decf-7109-4cef-a7a1-2b8be988621d" testListId="8c84fa94-04c1-424b-9868-57a2d4851a1d" />
    <TestEntry testId="586a15e9-8f85-9924-c889-902d60b1036a" executionId="5f6e1578-18ac-4fba-851a-bb4175cfaa4d" testListId="8c84fa94-04c1-424b-9868-57a2d4851a1d" />
    <TestEntry testId="85a2c9e8-85a3-0c22-daeb-75c31cea390f" executionId="7126eeae-4e9a-456d-b579-d042f3d478db" testListId="8c84fa94-04c1-424b-9868-57a2d4851a1d" />
    <TestEntry testId="2c42ad7b-9488-6b10-287a-d04dca9b08a7" executionId="9e1e587a-6aa7-4c84-9990-8937b641f8ac" testListId="8c84fa94-04c1-424b-9868-57a2d4851a1d" />
    <TestEntry testId="f198f86c-cbda-5eee-742e-aad05061fbc3" executionId="bebc7818-809e-4bdc-8edb-c4a36420b83c" testListId="8c84fa94-04c1-424b-9868-57a2d4851a1d" />
    <TestEntry testId="7cae383a-f0eb-2db2-ef14-379339bdf815" executionId="56b59cc3-b433-4c1f-8901-698e6703936d" testListId="8c84fa94-04c1-424b-9868-57a2d4851a1d" />
    <TestEntry testId="f89fb551-2062-556e-f76f-e6dc7e3e2176" executionId="8b1ea0e3-f8d8-4f34-854d-b8e92eb554b5" testListId="8c84fa94-04c1-424b-9868-57a2d4851a1d" />
    <TestEntry testId="f0ee84db-70b2-ab79-adf2-565974bd6fde" executionId="89baf3d5-264b-4d04-9f7b-c10ace9aafa3" testListId="8c84fa94-04c1-424b-9868-57a2d4851a1d" />
    <TestEntry testId="93a22788-41c4-6bc5-6594-5977dd4eee9c" executionId="451888ba-db52-4fba-8312-048aab7d6085" testListId="8c84fa94-04c1-424b-9868-57a2d4851a1d" />
    <TestEntry testId="a89f625d-def0-cb62-e64e-162da4e2cb91" executionId="60eca660-8b78-426e-b117-8d8fc6c309b8" testListId="8c84fa94-04c1-424b-9868-57a2d4851a1d" />
    <TestEntry testId="f347d628-ce49-0561-5311-e824befb397f" executionId="0fece5ac-c212-476b-95f6-e88639b18ed2" testListId="8c84fa94-04c1-424b-9868-57a2d4851a1d" />
    <TestEntry testId="52018b09-e82b-a347-1b76-85d0170b2341" executionId="eec8ccbf-78e7-43ea-95d7-3789a528ff56" testListId="8c84fa94-04c1-424b-9868-57a2d4851a1d" />
    <TestEntry testId="09840a9b-8dd6-34ee-6ef0-5434187f9bd4" executionId="7b5a5881-596e-4aa8-8645-e8e0dee0d012" testListId="8c84fa94-04c1-424b-9868-57a2d4851a1d" />
  </TestEntries>
  <TestLists>
    <TestList name="Results Not in a List" id="8c84fa94-04c1-424b-9868-57a2d4851a1d" />
    <TestList name="All Loaded Results" id="19431567-8539-422a-85d7-44ee4e166bda" />
  </TestLists>
  <ResultSummary outcome="Failed">
    <Counters total="839" executed="836" passed="833" failed="3" error="0" timeout="0" aborted="0" inconclusive="0" passedButRunAborted="0" notRunnable="0" notExecuted="0" disconnected="0" warning="0" completed="0" inProgress="0" pending="0" />
    <Output>
      <StdOut>[xUnit.net 00:00:00.00] xUnit.net VSTest Adapter v2.4.1 (32-bit Desktop .NET 4.0.30319.42000)&#xD;
[xUnit.net 00:00:05.90]   Discovering: System.CommandLine.Tests&#xD;
[xUnit.net 00:00:06.31]   Discovered:  System.CommandLine.Tests&#xD;
[xUnit.net 00:00:06.31]   Starting:    System.CommandLine.Tests&#xD;
[xUnit.net 00:00:06.44]       This test requires Linux to run&#xD;
Test 'System.CommandLine.Tests.Invocation.CancelOnProcessTerminationTests.CancelOnProcessTermination_cancels_on_process_termination' was skipped in the test run.&#xD;
[xUnit.net 00:00:07.14]       work in progress&#xD;
Test 'System.CommandLine.Tests.CompletionTests.It_can_provide_completions_within_quotes' was skipped in the test run.&#xD;
[xUnit.net 00:00:07.17]       Needs discussion, Issue #19&#xD;
Test 'System.CommandLine.Tests.CompletionTests.Option_GetCompletions_are_not_provided_without_matching_prefix' was skipped in the test run.&#xD;
[xUnit.net 00:00:07.50]       System.FormatException : Index (zero based) must be greater than or equal to zero and less than the size of the argument list.&#xD;
[xUnit.net 00:00:07.50]       Stack Trace:&#xD;
[xUnit.net 00:00:07.50]            at System.Text.StringBuilder.AppendFormatHelper(IFormatProvider provider, String format, ParamsArray args)&#xD;
[xUnit.net 00:00:07.50]            at System.String.FormatHelper(IFormatProvider provider, String format, ParamsArray args)&#xD;
[xUnit.net 00:00:07.50]            at System.String.Format(String format, Object[] args)&#xD;
[xUnit.net 00:00:07.50]            at FluentAssertions.Execution.MessageBuilder.FormatArgumentPlaceholders(String failureMessage, Object[] failureArgs)&#xD;
[xUnit.net 00:00:07.50]            at FluentAssertions.Execution.MessageBuilder.Build(String message, Object[] messageArgs, String reason, ContextDataItems contextData, String identifier, String fallbackIdentifier)&#xD;
[xUnit.net 00:00:07.50]            at FluentAssertions.Execution.AssertionScope.&lt;&gt;c__DisplayClass29_0.&lt;FailWith&gt;b__0()&#xD;
[xUnit.net 00:00:07.50]            at FluentAssertions.Execution.AssertionScope.FailWith(Func`1 failReasonFunc)&#xD;
[xUnit.net 00:00:07.50]            at FluentAssertions.Execution.AssertionScope.FailWith(Func`1 failReasonFunc)&#xD;
[xUnit.net 00:00:07.50]            at FluentAssertions.Execution.AssertionScope.FailWith(String message, Object[] args)&#xD;
[xUnit.net 00:00:07.50]            at FluentAssertions.Collections.SelfReferencingCollectionAssertions`2.ContainSingle(Expression`1 predicate, String because, Object[] becauseArgs)&#xD;
[xUnit.net 00:00:07.50]         ParserTests.RootCommandAndArg0.cs(45,0): at System.CommandLine.Tests.ParserTests.RootCommandAndArg0.When_parsing_a_string_array_input_then_a_full_path_to_an_executable_is_not_matched_by_the_root_command()&#xD;
[xUnit.net 00:00:07.65]       Expected subject to be a collection with 3 item(s), but {System.Int32, System.Int32}"&#xD;
[xUnit.net 00:00:07.65]       "contains 1 item(s) less than"&#xD;
[xUnit.net 00:00:07.65]       "{System.Int32, System.Int32, System.Int32}.&#xD;
[xUnit.net 00:00:07.65]       
With configuration:
- Use declared types and members&#xD;
[xUnit.net 00:00:07.65]       - Compare enums by value&#xD;
[xUnit.net 00:00:07.65]       - Include all non-private properties&#xD;
[xUnit.net 00:00:07.65]       - Include all non-private fields&#xD;
[xUnit.net 00:00:07.65]       - Match member by name (or throw)&#xD;
[xUnit.net 00:00:07.65]       - Without automatic conversion.&#xD;
[xUnit.net 00:00:07.65]       - Without automatic conversion.&#xD;
[xUnit.net 00:00:07.65]       - Be strict about the order of items in byte arrays&#xD;
[xUnit.net 00:00:07.65]       &#xD;
[xUnit.net 00:00:07.65]       Stack Trace:&#xD;
[xUnit.net 00:00:07.65]            at FluentAssertions.Execution.XUnit2TestFramework.Throw(String message)&#xD;
[xUnit.net 00:00:07.65]            at FluentAssertions.Execution.TestFrameworkProvider.Throw(String message)&#xD;
[xUnit.net 00:00:07.65]            at FluentAssertions.Execution.CollectingAssertionStrategy.ThrowIfAny(IDictionary`2 context)&#xD;
[xUnit.net 00:00:07.65]            at FluentAssertions.Execution.AssertionScope.Dispose()&#xD;
[xUnit.net 00:00:07.65]            at FluentAssertions.Equivalency.EquivalencyValidator.AssertEquality(EquivalencyValidationContext context)&#xD;
[xUnit.net 00:00:07.65]            at FluentAssertions.Collections.CollectionAssertions`2.BeEquivalentTo[TExpectation](IEnumerable`1 expectation, Func`2 config, String because, Object[] becauseArgs)&#xD;
[xUnit.net 00:00:07.65]            at FluentAssertions.Collections.CollectionAssertions`2.BeEquivalentTo[TExpectation](IEnumerable`1 expectation, String because, Object[] becauseArgs)&#xD;
[xUnit.net 00:00:07.65]         Utility\AssertionExtensions.cs(19,0): at System.CommandLine.Tests.Utility.AssertionExtensions.BeEquivalentSequenceTo[T](GenericCollectionAssertions`1 assertions, Object[] expectedValues)&#xD;
[xUnit.net 00:00:07.65]         ArgumentTests.cs(719,0): at System.CommandLine.Tests.ArgumentTests.CustomParsing.issue_1759()&#xD;
[xUnit.net 00:00:07.65]       Expected string to be &#xD;
[xUnit.net 00:00:07.65]       "C:\Program Files\dotnet\sdk\6.0.400-preview.22301.10\Extensions\..//TestHost\testhost.net462.x86.exe" with a length of 100, but &#xD;
[xUnit.net 00:00:07.65]       "testhost.net462.x86" has a length of 19, differs near "tes" (index 0).&#xD;
[xUnit.net 00:00:07.65]       Stack Trace:&#xD;
[xUnit.net 00:00:07.65]            at FluentAssertions.Execution.XUnit2TestFramework.Throw(String message)&#xD;
[xUnit.net 00:00:07.65]            at FluentAssertions.Execution.TestFrameworkProvider.Throw(String message)&#xD;
[xUnit.net 00:00:07.65]            at FluentAssertions.Execution.DefaultAssertionStrategy.HandleFailure(String message)&#xD;
[xUnit.net 00:00:07.65]            at FluentAssertions.Execution.AssertionScope.FailWith(Func`1 failReasonFunc)&#xD;
[xUnit.net 00:00:07.65]            at FluentAssertions.Execution.AssertionScope.FailWith(Func`1 failReasonFunc)&#xD;
[xUnit.net 00:00:07.65]            at FluentAssertions.Primitives.StringEqualityValidator.ValidateAgainstLengthDifferences()&#xD;
[xUnit.net 00:00:07.65]            at FluentAssertions.Primitives.StringValidator.Validate()&#xD;
[xUnit.net 00:00:07.65]            at FluentAssertions.Primitives.StringAssertions.Be(String expected, String because, Object[] becauseArgs)&#xD;
[xUnit.net 00:00:07.65]         ParserTests.RootCommandAndArg0.cs(81,0): at System.CommandLine.Tests.ParserTests.RootCommandAndArg0.When_parsing_an_unsplit_string_then_input_a_full_path_to_an_executable_is_matched_by_the_root_command()&#xD;
[xUnit.net 00:00:07.83]   Finished:    System.CommandLine.Tests&#xD;
</StdOut>
    </Output>
    <RunInfos>
      <RunInfo computerName="JOSEQU10" outcome="Warning" timestamp="2022-06-13T12:30:01.4558358-07:00">
        <Text>[xUnit.net 00:00:06.44]     System.CommandLine.Tests.Invocation.CancelOnProcessTerminationTests.CancelOnProcessTermination_cancels_on_process_termination [SKIP]</Text>
      </RunInfo>
      <RunInfo computerName="JOSEQU10" outcome="Warning" timestamp="2022-06-13T12:30:02.1461851-07:00">
        <Text>[xUnit.net 00:00:07.14]     System.CommandLine.Tests.CompletionTests.It_can_provide_completions_within_quotes [SKIP]</Text>
      </RunInfo>
      <RunInfo computerName="JOSEQU10" outcome="Warning" timestamp="2022-06-13T12:30:02.1759577-07:00">
        <Text>[xUnit.net 00:00:07.17]     System.CommandLine.Tests.CompletionTests.Option_GetCompletions_are_not_provided_without_matching_prefix [SKIP]</Text>
      </RunInfo>
      <RunInfo computerName="JOSEQU10" outcome="Error" timestamp="2022-06-13T12:30:02.5047411-07:00">
        <Text>[xUnit.net 00:00:07.50]     System.CommandLine.Tests.ParserTests+RootCommandAndArg0.When_parsing_a_string_array_input_then_a_full_path_to_an_executable_is_not_matched_by_the_root_command [FAIL]</Text>
      </RunInfo>
      <RunInfo computerName="JOSEQU10" outcome="Error" timestamp="2022-06-13T12:30:02.6569319-07:00">
        <Text>[xUnit.net 00:00:07.65]     System.CommandLine.Tests.ArgumentTests+CustomParsing.issue_1759 [FAIL]</Text>
      </RunInfo>
      <RunInfo computerName="JOSEQU10" outcome="Error" timestamp="2022-06-13T12:30:02.6584999-07:00">
        <Text>[xUnit.net 00:00:07.65]     System.CommandLine.Tests.ParserTests+RootCommandAndArg0.When_parsing_an_unsplit_string_then_input_a_full_path_to_an_executable_is_matched_by_the_root_command [FAIL]</Text>
      </RunInfo>
    </RunInfos>
  </ResultSummary>
</TestRun>